I 03-17 21:17:35 controller.py:59] DAG:
I 03-17 21:17:35 controller.py:59] [Task<name=compute-text-vectors>(run='# Initialize and dow...')
I 03-17 21:17:35 controller.py:59]   resources: {AWS(cpus=4, {'L4': 1}), AWS([Spot], cpus=4, {'L4': 1})}]
I 03-17 21:17:35 controller.py:195] Submitted managed job 109 (task: 0, name: 'compute-text-vectors'); SKYPILOT_TASK_ID: sky-managed-2025-03-17-21-17-35-446536_compute-text-vectors_109-0
I 03-17 21:17:35 controller.py:199] Started monitoring.
I 03-17 21:17:35 state.py:451] Launching the spot cluster...
I 03-17 21:17:35 storage.py:1058] Storage type StoreType.S3 already exists.
<sky-payload>"<rich_init>[bold cyan]Optimizing[/]</rich_init>"</sky-payload>
<sky-payload>"<rich_update>[bold cyan]Optimizing[/]</rich_update>"</sky-payload>
<sky-payload>"<rich_start>[bold cyan]Optimizing[/]</rich_start>"</sky-payload>
I 03-17 21:17:36 optimizer.py:736] [1mTarget:[0m minimizing cost
I 03-17 21:17:36 optimizer.py:749] [1mEstimated cost: [0m$0.2 / hour
I 03-17 21:17:36 optimizer.py:749] 
I 03-17 21:17:36 optimizer.py:884] Considered resources (1 node):
I 03-17 21:17:36 optimizer.py:952] ----------------------------------------------------------------------------------------------
I 03-17 21:17:36 optimizer.py:952]  CLOUD   INSTANCE          vCPUs   Mem(GB)   ACCELERATORS   REGION/ZONE   COST ($)   CHOSEN   
I 03-17 21:17:36 optimizer.py:952] ----------------------------------------------------------------------------------------------
I 03-17 21:17:36 optimizer.py:952]  AWS     g6.xlarge[Spot]   4       16        L4:1           ap-south-1b   0.22       [32m   ✔[0m     
I 03-17 21:17:36 optimizer.py:952]  AWS     g6.xlarge         4       16        L4:1           us-east-1     0.80                
I 03-17 21:17:36 optimizer.py:952] ----------------------------------------------------------------------------------------------
<sky-payload>"<rich_exit></rich_exit>"</sky-payload>
<sky-payload>"<rich_init>[bold cyan]Launching[/]</rich_init>"</sky-payload>
<sky-payload>"<rich_update>[bold cyan]Launching[/]</rich_update>"</sky-payload>
<sky-payload>"<rich_start>[bold cyan]Launching[/]</rich_start>"</sky-payload>
<sky-payload>"<rich_update>[bold cyan]Launching[/]  \u001b[2mView logs: sky api logs -l sky-2025-03-17-21-17-36-231740/provision.log\u001b[0m</rich_update>"</sky-payload>
<sky-payload>"<rich_update>[bold cyan]Launching[/]  \u001b[2mView logs: sky api logs -l sky-2025-03-17-21-17-36-231740/provision.log\u001b[0m</rich_update>"</sky-payload>
I 03-17 21:17:37 cloud_vm_ray_backend.py:1520] [0m⚙︎ Launching on AWS ap-south-1[0m (ap-south-1b).
W 03-17 21:27:11 cloud_vm_ray_backend.py:2061] sky.exceptions.ResourcesUnavailableError: Failed to acquire resources in ap-south-1b for {AWS(cpus=4, {'L4': 1}), AWS([Spot], cpus=4, {'L4': 1})}. 
W 03-17 21:27:11 cloud_vm_ray_backend.py:2097] 
W 03-17 21:27:11 cloud_vm_ray_backend.py:2097] [0m[33m↺[0m Trying other potential resources.
<sky-payload>"<rich_update>[bold cyan]Looking for resources[/]  \u001b[2mView logs: sky api logs -l sky-2025-03-17-21-17-36-231740/provision.log\u001b[0m</rich_update>"</sky-payload>
<sky-payload>"<rich_update>[bold cyan]Optimizing[/]</rich_update>"</sky-payload>
<sky-payload>"<rich_start>[bold cyan]Launching[/]</rich_start>"</sky-payload>
I 03-17 21:27:11 optimizer.py:736] [1mTarget:[0m minimizing cost
I 03-17 21:27:11 optimizer.py:749] [1mEstimated cost: [0m$0.2 / hour
I 03-17 21:27:11 optimizer.py:749] 
I 03-17 21:27:11 optimizer.py:884] Considered resources (1 node):
I 03-17 21:27:11 optimizer.py:952] ----------------------------------------------------------------------------------------------
I 03-17 21:27:11 optimizer.py:952]  CLOUD   INSTANCE          vCPUs   Mem(GB)   ACCELERATORS   REGION/ZONE   COST ($)   CHOSEN   
I 03-17 21:27:11 optimizer.py:952] ----------------------------------------------------------------------------------------------
I 03-17 21:27:11 optimizer.py:952]  AWS     g6.xlarge[Spot]   4       16        L4:1           ap-south-1a   0.25       [32m   ✔[0m     
I 03-17 21:27:11 optimizer.py:952]  AWS     g6.xlarge         4       16        L4:1           us-east-1     0.80                
I 03-17 21:27:11 optimizer.py:952] ----------------------------------------------------------------------------------------------
<sky-payload>"<rich_update>[bold cyan]Looking for resources[/]  \u001b[2mView logs: sky api logs -l sky-2025-03-17-21-17-36-231740/provision.log\u001b[0m</rich_update>"</sky-payload>
<sky-payload>"<rich_update>[bold cyan]Launching[/]  \u001b[2mView logs: sky api logs -l sky-2025-03-17-21-17-36-231740/provision.log\u001b[0m</rich_update>"</sky-payload>
I 03-17 21:27:12 cloud_vm_ray_backend.py:1520] [0m⚙︎ Launching on AWS ap-south-1[0m (ap-south-1a).
W 03-17 21:35:42 cloud_vm_ray_backend.py:2061] sky.exceptions.ResourcesUnavailableError: Failed to acquire resources in ap-south-1a for {AWS(cpus=4, {'L4': 1}), AWS([Spot], cpus=4, {'L4': 1})}. 
W 03-17 21:35:42 cloud_vm_ray_backend.py:2097] 
W 03-17 21:35:42 cloud_vm_ray_backend.py:2097] [0m[33m↺[0m Trying other potential resources.
<sky-payload>"<rich_update>[bold cyan]Looking for resources[/]  \u001b[2mView logs: sky api logs -l sky-2025-03-17-21-17-36-231740/provision.log\u001b[0m</rich_update>"</sky-payload>
<sky-payload>"<rich_update>[bold cyan]Optimizing[/]</rich_update>"</sky-payload>
<sky-payload>"<rich_start>[bold cyan]Launching[/]</rich_start>"</sky-payload>
I 03-17 21:35:43 optimizer.py:736] [1mTarget:[0m minimizing cost
I 03-17 21:35:43 optimizer.py:749] [1mEstimated cost: [0m$0.3 / hour
I 03-17 21:35:43 optimizer.py:749] 
I 03-17 21:35:43 optimizer.py:884] Considered resources (1 node):
I 03-17 21:35:43 optimizer.py:952] --------------------------------------------------------------------------------------------------
I 03-17 21:35:43 optimizer.py:952]  CLOUD   INSTANCE          vCPUs   Mem(GB)   ACCELERATORS   REGION/ZONE       COST ($)   CHOSEN   
I 03-17 21:35:43 optimizer.py:952] --------------------------------------------------------------------------------------------------
I 03-17 21:35:43 optimizer.py:952]  AWS     g6.xlarge[Spot]   4       16        L4:1           ap-northeast-2d   0.25       [32m   ✔[0m     
I 03-17 21:35:43 optimizer.py:952]  AWS     g6.xlarge         4       16        L4:1           us-east-1         0.80                
I 03-17 21:35:43 optimizer.py:952] --------------------------------------------------------------------------------------------------
<sky-payload>"<rich_update>[bold cyan]Looking for resources[/]  \u001b[2mView logs: sky api logs -l sky-2025-03-17-21-17-36-231740/provision.log\u001b[0m</rich_update>"</sky-payload>
<sky-payload>"<rich_update>[bold cyan]Launching[/]  \u001b[2mView logs: sky api logs -l sky-2025-03-17-21-17-36-231740/provision.log\u001b[0m</rich_update>"</sky-payload>
I 03-17 21:35:43 cloud_vm_ray_backend.py:1520] [0m⚙︎ Launching on AWS ap-northeast-2[0m (ap-northeast-2d).
[2mW 03-17 21:44:38 instance.py:243] create_instances: Attempt failed with An error occurred (InsufficientInstanceCapacity) when calling the RunInstances operation (reached max retries: 0): We currently do not have sufficient g6.xlarge capacity in the Availability Zone you requested (ap-northeast-2d). Our system will be working on provisioning additional capacity. You can currently get g6.xlarge capacity by not specifying an Availability Zone in your request or choosing ap-northeast-2a.[0m
W 03-17 21:44:39 cloud_vm_ray_backend.py:2061] sky.exceptions.ResourcesUnavailableError: Failed to acquire resources in ap-northeast-2d for {AWS(cpus=4, {'L4': 1}), AWS([Spot], cpus=4, {'L4': 1})}. 
W 03-17 21:44:39 cloud_vm_ray_backend.py:2097] 
W 03-17 21:44:39 cloud_vm_ray_backend.py:2097] [0m[33m↺[0m Trying other potential resources.
<sky-payload>"<rich_update>[bold cyan]Looking for resources[/]  \u001b[2mView logs: sky api logs -l sky-2025-03-17-21-17-36-231740/provision.log\u001b[0m</rich_update>"</sky-payload>
<sky-payload>"<rich_update>[bold cyan]Optimizing[/]</rich_update>"</sky-payload>
<sky-payload>"<rich_start>[bold cyan]Launching[/]</rich_start>"</sky-payload>
I 03-17 21:44:40 optimizer.py:736] [1mTarget:[0m minimizing cost
I 03-17 21:44:40 optimizer.py:749] [1mEstimated cost: [0m$0.3 / hour
I 03-17 21:44:40 optimizer.py:749] 
I 03-17 21:44:40 optimizer.py:884] Considered resources (1 node):
I 03-17 21:44:40 optimizer.py:952] --------------------------------------------------------------------------------------------------
I 03-17 21:44:40 optimizer.py:952]  CLOUD   INSTANCE          vCPUs   Mem(GB)   ACCELERATORS   REGION/ZONE       COST ($)   CHOSEN   
I 03-17 21:44:40 optimizer.py:952] --------------------------------------------------------------------------------------------------
I 03-17 21:44:40 optimizer.py:952]  AWS     g6.xlarge[Spot]   4       16        L4:1           ap-northeast-2a   0.27       [32m   ✔[0m     
I 03-17 21:44:40 optimizer.py:952]  AWS     g6.xlarge         4       16        L4:1           us-east-1         0.80                
I 03-17 21:44:40 optimizer.py:952] --------------------------------------------------------------------------------------------------
<sky-payload>"<rich_update>[bold cyan]Looking for resources[/]  \u001b[2mView logs: sky api logs -l sky-2025-03-17-21-17-36-231740/provision.log\u001b[0m</rich_update>"</sky-payload>
<sky-payload>"<rich_update>[bold cyan]Launching[/]  \u001b[2mView logs: sky api logs -l sky-2025-03-17-21-17-36-231740/provision.log\u001b[0m</rich_update>"</sky-payload>
I 03-17 21:44:40 cloud_vm_ray_backend.py:1520] [0m⚙︎ Launching on AWS ap-northeast-2[0m (ap-northeast-2a).
W 03-17 21:53:30 cloud_vm_ray_backend.py:2061] sky.exceptions.ResourcesUnavailableError: Failed to acquire resources in ap-northeast-2a for {AWS(cpus=4, {'L4': 1}), AWS([Spot], cpus=4, {'L4': 1})}. 
W 03-17 21:53:30 cloud_vm_ray_backend.py:2097] 
W 03-17 21:53:30 cloud_vm_ray_backend.py:2097] [0m[33m↺[0m Trying other potential resources.
<sky-payload>"<rich_update>[bold cyan]Looking for resources[/]  \u001b[2mView logs: sky api logs -l sky-2025-03-17-21-17-36-231740/provision.log\u001b[0m</rich_update>"</sky-payload>
<sky-payload>"<rich_update>[bold cyan]Optimizing[/]</rich_update>"</sky-payload>
<sky-payload>"<rich_start>[bold cyan]Launching[/]</rich_start>"</sky-payload>
I 03-17 21:53:30 optimizer.py:736] [1mTarget:[0m minimizing cost
I 03-17 21:53:30 optimizer.py:749] [1mEstimated cost: [0m$0.3 / hour
I 03-17 21:53:30 optimizer.py:749] 
I 03-17 21:53:30 optimizer.py:884] Considered resources (1 node):
I 03-17 21:53:30 optimizer.py:952] ----------------------------------------------------------------------------------------------
I 03-17 21:53:30 optimizer.py:952]  CLOUD   INSTANCE          vCPUs   Mem(GB)   ACCELERATORS   REGION/ZONE   COST ($)   CHOSEN   
I 03-17 21:53:30 optimizer.py:952] ----------------------------------------------------------------------------------------------
I 03-17 21:53:30 optimizer.py:952]  AWS     g6.xlarge[Spot]   4       16        L4:1           us-east-1b    0.30       [32m   ✔[0m     
I 03-17 21:53:30 optimizer.py:952]  AWS     g6.xlarge         4       16        L4:1           us-east-1     0.80                
I 03-17 21:53:30 optimizer.py:952] ----------------------------------------------------------------------------------------------
<sky-payload>"<rich_update>[bold cyan]Looking for resources[/]  \u001b[2mView logs: sky api logs -l sky-2025-03-17-21-17-36-231740/provision.log\u001b[0m</rich_update>"</sky-payload>
<sky-payload>"<rich_update>[bold cyan]Launching[/]  \u001b[2mView logs: sky api logs -l sky-2025-03-17-21-17-36-231740/provision.log\u001b[0m</rich_update>"</sky-payload>
I 03-17 21:53:30 cloud_vm_ray_backend.py:1520] [0m⚙︎ Launching on AWS us-east-1[0m (us-east-1b).
W 03-17 22:01:53 cloud_vm_ray_backend.py:2061] sky.exceptions.ResourcesUnavailableError: Failed to acquire resources in us-east-1b for {AWS(cpus=4, {'L4': 1}), AWS([Spot], cpus=4, {'L4': 1})}. 
W 03-17 22:01:53 cloud_vm_ray_backend.py:2097] 
W 03-17 22:01:53 cloud_vm_ray_backend.py:2097] [0m[33m↺[0m Trying other potential resources.
<sky-payload>"<rich_update>[bold cyan]Looking for resources[/]  \u001b[2mView logs: sky api logs -l sky-2025-03-17-21-17-36-231740/provision.log\u001b[0m</rich_update>"</sky-payload>
<sky-payload>"<rich_update>[bold cyan]Optimizing[/]</rich_update>"</sky-payload>
<sky-payload>"<rich_start>[bold cyan]Launching[/]</rich_start>"</sky-payload>
I 03-17 22:01:53 optimizer.py:736] [1mTarget:[0m minimizing cost
I 03-17 22:01:53 optimizer.py:749] [1mEstimated cost: [0m$0.3 / hour
I 03-17 22:01:53 optimizer.py:749] 
I 03-17 22:01:53 optimizer.py:884] Considered resources (1 node):
I 03-17 22:01:53 optimizer.py:952] ----------------------------------------------------------------------------------------------
I 03-17 22:01:53 optimizer.py:952]  CLOUD   INSTANCE          vCPUs   Mem(GB)   ACCELERATORS   REGION/ZONE   COST ($)   CHOSEN   
I 03-17 22:01:53 optimizer.py:952] ----------------------------------------------------------------------------------------------
I 03-17 22:01:53 optimizer.py:952]  AWS     g6.xlarge[Spot]   4       16        L4:1           us-east-2c    0.31       [32m   ✔[0m     
I 03-17 22:01:53 optimizer.py:952]  AWS     g6.xlarge         4       16        L4:1           us-east-1     0.80                
I 03-17 22:01:53 optimizer.py:952] ----------------------------------------------------------------------------------------------
<sky-payload>"<rich_update>[bold cyan]Looking for resources[/]  \u001b[2mView logs: sky api logs -l sky-2025-03-17-21-17-36-231740/provision.log\u001b[0m</rich_update>"</sky-payload>
<sky-payload>"<rich_update>[bold cyan]Launching[/]  \u001b[2mView logs: sky api logs -l sky-2025-03-17-21-17-36-231740/provision.log\u001b[0m</rich_update>"</sky-payload>
I 03-17 22:01:54 cloud_vm_ray_backend.py:1520] [0m⚙︎ Launching on AWS us-east-2[0m (us-east-2c).
[2mW 03-17 22:02:19 instance.py:243] create_instances: Attempt failed with An error occurred (InsufficientInstanceCapacity) when calling the RunInstances operation (reached max retries: 0): We currently do not have sufficient g6.xlarge capacity in the Availability Zone you requested (us-east-2c). Our system will be working on provisioning additional capacity. You can currently get g6.xlarge capacity by not specifying an Availability Zone in your request or choosing us-east-2a, us-east-2b.[0m
W 03-17 22:02:20 cloud_vm_ray_backend.py:2061] sky.exceptions.ResourcesUnavailableError: Failed to acquire resources in us-east-2c for {AWS(cpus=4, {'L4': 1}), AWS([Spot], cpus=4, {'L4': 1})}. 
W 03-17 22:02:20 cloud_vm_ray_backend.py:2097] 
W 03-17 22:02:20 cloud_vm_ray_backend.py:2097] [0m[33m↺[0m Trying other potential resources.
<sky-payload>"<rich_update>[bold cyan]Looking for resources[/]  \u001b[2mView logs: sky api logs -l sky-2025-03-17-21-17-36-231740/provision.log\u001b[0m</rich_update>"</sky-payload>
<sky-payload>"<rich_update>[bold cyan]Optimizing[/]</rich_update>"</sky-payload>
<sky-payload>"<rich_start>[bold cyan]Launching[/]</rich_start>"</sky-payload>
I 03-17 22:02:20 optimizer.py:736] [1mTarget:[0m minimizing cost
I 03-17 22:02:20 optimizer.py:749] [1mEstimated cost: [0m$0.3 / hour
I 03-17 22:02:20 optimizer.py:749] 
I 03-17 22:02:20 optimizer.py:884] Considered resources (1 node):
I 03-17 22:02:20 optimizer.py:952] ----------------------------------------------------------------------------------------------
I 03-17 22:02:20 optimizer.py:952]  CLOUD   INSTANCE          vCPUs   Mem(GB)   ACCELERATORS   REGION/ZONE   COST ($)   CHOSEN   
I 03-17 22:02:20 optimizer.py:952] ----------------------------------------------------------------------------------------------
I 03-17 22:02:20 optimizer.py:952]  AWS     g6.xlarge[Spot]   4       16        L4:1           us-east-2b    0.32       [32m   ✔[0m     
I 03-17 22:02:20 optimizer.py:952]  AWS     g6.xlarge         4       16        L4:1           us-east-1     0.80                
I 03-17 22:02:20 optimizer.py:952] ----------------------------------------------------------------------------------------------
<sky-payload>"<rich_update>[bold cyan]Looking for resources[/]  \u001b[2mView logs: sky api logs -l sky-2025-03-17-21-17-36-231740/provision.log\u001b[0m</rich_update>"</sky-payload>
<sky-payload>"<rich_update>[bold cyan]Launching[/]  \u001b[2mView logs: sky api logs -l sky-2025-03-17-21-17-36-231740/provision.log\u001b[0m</rich_update>"</sky-payload>
I 03-17 22:02:20 cloud_vm_ray_backend.py:1520] [0m⚙︎ Launching on AWS us-east-2[0m (us-east-2b).
[2mW 03-17 22:03:49 instance.py:243] create_instances: Attempt failed with An error occurred (InsufficientInstanceCapacity) when calling the RunInstances operation (reached max retries: 0): We currently do not have sufficient g6.xlarge capacity in the Availability Zone you requested (us-east-2b). Our system will be working on provisioning additional capacity. You can currently get g6.xlarge capacity by not specifying an Availability Zone in your request or choosing us-east-2a, us-east-2c.[0m
W 03-17 22:03:50 cloud_vm_ray_backend.py:2061] sky.exceptions.ResourcesUnavailableError: Failed to acquire resources in us-east-2b for {AWS(cpus=4, {'L4': 1}), AWS([Spot], cpus=4, {'L4': 1})}. 
W 03-17 22:03:50 cloud_vm_ray_backend.py:2097] 
W 03-17 22:03:50 cloud_vm_ray_backend.py:2097] [0m[33m↺[0m Trying other potential resources.
<sky-payload>"<rich_update>[bold cyan]Looking for resources[/]  \u001b[2mView logs: sky api logs -l sky-2025-03-17-21-17-36-231740/provision.log\u001b[0m</rich_update>"</sky-payload>
<sky-payload>"<rich_update>[bold cyan]Optimizing[/]</rich_update>"</sky-payload>
<sky-payload>"<rich_start>[bold cyan]Launching[/]</rich_start>"</sky-payload>
I 03-17 22:03:50 optimizer.py:736] [1mTarget:[0m minimizing cost
I 03-17 22:03:50 optimizer.py:749] [1mEstimated cost: [0m$0.3 / hour
I 03-17 22:03:50 optimizer.py:749] 
I 03-17 22:03:50 optimizer.py:884] Considered resources (1 node):
I 03-17 22:03:50 optimizer.py:952] ------------------------------------------------------------------------------------------------
I 03-17 22:03:50 optimizer.py:952]  CLOUD   INSTANCE          vCPUs   Mem(GB)   ACCELERATORS   REGION/ZONE     COST ($)   CHOSEN   
I 03-17 22:03:50 optimizer.py:952] ------------------------------------------------------------------------------------------------
I 03-17 22:03:50 optimizer.py:952]  AWS     g6.xlarge[Spot]   4       16        L4:1           ca-central-1a   0.33       [32m   ✔[0m     
I 03-17 22:03:50 optimizer.py:952]  AWS     g6.xlarge         4       16        L4:1           us-east-1       0.80                
I 03-17 22:03:50 optimizer.py:952] ------------------------------------------------------------------------------------------------
<sky-payload>"<rich_update>[bold cyan]Looking for resources[/]  \u001b[2mView logs: sky api logs -l sky-2025-03-17-21-17-36-231740/provision.log\u001b[0m</rich_update>"</sky-payload>
<sky-payload>"<rich_update>[bold cyan]Launching[/]  \u001b[2mView logs: sky api logs -l sky-2025-03-17-21-17-36-231740/provision.log\u001b[0m</rich_update>"</sky-payload>
I 03-17 22:03:50 cloud_vm_ray_backend.py:1520] [0m⚙︎ Launching on AWS ca-central-1[0m (ca-central-1a).
[2mW 03-17 22:03:55 instance.py:243] create_instances: Attempt failed with An error occurred (MaxSpotInstanceCountExceeded) when calling the RunInstances operation: Max spot instance count exceeded[0m
W 03-17 22:03:55 cloud_vm_ray_backend.py:2061] sky.exceptions.ResourcesUnavailableError: Failed to acquire resources in ca-central-1a for {AWS(cpus=4, {'L4': 1}), AWS([Spot], cpus=4, {'L4': 1})}. 
W 03-17 22:03:55 cloud_vm_ray_backend.py:2097] 
W 03-17 22:03:55 cloud_vm_ray_backend.py:2097] [0m[33m↺[0m Trying other potential resources.
<sky-payload>"<rich_update>[bold cyan]Looking for resources[/]  \u001b[2mView logs: sky api logs -l sky-2025-03-17-21-17-36-231740/provision.log\u001b[0m</rich_update>"</sky-payload>
<sky-payload>"<rich_update>[bold cyan]Optimizing[/]</rich_update>"</sky-payload>
<sky-payload>"<rich_start>[bold cyan]Launching[/]</rich_start>"</sky-payload>
I 03-17 22:03:56 optimizer.py:736] [1mTarget:[0m minimizing cost
I 03-17 22:03:56 optimizer.py:749] [1mEstimated cost: [0m$0.3 / hour
I 03-17 22:03:56 optimizer.py:749] 
I 03-17 22:03:56 optimizer.py:884] Considered resources (1 node):
I 03-17 22:03:56 optimizer.py:952] ----------------------------------------------------------------------------------------------
I 03-17 22:03:56 optimizer.py:952]  CLOUD   INSTANCE          vCPUs   Mem(GB)   ACCELERATORS   REGION/ZONE   COST ($)   CHOSEN   
I 03-17 22:03:56 optimizer.py:952] ----------------------------------------------------------------------------------------------
I 03-17 22:03:56 optimizer.py:952]  AWS     g6.xlarge[Spot]   4       16        L4:1           us-east-1c    0.34       [32m   ✔[0m     
I 03-17 22:03:56 optimizer.py:952]  AWS     g6.xlarge         4       16        L4:1           us-east-1     0.80                
I 03-17 22:03:56 optimizer.py:952] ----------------------------------------------------------------------------------------------
<sky-payload>"<rich_update>[bold cyan]Looking for resources[/]  \u001b[2mView logs: sky api logs -l sky-2025-03-17-21-17-36-231740/provision.log\u001b[0m</rich_update>"</sky-payload>
<sky-payload>"<rich_update>[bold cyan]Launching[/]  \u001b[2mView logs: sky api logs -l sky-2025-03-17-21-17-36-231740/provision.log\u001b[0m</rich_update>"</sky-payload>
I 03-17 22:03:56 cloud_vm_ray_backend.py:1520] [0m⚙︎ Launching on AWS us-east-1[0m (us-east-1c).
[2mE 03-17 22:03:57 config.py:46] SKYPILOT_ERROR_NO_NODES_LAUNCHED: No usable subnets matching availability zone ['us-east-1c'] found. Choose a different availability zone or try manually creating an instance in your specified region to populate the list of subnets and trying this again. If you have set `use_internal_ips`, check that this zone has a subnet that (1) has the substring 'private' in its name tag and (2) does not assign public IPs (`map_public_ip_on_launch` is False).[0m
W 03-17 22:03:57 cloud_vm_ray_backend.py:2061] sky.exceptions.ResourcesUnavailableError: Failed to acquire resources in us-east-1c for {AWS(cpus=4, {'L4': 1}), AWS([Spot], cpus=4, {'L4': 1})}. 
W 03-17 22:03:57 cloud_vm_ray_backend.py:2097] 
W 03-17 22:03:57 cloud_vm_ray_backend.py:2097] [0m[33m↺[0m Trying other potential resources.
<sky-payload>"<rich_update>[bold cyan]Looking for resources[/]  \u001b[2mView logs: sky api logs -l sky-2025-03-17-21-17-36-231740/provision.log\u001b[0m</rich_update>"</sky-payload>
<sky-payload>"<rich_update>[bold cyan]Optimizing[/]</rich_update>"</sky-payload>
<sky-payload>"<rich_start>[bold cyan]Launching[/]</rich_start>"</sky-payload>
I 03-17 22:03:57 optimizer.py:736] [1mTarget:[0m minimizing cost
I 03-17 22:03:57 optimizer.py:749] [1mEstimated cost: [0m$0.3 / hour
I 03-17 22:03:57 optimizer.py:749] 
I 03-17 22:03:57 optimizer.py:884] Considered resources (1 node):
I 03-17 22:03:57 optimizer.py:952] ------------------------------------------------------------------------------------------------
I 03-17 22:03:57 optimizer.py:952]  CLOUD   INSTANCE          vCPUs   Mem(GB)   ACCELERATORS   REGION/ZONE     COST ($)   CHOSEN   
I 03-17 22:03:57 optimizer.py:952] ------------------------------------------------------------------------------------------------
I 03-17 22:03:57 optimizer.py:952]  AWS     g6.xlarge[Spot]   4       16        L4:1           ca-central-1b   0.34       [32m   ✔[0m     
I 03-17 22:03:57 optimizer.py:952]  AWS     g6.xlarge         4       16        L4:1           us-east-1       0.80                
I 03-17 22:03:57 optimizer.py:952] ------------------------------------------------------------------------------------------------
<sky-payload>"<rich_update>[bold cyan]Looking for resources[/]  \u001b[2mView logs: sky api logs -l sky-2025-03-17-21-17-36-231740/provision.log\u001b[0m</rich_update>"</sky-payload>
<sky-payload>"<rich_update>[bold cyan]Launching[/]  \u001b[2mView logs: sky api logs -l sky-2025-03-17-21-17-36-231740/provision.log\u001b[0m</rich_update>"</sky-payload>
I 03-17 22:03:58 cloud_vm_ray_backend.py:1520] [0m⚙︎ Launching on AWS ca-central-1[0m (ca-central-1b).
[2mW 03-17 22:04:03 instance.py:243] create_instances: Attempt failed with An error occurred (MaxSpotInstanceCountExceeded) when calling the RunInstances operation: Max spot instance count exceeded[0m
W 03-17 22:04:03 cloud_vm_ray_backend.py:2061] sky.exceptions.ResourcesUnavailableError: Failed to acquire resources in ca-central-1b for {AWS(cpus=4, {'L4': 1}), AWS([Spot], cpus=4, {'L4': 1})}. 
W 03-17 22:04:03 cloud_vm_ray_backend.py:2097] 
W 03-17 22:04:03 cloud_vm_ray_backend.py:2097] [0m[33m↺[0m Trying other potential resources.
<sky-payload>"<rich_update>[bold cyan]Looking for resources[/]  \u001b[2mView logs: sky api logs -l sky-2025-03-17-21-17-36-231740/provision.log\u001b[0m</rich_update>"</sky-payload>
<sky-payload>"<rich_update>[bold cyan]Optimizing[/]</rich_update>"</sky-payload>
<sky-payload>"<rich_start>[bold cyan]Launching[/]</rich_start>"</sky-payload>
I 03-17 22:04:03 optimizer.py:736] [1mTarget:[0m minimizing cost
I 03-17 22:04:03 optimizer.py:749] [1mEstimated cost: [0m$0.3 / hour
I 03-17 22:04:03 optimizer.py:749] 
I 03-17 22:04:03 optimizer.py:884] Considered resources (1 node):
I 03-17 22:04:03 optimizer.py:952] ----------------------------------------------------------------------------------------------
I 03-17 22:04:03 optimizer.py:952]  CLOUD   INSTANCE          vCPUs   Mem(GB)   ACCELERATORS   REGION/ZONE   COST ($)   CHOSEN   
I 03-17 22:04:03 optimizer.py:952] ----------------------------------------------------------------------------------------------
I 03-17 22:04:03 optimizer.py:952]  AWS     g6.xlarge[Spot]   4       16        L4:1           eu-west-2a    0.34       [32m   ✔[0m     
I 03-17 22:04:03 optimizer.py:952]  AWS     g6.xlarge         4       16        L4:1           us-east-1     0.80                
I 03-17 22:04:03 optimizer.py:952] ----------------------------------------------------------------------------------------------
<sky-payload>"<rich_update>[bold cyan]Looking for resources[/]  \u001b[2mView logs: sky api logs -l sky-2025-03-17-21-17-36-231740/provision.log\u001b[0m</rich_update>"</sky-payload>
<sky-payload>"<rich_update>[bold cyan]Launching[/]  \u001b[2mView logs: sky api logs -l sky-2025-03-17-21-17-36-231740/provision.log\u001b[0m</rich_update>"</sky-payload>
I 03-17 22:04:03 cloud_vm_ray_backend.py:1520] [0m⚙︎ Launching on AWS eu-west-2[0m (eu-west-2a).
[2mW 03-17 22:04:11 instance.py:243] create_instances: Attempt failed with An error occurred (MaxSpotInstanceCountExceeded) when calling the RunInstances operation: Max spot instance count exceeded[0m
W 03-17 22:04:12 cloud_vm_ray_backend.py:2061] sky.exceptions.ResourcesUnavailableError: Failed to acquire resources in eu-west-2a for {AWS(cpus=4, {'L4': 1}), AWS([Spot], cpus=4, {'L4': 1})}. 
W 03-17 22:04:12 cloud_vm_ray_backend.py:2097] 
W 03-17 22:04:12 cloud_vm_ray_backend.py:2097] [0m[33m↺[0m Trying other potential resources.
<sky-payload>"<rich_update>[bold cyan]Looking for resources[/]  \u001b[2mView logs: sky api logs -l sky-2025-03-17-21-17-36-231740/provision.log\u001b[0m</rich_update>"</sky-payload>
<sky-payload>"<rich_update>[bold cyan]Optimizing[/]</rich_update>"</sky-payload>
<sky-payload>"<rich_start>[bold cyan]Launching[/]</rich_start>"</sky-payload>
I 03-17 22:04:12 optimizer.py:736] [1mTarget:[0m minimizing cost
I 03-17 22:04:12 optimizer.py:749] [1mEstimated cost: [0m$0.3 / hour
I 03-17 22:04:12 optimizer.py:749] 
I 03-17 22:04:12 optimizer.py:884] Considered resources (1 node):
I 03-17 22:04:12 optimizer.py:952] ----------------------------------------------------------------------------------------------
I 03-17 22:04:12 optimizer.py:952]  CLOUD   INSTANCE          vCPUs   Mem(GB)   ACCELERATORS   REGION/ZONE   COST ($)   CHOSEN   
I 03-17 22:04:12 optimizer.py:952] ----------------------------------------------------------------------------------------------
I 03-17 22:04:12 optimizer.py:952]  AWS     g6.xlarge[Spot]   4       16        L4:1           eu-west-3c    0.35       [32m   ✔[0m     
I 03-17 22:04:12 optimizer.py:952]  AWS     g6.xlarge         4       16        L4:1           us-east-1     0.80                
I 03-17 22:04:12 optimizer.py:952] ----------------------------------------------------------------------------------------------
<sky-payload>"<rich_update>[bold cyan]Looking for resources[/]  \u001b[2mView logs: sky api logs -l sky-2025-03-17-21-17-36-231740/provision.log\u001b[0m</rich_update>"</sky-payload>
<sky-payload>"<rich_update>[bold cyan]Launching[/]  \u001b[2mView logs: sky api logs -l sky-2025-03-17-21-17-36-231740/provision.log\u001b[0m</rich_update>"</sky-payload>
I 03-17 22:04:12 cloud_vm_ray_backend.py:1520] [0m⚙︎ Launching on AWS eu-west-3[0m (eu-west-3c).
<sky-payload>"<rich_update>[bold cyan]Launching - Checking instance status[/]  \u001b[2mView logs: sky api logs -l sky-2025-03-17-21-17-36-231740/provision.log\u001b[0m</rich_update>"</sky-payload>
<sky-payload>"<rich_update>[bold cyan]Launching - Waiting for SSH access[/]  \u001b[2mView logs: sky api logs -l sky-2025-03-17-21-17-36-231740/provision.log\u001b[0m</rich_update>"</sky-payload>
<sky-payload>"<rich_start>[bold cyan]Launching[/]</rich_start>"</sky-payload>
I 03-17 22:04:37 provisioner.py:451] [2m└── [0m[2mInstance is up.[0m
<sky-payload>"<rich_update>[bold cyan]Preparing SkyPilot runtime (1/3 - initializing)[/]  \u001b[2mView logs: sky api logs -l sky-2025-03-17-21-17-36-231740/provision.log\u001b[0m</rich_update>"</sky-payload>
<sky-payload>"<rich_update>[bold cyan]Preparing SkyPilot runtime (2/3 - dependencies)[/]  \u001b[2mView logs: sky api logs -l sky-2025-03-17-21-17-36-231740/provision.log\u001b[0m</rich_update>"</sky-payload>
<sky-payload>"<rich_update>[bold cyan]Preparing SkyPilot runtime (3/3 - runtime)[/]  \u001b[2mView logs: sky api logs -l sky-2025-03-17-21-17-36-231740/provision.log\u001b[0m</rich_update>"</sky-payload>
<sky-payload>"<rich_update>[bold cyan]Launching - Checking instance status[/]  \u001b[2mView logs: sky api logs -l sky-2025-03-17-21-17-36-231740/provision.log\u001b[0m</rich_update>"</sky-payload>
I 03-17 22:05:02 provisioner.py:632] [0m[32m✓ Cluster launched: compute-text-vectors-109.[0m  [2mView logs: sky api logs -l sky-2025-03-17-21-17-36-231740/provision.log[0m
<sky-payload>"<rich_exit></rich_exit>"</sky-payload>
I 03-17 22:05:02 execution.py:332] [0m⚙︎ Syncing files.
<sky-payload>"<rich_init>[bold cyan]Syncing files[/]</rich_init>"</sky-payload>
<sky-payload>"<rich_update>[bold cyan]Syncing files[/]</rich_update>"</sky-payload>
<sky-payload>"<rich_start>[bold cyan]Syncing files[/]</rich_start>"</sky-payload>
<sky-payload>"<rich_update>[bold cyan]Syncing file mounts[/]  \u001b[2mView logs: sky api logs -l sky-2025-03-17-21-17-36-231740/file_mounts.log\u001b[0m</rich_update>"</sky-payload>
I 03-17 22:05:02 backend_utils.py:1315]   [2mSyncing (to 1 node): s3://skypilot-filemounts-root-726f1974-a337n9yk/job-a337n9yk/workdir -> ~/sky_workdir[0m
I 03-17 22:05:04 cloud_vm_ray_backend.py:4801] [0m[32m✓ Synced file_mounts.[0m  [2mView logs: sky api logs -l sky-2025-03-17-21-17-36-231740/file_mounts.log[0m
<sky-payload>"<rich_update>[bold cyan]Mounting 1 storage[/]  \u001b[2mView logs: sky api logs -l sky-2025-03-17-21-17-36-231740/storage_mounts.log\u001b[0m</rich_update>"</sky-payload>
I 03-17 22:05:04 backend_utils.py:1315]   [2mMounting (to 1 node): s3://sky-text-embeddings-multi-cluster-final-2 -> /output[0m
I 03-17 22:05:07 cloud_vm_ray_backend.py:4892] [0m[32m✓ Storage mounted.[0m  [2mView logs: sky api logs -l sky-2025-03-17-21-17-36-231740/storage_mounts.log[0m
<sky-payload>"<rich_exit></rich_exit>"</sky-payload>
<sky-payload>"<rich_init>[bold cyan]Running setup[/]</rich_init>"</sky-payload>
<sky-payload>"<rich_update>[bold cyan]Running setup[/]</rich_update>"</sky-payload>
<sky-payload>"<rich_start>[bold cyan]Running setup[/]</rich_start>"</sky-payload>
<sky-payload>"<rich_stop></rich_stop>"</sky-payload>
I 03-17 22:05:09 cloud_vm_ray_backend.py:3357] [0m[32m✓ Setup detached.[0m
<sky-payload>"<rich_exit></rich_exit>"</sky-payload>
<sky-payload>"<rich_init>[bold cyan]Submitting job[/]</rich_init>"</sky-payload>
<sky-payload>"<rich_update>[bold cyan]Submitting job[/]</rich_update>"</sky-payload>
<sky-payload>"<rich_start>[bold cyan]Submitting job[/]</rich_start>"</sky-payload>
I 03-17 22:05:09 cloud_vm_ray_backend.py:3546] Multiple resources are specified for the task, using: AWS([Spot], cpus=4, {'L4': 1})
I 03-17 22:05:11 cloud_vm_ray_backend.py:3460] [0m⚙︎ Job submitted, ID: 1
<sky-payload>"<rich_stop></rich_stop>"</sky-payload>
<sky-payload>"<rich_exit></rich_exit>"</sky-payload>

[?25hI 03-17 22:05:11 recovery_strategy.py:289] Managed job cluster launched.
I 03-17 22:05:15 utils.py:131] === Checking the job status... ===
I 03-17 22:05:15 utils.py:137] Job status: JobStatus.SETTING_UP
I 03-17 22:05:15 utils.py:140] ==================================
I 03-17 22:05:16 state.py:471] Job started.
I 03-17 22:05:36 utils.py:131] === Checking the job status... ===
I 03-17 22:05:37 utils.py:137] Job status: JobStatus.SETTING_UP
I 03-17 22:05:37 utils.py:140] ==================================
I 03-17 22:05:57 utils.py:131] === Checking the job status... ===
I 03-17 22:05:58 utils.py:137] Job status: JobStatus.SETTING_UP
I 03-17 22:05:58 utils.py:140] ==================================
I 03-17 22:06:18 utils.py:131] === Checking the job status... ===
I 03-17 22:06:19 utils.py:137] Job status: JobStatus.SETTING_UP
I 03-17 22:06:19 utils.py:140] ==================================
I 03-17 22:06:39 utils.py:131] === Checking the job status... ===
I 03-17 22:06:40 utils.py:137] Job status: JobStatus.SETTING_UP
I 03-17 22:06:40 utils.py:140] ==================================
I 03-17 22:07:00 utils.py:131] === Checking the job status... ===
I 03-17 22:07:01 utils.py:137] Job status: JobStatus.SETTING_UP
I 03-17 22:07:01 utils.py:140] ==================================
I 03-17 22:07:21 utils.py:131] === Checking the job status... ===
I 03-17 22:07:22 utils.py:137] Job status: JobStatus.RUNNING
I 03-17 22:07:22 utils.py:140] ==================================
I 03-17 22:07:42 utils.py:131] === Checking the job status... ===
I 03-17 22:07:44 utils.py:137] Job status: JobStatus.RUNNING
I 03-17 22:07:44 utils.py:140] ==================================
I 03-17 22:08:04 utils.py:131] === Checking the job status... ===
I 03-17 22:08:05 utils.py:137] Job status: JobStatus.RUNNING
I 03-17 22:08:05 utils.py:140] ==================================
I 03-17 22:08:25 utils.py:131] === Checking the job status... ===
I 03-17 22:08:26 utils.py:137] Job status: JobStatus.RUNNING
I 03-17 22:08:26 utils.py:140] ==================================
I 03-17 22:08:46 utils.py:131] === Checking the job status... ===
I 03-17 22:08:46 utils.py:137] Job status: JobStatus.RUNNING
I 03-17 22:08:46 utils.py:140] ==================================
I 03-17 22:09:07 utils.py:131] === Checking the job status... ===
I 03-17 22:09:07 utils.py:137] Job status: JobStatus.RUNNING
I 03-17 22:09:07 utils.py:140] ==================================
I 03-17 22:09:27 utils.py:131] === Checking the job status... ===
I 03-17 22:09:28 utils.py:137] Job status: JobStatus.RUNNING
I 03-17 22:09:28 utils.py:140] ==================================
I 03-17 22:09:48 utils.py:131] === Checking the job status... ===
I 03-17 22:09:49 utils.py:137] Job status: JobStatus.RUNNING
I 03-17 22:09:49 utils.py:140] ==================================
I 03-17 22:10:09 utils.py:131] === Checking the job status... ===
I 03-17 22:10:10 utils.py:137] Job status: JobStatus.RUNNING
I 03-17 22:10:10 utils.py:140] ==================================
I 03-17 22:10:30 utils.py:131] === Checking the job status... ===
I 03-17 22:10:31 utils.py:137] Job status: JobStatus.RUNNING
I 03-17 22:10:31 utils.py:140] ==================================
I 03-17 22:10:51 utils.py:131] === Checking the job status... ===
I 03-17 22:10:52 utils.py:137] Job status: JobStatus.RUNNING
I 03-17 22:10:52 utils.py:140] ==================================
I 03-17 22:11:12 utils.py:131] === Checking the job status... ===
I 03-17 22:11:17 utils.py:137] Job status: JobStatus.RUNNING
I 03-17 22:11:17 utils.py:140] ==================================
I 03-17 22:11:37 utils.py:131] === Checking the job status... ===
I 03-17 22:11:41 utils.py:137] Job status: JobStatus.RUNNING
I 03-17 22:11:41 utils.py:140] ==================================
I 03-17 22:12:01 utils.py:131] === Checking the job status... ===
I 03-17 22:12:02 utils.py:137] Job status: JobStatus.RUNNING
I 03-17 22:12:02 utils.py:140] ==================================
I 03-17 22:12:22 utils.py:131] === Checking the job status... ===
I 03-17 22:12:23 utils.py:137] Job status: JobStatus.RUNNING
I 03-17 22:12:23 utils.py:140] ==================================
I 03-17 22:12:43 utils.py:131] === Checking the job status... ===
I 03-17 22:12:44 utils.py:137] Job status: JobStatus.RUNNING
I 03-17 22:12:44 utils.py:140] ==================================
I 03-17 22:13:04 utils.py:131] === Checking the job status... ===
I 03-17 22:13:05 utils.py:137] Job status: JobStatus.RUNNING
I 03-17 22:13:05 utils.py:140] ==================================
I 03-17 22:13:25 utils.py:131] === Checking the job status... ===
I 03-17 22:13:26 utils.py:137] Job status: JobStatus.RUNNING
I 03-17 22:13:26 utils.py:140] ==================================
I 03-17 22:13:46 utils.py:131] === Checking the job status... ===
I 03-17 22:13:47 utils.py:137] Job status: JobStatus.RUNNING
I 03-17 22:13:47 utils.py:140] ==================================
I 03-17 22:14:07 utils.py:131] === Checking the job status... ===
I 03-17 22:14:07 utils.py:137] Job status: JobStatus.RUNNING
I 03-17 22:14:07 utils.py:140] ==================================
I 03-17 22:14:28 utils.py:131] === Checking the job status... ===
I 03-17 22:14:28 utils.py:137] Job status: JobStatus.RUNNING
I 03-17 22:14:28 utils.py:140] ==================================
I 03-17 22:14:48 utils.py:131] === Checking the job status... ===
I 03-17 22:14:49 utils.py:137] Job status: JobStatus.RUNNING
I 03-17 22:14:49 utils.py:140] ==================================
I 03-17 22:15:09 utils.py:131] === Checking the job status... ===
I 03-17 22:15:10 utils.py:137] Job status: JobStatus.RUNNING
I 03-17 22:15:10 utils.py:140] ==================================
I 03-17 22:15:30 utils.py:131] === Checking the job status... ===
I 03-17 22:15:31 utils.py:137] Job status: JobStatus.RUNNING
I 03-17 22:15:31 utils.py:140] ==================================
I 03-17 22:15:51 utils.py:131] === Checking the job status... ===
I 03-17 22:15:52 utils.py:137] Job status: JobStatus.RUNNING
I 03-17 22:15:52 utils.py:140] ==================================
I 03-17 22:16:12 utils.py:131] === Checking the job status... ===
I 03-17 22:16:13 utils.py:137] Job status: JobStatus.RUNNING
I 03-17 22:16:13 utils.py:140] ==================================
I 03-17 22:16:33 utils.py:131] === Checking the job status... ===
I 03-17 22:16:34 utils.py:137] Job status: JobStatus.RUNNING
I 03-17 22:16:34 utils.py:140] ==================================
I 03-17 22:16:54 utils.py:131] === Checking the job status... ===
I 03-17 22:16:55 utils.py:137] Job status: JobStatus.RUNNING
I 03-17 22:16:55 utils.py:140] ==================================
I 03-17 22:17:15 utils.py:131] === Checking the job status... ===
I 03-17 22:17:15 utils.py:137] Job status: JobStatus.RUNNING
I 03-17 22:17:15 utils.py:140] ==================================
I 03-17 22:17:36 utils.py:131] === Checking the job status... ===
I 03-17 22:17:36 utils.py:137] Job status: JobStatus.RUNNING
I 03-17 22:17:36 utils.py:140] ==================================
I 03-17 22:17:57 utils.py:131] === Checking the job status... ===
I 03-17 22:17:57 utils.py:137] Job status: JobStatus.RUNNING
I 03-17 22:17:57 utils.py:140] ==================================
I 03-17 22:18:17 utils.py:131] === Checking the job status... ===
I 03-17 22:18:18 utils.py:137] Job status: JobStatus.RUNNING
I 03-17 22:18:18 utils.py:140] ==================================
I 03-17 22:18:38 utils.py:131] === Checking the job status... ===
I 03-17 22:18:39 utils.py:137] Job status: JobStatus.RUNNING
I 03-17 22:18:39 utils.py:140] ==================================
I 03-17 22:18:59 utils.py:131] === Checking the job status... ===
I 03-17 22:19:00 utils.py:137] Job status: JobStatus.RUNNING
I 03-17 22:19:00 utils.py:140] ==================================
I 03-17 22:19:20 utils.py:131] === Checking the job status... ===
I 03-17 22:19:21 utils.py:137] Job status: JobStatus.RUNNING
I 03-17 22:19:21 utils.py:140] ==================================
I 03-17 22:19:41 utils.py:131] === Checking the job status... ===
I 03-17 22:19:42 utils.py:137] Job status: JobStatus.RUNNING
I 03-17 22:19:42 utils.py:140] ==================================
I 03-17 22:20:02 utils.py:131] === Checking the job status... ===
I 03-17 22:20:03 utils.py:137] Job status: JobStatus.RUNNING
I 03-17 22:20:03 utils.py:140] ==================================
I 03-17 22:20:23 utils.py:131] === Checking the job status... ===
I 03-17 22:20:23 utils.py:137] Job status: JobStatus.RUNNING
I 03-17 22:20:23 utils.py:140] ==================================
I 03-17 22:20:44 utils.py:131] === Checking the job status... ===
I 03-17 22:20:44 utils.py:137] Job status: JobStatus.RUNNING
I 03-17 22:20:44 utils.py:140] ==================================
I 03-17 22:21:04 utils.py:131] === Checking the job status... ===
I 03-17 22:21:05 utils.py:137] Job status: JobStatus.RUNNING
I 03-17 22:21:05 utils.py:140] ==================================
I 03-17 22:21:25 utils.py:131] === Checking the job status... ===
I 03-17 22:21:26 utils.py:137] Job status: JobStatus.RUNNING
I 03-17 22:21:26 utils.py:140] ==================================
I 03-17 22:21:46 utils.py:131] === Checking the job status... ===
I 03-17 22:21:47 utils.py:137] Job status: JobStatus.RUNNING
I 03-17 22:21:47 utils.py:140] ==================================
I 03-17 22:22:07 utils.py:131] === Checking the job status... ===
I 03-17 22:22:08 utils.py:137] Job status: JobStatus.RUNNING
I 03-17 22:22:08 utils.py:140] ==================================
I 03-17 22:22:28 utils.py:131] === Checking the job status... ===
I 03-17 22:22:29 utils.py:137] Job status: JobStatus.RUNNING
I 03-17 22:22:29 utils.py:140] ==================================
I 03-17 22:22:49 utils.py:131] === Checking the job status... ===
I 03-17 22:22:50 utils.py:137] Job status: JobStatus.RUNNING
I 03-17 22:22:50 utils.py:140] ==================================
I 03-17 22:23:10 utils.py:131] === Checking the job status... ===
I 03-17 22:23:11 utils.py:137] Job status: JobStatus.RUNNING
I 03-17 22:23:11 utils.py:140] ==================================
I 03-17 22:23:31 utils.py:131] === Checking the job status... ===
I 03-17 22:23:32 utils.py:137] Job status: JobStatus.RUNNING
I 03-17 22:23:32 utils.py:140] ==================================
I 03-17 22:23:52 utils.py:131] === Checking the job status... ===
I 03-17 22:23:52 utils.py:137] Job status: JobStatus.RUNNING
I 03-17 22:23:52 utils.py:140] ==================================
I 03-17 22:24:13 utils.py:131] === Checking the job status... ===
I 03-17 22:24:13 utils.py:137] Job status: JobStatus.RUNNING
I 03-17 22:24:13 utils.py:140] ==================================
I 03-17 22:24:34 utils.py:131] === Checking the job status... ===
I 03-17 22:24:34 utils.py:137] Job status: JobStatus.RUNNING
I 03-17 22:24:34 utils.py:140] ==================================
I 03-17 22:24:55 utils.py:131] === Checking the job status... ===
I 03-17 22:24:55 utils.py:137] Job status: JobStatus.RUNNING
I 03-17 22:24:55 utils.py:140] ==================================
I 03-17 22:25:15 utils.py:131] === Checking the job status... ===
I 03-17 22:25:16 utils.py:137] Job status: JobStatus.RUNNING
I 03-17 22:25:16 utils.py:140] ==================================
I 03-17 22:25:36 utils.py:131] === Checking the job status... ===
I 03-17 22:25:37 utils.py:137] Job status: JobStatus.RUNNING
I 03-17 22:25:37 utils.py:140] ==================================
I 03-17 22:25:57 utils.py:131] === Checking the job status... ===
I 03-17 22:25:58 utils.py:137] Job status: JobStatus.RUNNING
I 03-17 22:25:58 utils.py:140] ==================================
I 03-17 22:26:18 utils.py:131] === Checking the job status... ===
I 03-17 22:26:19 utils.py:137] Job status: JobStatus.RUNNING
I 03-17 22:26:19 utils.py:140] ==================================
I 03-17 22:26:39 utils.py:131] === Checking the job status... ===
I 03-17 22:26:40 utils.py:137] Job status: JobStatus.RUNNING
I 03-17 22:26:40 utils.py:140] ==================================
I 03-17 22:27:00 utils.py:131] === Checking the job status... ===
I 03-17 22:27:01 utils.py:137] Job status: JobStatus.RUNNING
I 03-17 22:27:01 utils.py:140] ==================================
I 03-17 22:27:21 utils.py:131] === Checking the job status... ===
I 03-17 22:27:22 utils.py:137] Job status: JobStatus.RUNNING
I 03-17 22:27:22 utils.py:140] ==================================
I 03-17 22:27:42 utils.py:131] === Checking the job status... ===
I 03-17 22:27:43 utils.py:137] Job status: JobStatus.RUNNING
I 03-17 22:27:43 utils.py:140] ==================================
I 03-17 22:28:03 utils.py:131] === Checking the job status... ===
I 03-17 22:28:03 utils.py:137] Job status: JobStatus.RUNNING
I 03-17 22:28:03 utils.py:140] ==================================
I 03-17 22:28:24 utils.py:131] === Checking the job status... ===
I 03-17 22:28:24 utils.py:137] Job status: JobStatus.RUNNING
I 03-17 22:28:24 utils.py:140] ==================================
I 03-17 22:28:44 utils.py:131] === Checking the job status... ===
I 03-17 22:28:45 utils.py:137] Job status: JobStatus.RUNNING
I 03-17 22:28:45 utils.py:140] ==================================
I 03-17 22:29:05 utils.py:131] === Checking the job status... ===
I 03-17 22:29:06 utils.py:137] Job status: JobStatus.RUNNING
I 03-17 22:29:06 utils.py:140] ==================================
I 03-17 22:29:26 utils.py:131] === Checking the job status... ===
I 03-17 22:29:27 utils.py:137] Job status: JobStatus.RUNNING
I 03-17 22:29:27 utils.py:140] ==================================
I 03-17 22:29:47 utils.py:131] === Checking the job status... ===
I 03-17 22:29:48 utils.py:137] Job status: JobStatus.RUNNING
I 03-17 22:29:48 utils.py:140] ==================================
I 03-17 22:30:08 utils.py:131] === Checking the job status... ===
I 03-17 22:30:09 utils.py:137] Job status: JobStatus.RUNNING
I 03-17 22:30:09 utils.py:140] ==================================
I 03-17 22:30:29 utils.py:131] === Checking the job status... ===
I 03-17 22:30:30 utils.py:137] Job status: JobStatus.RUNNING
I 03-17 22:30:30 utils.py:140] ==================================
I 03-17 22:30:50 utils.py:131] === Checking the job status... ===
I 03-17 22:30:51 utils.py:137] Job status: JobStatus.RUNNING
I 03-17 22:30:51 utils.py:140] ==================================
I 03-17 22:31:11 utils.py:131] === Checking the job status... ===
I 03-17 22:31:12 utils.py:137] Job status: JobStatus.RUNNING
I 03-17 22:31:12 utils.py:140] ==================================
I 03-17 22:31:32 utils.py:131] === Checking the job status... ===
I 03-17 22:31:32 utils.py:137] Job status: JobStatus.RUNNING
I 03-17 22:31:32 utils.py:140] ==================================
I 03-17 22:31:53 utils.py:131] === Checking the job status... ===
I 03-17 22:31:53 utils.py:137] Job status: JobStatus.RUNNING
I 03-17 22:31:53 utils.py:140] ==================================
I 03-17 22:32:13 utils.py:131] === Checking the job status... ===
I 03-17 22:32:14 utils.py:137] Job status: JobStatus.RUNNING
I 03-17 22:32:14 utils.py:140] ==================================
I 03-17 22:32:34 utils.py:131] === Checking the job status... ===
I 03-17 22:32:35 utils.py:137] Job status: JobStatus.RUNNING
I 03-17 22:32:35 utils.py:140] ==================================
I 03-17 22:32:55 utils.py:131] === Checking the job status... ===
I 03-17 22:32:56 utils.py:137] Job status: JobStatus.RUNNING
I 03-17 22:32:56 utils.py:140] ==================================
I 03-17 22:33:16 utils.py:131] === Checking the job status... ===
I 03-17 22:33:17 utils.py:137] Job status: JobStatus.RUNNING
I 03-17 22:33:17 utils.py:140] ==================================
I 03-17 22:33:37 utils.py:131] === Checking the job status... ===
I 03-17 22:33:38 utils.py:137] Job status: JobStatus.RUNNING
I 03-17 22:33:38 utils.py:140] ==================================
I 03-17 22:33:58 utils.py:131] === Checking the job status... ===
I 03-17 22:33:59 utils.py:137] Job status: JobStatus.RUNNING
I 03-17 22:33:59 utils.py:140] ==================================
I 03-17 22:34:19 utils.py:131] === Checking the job status... ===
I 03-17 22:34:20 utils.py:137] Job status: JobStatus.RUNNING
I 03-17 22:34:20 utils.py:140] ==================================
I 03-17 22:34:40 utils.py:131] === Checking the job status... ===
I 03-17 22:34:40 utils.py:137] Job status: JobStatus.RUNNING
I 03-17 22:34:40 utils.py:140] ==================================
I 03-17 22:35:01 utils.py:131] === Checking the job status... ===
I 03-17 22:35:01 utils.py:137] Job status: JobStatus.RUNNING
I 03-17 22:35:01 utils.py:140] ==================================
I 03-17 22:35:21 utils.py:131] === Checking the job status... ===
I 03-17 22:35:22 utils.py:137] Job status: JobStatus.RUNNING
I 03-17 22:35:22 utils.py:140] ==================================
I 03-17 22:35:42 utils.py:131] === Checking the job status... ===
I 03-17 22:35:43 utils.py:137] Job status: JobStatus.RUNNING
I 03-17 22:35:43 utils.py:140] ==================================
I 03-17 22:36:03 utils.py:131] === Checking the job status... ===
I 03-17 22:36:04 utils.py:137] Job status: JobStatus.RUNNING
I 03-17 22:36:04 utils.py:140] ==================================
I 03-17 22:36:24 utils.py:131] === Checking the job status... ===
I 03-17 22:36:25 utils.py:137] Job status: JobStatus.RUNNING
I 03-17 22:36:25 utils.py:140] ==================================
I 03-17 22:36:45 utils.py:131] === Checking the job status... ===
I 03-17 22:36:46 utils.py:137] Job status: JobStatus.RUNNING
I 03-17 22:36:46 utils.py:140] ==================================
I 03-17 22:37:06 utils.py:131] === Checking the job status... ===
I 03-17 22:37:07 utils.py:137] Job status: JobStatus.RUNNING
I 03-17 22:37:07 utils.py:140] ==================================
I 03-17 22:37:27 utils.py:131] === Checking the job status... ===
I 03-17 22:37:28 utils.py:137] Job status: JobStatus.RUNNING
I 03-17 22:37:28 utils.py:140] ==================================
I 03-17 22:37:48 utils.py:131] === Checking the job status... ===
I 03-17 22:37:48 utils.py:137] Job status: JobStatus.RUNNING
I 03-17 22:37:48 utils.py:140] ==================================
I 03-17 22:38:09 utils.py:131] === Checking the job status... ===
I 03-17 22:38:09 utils.py:137] Job status: JobStatus.RUNNING
I 03-17 22:38:09 utils.py:140] ==================================
I 03-17 22:38:30 utils.py:131] === Checking the job status... ===
I 03-17 22:38:30 utils.py:137] Job status: JobStatus.RUNNING
I 03-17 22:38:30 utils.py:140] ==================================
I 03-17 22:38:50 utils.py:131] === Checking the job status... ===
I 03-17 22:38:51 utils.py:137] Job status: JobStatus.RUNNING
I 03-17 22:38:51 utils.py:140] ==================================
I 03-17 22:39:11 utils.py:131] === Checking the job status... ===
I 03-17 22:39:12 utils.py:137] Job status: JobStatus.RUNNING
I 03-17 22:39:12 utils.py:140] ==================================
I 03-17 22:39:32 utils.py:131] === Checking the job status... ===
I 03-17 22:39:33 utils.py:137] Job status: JobStatus.RUNNING
I 03-17 22:39:33 utils.py:140] ==================================
I 03-17 22:39:53 utils.py:131] === Checking the job status... ===
I 03-17 22:39:54 utils.py:137] Job status: JobStatus.RUNNING
I 03-17 22:39:54 utils.py:140] ==================================
I 03-17 22:40:14 utils.py:131] === Checking the job status... ===
I 03-17 22:40:15 utils.py:137] Job status: JobStatus.RUNNING
I 03-17 22:40:15 utils.py:140] ==================================
I 03-17 22:40:35 utils.py:131] === Checking the job status... ===
I 03-17 22:40:36 utils.py:137] Job status: JobStatus.RUNNING
I 03-17 22:40:36 utils.py:140] ==================================
I 03-17 22:40:56 utils.py:131] === Checking the job status... ===
I 03-17 22:40:56 utils.py:137] Job status: JobStatus.RUNNING
I 03-17 22:40:56 utils.py:140] ==================================
I 03-17 22:41:17 utils.py:131] === Checking the job status... ===
I 03-17 22:41:17 utils.py:137] Job status: JobStatus.RUNNING
I 03-17 22:41:17 utils.py:140] ==================================
I 03-17 22:41:38 utils.py:131] === Checking the job status... ===
I 03-17 22:41:38 utils.py:137] Job status: JobStatus.RUNNING
I 03-17 22:41:38 utils.py:140] ==================================
I 03-17 22:41:58 utils.py:131] === Checking the job status... ===
I 03-17 22:41:59 utils.py:137] Job status: JobStatus.RUNNING
I 03-17 22:41:59 utils.py:140] ==================================
I 03-17 22:42:19 utils.py:131] === Checking the job status... ===
I 03-17 22:42:20 utils.py:137] Job status: JobStatus.RUNNING
I 03-17 22:42:20 utils.py:140] ==================================
I 03-17 22:42:40 utils.py:131] === Checking the job status... ===
I 03-17 22:42:41 utils.py:137] Job status: JobStatus.RUNNING
I 03-17 22:42:41 utils.py:140] ==================================
I 03-17 22:43:01 utils.py:131] === Checking the job status... ===
I 03-17 22:43:02 utils.py:137] Job status: JobStatus.RUNNING
I 03-17 22:43:02 utils.py:140] ==================================
I 03-17 22:43:22 utils.py:131] === Checking the job status... ===
I 03-17 22:43:23 utils.py:137] Job status: JobStatus.RUNNING
I 03-17 22:43:23 utils.py:140] ==================================
I 03-17 22:43:43 utils.py:131] === Checking the job status... ===
I 03-17 22:43:44 utils.py:137] Job status: JobStatus.RUNNING
I 03-17 22:43:44 utils.py:140] ==================================
I 03-17 22:44:04 utils.py:131] === Checking the job status... ===
I 03-17 22:44:05 utils.py:137] Job status: JobStatus.RUNNING
I 03-17 22:44:05 utils.py:140] ==================================
I 03-17 22:44:25 utils.py:131] === Checking the job status... ===
I 03-17 22:44:25 utils.py:137] Job status: JobStatus.RUNNING
I 03-17 22:44:25 utils.py:140] ==================================
I 03-17 22:44:46 utils.py:131] === Checking the job status... ===
I 03-17 22:44:46 utils.py:137] Job status: JobStatus.RUNNING
I 03-17 22:44:46 utils.py:140] ==================================
I 03-17 22:45:06 utils.py:131] === Checking the job status... ===
I 03-17 22:45:07 utils.py:137] Job status: JobStatus.RUNNING
I 03-17 22:45:07 utils.py:140] ==================================
I 03-17 22:45:27 utils.py:131] === Checking the job status... ===
I 03-17 22:45:28 utils.py:137] Job status: JobStatus.RUNNING
I 03-17 22:45:28 utils.py:140] ==================================
I 03-17 22:45:48 utils.py:131] === Checking the job status... ===
I 03-17 22:45:49 utils.py:137] Job status: JobStatus.RUNNING
I 03-17 22:45:49 utils.py:140] ==================================
I 03-17 22:46:09 utils.py:131] === Checking the job status... ===
I 03-17 22:46:10 utils.py:137] Job status: JobStatus.RUNNING
I 03-17 22:46:10 utils.py:140] ==================================
I 03-17 22:46:30 utils.py:131] === Checking the job status... ===
I 03-17 22:46:31 utils.py:137] Job status: JobStatus.RUNNING
I 03-17 22:46:31 utils.py:140] ==================================
I 03-17 22:46:51 utils.py:131] === Checking the job status... ===
I 03-17 22:46:52 utils.py:137] Job status: JobStatus.RUNNING
I 03-17 22:46:52 utils.py:140] ==================================
I 03-17 22:47:12 utils.py:131] === Checking the job status... ===
I 03-17 22:47:13 utils.py:137] Job status: JobStatus.RUNNING
I 03-17 22:47:13 utils.py:140] ==================================
I 03-17 22:47:33 utils.py:131] === Checking the job status... ===
I 03-17 22:47:34 utils.py:137] Job status: JobStatus.RUNNING
I 03-17 22:47:34 utils.py:140] ==================================
I 03-17 22:47:54 utils.py:131] === Checking the job status... ===
I 03-17 22:47:54 utils.py:137] Job status: JobStatus.RUNNING
I 03-17 22:47:54 utils.py:140] ==================================
I 03-17 22:48:15 utils.py:131] === Checking the job status... ===
I 03-17 22:48:15 utils.py:137] Job status: JobStatus.RUNNING
I 03-17 22:48:15 utils.py:140] ==================================
I 03-17 22:48:35 utils.py:131] === Checking the job status... ===
I 03-17 22:48:36 utils.py:137] Job status: JobStatus.RUNNING
I 03-17 22:48:36 utils.py:140] ==================================
I 03-17 22:48:56 utils.py:131] === Checking the job status... ===
I 03-17 22:48:57 utils.py:137] Job status: JobStatus.RUNNING
I 03-17 22:48:57 utils.py:140] ==================================
I 03-17 22:49:17 utils.py:131] === Checking the job status... ===
I 03-17 22:49:18 utils.py:137] Job status: JobStatus.RUNNING
I 03-17 22:49:18 utils.py:140] ==================================
I 03-17 22:49:38 utils.py:131] === Checking the job status... ===
I 03-17 22:49:39 utils.py:137] Job status: JobStatus.RUNNING
I 03-17 22:49:39 utils.py:140] ==================================
I 03-17 22:49:59 utils.py:131] === Checking the job status... ===
I 03-17 22:50:00 utils.py:137] Job status: JobStatus.RUNNING
I 03-17 22:50:00 utils.py:140] ==================================
I 03-17 22:50:20 utils.py:131] === Checking the job status... ===
I 03-17 22:50:21 utils.py:137] Job status: JobStatus.RUNNING
I 03-17 22:50:21 utils.py:140] ==================================
I 03-17 22:50:41 utils.py:131] === Checking the job status... ===
I 03-17 22:50:42 utils.py:137] Job status: JobStatus.RUNNING
I 03-17 22:50:42 utils.py:140] ==================================
I 03-17 22:51:02 utils.py:131] === Checking the job status... ===
I 03-17 22:51:02 utils.py:137] Job status: JobStatus.RUNNING
I 03-17 22:51:02 utils.py:140] ==================================
I 03-17 22:51:23 utils.py:131] === Checking the job status... ===
I 03-17 22:51:23 utils.py:137] Job status: JobStatus.RUNNING
I 03-17 22:51:23 utils.py:140] ==================================
I 03-17 22:51:43 utils.py:131] === Checking the job status... ===
I 03-17 22:51:44 utils.py:137] Job status: JobStatus.RUNNING
I 03-17 22:51:44 utils.py:140] ==================================
I 03-17 22:52:04 utils.py:131] === Checking the job status... ===
I 03-17 22:52:05 utils.py:137] Job status: JobStatus.RUNNING
I 03-17 22:52:05 utils.py:140] ==================================
I 03-17 22:52:25 utils.py:131] === Checking the job status... ===
I 03-17 22:52:26 utils.py:137] Job status: JobStatus.RUNNING
I 03-17 22:52:26 utils.py:140] ==================================
I 03-17 22:52:46 utils.py:131] === Checking the job status... ===
I 03-17 22:52:47 utils.py:137] Job status: JobStatus.RUNNING
I 03-17 22:52:47 utils.py:140] ==================================
I 03-17 22:53:07 utils.py:131] === Checking the job status... ===
I 03-17 22:53:08 utils.py:137] Job status: JobStatus.RUNNING
I 03-17 22:53:08 utils.py:140] ==================================
I 03-17 22:53:28 utils.py:131] === Checking the job status... ===
I 03-17 22:53:29 utils.py:137] Job status: JobStatus.RUNNING
I 03-17 22:53:29 utils.py:140] ==================================
I 03-17 22:53:49 utils.py:131] === Checking the job status... ===
I 03-17 22:53:50 utils.py:137] Job status: JobStatus.RUNNING
I 03-17 22:53:50 utils.py:140] ==================================
I 03-17 22:54:10 utils.py:131] === Checking the job status... ===
I 03-17 22:54:11 utils.py:137] Job status: JobStatus.RUNNING
I 03-17 22:54:11 utils.py:140] ==================================
I 03-17 22:54:31 utils.py:131] === Checking the job status... ===
I 03-17 22:54:32 utils.py:137] Job status: JobStatus.RUNNING
I 03-17 22:54:32 utils.py:140] ==================================
I 03-17 22:54:52 utils.py:131] === Checking the job status... ===
I 03-17 22:54:52 utils.py:137] Job status: JobStatus.RUNNING
I 03-17 22:54:52 utils.py:140] ==================================
I 03-17 22:55:13 utils.py:131] === Checking the job status... ===
I 03-17 22:55:13 utils.py:137] Job status: JobStatus.RUNNING
I 03-17 22:55:13 utils.py:140] ==================================
I 03-17 22:55:34 utils.py:131] === Checking the job status... ===
I 03-17 22:55:34 utils.py:137] Job status: JobStatus.RUNNING
I 03-17 22:55:34 utils.py:140] ==================================
I 03-17 22:55:54 utils.py:131] === Checking the job status... ===
I 03-17 22:55:55 utils.py:137] Job status: JobStatus.RUNNING
I 03-17 22:55:55 utils.py:140] ==================================
I 03-17 22:56:15 utils.py:131] === Checking the job status... ===
I 03-17 22:56:16 utils.py:137] Job status: JobStatus.RUNNING
I 03-17 22:56:16 utils.py:140] ==================================
I 03-17 22:56:36 utils.py:131] === Checking the job status... ===
I 03-17 22:56:37 utils.py:137] Job status: JobStatus.RUNNING
I 03-17 22:56:37 utils.py:140] ==================================
I 03-17 22:56:57 utils.py:131] === Checking the job status... ===
I 03-17 22:56:58 utils.py:137] Job status: JobStatus.RUNNING
I 03-17 22:56:58 utils.py:140] ==================================
I 03-17 22:57:18 utils.py:131] === Checking the job status... ===
I 03-17 22:57:19 utils.py:137] Job status: JobStatus.RUNNING
I 03-17 22:57:19 utils.py:140] ==================================
I 03-17 22:57:39 utils.py:131] === Checking the job status... ===
I 03-17 22:57:40 utils.py:137] Job status: JobStatus.RUNNING
I 03-17 22:57:40 utils.py:140] ==================================
I 03-17 22:58:00 utils.py:131] === Checking the job status... ===
I 03-17 22:58:00 utils.py:137] Job status: JobStatus.RUNNING
I 03-17 22:58:00 utils.py:140] ==================================
I 03-17 22:58:21 utils.py:131] === Checking the job status... ===
I 03-17 22:58:21 utils.py:137] Job status: JobStatus.RUNNING
I 03-17 22:58:21 utils.py:140] ==================================
I 03-17 22:58:41 utils.py:131] === Checking the job status... ===
I 03-17 22:58:42 utils.py:137] Job status: JobStatus.RUNNING
I 03-17 22:58:42 utils.py:140] ==================================
I 03-17 22:59:02 utils.py:131] === Checking the job status... ===
I 03-17 22:59:03 utils.py:137] Job status: JobStatus.RUNNING
I 03-17 22:59:03 utils.py:140] ==================================
I 03-17 22:59:23 utils.py:131] === Checking the job status... ===
I 03-17 22:59:24 utils.py:137] Job status: JobStatus.RUNNING
I 03-17 22:59:24 utils.py:140] ==================================
I 03-17 22:59:44 utils.py:131] === Checking the job status... ===
I 03-17 22:59:45 utils.py:137] Job status: JobStatus.RUNNING
I 03-17 22:59:45 utils.py:140] ==================================
I 03-17 23:00:05 utils.py:131] === Checking the job status... ===
I 03-17 23:00:06 utils.py:137] Job status: JobStatus.RUNNING
I 03-17 23:00:06 utils.py:140] ==================================
I 03-17 23:00:26 utils.py:131] === Checking the job status... ===
I 03-17 23:00:27 utils.py:137] Job status: JobStatus.RUNNING
I 03-17 23:00:27 utils.py:140] ==================================
I 03-17 23:00:47 utils.py:131] === Checking the job status... ===
I 03-17 23:00:48 utils.py:137] Job status: JobStatus.RUNNING
I 03-17 23:00:48 utils.py:140] ==================================
I 03-17 23:01:08 utils.py:131] === Checking the job status... ===
I 03-17 23:01:08 utils.py:137] Job status: JobStatus.RUNNING
I 03-17 23:01:08 utils.py:140] ==================================
I 03-17 23:01:29 utils.py:131] === Checking the job status... ===
I 03-17 23:01:29 utils.py:137] Job status: JobStatus.RUNNING
I 03-17 23:01:29 utils.py:140] ==================================
I 03-17 23:01:49 utils.py:131] === Checking the job status... ===
I 03-17 23:01:50 utils.py:137] Job status: JobStatus.RUNNING
I 03-17 23:01:50 utils.py:140] ==================================
I 03-17 23:02:10 utils.py:131] === Checking the job status... ===
I 03-17 23:02:11 utils.py:137] Job status: JobStatus.RUNNING
I 03-17 23:02:11 utils.py:140] ==================================
I 03-17 23:02:31 utils.py:131] === Checking the job status... ===
I 03-17 23:02:32 utils.py:137] Job status: JobStatus.RUNNING
I 03-17 23:02:32 utils.py:140] ==================================
I 03-17 23:02:52 utils.py:131] === Checking the job status... ===
I 03-17 23:02:53 utils.py:137] Job status: JobStatus.RUNNING
I 03-17 23:02:53 utils.py:140] ==================================
I 03-17 23:03:13 utils.py:131] === Checking the job status... ===
I 03-17 23:03:14 utils.py:137] Job status: JobStatus.RUNNING
I 03-17 23:03:14 utils.py:140] ==================================
I 03-17 23:03:34 utils.py:131] === Checking the job status... ===
I 03-17 23:03:35 utils.py:137] Job status: JobStatus.RUNNING
I 03-17 23:03:35 utils.py:140] ==================================
I 03-17 23:03:55 utils.py:131] === Checking the job status... ===
I 03-17 23:03:55 utils.py:137] Job status: JobStatus.RUNNING
I 03-17 23:03:55 utils.py:140] ==================================
I 03-17 23:04:16 utils.py:131] === Checking the job status... ===
I 03-17 23:04:16 utils.py:137] Job status: JobStatus.RUNNING
I 03-17 23:04:16 utils.py:140] ==================================
I 03-17 23:04:37 utils.py:131] === Checking the job status... ===
I 03-17 23:04:37 utils.py:137] Job status: JobStatus.RUNNING
I 03-17 23:04:37 utils.py:140] ==================================
I 03-17 23:04:57 utils.py:131] === Checking the job status... ===
I 03-17 23:04:58 utils.py:137] Job status: JobStatus.RUNNING
I 03-17 23:04:58 utils.py:140] ==================================
I 03-17 23:05:18 utils.py:131] === Checking the job status... ===
I 03-17 23:05:19 utils.py:137] Job status: JobStatus.RUNNING
I 03-17 23:05:19 utils.py:140] ==================================
I 03-17 23:05:39 utils.py:131] === Checking the job status... ===
I 03-17 23:05:40 utils.py:137] Job status: JobStatus.RUNNING
I 03-17 23:05:40 utils.py:140] ==================================
I 03-17 23:06:00 utils.py:131] === Checking the job status... ===
I 03-17 23:06:01 utils.py:137] Job status: JobStatus.RUNNING
I 03-17 23:06:01 utils.py:140] ==================================
I 03-17 23:06:21 utils.py:131] === Checking the job status... ===
I 03-17 23:06:22 utils.py:137] Job status: JobStatus.RUNNING
I 03-17 23:06:22 utils.py:140] ==================================
I 03-17 23:06:42 utils.py:131] === Checking the job status... ===
I 03-17 23:06:43 utils.py:137] Job status: JobStatus.RUNNING
I 03-17 23:06:43 utils.py:140] ==================================
I 03-17 23:07:03 utils.py:131] === Checking the job status... ===
I 03-17 23:07:03 utils.py:137] Job status: JobStatus.RUNNING
I 03-17 23:07:03 utils.py:140] ==================================
I 03-17 23:07:24 utils.py:131] === Checking the job status... ===
I 03-17 23:07:24 utils.py:137] Job status: JobStatus.RUNNING
I 03-17 23:07:24 utils.py:140] ==================================
I 03-17 23:07:44 utils.py:131] === Checking the job status... ===
I 03-17 23:07:45 utils.py:137] Job status: JobStatus.RUNNING
I 03-17 23:07:45 utils.py:140] ==================================
I 03-17 23:08:05 utils.py:131] === Checking the job status... ===
I 03-17 23:08:06 utils.py:137] Job status: JobStatus.RUNNING
I 03-17 23:08:06 utils.py:140] ==================================
I 03-17 23:08:26 utils.py:131] === Checking the job status... ===
I 03-17 23:08:27 utils.py:137] Job status: JobStatus.RUNNING
I 03-17 23:08:27 utils.py:140] ==================================
I 03-17 23:08:47 utils.py:131] === Checking the job status... ===
I 03-17 23:08:48 utils.py:137] Job status: JobStatus.RUNNING
I 03-17 23:08:48 utils.py:140] ==================================
I 03-17 23:09:08 utils.py:131] === Checking the job status... ===
I 03-17 23:09:09 utils.py:137] Job status: JobStatus.RUNNING
I 03-17 23:09:09 utils.py:140] ==================================
I 03-17 23:09:29 utils.py:131] === Checking the job status... ===
I 03-17 23:09:30 utils.py:137] Job status: JobStatus.RUNNING
I 03-17 23:09:30 utils.py:140] ==================================
I 03-17 23:09:50 utils.py:131] === Checking the job status... ===
I 03-17 23:09:51 utils.py:137] Job status: JobStatus.RUNNING
I 03-17 23:09:51 utils.py:140] ==================================
I 03-17 23:10:11 utils.py:131] === Checking the job status... ===
I 03-17 23:10:12 utils.py:137] Job status: JobStatus.RUNNING
I 03-17 23:10:12 utils.py:140] ==================================
I 03-17 23:10:32 utils.py:131] === Checking the job status... ===
I 03-17 23:10:32 utils.py:137] Job status: JobStatus.RUNNING
I 03-17 23:10:32 utils.py:140] ==================================
I 03-17 23:10:53 utils.py:131] === Checking the job status... ===
I 03-17 23:10:53 utils.py:137] Job status: JobStatus.RUNNING
I 03-17 23:10:53 utils.py:140] ==================================
I 03-17 23:11:14 utils.py:131] === Checking the job status... ===
I 03-17 23:11:14 utils.py:137] Job status: JobStatus.RUNNING
I 03-17 23:11:14 utils.py:140] ==================================
I 03-17 23:11:34 utils.py:131] === Checking the job status... ===
I 03-17 23:11:35 utils.py:137] Job status: JobStatus.RUNNING
I 03-17 23:11:35 utils.py:140] ==================================
I 03-17 23:11:55 utils.py:131] === Checking the job status... ===
I 03-17 23:11:56 utils.py:137] Job status: JobStatus.RUNNING
I 03-17 23:11:56 utils.py:140] ==================================
I 03-17 23:12:16 utils.py:131] === Checking the job status... ===
I 03-17 23:12:17 utils.py:137] Job status: JobStatus.RUNNING
I 03-17 23:12:17 utils.py:140] ==================================
I 03-17 23:12:37 utils.py:131] === Checking the job status... ===
I 03-17 23:12:38 utils.py:137] Job status: JobStatus.RUNNING
I 03-17 23:12:38 utils.py:140] ==================================
I 03-17 23:12:58 utils.py:131] === Checking the job status... ===
I 03-17 23:12:59 utils.py:137] Job status: JobStatus.RUNNING
I 03-17 23:12:59 utils.py:140] ==================================
I 03-17 23:13:19 utils.py:131] === Checking the job status... ===
I 03-17 23:13:20 utils.py:137] Job status: JobStatus.RUNNING
I 03-17 23:13:20 utils.py:140] ==================================
I 03-17 23:13:40 utils.py:131] === Checking the job status... ===
I 03-17 23:13:41 utils.py:137] Job status: JobStatus.RUNNING
I 03-17 23:13:41 utils.py:140] ==================================
I 03-17 23:14:01 utils.py:131] === Checking the job status... ===
I 03-17 23:14:02 utils.py:137] Job status: JobStatus.RUNNING
I 03-17 23:14:02 utils.py:140] ==================================
I 03-17 23:14:22 utils.py:131] === Checking the job status... ===
I 03-17 23:14:22 utils.py:137] Job status: JobStatus.RUNNING
I 03-17 23:14:22 utils.py:140] ==================================
I 03-17 23:14:43 utils.py:131] === Checking the job status... ===
I 03-17 23:14:43 utils.py:137] Job status: JobStatus.RUNNING
I 03-17 23:14:43 utils.py:140] ==================================
I 03-17 23:15:03 utils.py:131] === Checking the job status... ===
I 03-17 23:15:04 utils.py:137] Job status: JobStatus.RUNNING
I 03-17 23:15:04 utils.py:140] ==================================
I 03-17 23:15:24 utils.py:131] === Checking the job status... ===
I 03-17 23:15:25 utils.py:137] Job status: JobStatus.RUNNING
I 03-17 23:15:25 utils.py:140] ==================================
I 03-17 23:15:45 utils.py:131] === Checking the job status... ===
I 03-17 23:15:46 utils.py:137] Job status: JobStatus.RUNNING
I 03-17 23:15:46 utils.py:140] ==================================
I 03-17 23:16:06 utils.py:131] === Checking the job status... ===
I 03-17 23:16:07 utils.py:137] Job status: JobStatus.RUNNING
I 03-17 23:16:07 utils.py:140] ==================================
I 03-17 23:16:27 utils.py:131] === Checking the job status... ===
I 03-17 23:16:28 utils.py:137] Job status: JobStatus.RUNNING
I 03-17 23:16:28 utils.py:140] ==================================
I 03-17 23:16:48 utils.py:131] === Checking the job status... ===
I 03-17 23:16:49 utils.py:137] Job status: JobStatus.RUNNING
I 03-17 23:16:49 utils.py:140] ==================================
I 03-17 23:17:09 utils.py:131] === Checking the job status... ===
I 03-17 23:17:10 utils.py:137] Job status: JobStatus.RUNNING
I 03-17 23:17:10 utils.py:140] ==================================
I 03-17 23:17:30 utils.py:131] === Checking the job status... ===
I 03-17 23:17:30 utils.py:137] Job status: JobStatus.RUNNING
I 03-17 23:17:30 utils.py:140] ==================================
I 03-17 23:17:51 utils.py:131] === Checking the job status... ===
I 03-17 23:17:51 utils.py:137] Job status: JobStatus.RUNNING
I 03-17 23:17:51 utils.py:140] ==================================
I 03-17 23:18:11 utils.py:131] === Checking the job status... ===
I 03-17 23:18:12 utils.py:137] Job status: JobStatus.RUNNING
I 03-17 23:18:12 utils.py:140] ==================================
I 03-17 23:18:32 utils.py:131] === Checking the job status... ===
I 03-17 23:18:33 utils.py:137] Job status: JobStatus.RUNNING
I 03-17 23:18:33 utils.py:140] ==================================
I 03-17 23:18:53 utils.py:131] === Checking the job status... ===
I 03-17 23:18:54 utils.py:137] Job status: JobStatus.RUNNING
I 03-17 23:18:54 utils.py:140] ==================================
I 03-17 23:19:14 utils.py:131] === Checking the job status... ===
I 03-17 23:19:15 utils.py:137] Job status: JobStatus.RUNNING
I 03-17 23:19:15 utils.py:140] ==================================
I 03-17 23:19:35 utils.py:131] === Checking the job status... ===
I 03-17 23:19:36 utils.py:137] Job status: JobStatus.RUNNING
I 03-17 23:19:36 utils.py:140] ==================================
I 03-17 23:19:56 utils.py:131] === Checking the job status... ===
I 03-17 23:19:56 utils.py:137] Job status: JobStatus.RUNNING
I 03-17 23:19:56 utils.py:140] ==================================
I 03-17 23:20:17 utils.py:131] === Checking the job status... ===
I 03-17 23:20:17 utils.py:137] Job status: JobStatus.RUNNING
I 03-17 23:20:17 utils.py:140] ==================================
I 03-17 23:20:37 utils.py:131] === Checking the job status... ===
I 03-17 23:20:38 utils.py:137] Job status: JobStatus.RUNNING
I 03-17 23:20:38 utils.py:140] ==================================
I 03-17 23:20:58 utils.py:131] === Checking the job status... ===
I 03-17 23:20:59 utils.py:137] Job status: JobStatus.RUNNING
I 03-17 23:20:59 utils.py:140] ==================================
I 03-17 23:21:19 utils.py:131] === Checking the job status... ===
I 03-17 23:21:20 utils.py:137] Job status: JobStatus.RUNNING
I 03-17 23:21:20 utils.py:140] ==================================
I 03-17 23:21:40 utils.py:131] === Checking the job status... ===
I 03-17 23:21:41 utils.py:137] Job status: JobStatus.RUNNING
I 03-17 23:21:41 utils.py:140] ==================================
I 03-17 23:22:01 utils.py:131] === Checking the job status... ===
I 03-17 23:22:02 utils.py:137] Job status: JobStatus.RUNNING
I 03-17 23:22:02 utils.py:140] ==================================
I 03-17 23:22:22 utils.py:131] === Checking the job status... ===
I 03-17 23:22:23 utils.py:137] Job status: JobStatus.RUNNING
I 03-17 23:22:23 utils.py:140] ==================================
I 03-17 23:22:43 utils.py:131] === Checking the job status... ===
I 03-17 23:22:44 utils.py:137] Job status: JobStatus.RUNNING
I 03-17 23:22:44 utils.py:140] ==================================
I 03-17 23:23:04 utils.py:131] === Checking the job status... ===
I 03-17 23:23:05 utils.py:137] Job status: JobStatus.RUNNING
I 03-17 23:23:05 utils.py:140] ==================================
I 03-17 23:23:25 utils.py:131] === Checking the job status... ===
I 03-17 23:23:26 utils.py:137] Job status: JobStatus.RUNNING
I 03-17 23:23:26 utils.py:140] ==================================
I 03-17 23:23:46 utils.py:131] === Checking the job status... ===
I 03-17 23:23:46 utils.py:137] Job status: JobStatus.RUNNING
I 03-17 23:23:46 utils.py:140] ==================================
I 03-17 23:24:06 utils.py:131] === Checking the job status... ===
I 03-17 23:24:07 utils.py:137] Job status: JobStatus.RUNNING
I 03-17 23:24:07 utils.py:140] ==================================
I 03-17 23:24:27 utils.py:131] === Checking the job status... ===
I 03-17 23:24:28 utils.py:137] Job status: JobStatus.RUNNING
I 03-17 23:24:28 utils.py:140] ==================================
I 03-17 23:24:48 utils.py:131] === Checking the job status... ===
I 03-17 23:24:49 utils.py:137] Job status: JobStatus.RUNNING
I 03-17 23:24:49 utils.py:140] ==================================
I 03-17 23:25:09 utils.py:131] === Checking the job status... ===
I 03-17 23:25:10 utils.py:137] Job status: JobStatus.RUNNING
I 03-17 23:25:10 utils.py:140] ==================================
I 03-17 23:25:30 utils.py:131] === Checking the job status... ===
I 03-17 23:25:31 utils.py:137] Job status: JobStatus.RUNNING
I 03-17 23:25:31 utils.py:140] ==================================
I 03-17 23:25:51 utils.py:131] === Checking the job status... ===
I 03-17 23:25:52 utils.py:137] Job status: JobStatus.RUNNING
I 03-17 23:25:52 utils.py:140] ==================================
I 03-17 23:26:12 utils.py:131] === Checking the job status... ===
I 03-17 23:26:13 utils.py:137] Job status: JobStatus.RUNNING
I 03-17 23:26:13 utils.py:140] ==================================
I 03-17 23:26:33 utils.py:131] === Checking the job status... ===
I 03-17 23:26:34 utils.py:137] Job status: JobStatus.RUNNING
I 03-17 23:26:34 utils.py:140] ==================================
I 03-17 23:26:54 utils.py:131] === Checking the job status... ===
I 03-17 23:26:54 utils.py:137] Job status: JobStatus.RUNNING
I 03-17 23:26:54 utils.py:140] ==================================
I 03-17 23:27:15 utils.py:131] === Checking the job status... ===
I 03-17 23:27:15 utils.py:137] Job status: JobStatus.RUNNING
I 03-17 23:27:15 utils.py:140] ==================================
I 03-17 23:27:35 utils.py:131] === Checking the job status... ===
I 03-17 23:27:36 utils.py:137] Job status: JobStatus.RUNNING
I 03-17 23:27:36 utils.py:140] ==================================
I 03-17 23:27:56 utils.py:131] === Checking the job status... ===
I 03-17 23:27:57 utils.py:137] Job status: JobStatus.RUNNING
I 03-17 23:27:57 utils.py:140] ==================================
I 03-17 23:28:17 utils.py:131] === Checking the job status... ===
I 03-17 23:28:18 utils.py:137] Job status: JobStatus.RUNNING
I 03-17 23:28:18 utils.py:140] ==================================
I 03-17 23:28:38 utils.py:131] === Checking the job status... ===
I 03-17 23:28:39 utils.py:137] Job status: JobStatus.RUNNING
I 03-17 23:28:39 utils.py:140] ==================================
I 03-17 23:28:59 utils.py:131] === Checking the job status... ===
I 03-17 23:29:00 utils.py:137] Job status: JobStatus.RUNNING
I 03-17 23:29:00 utils.py:140] ==================================
I 03-17 23:29:20 utils.py:131] === Checking the job status... ===
I 03-17 23:29:21 utils.py:137] Job status: JobStatus.RUNNING
I 03-17 23:29:21 utils.py:140] ==================================
I 03-17 23:29:41 utils.py:131] === Checking the job status... ===
I 03-17 23:29:41 utils.py:137] Job status: JobStatus.RUNNING
I 03-17 23:29:41 utils.py:140] ==================================
I 03-17 23:30:01 utils.py:131] === Checking the job status... ===
I 03-17 23:30:02 utils.py:137] Job status: JobStatus.RUNNING
I 03-17 23:30:02 utils.py:140] ==================================
I 03-17 23:30:22 utils.py:131] === Checking the job status... ===
I 03-17 23:30:23 utils.py:137] Job status: JobStatus.RUNNING
I 03-17 23:30:23 utils.py:140] ==================================
I 03-17 23:30:43 utils.py:131] === Checking the job status... ===
I 03-17 23:30:44 utils.py:137] Job status: JobStatus.RUNNING
I 03-17 23:30:44 utils.py:140] ==================================
I 03-17 23:31:04 utils.py:131] === Checking the job status... ===
I 03-17 23:31:05 utils.py:137] Job status: JobStatus.RUNNING
I 03-17 23:31:05 utils.py:140] ==================================
I 03-17 23:31:25 utils.py:131] === Checking the job status... ===
I 03-17 23:31:26 utils.py:137] Job status: JobStatus.RUNNING
I 03-17 23:31:26 utils.py:140] ==================================
I 03-17 23:31:46 utils.py:131] === Checking the job status... ===
I 03-17 23:31:47 utils.py:137] Job status: JobStatus.RUNNING
I 03-17 23:31:47 utils.py:140] ==================================
I 03-17 23:32:07 utils.py:131] === Checking the job status... ===
I 03-17 23:32:07 utils.py:137] Job status: JobStatus.RUNNING
I 03-17 23:32:07 utils.py:140] ==================================
I 03-17 23:32:28 utils.py:131] === Checking the job status... ===
I 03-17 23:32:28 utils.py:137] Job status: JobStatus.RUNNING
I 03-17 23:32:28 utils.py:140] ==================================
I 03-17 23:32:48 utils.py:131] === Checking the job status... ===
I 03-17 23:32:49 utils.py:137] Job status: JobStatus.RUNNING
I 03-17 23:32:49 utils.py:140] ==================================
I 03-17 23:33:09 utils.py:131] === Checking the job status... ===
I 03-17 23:33:10 utils.py:137] Job status: JobStatus.RUNNING
I 03-17 23:33:10 utils.py:140] ==================================
I 03-17 23:33:30 utils.py:131] === Checking the job status... ===
I 03-17 23:33:31 utils.py:137] Job status: JobStatus.RUNNING
I 03-17 23:33:31 utils.py:140] ==================================
I 03-17 23:33:51 utils.py:131] === Checking the job status... ===
I 03-17 23:33:52 utils.py:137] Job status: JobStatus.RUNNING
I 03-17 23:33:52 utils.py:140] ==================================
I 03-17 23:34:12 utils.py:131] === Checking the job status... ===
I 03-17 23:34:13 utils.py:137] Job status: JobStatus.RUNNING
I 03-17 23:34:13 utils.py:140] ==================================
I 03-17 23:34:33 utils.py:131] === Checking the job status... ===
I 03-17 23:34:33 utils.py:137] Job status: JobStatus.RUNNING
I 03-17 23:34:33 utils.py:140] ==================================
I 03-17 23:34:54 utils.py:131] === Checking the job status... ===
I 03-17 23:34:54 utils.py:137] Job status: JobStatus.RUNNING
I 03-17 23:34:54 utils.py:140] ==================================
I 03-17 23:35:14 utils.py:131] === Checking the job status... ===
I 03-17 23:35:15 utils.py:137] Job status: JobStatus.RUNNING
I 03-17 23:35:15 utils.py:140] ==================================
I 03-17 23:35:35 utils.py:131] === Checking the job status... ===
I 03-17 23:35:36 utils.py:137] Job status: JobStatus.RUNNING
I 03-17 23:35:36 utils.py:140] ==================================
I 03-17 23:35:56 utils.py:131] === Checking the job status... ===
I 03-17 23:35:57 utils.py:137] Job status: JobStatus.RUNNING
I 03-17 23:35:57 utils.py:140] ==================================
I 03-17 23:36:17 utils.py:131] === Checking the job status... ===
I 03-17 23:36:18 utils.py:137] Job status: JobStatus.RUNNING
I 03-17 23:36:18 utils.py:140] ==================================
I 03-17 23:36:38 utils.py:131] === Checking the job status... ===
I 03-17 23:36:39 utils.py:137] Job status: JobStatus.RUNNING
I 03-17 23:36:39 utils.py:140] ==================================
I 03-17 23:36:59 utils.py:131] === Checking the job status... ===
I 03-17 23:36:59 utils.py:137] Job status: JobStatus.RUNNING
I 03-17 23:36:59 utils.py:140] ==================================
I 03-17 23:37:20 utils.py:131] === Checking the job status... ===
I 03-17 23:37:20 utils.py:137] Job status: JobStatus.RUNNING
I 03-17 23:37:20 utils.py:140] ==================================
I 03-17 23:37:40 utils.py:131] === Checking the job status... ===
I 03-17 23:37:41 utils.py:137] Job status: JobStatus.RUNNING
I 03-17 23:37:41 utils.py:140] ==================================
I 03-17 23:38:01 utils.py:131] === Checking the job status... ===
I 03-17 23:38:02 utils.py:137] Job status: JobStatus.RUNNING
I 03-17 23:38:02 utils.py:140] ==================================
I 03-17 23:38:22 utils.py:131] === Checking the job status... ===
I 03-17 23:38:23 utils.py:137] Job status: JobStatus.RUNNING
I 03-17 23:38:23 utils.py:140] ==================================
I 03-17 23:38:43 utils.py:131] === Checking the job status... ===
I 03-17 23:38:44 utils.py:137] Job status: JobStatus.RUNNING
I 03-17 23:38:44 utils.py:140] ==================================
I 03-17 23:39:04 utils.py:131] === Checking the job status... ===
I 03-17 23:39:05 utils.py:137] Job status: JobStatus.RUNNING
I 03-17 23:39:05 utils.py:140] ==================================
I 03-17 23:39:25 utils.py:131] === Checking the job status... ===
I 03-17 23:39:26 utils.py:137] Job status: JobStatus.RUNNING
I 03-17 23:39:26 utils.py:140] ==================================
I 03-17 23:39:46 utils.py:131] === Checking the job status... ===
I 03-17 23:39:47 utils.py:137] Job status: JobStatus.RUNNING
I 03-17 23:39:47 utils.py:140] ==================================
I 03-17 23:40:07 utils.py:131] === Checking the job status... ===
I 03-17 23:40:07 utils.py:137] Job status: JobStatus.RUNNING
I 03-17 23:40:07 utils.py:140] ==================================
I 03-17 23:40:28 utils.py:131] === Checking the job status... ===
I 03-17 23:40:28 utils.py:137] Job status: JobStatus.RUNNING
I 03-17 23:40:28 utils.py:140] ==================================
I 03-17 23:40:48 utils.py:131] === Checking the job status... ===
I 03-17 23:40:49 utils.py:137] Job status: JobStatus.RUNNING
I 03-17 23:40:49 utils.py:140] ==================================
I 03-17 23:41:09 utils.py:131] === Checking the job status... ===
I 03-17 23:41:10 utils.py:137] Job status: JobStatus.RUNNING
I 03-17 23:41:10 utils.py:140] ==================================
I 03-17 23:41:30 utils.py:131] === Checking the job status... ===
I 03-17 23:41:31 utils.py:137] Job status: JobStatus.RUNNING
I 03-17 23:41:31 utils.py:140] ==================================
I 03-17 23:41:51 utils.py:131] === Checking the job status... ===
I 03-17 23:41:52 utils.py:137] Job status: JobStatus.RUNNING
I 03-17 23:41:52 utils.py:140] ==================================
I 03-17 23:42:12 utils.py:131] === Checking the job status... ===
I 03-17 23:42:13 utils.py:137] Job status: JobStatus.RUNNING
I 03-17 23:42:13 utils.py:140] ==================================
I 03-17 23:42:33 utils.py:131] === Checking the job status... ===
I 03-17 23:42:34 utils.py:137] Job status: JobStatus.RUNNING
I 03-17 23:42:34 utils.py:140] ==================================
I 03-17 23:42:54 utils.py:131] === Checking the job status... ===
I 03-17 23:42:55 utils.py:137] Job status: JobStatus.RUNNING
I 03-17 23:42:55 utils.py:140] ==================================
I 03-17 23:43:15 utils.py:131] === Checking the job status... ===
I 03-17 23:43:15 utils.py:137] Job status: JobStatus.RUNNING
I 03-17 23:43:15 utils.py:140] ==================================
I 03-17 23:43:35 utils.py:131] === Checking the job status... ===
I 03-17 23:43:36 utils.py:137] Job status: JobStatus.RUNNING
I 03-17 23:43:36 utils.py:140] ==================================
I 03-17 23:43:56 utils.py:131] === Checking the job status... ===
I 03-17 23:43:57 utils.py:137] Job status: JobStatus.RUNNING
I 03-17 23:43:57 utils.py:140] ==================================
I 03-17 23:44:17 utils.py:131] === Checking the job status... ===
I 03-17 23:44:18 utils.py:137] Job status: JobStatus.RUNNING
I 03-17 23:44:18 utils.py:140] ==================================
I 03-17 23:44:38 utils.py:131] === Checking the job status... ===
I 03-17 23:44:39 utils.py:137] Job status: JobStatus.RUNNING
I 03-17 23:44:39 utils.py:140] ==================================
I 03-17 23:44:59 utils.py:131] === Checking the job status... ===
I 03-17 23:45:00 utils.py:137] Job status: JobStatus.RUNNING
I 03-17 23:45:00 utils.py:140] ==================================
I 03-17 23:45:20 utils.py:131] === Checking the job status... ===
I 03-17 23:45:21 utils.py:137] Job status: JobStatus.RUNNING
I 03-17 23:45:21 utils.py:140] ==================================
I 03-17 23:45:41 utils.py:131] === Checking the job status... ===
I 03-17 23:45:42 utils.py:137] Job status: JobStatus.RUNNING
I 03-17 23:45:42 utils.py:140] ==================================
I 03-17 23:46:02 utils.py:131] === Checking the job status... ===
I 03-17 23:46:03 utils.py:137] Job status: JobStatus.RUNNING
I 03-17 23:46:03 utils.py:140] ==================================
I 03-17 23:46:23 utils.py:131] === Checking the job status... ===
I 03-17 23:46:24 utils.py:137] Job status: JobStatus.RUNNING
I 03-17 23:46:24 utils.py:140] ==================================
I 03-17 23:46:44 utils.py:131] === Checking the job status... ===
I 03-17 23:46:45 utils.py:137] Job status: JobStatus.RUNNING
I 03-17 23:46:45 utils.py:140] ==================================
I 03-17 23:47:05 utils.py:131] === Checking the job status... ===
I 03-17 23:47:06 utils.py:137] Job status: JobStatus.RUNNING
I 03-17 23:47:06 utils.py:140] ==================================
I 03-17 23:47:26 utils.py:131] === Checking the job status... ===
I 03-17 23:47:26 utils.py:137] Job status: JobStatus.RUNNING
I 03-17 23:47:26 utils.py:140] ==================================
