I 03-17 21:15:21 controller.py:59] DAG:
I 03-17 21:15:21 controller.py:59] [Task<name=compute-text-vectors>(run='# Initialize and dow...')
I 03-17 21:15:21 controller.py:59]   resources: {AWS([Spot], cpus=4, {'L4': 1}), AWS(cpus=4, {'L4': 1})}]
I 03-17 21:15:21 controller.py:195] Submitted managed job 11 (task: 0, name: 'compute-text-vectors'); SKYPILOT_TASK_ID: sky-managed-2025-03-17-21-15-21-194465_compute-text-vectors_11-0
I 03-17 21:15:21 controller.py:199] Started monitoring.
I 03-17 21:15:21 state.py:451] Launching the spot cluster...
I 03-17 21:15:21 storage.py:1058] Storage type StoreType.S3 already exists.
<sky-payload>"<rich_init>[bold cyan]Optimizing[/]</rich_init>"</sky-payload>
<sky-payload>"<rich_update>[bold cyan]Optimizing[/]</rich_update>"</sky-payload>
<sky-payload>"<rich_start>[bold cyan]Optimizing[/]</rich_start>"</sky-payload>
I 03-17 21:15:22 optimizer.py:736] [1mTarget:[0m minimizing cost
I 03-17 21:15:22 optimizer.py:749] [1mEstimated cost: [0m$0.2 / hour
I 03-17 21:15:22 optimizer.py:749] 
I 03-17 21:15:22 optimizer.py:884] Considered resources (1 node):
I 03-17 21:15:22 optimizer.py:952] ----------------------------------------------------------------------------------------------
I 03-17 21:15:22 optimizer.py:952]  CLOUD   INSTANCE          vCPUs   Mem(GB)   ACCELERATORS   REGION/ZONE   COST ($)   CHOSEN   
I 03-17 21:15:22 optimizer.py:952] ----------------------------------------------------------------------------------------------
I 03-17 21:15:22 optimizer.py:952]  AWS     g6.xlarge[Spot]   4       16        L4:1           ap-south-1b   0.22       [32m   ✔[0m     
I 03-17 21:15:22 optimizer.py:952]  AWS     g6.xlarge         4       16        L4:1           us-east-1     0.80                
I 03-17 21:15:22 optimizer.py:952] ----------------------------------------------------------------------------------------------
<sky-payload>"<rich_exit></rich_exit>"</sky-payload>
<sky-payload>"<rich_init>[bold cyan]Launching[/]</rich_init>"</sky-payload>
<sky-payload>"<rich_update>[bold cyan]Launching[/]</rich_update>"</sky-payload>
<sky-payload>"<rich_start>[bold cyan]Launching[/]</rich_start>"</sky-payload>
<sky-payload>"<rich_update>[bold cyan]Launching[/]  \u001b[2mView logs: sky api logs -l sky-2025-03-17-21-15-21-818139/provision.log\u001b[0m</rich_update>"</sky-payload>
<sky-payload>"<rich_update>[bold cyan]Launching[/]  \u001b[2mView logs: sky api logs -l sky-2025-03-17-21-15-21-818139/provision.log\u001b[0m</rich_update>"</sky-payload>
I 03-17 21:15:22 cloud_vm_ray_backend.py:1520] [0m⚙︎ Launching on AWS ap-south-1[0m (ap-south-1b).
W 03-17 21:15:28 cloud_vm_ray_backend.py:2061] sky.exceptions.ResourcesUnavailableError: Failed to acquire resources in ap-south-1b for {AWS([Spot], cpus=4, {'L4': 1}), AWS(cpus=4, {'L4': 1})}. 
W 03-17 21:15:28 cloud_vm_ray_backend.py:2097] 
W 03-17 21:15:28 cloud_vm_ray_backend.py:2097] [0m[33m↺[0m Trying other potential resources.
<sky-payload>"<rich_update>[bold cyan]Looking for resources[/]  \u001b[2mView logs: sky api logs -l sky-2025-03-17-21-15-21-818139/provision.log\u001b[0m</rich_update>"</sky-payload>
<sky-payload>"<rich_update>[bold cyan]Optimizing[/]</rich_update>"</sky-payload>
<sky-payload>"<rich_start>[bold cyan]Launching[/]</rich_start>"</sky-payload>
I 03-17 21:15:29 optimizer.py:736] [1mTarget:[0m minimizing cost
I 03-17 21:15:29 optimizer.py:749] [1mEstimated cost: [0m$0.2 / hour
I 03-17 21:15:29 optimizer.py:749] 
I 03-17 21:15:29 optimizer.py:884] Considered resources (1 node):
I 03-17 21:15:29 optimizer.py:952] ----------------------------------------------------------------------------------------------
I 03-17 21:15:29 optimizer.py:952]  CLOUD   INSTANCE          vCPUs   Mem(GB)   ACCELERATORS   REGION/ZONE   COST ($)   CHOSEN   
I 03-17 21:15:29 optimizer.py:952] ----------------------------------------------------------------------------------------------
I 03-17 21:15:29 optimizer.py:952]  AWS     g6.xlarge[Spot]   4       16        L4:1           ap-south-1a   0.25       [32m   ✔[0m     
I 03-17 21:15:29 optimizer.py:952]  AWS     g6.xlarge         4       16        L4:1           us-east-1     0.80                
I 03-17 21:15:29 optimizer.py:952] ----------------------------------------------------------------------------------------------
<sky-payload>"<rich_update>[bold cyan]Looking for resources[/]  \u001b[2mView logs: sky api logs -l sky-2025-03-17-21-15-21-818139/provision.log\u001b[0m</rich_update>"</sky-payload>
<sky-payload>"<rich_update>[bold cyan]Launching[/]  \u001b[2mView logs: sky api logs -l sky-2025-03-17-21-15-21-818139/provision.log\u001b[0m</rich_update>"</sky-payload>
I 03-17 21:15:29 cloud_vm_ray_backend.py:1520] [0m⚙︎ Launching on AWS ap-south-1[0m (ap-south-1a).
<sky-payload>"<rich_update>[bold cyan]Launching - Checking instance status[/]  \u001b[2mView logs: sky api logs -l sky-2025-03-17-21-15-21-818139/provision.log\u001b[0m</rich_update>"</sky-payload>
<sky-payload>"<rich_update>[bold cyan]Launching - Waiting for SSH access[/]  \u001b[2mView logs: sky api logs -l sky-2025-03-17-21-15-21-818139/provision.log\u001b[0m</rich_update>"</sky-payload>
<sky-payload>"<rich_start>[bold cyan]Launching[/]</rich_start>"</sky-payload>
I 03-17 21:16:03 provisioner.py:451] [2m└── [0m[2mInstance is up.[0m
<sky-payload>"<rich_update>[bold cyan]Preparing SkyPilot runtime (1/3 - initializing)[/]  \u001b[2mView logs: sky api logs -l sky-2025-03-17-21-15-21-818139/provision.log\u001b[0m</rich_update>"</sky-payload>
<sky-payload>"<rich_update>[bold cyan]Preparing SkyPilot runtime (2/3 - dependencies)[/]  \u001b[2mView logs: sky api logs -l sky-2025-03-17-21-15-21-818139/provision.log\u001b[0m</rich_update>"</sky-payload>
<sky-payload>"<rich_update>[bold cyan]Preparing SkyPilot runtime (3/3 - runtime)[/]  \u001b[2mView logs: sky api logs -l sky-2025-03-17-21-15-21-818139/provision.log\u001b[0m</rich_update>"</sky-payload>
<sky-payload>"<rich_update>[bold cyan]Launching - Checking instance status[/]  \u001b[2mView logs: sky api logs -l sky-2025-03-17-21-15-21-818139/provision.log\u001b[0m</rich_update>"</sky-payload>
I 03-17 21:16:30 provisioner.py:632] [0m[32m✓ Cluster launched: compute-text-vectors-11.[0m  [2mView logs: sky api logs -l sky-2025-03-17-21-15-21-818139/provision.log[0m
<sky-payload>"<rich_exit></rich_exit>"</sky-payload>
I 03-17 21:16:31 execution.py:332] [0m⚙︎ Syncing files.
<sky-payload>"<rich_init>[bold cyan]Syncing files[/]</rich_init>"</sky-payload>
<sky-payload>"<rich_update>[bold cyan]Syncing files[/]</rich_update>"</sky-payload>
<sky-payload>"<rich_start>[bold cyan]Syncing files[/]</rich_start>"</sky-payload>
<sky-payload>"<rich_update>[bold cyan]Syncing file mounts[/]  \u001b[2mView logs: sky api logs -l sky-2025-03-17-21-15-21-818139/file_mounts.log\u001b[0m</rich_update>"</sky-payload>
I 03-17 21:16:31 backend_utils.py:1315]   [2mSyncing (to 1 node): s3://skypilot-filemounts-root-726f1974-x4l1wwj4/job-x4l1wwj4/workdir -> ~/sky_workdir[0m
I 03-17 21:16:34 cloud_vm_ray_backend.py:4801] [0m[32m✓ Synced file_mounts.[0m  [2mView logs: sky api logs -l sky-2025-03-17-21-15-21-818139/file_mounts.log[0m
<sky-payload>"<rich_update>[bold cyan]Mounting 1 storage[/]  \u001b[2mView logs: sky api logs -l sky-2025-03-17-21-15-21-818139/storage_mounts.log\u001b[0m</rich_update>"</sky-payload>
I 03-17 21:16:34 backend_utils.py:1315]   [2mMounting (to 1 node): s3://sky-text-embeddings-multi-cluster-final-2 -> /output[0m
I 03-17 21:16:38 cloud_vm_ray_backend.py:4892] [0m[32m✓ Storage mounted.[0m  [2mView logs: sky api logs -l sky-2025-03-17-21-15-21-818139/storage_mounts.log[0m
<sky-payload>"<rich_exit></rich_exit>"</sky-payload>
<sky-payload>"<rich_init>[bold cyan]Running setup[/]</rich_init>"</sky-payload>
<sky-payload>"<rich_update>[bold cyan]Running setup[/]</rich_update>"</sky-payload>
<sky-payload>"<rich_start>[bold cyan]Running setup[/]</rich_start>"</sky-payload>
<sky-payload>"<rich_stop></rich_stop>"</sky-payload>
I 03-17 21:16:42 cloud_vm_ray_backend.py:3357] [0m[32m✓ Setup detached.[0m
<sky-payload>"<rich_exit></rich_exit>"</sky-payload>
<sky-payload>"<rich_init>[bold cyan]Submitting job[/]</rich_init>"</sky-payload>
<sky-payload>"<rich_update>[bold cyan]Submitting job[/]</rich_update>"</sky-payload>
<sky-payload>"<rich_start>[bold cyan]Submitting job[/]</rich_start>"</sky-payload>
I 03-17 21:16:43 cloud_vm_ray_backend.py:3546] Multiple resources are specified for the task, using: AWS([Spot], cpus=4, {'L4': 1})
I 03-17 21:16:45 cloud_vm_ray_backend.py:3460] [0m⚙︎ Job submitted, ID: 1
<sky-payload>"<rich_stop></rich_stop>"</sky-payload>
<sky-payload>"<rich_exit></rich_exit>"</sky-payload>

[?25hI 03-17 21:16:45 recovery_strategy.py:289] Managed job cluster launched.
I 03-17 21:16:49 utils.py:131] === Checking the job status... ===
I 03-17 21:16:50 utils.py:137] Job status: JobStatus.SETTING_UP
I 03-17 21:16:50 utils.py:140] ==================================
I 03-17 21:16:51 state.py:471] Job started.
I 03-17 21:17:11 utils.py:131] === Checking the job status... ===
I 03-17 21:17:12 utils.py:137] Job status: JobStatus.SETTING_UP
I 03-17 21:17:12 utils.py:140] ==================================
I 03-17 21:17:33 utils.py:131] === Checking the job status... ===
I 03-17 21:17:34 utils.py:137] Job status: JobStatus.SETTING_UP
I 03-17 21:17:34 utils.py:140] ==================================
I 03-17 21:17:54 utils.py:131] === Checking the job status... ===
I 03-17 21:17:55 utils.py:137] Job status: JobStatus.SETTING_UP
I 03-17 21:17:55 utils.py:140] ==================================
I 03-17 21:18:15 utils.py:131] === Checking the job status... ===
I 03-17 21:18:16 utils.py:137] Job status: JobStatus.SETTING_UP
I 03-17 21:18:16 utils.py:140] ==================================
I 03-17 21:18:36 utils.py:131] === Checking the job status... ===
I 03-17 21:18:37 utils.py:137] Job status: JobStatus.SETTING_UP
I 03-17 21:18:37 utils.py:140] ==================================
I 03-17 21:18:57 utils.py:131] === Checking the job status... ===
I 03-17 21:18:58 utils.py:137] Job status: JobStatus.SETTING_UP
I 03-17 21:18:58 utils.py:140] ==================================
I 03-17 21:19:18 utils.py:131] === Checking the job status... ===
I 03-17 21:19:19 utils.py:137] Job status: JobStatus.RUNNING
I 03-17 21:19:19 utils.py:140] ==================================
I 03-17 21:19:39 utils.py:131] === Checking the job status... ===
I 03-17 21:19:40 utils.py:137] Job status: JobStatus.RUNNING
I 03-17 21:19:40 utils.py:140] ==================================
I 03-17 21:20:01 utils.py:131] === Checking the job status... ===
I 03-17 21:20:02 utils.py:137] Job status: JobStatus.RUNNING
I 03-17 21:20:02 utils.py:140] ==================================
I 03-17 21:20:22 utils.py:131] === Checking the job status... ===
I 03-17 21:20:23 utils.py:137] Job status: JobStatus.RUNNING
I 03-17 21:20:23 utils.py:140] ==================================
I 03-17 21:20:43 utils.py:131] === Checking the job status... ===
I 03-17 21:20:44 utils.py:137] Job status: JobStatus.RUNNING
I 03-17 21:20:44 utils.py:140] ==================================
I 03-17 21:21:04 utils.py:131] === Checking the job status... ===
I 03-17 21:21:05 utils.py:137] Job status: JobStatus.RUNNING
I 03-17 21:21:05 utils.py:140] ==================================
I 03-17 21:21:25 utils.py:131] === Checking the job status... ===
I 03-17 21:21:27 utils.py:137] Job status: JobStatus.RUNNING
I 03-17 21:21:27 utils.py:140] ==================================
I 03-17 21:21:47 utils.py:131] === Checking the job status... ===
I 03-17 21:21:48 utils.py:137] Job status: JobStatus.RUNNING
I 03-17 21:21:48 utils.py:140] ==================================
I 03-17 21:22:08 utils.py:131] === Checking the job status... ===
I 03-17 21:22:09 utils.py:137] Job status: JobStatus.RUNNING
I 03-17 21:22:09 utils.py:140] ==================================
I 03-17 21:22:29 utils.py:131] === Checking the job status... ===
I 03-17 21:22:30 utils.py:137] Job status: JobStatus.RUNNING
I 03-17 21:22:30 utils.py:140] ==================================
I 03-17 21:22:50 utils.py:131] === Checking the job status... ===
I 03-17 21:22:54 utils.py:137] Job status: JobStatus.RUNNING
I 03-17 21:22:54 utils.py:140] ==================================
I 03-17 21:23:15 utils.py:131] === Checking the job status... ===
I 03-17 21:23:19 utils.py:137] Job status: JobStatus.RUNNING
I 03-17 21:23:19 utils.py:140] ==================================
I 03-17 21:23:39 utils.py:131] === Checking the job status... ===
I 03-17 21:23:40 utils.py:137] Job status: JobStatus.RUNNING
I 03-17 21:23:40 utils.py:140] ==================================
I 03-17 21:24:01 utils.py:131] === Checking the job status... ===
I 03-17 21:24:02 utils.py:137] Job status: JobStatus.RUNNING
I 03-17 21:24:02 utils.py:140] ==================================
I 03-17 21:24:22 utils.py:131] === Checking the job status... ===
I 03-17 21:24:23 utils.py:137] Job status: JobStatus.RUNNING
I 03-17 21:24:23 utils.py:140] ==================================
I 03-17 21:24:43 utils.py:131] === Checking the job status... ===
I 03-17 21:24:44 utils.py:137] Job status: JobStatus.RUNNING
I 03-17 21:24:44 utils.py:140] ==================================
I 03-17 21:25:04 utils.py:131] === Checking the job status... ===
I 03-17 21:25:05 utils.py:137] Job status: JobStatus.RUNNING
I 03-17 21:25:05 utils.py:140] ==================================
I 03-17 21:25:25 utils.py:131] === Checking the job status... ===
I 03-17 21:25:26 utils.py:137] Job status: JobStatus.RUNNING
I 03-17 21:25:26 utils.py:140] ==================================
I 03-17 21:25:46 utils.py:131] === Checking the job status... ===
I 03-17 21:25:47 utils.py:137] Job status: JobStatus.RUNNING
I 03-17 21:25:47 utils.py:140] ==================================
I 03-17 21:26:07 utils.py:131] === Checking the job status... ===
I 03-17 21:26:08 utils.py:137] Job status: JobStatus.RUNNING
I 03-17 21:26:08 utils.py:140] ==================================
I 03-17 21:26:28 utils.py:131] === Checking the job status... ===
I 03-17 21:26:29 utils.py:137] Job status: JobStatus.RUNNING
I 03-17 21:26:29 utils.py:140] ==================================
I 03-17 21:26:49 utils.py:131] === Checking the job status... ===
I 03-17 21:26:50 utils.py:137] Job status: JobStatus.RUNNING
I 03-17 21:26:50 utils.py:140] ==================================
I 03-17 21:27:10 utils.py:131] === Checking the job status... ===
I 03-17 21:27:11 utils.py:137] Job status: JobStatus.RUNNING
I 03-17 21:27:11 utils.py:140] ==================================
I 03-17 21:27:31 utils.py:131] === Checking the job status... ===
I 03-17 21:27:32 utils.py:137] Job status: JobStatus.RUNNING
I 03-17 21:27:32 utils.py:140] ==================================
I 03-17 21:27:53 utils.py:131] === Checking the job status... ===
I 03-17 21:27:54 utils.py:137] Job status: JobStatus.RUNNING
I 03-17 21:27:54 utils.py:140] ==================================
I 03-17 21:28:14 utils.py:131] === Checking the job status... ===
I 03-17 21:28:15 utils.py:137] Job status: JobStatus.RUNNING
I 03-17 21:28:15 utils.py:140] ==================================
I 03-17 21:28:35 utils.py:131] === Checking the job status... ===
I 03-17 21:28:36 utils.py:137] Job status: JobStatus.RUNNING
I 03-17 21:28:36 utils.py:140] ==================================
I 03-17 21:28:56 utils.py:131] === Checking the job status... ===
I 03-17 21:28:57 utils.py:137] Job status: JobStatus.RUNNING
I 03-17 21:28:57 utils.py:140] ==================================
I 03-17 21:29:17 utils.py:131] === Checking the job status... ===
I 03-17 21:29:18 utils.py:137] Job status: JobStatus.RUNNING
I 03-17 21:29:18 utils.py:140] ==================================
I 03-17 21:29:38 utils.py:131] === Checking the job status... ===
I 03-17 21:29:39 utils.py:137] Job status: JobStatus.RUNNING
I 03-17 21:29:39 utils.py:140] ==================================
I 03-17 21:29:59 utils.py:131] === Checking the job status... ===
I 03-17 21:30:00 utils.py:137] Job status: JobStatus.RUNNING
I 03-17 21:30:00 utils.py:140] ==================================
I 03-17 21:30:20 utils.py:131] === Checking the job status... ===
I 03-17 21:30:21 utils.py:137] Job status: JobStatus.RUNNING
I 03-17 21:30:21 utils.py:140] ==================================
I 03-17 21:30:41 utils.py:131] === Checking the job status... ===
I 03-17 21:30:42 utils.py:137] Job status: JobStatus.RUNNING
I 03-17 21:30:42 utils.py:140] ==================================
I 03-17 21:31:02 utils.py:131] === Checking the job status... ===
I 03-17 21:31:03 utils.py:137] Job status: JobStatus.RUNNING
I 03-17 21:31:03 utils.py:140] ==================================
I 03-17 21:31:24 utils.py:131] === Checking the job status... ===
I 03-17 21:31:25 utils.py:137] Job status: JobStatus.RUNNING
I 03-17 21:31:25 utils.py:140] ==================================
I 03-17 21:31:45 utils.py:131] === Checking the job status... ===
I 03-17 21:31:46 utils.py:137] Job status: JobStatus.RUNNING
I 03-17 21:31:46 utils.py:140] ==================================
I 03-17 21:32:06 utils.py:131] === Checking the job status... ===
I 03-17 21:32:07 utils.py:137] Job status: JobStatus.RUNNING
I 03-17 21:32:07 utils.py:140] ==================================
I 03-17 21:32:27 utils.py:131] === Checking the job status... ===
I 03-17 21:32:28 utils.py:137] Job status: JobStatus.RUNNING
I 03-17 21:32:28 utils.py:140] ==================================
I 03-17 21:32:48 utils.py:131] === Checking the job status... ===
I 03-17 21:32:49 utils.py:137] Job status: JobStatus.RUNNING
I 03-17 21:32:49 utils.py:140] ==================================
I 03-17 21:33:09 utils.py:131] === Checking the job status... ===
I 03-17 21:33:10 utils.py:137] Job status: JobStatus.RUNNING
I 03-17 21:33:10 utils.py:140] ==================================
I 03-17 21:33:30 utils.py:131] === Checking the job status... ===
I 03-17 21:33:31 utils.py:137] Job status: JobStatus.RUNNING
I 03-17 21:33:31 utils.py:140] ==================================
I 03-17 21:33:51 utils.py:131] === Checking the job status... ===
I 03-17 21:33:52 utils.py:137] Job status: JobStatus.RUNNING
I 03-17 21:33:52 utils.py:140] ==================================
I 03-17 21:34:12 utils.py:131] === Checking the job status... ===
I 03-17 21:34:13 utils.py:137] Job status: JobStatus.RUNNING
I 03-17 21:34:13 utils.py:140] ==================================
I 03-17 21:34:33 utils.py:131] === Checking the job status... ===
I 03-17 21:34:34 utils.py:137] Job status: JobStatus.RUNNING
I 03-17 21:34:34 utils.py:140] ==================================
I 03-17 21:34:55 utils.py:131] === Checking the job status... ===
I 03-17 21:34:56 utils.py:137] Job status: JobStatus.RUNNING
I 03-17 21:34:56 utils.py:140] ==================================
I 03-17 21:35:16 utils.py:131] === Checking the job status... ===
I 03-17 21:35:17 utils.py:137] Job status: JobStatus.RUNNING
I 03-17 21:35:17 utils.py:140] ==================================
I 03-17 21:35:37 utils.py:131] === Checking the job status... ===
I 03-17 21:35:38 utils.py:137] Job status: JobStatus.RUNNING
I 03-17 21:35:38 utils.py:140] ==================================
I 03-17 21:35:58 utils.py:131] === Checking the job status... ===
I 03-17 21:35:59 utils.py:137] Job status: JobStatus.RUNNING
I 03-17 21:35:59 utils.py:140] ==================================
I 03-17 21:36:19 utils.py:131] === Checking the job status... ===
I 03-17 21:36:20 utils.py:137] Job status: JobStatus.RUNNING
I 03-17 21:36:20 utils.py:140] ==================================
I 03-17 21:36:40 utils.py:131] === Checking the job status... ===
I 03-17 21:36:41 utils.py:137] Job status: JobStatus.RUNNING
I 03-17 21:36:41 utils.py:140] ==================================
I 03-17 21:37:01 utils.py:131] === Checking the job status... ===
I 03-17 21:37:02 utils.py:137] Job status: JobStatus.RUNNING
I 03-17 21:37:02 utils.py:140] ==================================
I 03-17 21:37:22 utils.py:131] === Checking the job status... ===
I 03-17 21:37:23 utils.py:137] Job status: JobStatus.RUNNING
I 03-17 21:37:23 utils.py:140] ==================================
I 03-17 21:37:43 utils.py:131] === Checking the job status... ===
I 03-17 21:37:44 utils.py:137] Job status: JobStatus.RUNNING
I 03-17 21:37:44 utils.py:140] ==================================
I 03-17 21:38:04 utils.py:131] === Checking the job status... ===
I 03-17 21:38:05 utils.py:137] Job status: JobStatus.RUNNING
I 03-17 21:38:05 utils.py:140] ==================================
I 03-17 21:38:26 utils.py:131] === Checking the job status... ===
I 03-17 21:38:27 utils.py:137] Job status: JobStatus.RUNNING
I 03-17 21:38:27 utils.py:140] ==================================
I 03-17 21:38:47 utils.py:131] === Checking the job status... ===
I 03-17 21:38:48 utils.py:137] Job status: JobStatus.RUNNING
I 03-17 21:38:48 utils.py:140] ==================================
I 03-17 21:39:08 utils.py:131] === Checking the job status... ===
I 03-17 21:39:09 utils.py:137] Job status: JobStatus.RUNNING
I 03-17 21:39:09 utils.py:140] ==================================
I 03-17 21:39:29 utils.py:131] === Checking the job status... ===
I 03-17 21:39:30 utils.py:137] Job status: JobStatus.RUNNING
I 03-17 21:39:30 utils.py:140] ==================================
I 03-17 21:39:50 utils.py:131] === Checking the job status... ===
I 03-17 21:39:51 utils.py:137] Job status: JobStatus.RUNNING
I 03-17 21:39:51 utils.py:140] ==================================
I 03-17 21:40:11 utils.py:131] === Checking the job status... ===
I 03-17 21:40:12 utils.py:137] Job status: JobStatus.RUNNING
I 03-17 21:40:12 utils.py:140] ==================================
I 03-17 21:40:32 utils.py:131] === Checking the job status... ===
I 03-17 21:40:33 utils.py:137] Job status: JobStatus.RUNNING
I 03-17 21:40:33 utils.py:140] ==================================
I 03-17 21:40:53 utils.py:131] === Checking the job status... ===
I 03-17 21:40:54 utils.py:137] Job status: JobStatus.RUNNING
I 03-17 21:40:54 utils.py:140] ==================================
I 03-17 21:41:14 utils.py:131] === Checking the job status... ===
I 03-17 21:41:15 utils.py:137] Job status: JobStatus.RUNNING
I 03-17 21:41:15 utils.py:140] ==================================
I 03-17 21:41:36 utils.py:131] === Checking the job status... ===
I 03-17 21:41:37 utils.py:137] Job status: JobStatus.RUNNING
I 03-17 21:41:37 utils.py:140] ==================================
I 03-17 21:41:57 utils.py:131] === Checking the job status... ===
I 03-17 21:41:58 utils.py:137] Job status: JobStatus.RUNNING
I 03-17 21:41:58 utils.py:140] ==================================
I 03-17 21:42:18 utils.py:131] === Checking the job status... ===
I 03-17 21:42:19 utils.py:137] Job status: JobStatus.RUNNING
I 03-17 21:42:19 utils.py:140] ==================================
I 03-17 21:42:39 utils.py:131] === Checking the job status... ===
I 03-17 21:42:40 utils.py:137] Job status: JobStatus.RUNNING
I 03-17 21:42:40 utils.py:140] ==================================
I 03-17 21:43:00 utils.py:131] === Checking the job status... ===
I 03-17 21:43:01 utils.py:137] Job status: JobStatus.RUNNING
I 03-17 21:43:01 utils.py:140] ==================================
I 03-17 21:43:21 utils.py:131] === Checking the job status... ===
I 03-17 21:43:22 utils.py:137] Job status: JobStatus.RUNNING
I 03-17 21:43:22 utils.py:140] ==================================
I 03-17 21:43:42 utils.py:131] === Checking the job status... ===
I 03-17 21:43:43 utils.py:137] Job status: JobStatus.RUNNING
I 03-17 21:43:43 utils.py:140] ==================================
I 03-17 21:44:03 utils.py:131] === Checking the job status... ===
I 03-17 21:44:04 utils.py:137] Job status: JobStatus.RUNNING
I 03-17 21:44:04 utils.py:140] ==================================
I 03-17 21:44:25 utils.py:131] === Checking the job status... ===
I 03-17 21:44:26 utils.py:137] Job status: JobStatus.RUNNING
I 03-17 21:44:26 utils.py:140] ==================================
I 03-17 21:44:46 utils.py:131] === Checking the job status... ===
I 03-17 21:44:47 utils.py:137] Job status: JobStatus.RUNNING
I 03-17 21:44:47 utils.py:140] ==================================
I 03-17 21:45:07 utils.py:131] === Checking the job status... ===
I 03-17 21:45:08 utils.py:137] Job status: JobStatus.RUNNING
I 03-17 21:45:08 utils.py:140] ==================================
I 03-17 21:45:28 utils.py:131] === Checking the job status... ===
I 03-17 21:45:29 utils.py:137] Job status: JobStatus.RUNNING
I 03-17 21:45:29 utils.py:140] ==================================
I 03-17 21:45:49 utils.py:131] === Checking the job status... ===
I 03-17 21:45:50 utils.py:137] Job status: JobStatus.RUNNING
I 03-17 21:45:50 utils.py:140] ==================================
I 03-17 21:46:10 utils.py:131] === Checking the job status... ===
I 03-17 21:46:11 utils.py:137] Job status: JobStatus.RUNNING
I 03-17 21:46:11 utils.py:140] ==================================
I 03-17 21:46:31 utils.py:131] === Checking the job status... ===
I 03-17 21:46:32 utils.py:137] Job status: JobStatus.RUNNING
I 03-17 21:46:32 utils.py:140] ==================================
I 03-17 21:46:53 utils.py:131] === Checking the job status... ===
I 03-17 21:46:54 utils.py:137] Job status: JobStatus.RUNNING
I 03-17 21:46:54 utils.py:140] ==================================
I 03-17 21:47:14 utils.py:131] === Checking the job status... ===
I 03-17 21:47:15 utils.py:137] Job status: JobStatus.RUNNING
I 03-17 21:47:15 utils.py:140] ==================================
I 03-17 21:47:35 utils.py:131] === Checking the job status... ===
I 03-17 21:47:36 utils.py:137] Job status: JobStatus.RUNNING
I 03-17 21:47:36 utils.py:140] ==================================
I 03-17 21:47:56 utils.py:131] === Checking the job status... ===
I 03-17 21:47:57 utils.py:137] Job status: JobStatus.RUNNING
I 03-17 21:47:57 utils.py:140] ==================================
I 03-17 21:48:17 utils.py:131] === Checking the job status... ===
I 03-17 21:48:18 utils.py:137] Job status: JobStatus.RUNNING
I 03-17 21:48:18 utils.py:140] ==================================
I 03-17 21:48:38 utils.py:131] === Checking the job status... ===
I 03-17 21:48:39 utils.py:137] Job status: JobStatus.RUNNING
I 03-17 21:48:39 utils.py:140] ==================================
I 03-17 21:48:59 utils.py:131] === Checking the job status... ===
I 03-17 21:49:00 utils.py:137] Job status: JobStatus.RUNNING
I 03-17 21:49:00 utils.py:140] ==================================
I 03-17 21:49:20 utils.py:131] === Checking the job status... ===
I 03-17 21:49:21 utils.py:137] Job status: JobStatus.RUNNING
I 03-17 21:49:21 utils.py:140] ==================================
I 03-17 21:49:42 utils.py:131] === Checking the job status... ===
I 03-17 21:49:43 utils.py:137] Job status: JobStatus.RUNNING
I 03-17 21:49:43 utils.py:140] ==================================
I 03-17 21:50:03 utils.py:131] === Checking the job status... ===
I 03-17 21:50:04 utils.py:137] Job status: JobStatus.RUNNING
I 03-17 21:50:04 utils.py:140] ==================================
I 03-17 21:50:24 utils.py:131] === Checking the job status... ===
I 03-17 21:50:25 utils.py:137] Job status: JobStatus.RUNNING
I 03-17 21:50:25 utils.py:140] ==================================
I 03-17 21:50:45 utils.py:131] === Checking the job status... ===
I 03-17 21:50:46 utils.py:137] Job status: JobStatus.RUNNING
I 03-17 21:50:46 utils.py:140] ==================================
I 03-17 21:51:06 utils.py:131] === Checking the job status... ===
I 03-17 21:51:07 utils.py:137] Job status: JobStatus.RUNNING
I 03-17 21:51:07 utils.py:140] ==================================
I 03-17 21:51:27 utils.py:131] === Checking the job status... ===
I 03-17 21:51:28 utils.py:137] Job status: JobStatus.RUNNING
I 03-17 21:51:28 utils.py:140] ==================================
I 03-17 21:51:48 utils.py:131] === Checking the job status... ===
I 03-17 21:51:49 utils.py:137] Job status: JobStatus.RUNNING
I 03-17 21:51:49 utils.py:140] ==================================
I 03-17 21:52:09 utils.py:131] === Checking the job status... ===
I 03-17 21:52:10 utils.py:137] Job status: JobStatus.RUNNING
I 03-17 21:52:10 utils.py:140] ==================================
I 03-17 21:52:31 utils.py:131] === Checking the job status... ===
I 03-17 21:52:32 utils.py:137] Job status: JobStatus.RUNNING
I 03-17 21:52:32 utils.py:140] ==================================
I 03-17 21:52:52 utils.py:131] === Checking the job status... ===
I 03-17 21:52:53 utils.py:137] Job status: JobStatus.RUNNING
I 03-17 21:52:53 utils.py:140] ==================================
I 03-17 21:53:13 utils.py:131] === Checking the job status... ===
I 03-17 21:53:14 utils.py:137] Job status: JobStatus.RUNNING
I 03-17 21:53:14 utils.py:140] ==================================
I 03-17 21:53:34 utils.py:131] === Checking the job status... ===
I 03-17 21:53:35 utils.py:137] Job status: JobStatus.RUNNING
I 03-17 21:53:35 utils.py:140] ==================================
I 03-17 21:53:55 utils.py:131] === Checking the job status... ===
I 03-17 21:53:56 utils.py:137] Job status: JobStatus.RUNNING
I 03-17 21:53:56 utils.py:140] ==================================
I 03-17 21:54:16 utils.py:131] === Checking the job status... ===
I 03-17 21:54:17 utils.py:137] Job status: JobStatus.RUNNING
I 03-17 21:54:17 utils.py:140] ==================================
I 03-17 21:54:37 utils.py:131] === Checking the job status... ===
I 03-17 21:54:38 utils.py:137] Job status: JobStatus.RUNNING
I 03-17 21:54:38 utils.py:140] ==================================
I 03-17 21:54:58 utils.py:131] === Checking the job status... ===
I 03-17 21:54:59 utils.py:137] Job status: JobStatus.RUNNING
I 03-17 21:54:59 utils.py:140] ==================================
I 03-17 21:55:20 utils.py:131] === Checking the job status... ===
I 03-17 21:55:21 utils.py:137] Job status: JobStatus.RUNNING
I 03-17 21:55:21 utils.py:140] ==================================
I 03-17 21:55:41 utils.py:131] === Checking the job status... ===
I 03-17 21:55:42 utils.py:137] Job status: JobStatus.RUNNING
I 03-17 21:55:42 utils.py:140] ==================================
I 03-17 21:56:02 utils.py:131] === Checking the job status... ===
I 03-17 21:56:03 utils.py:137] Job status: JobStatus.RUNNING
I 03-17 21:56:03 utils.py:140] ==================================
I 03-17 21:56:23 utils.py:131] === Checking the job status... ===
I 03-17 21:56:24 utils.py:137] Job status: JobStatus.RUNNING
I 03-17 21:56:24 utils.py:140] ==================================
I 03-17 21:56:44 utils.py:131] === Checking the job status... ===
I 03-17 21:56:45 utils.py:137] Job status: JobStatus.RUNNING
I 03-17 21:56:45 utils.py:140] ==================================
I 03-17 21:57:05 utils.py:131] === Checking the job status... ===
I 03-17 21:57:06 utils.py:137] Job status: JobStatus.RUNNING
I 03-17 21:57:06 utils.py:140] ==================================
I 03-17 21:57:26 utils.py:131] === Checking the job status... ===
I 03-17 21:57:27 utils.py:137] Job status: JobStatus.RUNNING
I 03-17 21:57:27 utils.py:140] ==================================
I 03-17 21:57:47 utils.py:131] === Checking the job status... ===
I 03-17 21:57:48 utils.py:137] Job status: JobStatus.RUNNING
I 03-17 21:57:48 utils.py:140] ==================================
I 03-17 21:58:08 utils.py:131] === Checking the job status... ===
I 03-17 21:58:09 utils.py:137] Job status: JobStatus.RUNNING
I 03-17 21:58:09 utils.py:140] ==================================
I 03-17 21:58:30 utils.py:131] === Checking the job status... ===
I 03-17 21:58:31 utils.py:137] Job status: JobStatus.RUNNING
I 03-17 21:58:31 utils.py:140] ==================================
I 03-17 21:58:51 utils.py:131] === Checking the job status... ===
I 03-17 21:58:52 utils.py:137] Job status: JobStatus.RUNNING
I 03-17 21:58:52 utils.py:140] ==================================
I 03-17 21:59:12 utils.py:131] === Checking the job status... ===
I 03-17 21:59:13 utils.py:137] Job status: JobStatus.RUNNING
I 03-17 21:59:13 utils.py:140] ==================================
I 03-17 21:59:33 utils.py:131] === Checking the job status... ===
I 03-17 21:59:34 utils.py:137] Job status: JobStatus.RUNNING
I 03-17 21:59:34 utils.py:140] ==================================
I 03-17 21:59:54 utils.py:131] === Checking the job status... ===
I 03-17 21:59:55 utils.py:137] Job status: JobStatus.RUNNING
I 03-17 21:59:55 utils.py:140] ==================================
I 03-17 22:00:15 utils.py:131] === Checking the job status... ===
I 03-17 22:00:16 utils.py:137] Job status: JobStatus.RUNNING
I 03-17 22:00:16 utils.py:140] ==================================
I 03-17 22:00:36 utils.py:131] === Checking the job status... ===
I 03-17 22:00:37 utils.py:137] Job status: JobStatus.RUNNING
I 03-17 22:00:37 utils.py:140] ==================================
I 03-17 22:00:57 utils.py:131] === Checking the job status... ===
I 03-17 22:00:58 utils.py:137] Job status: JobStatus.RUNNING
I 03-17 22:00:58 utils.py:140] ==================================
I 03-17 22:01:18 utils.py:131] === Checking the job status... ===
I 03-17 22:01:19 utils.py:137] Job status: JobStatus.RUNNING
I 03-17 22:01:19 utils.py:140] ==================================
I 03-17 22:01:39 utils.py:131] === Checking the job status... ===
I 03-17 22:01:40 utils.py:137] Job status: JobStatus.RUNNING
I 03-17 22:01:40 utils.py:140] ==================================
I 03-17 22:02:00 utils.py:131] === Checking the job status... ===
I 03-17 22:02:01 utils.py:137] Job status: JobStatus.RUNNING
I 03-17 22:02:01 utils.py:140] ==================================
I 03-17 22:02:21 utils.py:131] === Checking the job status... ===
I 03-17 22:02:22 utils.py:137] Job status: JobStatus.RUNNING
I 03-17 22:02:22 utils.py:140] ==================================
I 03-17 22:02:43 utils.py:131] === Checking the job status... ===
I 03-17 22:02:44 utils.py:137] Job status: JobStatus.RUNNING
I 03-17 22:02:44 utils.py:140] ==================================
I 03-17 22:03:04 utils.py:131] === Checking the job status... ===
I 03-17 22:03:05 utils.py:137] Job status: JobStatus.RUNNING
I 03-17 22:03:05 utils.py:140] ==================================
I 03-17 22:03:25 utils.py:131] === Checking the job status... ===
I 03-17 22:03:26 utils.py:137] Job status: JobStatus.RUNNING
I 03-17 22:03:26 utils.py:140] ==================================
I 03-17 22:03:46 utils.py:131] === Checking the job status... ===
I 03-17 22:03:47 utils.py:137] Job status: JobStatus.RUNNING
I 03-17 22:03:47 utils.py:140] ==================================
I 03-17 22:04:07 utils.py:131] === Checking the job status... ===
I 03-17 22:04:08 utils.py:137] Job status: JobStatus.RUNNING
I 03-17 22:04:08 utils.py:140] ==================================
I 03-17 22:04:28 utils.py:131] === Checking the job status... ===
I 03-17 22:04:29 utils.py:137] Job status: JobStatus.RUNNING
I 03-17 22:04:29 utils.py:140] ==================================
I 03-17 22:04:49 utils.py:131] === Checking the job status... ===
I 03-17 22:04:50 utils.py:137] Job status: JobStatus.RUNNING
I 03-17 22:04:50 utils.py:140] ==================================
I 03-17 22:05:10 utils.py:131] === Checking the job status... ===
I 03-17 22:05:11 utils.py:137] Job status: JobStatus.RUNNING
I 03-17 22:05:11 utils.py:140] ==================================
I 03-17 22:05:32 utils.py:131] === Checking the job status... ===
I 03-17 22:05:32 utils.py:137] Job status: JobStatus.RUNNING
I 03-17 22:05:32 utils.py:140] ==================================
I 03-17 22:05:53 utils.py:131] === Checking the job status... ===
I 03-17 22:05:54 utils.py:137] Job status: JobStatus.RUNNING
I 03-17 22:05:54 utils.py:140] ==================================
I 03-17 22:06:14 utils.py:131] === Checking the job status... ===
I 03-17 22:06:15 utils.py:137] Job status: JobStatus.RUNNING
I 03-17 22:06:15 utils.py:140] ==================================
I 03-17 22:06:35 utils.py:131] === Checking the job status... ===
I 03-17 22:06:36 utils.py:137] Job status: JobStatus.RUNNING
I 03-17 22:06:36 utils.py:140] ==================================
I 03-17 22:06:56 utils.py:131] === Checking the job status... ===
I 03-17 22:06:57 utils.py:137] Job status: JobStatus.RUNNING
I 03-17 22:06:57 utils.py:140] ==================================
I 03-17 22:07:17 utils.py:131] === Checking the job status... ===
I 03-17 22:07:18 utils.py:137] Job status: JobStatus.RUNNING
I 03-17 22:07:18 utils.py:140] ==================================
I 03-17 22:07:38 utils.py:131] === Checking the job status... ===
I 03-17 22:07:39 utils.py:137] Job status: JobStatus.RUNNING
I 03-17 22:07:39 utils.py:140] ==================================
I 03-17 22:07:59 utils.py:131] === Checking the job status... ===
I 03-17 22:08:00 utils.py:137] Job status: JobStatus.RUNNING
I 03-17 22:08:00 utils.py:140] ==================================
I 03-17 22:08:20 utils.py:131] === Checking the job status... ===
I 03-17 22:08:21 utils.py:137] Job status: JobStatus.RUNNING
I 03-17 22:08:21 utils.py:140] ==================================
I 03-17 22:08:42 utils.py:131] === Checking the job status... ===
I 03-17 22:08:42 utils.py:137] Job status: JobStatus.RUNNING
I 03-17 22:08:42 utils.py:140] ==================================
I 03-17 22:09:03 utils.py:131] === Checking the job status... ===
I 03-17 22:09:04 utils.py:137] Job status: JobStatus.RUNNING
I 03-17 22:09:04 utils.py:140] ==================================
I 03-17 22:09:24 utils.py:131] === Checking the job status... ===
I 03-17 22:09:25 utils.py:137] Job status: JobStatus.RUNNING
I 03-17 22:09:25 utils.py:140] ==================================
I 03-17 22:09:45 utils.py:131] === Checking the job status... ===
I 03-17 22:09:46 utils.py:137] Job status: JobStatus.RUNNING
I 03-17 22:09:46 utils.py:140] ==================================
I 03-17 22:10:06 utils.py:131] === Checking the job status... ===
I 03-17 22:10:07 utils.py:137] Job status: JobStatus.RUNNING
I 03-17 22:10:07 utils.py:140] ==================================
I 03-17 22:10:27 utils.py:131] === Checking the job status... ===
I 03-17 22:10:28 utils.py:137] Job status: JobStatus.RUNNING
I 03-17 22:10:28 utils.py:140] ==================================
I 03-17 22:10:48 utils.py:131] === Checking the job status... ===
I 03-17 22:10:49 utils.py:137] Job status: JobStatus.RUNNING
I 03-17 22:10:49 utils.py:140] ==================================
I 03-17 22:11:09 utils.py:131] === Checking the job status... ===
I 03-17 22:11:10 utils.py:137] Job status: JobStatus.RUNNING
I 03-17 22:11:10 utils.py:140] ==================================
I 03-17 22:11:30 utils.py:131] === Checking the job status... ===
I 03-17 22:11:31 utils.py:137] Job status: JobStatus.RUNNING
I 03-17 22:11:31 utils.py:140] ==================================
I 03-17 22:11:51 utils.py:131] === Checking the job status... ===
I 03-17 22:11:52 utils.py:137] Job status: JobStatus.RUNNING
I 03-17 22:11:52 utils.py:140] ==================================
I 03-17 22:12:13 utils.py:131] === Checking the job status... ===
I 03-17 22:12:14 utils.py:137] Job status: JobStatus.RUNNING
I 03-17 22:12:14 utils.py:140] ==================================
I 03-17 22:12:34 utils.py:131] === Checking the job status... ===
I 03-17 22:12:35 utils.py:137] Job status: JobStatus.RUNNING
I 03-17 22:12:35 utils.py:140] ==================================
I 03-17 22:12:55 utils.py:131] === Checking the job status... ===
I 03-17 22:12:56 utils.py:137] Job status: JobStatus.RUNNING
I 03-17 22:12:56 utils.py:140] ==================================
I 03-17 22:13:16 utils.py:131] === Checking the job status... ===
I 03-17 22:13:17 utils.py:137] Job status: JobStatus.RUNNING
I 03-17 22:13:17 utils.py:140] ==================================
I 03-17 22:13:37 utils.py:131] === Checking the job status... ===
I 03-17 22:13:38 utils.py:137] Job status: JobStatus.RUNNING
I 03-17 22:13:38 utils.py:140] ==================================
I 03-17 22:13:58 utils.py:131] === Checking the job status... ===
I 03-17 22:13:59 utils.py:137] Job status: JobStatus.RUNNING
I 03-17 22:13:59 utils.py:140] ==================================
I 03-17 22:14:19 utils.py:131] === Checking the job status... ===
I 03-17 22:14:20 utils.py:137] Job status: JobStatus.RUNNING
I 03-17 22:14:20 utils.py:140] ==================================
I 03-17 22:14:40 utils.py:131] === Checking the job status... ===
I 03-17 22:14:41 utils.py:137] Job status: JobStatus.RUNNING
I 03-17 22:14:41 utils.py:140] ==================================
I 03-17 22:15:01 utils.py:131] === Checking the job status... ===
I 03-17 22:15:02 utils.py:137] Job status: JobStatus.RUNNING
I 03-17 22:15:02 utils.py:140] ==================================
I 03-17 22:15:22 utils.py:131] === Checking the job status... ===
I 03-17 22:15:23 utils.py:137] Job status: JobStatus.RUNNING
I 03-17 22:15:23 utils.py:140] ==================================
I 03-17 22:15:44 utils.py:131] === Checking the job status... ===
I 03-17 22:15:45 utils.py:137] Job status: JobStatus.RUNNING
I 03-17 22:15:45 utils.py:140] ==================================
I 03-17 22:16:05 utils.py:131] === Checking the job status... ===
I 03-17 22:16:06 utils.py:137] Job status: JobStatus.RUNNING
I 03-17 22:16:06 utils.py:140] ==================================
I 03-17 22:16:26 utils.py:131] === Checking the job status... ===
I 03-17 22:16:27 utils.py:137] Job status: JobStatus.RUNNING
I 03-17 22:16:27 utils.py:140] ==================================
I 03-17 22:16:47 utils.py:131] === Checking the job status... ===
I 03-17 22:16:48 utils.py:137] Job status: JobStatus.RUNNING
I 03-17 22:16:48 utils.py:140] ==================================
I 03-17 22:17:08 utils.py:131] === Checking the job status... ===
I 03-17 22:17:09 utils.py:137] Job status: JobStatus.RUNNING
I 03-17 22:17:09 utils.py:140] ==================================
I 03-17 22:17:29 utils.py:131] === Checking the job status... ===
I 03-17 22:17:30 utils.py:137] Job status: JobStatus.RUNNING
I 03-17 22:17:30 utils.py:140] ==================================
I 03-17 22:17:50 utils.py:131] === Checking the job status... ===
I 03-17 22:17:51 utils.py:137] Job status: JobStatus.RUNNING
I 03-17 22:17:51 utils.py:140] ==================================
I 03-17 22:18:11 utils.py:131] === Checking the job status... ===
I 03-17 22:18:12 utils.py:137] Job status: JobStatus.RUNNING
I 03-17 22:18:12 utils.py:140] ==================================
I 03-17 22:18:32 utils.py:131] === Checking the job status... ===
I 03-17 22:18:33 utils.py:137] Job status: JobStatus.RUNNING
I 03-17 22:18:33 utils.py:140] ==================================
I 03-17 22:18:53 utils.py:131] === Checking the job status... ===
I 03-17 22:18:54 utils.py:137] Job status: JobStatus.RUNNING
I 03-17 22:18:54 utils.py:140] ==================================
I 03-17 22:19:15 utils.py:131] === Checking the job status... ===
I 03-17 22:19:16 utils.py:137] Job status: JobStatus.RUNNING
I 03-17 22:19:16 utils.py:140] ==================================
I 03-17 22:19:36 utils.py:131] === Checking the job status... ===
I 03-17 22:19:37 utils.py:137] Job status: JobStatus.RUNNING
I 03-17 22:19:37 utils.py:140] ==================================
I 03-17 22:19:57 utils.py:131] === Checking the job status... ===
I 03-17 22:19:58 utils.py:137] Job status: JobStatus.RUNNING
I 03-17 22:19:58 utils.py:140] ==================================
I 03-17 22:20:18 utils.py:131] === Checking the job status... ===
I 03-17 22:20:19 utils.py:137] Job status: JobStatus.RUNNING
I 03-17 22:20:19 utils.py:140] ==================================
I 03-17 22:20:39 utils.py:131] === Checking the job status... ===
I 03-17 22:20:40 utils.py:137] Job status: JobStatus.RUNNING
I 03-17 22:20:40 utils.py:140] ==================================
I 03-17 22:21:00 utils.py:131] === Checking the job status... ===
I 03-17 22:21:01 utils.py:137] Job status: JobStatus.RUNNING
I 03-17 22:21:01 utils.py:140] ==================================
I 03-17 22:21:21 utils.py:131] === Checking the job status... ===
I 03-17 22:21:22 utils.py:137] Job status: JobStatus.RUNNING
I 03-17 22:21:22 utils.py:140] ==================================
I 03-17 22:21:42 utils.py:131] === Checking the job status... ===
I 03-17 22:21:43 utils.py:137] Job status: JobStatus.RUNNING
I 03-17 22:21:43 utils.py:140] ==================================
I 03-17 22:22:03 utils.py:131] === Checking the job status... ===
I 03-17 22:22:04 utils.py:137] Job status: JobStatus.RUNNING
I 03-17 22:22:04 utils.py:140] ==================================
I 03-17 22:22:24 utils.py:131] === Checking the job status... ===
I 03-17 22:22:25 utils.py:137] Job status: JobStatus.RUNNING
I 03-17 22:22:25 utils.py:140] ==================================
I 03-17 22:22:46 utils.py:131] === Checking the job status... ===
I 03-17 22:22:47 utils.py:137] Job status: JobStatus.RUNNING
I 03-17 22:22:47 utils.py:140] ==================================
I 03-17 22:23:07 utils.py:131] === Checking the job status... ===
I 03-17 22:23:08 utils.py:137] Job status: JobStatus.RUNNING
I 03-17 22:23:08 utils.py:140] ==================================
I 03-17 22:23:28 utils.py:131] === Checking the job status... ===
I 03-17 22:23:29 utils.py:137] Job status: JobStatus.RUNNING
I 03-17 22:23:29 utils.py:140] ==================================
I 03-17 22:23:49 utils.py:131] === Checking the job status... ===
I 03-17 22:23:50 utils.py:137] Job status: JobStatus.RUNNING
I 03-17 22:23:50 utils.py:140] ==================================
I 03-17 22:24:10 utils.py:131] === Checking the job status... ===
I 03-17 22:24:11 utils.py:137] Job status: JobStatus.RUNNING
I 03-17 22:24:11 utils.py:140] ==================================
I 03-17 22:24:31 utils.py:131] === Checking the job status... ===
I 03-17 22:24:32 utils.py:137] Job status: JobStatus.RUNNING
I 03-17 22:24:32 utils.py:140] ==================================
I 03-17 22:24:52 utils.py:131] === Checking the job status... ===
I 03-17 22:24:53 utils.py:137] Job status: JobStatus.RUNNING
I 03-17 22:24:53 utils.py:140] ==================================
I 03-17 22:25:13 utils.py:131] === Checking the job status... ===
I 03-17 22:25:14 utils.py:137] Job status: JobStatus.RUNNING
I 03-17 22:25:14 utils.py:140] ==================================
I 03-17 22:25:34 utils.py:131] === Checking the job status... ===
I 03-17 22:25:35 utils.py:137] Job status: JobStatus.RUNNING
I 03-17 22:25:35 utils.py:140] ==================================
I 03-17 22:25:55 utils.py:131] === Checking the job status... ===
I 03-17 22:25:56 utils.py:137] Job status: JobStatus.RUNNING
I 03-17 22:25:56 utils.py:140] ==================================
I 03-17 22:26:16 utils.py:131] === Checking the job status... ===
I 03-17 22:26:18 utils.py:137] Job status: JobStatus.RUNNING
I 03-17 22:26:18 utils.py:140] ==================================
I 03-17 22:26:38 utils.py:131] === Checking the job status... ===
I 03-17 22:26:39 utils.py:137] Job status: JobStatus.RUNNING
I 03-17 22:26:39 utils.py:140] ==================================
I 03-17 22:26:59 utils.py:131] === Checking the job status... ===
I 03-17 22:27:00 utils.py:137] Job status: JobStatus.RUNNING
I 03-17 22:27:00 utils.py:140] ==================================
I 03-17 22:27:20 utils.py:131] === Checking the job status... ===
I 03-17 22:27:21 utils.py:137] Job status: JobStatus.RUNNING
I 03-17 22:27:21 utils.py:140] ==================================
I 03-17 22:27:41 utils.py:131] === Checking the job status... ===
I 03-17 22:27:42 utils.py:137] Job status: JobStatus.RUNNING
I 03-17 22:27:42 utils.py:140] ==================================
I 03-17 22:28:02 utils.py:131] === Checking the job status... ===
I 03-17 22:28:03 utils.py:137] Job status: JobStatus.RUNNING
I 03-17 22:28:03 utils.py:140] ==================================
I 03-17 22:28:23 utils.py:131] === Checking the job status... ===
I 03-17 22:28:24 utils.py:137] Job status: JobStatus.RUNNING
I 03-17 22:28:24 utils.py:140] ==================================
I 03-17 22:28:44 utils.py:131] === Checking the job status... ===
I 03-17 22:28:45 utils.py:137] Job status: JobStatus.RUNNING
I 03-17 22:28:45 utils.py:140] ==================================
I 03-17 22:29:05 utils.py:131] === Checking the job status... ===
I 03-17 22:29:06 utils.py:137] Job status: JobStatus.RUNNING
I 03-17 22:29:06 utils.py:140] ==================================
I 03-17 22:29:26 utils.py:131] === Checking the job status... ===
I 03-17 22:29:27 utils.py:137] Job status: JobStatus.RUNNING
I 03-17 22:29:27 utils.py:140] ==================================
I 03-17 22:29:47 utils.py:131] === Checking the job status... ===
I 03-17 22:29:48 utils.py:137] Job status: JobStatus.RUNNING
I 03-17 22:29:48 utils.py:140] ==================================
I 03-17 22:30:08 utils.py:131] === Checking the job status... ===
I 03-17 22:30:09 utils.py:137] Job status: JobStatus.RUNNING
I 03-17 22:30:09 utils.py:140] ==================================
I 03-17 22:30:30 utils.py:131] === Checking the job status... ===
I 03-17 22:30:31 utils.py:137] Job status: JobStatus.RUNNING
I 03-17 22:30:31 utils.py:140] ==================================
I 03-17 22:30:51 utils.py:131] === Checking the job status... ===
I 03-17 22:30:52 utils.py:137] Job status: JobStatus.RUNNING
I 03-17 22:30:52 utils.py:140] ==================================
I 03-17 22:31:12 utils.py:131] === Checking the job status... ===
I 03-17 22:31:13 utils.py:137] Job status: JobStatus.RUNNING
I 03-17 22:31:13 utils.py:140] ==================================
I 03-17 22:31:33 utils.py:131] === Checking the job status... ===
I 03-17 22:31:34 utils.py:137] Job status: JobStatus.RUNNING
I 03-17 22:31:34 utils.py:140] ==================================
I 03-17 22:31:54 utils.py:131] === Checking the job status... ===
I 03-17 22:31:55 utils.py:137] Job status: JobStatus.RUNNING
I 03-17 22:31:55 utils.py:140] ==================================
I 03-17 22:32:15 utils.py:131] === Checking the job status... ===
I 03-17 22:32:16 utils.py:137] Job status: JobStatus.RUNNING
I 03-17 22:32:16 utils.py:140] ==================================
I 03-17 22:32:36 utils.py:131] === Checking the job status... ===
I 03-17 22:32:37 utils.py:137] Job status: JobStatus.RUNNING
I 03-17 22:32:37 utils.py:140] ==================================
I 03-17 22:32:57 utils.py:131] === Checking the job status... ===
I 03-17 22:32:58 utils.py:137] Job status: JobStatus.RUNNING
I 03-17 22:32:58 utils.py:140] ==================================
I 03-17 22:33:18 utils.py:131] === Checking the job status... ===
I 03-17 22:33:19 utils.py:137] Job status: JobStatus.RUNNING
I 03-17 22:33:19 utils.py:140] ==================================
I 03-17 22:33:39 utils.py:131] === Checking the job status... ===
I 03-17 22:33:40 utils.py:137] Job status: JobStatus.RUNNING
I 03-17 22:33:40 utils.py:140] ==================================
I 03-17 22:34:00 utils.py:131] === Checking the job status... ===
I 03-17 22:34:01 utils.py:137] Job status: JobStatus.RUNNING
I 03-17 22:34:01 utils.py:140] ==================================
I 03-17 22:34:22 utils.py:131] === Checking the job status... ===
I 03-17 22:34:23 utils.py:137] Job status: JobStatus.RUNNING
I 03-17 22:34:23 utils.py:140] ==================================
I 03-17 22:34:43 utils.py:131] === Checking the job status... ===
I 03-17 22:34:44 utils.py:137] Job status: JobStatus.RUNNING
I 03-17 22:34:44 utils.py:140] ==================================
I 03-17 22:35:04 utils.py:131] === Checking the job status... ===
I 03-17 22:35:05 utils.py:137] Job status: JobStatus.RUNNING
I 03-17 22:35:05 utils.py:140] ==================================
I 03-17 22:35:25 utils.py:131] === Checking the job status... ===
I 03-17 22:35:26 utils.py:137] Job status: JobStatus.RUNNING
I 03-17 22:35:26 utils.py:140] ==================================
I 03-17 22:35:46 utils.py:131] === Checking the job status... ===
I 03-17 22:35:47 utils.py:137] Job status: JobStatus.RUNNING
I 03-17 22:35:47 utils.py:140] ==================================
I 03-17 22:36:07 utils.py:131] === Checking the job status... ===
I 03-17 22:36:08 utils.py:137] Job status: JobStatus.RUNNING
I 03-17 22:36:08 utils.py:140] ==================================
I 03-17 22:36:28 utils.py:131] === Checking the job status... ===
I 03-17 22:36:29 utils.py:137] Job status: JobStatus.RUNNING
I 03-17 22:36:29 utils.py:140] ==================================
I 03-17 22:36:49 utils.py:131] === Checking the job status... ===
I 03-17 22:36:50 utils.py:137] Job status: JobStatus.RUNNING
I 03-17 22:36:50 utils.py:140] ==================================
I 03-17 22:37:10 utils.py:131] === Checking the job status... ===
I 03-17 22:37:11 utils.py:137] Job status: JobStatus.RUNNING
I 03-17 22:37:11 utils.py:140] ==================================
I 03-17 22:37:32 utils.py:131] === Checking the job status... ===
I 03-17 22:37:33 utils.py:137] Job status: JobStatus.RUNNING
I 03-17 22:37:33 utils.py:140] ==================================
I 03-17 22:37:53 utils.py:131] === Checking the job status... ===
I 03-17 22:37:54 utils.py:137] Job status: JobStatus.RUNNING
I 03-17 22:37:54 utils.py:140] ==================================
I 03-17 22:38:14 utils.py:131] === Checking the job status... ===
I 03-17 22:38:15 utils.py:137] Job status: JobStatus.RUNNING
I 03-17 22:38:15 utils.py:140] ==================================
I 03-17 22:38:35 utils.py:131] === Checking the job status... ===
I 03-17 22:38:36 utils.py:137] Job status: JobStatus.RUNNING
I 03-17 22:38:36 utils.py:140] ==================================
I 03-17 22:38:56 utils.py:131] === Checking the job status... ===
I 03-17 22:38:57 utils.py:137] Job status: JobStatus.RUNNING
I 03-17 22:38:57 utils.py:140] ==================================
I 03-17 22:39:17 utils.py:131] === Checking the job status... ===
I 03-17 22:39:18 utils.py:137] Job status: JobStatus.RUNNING
I 03-17 22:39:18 utils.py:140] ==================================
I 03-17 22:39:38 utils.py:131] === Checking the job status... ===
I 03-17 22:39:39 utils.py:137] Job status: JobStatus.RUNNING
I 03-17 22:39:39 utils.py:140] ==================================
I 03-17 22:39:59 utils.py:131] === Checking the job status... ===
I 03-17 22:40:00 utils.py:137] Job status: JobStatus.RUNNING
I 03-17 22:40:00 utils.py:140] ==================================
I 03-17 22:40:21 utils.py:131] === Checking the job status... ===
I 03-17 22:40:22 utils.py:137] Job status: JobStatus.RUNNING
I 03-17 22:40:22 utils.py:140] ==================================
I 03-17 22:40:42 utils.py:131] === Checking the job status... ===
I 03-17 22:40:43 utils.py:137] Job status: JobStatus.RUNNING
I 03-17 22:40:43 utils.py:140] ==================================
I 03-17 22:41:03 utils.py:131] === Checking the job status... ===
I 03-17 22:41:04 utils.py:137] Job status: JobStatus.RUNNING
I 03-17 22:41:04 utils.py:140] ==================================
I 03-17 22:41:24 utils.py:131] === Checking the job status... ===
I 03-17 22:41:25 utils.py:137] Job status: JobStatus.RUNNING
I 03-17 22:41:25 utils.py:140] ==================================
I 03-17 22:41:45 utils.py:131] === Checking the job status... ===
I 03-17 22:41:46 utils.py:137] Job status: JobStatus.RUNNING
I 03-17 22:41:46 utils.py:140] ==================================
I 03-17 22:42:06 utils.py:131] === Checking the job status... ===
I 03-17 22:42:07 utils.py:137] Job status: JobStatus.RUNNING
I 03-17 22:42:07 utils.py:140] ==================================
I 03-17 22:42:27 utils.py:131] === Checking the job status... ===
I 03-17 22:42:28 utils.py:137] Job status: JobStatus.RUNNING
I 03-17 22:42:28 utils.py:140] ==================================
I 03-17 22:42:48 utils.py:131] === Checking the job status... ===
I 03-17 22:42:49 utils.py:137] Job status: JobStatus.RUNNING
I 03-17 22:42:49 utils.py:140] ==================================
I 03-17 22:43:09 utils.py:131] === Checking the job status... ===
I 03-17 22:43:10 utils.py:137] Job status: JobStatus.RUNNING
I 03-17 22:43:10 utils.py:140] ==================================
I 03-17 22:43:31 utils.py:131] === Checking the job status... ===
I 03-17 22:43:32 utils.py:137] Job status: JobStatus.RUNNING
I 03-17 22:43:32 utils.py:140] ==================================
I 03-17 22:43:52 utils.py:131] === Checking the job status... ===
I 03-17 22:43:53 utils.py:137] Job status: JobStatus.RUNNING
I 03-17 22:43:53 utils.py:140] ==================================
I 03-17 22:44:13 utils.py:131] === Checking the job status... ===
I 03-17 22:44:14 utils.py:137] Job status: JobStatus.RUNNING
I 03-17 22:44:14 utils.py:140] ==================================
I 03-17 22:44:34 utils.py:131] === Checking the job status... ===
I 03-17 22:44:35 utils.py:137] Job status: JobStatus.RUNNING
I 03-17 22:44:35 utils.py:140] ==================================
I 03-17 22:44:55 utils.py:131] === Checking the job status... ===
I 03-17 22:44:56 utils.py:137] Job status: JobStatus.RUNNING
I 03-17 22:44:56 utils.py:140] ==================================
I 03-17 22:45:16 utils.py:131] === Checking the job status... ===
I 03-17 22:45:17 utils.py:137] Job status: JobStatus.RUNNING
I 03-17 22:45:17 utils.py:140] ==================================
I 03-17 22:45:37 utils.py:131] === Checking the job status... ===
I 03-17 22:45:38 utils.py:137] Job status: JobStatus.RUNNING
I 03-17 22:45:38 utils.py:140] ==================================
I 03-17 22:45:58 utils.py:131] === Checking the job status... ===
I 03-17 22:45:59 utils.py:137] Job status: JobStatus.RUNNING
I 03-17 22:45:59 utils.py:140] ==================================
I 03-17 22:46:19 utils.py:131] === Checking the job status... ===
I 03-17 22:46:20 utils.py:137] Job status: JobStatus.RUNNING
I 03-17 22:46:20 utils.py:140] ==================================
I 03-17 22:46:40 utils.py:131] === Checking the job status... ===
I 03-17 22:46:41 utils.py:137] Job status: JobStatus.RUNNING
I 03-17 22:46:41 utils.py:140] ==================================
I 03-17 22:47:01 utils.py:131] === Checking the job status... ===
I 03-17 22:47:02 utils.py:137] Job status: JobStatus.RUNNING
I 03-17 22:47:02 utils.py:140] ==================================
I 03-17 22:47:23 utils.py:131] === Checking the job status... ===
I 03-17 22:47:24 utils.py:137] Job status: JobStatus.RUNNING
I 03-17 22:47:24 utils.py:140] ==================================
I 03-17 22:47:44 utils.py:131] === Checking the job status... ===
I 03-17 22:47:45 utils.py:137] Job status: JobStatus.RUNNING
I 03-17 22:47:45 utils.py:140] ==================================
I 03-17 22:48:05 utils.py:131] === Checking the job status... ===
I 03-17 22:48:06 utils.py:137] Job status: JobStatus.RUNNING
I 03-17 22:48:06 utils.py:140] ==================================
I 03-17 22:48:26 utils.py:131] === Checking the job status... ===
I 03-17 22:48:27 utils.py:137] Job status: JobStatus.RUNNING
I 03-17 22:48:27 utils.py:140] ==================================
I 03-17 22:48:47 utils.py:131] === Checking the job status... ===
I 03-17 22:48:48 utils.py:137] Job status: JobStatus.RUNNING
I 03-17 22:48:48 utils.py:140] ==================================
I 03-17 22:49:08 utils.py:131] === Checking the job status... ===
I 03-17 22:49:09 utils.py:137] Job status: JobStatus.RUNNING
I 03-17 22:49:09 utils.py:140] ==================================
I 03-17 22:49:29 utils.py:131] === Checking the job status... ===
I 03-17 22:49:30 utils.py:137] Job status: JobStatus.RUNNING
I 03-17 22:49:30 utils.py:140] ==================================
I 03-17 22:49:50 utils.py:131] === Checking the job status... ===
I 03-17 22:49:51 utils.py:137] Job status: JobStatus.RUNNING
I 03-17 22:49:51 utils.py:140] ==================================
I 03-17 22:50:11 utils.py:131] === Checking the job status... ===
I 03-17 22:50:12 utils.py:137] Job status: JobStatus.RUNNING
I 03-17 22:50:12 utils.py:140] ==================================
I 03-17 22:50:33 utils.py:131] === Checking the job status... ===
I 03-17 22:50:34 utils.py:137] Job status: JobStatus.RUNNING
I 03-17 22:50:34 utils.py:140] ==================================
I 03-17 22:50:54 utils.py:131] === Checking the job status... ===
I 03-17 22:50:55 utils.py:137] Job status: JobStatus.RUNNING
I 03-17 22:50:55 utils.py:140] ==================================
I 03-17 22:51:15 utils.py:131] === Checking the job status... ===
I 03-17 22:51:16 utils.py:137] Job status: JobStatus.RUNNING
I 03-17 22:51:16 utils.py:140] ==================================
I 03-17 22:51:36 utils.py:131] === Checking the job status... ===
I 03-17 22:51:37 utils.py:137] Job status: JobStatus.RUNNING
I 03-17 22:51:37 utils.py:140] ==================================
I 03-17 22:51:57 utils.py:131] === Checking the job status... ===
I 03-17 22:51:58 utils.py:137] Job status: JobStatus.RUNNING
I 03-17 22:51:58 utils.py:140] ==================================
I 03-17 22:52:18 utils.py:131] === Checking the job status... ===
I 03-17 22:52:19 utils.py:137] Job status: JobStatus.RUNNING
I 03-17 22:52:19 utils.py:140] ==================================
I 03-17 22:52:39 utils.py:131] === Checking the job status... ===
I 03-17 22:52:40 utils.py:137] Job status: JobStatus.RUNNING
I 03-17 22:52:40 utils.py:140] ==================================
I 03-17 22:53:00 utils.py:131] === Checking the job status... ===
I 03-17 22:53:01 utils.py:137] Job status: JobStatus.RUNNING
I 03-17 22:53:01 utils.py:140] ==================================
I 03-17 22:53:21 utils.py:131] === Checking the job status... ===
I 03-17 22:53:22 utils.py:137] Job status: JobStatus.RUNNING
I 03-17 22:53:22 utils.py:140] ==================================
I 03-17 22:53:43 utils.py:131] === Checking the job status... ===
I 03-17 22:53:44 utils.py:137] Job status: JobStatus.RUNNING
I 03-17 22:53:44 utils.py:140] ==================================
I 03-17 22:54:04 utils.py:131] === Checking the job status... ===
I 03-17 22:54:05 utils.py:137] Job status: JobStatus.RUNNING
I 03-17 22:54:05 utils.py:140] ==================================
I 03-17 22:54:25 utils.py:131] === Checking the job status... ===
I 03-17 22:54:26 utils.py:137] Job status: JobStatus.RUNNING
I 03-17 22:54:26 utils.py:140] ==================================
I 03-17 22:54:46 utils.py:131] === Checking the job status... ===
I 03-17 22:54:47 utils.py:137] Job status: JobStatus.RUNNING
I 03-17 22:54:47 utils.py:140] ==================================
I 03-17 22:55:07 utils.py:131] === Checking the job status... ===
I 03-17 22:55:08 utils.py:137] Job status: JobStatus.RUNNING
I 03-17 22:55:08 utils.py:140] ==================================
I 03-17 22:55:28 utils.py:131] === Checking the job status... ===
I 03-17 22:55:29 utils.py:137] Job status: JobStatus.RUNNING
I 03-17 22:55:29 utils.py:140] ==================================
I 03-17 22:55:49 utils.py:131] === Checking the job status... ===
I 03-17 22:55:50 utils.py:137] Job status: JobStatus.RUNNING
I 03-17 22:55:50 utils.py:140] ==================================
I 03-17 22:56:10 utils.py:131] === Checking the job status... ===
I 03-17 22:56:11 utils.py:137] Job status: JobStatus.RUNNING
I 03-17 22:56:11 utils.py:140] ==================================
I 03-17 22:56:31 utils.py:131] === Checking the job status... ===
I 03-17 22:56:32 utils.py:137] Job status: JobStatus.RUNNING
I 03-17 22:56:32 utils.py:140] ==================================
I 03-17 22:56:53 utils.py:131] === Checking the job status... ===
I 03-17 22:56:53 utils.py:137] Job status: JobStatus.RUNNING
I 03-17 22:56:53 utils.py:140] ==================================
I 03-17 22:57:14 utils.py:131] === Checking the job status... ===
I 03-17 22:57:15 utils.py:137] Job status: JobStatus.RUNNING
I 03-17 22:57:15 utils.py:140] ==================================
I 03-17 22:57:35 utils.py:131] === Checking the job status... ===
I 03-17 22:57:36 utils.py:137] Job status: JobStatus.RUNNING
I 03-17 22:57:36 utils.py:140] ==================================
I 03-17 22:57:56 utils.py:131] === Checking the job status... ===
I 03-17 22:57:57 utils.py:137] Job status: JobStatus.RUNNING
I 03-17 22:57:57 utils.py:140] ==================================
I 03-17 22:58:17 utils.py:131] === Checking the job status... ===
I 03-17 22:58:18 utils.py:137] Job status: JobStatus.RUNNING
I 03-17 22:58:18 utils.py:140] ==================================
I 03-17 22:58:38 utils.py:131] === Checking the job status... ===
I 03-17 22:58:39 utils.py:137] Job status: JobStatus.RUNNING
I 03-17 22:58:39 utils.py:140] ==================================
I 03-17 22:58:59 utils.py:131] === Checking the job status... ===
I 03-17 22:59:00 utils.py:137] Job status: JobStatus.RUNNING
I 03-17 22:59:00 utils.py:140] ==================================
I 03-17 22:59:20 utils.py:131] === Checking the job status... ===
I 03-17 22:59:21 utils.py:137] Job status: JobStatus.RUNNING
I 03-17 22:59:21 utils.py:140] ==================================
I 03-17 22:59:41 utils.py:131] === Checking the job status... ===
I 03-17 22:59:42 utils.py:137] Job status: JobStatus.RUNNING
I 03-17 22:59:42 utils.py:140] ==================================
I 03-17 23:00:03 utils.py:131] === Checking the job status... ===
I 03-17 23:00:03 utils.py:137] Job status: JobStatus.RUNNING
I 03-17 23:00:03 utils.py:140] ==================================
I 03-17 23:00:24 utils.py:131] === Checking the job status... ===
I 03-17 23:00:25 utils.py:137] Job status: JobStatus.RUNNING
I 03-17 23:00:25 utils.py:140] ==================================
I 03-17 23:00:45 utils.py:131] === Checking the job status... ===
I 03-17 23:00:46 utils.py:137] Job status: JobStatus.RUNNING
I 03-17 23:00:46 utils.py:140] ==================================
I 03-17 23:01:06 utils.py:131] === Checking the job status... ===
I 03-17 23:01:07 utils.py:137] Job status: JobStatus.RUNNING
I 03-17 23:01:07 utils.py:140] ==================================
I 03-17 23:01:27 utils.py:131] === Checking the job status... ===
I 03-17 23:01:28 utils.py:137] Job status: JobStatus.RUNNING
I 03-17 23:01:28 utils.py:140] ==================================
I 03-17 23:01:48 utils.py:131] === Checking the job status... ===
I 03-17 23:01:49 utils.py:137] Job status: JobStatus.RUNNING
I 03-17 23:01:49 utils.py:140] ==================================
I 03-17 23:02:09 utils.py:131] === Checking the job status... ===
I 03-17 23:02:10 utils.py:137] Job status: JobStatus.RUNNING
I 03-17 23:02:10 utils.py:140] ==================================
I 03-17 23:02:30 utils.py:131] === Checking the job status... ===
I 03-17 23:02:31 utils.py:137] Job status: JobStatus.RUNNING
I 03-17 23:02:31 utils.py:140] ==================================
I 03-17 23:02:51 utils.py:131] === Checking the job status... ===
I 03-17 23:02:52 utils.py:137] Job status: JobStatus.RUNNING
I 03-17 23:02:52 utils.py:140] ==================================
I 03-17 23:03:12 utils.py:131] === Checking the job status... ===
I 03-17 23:03:13 utils.py:137] Job status: JobStatus.RUNNING
I 03-17 23:03:13 utils.py:140] ==================================
I 03-17 23:03:34 utils.py:131] === Checking the job status... ===
I 03-17 23:03:35 utils.py:137] Job status: JobStatus.RUNNING
I 03-17 23:03:35 utils.py:140] ==================================
I 03-17 23:03:55 utils.py:131] === Checking the job status... ===
I 03-17 23:03:56 utils.py:137] Job status: JobStatus.RUNNING
I 03-17 23:03:56 utils.py:140] ==================================
I 03-17 23:04:16 utils.py:131] === Checking the job status... ===
I 03-17 23:04:17 utils.py:137] Job status: JobStatus.RUNNING
I 03-17 23:04:17 utils.py:140] ==================================
I 03-17 23:04:37 utils.py:131] === Checking the job status... ===
I 03-17 23:04:38 utils.py:137] Job status: JobStatus.RUNNING
I 03-17 23:04:38 utils.py:140] ==================================
I 03-17 23:04:58 utils.py:131] === Checking the job status... ===
I 03-17 23:04:59 utils.py:137] Job status: JobStatus.RUNNING
I 03-17 23:04:59 utils.py:140] ==================================
I 03-17 23:05:19 utils.py:131] === Checking the job status... ===
I 03-17 23:05:20 utils.py:137] Job status: JobStatus.RUNNING
I 03-17 23:05:20 utils.py:140] ==================================
I 03-17 23:05:40 utils.py:131] === Checking the job status... ===
I 03-17 23:05:41 utils.py:137] Job status: JobStatus.RUNNING
I 03-17 23:05:41 utils.py:140] ==================================
I 03-17 23:06:01 utils.py:131] === Checking the job status... ===
I 03-17 23:06:02 utils.py:137] Job status: JobStatus.RUNNING
I 03-17 23:06:02 utils.py:140] ==================================
I 03-17 23:06:23 utils.py:131] === Checking the job status... ===
I 03-17 23:06:24 utils.py:137] Job status: JobStatus.RUNNING
I 03-17 23:06:24 utils.py:140] ==================================
I 03-17 23:06:44 utils.py:131] === Checking the job status... ===
I 03-17 23:06:45 utils.py:137] Job status: JobStatus.RUNNING
I 03-17 23:06:45 utils.py:140] ==================================
I 03-17 23:07:05 utils.py:131] === Checking the job status... ===
I 03-17 23:07:06 utils.py:137] Job status: JobStatus.RUNNING
I 03-17 23:07:06 utils.py:140] ==================================
I 03-17 23:07:26 utils.py:131] === Checking the job status... ===
I 03-17 23:07:27 utils.py:137] Job status: JobStatus.RUNNING
I 03-17 23:07:27 utils.py:140] ==================================
I 03-17 23:07:47 utils.py:131] === Checking the job status... ===
I 03-17 23:07:48 utils.py:137] Job status: JobStatus.RUNNING
I 03-17 23:07:48 utils.py:140] ==================================
I 03-17 23:08:08 utils.py:131] === Checking the job status... ===
I 03-17 23:08:09 utils.py:137] Job status: JobStatus.RUNNING
I 03-17 23:08:09 utils.py:140] ==================================
I 03-17 23:08:29 utils.py:131] === Checking the job status... ===
I 03-17 23:08:30 utils.py:137] Job status: JobStatus.RUNNING
I 03-17 23:08:30 utils.py:140] ==================================
I 03-17 23:08:51 utils.py:131] === Checking the job status... ===
I 03-17 23:08:52 utils.py:137] Job status: JobStatus.RUNNING
I 03-17 23:08:52 utils.py:140] ==================================
I 03-17 23:09:12 utils.py:131] === Checking the job status... ===
I 03-17 23:09:13 utils.py:137] Job status: JobStatus.RUNNING
I 03-17 23:09:13 utils.py:140] ==================================
I 03-17 23:09:33 utils.py:131] === Checking the job status... ===
I 03-17 23:09:34 utils.py:137] Job status: JobStatus.RUNNING
I 03-17 23:09:34 utils.py:140] ==================================
I 03-17 23:09:54 utils.py:131] === Checking the job status... ===
I 03-17 23:09:55 utils.py:137] Job status: JobStatus.RUNNING
I 03-17 23:09:55 utils.py:140] ==================================
I 03-17 23:10:15 utils.py:131] === Checking the job status... ===
I 03-17 23:10:16 utils.py:137] Job status: JobStatus.RUNNING
I 03-17 23:10:16 utils.py:140] ==================================
I 03-17 23:10:36 utils.py:131] === Checking the job status... ===
I 03-17 23:10:37 utils.py:137] Job status: JobStatus.RUNNING
I 03-17 23:10:37 utils.py:140] ==================================
I 03-17 23:10:57 utils.py:131] === Checking the job status... ===
I 03-17 23:10:58 utils.py:137] Job status: JobStatus.RUNNING
I 03-17 23:10:58 utils.py:140] ==================================
I 03-17 23:11:18 utils.py:131] === Checking the job status... ===
I 03-17 23:11:19 utils.py:137] Job status: JobStatus.RUNNING
I 03-17 23:11:19 utils.py:140] ==================================
I 03-17 23:11:40 utils.py:131] === Checking the job status... ===
I 03-17 23:11:40 utils.py:137] Job status: JobStatus.RUNNING
I 03-17 23:11:40 utils.py:140] ==================================
I 03-17 23:12:01 utils.py:131] === Checking the job status... ===
I 03-17 23:12:02 utils.py:137] Job status: JobStatus.RUNNING
I 03-17 23:12:02 utils.py:140] ==================================
I 03-17 23:12:22 utils.py:131] === Checking the job status... ===
I 03-17 23:12:23 utils.py:137] Job status: JobStatus.RUNNING
I 03-17 23:12:23 utils.py:140] ==================================
I 03-17 23:12:43 utils.py:131] === Checking the job status... ===
I 03-17 23:12:44 utils.py:137] Job status: JobStatus.RUNNING
I 03-17 23:12:44 utils.py:140] ==================================
I 03-17 23:13:04 utils.py:131] === Checking the job status... ===
I 03-17 23:13:05 utils.py:137] Job status: JobStatus.RUNNING
I 03-17 23:13:05 utils.py:140] ==================================
I 03-17 23:13:25 utils.py:131] === Checking the job status... ===
I 03-17 23:13:26 utils.py:137] Job status: JobStatus.RUNNING
I 03-17 23:13:26 utils.py:140] ==================================
I 03-17 23:13:46 utils.py:131] === Checking the job status... ===
I 03-17 23:13:47 utils.py:137] Job status: JobStatus.RUNNING
I 03-17 23:13:47 utils.py:140] ==================================
I 03-17 23:14:07 utils.py:131] === Checking the job status... ===
I 03-17 23:14:08 utils.py:137] Job status: JobStatus.RUNNING
I 03-17 23:14:08 utils.py:140] ==================================
I 03-17 23:14:28 utils.py:131] === Checking the job status... ===
I 03-17 23:14:29 utils.py:137] Job status: JobStatus.RUNNING
I 03-17 23:14:29 utils.py:140] ==================================
I 03-17 23:14:49 utils.py:131] === Checking the job status... ===
I 03-17 23:14:50 utils.py:137] Job status: JobStatus.RUNNING
I 03-17 23:14:50 utils.py:140] ==================================
I 03-17 23:15:11 utils.py:131] === Checking the job status... ===
I 03-17 23:15:12 utils.py:137] Job status: JobStatus.RUNNING
I 03-17 23:15:12 utils.py:140] ==================================
I 03-17 23:15:32 utils.py:131] === Checking the job status... ===
I 03-17 23:15:33 utils.py:137] Job status: JobStatus.RUNNING
I 03-17 23:15:33 utils.py:140] ==================================
I 03-17 23:15:53 utils.py:131] === Checking the job status... ===
I 03-17 23:15:54 utils.py:137] Job status: JobStatus.RUNNING
I 03-17 23:15:54 utils.py:140] ==================================
I 03-17 23:16:14 utils.py:131] === Checking the job status... ===
I 03-17 23:16:15 utils.py:137] Job status: JobStatus.RUNNING
I 03-17 23:16:15 utils.py:140] ==================================
I 03-17 23:16:35 utils.py:131] === Checking the job status... ===
I 03-17 23:16:36 utils.py:137] Job status: JobStatus.RUNNING
I 03-17 23:16:36 utils.py:140] ==================================
I 03-17 23:16:56 utils.py:131] === Checking the job status... ===
I 03-17 23:16:57 utils.py:137] Job status: JobStatus.RUNNING
I 03-17 23:16:57 utils.py:140] ==================================
I 03-17 23:17:17 utils.py:131] === Checking the job status... ===
I 03-17 23:17:18 utils.py:137] Job status: JobStatus.RUNNING
I 03-17 23:17:18 utils.py:140] ==================================
I 03-17 23:17:38 utils.py:131] === Checking the job status... ===
I 03-17 23:17:39 utils.py:137] Job status: JobStatus.RUNNING
I 03-17 23:17:39 utils.py:140] ==================================
I 03-17 23:17:59 utils.py:131] === Checking the job status... ===
I 03-17 23:18:00 utils.py:137] Job status: JobStatus.RUNNING
I 03-17 23:18:00 utils.py:140] ==================================
I 03-17 23:18:20 utils.py:131] === Checking the job status... ===
I 03-17 23:18:21 utils.py:137] Job status: JobStatus.RUNNING
I 03-17 23:18:21 utils.py:140] ==================================
I 03-17 23:18:42 utils.py:131] === Checking the job status... ===
I 03-17 23:18:42 utils.py:137] Job status: JobStatus.RUNNING
I 03-17 23:18:42 utils.py:140] ==================================
I 03-17 23:19:03 utils.py:131] === Checking the job status... ===
I 03-17 23:19:04 utils.py:137] Job status: JobStatus.RUNNING
I 03-17 23:19:04 utils.py:140] ==================================
I 03-17 23:19:24 utils.py:131] === Checking the job status... ===
I 03-17 23:19:25 utils.py:137] Job status: JobStatus.RUNNING
I 03-17 23:19:25 utils.py:140] ==================================
I 03-17 23:19:45 utils.py:131] === Checking the job status... ===
I 03-17 23:19:46 utils.py:137] Job status: JobStatus.RUNNING
I 03-17 23:19:46 utils.py:140] ==================================
I 03-17 23:20:06 utils.py:131] === Checking the job status... ===
I 03-17 23:20:07 utils.py:137] Job status: JobStatus.RUNNING
I 03-17 23:20:07 utils.py:140] ==================================
I 03-17 23:20:27 utils.py:131] === Checking the job status... ===
I 03-17 23:20:28 utils.py:137] Job status: JobStatus.RUNNING
I 03-17 23:20:28 utils.py:140] ==================================
I 03-17 23:20:48 utils.py:131] === Checking the job status... ===
I 03-17 23:20:49 utils.py:137] Job status: JobStatus.RUNNING
I 03-17 23:20:49 utils.py:140] ==================================
I 03-17 23:21:09 utils.py:131] === Checking the job status... ===
I 03-17 23:21:10 utils.py:137] Job status: JobStatus.RUNNING
I 03-17 23:21:10 utils.py:140] ==================================
I 03-17 23:21:31 utils.py:131] === Checking the job status... ===
I 03-17 23:21:32 utils.py:137] Job status: JobStatus.RUNNING
I 03-17 23:21:32 utils.py:140] ==================================
I 03-17 23:21:52 utils.py:131] === Checking the job status... ===
I 03-17 23:21:53 utils.py:137] Job status: JobStatus.RUNNING
I 03-17 23:21:53 utils.py:140] ==================================
I 03-17 23:22:13 utils.py:131] === Checking the job status... ===
I 03-17 23:22:14 utils.py:137] Job status: JobStatus.RUNNING
I 03-17 23:22:14 utils.py:140] ==================================
I 03-17 23:22:34 utils.py:131] === Checking the job status... ===
I 03-17 23:22:35 utils.py:137] Job status: JobStatus.RUNNING
I 03-17 23:22:35 utils.py:140] ==================================
I 03-17 23:22:55 utils.py:131] === Checking the job status... ===
I 03-17 23:22:56 utils.py:137] Job status: JobStatus.RUNNING
I 03-17 23:22:56 utils.py:140] ==================================
I 03-17 23:23:16 utils.py:131] === Checking the job status... ===
I 03-17 23:23:17 utils.py:137] Job status: JobStatus.RUNNING
I 03-17 23:23:17 utils.py:140] ==================================
I 03-17 23:23:37 utils.py:131] === Checking the job status... ===
I 03-17 23:23:38 utils.py:137] Job status: JobStatus.RUNNING
I 03-17 23:23:38 utils.py:140] ==================================
I 03-17 23:23:58 utils.py:131] === Checking the job status... ===
I 03-17 23:23:59 utils.py:137] Job status: JobStatus.RUNNING
I 03-17 23:23:59 utils.py:140] ==================================
I 03-17 23:24:20 utils.py:131] === Checking the job status... ===
I 03-17 23:24:21 utils.py:137] Job status: JobStatus.RUNNING
I 03-17 23:24:21 utils.py:140] ==================================
I 03-17 23:24:41 utils.py:131] === Checking the job status... ===
I 03-17 23:24:42 utils.py:137] Job status: JobStatus.RUNNING
I 03-17 23:24:42 utils.py:140] ==================================
I 03-17 23:25:02 utils.py:131] === Checking the job status... ===
I 03-17 23:25:03 utils.py:137] Job status: JobStatus.RUNNING
I 03-17 23:25:03 utils.py:140] ==================================
I 03-17 23:25:23 utils.py:131] === Checking the job status... ===
I 03-17 23:25:24 utils.py:137] Job status: JobStatus.RUNNING
I 03-17 23:25:24 utils.py:140] ==================================
I 03-17 23:25:44 utils.py:131] === Checking the job status... ===
I 03-17 23:25:45 utils.py:137] Job status: JobStatus.RUNNING
I 03-17 23:25:45 utils.py:140] ==================================
I 03-17 23:26:05 utils.py:131] === Checking the job status... ===
I 03-17 23:26:06 utils.py:137] Job status: JobStatus.RUNNING
I 03-17 23:26:06 utils.py:140] ==================================
I 03-17 23:26:26 utils.py:131] === Checking the job status... ===
I 03-17 23:26:27 utils.py:137] Job status: JobStatus.RUNNING
I 03-17 23:26:27 utils.py:140] ==================================
I 03-17 23:26:47 utils.py:131] === Checking the job status... ===
I 03-17 23:26:48 utils.py:137] Job status: JobStatus.RUNNING
I 03-17 23:26:48 utils.py:140] ==================================
I 03-17 23:27:09 utils.py:131] === Checking the job status... ===
I 03-17 23:27:10 utils.py:137] Job status: JobStatus.RUNNING
I 03-17 23:27:10 utils.py:140] ==================================
I 03-17 23:27:30 utils.py:131] === Checking the job status... ===
I 03-17 23:27:31 utils.py:137] Job status: JobStatus.RUNNING
I 03-17 23:27:31 utils.py:140] ==================================
I 03-17 23:27:51 utils.py:131] === Checking the job status... ===
I 03-17 23:27:52 utils.py:137] Job status: JobStatus.RUNNING
I 03-17 23:27:52 utils.py:140] ==================================
I 03-17 23:28:12 utils.py:131] === Checking the job status... ===
I 03-17 23:28:13 utils.py:137] Job status: JobStatus.RUNNING
I 03-17 23:28:13 utils.py:140] ==================================
I 03-17 23:28:33 utils.py:131] === Checking the job status... ===
I 03-17 23:28:34 utils.py:137] Job status: JobStatus.RUNNING
I 03-17 23:28:34 utils.py:140] ==================================
I 03-17 23:28:54 utils.py:131] === Checking the job status... ===
I 03-17 23:28:55 utils.py:137] Job status: JobStatus.RUNNING
I 03-17 23:28:55 utils.py:140] ==================================
I 03-17 23:29:15 utils.py:131] === Checking the job status... ===
I 03-17 23:29:16 utils.py:137] Job status: JobStatus.RUNNING
I 03-17 23:29:16 utils.py:140] ==================================
I 03-17 23:29:36 utils.py:131] === Checking the job status... ===
I 03-17 23:29:37 utils.py:137] Job status: JobStatus.RUNNING
I 03-17 23:29:37 utils.py:140] ==================================
I 03-17 23:29:58 utils.py:131] === Checking the job status... ===
I 03-17 23:29:59 utils.py:137] Job status: JobStatus.RUNNING
I 03-17 23:29:59 utils.py:140] ==================================
I 03-17 23:30:19 utils.py:131] === Checking the job status... ===
I 03-17 23:30:20 utils.py:137] Job status: JobStatus.RUNNING
I 03-17 23:30:20 utils.py:140] ==================================
I 03-17 23:30:40 utils.py:131] === Checking the job status... ===
I 03-17 23:30:41 utils.py:137] Job status: JobStatus.RUNNING
I 03-17 23:30:41 utils.py:140] ==================================
I 03-17 23:31:01 utils.py:131] === Checking the job status... ===
I 03-17 23:31:02 utils.py:137] Job status: JobStatus.RUNNING
I 03-17 23:31:02 utils.py:140] ==================================
I 03-17 23:31:22 utils.py:131] === Checking the job status... ===
I 03-17 23:31:23 utils.py:137] Job status: JobStatus.RUNNING
I 03-17 23:31:23 utils.py:140] ==================================
I 03-17 23:31:43 utils.py:131] === Checking the job status... ===
I 03-17 23:31:44 utils.py:137] Job status: JobStatus.RUNNING
I 03-17 23:31:44 utils.py:140] ==================================
I 03-17 23:32:04 utils.py:131] === Checking the job status... ===
I 03-17 23:32:05 utils.py:137] Job status: JobStatus.RUNNING
I 03-17 23:32:05 utils.py:140] ==================================
I 03-17 23:32:25 utils.py:131] === Checking the job status... ===
I 03-17 23:32:26 utils.py:137] Job status: JobStatus.RUNNING
I 03-17 23:32:26 utils.py:140] ==================================
I 03-17 23:32:46 utils.py:131] === Checking the job status... ===
I 03-17 23:32:47 utils.py:137] Job status: JobStatus.RUNNING
I 03-17 23:32:47 utils.py:140] ==================================
I 03-17 23:33:08 utils.py:131] === Checking the job status... ===
I 03-17 23:33:08 utils.py:137] Job status: JobStatus.RUNNING
I 03-17 23:33:08 utils.py:140] ==================================
I 03-17 23:33:29 utils.py:131] === Checking the job status... ===
I 03-17 23:33:30 utils.py:137] Job status: JobStatus.RUNNING
I 03-17 23:33:30 utils.py:140] ==================================
I 03-17 23:33:50 utils.py:131] === Checking the job status... ===
I 03-17 23:33:51 utils.py:137] Job status: JobStatus.RUNNING
I 03-17 23:33:51 utils.py:140] ==================================
I 03-17 23:34:11 utils.py:131] === Checking the job status... ===
I 03-17 23:34:12 utils.py:137] Job status: JobStatus.RUNNING
I 03-17 23:34:12 utils.py:140] ==================================
I 03-17 23:34:32 utils.py:131] === Checking the job status... ===
I 03-17 23:34:33 utils.py:137] Job status: JobStatus.RUNNING
I 03-17 23:34:33 utils.py:140] ==================================
I 03-17 23:34:53 utils.py:131] === Checking the job status... ===
I 03-17 23:34:54 utils.py:137] Job status: JobStatus.RUNNING
I 03-17 23:34:54 utils.py:140] ==================================
I 03-17 23:35:14 utils.py:131] === Checking the job status... ===
I 03-17 23:35:15 utils.py:137] Job status: JobStatus.RUNNING
I 03-17 23:35:15 utils.py:140] ==================================
I 03-17 23:35:35 utils.py:131] === Checking the job status... ===
I 03-17 23:35:36 utils.py:137] Job status: JobStatus.RUNNING
I 03-17 23:35:36 utils.py:140] ==================================
I 03-17 23:35:56 utils.py:131] === Checking the job status... ===
I 03-17 23:35:57 utils.py:137] Job status: JobStatus.RUNNING
I 03-17 23:35:57 utils.py:140] ==================================
I 03-17 23:36:17 utils.py:131] === Checking the job status... ===
I 03-17 23:36:18 utils.py:137] Job status: JobStatus.RUNNING
I 03-17 23:36:18 utils.py:140] ==================================
I 03-17 23:36:39 utils.py:131] === Checking the job status... ===
I 03-17 23:36:39 utils.py:137] Job status: JobStatus.RUNNING
I 03-17 23:36:39 utils.py:140] ==================================
I 03-17 23:37:00 utils.py:131] === Checking the job status... ===
I 03-17 23:37:01 utils.py:137] Job status: JobStatus.RUNNING
I 03-17 23:37:01 utils.py:140] ==================================
I 03-17 23:37:21 utils.py:131] === Checking the job status... ===
I 03-17 23:37:22 utils.py:137] Job status: JobStatus.RUNNING
I 03-17 23:37:22 utils.py:140] ==================================
I 03-17 23:37:42 utils.py:131] === Checking the job status... ===
I 03-17 23:37:43 utils.py:137] Job status: JobStatus.RUNNING
I 03-17 23:37:43 utils.py:140] ==================================
I 03-17 23:38:03 utils.py:131] === Checking the job status... ===
I 03-17 23:38:04 utils.py:137] Job status: JobStatus.RUNNING
I 03-17 23:38:04 utils.py:140] ==================================
I 03-17 23:38:24 utils.py:131] === Checking the job status... ===
I 03-17 23:38:25 utils.py:137] Job status: JobStatus.RUNNING
I 03-17 23:38:25 utils.py:140] ==================================
I 03-17 23:38:45 utils.py:131] === Checking the job status... ===
I 03-17 23:38:46 utils.py:137] Job status: JobStatus.RUNNING
I 03-17 23:38:46 utils.py:140] ==================================
I 03-17 23:39:06 utils.py:131] === Checking the job status... ===
I 03-17 23:39:07 utils.py:137] Job status: JobStatus.RUNNING
I 03-17 23:39:07 utils.py:140] ==================================
I 03-17 23:39:27 utils.py:131] === Checking the job status... ===
I 03-17 23:39:28 utils.py:137] Job status: JobStatus.RUNNING
I 03-17 23:39:28 utils.py:140] ==================================
I 03-17 23:39:48 utils.py:131] === Checking the job status... ===
I 03-17 23:39:49 utils.py:137] Job status: JobStatus.RUNNING
I 03-17 23:39:49 utils.py:140] ==================================
I 03-17 23:40:09 utils.py:131] === Checking the job status... ===
I 03-17 23:40:10 utils.py:137] Job status: JobStatus.RUNNING
I 03-17 23:40:10 utils.py:140] ==================================
I 03-17 23:40:31 utils.py:131] === Checking the job status... ===
I 03-17 23:40:32 utils.py:137] Job status: JobStatus.RUNNING
I 03-17 23:40:32 utils.py:140] ==================================
I 03-17 23:40:52 utils.py:131] === Checking the job status... ===
I 03-17 23:40:53 utils.py:137] Job status: JobStatus.RUNNING
I 03-17 23:40:53 utils.py:140] ==================================
I 03-17 23:41:13 utils.py:131] === Checking the job status... ===
I 03-17 23:41:14 utils.py:137] Job status: JobStatus.RUNNING
I 03-17 23:41:14 utils.py:140] ==================================
I 03-17 23:41:34 utils.py:131] === Checking the job status... ===
I 03-17 23:41:35 utils.py:137] Job status: JobStatus.RUNNING
I 03-17 23:41:35 utils.py:140] ==================================
I 03-17 23:41:55 utils.py:131] === Checking the job status... ===
I 03-17 23:41:56 utils.py:137] Job status: JobStatus.RUNNING
I 03-17 23:41:56 utils.py:140] ==================================
I 03-17 23:42:16 utils.py:131] === Checking the job status... ===
I 03-17 23:42:17 utils.py:137] Job status: JobStatus.RUNNING
I 03-17 23:42:17 utils.py:140] ==================================
I 03-17 23:42:37 utils.py:131] === Checking the job status... ===
I 03-17 23:42:38 utils.py:137] Job status: JobStatus.RUNNING
I 03-17 23:42:38 utils.py:140] ==================================
I 03-17 23:42:58 utils.py:131] === Checking the job status... ===
I 03-17 23:42:59 utils.py:137] Job status: JobStatus.RUNNING
I 03-17 23:42:59 utils.py:140] ==================================
I 03-17 23:43:19 utils.py:131] === Checking the job status... ===
I 03-17 23:43:20 utils.py:137] Job status: JobStatus.RUNNING
I 03-17 23:43:20 utils.py:140] ==================================
I 03-17 23:43:40 utils.py:131] === Checking the job status... ===
I 03-17 23:43:41 utils.py:137] Job status: JobStatus.RUNNING
I 03-17 23:43:41 utils.py:140] ==================================
I 03-17 23:44:01 utils.py:131] === Checking the job status... ===
I 03-17 23:44:02 utils.py:137] Job status: JobStatus.RUNNING
I 03-17 23:44:02 utils.py:140] ==================================
I 03-17 23:44:23 utils.py:131] === Checking the job status... ===
I 03-17 23:44:24 utils.py:137] Job status: JobStatus.RUNNING
I 03-17 23:44:24 utils.py:140] ==================================
I 03-17 23:44:44 utils.py:131] === Checking the job status... ===
I 03-17 23:44:45 utils.py:137] Job status: JobStatus.RUNNING
I 03-17 23:44:45 utils.py:140] ==================================
I 03-17 23:45:05 utils.py:131] === Checking the job status... ===
I 03-17 23:45:06 utils.py:137] Job status: JobStatus.RUNNING
I 03-17 23:45:06 utils.py:140] ==================================
