I 03-17 21:18:02 controller.py:59] DAG:
I 03-17 21:18:02 controller.py:59] [Task<name=compute-text-vectors>(run='# Initialize and dow...')
I 03-17 21:18:02 controller.py:59]   resources: {AWS([Spot], cpus=4, {'L4': 1}), AWS(cpus=4, {'L4': 1})}]
I 03-17 21:18:02 controller.py:195] Submitted managed job 130 (task: 0, name: 'compute-text-vectors'); SKYPILOT_TASK_ID: sky-managed-2025-03-17-21-18-02-616351_compute-text-vectors_130-0
I 03-17 21:18:02 controller.py:199] Started monitoring.
I 03-17 21:18:02 state.py:451] Launching the spot cluster...
I 03-17 21:18:03 storage.py:1058] Storage type StoreType.S3 already exists.
<sky-payload>"<rich_init>[bold cyan]Optimizing[/]</rich_init>"</sky-payload>
<sky-payload>"<rich_update>[bold cyan]Optimizing[/]</rich_update>"</sky-payload>
<sky-payload>"<rich_start>[bold cyan]Optimizing[/]</rich_start>"</sky-payload>
I 03-17 21:18:03 optimizer.py:736] [1mTarget:[0m minimizing cost
I 03-17 21:18:03 optimizer.py:749] [1mEstimated cost: [0m$0.2 / hour
I 03-17 21:18:03 optimizer.py:749] 
I 03-17 21:18:03 optimizer.py:884] Considered resources (1 node):
I 03-17 21:18:03 optimizer.py:952] ----------------------------------------------------------------------------------------------
I 03-17 21:18:03 optimizer.py:952]  CLOUD   INSTANCE          vCPUs   Mem(GB)   ACCELERATORS   REGION/ZONE   COST ($)   CHOSEN   
I 03-17 21:18:03 optimizer.py:952] ----------------------------------------------------------------------------------------------
I 03-17 21:18:03 optimizer.py:952]  AWS     g6.xlarge[Spot]   4       16        L4:1           ap-south-1b   0.22       [32m   ✔[0m     
I 03-17 21:18:03 optimizer.py:952]  AWS     g6.xlarge         4       16        L4:1           us-east-1     0.80                
I 03-17 21:18:03 optimizer.py:952] ----------------------------------------------------------------------------------------------
<sky-payload>"<rich_exit></rich_exit>"</sky-payload>
<sky-payload>"<rich_init>[bold cyan]Launching[/]</rich_init>"</sky-payload>
<sky-payload>"<rich_update>[bold cyan]Launching[/]</rich_update>"</sky-payload>
<sky-payload>"<rich_start>[bold cyan]Launching[/]</rich_start>"</sky-payload>
<sky-payload>"<rich_update>[bold cyan]Launching[/]  \u001b[2mView logs: sky api logs -l sky-2025-03-17-21-18-03-228447/provision.log\u001b[0m</rich_update>"</sky-payload>
<sky-payload>"<rich_update>[bold cyan]Launching[/]  \u001b[2mView logs: sky api logs -l sky-2025-03-17-21-18-03-228447/provision.log\u001b[0m</rich_update>"</sky-payload>
I 03-17 21:18:03 cloud_vm_ray_backend.py:1520] [0m⚙︎ Launching on AWS ap-south-1[0m (ap-south-1b).
[2mW 03-17 21:20:22 instance.py:243] create_instances: Attempt failed with An error occurred (MaxSpotInstanceCountExceeded) when calling the RunInstances operation: Max spot instance count exceeded[0m
W 03-17 21:20:24 cloud_vm_ray_backend.py:2061] sky.exceptions.ResourcesUnavailableError: Failed to acquire resources in ap-south-1b for {AWS([Spot], cpus=4, {'L4': 1}), AWS(cpus=4, {'L4': 1})}. 
W 03-17 21:20:24 cloud_vm_ray_backend.py:2097] 
W 03-17 21:20:24 cloud_vm_ray_backend.py:2097] [0m[33m↺[0m Trying other potential resources.
<sky-payload>"<rich_update>[bold cyan]Looking for resources[/]  \u001b[2mView logs: sky api logs -l sky-2025-03-17-21-18-03-228447/provision.log\u001b[0m</rich_update>"</sky-payload>
<sky-payload>"<rich_update>[bold cyan]Optimizing[/]</rich_update>"</sky-payload>
<sky-payload>"<rich_start>[bold cyan]Launching[/]</rich_start>"</sky-payload>
I 03-17 21:20:24 optimizer.py:736] [1mTarget:[0m minimizing cost
I 03-17 21:20:24 optimizer.py:749] [1mEstimated cost: [0m$0.2 / hour
I 03-17 21:20:24 optimizer.py:749] 
I 03-17 21:20:24 optimizer.py:884] Considered resources (1 node):
I 03-17 21:20:24 optimizer.py:952] ----------------------------------------------------------------------------------------------
I 03-17 21:20:24 optimizer.py:952]  CLOUD   INSTANCE          vCPUs   Mem(GB)   ACCELERATORS   REGION/ZONE   COST ($)   CHOSEN   
I 03-17 21:20:24 optimizer.py:952] ----------------------------------------------------------------------------------------------
I 03-17 21:20:24 optimizer.py:952]  AWS     g6.xlarge[Spot]   4       16        L4:1           ap-south-1a   0.25       [32m   ✔[0m     
I 03-17 21:20:24 optimizer.py:952]  AWS     g6.xlarge         4       16        L4:1           us-east-1     0.80                
I 03-17 21:20:24 optimizer.py:952] ----------------------------------------------------------------------------------------------
<sky-payload>"<rich_update>[bold cyan]Looking for resources[/]  \u001b[2mView logs: sky api logs -l sky-2025-03-17-21-18-03-228447/provision.log\u001b[0m</rich_update>"</sky-payload>
<sky-payload>"<rich_update>[bold cyan]Launching[/]  \u001b[2mView logs: sky api logs -l sky-2025-03-17-21-18-03-228447/provision.log\u001b[0m</rich_update>"</sky-payload>
I 03-17 21:20:24 cloud_vm_ray_backend.py:1520] [0m⚙︎ Launching on AWS ap-south-1[0m (ap-south-1a).
W 03-17 21:29:57 cloud_vm_ray_backend.py:2061] sky.exceptions.ResourcesUnavailableError: Failed to acquire resources in ap-south-1a for {AWS([Spot], cpus=4, {'L4': 1}), AWS(cpus=4, {'L4': 1})}. 
W 03-17 21:29:57 cloud_vm_ray_backend.py:2097] 
W 03-17 21:29:57 cloud_vm_ray_backend.py:2097] [0m[33m↺[0m Trying other potential resources.
<sky-payload>"<rich_update>[bold cyan]Looking for resources[/]  \u001b[2mView logs: sky api logs -l sky-2025-03-17-21-18-03-228447/provision.log\u001b[0m</rich_update>"</sky-payload>
<sky-payload>"<rich_update>[bold cyan]Optimizing[/]</rich_update>"</sky-payload>
<sky-payload>"<rich_start>[bold cyan]Launching[/]</rich_start>"</sky-payload>
I 03-17 21:29:57 optimizer.py:736] [1mTarget:[0m minimizing cost
I 03-17 21:29:57 optimizer.py:749] [1mEstimated cost: [0m$0.3 / hour
I 03-17 21:29:57 optimizer.py:749] 
I 03-17 21:29:57 optimizer.py:884] Considered resources (1 node):
I 03-17 21:29:57 optimizer.py:952] --------------------------------------------------------------------------------------------------
I 03-17 21:29:57 optimizer.py:952]  CLOUD   INSTANCE          vCPUs   Mem(GB)   ACCELERATORS   REGION/ZONE       COST ($)   CHOSEN   
I 03-17 21:29:57 optimizer.py:952] --------------------------------------------------------------------------------------------------
I 03-17 21:29:57 optimizer.py:952]  AWS     g6.xlarge[Spot]   4       16        L4:1           ap-northeast-2d   0.25       [32m   ✔[0m     
I 03-17 21:29:57 optimizer.py:952]  AWS     g6.xlarge         4       16        L4:1           us-east-1         0.80                
I 03-17 21:29:57 optimizer.py:952] --------------------------------------------------------------------------------------------------
<sky-payload>"<rich_update>[bold cyan]Looking for resources[/]  \u001b[2mView logs: sky api logs -l sky-2025-03-17-21-18-03-228447/provision.log\u001b[0m</rich_update>"</sky-payload>
<sky-payload>"<rich_update>[bold cyan]Launching[/]  \u001b[2mView logs: sky api logs -l sky-2025-03-17-21-18-03-228447/provision.log\u001b[0m</rich_update>"</sky-payload>
I 03-17 21:29:57 cloud_vm_ray_backend.py:1520] [0m⚙︎ Launching on AWS ap-northeast-2[0m (ap-northeast-2d).
[2mW 03-17 21:30:11 instance.py:243] create_instances: Attempt failed with An error occurred (InsufficientInstanceCapacity) when calling the RunInstances operation (reached max retries: 0): There is no Spot capacity available that matches your request.[0m
W 03-17 21:30:12 cloud_vm_ray_backend.py:2061] sky.exceptions.ResourcesUnavailableError: Failed to acquire resources in ap-northeast-2d for {AWS([Spot], cpus=4, {'L4': 1}), AWS(cpus=4, {'L4': 1})}. 
W 03-17 21:30:12 cloud_vm_ray_backend.py:2097] 
W 03-17 21:30:12 cloud_vm_ray_backend.py:2097] [0m[33m↺[0m Trying other potential resources.
<sky-payload>"<rich_update>[bold cyan]Looking for resources[/]  \u001b[2mView logs: sky api logs -l sky-2025-03-17-21-18-03-228447/provision.log\u001b[0m</rich_update>"</sky-payload>
<sky-payload>"<rich_update>[bold cyan]Optimizing[/]</rich_update>"</sky-payload>
<sky-payload>"<rich_start>[bold cyan]Launching[/]</rich_start>"</sky-payload>
I 03-17 21:30:12 optimizer.py:736] [1mTarget:[0m minimizing cost
I 03-17 21:30:12 optimizer.py:749] [1mEstimated cost: [0m$0.3 / hour
I 03-17 21:30:12 optimizer.py:749] 
I 03-17 21:30:12 optimizer.py:884] Considered resources (1 node):
I 03-17 21:30:12 optimizer.py:952] --------------------------------------------------------------------------------------------------
I 03-17 21:30:12 optimizer.py:952]  CLOUD   INSTANCE          vCPUs   Mem(GB)   ACCELERATORS   REGION/ZONE       COST ($)   CHOSEN   
I 03-17 21:30:12 optimizer.py:952] --------------------------------------------------------------------------------------------------
I 03-17 21:30:12 optimizer.py:952]  AWS     g6.xlarge[Spot]   4       16        L4:1           ap-northeast-2a   0.27       [32m   ✔[0m     
I 03-17 21:30:12 optimizer.py:952]  AWS     g6.xlarge         4       16        L4:1           us-east-1         0.80                
I 03-17 21:30:12 optimizer.py:952] --------------------------------------------------------------------------------------------------
<sky-payload>"<rich_update>[bold cyan]Looking for resources[/]  \u001b[2mView logs: sky api logs -l sky-2025-03-17-21-18-03-228447/provision.log\u001b[0m</rich_update>"</sky-payload>
<sky-payload>"<rich_update>[bold cyan]Launching[/]  \u001b[2mView logs: sky api logs -l sky-2025-03-17-21-18-03-228447/provision.log\u001b[0m</rich_update>"</sky-payload>
I 03-17 21:30:12 cloud_vm_ray_backend.py:1520] [0m⚙︎ Launching on AWS ap-northeast-2[0m (ap-northeast-2a).
[2mW 03-17 21:30:31 instance.py:243] create_instances: Attempt failed with An error occurred (InsufficientInstanceCapacity) when calling the RunInstances operation (reached max retries: 0): There is no Spot capacity available that matches your request.[0m
W 03-17 21:30:33 cloud_vm_ray_backend.py:2061] sky.exceptions.ResourcesUnavailableError: Failed to acquire resources in ap-northeast-2a for {AWS([Spot], cpus=4, {'L4': 1}), AWS(cpus=4, {'L4': 1})}. 
W 03-17 21:30:33 cloud_vm_ray_backend.py:2097] 
W 03-17 21:30:33 cloud_vm_ray_backend.py:2097] [0m[33m↺[0m Trying other potential resources.
<sky-payload>"<rich_update>[bold cyan]Looking for resources[/]  \u001b[2mView logs: sky api logs -l sky-2025-03-17-21-18-03-228447/provision.log\u001b[0m</rich_update>"</sky-payload>
<sky-payload>"<rich_update>[bold cyan]Optimizing[/]</rich_update>"</sky-payload>
<sky-payload>"<rich_start>[bold cyan]Launching[/]</rich_start>"</sky-payload>
I 03-17 21:30:33 optimizer.py:736] [1mTarget:[0m minimizing cost
I 03-17 21:30:33 optimizer.py:749] [1mEstimated cost: [0m$0.3 / hour
I 03-17 21:30:33 optimizer.py:749] 
I 03-17 21:30:33 optimizer.py:884] Considered resources (1 node):
I 03-17 21:30:33 optimizer.py:952] ----------------------------------------------------------------------------------------------
I 03-17 21:30:33 optimizer.py:952]  CLOUD   INSTANCE          vCPUs   Mem(GB)   ACCELERATORS   REGION/ZONE   COST ($)   CHOSEN   
I 03-17 21:30:33 optimizer.py:952] ----------------------------------------------------------------------------------------------
I 03-17 21:30:33 optimizer.py:952]  AWS     g6.xlarge[Spot]   4       16        L4:1           us-east-1b    0.30       [32m   ✔[0m     
I 03-17 21:30:33 optimizer.py:952]  AWS     g6.xlarge         4       16        L4:1           us-east-1     0.80                
I 03-17 21:30:33 optimizer.py:952] ----------------------------------------------------------------------------------------------
<sky-payload>"<rich_update>[bold cyan]Looking for resources[/]  \u001b[2mView logs: sky api logs -l sky-2025-03-17-21-18-03-228447/provision.log\u001b[0m</rich_update>"</sky-payload>
<sky-payload>"<rich_update>[bold cyan]Launching[/]  \u001b[2mView logs: sky api logs -l sky-2025-03-17-21-18-03-228447/provision.log\u001b[0m</rich_update>"</sky-payload>
I 03-17 21:30:33 cloud_vm_ray_backend.py:1520] [0m⚙︎ Launching on AWS us-east-1[0m (us-east-1b).
[2mW 03-17 21:30:39 instance.py:243] create_instances: Attempt failed with An error occurred (InsufficientInstanceCapacity) when calling the RunInstances operation (reached max retries: 0): We currently do not have sufficient g6.xlarge capacity in the Availability Zone you requested (us-east-1b). Our system will be working on provisioning additional capacity. You can currently get g6.xlarge capacity by not specifying an Availability Zone in your request or choosing us-east-1a, us-east-1c, us-east-1d.[0m
W 03-17 21:30:40 cloud_vm_ray_backend.py:2061] sky.exceptions.ResourcesUnavailableError: Failed to acquire resources in us-east-1b for {AWS([Spot], cpus=4, {'L4': 1}), AWS(cpus=4, {'L4': 1})}. 
W 03-17 21:30:40 cloud_vm_ray_backend.py:2097] 
W 03-17 21:30:40 cloud_vm_ray_backend.py:2097] [0m[33m↺[0m Trying other potential resources.
<sky-payload>"<rich_update>[bold cyan]Looking for resources[/]  \u001b[2mView logs: sky api logs -l sky-2025-03-17-21-18-03-228447/provision.log\u001b[0m</rich_update>"</sky-payload>
<sky-payload>"<rich_update>[bold cyan]Optimizing[/]</rich_update>"</sky-payload>
<sky-payload>"<rich_start>[bold cyan]Launching[/]</rich_start>"</sky-payload>
I 03-17 21:30:40 optimizer.py:736] [1mTarget:[0m minimizing cost
I 03-17 21:30:40 optimizer.py:749] [1mEstimated cost: [0m$0.3 / hour
I 03-17 21:30:40 optimizer.py:749] 
I 03-17 21:30:40 optimizer.py:884] Considered resources (1 node):
I 03-17 21:30:40 optimizer.py:952] ----------------------------------------------------------------------------------------------
I 03-17 21:30:40 optimizer.py:952]  CLOUD   INSTANCE          vCPUs   Mem(GB)   ACCELERATORS   REGION/ZONE   COST ($)   CHOSEN   
I 03-17 21:30:40 optimizer.py:952] ----------------------------------------------------------------------------------------------
I 03-17 21:30:40 optimizer.py:952]  AWS     g6.xlarge[Spot]   4       16        L4:1           us-east-2c    0.31       [32m   ✔[0m     
I 03-17 21:30:40 optimizer.py:952]  AWS     g6.xlarge         4       16        L4:1           us-east-1     0.80                
I 03-17 21:30:40 optimizer.py:952] ----------------------------------------------------------------------------------------------
<sky-payload>"<rich_update>[bold cyan]Looking for resources[/]  \u001b[2mView logs: sky api logs -l sky-2025-03-17-21-18-03-228447/provision.log\u001b[0m</rich_update>"</sky-payload>
<sky-payload>"<rich_update>[bold cyan]Launching[/]  \u001b[2mView logs: sky api logs -l sky-2025-03-17-21-18-03-228447/provision.log\u001b[0m</rich_update>"</sky-payload>
I 03-17 21:30:40 cloud_vm_ray_backend.py:1520] [0m⚙︎ Launching on AWS us-east-2[0m (us-east-2c).
[2mW 03-17 21:30:47 instance.py:243] create_instances: Attempt failed with An error occurred (InsufficientInstanceCapacity) when calling the RunInstances operation (reached max retries: 0): We currently do not have sufficient g6.xlarge capacity in the Availability Zone you requested (us-east-2c). Our system will be working on provisioning additional capacity. You can currently get g6.xlarge capacity by not specifying an Availability Zone in your request or choosing us-east-2a, us-east-2b.[0m
W 03-17 21:30:47 cloud_vm_ray_backend.py:2061] sky.exceptions.ResourcesUnavailableError: Failed to acquire resources in us-east-2c for {AWS([Spot], cpus=4, {'L4': 1}), AWS(cpus=4, {'L4': 1})}. 
W 03-17 21:30:47 cloud_vm_ray_backend.py:2097] 
W 03-17 21:30:47 cloud_vm_ray_backend.py:2097] [0m[33m↺[0m Trying other potential resources.
<sky-payload>"<rich_update>[bold cyan]Looking for resources[/]  \u001b[2mView logs: sky api logs -l sky-2025-03-17-21-18-03-228447/provision.log\u001b[0m</rich_update>"</sky-payload>
<sky-payload>"<rich_update>[bold cyan]Optimizing[/]</rich_update>"</sky-payload>
<sky-payload>"<rich_start>[bold cyan]Launching[/]</rich_start>"</sky-payload>
I 03-17 21:30:47 optimizer.py:736] [1mTarget:[0m minimizing cost
I 03-17 21:30:47 optimizer.py:749] [1mEstimated cost: [0m$0.3 / hour
I 03-17 21:30:47 optimizer.py:749] 
I 03-17 21:30:47 optimizer.py:884] Considered resources (1 node):
I 03-17 21:30:47 optimizer.py:952] ----------------------------------------------------------------------------------------------
I 03-17 21:30:47 optimizer.py:952]  CLOUD   INSTANCE          vCPUs   Mem(GB)   ACCELERATORS   REGION/ZONE   COST ($)   CHOSEN   
I 03-17 21:30:47 optimizer.py:952] ----------------------------------------------------------------------------------------------
I 03-17 21:30:47 optimizer.py:952]  AWS     g6.xlarge[Spot]   4       16        L4:1           us-east-2b    0.32       [32m   ✔[0m     
I 03-17 21:30:47 optimizer.py:952]  AWS     g6.xlarge         4       16        L4:1           us-east-1     0.80                
I 03-17 21:30:47 optimizer.py:952] ----------------------------------------------------------------------------------------------
<sky-payload>"<rich_update>[bold cyan]Looking for resources[/]  \u001b[2mView logs: sky api logs -l sky-2025-03-17-21-18-03-228447/provision.log\u001b[0m</rich_update>"</sky-payload>
<sky-payload>"<rich_update>[bold cyan]Launching[/]  \u001b[2mView logs: sky api logs -l sky-2025-03-17-21-18-03-228447/provision.log\u001b[0m</rich_update>"</sky-payload>
I 03-17 21:30:48 cloud_vm_ray_backend.py:1520] [0m⚙︎ Launching on AWS us-east-2[0m (us-east-2b).
[2mW 03-17 21:31:00 instance.py:243] create_instances: Attempt failed with An error occurred (InsufficientInstanceCapacity) when calling the RunInstances operation (reached max retries: 0): We currently do not have sufficient g6.xlarge capacity in the Availability Zone you requested (us-east-2b). Our system will be working on provisioning additional capacity. You can currently get g6.xlarge capacity by not specifying an Availability Zone in your request or choosing us-east-2a, us-east-2c.[0m
W 03-17 21:31:00 cloud_vm_ray_backend.py:2061] sky.exceptions.ResourcesUnavailableError: Failed to acquire resources in us-east-2b for {AWS([Spot], cpus=4, {'L4': 1}), AWS(cpus=4, {'L4': 1})}. 
W 03-17 21:31:00 cloud_vm_ray_backend.py:2097] 
W 03-17 21:31:00 cloud_vm_ray_backend.py:2097] [0m[33m↺[0m Trying other potential resources.
<sky-payload>"<rich_update>[bold cyan]Looking for resources[/]  \u001b[2mView logs: sky api logs -l sky-2025-03-17-21-18-03-228447/provision.log\u001b[0m</rich_update>"</sky-payload>
<sky-payload>"<rich_update>[bold cyan]Optimizing[/]</rich_update>"</sky-payload>
<sky-payload>"<rich_start>[bold cyan]Launching[/]</rich_start>"</sky-payload>
I 03-17 21:31:01 optimizer.py:736] [1mTarget:[0m minimizing cost
I 03-17 21:31:01 optimizer.py:749] [1mEstimated cost: [0m$0.3 / hour
I 03-17 21:31:01 optimizer.py:749] 
I 03-17 21:31:01 optimizer.py:884] Considered resources (1 node):
I 03-17 21:31:01 optimizer.py:952] ------------------------------------------------------------------------------------------------
I 03-17 21:31:01 optimizer.py:952]  CLOUD   INSTANCE          vCPUs   Mem(GB)   ACCELERATORS   REGION/ZONE     COST ($)   CHOSEN   
I 03-17 21:31:01 optimizer.py:952] ------------------------------------------------------------------------------------------------
I 03-17 21:31:01 optimizer.py:952]  AWS     g6.xlarge[Spot]   4       16        L4:1           ca-central-1a   0.33       [32m   ✔[0m     
I 03-17 21:31:01 optimizer.py:952]  AWS     g6.xlarge         4       16        L4:1           us-east-1       0.80                
I 03-17 21:31:01 optimizer.py:952] ------------------------------------------------------------------------------------------------
<sky-payload>"<rich_update>[bold cyan]Looking for resources[/]  \u001b[2mView logs: sky api logs -l sky-2025-03-17-21-18-03-228447/provision.log\u001b[0m</rich_update>"</sky-payload>
<sky-payload>"<rich_update>[bold cyan]Launching[/]  \u001b[2mView logs: sky api logs -l sky-2025-03-17-21-18-03-228447/provision.log\u001b[0m</rich_update>"</sky-payload>
I 03-17 21:31:01 cloud_vm_ray_backend.py:1520] [0m⚙︎ Launching on AWS ca-central-1[0m (ca-central-1a).
[2mW 03-17 21:31:10 instance.py:243] create_instances: Attempt failed with An error occurred (MaxSpotInstanceCountExceeded) when calling the RunInstances operation: Max spot instance count exceeded[0m
W 03-17 21:31:11 cloud_vm_ray_backend.py:2061] sky.exceptions.ResourcesUnavailableError: Failed to acquire resources in ca-central-1a for {AWS([Spot], cpus=4, {'L4': 1}), AWS(cpus=4, {'L4': 1})}. 
W 03-17 21:31:11 cloud_vm_ray_backend.py:2097] 
W 03-17 21:31:11 cloud_vm_ray_backend.py:2097] [0m[33m↺[0m Trying other potential resources.
<sky-payload>"<rich_update>[bold cyan]Looking for resources[/]  \u001b[2mView logs: sky api logs -l sky-2025-03-17-21-18-03-228447/provision.log\u001b[0m</rich_update>"</sky-payload>
<sky-payload>"<rich_update>[bold cyan]Optimizing[/]</rich_update>"</sky-payload>
<sky-payload>"<rich_start>[bold cyan]Launching[/]</rich_start>"</sky-payload>
I 03-17 21:31:11 optimizer.py:736] [1mTarget:[0m minimizing cost
I 03-17 21:31:11 optimizer.py:749] [1mEstimated cost: [0m$0.3 / hour
I 03-17 21:31:11 optimizer.py:749] 
I 03-17 21:31:11 optimizer.py:884] Considered resources (1 node):
I 03-17 21:31:11 optimizer.py:952] ----------------------------------------------------------------------------------------------
I 03-17 21:31:11 optimizer.py:952]  CLOUD   INSTANCE          vCPUs   Mem(GB)   ACCELERATORS   REGION/ZONE   COST ($)   CHOSEN   
I 03-17 21:31:11 optimizer.py:952] ----------------------------------------------------------------------------------------------
I 03-17 21:31:11 optimizer.py:952]  AWS     g6.xlarge[Spot]   4       16        L4:1           us-east-1c    0.34       [32m   ✔[0m     
I 03-17 21:31:11 optimizer.py:952]  AWS     g6.xlarge         4       16        L4:1           us-east-1     0.80                
I 03-17 21:31:11 optimizer.py:952] ----------------------------------------------------------------------------------------------
<sky-payload>"<rich_update>[bold cyan]Looking for resources[/]  \u001b[2mView logs: sky api logs -l sky-2025-03-17-21-18-03-228447/provision.log\u001b[0m</rich_update>"</sky-payload>
<sky-payload>"<rich_update>[bold cyan]Launching[/]  \u001b[2mView logs: sky api logs -l sky-2025-03-17-21-18-03-228447/provision.log\u001b[0m</rich_update>"</sky-payload>
I 03-17 21:31:11 cloud_vm_ray_backend.py:1520] [0m⚙︎ Launching on AWS us-east-1[0m (us-east-1c).
[2mE 03-17 21:31:12 config.py:46] SKYPILOT_ERROR_NO_NODES_LAUNCHED: No usable subnets matching availability zone ['us-east-1c'] found. Choose a different availability zone or try manually creating an instance in your specified region to populate the list of subnets and trying this again. If you have set `use_internal_ips`, check that this zone has a subnet that (1) has the substring 'private' in its name tag and (2) does not assign public IPs (`map_public_ip_on_launch` is False).[0m
W 03-17 21:31:13 cloud_vm_ray_backend.py:2061] sky.exceptions.ResourcesUnavailableError: Failed to acquire resources in us-east-1c for {AWS([Spot], cpus=4, {'L4': 1}), AWS(cpus=4, {'L4': 1})}. 
W 03-17 21:31:13 cloud_vm_ray_backend.py:2097] 
W 03-17 21:31:13 cloud_vm_ray_backend.py:2097] [0m[33m↺[0m Trying other potential resources.
<sky-payload>"<rich_update>[bold cyan]Looking for resources[/]  \u001b[2mView logs: sky api logs -l sky-2025-03-17-21-18-03-228447/provision.log\u001b[0m</rich_update>"</sky-payload>
<sky-payload>"<rich_update>[bold cyan]Optimizing[/]</rich_update>"</sky-payload>
<sky-payload>"<rich_start>[bold cyan]Launching[/]</rich_start>"</sky-payload>
I 03-17 21:31:13 optimizer.py:736] [1mTarget:[0m minimizing cost
I 03-17 21:31:13 optimizer.py:749] [1mEstimated cost: [0m$0.3 / hour
I 03-17 21:31:13 optimizer.py:749] 
I 03-17 21:31:13 optimizer.py:884] Considered resources (1 node):
I 03-17 21:31:13 optimizer.py:952] ------------------------------------------------------------------------------------------------
I 03-17 21:31:13 optimizer.py:952]  CLOUD   INSTANCE          vCPUs   Mem(GB)   ACCELERATORS   REGION/ZONE     COST ($)   CHOSEN   
I 03-17 21:31:13 optimizer.py:952] ------------------------------------------------------------------------------------------------
I 03-17 21:31:13 optimizer.py:952]  AWS     g6.xlarge[Spot]   4       16        L4:1           ca-central-1b   0.34       [32m   ✔[0m     
I 03-17 21:31:13 optimizer.py:952]  AWS     g6.xlarge         4       16        L4:1           us-east-1       0.80                
I 03-17 21:31:13 optimizer.py:952] ------------------------------------------------------------------------------------------------
<sky-payload>"<rich_update>[bold cyan]Looking for resources[/]  \u001b[2mView logs: sky api logs -l sky-2025-03-17-21-18-03-228447/provision.log\u001b[0m</rich_update>"</sky-payload>
<sky-payload>"<rich_update>[bold cyan]Launching[/]  \u001b[2mView logs: sky api logs -l sky-2025-03-17-21-18-03-228447/provision.log\u001b[0m</rich_update>"</sky-payload>
I 03-17 21:31:13 cloud_vm_ray_backend.py:1520] [0m⚙︎ Launching on AWS ca-central-1[0m (ca-central-1b).
[2mW 03-17 21:31:24 instance.py:243] create_instances: Attempt failed with An error occurred (MaxSpotInstanceCountExceeded) when calling the RunInstances operation: Max spot instance count exceeded[0m
W 03-17 21:31:24 cloud_vm_ray_backend.py:2061] sky.exceptions.ResourcesUnavailableError: Failed to acquire resources in ca-central-1b for {AWS([Spot], cpus=4, {'L4': 1}), AWS(cpus=4, {'L4': 1})}. 
W 03-17 21:31:24 cloud_vm_ray_backend.py:2097] 
W 03-17 21:31:24 cloud_vm_ray_backend.py:2097] [0m[33m↺[0m Trying other potential resources.
<sky-payload>"<rich_update>[bold cyan]Looking for resources[/]  \u001b[2mView logs: sky api logs -l sky-2025-03-17-21-18-03-228447/provision.log\u001b[0m</rich_update>"</sky-payload>
<sky-payload>"<rich_update>[bold cyan]Optimizing[/]</rich_update>"</sky-payload>
<sky-payload>"<rich_start>[bold cyan]Launching[/]</rich_start>"</sky-payload>
I 03-17 21:31:24 optimizer.py:736] [1mTarget:[0m minimizing cost
I 03-17 21:31:24 optimizer.py:749] [1mEstimated cost: [0m$0.3 / hour
I 03-17 21:31:24 optimizer.py:749] 
I 03-17 21:31:24 optimizer.py:884] Considered resources (1 node):
I 03-17 21:31:24 optimizer.py:952] ----------------------------------------------------------------------------------------------
I 03-17 21:31:24 optimizer.py:952]  CLOUD   INSTANCE          vCPUs   Mem(GB)   ACCELERATORS   REGION/ZONE   COST ($)   CHOSEN   
I 03-17 21:31:24 optimizer.py:952] ----------------------------------------------------------------------------------------------
I 03-17 21:31:24 optimizer.py:952]  AWS     g6.xlarge[Spot]   4       16        L4:1           eu-west-2a    0.34       [32m   ✔[0m     
I 03-17 21:31:24 optimizer.py:952]  AWS     g6.xlarge         4       16        L4:1           us-east-1     0.80                
I 03-17 21:31:24 optimizer.py:952] ----------------------------------------------------------------------------------------------
<sky-payload>"<rich_update>[bold cyan]Looking for resources[/]  \u001b[2mView logs: sky api logs -l sky-2025-03-17-21-18-03-228447/provision.log\u001b[0m</rich_update>"</sky-payload>
<sky-payload>"<rich_update>[bold cyan]Launching[/]  \u001b[2mView logs: sky api logs -l sky-2025-03-17-21-18-03-228447/provision.log\u001b[0m</rich_update>"</sky-payload>
I 03-17 21:31:24 cloud_vm_ray_backend.py:1520] [0m⚙︎ Launching on AWS eu-west-2[0m (eu-west-2a).
[2mW 03-17 21:31:32 instance.py:243] create_instances: Attempt failed with An error occurred (InsufficientInstanceCapacity) when calling the RunInstances operation (reached max retries: 0): There is no Spot capacity available that matches your request.[0m
W 03-17 21:31:33 cloud_vm_ray_backend.py:2061] sky.exceptions.ResourcesUnavailableError: Failed to acquire resources in eu-west-2a for {AWS([Spot], cpus=4, {'L4': 1}), AWS(cpus=4, {'L4': 1})}. 
W 03-17 21:31:33 cloud_vm_ray_backend.py:2097] 
W 03-17 21:31:33 cloud_vm_ray_backend.py:2097] [0m[33m↺[0m Trying other potential resources.
<sky-payload>"<rich_update>[bold cyan]Looking for resources[/]  \u001b[2mView logs: sky api logs -l sky-2025-03-17-21-18-03-228447/provision.log\u001b[0m</rich_update>"</sky-payload>
<sky-payload>"<rich_update>[bold cyan]Optimizing[/]</rich_update>"</sky-payload>
<sky-payload>"<rich_start>[bold cyan]Launching[/]</rich_start>"</sky-payload>
I 03-17 21:31:33 optimizer.py:736] [1mTarget:[0m minimizing cost
I 03-17 21:31:33 optimizer.py:749] [1mEstimated cost: [0m$0.3 / hour
I 03-17 21:31:33 optimizer.py:749] 
I 03-17 21:31:33 optimizer.py:884] Considered resources (1 node):
I 03-17 21:31:33 optimizer.py:952] ----------------------------------------------------------------------------------------------
I 03-17 21:31:33 optimizer.py:952]  CLOUD   INSTANCE          vCPUs   Mem(GB)   ACCELERATORS   REGION/ZONE   COST ($)   CHOSEN   
I 03-17 21:31:33 optimizer.py:952] ----------------------------------------------------------------------------------------------
I 03-17 21:31:33 optimizer.py:952]  AWS     g6.xlarge[Spot]   4       16        L4:1           eu-west-3c    0.35       [32m   ✔[0m     
I 03-17 21:31:33 optimizer.py:952]  AWS     g6.xlarge         4       16        L4:1           us-east-1     0.80                
I 03-17 21:31:33 optimizer.py:952] ----------------------------------------------------------------------------------------------
<sky-payload>"<rich_update>[bold cyan]Looking for resources[/]  \u001b[2mView logs: sky api logs -l sky-2025-03-17-21-18-03-228447/provision.log\u001b[0m</rich_update>"</sky-payload>
<sky-payload>"<rich_update>[bold cyan]Launching[/]  \u001b[2mView logs: sky api logs -l sky-2025-03-17-21-18-03-228447/provision.log\u001b[0m</rich_update>"</sky-payload>
I 03-17 21:31:34 cloud_vm_ray_backend.py:1520] [0m⚙︎ Launching on AWS eu-west-3[0m (eu-west-3c).
<sky-payload>"<rich_update>[bold cyan]Launching - Checking instance status[/]  \u001b[2mView logs: sky api logs -l sky-2025-03-17-21-18-03-228447/provision.log\u001b[0m</rich_update>"</sky-payload>
<sky-payload>"<rich_update>[bold cyan]Launching - Waiting for SSH access[/]  \u001b[2mView logs: sky api logs -l sky-2025-03-17-21-18-03-228447/provision.log\u001b[0m</rich_update>"</sky-payload>
<sky-payload>"<rich_start>[bold cyan]Launching[/]</rich_start>"</sky-payload>
I 03-17 21:31:58 provisioner.py:451] [2m└── [0m[2mInstance is up.[0m
<sky-payload>"<rich_update>[bold cyan]Preparing SkyPilot runtime (1/3 - initializing)[/]  \u001b[2mView logs: sky api logs -l sky-2025-03-17-21-18-03-228447/provision.log\u001b[0m</rich_update>"</sky-payload>
<sky-payload>"<rich_update>[bold cyan]Preparing SkyPilot runtime (2/3 - dependencies)[/]  \u001b[2mView logs: sky api logs -l sky-2025-03-17-21-18-03-228447/provision.log\u001b[0m</rich_update>"</sky-payload>
<sky-payload>"<rich_update>[bold cyan]Preparing SkyPilot runtime (3/3 - runtime)[/]  \u001b[2mView logs: sky api logs -l sky-2025-03-17-21-18-03-228447/provision.log\u001b[0m</rich_update>"</sky-payload>
<sky-payload>"<rich_update>[bold cyan]Launching - Checking instance status[/]  \u001b[2mView logs: sky api logs -l sky-2025-03-17-21-18-03-228447/provision.log\u001b[0m</rich_update>"</sky-payload>
I 03-17 21:32:24 provisioner.py:632] [0m[32m✓ Cluster launched: compute-text-vectors-130.[0m  [2mView logs: sky api logs -l sky-2025-03-17-21-18-03-228447/provision.log[0m
<sky-payload>"<rich_exit></rich_exit>"</sky-payload>
I 03-17 21:32:24 execution.py:332] [0m⚙︎ Syncing files.
<sky-payload>"<rich_init>[bold cyan]Syncing files[/]</rich_init>"</sky-payload>
<sky-payload>"<rich_update>[bold cyan]Syncing files[/]</rich_update>"</sky-payload>
<sky-payload>"<rich_start>[bold cyan]Syncing files[/]</rich_start>"</sky-payload>
<sky-payload>"<rich_update>[bold cyan]Syncing file mounts[/]  \u001b[2mView logs: sky api logs -l sky-2025-03-17-21-18-03-228447/file_mounts.log\u001b[0m</rich_update>"</sky-payload>
I 03-17 21:32:24 backend_utils.py:1315]   [2mSyncing (to 1 node): s3://skypilot-filemounts-root-726f1974-91vyp8gd/job-91vyp8gd/workdir -> ~/sky_workdir[0m
I 03-17 21:32:26 cloud_vm_ray_backend.py:4801] [0m[32m✓ Synced file_mounts.[0m  [2mView logs: sky api logs -l sky-2025-03-17-21-18-03-228447/file_mounts.log[0m
<sky-payload>"<rich_update>[bold cyan]Mounting 1 storage[/]  \u001b[2mView logs: sky api logs -l sky-2025-03-17-21-18-03-228447/storage_mounts.log\u001b[0m</rich_update>"</sky-payload>
I 03-17 21:32:26 backend_utils.py:1315]   [2mMounting (to 1 node): s3://sky-text-embeddings-multi-cluster-final-2 -> /output[0m
I 03-17 21:32:29 cloud_vm_ray_backend.py:4892] [0m[32m✓ Storage mounted.[0m  [2mView logs: sky api logs -l sky-2025-03-17-21-18-03-228447/storage_mounts.log[0m
<sky-payload>"<rich_exit></rich_exit>"</sky-payload>
<sky-payload>"<rich_init>[bold cyan]Running setup[/]</rich_init>"</sky-payload>
<sky-payload>"<rich_update>[bold cyan]Running setup[/]</rich_update>"</sky-payload>
<sky-payload>"<rich_start>[bold cyan]Running setup[/]</rich_start>"</sky-payload>
<sky-payload>"<rich_stop></rich_stop>"</sky-payload>
I 03-17 21:32:31 cloud_vm_ray_backend.py:3357] [0m[32m✓ Setup detached.[0m
<sky-payload>"<rich_exit></rich_exit>"</sky-payload>
<sky-payload>"<rich_init>[bold cyan]Submitting job[/]</rich_init>"</sky-payload>
<sky-payload>"<rich_update>[bold cyan]Submitting job[/]</rich_update>"</sky-payload>
<sky-payload>"<rich_start>[bold cyan]Submitting job[/]</rich_start>"</sky-payload>
I 03-17 21:32:32 cloud_vm_ray_backend.py:3546] Multiple resources are specified for the task, using: AWS([Spot], cpus=4, {'L4': 1})
I 03-17 21:32:33 cloud_vm_ray_backend.py:3460] [0m⚙︎ Job submitted, ID: 1
<sky-payload>"<rich_stop></rich_stop>"</sky-payload>
<sky-payload>"<rich_exit></rich_exit>"</sky-payload>

[?25hI 03-17 21:32:33 recovery_strategy.py:289] Managed job cluster launched.
I 03-17 21:32:37 utils.py:131] === Checking the job status... ===
I 03-17 21:32:37 utils.py:137] Job status: JobStatus.SETTING_UP
I 03-17 21:32:37 utils.py:140] ==================================
I 03-17 21:32:38 state.py:471] Job started.
I 03-17 21:32:58 utils.py:131] === Checking the job status... ===
I 03-17 21:32:59 utils.py:137] Job status: JobStatus.SETTING_UP
I 03-17 21:32:59 utils.py:140] ==================================
I 03-17 21:33:19 utils.py:131] === Checking the job status... ===
I 03-17 21:33:20 utils.py:137] Job status: JobStatus.SETTING_UP
I 03-17 21:33:20 utils.py:140] ==================================
I 03-17 21:33:40 utils.py:131] === Checking the job status... ===
I 03-17 21:33:41 utils.py:137] Job status: JobStatus.SETTING_UP
I 03-17 21:33:41 utils.py:140] ==================================
I 03-17 21:34:01 utils.py:131] === Checking the job status... ===
I 03-17 21:34:02 utils.py:137] Job status: JobStatus.SETTING_UP
I 03-17 21:34:02 utils.py:140] ==================================
I 03-17 21:34:22 utils.py:131] === Checking the job status... ===
I 03-17 21:34:23 utils.py:137] Job status: JobStatus.SETTING_UP
I 03-17 21:34:23 utils.py:140] ==================================
I 03-17 21:34:43 utils.py:131] === Checking the job status... ===
I 03-17 21:34:44 utils.py:137] Job status: JobStatus.RUNNING
I 03-17 21:34:44 utils.py:140] ==================================
I 03-17 21:35:04 utils.py:131] === Checking the job status... ===
I 03-17 21:35:05 utils.py:137] Job status: JobStatus.RUNNING
I 03-17 21:35:05 utils.py:140] ==================================
I 03-17 21:35:25 utils.py:131] === Checking the job status... ===
I 03-17 21:35:27 utils.py:137] Job status: JobStatus.RUNNING
I 03-17 21:35:27 utils.py:140] ==================================
I 03-17 21:35:47 utils.py:131] === Checking the job status... ===
I 03-17 21:35:48 utils.py:137] Job status: JobStatus.RUNNING
I 03-17 21:35:48 utils.py:140] ==================================
I 03-17 21:36:08 utils.py:131] === Checking the job status... ===
I 03-17 21:36:10 utils.py:137] Job status: JobStatus.RUNNING
I 03-17 21:36:10 utils.py:140] ==================================
I 03-17 21:36:30 utils.py:131] === Checking the job status... ===
I 03-17 21:36:32 utils.py:137] Job status: JobStatus.RUNNING
I 03-17 21:36:32 utils.py:140] ==================================
I 03-17 21:36:52 utils.py:131] === Checking the job status... ===
I 03-17 21:36:53 utils.py:137] Job status: JobStatus.RUNNING
I 03-17 21:36:53 utils.py:140] ==================================
I 03-17 21:37:13 utils.py:131] === Checking the job status... ===
I 03-17 21:37:14 utils.py:137] Job status: JobStatus.RUNNING
I 03-17 21:37:14 utils.py:140] ==================================
I 03-17 21:37:34 utils.py:131] === Checking the job status... ===
I 03-17 21:37:35 utils.py:137] Job status: JobStatus.RUNNING
I 03-17 21:37:35 utils.py:140] ==================================
I 03-17 21:37:55 utils.py:131] === Checking the job status... ===
I 03-17 21:37:55 utils.py:137] Job status: JobStatus.RUNNING
I 03-17 21:37:55 utils.py:140] ==================================
I 03-17 21:38:16 utils.py:131] === Checking the job status... ===
I 03-17 21:38:16 utils.py:137] Job status: JobStatus.RUNNING
I 03-17 21:38:16 utils.py:140] ==================================
I 03-17 21:38:37 utils.py:131] === Checking the job status... ===
I 03-17 21:38:40 utils.py:137] Job status: JobStatus.RUNNING
I 03-17 21:38:40 utils.py:140] ==================================
I 03-17 21:39:00 utils.py:131] === Checking the job status... ===
I 03-17 21:39:03 utils.py:137] Job status: JobStatus.RUNNING
I 03-17 21:39:03 utils.py:140] ==================================
I 03-17 21:39:24 utils.py:131] === Checking the job status... ===
I 03-17 21:39:25 utils.py:137] Job status: JobStatus.RUNNING
I 03-17 21:39:25 utils.py:140] ==================================
I 03-17 21:39:45 utils.py:131] === Checking the job status... ===
I 03-17 21:39:46 utils.py:137] Job status: JobStatus.RUNNING
I 03-17 21:39:46 utils.py:140] ==================================
I 03-17 21:40:06 utils.py:131] === Checking the job status... ===
I 03-17 21:40:07 utils.py:137] Job status: JobStatus.RUNNING
I 03-17 21:40:07 utils.py:140] ==================================
I 03-17 21:40:27 utils.py:131] === Checking the job status... ===
I 03-17 21:40:28 utils.py:137] Job status: JobStatus.RUNNING
I 03-17 21:40:28 utils.py:140] ==================================
I 03-17 21:40:48 utils.py:131] === Checking the job status... ===
I 03-17 21:40:49 utils.py:137] Job status: JobStatus.RUNNING
I 03-17 21:40:49 utils.py:140] ==================================
I 03-17 21:41:09 utils.py:131] === Checking the job status... ===
I 03-17 21:41:10 utils.py:137] Job status: JobStatus.RUNNING
I 03-17 21:41:10 utils.py:140] ==================================
I 03-17 21:41:30 utils.py:131] === Checking the job status... ===
I 03-17 21:41:30 utils.py:137] Job status: JobStatus.RUNNING
I 03-17 21:41:30 utils.py:140] ==================================
I 03-17 21:41:51 utils.py:131] === Checking the job status... ===
I 03-17 21:41:51 utils.py:137] Job status: JobStatus.RUNNING
I 03-17 21:41:51 utils.py:140] ==================================
I 03-17 21:42:11 utils.py:131] === Checking the job status... ===
I 03-17 21:42:12 utils.py:137] Job status: JobStatus.RUNNING
I 03-17 21:42:12 utils.py:140] ==================================
I 03-17 21:42:32 utils.py:131] === Checking the job status... ===
I 03-17 21:42:33 utils.py:137] Job status: JobStatus.RUNNING
I 03-17 21:42:33 utils.py:140] ==================================
I 03-17 21:42:53 utils.py:131] === Checking the job status... ===
I 03-17 21:42:54 utils.py:137] Job status: JobStatus.RUNNING
I 03-17 21:42:54 utils.py:140] ==================================
I 03-17 21:43:14 utils.py:131] === Checking the job status... ===
I 03-17 21:43:15 utils.py:137] Job status: JobStatus.RUNNING
I 03-17 21:43:15 utils.py:140] ==================================
I 03-17 21:43:35 utils.py:131] === Checking the job status... ===
I 03-17 21:43:36 utils.py:137] Job status: JobStatus.RUNNING
I 03-17 21:43:36 utils.py:140] ==================================
I 03-17 21:43:56 utils.py:131] === Checking the job status... ===
I 03-17 21:43:57 utils.py:137] Job status: JobStatus.RUNNING
I 03-17 21:43:57 utils.py:140] ==================================
I 03-17 21:44:17 utils.py:131] === Checking the job status... ===
I 03-17 21:44:18 utils.py:137] Job status: JobStatus.RUNNING
I 03-17 21:44:18 utils.py:140] ==================================
I 03-17 21:44:38 utils.py:131] === Checking the job status... ===
I 03-17 21:44:38 utils.py:137] Job status: JobStatus.RUNNING
I 03-17 21:44:38 utils.py:140] ==================================
I 03-17 21:44:58 utils.py:131] === Checking the job status... ===
I 03-17 21:44:59 utils.py:137] Job status: JobStatus.RUNNING
I 03-17 21:44:59 utils.py:140] ==================================
I 03-17 21:45:19 utils.py:131] === Checking the job status... ===
I 03-17 21:45:20 utils.py:137] Job status: JobStatus.RUNNING
I 03-17 21:45:20 utils.py:140] ==================================
I 03-17 21:45:40 utils.py:131] === Checking the job status... ===
I 03-17 21:45:41 utils.py:137] Job status: JobStatus.RUNNING
I 03-17 21:45:41 utils.py:140] ==================================
I 03-17 21:46:01 utils.py:131] === Checking the job status... ===
I 03-17 21:46:02 utils.py:137] Job status: JobStatus.RUNNING
I 03-17 21:46:02 utils.py:140] ==================================
I 03-17 21:46:22 utils.py:131] === Checking the job status... ===
I 03-17 21:46:23 utils.py:137] Job status: JobStatus.RUNNING
I 03-17 21:46:23 utils.py:140] ==================================
I 03-17 21:46:43 utils.py:131] === Checking the job status... ===
I 03-17 21:46:44 utils.py:137] Job status: JobStatus.RUNNING
I 03-17 21:46:44 utils.py:140] ==================================
I 03-17 21:47:04 utils.py:131] === Checking the job status... ===
I 03-17 21:47:05 utils.py:137] Job status: JobStatus.RUNNING
I 03-17 21:47:05 utils.py:140] ==================================
I 03-17 21:47:25 utils.py:131] === Checking the job status... ===
I 03-17 21:47:25 utils.py:137] Job status: JobStatus.RUNNING
I 03-17 21:47:25 utils.py:140] ==================================
I 03-17 21:47:46 utils.py:131] === Checking the job status... ===
I 03-17 21:47:46 utils.py:137] Job status: JobStatus.RUNNING
I 03-17 21:47:46 utils.py:140] ==================================
I 03-17 21:48:07 utils.py:131] === Checking the job status... ===
I 03-17 21:48:07 utils.py:137] Job status: JobStatus.RUNNING
I 03-17 21:48:07 utils.py:140] ==================================
I 03-17 21:48:28 utils.py:131] === Checking the job status... ===
I 03-17 21:48:28 utils.py:137] Job status: JobStatus.RUNNING
I 03-17 21:48:28 utils.py:140] ==================================
I 03-17 21:48:48 utils.py:131] === Checking the job status... ===
I 03-17 21:48:49 utils.py:137] Job status: JobStatus.RUNNING
I 03-17 21:48:49 utils.py:140] ==================================
I 03-17 21:49:09 utils.py:131] === Checking the job status... ===
I 03-17 21:49:10 utils.py:137] Job status: JobStatus.RUNNING
I 03-17 21:49:10 utils.py:140] ==================================
I 03-17 21:49:30 utils.py:131] === Checking the job status... ===
I 03-17 21:49:31 utils.py:137] Job status: JobStatus.RUNNING
I 03-17 21:49:31 utils.py:140] ==================================
I 03-17 21:49:51 utils.py:131] === Checking the job status... ===
I 03-17 21:49:52 utils.py:137] Job status: JobStatus.RUNNING
I 03-17 21:49:52 utils.py:140] ==================================
I 03-17 21:50:12 utils.py:131] === Checking the job status... ===
I 03-17 21:50:13 utils.py:137] Job status: JobStatus.RUNNING
I 03-17 21:50:13 utils.py:140] ==================================
I 03-17 21:50:33 utils.py:131] === Checking the job status... ===
I 03-17 21:50:34 utils.py:137] Job status: JobStatus.RUNNING
I 03-17 21:50:34 utils.py:140] ==================================
I 03-17 21:50:54 utils.py:131] === Checking the job status... ===
I 03-17 21:50:54 utils.py:137] Job status: JobStatus.RUNNING
I 03-17 21:50:54 utils.py:140] ==================================
I 03-17 21:51:15 utils.py:131] === Checking the job status... ===
I 03-17 21:51:15 utils.py:137] Job status: JobStatus.RUNNING
I 03-17 21:51:15 utils.py:140] ==================================
I 03-17 21:51:36 utils.py:131] === Checking the job status... ===
I 03-17 21:51:36 utils.py:137] Job status: JobStatus.RUNNING
I 03-17 21:51:36 utils.py:140] ==================================
I 03-17 21:51:56 utils.py:131] === Checking the job status... ===
I 03-17 21:51:57 utils.py:137] Job status: JobStatus.RUNNING
I 03-17 21:51:57 utils.py:140] ==================================
I 03-17 21:52:17 utils.py:131] === Checking the job status... ===
I 03-17 21:52:18 utils.py:137] Job status: JobStatus.RUNNING
I 03-17 21:52:18 utils.py:140] ==================================
I 03-17 21:52:38 utils.py:131] === Checking the job status... ===
I 03-17 21:52:39 utils.py:137] Job status: JobStatus.RUNNING
I 03-17 21:52:39 utils.py:140] ==================================
I 03-17 21:52:59 utils.py:131] === Checking the job status... ===
I 03-17 21:53:00 utils.py:137] Job status: JobStatus.RUNNING
I 03-17 21:53:00 utils.py:140] ==================================
I 03-17 21:53:20 utils.py:131] === Checking the job status... ===
I 03-17 21:53:21 utils.py:137] Job status: JobStatus.RUNNING
I 03-17 21:53:21 utils.py:140] ==================================
I 03-17 21:53:41 utils.py:131] === Checking the job status... ===
I 03-17 21:53:42 utils.py:137] Job status: JobStatus.RUNNING
I 03-17 21:53:42 utils.py:140] ==================================
I 03-17 21:54:02 utils.py:131] === Checking the job status... ===
I 03-17 21:54:03 utils.py:137] Job status: JobStatus.RUNNING
I 03-17 21:54:03 utils.py:140] ==================================
I 03-17 21:54:23 utils.py:131] === Checking the job status... ===
I 03-17 21:54:24 utils.py:137] Job status: JobStatus.RUNNING
I 03-17 21:54:24 utils.py:140] ==================================
I 03-17 21:54:44 utils.py:131] === Checking the job status... ===
I 03-17 21:54:45 utils.py:137] Job status: JobStatus.RUNNING
I 03-17 21:54:45 utils.py:140] ==================================
I 03-17 21:55:05 utils.py:131] === Checking the job status... ===
I 03-17 21:55:06 utils.py:137] Job status: JobStatus.RUNNING
I 03-17 21:55:06 utils.py:140] ==================================
I 03-17 21:55:26 utils.py:131] === Checking the job status... ===
I 03-17 21:55:26 utils.py:137] Job status: JobStatus.RUNNING
I 03-17 21:55:26 utils.py:140] ==================================
I 03-17 21:55:47 utils.py:131] === Checking the job status... ===
I 03-17 21:55:47 utils.py:137] Job status: JobStatus.RUNNING
I 03-17 21:55:47 utils.py:140] ==================================
I 03-17 21:56:07 utils.py:131] === Checking the job status... ===
I 03-17 21:56:08 utils.py:137] Job status: JobStatus.RUNNING
I 03-17 21:56:08 utils.py:140] ==================================
I 03-17 21:56:28 utils.py:131] === Checking the job status... ===
I 03-17 21:56:29 utils.py:137] Job status: JobStatus.RUNNING
I 03-17 21:56:29 utils.py:140] ==================================
I 03-17 21:56:49 utils.py:131] === Checking the job status... ===
I 03-17 21:56:50 utils.py:137] Job status: JobStatus.RUNNING
I 03-17 21:56:50 utils.py:140] ==================================
I 03-17 21:57:10 utils.py:131] === Checking the job status... ===
I 03-17 21:57:11 utils.py:137] Job status: JobStatus.RUNNING
I 03-17 21:57:11 utils.py:140] ==================================
I 03-17 21:57:31 utils.py:131] === Checking the job status... ===
I 03-17 21:57:32 utils.py:137] Job status: JobStatus.RUNNING
I 03-17 21:57:32 utils.py:140] ==================================
I 03-17 21:57:52 utils.py:131] === Checking the job status... ===
I 03-17 21:57:53 utils.py:137] Job status: JobStatus.RUNNING
I 03-17 21:57:53 utils.py:140] ==================================
I 03-17 21:58:13 utils.py:131] === Checking the job status... ===
I 03-17 21:58:14 utils.py:137] Job status: JobStatus.RUNNING
I 03-17 21:58:14 utils.py:140] ==================================
I 03-17 21:58:34 utils.py:131] === Checking the job status... ===
I 03-17 21:58:35 utils.py:137] Job status: JobStatus.RUNNING
I 03-17 21:58:35 utils.py:140] ==================================
I 03-17 21:58:55 utils.py:131] === Checking the job status... ===
I 03-17 21:58:56 utils.py:137] Job status: JobStatus.RUNNING
I 03-17 21:58:56 utils.py:140] ==================================
I 03-17 21:59:16 utils.py:131] === Checking the job status... ===
I 03-17 21:59:16 utils.py:137] Job status: JobStatus.RUNNING
I 03-17 21:59:16 utils.py:140] ==================================
I 03-17 21:59:37 utils.py:131] === Checking the job status... ===
I 03-17 21:59:37 utils.py:137] Job status: JobStatus.RUNNING
I 03-17 21:59:37 utils.py:140] ==================================
I 03-17 21:59:58 utils.py:131] === Checking the job status... ===
I 03-17 21:59:58 utils.py:137] Job status: JobStatus.RUNNING
I 03-17 21:59:58 utils.py:140] ==================================
I 03-17 22:00:18 utils.py:131] === Checking the job status... ===
I 03-17 22:00:19 utils.py:137] Job status: JobStatus.RUNNING
I 03-17 22:00:19 utils.py:140] ==================================
I 03-17 22:00:39 utils.py:131] === Checking the job status... ===
I 03-17 22:00:40 utils.py:137] Job status: JobStatus.RUNNING
I 03-17 22:00:40 utils.py:140] ==================================
I 03-17 22:01:00 utils.py:131] === Checking the job status... ===
I 03-17 22:01:01 utils.py:137] Job status: JobStatus.RUNNING
I 03-17 22:01:01 utils.py:140] ==================================
I 03-17 22:01:21 utils.py:131] === Checking the job status... ===
I 03-17 22:01:22 utils.py:137] Job status: JobStatus.RUNNING
I 03-17 22:01:22 utils.py:140] ==================================
I 03-17 22:01:42 utils.py:131] === Checking the job status... ===
I 03-17 22:01:43 utils.py:137] Job status: JobStatus.RUNNING
I 03-17 22:01:43 utils.py:140] ==================================
I 03-17 22:02:03 utils.py:131] === Checking the job status... ===
I 03-17 22:02:04 utils.py:137] Job status: JobStatus.RUNNING
I 03-17 22:02:04 utils.py:140] ==================================
I 03-17 22:02:24 utils.py:131] === Checking the job status... ===
I 03-17 22:02:25 utils.py:137] Job status: JobStatus.RUNNING
I 03-17 22:02:25 utils.py:140] ==================================
I 03-17 22:02:45 utils.py:131] === Checking the job status... ===
I 03-17 22:02:45 utils.py:137] Job status: JobStatus.RUNNING
I 03-17 22:02:45 utils.py:140] ==================================
I 03-17 22:03:06 utils.py:131] === Checking the job status... ===
I 03-17 22:03:06 utils.py:137] Job status: JobStatus.RUNNING
I 03-17 22:03:06 utils.py:140] ==================================
I 03-17 22:03:27 utils.py:131] === Checking the job status... ===
I 03-17 22:03:27 utils.py:137] Job status: JobStatus.RUNNING
I 03-17 22:03:27 utils.py:140] ==================================
I 03-17 22:03:47 utils.py:131] === Checking the job status... ===
I 03-17 22:03:48 utils.py:137] Job status: JobStatus.RUNNING
I 03-17 22:03:48 utils.py:140] ==================================
I 03-17 22:04:08 utils.py:131] === Checking the job status... ===
I 03-17 22:04:09 utils.py:137] Job status: JobStatus.RUNNING
I 03-17 22:04:09 utils.py:140] ==================================
I 03-17 22:04:29 utils.py:131] === Checking the job status... ===
I 03-17 22:04:30 utils.py:137] Job status: JobStatus.RUNNING
I 03-17 22:04:30 utils.py:140] ==================================
I 03-17 22:04:50 utils.py:131] === Checking the job status... ===
I 03-17 22:04:51 utils.py:137] Job status: JobStatus.RUNNING
I 03-17 22:04:51 utils.py:140] ==================================
I 03-17 22:05:11 utils.py:131] === Checking the job status... ===
I 03-17 22:05:12 utils.py:137] Job status: JobStatus.RUNNING
I 03-17 22:05:12 utils.py:140] ==================================
I 03-17 22:05:32 utils.py:131] === Checking the job status... ===
I 03-17 22:05:33 utils.py:137] Job status: JobStatus.RUNNING
I 03-17 22:05:33 utils.py:140] ==================================
I 03-17 22:05:53 utils.py:131] === Checking the job status... ===
I 03-17 22:05:54 utils.py:137] Job status: JobStatus.RUNNING
I 03-17 22:05:54 utils.py:140] ==================================
I 03-17 22:06:14 utils.py:131] === Checking the job status... ===
I 03-17 22:06:15 utils.py:137] Job status: JobStatus.RUNNING
I 03-17 22:06:15 utils.py:140] ==================================
I 03-17 22:06:35 utils.py:131] === Checking the job status... ===
I 03-17 22:06:36 utils.py:137] Job status: JobStatus.RUNNING
I 03-17 22:06:36 utils.py:140] ==================================
I 03-17 22:06:56 utils.py:131] === Checking the job status... ===
I 03-17 22:06:56 utils.py:137] Job status: JobStatus.RUNNING
I 03-17 22:06:56 utils.py:140] ==================================
I 03-17 22:07:17 utils.py:131] === Checking the job status... ===
I 03-17 22:07:17 utils.py:137] Job status: JobStatus.RUNNING
I 03-17 22:07:17 utils.py:140] ==================================
I 03-17 22:07:37 utils.py:131] === Checking the job status... ===
I 03-17 22:07:38 utils.py:137] Job status: JobStatus.RUNNING
I 03-17 22:07:38 utils.py:140] ==================================
I 03-17 22:07:58 utils.py:131] === Checking the job status... ===
I 03-17 22:07:59 utils.py:137] Job status: JobStatus.RUNNING
I 03-17 22:07:59 utils.py:140] ==================================
I 03-17 22:08:19 utils.py:131] === Checking the job status... ===
I 03-17 22:08:20 utils.py:137] Job status: JobStatus.RUNNING
I 03-17 22:08:20 utils.py:140] ==================================
I 03-17 22:08:40 utils.py:131] === Checking the job status... ===
I 03-17 22:08:41 utils.py:137] Job status: JobStatus.RUNNING
I 03-17 22:08:41 utils.py:140] ==================================
I 03-17 22:09:01 utils.py:131] === Checking the job status... ===
I 03-17 22:09:02 utils.py:137] Job status: JobStatus.RUNNING
I 03-17 22:09:02 utils.py:140] ==================================
I 03-17 22:09:22 utils.py:131] === Checking the job status... ===
I 03-17 22:09:23 utils.py:137] Job status: JobStatus.RUNNING
I 03-17 22:09:23 utils.py:140] ==================================
I 03-17 22:09:43 utils.py:131] === Checking the job status... ===
I 03-17 22:09:44 utils.py:137] Job status: JobStatus.RUNNING
I 03-17 22:09:44 utils.py:140] ==================================
I 03-17 22:10:04 utils.py:131] === Checking the job status... ===
I 03-17 22:10:05 utils.py:137] Job status: JobStatus.RUNNING
I 03-17 22:10:05 utils.py:140] ==================================
I 03-17 22:10:25 utils.py:131] === Checking the job status... ===
I 03-17 22:10:26 utils.py:137] Job status: JobStatus.RUNNING
I 03-17 22:10:26 utils.py:140] ==================================
I 03-17 22:10:46 utils.py:131] === Checking the job status... ===
I 03-17 22:10:47 utils.py:137] Job status: JobStatus.RUNNING
I 03-17 22:10:47 utils.py:140] ==================================
I 03-17 22:11:07 utils.py:131] === Checking the job status... ===
I 03-17 22:11:07 utils.py:137] Job status: JobStatus.RUNNING
I 03-17 22:11:07 utils.py:140] ==================================
I 03-17 22:11:28 utils.py:131] === Checking the job status... ===
I 03-17 22:11:28 utils.py:137] Job status: JobStatus.RUNNING
I 03-17 22:11:28 utils.py:140] ==================================
I 03-17 22:11:48 utils.py:131] === Checking the job status... ===
I 03-17 22:11:49 utils.py:137] Job status: JobStatus.RUNNING
I 03-17 22:11:49 utils.py:140] ==================================
I 03-17 22:12:09 utils.py:131] === Checking the job status... ===
I 03-17 22:12:10 utils.py:137] Job status: JobStatus.RUNNING
I 03-17 22:12:10 utils.py:140] ==================================
I 03-17 22:12:30 utils.py:131] === Checking the job status... ===
I 03-17 22:12:31 utils.py:137] Job status: JobStatus.RUNNING
I 03-17 22:12:31 utils.py:140] ==================================
I 03-17 22:12:51 utils.py:131] === Checking the job status... ===
I 03-17 22:12:52 utils.py:137] Job status: JobStatus.RUNNING
I 03-17 22:12:52 utils.py:140] ==================================
I 03-17 22:13:12 utils.py:131] === Checking the job status... ===
I 03-17 22:13:13 utils.py:137] Job status: JobStatus.RUNNING
I 03-17 22:13:13 utils.py:140] ==================================
I 03-17 22:13:33 utils.py:131] === Checking the job status... ===
I 03-17 22:13:34 utils.py:137] Job status: JobStatus.RUNNING
I 03-17 22:13:34 utils.py:140] ==================================
I 03-17 22:13:54 utils.py:131] === Checking the job status... ===
I 03-17 22:13:55 utils.py:137] Job status: JobStatus.RUNNING
I 03-17 22:13:55 utils.py:140] ==================================
I 03-17 22:14:15 utils.py:131] === Checking the job status... ===
I 03-17 22:14:16 utils.py:137] Job status: JobStatus.RUNNING
I 03-17 22:14:16 utils.py:140] ==================================
I 03-17 22:14:36 utils.py:131] === Checking the job status... ===
I 03-17 22:14:36 utils.py:137] Job status: JobStatus.RUNNING
I 03-17 22:14:36 utils.py:140] ==================================
I 03-17 22:14:57 utils.py:131] === Checking the job status... ===
I 03-17 22:14:57 utils.py:137] Job status: JobStatus.RUNNING
I 03-17 22:14:57 utils.py:140] ==================================
I 03-17 22:15:17 utils.py:131] === Checking the job status... ===
I 03-17 22:15:18 utils.py:137] Job status: JobStatus.RUNNING
I 03-17 22:15:18 utils.py:140] ==================================
I 03-17 22:15:38 utils.py:131] === Checking the job status... ===
I 03-17 22:15:39 utils.py:137] Job status: JobStatus.RUNNING
I 03-17 22:15:39 utils.py:140] ==================================
I 03-17 22:15:59 utils.py:131] === Checking the job status... ===
I 03-17 22:16:00 utils.py:137] Job status: JobStatus.RUNNING
I 03-17 22:16:00 utils.py:140] ==================================
I 03-17 22:16:20 utils.py:131] === Checking the job status... ===
I 03-17 22:16:21 utils.py:137] Job status: JobStatus.RUNNING
I 03-17 22:16:21 utils.py:140] ==================================
I 03-17 22:16:41 utils.py:131] === Checking the job status... ===
I 03-17 22:16:42 utils.py:137] Job status: JobStatus.RUNNING
I 03-17 22:16:42 utils.py:140] ==================================
I 03-17 22:17:02 utils.py:131] === Checking the job status... ===
I 03-17 22:17:03 utils.py:137] Job status: JobStatus.RUNNING
I 03-17 22:17:03 utils.py:140] ==================================
I 03-17 22:17:23 utils.py:131] === Checking the job status... ===
I 03-17 22:17:24 utils.py:137] Job status: JobStatus.RUNNING
I 03-17 22:17:24 utils.py:140] ==================================
I 03-17 22:17:44 utils.py:131] === Checking the job status... ===
I 03-17 22:17:45 utils.py:137] Job status: JobStatus.RUNNING
I 03-17 22:17:45 utils.py:140] ==================================
I 03-17 22:18:05 utils.py:131] === Checking the job status... ===
I 03-17 22:18:05 utils.py:137] Job status: JobStatus.RUNNING
I 03-17 22:18:05 utils.py:140] ==================================
I 03-17 22:18:26 utils.py:131] === Checking the job status... ===
I 03-17 22:18:26 utils.py:137] Job status: JobStatus.RUNNING
I 03-17 22:18:26 utils.py:140] ==================================
I 03-17 22:18:46 utils.py:131] === Checking the job status... ===
I 03-17 22:18:47 utils.py:137] Job status: JobStatus.RUNNING
I 03-17 22:18:47 utils.py:140] ==================================
I 03-17 22:19:07 utils.py:131] === Checking the job status... ===
I 03-17 22:19:08 utils.py:137] Job status: JobStatus.RUNNING
I 03-17 22:19:08 utils.py:140] ==================================
I 03-17 22:19:28 utils.py:131] === Checking the job status... ===
I 03-17 22:19:29 utils.py:137] Job status: JobStatus.RUNNING
I 03-17 22:19:29 utils.py:140] ==================================
I 03-17 22:19:49 utils.py:131] === Checking the job status... ===
I 03-17 22:19:50 utils.py:137] Job status: JobStatus.RUNNING
I 03-17 22:19:50 utils.py:140] ==================================
I 03-17 22:20:10 utils.py:131] === Checking the job status... ===
I 03-17 22:20:11 utils.py:137] Job status: JobStatus.RUNNING
I 03-17 22:20:11 utils.py:140] ==================================
I 03-17 22:20:31 utils.py:131] === Checking the job status... ===
I 03-17 22:20:32 utils.py:137] Job status: JobStatus.RUNNING
I 03-17 22:20:32 utils.py:140] ==================================
I 03-17 22:20:52 utils.py:131] === Checking the job status... ===
I 03-17 22:20:53 utils.py:137] Job status: JobStatus.RUNNING
I 03-17 22:20:53 utils.py:140] ==================================
I 03-17 22:21:13 utils.py:131] === Checking the job status... ===
I 03-17 22:21:13 utils.py:137] Job status: JobStatus.RUNNING
I 03-17 22:21:13 utils.py:140] ==================================
I 03-17 22:21:33 utils.py:131] === Checking the job status... ===
I 03-17 22:21:34 utils.py:137] Job status: JobStatus.RUNNING
I 03-17 22:21:34 utils.py:140] ==================================
I 03-17 22:21:54 utils.py:131] === Checking the job status... ===
I 03-17 22:21:55 utils.py:137] Job status: JobStatus.RUNNING
I 03-17 22:21:55 utils.py:140] ==================================
I 03-17 22:22:15 utils.py:131] === Checking the job status... ===
I 03-17 22:22:16 utils.py:137] Job status: JobStatus.RUNNING
I 03-17 22:22:16 utils.py:140] ==================================
I 03-17 22:22:36 utils.py:131] === Checking the job status... ===
I 03-17 22:22:37 utils.py:137] Job status: JobStatus.RUNNING
I 03-17 22:22:37 utils.py:140] ==================================
I 03-17 22:22:57 utils.py:131] === Checking the job status... ===
I 03-17 22:22:58 utils.py:137] Job status: JobStatus.RUNNING
I 03-17 22:22:58 utils.py:140] ==================================
I 03-17 22:23:18 utils.py:131] === Checking the job status... ===
I 03-17 22:23:19 utils.py:137] Job status: JobStatus.RUNNING
I 03-17 22:23:19 utils.py:140] ==================================
I 03-17 22:23:39 utils.py:131] === Checking the job status... ===
I 03-17 22:23:40 utils.py:137] Job status: JobStatus.RUNNING
I 03-17 22:23:40 utils.py:140] ==================================
I 03-17 22:24:00 utils.py:131] === Checking the job status... ===
I 03-17 22:24:00 utils.py:137] Job status: JobStatus.RUNNING
I 03-17 22:24:00 utils.py:140] ==================================
I 03-17 22:24:21 utils.py:131] === Checking the job status... ===
I 03-17 22:24:21 utils.py:137] Job status: JobStatus.RUNNING
I 03-17 22:24:21 utils.py:140] ==================================
I 03-17 22:24:42 utils.py:131] === Checking the job status... ===
I 03-17 22:24:42 utils.py:137] Job status: JobStatus.RUNNING
I 03-17 22:24:42 utils.py:140] ==================================
I 03-17 22:25:02 utils.py:131] === Checking the job status... ===
I 03-17 22:25:03 utils.py:137] Job status: JobStatus.RUNNING
I 03-17 22:25:03 utils.py:140] ==================================
I 03-17 22:25:23 utils.py:131] === Checking the job status... ===
I 03-17 22:25:24 utils.py:137] Job status: JobStatus.RUNNING
I 03-17 22:25:24 utils.py:140] ==================================
I 03-17 22:25:44 utils.py:131] === Checking the job status... ===
I 03-17 22:25:45 utils.py:137] Job status: JobStatus.RUNNING
I 03-17 22:25:45 utils.py:140] ==================================
I 03-17 22:26:05 utils.py:131] === Checking the job status... ===
I 03-17 22:26:06 utils.py:137] Job status: JobStatus.RUNNING
I 03-17 22:26:06 utils.py:140] ==================================
I 03-17 22:26:26 utils.py:131] === Checking the job status... ===
I 03-17 22:26:27 utils.py:137] Job status: JobStatus.RUNNING
I 03-17 22:26:27 utils.py:140] ==================================
I 03-17 22:26:47 utils.py:131] === Checking the job status... ===
I 03-17 22:26:48 utils.py:137] Job status: JobStatus.RUNNING
I 03-17 22:26:48 utils.py:140] ==================================
I 03-17 22:27:08 utils.py:131] === Checking the job status... ===
I 03-17 22:27:09 utils.py:137] Job status: JobStatus.RUNNING
I 03-17 22:27:09 utils.py:140] ==================================
I 03-17 22:27:29 utils.py:131] === Checking the job status... ===
I 03-17 22:27:29 utils.py:137] Job status: JobStatus.RUNNING
I 03-17 22:27:29 utils.py:140] ==================================
I 03-17 22:27:50 utils.py:131] === Checking the job status... ===
I 03-17 22:27:50 utils.py:137] Job status: JobStatus.RUNNING
I 03-17 22:27:50 utils.py:140] ==================================
I 03-17 22:28:10 utils.py:131] === Checking the job status... ===
I 03-17 22:28:11 utils.py:137] Job status: JobStatus.RUNNING
I 03-17 22:28:11 utils.py:140] ==================================
I 03-17 22:28:31 utils.py:131] === Checking the job status... ===
I 03-17 22:28:32 utils.py:137] Job status: JobStatus.RUNNING
I 03-17 22:28:32 utils.py:140] ==================================
I 03-17 22:28:52 utils.py:131] === Checking the job status... ===
I 03-17 22:28:53 utils.py:137] Job status: JobStatus.RUNNING
I 03-17 22:28:53 utils.py:140] ==================================
I 03-17 22:29:13 utils.py:131] === Checking the job status... ===
I 03-17 22:29:14 utils.py:137] Job status: JobStatus.RUNNING
I 03-17 22:29:14 utils.py:140] ==================================
I 03-17 22:29:34 utils.py:131] === Checking the job status... ===
I 03-17 22:29:35 utils.py:137] Job status: JobStatus.RUNNING
I 03-17 22:29:35 utils.py:140] ==================================
I 03-17 22:29:55 utils.py:131] === Checking the job status... ===
I 03-17 22:29:56 utils.py:137] Job status: JobStatus.RUNNING
I 03-17 22:29:56 utils.py:140] ==================================
I 03-17 22:30:16 utils.py:131] === Checking the job status... ===
I 03-17 22:30:17 utils.py:137] Job status: JobStatus.RUNNING
I 03-17 22:30:17 utils.py:140] ==================================
I 03-17 22:30:37 utils.py:131] === Checking the job status... ===
I 03-17 22:30:37 utils.py:137] Job status: JobStatus.RUNNING
I 03-17 22:30:37 utils.py:140] ==================================
I 03-17 22:30:58 utils.py:131] === Checking the job status... ===
I 03-17 22:30:58 utils.py:137] Job status: JobStatus.RUNNING
I 03-17 22:30:58 utils.py:140] ==================================
I 03-17 22:31:18 utils.py:131] === Checking the job status... ===
I 03-17 22:31:19 utils.py:137] Job status: JobStatus.RUNNING
I 03-17 22:31:19 utils.py:140] ==================================
I 03-17 22:31:39 utils.py:131] === Checking the job status... ===
I 03-17 22:31:40 utils.py:137] Job status: JobStatus.RUNNING
I 03-17 22:31:40 utils.py:140] ==================================
I 03-17 22:32:00 utils.py:131] === Checking the job status... ===
I 03-17 22:32:01 utils.py:137] Job status: JobStatus.RUNNING
I 03-17 22:32:01 utils.py:140] ==================================
I 03-17 22:32:21 utils.py:131] === Checking the job status... ===
I 03-17 22:32:22 utils.py:137] Job status: JobStatus.RUNNING
I 03-17 22:32:22 utils.py:140] ==================================
I 03-17 22:32:42 utils.py:131] === Checking the job status... ===
I 03-17 22:32:43 utils.py:137] Job status: JobStatus.RUNNING
I 03-17 22:32:43 utils.py:140] ==================================
I 03-17 22:33:03 utils.py:131] === Checking the job status... ===
I 03-17 22:33:04 utils.py:137] Job status: JobStatus.RUNNING
I 03-17 22:33:04 utils.py:140] ==================================
I 03-17 22:33:24 utils.py:131] === Checking the job status... ===
I 03-17 22:33:25 utils.py:137] Job status: JobStatus.RUNNING
I 03-17 22:33:25 utils.py:140] ==================================
I 03-17 22:33:45 utils.py:131] === Checking the job status... ===
I 03-17 22:33:45 utils.py:137] Job status: JobStatus.RUNNING
I 03-17 22:33:45 utils.py:140] ==================================
I 03-17 22:34:06 utils.py:131] === Checking the job status... ===
I 03-17 22:34:06 utils.py:137] Job status: JobStatus.RUNNING
I 03-17 22:34:06 utils.py:140] ==================================
I 03-17 22:34:26 utils.py:131] === Checking the job status... ===
I 03-17 22:34:27 utils.py:137] Job status: JobStatus.RUNNING
I 03-17 22:34:27 utils.py:140] ==================================
I 03-17 22:34:47 utils.py:131] === Checking the job status... ===
I 03-17 22:34:48 utils.py:137] Job status: JobStatus.RUNNING
I 03-17 22:34:48 utils.py:140] ==================================
I 03-17 22:35:08 utils.py:131] === Checking the job status... ===
I 03-17 22:35:09 utils.py:137] Job status: JobStatus.RUNNING
I 03-17 22:35:09 utils.py:140] ==================================
I 03-17 22:35:29 utils.py:131] === Checking the job status... ===
I 03-17 22:35:30 utils.py:137] Job status: JobStatus.RUNNING
I 03-17 22:35:30 utils.py:140] ==================================
I 03-17 22:35:50 utils.py:131] === Checking the job status... ===
I 03-17 22:35:51 utils.py:137] Job status: JobStatus.RUNNING
I 03-17 22:35:51 utils.py:140] ==================================
I 03-17 22:36:11 utils.py:131] === Checking the job status... ===
I 03-17 22:36:12 utils.py:137] Job status: JobStatus.RUNNING
I 03-17 22:36:12 utils.py:140] ==================================
I 03-17 22:36:32 utils.py:131] === Checking the job status... ===
I 03-17 22:36:33 utils.py:137] Job status: JobStatus.RUNNING
I 03-17 22:36:33 utils.py:140] ==================================
I 03-17 22:36:53 utils.py:131] === Checking the job status... ===
I 03-17 22:36:53 utils.py:137] Job status: JobStatus.RUNNING
I 03-17 22:36:53 utils.py:140] ==================================
I 03-17 22:37:14 utils.py:131] === Checking the job status... ===
I 03-17 22:37:14 utils.py:137] Job status: JobStatus.RUNNING
I 03-17 22:37:14 utils.py:140] ==================================
I 03-17 22:37:35 utils.py:131] === Checking the job status... ===
I 03-17 22:37:35 utils.py:137] Job status: JobStatus.RUNNING
I 03-17 22:37:35 utils.py:140] ==================================
I 03-17 22:37:55 utils.py:131] === Checking the job status... ===
I 03-17 22:37:56 utils.py:137] Job status: JobStatus.RUNNING
I 03-17 22:37:56 utils.py:140] ==================================
I 03-17 22:38:16 utils.py:131] === Checking the job status... ===
I 03-17 22:38:17 utils.py:137] Job status: JobStatus.RUNNING
I 03-17 22:38:17 utils.py:140] ==================================
I 03-17 22:38:37 utils.py:131] === Checking the job status... ===
I 03-17 22:38:38 utils.py:137] Job status: JobStatus.RUNNING
I 03-17 22:38:38 utils.py:140] ==================================
I 03-17 22:38:58 utils.py:131] === Checking the job status... ===
I 03-17 22:38:59 utils.py:137] Job status: JobStatus.RUNNING
I 03-17 22:38:59 utils.py:140] ==================================
I 03-17 22:39:19 utils.py:131] === Checking the job status... ===
I 03-17 22:39:20 utils.py:137] Job status: JobStatus.RUNNING
I 03-17 22:39:20 utils.py:140] ==================================
I 03-17 22:39:40 utils.py:131] === Checking the job status... ===
I 03-17 22:39:41 utils.py:137] Job status: JobStatus.RUNNING
I 03-17 22:39:41 utils.py:140] ==================================
I 03-17 22:40:01 utils.py:131] === Checking the job status... ===
I 03-17 22:40:02 utils.py:137] Job status: JobStatus.RUNNING
I 03-17 22:40:02 utils.py:140] ==================================
I 03-17 22:40:22 utils.py:131] === Checking the job status... ===
I 03-17 22:40:23 utils.py:137] Job status: JobStatus.RUNNING
I 03-17 22:40:23 utils.py:140] ==================================
I 03-17 22:40:43 utils.py:131] === Checking the job status... ===
I 03-17 22:40:43 utils.py:137] Job status: JobStatus.RUNNING
I 03-17 22:40:43 utils.py:140] ==================================
I 03-17 22:41:04 utils.py:131] === Checking the job status... ===
I 03-17 22:41:04 utils.py:137] Job status: JobStatus.RUNNING
I 03-17 22:41:04 utils.py:140] ==================================
I 03-17 22:41:25 utils.py:131] === Checking the job status... ===
I 03-17 22:41:25 utils.py:137] Job status: JobStatus.RUNNING
I 03-17 22:41:25 utils.py:140] ==================================
I 03-17 22:41:45 utils.py:131] === Checking the job status... ===
I 03-17 22:41:46 utils.py:137] Job status: JobStatus.RUNNING
I 03-17 22:41:46 utils.py:140] ==================================
I 03-17 22:42:06 utils.py:131] === Checking the job status... ===
I 03-17 22:42:07 utils.py:137] Job status: JobStatus.RUNNING
I 03-17 22:42:07 utils.py:140] ==================================
I 03-17 22:42:27 utils.py:131] === Checking the job status... ===
I 03-17 22:42:28 utils.py:137] Job status: JobStatus.RUNNING
I 03-17 22:42:28 utils.py:140] ==================================
I 03-17 22:42:48 utils.py:131] === Checking the job status... ===
I 03-17 22:42:49 utils.py:137] Job status: JobStatus.RUNNING
I 03-17 22:42:49 utils.py:140] ==================================
I 03-17 22:43:09 utils.py:131] === Checking the job status... ===
I 03-17 22:43:10 utils.py:137] Job status: JobStatus.RUNNING
I 03-17 22:43:10 utils.py:140] ==================================
I 03-17 22:43:30 utils.py:131] === Checking the job status... ===
I 03-17 22:43:31 utils.py:137] Job status: JobStatus.RUNNING
I 03-17 22:43:31 utils.py:140] ==================================
I 03-17 22:43:51 utils.py:131] === Checking the job status... ===
I 03-17 22:43:51 utils.py:137] Job status: JobStatus.RUNNING
I 03-17 22:43:51 utils.py:140] ==================================
I 03-17 22:44:12 utils.py:131] === Checking the job status... ===
I 03-17 22:44:12 utils.py:137] Job status: JobStatus.RUNNING
I 03-17 22:44:12 utils.py:140] ==================================
I 03-17 22:44:32 utils.py:131] === Checking the job status... ===
I 03-17 22:44:33 utils.py:137] Job status: JobStatus.RUNNING
I 03-17 22:44:33 utils.py:140] ==================================
I 03-17 22:44:53 utils.py:131] === Checking the job status... ===
I 03-17 22:44:54 utils.py:137] Job status: JobStatus.RUNNING
I 03-17 22:44:54 utils.py:140] ==================================
I 03-17 22:45:14 utils.py:131] === Checking the job status... ===
I 03-17 22:45:15 utils.py:137] Job status: JobStatus.RUNNING
I 03-17 22:45:15 utils.py:140] ==================================
I 03-17 22:45:35 utils.py:131] === Checking the job status... ===
I 03-17 22:45:36 utils.py:137] Job status: JobStatus.RUNNING
I 03-17 22:45:36 utils.py:140] ==================================
I 03-17 22:45:56 utils.py:131] === Checking the job status... ===
I 03-17 22:45:57 utils.py:137] Job status: JobStatus.RUNNING
I 03-17 22:45:57 utils.py:140] ==================================
I 03-17 22:46:17 utils.py:131] === Checking the job status... ===
I 03-17 22:46:18 utils.py:137] Job status: JobStatus.RUNNING
I 03-17 22:46:18 utils.py:140] ==================================
I 03-17 22:46:38 utils.py:131] === Checking the job status... ===
I 03-17 22:46:39 utils.py:137] Job status: JobStatus.RUNNING
I 03-17 22:46:39 utils.py:140] ==================================
I 03-17 22:46:59 utils.py:131] === Checking the job status... ===
I 03-17 22:46:59 utils.py:137] Job status: JobStatus.RUNNING
I 03-17 22:46:59 utils.py:140] ==================================
I 03-17 22:47:20 utils.py:131] === Checking the job status... ===
I 03-17 22:47:20 utils.py:137] Job status: JobStatus.RUNNING
I 03-17 22:47:20 utils.py:140] ==================================
I 03-17 22:47:40 utils.py:131] === Checking the job status... ===
I 03-17 22:47:41 utils.py:137] Job status: JobStatus.RUNNING
I 03-17 22:47:41 utils.py:140] ==================================
I 03-17 22:48:01 utils.py:131] === Checking the job status... ===
I 03-17 22:48:02 utils.py:137] Job status: JobStatus.RUNNING
I 03-17 22:48:02 utils.py:140] ==================================
I 03-17 22:48:22 utils.py:131] === Checking the job status... ===
I 03-17 22:48:23 utils.py:137] Job status: JobStatus.RUNNING
I 03-17 22:48:23 utils.py:140] ==================================
I 03-17 22:48:43 utils.py:131] === Checking the job status... ===
I 03-17 22:48:44 utils.py:137] Job status: JobStatus.RUNNING
I 03-17 22:48:44 utils.py:140] ==================================
I 03-17 22:49:04 utils.py:131] === Checking the job status... ===
I 03-17 22:49:05 utils.py:137] Job status: JobStatus.RUNNING
I 03-17 22:49:05 utils.py:140] ==================================
I 03-17 22:49:25 utils.py:131] === Checking the job status... ===
I 03-17 22:49:26 utils.py:137] Job status: JobStatus.RUNNING
I 03-17 22:49:26 utils.py:140] ==================================
I 03-17 22:49:46 utils.py:131] === Checking the job status... ===
I 03-17 22:49:47 utils.py:137] Job status: JobStatus.RUNNING
I 03-17 22:49:47 utils.py:140] ==================================
I 03-17 22:50:07 utils.py:131] === Checking the job status... ===
I 03-17 22:50:08 utils.py:137] Job status: JobStatus.RUNNING
I 03-17 22:50:08 utils.py:140] ==================================
I 03-17 22:50:28 utils.py:131] === Checking the job status... ===
I 03-17 22:50:29 utils.py:137] Job status: JobStatus.RUNNING
I 03-17 22:50:29 utils.py:140] ==================================
I 03-17 22:50:49 utils.py:131] === Checking the job status... ===
I 03-17 22:50:49 utils.py:137] Job status: JobStatus.RUNNING
I 03-17 22:50:49 utils.py:140] ==================================
I 03-17 22:51:10 utils.py:131] === Checking the job status... ===
I 03-17 22:51:10 utils.py:137] Job status: JobStatus.RUNNING
I 03-17 22:51:10 utils.py:140] ==================================
I 03-17 22:51:31 utils.py:131] === Checking the job status... ===
I 03-17 22:51:31 utils.py:137] Job status: JobStatus.RUNNING
I 03-17 22:51:31 utils.py:140] ==================================
I 03-17 22:51:51 utils.py:131] === Checking the job status... ===
I 03-17 22:51:52 utils.py:137] Job status: JobStatus.RUNNING
I 03-17 22:51:52 utils.py:140] ==================================
I 03-17 22:52:12 utils.py:131] === Checking the job status... ===
I 03-17 22:52:13 utils.py:137] Job status: JobStatus.RUNNING
I 03-17 22:52:13 utils.py:140] ==================================
I 03-17 22:52:33 utils.py:131] === Checking the job status... ===
I 03-17 22:52:34 utils.py:137] Job status: JobStatus.RUNNING
I 03-17 22:52:34 utils.py:140] ==================================
I 03-17 22:52:54 utils.py:131] === Checking the job status... ===
I 03-17 22:52:55 utils.py:137] Job status: JobStatus.RUNNING
I 03-17 22:52:55 utils.py:140] ==================================
I 03-17 22:53:15 utils.py:131] === Checking the job status... ===
I 03-17 22:53:16 utils.py:137] Job status: JobStatus.RUNNING
I 03-17 22:53:16 utils.py:140] ==================================
I 03-17 22:53:36 utils.py:131] === Checking the job status... ===
I 03-17 22:53:37 utils.py:137] Job status: JobStatus.RUNNING
I 03-17 22:53:37 utils.py:140] ==================================
I 03-17 22:53:57 utils.py:131] === Checking the job status... ===
I 03-17 22:53:57 utils.py:137] Job status: JobStatus.RUNNING
I 03-17 22:53:57 utils.py:140] ==================================
I 03-17 22:54:18 utils.py:131] === Checking the job status... ===
I 03-17 22:54:18 utils.py:137] Job status: JobStatus.RUNNING
I 03-17 22:54:18 utils.py:140] ==================================
I 03-17 22:54:38 utils.py:131] === Checking the job status... ===
I 03-17 22:54:39 utils.py:137] Job status: JobStatus.RUNNING
I 03-17 22:54:39 utils.py:140] ==================================
I 03-17 22:54:59 utils.py:131] === Checking the job status... ===
I 03-17 22:55:00 utils.py:137] Job status: JobStatus.RUNNING
I 03-17 22:55:00 utils.py:140] ==================================
I 03-17 22:55:20 utils.py:131] === Checking the job status... ===
I 03-17 22:55:21 utils.py:137] Job status: JobStatus.RUNNING
I 03-17 22:55:21 utils.py:140] ==================================
I 03-17 22:55:41 utils.py:131] === Checking the job status... ===
I 03-17 22:55:42 utils.py:137] Job status: JobStatus.RUNNING
I 03-17 22:55:42 utils.py:140] ==================================
I 03-17 22:56:02 utils.py:131] === Checking the job status... ===
I 03-17 22:56:03 utils.py:137] Job status: JobStatus.RUNNING
I 03-17 22:56:03 utils.py:140] ==================================
I 03-17 22:56:23 utils.py:131] === Checking the job status... ===
I 03-17 22:56:24 utils.py:137] Job status: JobStatus.RUNNING
I 03-17 22:56:24 utils.py:140] ==================================
I 03-17 22:56:44 utils.py:131] === Checking the job status... ===
I 03-17 22:56:45 utils.py:137] Job status: JobStatus.RUNNING
I 03-17 22:56:45 utils.py:140] ==================================
I 03-17 22:57:05 utils.py:131] === Checking the job status... ===
I 03-17 22:57:05 utils.py:137] Job status: JobStatus.RUNNING
I 03-17 22:57:05 utils.py:140] ==================================
I 03-17 22:57:26 utils.py:131] === Checking the job status... ===
I 03-17 22:57:26 utils.py:137] Job status: JobStatus.RUNNING
I 03-17 22:57:26 utils.py:140] ==================================
I 03-17 22:57:47 utils.py:131] === Checking the job status... ===
I 03-17 22:57:47 utils.py:137] Job status: JobStatus.RUNNING
I 03-17 22:57:47 utils.py:140] ==================================
I 03-17 22:58:07 utils.py:131] === Checking the job status... ===
I 03-17 22:58:08 utils.py:137] Job status: JobStatus.RUNNING
I 03-17 22:58:08 utils.py:140] ==================================
I 03-17 22:58:28 utils.py:131] === Checking the job status... ===
I 03-17 22:58:29 utils.py:137] Job status: JobStatus.RUNNING
I 03-17 22:58:29 utils.py:140] ==================================
I 03-17 22:58:49 utils.py:131] === Checking the job status... ===
I 03-17 22:58:50 utils.py:137] Job status: JobStatus.RUNNING
I 03-17 22:58:50 utils.py:140] ==================================
I 03-17 22:59:10 utils.py:131] === Checking the job status... ===
I 03-17 22:59:11 utils.py:137] Job status: JobStatus.RUNNING
I 03-17 22:59:11 utils.py:140] ==================================
I 03-17 22:59:31 utils.py:131] === Checking the job status... ===
I 03-17 22:59:32 utils.py:137] Job status: JobStatus.RUNNING
I 03-17 22:59:32 utils.py:140] ==================================
I 03-17 22:59:52 utils.py:131] === Checking the job status... ===
I 03-17 22:59:53 utils.py:137] Job status: JobStatus.RUNNING
I 03-17 22:59:53 utils.py:140] ==================================
I 03-17 23:00:13 utils.py:131] === Checking the job status... ===
I 03-17 23:00:14 utils.py:137] Job status: JobStatus.RUNNING
I 03-17 23:00:14 utils.py:140] ==================================
I 03-17 23:00:34 utils.py:131] === Checking the job status... ===
I 03-17 23:00:35 utils.py:137] Job status: JobStatus.RUNNING
I 03-17 23:00:35 utils.py:140] ==================================
I 03-17 23:00:55 utils.py:131] === Checking the job status... ===
I 03-17 23:00:55 utils.py:137] Job status: JobStatus.RUNNING
I 03-17 23:00:55 utils.py:140] ==================================
I 03-17 23:01:16 utils.py:131] === Checking the job status... ===
I 03-17 23:01:16 utils.py:137] Job status: JobStatus.RUNNING
I 03-17 23:01:16 utils.py:140] ==================================
I 03-17 23:01:36 utils.py:131] === Checking the job status... ===
I 03-17 23:01:37 utils.py:137] Job status: JobStatus.RUNNING
I 03-17 23:01:37 utils.py:140] ==================================
I 03-17 23:01:57 utils.py:131] === Checking the job status... ===
I 03-17 23:01:58 utils.py:137] Job status: JobStatus.RUNNING
I 03-17 23:01:58 utils.py:140] ==================================
I 03-17 23:02:18 utils.py:131] === Checking the job status... ===
I 03-17 23:02:19 utils.py:137] Job status: JobStatus.RUNNING
I 03-17 23:02:19 utils.py:140] ==================================
I 03-17 23:02:39 utils.py:131] === Checking the job status... ===
I 03-17 23:02:40 utils.py:137] Job status: JobStatus.RUNNING
I 03-17 23:02:40 utils.py:140] ==================================
I 03-17 23:03:00 utils.py:131] === Checking the job status... ===
I 03-17 23:03:01 utils.py:137] Job status: JobStatus.RUNNING
I 03-17 23:03:01 utils.py:140] ==================================
I 03-17 23:03:21 utils.py:131] === Checking the job status... ===
I 03-17 23:03:22 utils.py:137] Job status: JobStatus.RUNNING
I 03-17 23:03:22 utils.py:140] ==================================
I 03-17 23:03:42 utils.py:131] === Checking the job status... ===
I 03-17 23:03:43 utils.py:137] Job status: JobStatus.RUNNING
I 03-17 23:03:43 utils.py:140] ==================================
I 03-17 23:04:03 utils.py:131] === Checking the job status... ===
I 03-17 23:04:04 utils.py:137] Job status: JobStatus.RUNNING
I 03-17 23:04:04 utils.py:140] ==================================
I 03-17 23:04:24 utils.py:131] === Checking the job status... ===
I 03-17 23:04:25 utils.py:137] Job status: JobStatus.RUNNING
I 03-17 23:04:25 utils.py:140] ==================================
I 03-17 23:04:45 utils.py:131] === Checking the job status... ===
I 03-17 23:04:45 utils.py:137] Job status: JobStatus.RUNNING
I 03-17 23:04:45 utils.py:140] ==================================
I 03-17 23:05:06 utils.py:131] === Checking the job status... ===
I 03-17 23:05:06 utils.py:137] Job status: JobStatus.RUNNING
I 03-17 23:05:06 utils.py:140] ==================================
I 03-17 23:05:27 utils.py:131] === Checking the job status... ===
I 03-17 23:05:27 utils.py:137] Job status: JobStatus.RUNNING
I 03-17 23:05:27 utils.py:140] ==================================
I 03-17 23:05:47 utils.py:131] === Checking the job status... ===
I 03-17 23:05:48 utils.py:137] Job status: JobStatus.RUNNING
I 03-17 23:05:48 utils.py:140] ==================================
I 03-17 23:06:08 utils.py:131] === Checking the job status... ===
I 03-17 23:06:09 utils.py:137] Job status: JobStatus.RUNNING
I 03-17 23:06:09 utils.py:140] ==================================
I 03-17 23:06:29 utils.py:131] === Checking the job status... ===
I 03-17 23:06:30 utils.py:137] Job status: JobStatus.RUNNING
I 03-17 23:06:30 utils.py:140] ==================================
I 03-17 23:06:50 utils.py:131] === Checking the job status... ===
I 03-17 23:06:51 utils.py:137] Job status: JobStatus.RUNNING
I 03-17 23:06:51 utils.py:140] ==================================
I 03-17 23:07:11 utils.py:131] === Checking the job status... ===
I 03-17 23:07:12 utils.py:137] Job status: JobStatus.RUNNING
I 03-17 23:07:12 utils.py:140] ==================================
I 03-17 23:07:32 utils.py:131] === Checking the job status... ===
I 03-17 23:07:33 utils.py:137] Job status: JobStatus.RUNNING
I 03-17 23:07:33 utils.py:140] ==================================
I 03-17 23:07:53 utils.py:131] === Checking the job status... ===
I 03-17 23:07:54 utils.py:137] Job status: JobStatus.RUNNING
I 03-17 23:07:54 utils.py:140] ==================================
I 03-17 23:08:14 utils.py:131] === Checking the job status... ===
I 03-17 23:08:15 utils.py:137] Job status: JobStatus.RUNNING
I 03-17 23:08:15 utils.py:140] ==================================
I 03-17 23:08:35 utils.py:131] === Checking the job status... ===
I 03-17 23:08:36 utils.py:137] Job status: JobStatus.RUNNING
I 03-17 23:08:36 utils.py:140] ==================================
I 03-17 23:08:56 utils.py:131] === Checking the job status... ===
I 03-17 23:08:57 utils.py:137] Job status: JobStatus.RUNNING
I 03-17 23:08:57 utils.py:140] ==================================
I 03-17 23:09:17 utils.py:131] === Checking the job status... ===
I 03-17 23:09:17 utils.py:137] Job status: JobStatus.RUNNING
I 03-17 23:09:17 utils.py:140] ==================================
I 03-17 23:09:38 utils.py:131] === Checking the job status... ===
I 03-17 23:09:38 utils.py:137] Job status: JobStatus.RUNNING
I 03-17 23:09:38 utils.py:140] ==================================
I 03-17 23:09:58 utils.py:131] === Checking the job status... ===
I 03-17 23:09:59 utils.py:137] Job status: JobStatus.RUNNING
I 03-17 23:09:59 utils.py:140] ==================================
I 03-17 23:10:19 utils.py:131] === Checking the job status... ===
I 03-17 23:10:20 utils.py:137] Job status: JobStatus.RUNNING
I 03-17 23:10:20 utils.py:140] ==================================
I 03-17 23:10:40 utils.py:131] === Checking the job status... ===
I 03-17 23:10:41 utils.py:137] Job status: JobStatus.RUNNING
I 03-17 23:10:41 utils.py:140] ==================================
I 03-17 23:11:01 utils.py:131] === Checking the job status... ===
I 03-17 23:11:02 utils.py:137] Job status: JobStatus.RUNNING
I 03-17 23:11:02 utils.py:140] ==================================
I 03-17 23:11:22 utils.py:131] === Checking the job status... ===
I 03-17 23:11:23 utils.py:137] Job status: JobStatus.RUNNING
I 03-17 23:11:23 utils.py:140] ==================================
I 03-17 23:11:43 utils.py:131] === Checking the job status... ===
I 03-17 23:11:44 utils.py:137] Job status: JobStatus.RUNNING
I 03-17 23:11:44 utils.py:140] ==================================
I 03-17 23:12:04 utils.py:131] === Checking the job status... ===
I 03-17 23:12:05 utils.py:137] Job status: JobStatus.RUNNING
I 03-17 23:12:05 utils.py:140] ==================================
I 03-17 23:12:25 utils.py:131] === Checking the job status... ===
I 03-17 23:12:26 utils.py:137] Job status: JobStatus.RUNNING
I 03-17 23:12:26 utils.py:140] ==================================
I 03-17 23:12:46 utils.py:131] === Checking the job status... ===
I 03-17 23:12:46 utils.py:137] Job status: JobStatus.RUNNING
I 03-17 23:12:46 utils.py:140] ==================================
I 03-17 23:13:07 utils.py:131] === Checking the job status... ===
I 03-17 23:13:07 utils.py:137] Job status: JobStatus.RUNNING
I 03-17 23:13:07 utils.py:140] ==================================
I 03-17 23:13:27 utils.py:131] === Checking the job status... ===
I 03-17 23:13:28 utils.py:137] Job status: JobStatus.RUNNING
I 03-17 23:13:28 utils.py:140] ==================================
I 03-17 23:13:48 utils.py:131] === Checking the job status... ===
I 03-17 23:13:49 utils.py:137] Job status: JobStatus.RUNNING
I 03-17 23:13:49 utils.py:140] ==================================
I 03-17 23:14:09 utils.py:131] === Checking the job status... ===
I 03-17 23:14:10 utils.py:137] Job status: JobStatus.RUNNING
I 03-17 23:14:10 utils.py:140] ==================================
I 03-17 23:14:30 utils.py:131] === Checking the job status... ===
I 03-17 23:14:31 utils.py:137] Job status: JobStatus.RUNNING
I 03-17 23:14:31 utils.py:140] ==================================
I 03-17 23:14:51 utils.py:131] === Checking the job status... ===
I 03-17 23:14:52 utils.py:137] Job status: JobStatus.RUNNING
I 03-17 23:14:52 utils.py:140] ==================================
I 03-17 23:15:12 utils.py:131] === Checking the job status... ===
I 03-17 23:15:13 utils.py:137] Job status: JobStatus.RUNNING
I 03-17 23:15:13 utils.py:140] ==================================
I 03-17 23:15:33 utils.py:131] === Checking the job status... ===
I 03-17 23:15:34 utils.py:137] Job status: JobStatus.RUNNING
I 03-17 23:15:34 utils.py:140] ==================================
I 03-17 23:15:54 utils.py:131] === Checking the job status... ===
I 03-17 23:15:54 utils.py:137] Job status: JobStatus.RUNNING
I 03-17 23:15:54 utils.py:140] ==================================
I 03-17 23:16:15 utils.py:131] === Checking the job status... ===
I 03-17 23:16:15 utils.py:137] Job status: JobStatus.RUNNING
I 03-17 23:16:15 utils.py:140] ==================================
I 03-17 23:16:35 utils.py:131] === Checking the job status... ===
I 03-17 23:16:36 utils.py:137] Job status: JobStatus.RUNNING
I 03-17 23:16:36 utils.py:140] ==================================
I 03-17 23:16:56 utils.py:131] === Checking the job status... ===
I 03-17 23:16:57 utils.py:137] Job status: JobStatus.RUNNING
I 03-17 23:16:57 utils.py:140] ==================================
I 03-17 23:17:17 utils.py:131] === Checking the job status... ===
I 03-17 23:17:18 utils.py:137] Job status: JobStatus.RUNNING
I 03-17 23:17:18 utils.py:140] ==================================
I 03-17 23:17:38 utils.py:131] === Checking the job status... ===
I 03-17 23:17:39 utils.py:137] Job status: JobStatus.RUNNING
I 03-17 23:17:39 utils.py:140] ==================================
I 03-17 23:17:59 utils.py:131] === Checking the job status... ===
I 03-17 23:18:00 utils.py:137] Job status: JobStatus.RUNNING
I 03-17 23:18:00 utils.py:140] ==================================
I 03-17 23:18:20 utils.py:131] === Checking the job status... ===
I 03-17 23:18:21 utils.py:137] Job status: JobStatus.RUNNING
I 03-17 23:18:21 utils.py:140] ==================================
I 03-17 23:18:41 utils.py:131] === Checking the job status... ===
I 03-17 23:18:41 utils.py:137] Job status: JobStatus.RUNNING
I 03-17 23:18:41 utils.py:140] ==================================
I 03-17 23:19:02 utils.py:131] === Checking the job status... ===
I 03-17 23:19:02 utils.py:137] Job status: JobStatus.RUNNING
I 03-17 23:19:02 utils.py:140] ==================================
I 03-17 23:19:22 utils.py:131] === Checking the job status... ===
I 03-17 23:19:23 utils.py:137] Job status: JobStatus.RUNNING
I 03-17 23:19:23 utils.py:140] ==================================
I 03-17 23:19:43 utils.py:131] === Checking the job status... ===
I 03-17 23:19:44 utils.py:137] Job status: JobStatus.RUNNING
I 03-17 23:19:44 utils.py:140] ==================================
I 03-17 23:20:04 utils.py:131] === Checking the job status... ===
I 03-17 23:20:05 utils.py:137] Job status: JobStatus.RUNNING
I 03-17 23:20:05 utils.py:140] ==================================
I 03-17 23:20:25 utils.py:131] === Checking the job status... ===
I 03-17 23:20:26 utils.py:137] Job status: JobStatus.RUNNING
I 03-17 23:20:26 utils.py:140] ==================================
I 03-17 23:20:46 utils.py:131] === Checking the job status... ===
I 03-17 23:20:47 utils.py:137] Job status: JobStatus.RUNNING
I 03-17 23:20:47 utils.py:140] ==================================
I 03-17 23:21:07 utils.py:131] === Checking the job status... ===
I 03-17 23:21:08 utils.py:137] Job status: JobStatus.RUNNING
I 03-17 23:21:08 utils.py:140] ==================================
I 03-17 23:21:28 utils.py:131] === Checking the job status... ===
I 03-17 23:21:29 utils.py:137] Job status: JobStatus.RUNNING
I 03-17 23:21:29 utils.py:140] ==================================
I 03-17 23:21:49 utils.py:131] === Checking the job status... ===
I 03-17 23:21:50 utils.py:137] Job status: JobStatus.RUNNING
I 03-17 23:21:50 utils.py:140] ==================================
I 03-17 23:22:10 utils.py:131] === Checking the job status... ===
I 03-17 23:22:10 utils.py:137] Job status: JobStatus.RUNNING
I 03-17 23:22:10 utils.py:140] ==================================
I 03-17 23:22:31 utils.py:131] === Checking the job status... ===
I 03-17 23:22:31 utils.py:137] Job status: JobStatus.RUNNING
I 03-17 23:22:31 utils.py:140] ==================================
I 03-17 23:22:51 utils.py:131] === Checking the job status... ===
I 03-17 23:22:52 utils.py:137] Job status: JobStatus.RUNNING
I 03-17 23:22:52 utils.py:140] ==================================
I 03-17 23:23:12 utils.py:131] === Checking the job status... ===
I 03-17 23:23:13 utils.py:137] Job status: JobStatus.RUNNING
I 03-17 23:23:13 utils.py:140] ==================================
I 03-17 23:23:33 utils.py:131] === Checking the job status... ===
I 03-17 23:23:34 utils.py:137] Job status: JobStatus.RUNNING
I 03-17 23:23:34 utils.py:140] ==================================
I 03-17 23:23:54 utils.py:131] === Checking the job status... ===
I 03-17 23:23:55 utils.py:137] Job status: JobStatus.RUNNING
I 03-17 23:23:55 utils.py:140] ==================================
I 03-17 23:24:15 utils.py:131] === Checking the job status... ===
I 03-17 23:24:16 utils.py:137] Job status: JobStatus.RUNNING
I 03-17 23:24:16 utils.py:140] ==================================
I 03-17 23:24:36 utils.py:131] === Checking the job status... ===
I 03-17 23:24:37 utils.py:137] Job status: JobStatus.RUNNING
I 03-17 23:24:37 utils.py:140] ==================================
I 03-17 23:24:57 utils.py:131] === Checking the job status... ===
I 03-17 23:24:58 utils.py:137] Job status: JobStatus.RUNNING
I 03-17 23:24:58 utils.py:140] ==================================
I 03-17 23:25:18 utils.py:131] === Checking the job status... ===
I 03-17 23:25:19 utils.py:137] Job status: JobStatus.RUNNING
I 03-17 23:25:19 utils.py:140] ==================================
I 03-17 23:25:39 utils.py:131] === Checking the job status... ===
I 03-17 23:25:39 utils.py:137] Job status: JobStatus.RUNNING
I 03-17 23:25:39 utils.py:140] ==================================
I 03-17 23:26:00 utils.py:131] === Checking the job status... ===
I 03-17 23:26:00 utils.py:137] Job status: JobStatus.RUNNING
I 03-17 23:26:00 utils.py:140] ==================================
I 03-17 23:26:20 utils.py:131] === Checking the job status... ===
I 03-17 23:26:21 utils.py:137] Job status: JobStatus.RUNNING
I 03-17 23:26:21 utils.py:140] ==================================
I 03-17 23:26:41 utils.py:131] === Checking the job status... ===
I 03-17 23:26:42 utils.py:137] Job status: JobStatus.RUNNING
I 03-17 23:26:42 utils.py:140] ==================================
I 03-17 23:27:02 utils.py:131] === Checking the job status... ===
I 03-17 23:27:03 utils.py:137] Job status: JobStatus.RUNNING
I 03-17 23:27:03 utils.py:140] ==================================
I 03-17 23:27:23 utils.py:131] === Checking the job status... ===
I 03-17 23:27:24 utils.py:137] Job status: JobStatus.RUNNING
I 03-17 23:27:24 utils.py:140] ==================================
I 03-17 23:27:44 utils.py:131] === Checking the job status... ===
I 03-17 23:27:45 utils.py:137] Job status: JobStatus.SUCCEEDED
I 03-17 23:27:45 utils.py:140] ==================================
I 03-17 23:27:46 state.py:561] Job succeeded.
I 03-17 23:27:46 controller.py:238] Managed job 130 (task: 0) SUCCEEDED. Cleaning up the cluster compute-text-vectors-130.
E 03-17 23:27:47 controller_utils.py:376] Failed to find the logs for the user program at ~/sky_logs/managed_jobs/sky-2025-03-17-21-18-03-228447/run.log.
I 03-17 23:27:47 controller.py:117] 
I 03-17 23:27:47 controller.py:117] == End of logs (ID: 130) ==
I 03-17 23:27:55 state.py:656] Cancellation skipped, job is already terminal
I 03-17 23:27:55 state.py:677] Cancellation skipped, job is not CANCELLING
I 03-17 23:27:56 controller.py:552] Killing controller process 47864.
I 03-17 23:27:56 controller.py:560] Controller process 47864 killed.
I 03-17 23:27:56 controller.py:562] Cleaning up any cluster for job 130.
I 03-17 23:27:57 storage.py:699] Verifying bucket for storage skypilot-filemounts-root-726f1974-91vyp8gd
<sky-payload>"<rich_init>[bold cyan]Deleting S3 bucket [green]skypilot-filemounts-root-726f1974-91vyp8gd[/][/]</rich_init>"</sky-payload>
<sky-payload>"<rich_update>[bold cyan]Deleting S3 bucket [green]skypilot-filemounts-root-726f1974-91vyp8gd[/][/]</rich_update>"</sky-payload>
<sky-payload>"<rich_start>[bold cyan]Deleting S3 bucket [green]skypilot-filemounts-root-726f1974-91vyp8gd[/][/]</rich_start>"</sky-payload>
<sky-payload>"<rich_exit></rich_exit>"</sky-payload>
I 03-17 23:27:58 storage.py:1505] [32mDeleted S3 bucket skypilot-filemounts-root-726f1974-91vyp8gd.[0m
I 03-17 23:27:58 controller.py:571] Cluster of managed job 130 has been cleaned up.
