I 03-17 21:18:11 controller.py:59] DAG:
I 03-17 21:18:11 controller.py:59] [Task<name=compute-text-vectors>(run='# Initialize and dow...')
I 03-17 21:18:11 controller.py:59]   resources: {AWS(cpus=4, {'L4': 1}), AWS([Spot], cpus=4, {'L4': 1})}]
I 03-17 21:18:11 controller.py:195] Submitted managed job 136 (task: 0, name: 'compute-text-vectors'); SKYPILOT_TASK_ID: sky-managed-2025-03-17-21-18-11-700246_compute-text-vectors_136-0
I 03-17 21:18:11 controller.py:199] Started monitoring.
I 03-17 21:18:11 state.py:451] Launching the spot cluster...
I 03-17 21:18:12 storage.py:1058] Storage type StoreType.S3 already exists.
<sky-payload>"<rich_init>[bold cyan]Optimizing[/]</rich_init>"</sky-payload>
<sky-payload>"<rich_update>[bold cyan]Optimizing[/]</rich_update>"</sky-payload>
<sky-payload>"<rich_start>[bold cyan]Optimizing[/]</rich_start>"</sky-payload>
I 03-17 21:18:12 optimizer.py:736] [1mTarget:[0m minimizing cost
I 03-17 21:18:12 optimizer.py:749] [1mEstimated cost: [0m$0.2 / hour
I 03-17 21:18:12 optimizer.py:749] 
I 03-17 21:18:12 optimizer.py:884] Considered resources (1 node):
I 03-17 21:18:12 optimizer.py:952] ----------------------------------------------------------------------------------------------
I 03-17 21:18:12 optimizer.py:952]  CLOUD   INSTANCE          vCPUs   Mem(GB)   ACCELERATORS   REGION/ZONE   COST ($)   CHOSEN   
I 03-17 21:18:12 optimizer.py:952] ----------------------------------------------------------------------------------------------
I 03-17 21:18:12 optimizer.py:952]  AWS     g6.xlarge[Spot]   4       16        L4:1           ap-south-1b   0.22       [32m   ✔[0m     
I 03-17 21:18:12 optimizer.py:952]  AWS     g6.xlarge         4       16        L4:1           us-east-1     0.80                
I 03-17 21:18:12 optimizer.py:952] ----------------------------------------------------------------------------------------------
<sky-payload>"<rich_exit></rich_exit>"</sky-payload>
<sky-payload>"<rich_init>[bold cyan]Launching[/]</rich_init>"</sky-payload>
<sky-payload>"<rich_update>[bold cyan]Launching[/]</rich_update>"</sky-payload>
<sky-payload>"<rich_start>[bold cyan]Launching[/]</rich_start>"</sky-payload>
<sky-payload>"<rich_update>[bold cyan]Launching[/]  \u001b[2mView logs: sky api logs -l sky-2025-03-17-21-18-12-268922/provision.log\u001b[0m</rich_update>"</sky-payload>
<sky-payload>"<rich_update>[bold cyan]Launching[/]  \u001b[2mView logs: sky api logs -l sky-2025-03-17-21-18-12-268922/provision.log\u001b[0m</rich_update>"</sky-payload>
I 03-17 21:18:13 cloud_vm_ray_backend.py:1520] [0m⚙︎ Launching on AWS ap-south-1[0m (ap-south-1b).
W 03-17 21:27:17 cloud_vm_ray_backend.py:2061] sky.exceptions.ResourcesUnavailableError: Failed to acquire resources in ap-south-1b for {AWS(cpus=4, {'L4': 1}), AWS([Spot], cpus=4, {'L4': 1})}. 
W 03-17 21:27:17 cloud_vm_ray_backend.py:2097] 
W 03-17 21:27:17 cloud_vm_ray_backend.py:2097] [0m[33m↺[0m Trying other potential resources.
<sky-payload>"<rich_update>[bold cyan]Looking for resources[/]  \u001b[2mView logs: sky api logs -l sky-2025-03-17-21-18-12-268922/provision.log\u001b[0m</rich_update>"</sky-payload>
<sky-payload>"<rich_update>[bold cyan]Optimizing[/]</rich_update>"</sky-payload>
<sky-payload>"<rich_start>[bold cyan]Launching[/]</rich_start>"</sky-payload>
I 03-17 21:27:17 optimizer.py:736] [1mTarget:[0m minimizing cost
I 03-17 21:27:17 optimizer.py:749] [1mEstimated cost: [0m$0.2 / hour
I 03-17 21:27:17 optimizer.py:749] 
I 03-17 21:27:17 optimizer.py:884] Considered resources (1 node):
I 03-17 21:27:17 optimizer.py:952] ----------------------------------------------------------------------------------------------
I 03-17 21:27:17 optimizer.py:952]  CLOUD   INSTANCE          vCPUs   Mem(GB)   ACCELERATORS   REGION/ZONE   COST ($)   CHOSEN   
I 03-17 21:27:17 optimizer.py:952] ----------------------------------------------------------------------------------------------
I 03-17 21:27:17 optimizer.py:952]  AWS     g6.xlarge[Spot]   4       16        L4:1           ap-south-1a   0.25       [32m   ✔[0m     
I 03-17 21:27:17 optimizer.py:952]  AWS     g6.xlarge         4       16        L4:1           us-east-1     0.80                
I 03-17 21:27:17 optimizer.py:952] ----------------------------------------------------------------------------------------------
<sky-payload>"<rich_update>[bold cyan]Looking for resources[/]  \u001b[2mView logs: sky api logs -l sky-2025-03-17-21-18-12-268922/provision.log\u001b[0m</rich_update>"</sky-payload>
<sky-payload>"<rich_update>[bold cyan]Launching[/]  \u001b[2mView logs: sky api logs -l sky-2025-03-17-21-18-12-268922/provision.log\u001b[0m</rich_update>"</sky-payload>
I 03-17 21:27:17 cloud_vm_ray_backend.py:1520] [0m⚙︎ Launching on AWS ap-south-1[0m (ap-south-1a).
[2mW 03-17 21:36:48 instance.py:243] create_instances: Attempt failed with An error occurred (MaxSpotInstanceCountExceeded) when calling the RunInstances operation: Max spot instance count exceeded[0m
W 03-17 21:36:49 cloud_vm_ray_backend.py:2061] sky.exceptions.ResourcesUnavailableError: Failed to acquire resources in ap-south-1a for {AWS(cpus=4, {'L4': 1}), AWS([Spot], cpus=4, {'L4': 1})}. 
W 03-17 21:36:49 cloud_vm_ray_backend.py:2097] 
W 03-17 21:36:49 cloud_vm_ray_backend.py:2097] [0m[33m↺[0m Trying other potential resources.
<sky-payload>"<rich_update>[bold cyan]Looking for resources[/]  \u001b[2mView logs: sky api logs -l sky-2025-03-17-21-18-12-268922/provision.log\u001b[0m</rich_update>"</sky-payload>
<sky-payload>"<rich_update>[bold cyan]Optimizing[/]</rich_update>"</sky-payload>
<sky-payload>"<rich_start>[bold cyan]Launching[/]</rich_start>"</sky-payload>
I 03-17 21:36:49 optimizer.py:736] [1mTarget:[0m minimizing cost
I 03-17 21:36:49 optimizer.py:749] [1mEstimated cost: [0m$0.3 / hour
I 03-17 21:36:49 optimizer.py:749] 
I 03-17 21:36:49 optimizer.py:884] Considered resources (1 node):
I 03-17 21:36:49 optimizer.py:952] --------------------------------------------------------------------------------------------------
I 03-17 21:36:49 optimizer.py:952]  CLOUD   INSTANCE          vCPUs   Mem(GB)   ACCELERATORS   REGION/ZONE       COST ($)   CHOSEN   
I 03-17 21:36:49 optimizer.py:952] --------------------------------------------------------------------------------------------------
I 03-17 21:36:49 optimizer.py:952]  AWS     g6.xlarge[Spot]   4       16        L4:1           ap-northeast-2d   0.25       [32m   ✔[0m     
I 03-17 21:36:49 optimizer.py:952]  AWS     g6.xlarge         4       16        L4:1           us-east-1         0.80                
I 03-17 21:36:49 optimizer.py:952] --------------------------------------------------------------------------------------------------
<sky-payload>"<rich_update>[bold cyan]Looking for resources[/]  \u001b[2mView logs: sky api logs -l sky-2025-03-17-21-18-12-268922/provision.log\u001b[0m</rich_update>"</sky-payload>
<sky-payload>"<rich_update>[bold cyan]Launching[/]  \u001b[2mView logs: sky api logs -l sky-2025-03-17-21-18-12-268922/provision.log\u001b[0m</rich_update>"</sky-payload>
I 03-17 21:36:49 cloud_vm_ray_backend.py:1520] [0m⚙︎ Launching on AWS ap-northeast-2[0m (ap-northeast-2d).
[2mW 03-17 21:41:43 instance.py:243] create_instances: Attempt failed with An error occurred (InsufficientInstanceCapacity) when calling the RunInstances operation (reached max retries: 0): There is no Spot capacity available that matches your request.[0m
W 03-17 21:41:44 cloud_vm_ray_backend.py:2061] sky.exceptions.ResourcesUnavailableError: Failed to acquire resources in ap-northeast-2d for {AWS(cpus=4, {'L4': 1}), AWS([Spot], cpus=4, {'L4': 1})}. 
W 03-17 21:41:44 cloud_vm_ray_backend.py:2097] 
W 03-17 21:41:44 cloud_vm_ray_backend.py:2097] [0m[33m↺[0m Trying other potential resources.
<sky-payload>"<rich_update>[bold cyan]Looking for resources[/]  \u001b[2mView logs: sky api logs -l sky-2025-03-17-21-18-12-268922/provision.log\u001b[0m</rich_update>"</sky-payload>
<sky-payload>"<rich_update>[bold cyan]Optimizing[/]</rich_update>"</sky-payload>
<sky-payload>"<rich_start>[bold cyan]Launching[/]</rich_start>"</sky-payload>
I 03-17 21:41:44 optimizer.py:736] [1mTarget:[0m minimizing cost
I 03-17 21:41:44 optimizer.py:749] [1mEstimated cost: [0m$0.3 / hour
I 03-17 21:41:44 optimizer.py:749] 
I 03-17 21:41:44 optimizer.py:884] Considered resources (1 node):
I 03-17 21:41:44 optimizer.py:952] --------------------------------------------------------------------------------------------------
I 03-17 21:41:44 optimizer.py:952]  CLOUD   INSTANCE          vCPUs   Mem(GB)   ACCELERATORS   REGION/ZONE       COST ($)   CHOSEN   
I 03-17 21:41:44 optimizer.py:952] --------------------------------------------------------------------------------------------------
I 03-17 21:41:44 optimizer.py:952]  AWS     g6.xlarge[Spot]   4       16        L4:1           ap-northeast-2a   0.27       [32m   ✔[0m     
I 03-17 21:41:44 optimizer.py:952]  AWS     g6.xlarge         4       16        L4:1           us-east-1         0.80                
I 03-17 21:41:44 optimizer.py:952] --------------------------------------------------------------------------------------------------
<sky-payload>"<rich_update>[bold cyan]Looking for resources[/]  \u001b[2mView logs: sky api logs -l sky-2025-03-17-21-18-12-268922/provision.log\u001b[0m</rich_update>"</sky-payload>
<sky-payload>"<rich_update>[bold cyan]Launching[/]  \u001b[2mView logs: sky api logs -l sky-2025-03-17-21-18-12-268922/provision.log\u001b[0m</rich_update>"</sky-payload>
I 03-17 21:41:44 cloud_vm_ray_backend.py:1520] [0m⚙︎ Launching on AWS ap-northeast-2[0m (ap-northeast-2a).
[2mW 03-17 21:49:44 instance.py:243] create_instances: Attempt failed with An error occurred (InsufficientInstanceCapacity) when calling the RunInstances operation (reached max retries: 0): We currently do not have sufficient g6.xlarge capacity in the Availability Zone you requested (ap-northeast-2a). Our system will be working on provisioning additional capacity. You can currently get g6.xlarge capacity by not specifying an Availability Zone in your request or choosing ap-northeast-2d.[0m
W 03-17 21:49:46 cloud_vm_ray_backend.py:2061] sky.exceptions.ResourcesUnavailableError: Failed to acquire resources in ap-northeast-2a for {AWS(cpus=4, {'L4': 1}), AWS([Spot], cpus=4, {'L4': 1})}. 
W 03-17 21:49:46 cloud_vm_ray_backend.py:2097] 
W 03-17 21:49:46 cloud_vm_ray_backend.py:2097] [0m[33m↺[0m Trying other potential resources.
<sky-payload>"<rich_update>[bold cyan]Looking for resources[/]  \u001b[2mView logs: sky api logs -l sky-2025-03-17-21-18-12-268922/provision.log\u001b[0m</rich_update>"</sky-payload>
<sky-payload>"<rich_update>[bold cyan]Optimizing[/]</rich_update>"</sky-payload>
<sky-payload>"<rich_start>[bold cyan]Launching[/]</rich_start>"</sky-payload>
I 03-17 21:49:46 optimizer.py:736] [1mTarget:[0m minimizing cost
I 03-17 21:49:46 optimizer.py:749] [1mEstimated cost: [0m$0.3 / hour
I 03-17 21:49:46 optimizer.py:749] 
I 03-17 21:49:46 optimizer.py:884] Considered resources (1 node):
I 03-17 21:49:46 optimizer.py:952] ----------------------------------------------------------------------------------------------
I 03-17 21:49:46 optimizer.py:952]  CLOUD   INSTANCE          vCPUs   Mem(GB)   ACCELERATORS   REGION/ZONE   COST ($)   CHOSEN   
I 03-17 21:49:46 optimizer.py:952] ----------------------------------------------------------------------------------------------
I 03-17 21:49:46 optimizer.py:952]  AWS     g6.xlarge[Spot]   4       16        L4:1           us-east-1b    0.30       [32m   ✔[0m     
I 03-17 21:49:46 optimizer.py:952]  AWS     g6.xlarge         4       16        L4:1           us-east-1     0.80                
I 03-17 21:49:46 optimizer.py:952] ----------------------------------------------------------------------------------------------
<sky-payload>"<rich_update>[bold cyan]Looking for resources[/]  \u001b[2mView logs: sky api logs -l sky-2025-03-17-21-18-12-268922/provision.log\u001b[0m</rich_update>"</sky-payload>
<sky-payload>"<rich_update>[bold cyan]Launching[/]  \u001b[2mView logs: sky api logs -l sky-2025-03-17-21-18-12-268922/provision.log\u001b[0m</rich_update>"</sky-payload>
I 03-17 21:49:46 cloud_vm_ray_backend.py:1520] [0m⚙︎ Launching on AWS us-east-1[0m (us-east-1b).
[2mW 03-17 21:49:52 instance.py:243] create_instances: Attempt failed with An error occurred (InsufficientInstanceCapacity) when calling the RunInstances operation (reached max retries: 0): We currently do not have sufficient g6.xlarge capacity in the Availability Zone you requested (us-east-1b). Our system will be working on provisioning additional capacity. You can currently get g6.xlarge capacity by not specifying an Availability Zone in your request or choosing us-east-1a, us-east-1c, us-east-1d.[0m
W 03-17 21:49:53 cloud_vm_ray_backend.py:2061] sky.exceptions.ResourcesUnavailableError: Failed to acquire resources in us-east-1b for {AWS(cpus=4, {'L4': 1}), AWS([Spot], cpus=4, {'L4': 1})}. 
W 03-17 21:49:53 cloud_vm_ray_backend.py:2097] 
W 03-17 21:49:53 cloud_vm_ray_backend.py:2097] [0m[33m↺[0m Trying other potential resources.
<sky-payload>"<rich_update>[bold cyan]Looking for resources[/]  \u001b[2mView logs: sky api logs -l sky-2025-03-17-21-18-12-268922/provision.log\u001b[0m</rich_update>"</sky-payload>
<sky-payload>"<rich_update>[bold cyan]Optimizing[/]</rich_update>"</sky-payload>
<sky-payload>"<rich_start>[bold cyan]Launching[/]</rich_start>"</sky-payload>
I 03-17 21:49:53 optimizer.py:736] [1mTarget:[0m minimizing cost
I 03-17 21:49:53 optimizer.py:749] [1mEstimated cost: [0m$0.3 / hour
I 03-17 21:49:53 optimizer.py:749] 
I 03-17 21:49:53 optimizer.py:884] Considered resources (1 node):
I 03-17 21:49:53 optimizer.py:952] ----------------------------------------------------------------------------------------------
I 03-17 21:49:53 optimizer.py:952]  CLOUD   INSTANCE          vCPUs   Mem(GB)   ACCELERATORS   REGION/ZONE   COST ($)   CHOSEN   
I 03-17 21:49:53 optimizer.py:952] ----------------------------------------------------------------------------------------------
I 03-17 21:49:53 optimizer.py:952]  AWS     g6.xlarge[Spot]   4       16        L4:1           us-east-2c    0.31       [32m   ✔[0m     
I 03-17 21:49:53 optimizer.py:952]  AWS     g6.xlarge         4       16        L4:1           us-east-1     0.80                
I 03-17 21:49:53 optimizer.py:952] ----------------------------------------------------------------------------------------------
<sky-payload>"<rich_update>[bold cyan]Looking for resources[/]  \u001b[2mView logs: sky api logs -l sky-2025-03-17-21-18-12-268922/provision.log\u001b[0m</rich_update>"</sky-payload>
<sky-payload>"<rich_update>[bold cyan]Launching[/]  \u001b[2mView logs: sky api logs -l sky-2025-03-17-21-18-12-268922/provision.log\u001b[0m</rich_update>"</sky-payload>
I 03-17 21:49:53 cloud_vm_ray_backend.py:1520] [0m⚙︎ Launching on AWS us-east-2[0m (us-east-2c).
[2mW 03-17 21:50:00 instance.py:243] create_instances: Attempt failed with An error occurred (InsufficientInstanceCapacity) when calling the RunInstances operation (reached max retries: 0): We currently do not have sufficient g6.xlarge capacity in the Availability Zone you requested (us-east-2c). Our system will be working on provisioning additional capacity. You can currently get g6.xlarge capacity by not specifying an Availability Zone in your request or choosing us-east-2a, us-east-2b.[0m
W 03-17 21:50:00 cloud_vm_ray_backend.py:2061] sky.exceptions.ResourcesUnavailableError: Failed to acquire resources in us-east-2c for {AWS(cpus=4, {'L4': 1}), AWS([Spot], cpus=4, {'L4': 1})}. 
W 03-17 21:50:00 cloud_vm_ray_backend.py:2097] 
W 03-17 21:50:00 cloud_vm_ray_backend.py:2097] [0m[33m↺[0m Trying other potential resources.
<sky-payload>"<rich_update>[bold cyan]Looking for resources[/]  \u001b[2mView logs: sky api logs -l sky-2025-03-17-21-18-12-268922/provision.log\u001b[0m</rich_update>"</sky-payload>
<sky-payload>"<rich_update>[bold cyan]Optimizing[/]</rich_update>"</sky-payload>
<sky-payload>"<rich_start>[bold cyan]Launching[/]</rich_start>"</sky-payload>
I 03-17 21:50:00 optimizer.py:736] [1mTarget:[0m minimizing cost
I 03-17 21:50:00 optimizer.py:749] [1mEstimated cost: [0m$0.3 / hour
I 03-17 21:50:00 optimizer.py:749] 
I 03-17 21:50:00 optimizer.py:884] Considered resources (1 node):
I 03-17 21:50:00 optimizer.py:952] ----------------------------------------------------------------------------------------------
I 03-17 21:50:00 optimizer.py:952]  CLOUD   INSTANCE          vCPUs   Mem(GB)   ACCELERATORS   REGION/ZONE   COST ($)   CHOSEN   
I 03-17 21:50:00 optimizer.py:952] ----------------------------------------------------------------------------------------------
I 03-17 21:50:00 optimizer.py:952]  AWS     g6.xlarge[Spot]   4       16        L4:1           us-east-2b    0.32       [32m   ✔[0m     
I 03-17 21:50:00 optimizer.py:952]  AWS     g6.xlarge         4       16        L4:1           us-east-1     0.80                
I 03-17 21:50:00 optimizer.py:952] ----------------------------------------------------------------------------------------------
<sky-payload>"<rich_update>[bold cyan]Looking for resources[/]  \u001b[2mView logs: sky api logs -l sky-2025-03-17-21-18-12-268922/provision.log\u001b[0m</rich_update>"</sky-payload>
<sky-payload>"<rich_update>[bold cyan]Launching[/]  \u001b[2mView logs: sky api logs -l sky-2025-03-17-21-18-12-268922/provision.log\u001b[0m</rich_update>"</sky-payload>
I 03-17 21:50:01 cloud_vm_ray_backend.py:1520] [0m⚙︎ Launching on AWS us-east-2[0m (us-east-2b).
<sky-payload>"<rich_update>[bold cyan]Launching - Checking instance status[/]  \u001b[2mView logs: sky api logs -l sky-2025-03-17-21-18-12-268922/provision.log\u001b[0m</rich_update>"</sky-payload>
<sky-payload>"<rich_update>[bold cyan]Launching - Waiting for SSH access[/]  \u001b[2mView logs: sky api logs -l sky-2025-03-17-21-18-12-268922/provision.log\u001b[0m</rich_update>"</sky-payload>
<sky-payload>"<rich_start>[bold cyan]Launching[/]</rich_start>"</sky-payload>
I 03-17 21:50:40 provisioner.py:451] [2m└── [0m[2mInstance is up.[0m
<sky-payload>"<rich_update>[bold cyan]Preparing SkyPilot runtime (1/3 - initializing)[/]  \u001b[2mView logs: sky api logs -l sky-2025-03-17-21-18-12-268922/provision.log\u001b[0m</rich_update>"</sky-payload>
<sky-payload>"<rich_update>[bold cyan]Preparing SkyPilot runtime (2/3 - dependencies)[/]  \u001b[2mView logs: sky api logs -l sky-2025-03-17-21-18-12-268922/provision.log\u001b[0m</rich_update>"</sky-payload>
<sky-payload>"<rich_update>[bold cyan]Preparing SkyPilot runtime (3/3 - runtime)[/]  \u001b[2mView logs: sky api logs -l sky-2025-03-17-21-18-12-268922/provision.log\u001b[0m</rich_update>"</sky-payload>
<sky-payload>"<rich_update>[bold cyan]Launching - Checking instance status[/]  \u001b[2mView logs: sky api logs -l sky-2025-03-17-21-18-12-268922/provision.log\u001b[0m</rich_update>"</sky-payload>
I 03-17 21:51:03 provisioner.py:632] [0m[32m✓ Cluster launched: compute-text-vectors-136.[0m  [2mView logs: sky api logs -l sky-2025-03-17-21-18-12-268922/provision.log[0m
<sky-payload>"<rich_exit></rich_exit>"</sky-payload>
I 03-17 21:51:03 execution.py:332] [0m⚙︎ Syncing files.
<sky-payload>"<rich_init>[bold cyan]Syncing files[/]</rich_init>"</sky-payload>
<sky-payload>"<rich_update>[bold cyan]Syncing files[/]</rich_update>"</sky-payload>
<sky-payload>"<rich_start>[bold cyan]Syncing files[/]</rich_start>"</sky-payload>
<sky-payload>"<rich_update>[bold cyan]Syncing file mounts[/]  \u001b[2mView logs: sky api logs -l sky-2025-03-17-21-18-12-268922/file_mounts.log\u001b[0m</rich_update>"</sky-payload>
I 03-17 21:51:03 backend_utils.py:1315]   [2mSyncing (to 1 node): s3://skypilot-filemounts-root-726f1974-em1fy5f9/job-em1fy5f9/workdir -> ~/sky_workdir[0m
I 03-17 21:51:05 cloud_vm_ray_backend.py:4801] [0m[32m✓ Synced file_mounts.[0m  [2mView logs: sky api logs -l sky-2025-03-17-21-18-12-268922/file_mounts.log[0m
<sky-payload>"<rich_update>[bold cyan]Mounting 1 storage[/]  \u001b[2mView logs: sky api logs -l sky-2025-03-17-21-18-12-268922/storage_mounts.log\u001b[0m</rich_update>"</sky-payload>
I 03-17 21:51:05 backend_utils.py:1315]   [2mMounting (to 1 node): s3://sky-text-embeddings-multi-cluster-final-2 -> /output[0m
I 03-17 21:51:07 cloud_vm_ray_backend.py:4892] [0m[32m✓ Storage mounted.[0m  [2mView logs: sky api logs -l sky-2025-03-17-21-18-12-268922/storage_mounts.log[0m
<sky-payload>"<rich_exit></rich_exit>"</sky-payload>
<sky-payload>"<rich_init>[bold cyan]Running setup[/]</rich_init>"</sky-payload>
<sky-payload>"<rich_update>[bold cyan]Running setup[/]</rich_update>"</sky-payload>
<sky-payload>"<rich_start>[bold cyan]Running setup[/]</rich_start>"</sky-payload>
<sky-payload>"<rich_stop></rich_stop>"</sky-payload>
I 03-17 21:51:07 cloud_vm_ray_backend.py:3357] [0m[32m✓ Setup detached.[0m
<sky-payload>"<rich_exit></rich_exit>"</sky-payload>
<sky-payload>"<rich_init>[bold cyan]Submitting job[/]</rich_init>"</sky-payload>
<sky-payload>"<rich_update>[bold cyan]Submitting job[/]</rich_update>"</sky-payload>
<sky-payload>"<rich_start>[bold cyan]Submitting job[/]</rich_start>"</sky-payload>
I 03-17 21:51:08 cloud_vm_ray_backend.py:3546] Multiple resources are specified for the task, using: AWS([Spot], cpus=4, {'L4': 1})
I 03-17 21:51:09 cloud_vm_ray_backend.py:3460] [0m⚙︎ Job submitted, ID: 1
<sky-payload>"<rich_stop></rich_stop>"</sky-payload>
<sky-payload>"<rich_exit></rich_exit>"</sky-payload>

[?25hI 03-17 21:51:10 recovery_strategy.py:289] Managed job cluster launched.
I 03-17 21:51:13 utils.py:131] === Checking the job status... ===
I 03-17 21:51:13 utils.py:137] Job status: JobStatus.SETTING_UP
I 03-17 21:51:13 utils.py:140] ==================================
I 03-17 21:51:14 state.py:471] Job started.
I 03-17 21:51:34 utils.py:131] === Checking the job status... ===
I 03-17 21:51:35 utils.py:137] Job status: JobStatus.SETTING_UP
I 03-17 21:51:35 utils.py:140] ==================================
I 03-17 21:51:55 utils.py:131] === Checking the job status... ===
I 03-17 21:51:56 utils.py:137] Job status: JobStatus.SETTING_UP
I 03-17 21:51:56 utils.py:140] ==================================
I 03-17 21:52:16 utils.py:131] === Checking the job status... ===
I 03-17 21:52:16 utils.py:137] Job status: JobStatus.SETTING_UP
I 03-17 21:52:16 utils.py:140] ==================================
I 03-17 21:52:36 utils.py:131] === Checking the job status... ===
I 03-17 21:52:37 utils.py:137] Job status: JobStatus.SETTING_UP
I 03-17 21:52:37 utils.py:140] ==================================
I 03-17 21:52:57 utils.py:131] === Checking the job status... ===
I 03-17 21:52:58 utils.py:137] Job status: JobStatus.SETTING_UP
I 03-17 21:52:58 utils.py:140] ==================================
I 03-17 21:53:18 utils.py:131] === Checking the job status... ===
I 03-17 21:53:19 utils.py:137] Job status: JobStatus.SETTING_UP
I 03-17 21:53:19 utils.py:140] ==================================
I 03-17 21:53:39 utils.py:131] === Checking the job status... ===
I 03-17 21:53:40 utils.py:137] Job status: JobStatus.SETTING_UP
I 03-17 21:53:40 utils.py:140] ==================================
I 03-17 21:54:00 utils.py:131] === Checking the job status... ===
I 03-17 21:54:00 utils.py:137] Job status: JobStatus.SETTING_UP
I 03-17 21:54:00 utils.py:140] ==================================
I 03-17 21:54:20 utils.py:131] === Checking the job status... ===
I 03-17 21:54:21 utils.py:137] Job status: JobStatus.SETTING_UP
I 03-17 21:54:21 utils.py:140] ==================================
I 03-17 21:54:41 utils.py:131] === Checking the job status... ===
I 03-17 21:54:42 utils.py:137] Job status: JobStatus.SETTING_UP
I 03-17 21:54:42 utils.py:140] ==================================
I 03-17 21:55:02 utils.py:131] === Checking the job status... ===
I 03-17 21:55:03 utils.py:137] Job status: JobStatus.SETTING_UP
I 03-17 21:55:03 utils.py:140] ==================================
I 03-17 21:55:23 utils.py:131] === Checking the job status... ===
I 03-17 21:55:23 utils.py:137] Job status: JobStatus.SETTING_UP
I 03-17 21:55:23 utils.py:140] ==================================
I 03-17 21:55:44 utils.py:131] === Checking the job status... ===
I 03-17 21:55:44 utils.py:137] Job status: JobStatus.RUNNING
I 03-17 21:55:44 utils.py:140] ==================================
I 03-17 21:56:04 utils.py:131] === Checking the job status... ===
I 03-17 21:56:05 utils.py:137] Job status: JobStatus.RUNNING
I 03-17 21:56:05 utils.py:140] ==================================
I 03-17 21:56:25 utils.py:131] === Checking the job status... ===
I 03-17 21:56:26 utils.py:137] Job status: JobStatus.RUNNING
I 03-17 21:56:26 utils.py:140] ==================================
I 03-17 21:56:46 utils.py:131] === Checking the job status... ===
I 03-17 21:56:47 utils.py:137] Job status: JobStatus.RUNNING
I 03-17 21:56:47 utils.py:140] ==================================
I 03-17 21:57:07 utils.py:131] === Checking the job status... ===
I 03-17 21:57:08 utils.py:137] Job status: JobStatus.RUNNING
I 03-17 21:57:08 utils.py:140] ==================================
I 03-17 21:57:28 utils.py:131] === Checking the job status... ===
I 03-17 21:57:29 utils.py:137] Job status: JobStatus.RUNNING
I 03-17 21:57:29 utils.py:140] ==================================
I 03-17 21:57:49 utils.py:131] === Checking the job status... ===
I 03-17 21:57:50 utils.py:137] Job status: JobStatus.RUNNING
I 03-17 21:57:50 utils.py:140] ==================================
I 03-17 21:58:10 utils.py:131] === Checking the job status... ===
I 03-17 21:58:11 utils.py:137] Job status: JobStatus.RUNNING
I 03-17 21:58:11 utils.py:140] ==================================
I 03-17 21:58:31 utils.py:131] === Checking the job status... ===
I 03-17 21:58:31 utils.py:137] Job status: JobStatus.RUNNING
I 03-17 21:58:31 utils.py:140] ==================================
I 03-17 21:58:51 utils.py:131] === Checking the job status... ===
I 03-17 21:58:52 utils.py:137] Job status: JobStatus.RUNNING
I 03-17 21:58:52 utils.py:140] ==================================
I 03-17 21:59:12 utils.py:131] === Checking the job status... ===
I 03-17 21:59:16 utils.py:137] Job status: JobStatus.RUNNING
I 03-17 21:59:16 utils.py:140] ==================================
I 03-17 21:59:36 utils.py:131] === Checking the job status... ===
I 03-17 21:59:38 utils.py:137] Job status: JobStatus.RUNNING
I 03-17 21:59:38 utils.py:140] ==================================
I 03-17 21:59:58 utils.py:131] === Checking the job status... ===
I 03-17 22:00:01 utils.py:137] Job status: JobStatus.RUNNING
I 03-17 22:00:01 utils.py:140] ==================================
I 03-17 22:00:21 utils.py:131] === Checking the job status... ===
I 03-17 22:00:22 utils.py:137] Job status: JobStatus.RUNNING
I 03-17 22:00:22 utils.py:140] ==================================
I 03-17 22:00:42 utils.py:131] === Checking the job status... ===
I 03-17 22:00:43 utils.py:137] Job status: JobStatus.RUNNING
I 03-17 22:00:43 utils.py:140] ==================================
I 03-17 22:01:03 utils.py:131] === Checking the job status... ===
I 03-17 22:01:04 utils.py:137] Job status: JobStatus.RUNNING
I 03-17 22:01:04 utils.py:140] ==================================
I 03-17 22:01:24 utils.py:131] === Checking the job status... ===
I 03-17 22:01:24 utils.py:137] Job status: JobStatus.RUNNING
I 03-17 22:01:24 utils.py:140] ==================================
I 03-17 22:01:44 utils.py:131] === Checking the job status... ===
I 03-17 22:01:45 utils.py:137] Job status: JobStatus.RUNNING
I 03-17 22:01:45 utils.py:140] ==================================
I 03-17 22:02:05 utils.py:131] === Checking the job status... ===
I 03-17 22:02:06 utils.py:137] Job status: JobStatus.RUNNING
I 03-17 22:02:06 utils.py:140] ==================================
I 03-17 22:02:26 utils.py:131] === Checking the job status... ===
I 03-17 22:02:27 utils.py:137] Job status: JobStatus.RUNNING
I 03-17 22:02:27 utils.py:140] ==================================
I 03-17 22:02:47 utils.py:131] === Checking the job status... ===
I 03-17 22:02:47 utils.py:137] Job status: JobStatus.RUNNING
I 03-17 22:02:47 utils.py:140] ==================================
I 03-17 22:03:07 utils.py:131] === Checking the job status... ===
I 03-17 22:03:08 utils.py:137] Job status: JobStatus.RUNNING
I 03-17 22:03:08 utils.py:140] ==================================
I 03-17 22:03:28 utils.py:131] === Checking the job status... ===
I 03-17 22:03:29 utils.py:137] Job status: JobStatus.RUNNING
I 03-17 22:03:29 utils.py:140] ==================================
I 03-17 22:03:49 utils.py:131] === Checking the job status... ===
I 03-17 22:03:50 utils.py:137] Job status: JobStatus.RUNNING
I 03-17 22:03:50 utils.py:140] ==================================
I 03-17 22:04:10 utils.py:131] === Checking the job status... ===
I 03-17 22:04:11 utils.py:137] Job status: JobStatus.RUNNING
I 03-17 22:04:11 utils.py:140] ==================================
I 03-17 22:04:31 utils.py:131] === Checking the job status... ===
I 03-17 22:04:31 utils.py:137] Job status: JobStatus.RUNNING
I 03-17 22:04:31 utils.py:140] ==================================
I 03-17 22:04:51 utils.py:131] === Checking the job status... ===
I 03-17 22:04:52 utils.py:137] Job status: JobStatus.RUNNING
I 03-17 22:04:52 utils.py:140] ==================================
I 03-17 22:05:12 utils.py:131] === Checking the job status... ===
I 03-17 22:05:13 utils.py:137] Job status: JobStatus.RUNNING
I 03-17 22:05:13 utils.py:140] ==================================
I 03-17 22:05:33 utils.py:131] === Checking the job status... ===
I 03-17 22:05:33 utils.py:137] Job status: JobStatus.RUNNING
I 03-17 22:05:33 utils.py:140] ==================================
I 03-17 22:05:54 utils.py:131] === Checking the job status... ===
I 03-17 22:05:54 utils.py:137] Job status: JobStatus.RUNNING
I 03-17 22:05:54 utils.py:140] ==================================
I 03-17 22:06:14 utils.py:131] === Checking the job status... ===
I 03-17 22:06:15 utils.py:137] Job status: JobStatus.RUNNING
I 03-17 22:06:15 utils.py:140] ==================================
I 03-17 22:06:35 utils.py:131] === Checking the job status... ===
I 03-17 22:06:36 utils.py:137] Job status: JobStatus.RUNNING
I 03-17 22:06:36 utils.py:140] ==================================
I 03-17 22:06:56 utils.py:131] === Checking the job status... ===
I 03-17 22:06:57 utils.py:137] Job status: JobStatus.RUNNING
I 03-17 22:06:57 utils.py:140] ==================================
I 03-17 22:07:17 utils.py:131] === Checking the job status... ===
I 03-17 22:07:17 utils.py:137] Job status: JobStatus.RUNNING
I 03-17 22:07:17 utils.py:140] ==================================
I 03-17 22:07:37 utils.py:131] === Checking the job status... ===
I 03-17 22:07:38 utils.py:137] Job status: JobStatus.RUNNING
I 03-17 22:07:38 utils.py:140] ==================================
I 03-17 22:07:58 utils.py:131] === Checking the job status... ===
I 03-17 22:07:59 utils.py:137] Job status: JobStatus.RUNNING
I 03-17 22:07:59 utils.py:140] ==================================
I 03-17 22:08:19 utils.py:131] === Checking the job status... ===
I 03-17 22:08:20 utils.py:137] Job status: JobStatus.RUNNING
I 03-17 22:08:20 utils.py:140] ==================================
I 03-17 22:08:40 utils.py:131] === Checking the job status... ===
I 03-17 22:08:40 utils.py:137] Job status: JobStatus.RUNNING
I 03-17 22:08:40 utils.py:140] ==================================
I 03-17 22:09:00 utils.py:131] === Checking the job status... ===
I 03-17 22:09:01 utils.py:137] Job status: JobStatus.RUNNING
I 03-17 22:09:01 utils.py:140] ==================================
I 03-17 22:09:21 utils.py:131] === Checking the job status... ===
I 03-17 22:09:22 utils.py:137] Job status: JobStatus.RUNNING
I 03-17 22:09:22 utils.py:140] ==================================
I 03-17 22:09:42 utils.py:131] === Checking the job status... ===
I 03-17 22:09:43 utils.py:137] Job status: JobStatus.RUNNING
I 03-17 22:09:43 utils.py:140] ==================================
I 03-17 22:10:03 utils.py:131] === Checking the job status... ===
I 03-17 22:10:03 utils.py:137] Job status: JobStatus.RUNNING
I 03-17 22:10:03 utils.py:140] ==================================
I 03-17 22:10:23 utils.py:131] === Checking the job status... ===
I 03-17 22:10:24 utils.py:137] Job status: JobStatus.RUNNING
I 03-17 22:10:24 utils.py:140] ==================================
I 03-17 22:10:44 utils.py:131] === Checking the job status... ===
I 03-17 22:10:45 utils.py:137] Job status: JobStatus.RUNNING
I 03-17 22:10:45 utils.py:140] ==================================
I 03-17 22:11:05 utils.py:131] === Checking the job status... ===
I 03-17 22:11:06 utils.py:137] Job status: JobStatus.RUNNING
I 03-17 22:11:06 utils.py:140] ==================================
I 03-17 22:11:26 utils.py:131] === Checking the job status... ===
I 03-17 22:11:26 utils.py:137] Job status: JobStatus.RUNNING
I 03-17 22:11:26 utils.py:140] ==================================
I 03-17 22:11:46 utils.py:131] === Checking the job status... ===
I 03-17 22:11:47 utils.py:137] Job status: JobStatus.RUNNING
I 03-17 22:11:47 utils.py:140] ==================================
I 03-17 22:12:07 utils.py:131] === Checking the job status... ===
I 03-17 22:12:08 utils.py:137] Job status: JobStatus.RUNNING
I 03-17 22:12:08 utils.py:140] ==================================
I 03-17 22:12:28 utils.py:131] === Checking the job status... ===
I 03-17 22:12:29 utils.py:137] Job status: JobStatus.RUNNING
I 03-17 22:12:29 utils.py:140] ==================================
I 03-17 22:12:49 utils.py:131] === Checking the job status... ===
I 03-17 22:12:49 utils.py:137] Job status: JobStatus.RUNNING
I 03-17 22:12:49 utils.py:140] ==================================
I 03-17 22:13:10 utils.py:131] === Checking the job status... ===
I 03-17 22:13:10 utils.py:137] Job status: JobStatus.RUNNING
I 03-17 22:13:10 utils.py:140] ==================================
I 03-17 22:13:30 utils.py:131] === Checking the job status... ===
I 03-17 22:13:31 utils.py:137] Job status: JobStatus.RUNNING
I 03-17 22:13:31 utils.py:140] ==================================
I 03-17 22:13:51 utils.py:131] === Checking the job status... ===
I 03-17 22:13:52 utils.py:137] Job status: JobStatus.RUNNING
I 03-17 22:13:52 utils.py:140] ==================================
I 03-17 22:14:12 utils.py:131] === Checking the job status... ===
I 03-17 22:14:12 utils.py:137] Job status: JobStatus.RUNNING
I 03-17 22:14:12 utils.py:140] ==================================
I 03-17 22:14:33 utils.py:131] === Checking the job status... ===
I 03-17 22:14:33 utils.py:137] Job status: JobStatus.RUNNING
I 03-17 22:14:33 utils.py:140] ==================================
I 03-17 22:14:53 utils.py:131] === Checking the job status... ===
I 03-17 22:14:54 utils.py:137] Job status: JobStatus.RUNNING
I 03-17 22:14:54 utils.py:140] ==================================
I 03-17 22:15:14 utils.py:131] === Checking the job status... ===
I 03-17 22:15:15 utils.py:137] Job status: JobStatus.RUNNING
I 03-17 22:15:15 utils.py:140] ==================================
I 03-17 22:15:35 utils.py:131] === Checking the job status... ===
I 03-17 22:15:35 utils.py:137] Job status: JobStatus.RUNNING
I 03-17 22:15:35 utils.py:140] ==================================
I 03-17 22:15:56 utils.py:131] === Checking the job status... ===
I 03-17 22:15:56 utils.py:137] Job status: JobStatus.RUNNING
I 03-17 22:15:56 utils.py:140] ==================================
I 03-17 22:16:16 utils.py:131] === Checking the job status... ===
I 03-17 22:16:17 utils.py:137] Job status: JobStatus.RUNNING
I 03-17 22:16:17 utils.py:140] ==================================
I 03-17 22:16:37 utils.py:131] === Checking the job status... ===
I 03-17 22:16:38 utils.py:137] Job status: JobStatus.RUNNING
I 03-17 22:16:38 utils.py:140] ==================================
I 03-17 22:16:58 utils.py:131] === Checking the job status... ===
I 03-17 22:16:58 utils.py:137] Job status: JobStatus.RUNNING
I 03-17 22:16:58 utils.py:140] ==================================
I 03-17 22:17:18 utils.py:131] === Checking the job status... ===
I 03-17 22:17:19 utils.py:137] Job status: JobStatus.RUNNING
I 03-17 22:17:19 utils.py:140] ==================================
I 03-17 22:17:39 utils.py:131] === Checking the job status... ===
I 03-17 22:17:40 utils.py:137] Job status: JobStatus.RUNNING
I 03-17 22:17:40 utils.py:140] ==================================
I 03-17 22:18:00 utils.py:131] === Checking the job status... ===
I 03-17 22:18:01 utils.py:137] Job status: JobStatus.RUNNING
I 03-17 22:18:01 utils.py:140] ==================================
I 03-17 22:18:21 utils.py:131] === Checking the job status... ===
I 03-17 22:18:21 utils.py:137] Job status: JobStatus.RUNNING
I 03-17 22:18:21 utils.py:140] ==================================
I 03-17 22:18:41 utils.py:131] === Checking the job status... ===
I 03-17 22:18:42 utils.py:137] Job status: JobStatus.RUNNING
I 03-17 22:18:42 utils.py:140] ==================================
I 03-17 22:19:02 utils.py:131] === Checking the job status... ===
I 03-17 22:19:03 utils.py:137] Job status: JobStatus.RUNNING
I 03-17 22:19:03 utils.py:140] ==================================
I 03-17 22:19:23 utils.py:131] === Checking the job status... ===
I 03-17 22:19:24 utils.py:137] Job status: JobStatus.RUNNING
I 03-17 22:19:24 utils.py:140] ==================================
I 03-17 22:19:44 utils.py:131] === Checking the job status... ===
I 03-17 22:19:44 utils.py:137] Job status: JobStatus.RUNNING
I 03-17 22:19:44 utils.py:140] ==================================
I 03-17 22:20:05 utils.py:131] === Checking the job status... ===
I 03-17 22:20:05 utils.py:137] Job status: JobStatus.RUNNING
I 03-17 22:20:05 utils.py:140] ==================================
I 03-17 22:20:25 utils.py:131] === Checking the job status... ===
I 03-17 22:20:26 utils.py:137] Job status: JobStatus.RUNNING
I 03-17 22:20:26 utils.py:140] ==================================
I 03-17 22:20:46 utils.py:131] === Checking the job status... ===
I 03-17 22:20:47 utils.py:137] Job status: JobStatus.RUNNING
I 03-17 22:20:47 utils.py:140] ==================================
I 03-17 22:21:07 utils.py:131] === Checking the job status... ===
I 03-17 22:21:08 utils.py:137] Job status: JobStatus.RUNNING
I 03-17 22:21:08 utils.py:140] ==================================
I 03-17 22:21:28 utils.py:131] === Checking the job status... ===
I 03-17 22:21:28 utils.py:137] Job status: JobStatus.RUNNING
I 03-17 22:21:28 utils.py:140] ==================================
I 03-17 22:21:48 utils.py:131] === Checking the job status... ===
I 03-17 22:21:49 utils.py:137] Job status: JobStatus.RUNNING
I 03-17 22:21:49 utils.py:140] ==================================
I 03-17 22:22:09 utils.py:131] === Checking the job status... ===
I 03-17 22:22:10 utils.py:137] Job status: JobStatus.RUNNING
I 03-17 22:22:10 utils.py:140] ==================================
I 03-17 22:22:30 utils.py:131] === Checking the job status... ===
I 03-17 22:22:30 utils.py:137] Job status: JobStatus.RUNNING
I 03-17 22:22:30 utils.py:140] ==================================
I 03-17 22:22:51 utils.py:131] === Checking the job status... ===
I 03-17 22:22:51 utils.py:137] Job status: JobStatus.RUNNING
I 03-17 22:22:51 utils.py:140] ==================================
I 03-17 22:23:11 utils.py:131] === Checking the job status... ===
I 03-17 22:23:12 utils.py:137] Job status: JobStatus.RUNNING
I 03-17 22:23:12 utils.py:140] ==================================
I 03-17 22:23:32 utils.py:131] === Checking the job status... ===
I 03-17 22:23:33 utils.py:137] Job status: JobStatus.RUNNING
I 03-17 22:23:33 utils.py:140] ==================================
I 03-17 22:23:53 utils.py:131] === Checking the job status... ===
I 03-17 22:23:54 utils.py:137] Job status: JobStatus.RUNNING
I 03-17 22:23:54 utils.py:140] ==================================
I 03-17 22:24:14 utils.py:131] === Checking the job status... ===
I 03-17 22:24:14 utils.py:137] Job status: JobStatus.RUNNING
I 03-17 22:24:14 utils.py:140] ==================================
I 03-17 22:24:34 utils.py:131] === Checking the job status... ===
I 03-17 22:24:35 utils.py:137] Job status: JobStatus.RUNNING
I 03-17 22:24:35 utils.py:140] ==================================
I 03-17 22:24:55 utils.py:131] === Checking the job status... ===
I 03-17 22:24:56 utils.py:137] Job status: JobStatus.RUNNING
I 03-17 22:24:56 utils.py:140] ==================================
I 03-17 22:25:16 utils.py:131] === Checking the job status... ===
I 03-17 22:25:17 utils.py:137] Job status: JobStatus.RUNNING
I 03-17 22:25:17 utils.py:140] ==================================
I 03-17 22:25:37 utils.py:131] === Checking the job status... ===
I 03-17 22:25:37 utils.py:137] Job status: JobStatus.RUNNING
I 03-17 22:25:37 utils.py:140] ==================================
I 03-17 22:25:57 utils.py:131] === Checking the job status... ===
I 03-17 22:25:58 utils.py:137] Job status: JobStatus.RUNNING
I 03-17 22:25:58 utils.py:140] ==================================
I 03-17 22:26:18 utils.py:131] === Checking the job status... ===
I 03-17 22:26:19 utils.py:137] Job status: JobStatus.RUNNING
I 03-17 22:26:19 utils.py:140] ==================================
I 03-17 22:26:39 utils.py:131] === Checking the job status... ===
I 03-17 22:26:40 utils.py:137] Job status: JobStatus.RUNNING
I 03-17 22:26:40 utils.py:140] ==================================
I 03-17 22:27:00 utils.py:131] === Checking the job status... ===
I 03-17 22:27:00 utils.py:137] Job status: JobStatus.RUNNING
I 03-17 22:27:00 utils.py:140] ==================================
I 03-17 22:27:20 utils.py:131] === Checking the job status... ===
I 03-17 22:27:21 utils.py:137] Job status: JobStatus.RUNNING
I 03-17 22:27:21 utils.py:140] ==================================
I 03-17 22:27:41 utils.py:131] === Checking the job status... ===
I 03-17 22:27:42 utils.py:137] Job status: JobStatus.RUNNING
I 03-17 22:27:42 utils.py:140] ==================================
I 03-17 22:28:02 utils.py:131] === Checking the job status... ===
I 03-17 22:28:03 utils.py:137] Job status: JobStatus.RUNNING
I 03-17 22:28:03 utils.py:140] ==================================
I 03-17 22:28:23 utils.py:131] === Checking the job status... ===
I 03-17 22:28:23 utils.py:137] Job status: JobStatus.RUNNING
I 03-17 22:28:23 utils.py:140] ==================================
I 03-17 22:28:43 utils.py:131] === Checking the job status... ===
I 03-17 22:28:44 utils.py:137] Job status: JobStatus.RUNNING
I 03-17 22:28:44 utils.py:140] ==================================
I 03-17 22:29:04 utils.py:131] === Checking the job status... ===
I 03-17 22:29:05 utils.py:137] Job status: JobStatus.RUNNING
I 03-17 22:29:05 utils.py:140] ==================================
I 03-17 22:29:25 utils.py:131] === Checking the job status... ===
I 03-17 22:29:26 utils.py:137] Job status: JobStatus.RUNNING
I 03-17 22:29:26 utils.py:140] ==================================
I 03-17 22:29:46 utils.py:131] === Checking the job status... ===
I 03-17 22:29:46 utils.py:137] Job status: JobStatus.RUNNING
I 03-17 22:29:46 utils.py:140] ==================================
I 03-17 22:30:06 utils.py:131] === Checking the job status... ===
I 03-17 22:30:07 utils.py:137] Job status: JobStatus.RUNNING
I 03-17 22:30:07 utils.py:140] ==================================
I 03-17 22:30:27 utils.py:131] === Checking the job status... ===
I 03-17 22:30:28 utils.py:137] Job status: JobStatus.RUNNING
I 03-17 22:30:28 utils.py:140] ==================================
I 03-17 22:30:48 utils.py:131] === Checking the job status... ===
I 03-17 22:30:49 utils.py:137] Job status: JobStatus.RUNNING
I 03-17 22:30:49 utils.py:140] ==================================
I 03-17 22:31:09 utils.py:131] === Checking the job status... ===
I 03-17 22:31:09 utils.py:137] Job status: JobStatus.RUNNING
I 03-17 22:31:09 utils.py:140] ==================================
I 03-17 22:31:29 utils.py:131] === Checking the job status... ===
I 03-17 22:31:30 utils.py:137] Job status: JobStatus.RUNNING
I 03-17 22:31:30 utils.py:140] ==================================
I 03-17 22:31:50 utils.py:131] === Checking the job status... ===
I 03-17 22:31:51 utils.py:137] Job status: JobStatus.RUNNING
I 03-17 22:31:51 utils.py:140] ==================================
I 03-17 22:32:11 utils.py:131] === Checking the job status... ===
I 03-17 22:32:12 utils.py:137] Job status: JobStatus.RUNNING
I 03-17 22:32:12 utils.py:140] ==================================
I 03-17 22:32:32 utils.py:131] === Checking the job status... ===
I 03-17 22:32:32 utils.py:137] Job status: JobStatus.RUNNING
I 03-17 22:32:32 utils.py:140] ==================================
I 03-17 22:32:52 utils.py:131] === Checking the job status... ===
I 03-17 22:32:53 utils.py:137] Job status: JobStatus.RUNNING
I 03-17 22:32:53 utils.py:140] ==================================
I 03-17 22:33:13 utils.py:131] === Checking the job status... ===
I 03-17 22:33:14 utils.py:137] Job status: JobStatus.RUNNING
I 03-17 22:33:14 utils.py:140] ==================================
I 03-17 22:33:34 utils.py:131] === Checking the job status... ===
I 03-17 22:33:35 utils.py:137] Job status: JobStatus.RUNNING
I 03-17 22:33:35 utils.py:140] ==================================
I 03-17 22:33:55 utils.py:131] === Checking the job status... ===
I 03-17 22:33:55 utils.py:137] Job status: JobStatus.RUNNING
I 03-17 22:33:55 utils.py:140] ==================================
I 03-17 22:34:15 utils.py:131] === Checking the job status... ===
I 03-17 22:34:16 utils.py:137] Job status: JobStatus.RUNNING
I 03-17 22:34:16 utils.py:140] ==================================
I 03-17 22:34:36 utils.py:131] === Checking the job status... ===
I 03-17 22:34:37 utils.py:137] Job status: JobStatus.RUNNING
I 03-17 22:34:37 utils.py:140] ==================================
I 03-17 22:34:57 utils.py:131] === Checking the job status... ===
I 03-17 22:34:58 utils.py:137] Job status: JobStatus.RUNNING
I 03-17 22:34:58 utils.py:140] ==================================
I 03-17 22:35:18 utils.py:131] === Checking the job status... ===
I 03-17 22:35:18 utils.py:137] Job status: JobStatus.RUNNING
I 03-17 22:35:18 utils.py:140] ==================================
I 03-17 22:35:38 utils.py:131] === Checking the job status... ===
I 03-17 22:35:39 utils.py:137] Job status: JobStatus.RUNNING
I 03-17 22:35:39 utils.py:140] ==================================
I 03-17 22:35:59 utils.py:131] === Checking the job status... ===
I 03-17 22:36:00 utils.py:137] Job status: JobStatus.RUNNING
I 03-17 22:36:00 utils.py:140] ==================================
I 03-17 22:36:20 utils.py:131] === Checking the job status... ===
I 03-17 22:36:21 utils.py:137] Job status: JobStatus.RUNNING
I 03-17 22:36:21 utils.py:140] ==================================
I 03-17 22:36:41 utils.py:131] === Checking the job status... ===
I 03-17 22:36:41 utils.py:137] Job status: JobStatus.RUNNING
I 03-17 22:36:41 utils.py:140] ==================================
I 03-17 22:37:01 utils.py:131] === Checking the job status... ===
I 03-17 22:37:02 utils.py:137] Job status: JobStatus.RUNNING
I 03-17 22:37:02 utils.py:140] ==================================
I 03-17 22:37:22 utils.py:131] === Checking the job status... ===
I 03-17 22:37:23 utils.py:137] Job status: JobStatus.RUNNING
I 03-17 22:37:23 utils.py:140] ==================================
I 03-17 22:37:43 utils.py:131] === Checking the job status... ===
I 03-17 22:37:44 utils.py:137] Job status: JobStatus.RUNNING
I 03-17 22:37:44 utils.py:140] ==================================
I 03-17 22:38:04 utils.py:131] === Checking the job status... ===
I 03-17 22:38:04 utils.py:137] Job status: JobStatus.RUNNING
I 03-17 22:38:04 utils.py:140] ==================================
I 03-17 22:38:24 utils.py:131] === Checking the job status... ===
I 03-17 22:38:25 utils.py:137] Job status: JobStatus.RUNNING
I 03-17 22:38:25 utils.py:140] ==================================
I 03-17 22:38:45 utils.py:131] === Checking the job status... ===
I 03-17 22:38:46 utils.py:137] Job status: JobStatus.RUNNING
I 03-17 22:38:46 utils.py:140] ==================================
I 03-17 22:39:06 utils.py:131] === Checking the job status... ===
I 03-17 22:39:07 utils.py:137] Job status: JobStatus.RUNNING
I 03-17 22:39:07 utils.py:140] ==================================
I 03-17 22:39:27 utils.py:131] === Checking the job status... ===
I 03-17 22:39:27 utils.py:137] Job status: JobStatus.RUNNING
I 03-17 22:39:27 utils.py:140] ==================================
I 03-17 22:39:47 utils.py:131] === Checking the job status... ===
I 03-17 22:39:48 utils.py:137] Job status: JobStatus.RUNNING
I 03-17 22:39:48 utils.py:140] ==================================
I 03-17 22:40:08 utils.py:131] === Checking the job status... ===
I 03-17 22:40:09 utils.py:137] Job status: JobStatus.RUNNING
I 03-17 22:40:09 utils.py:140] ==================================
I 03-17 22:40:29 utils.py:131] === Checking the job status... ===
I 03-17 22:40:30 utils.py:137] Job status: JobStatus.RUNNING
I 03-17 22:40:30 utils.py:140] ==================================
I 03-17 22:40:50 utils.py:131] === Checking the job status... ===
I 03-17 22:40:50 utils.py:137] Job status: JobStatus.RUNNING
I 03-17 22:40:50 utils.py:140] ==================================
I 03-17 22:41:10 utils.py:131] === Checking the job status... ===
I 03-17 22:41:11 utils.py:137] Job status: JobStatus.RUNNING
I 03-17 22:41:11 utils.py:140] ==================================
I 03-17 22:41:31 utils.py:131] === Checking the job status... ===
I 03-17 22:41:32 utils.py:137] Job status: JobStatus.RUNNING
I 03-17 22:41:32 utils.py:140] ==================================
I 03-17 22:41:52 utils.py:131] === Checking the job status... ===
I 03-17 22:41:53 utils.py:137] Job status: JobStatus.RUNNING
I 03-17 22:41:53 utils.py:140] ==================================
I 03-17 22:42:13 utils.py:131] === Checking the job status... ===
I 03-17 22:42:13 utils.py:137] Job status: JobStatus.RUNNING
I 03-17 22:42:13 utils.py:140] ==================================
I 03-17 22:42:33 utils.py:131] === Checking the job status... ===
I 03-17 22:42:34 utils.py:137] Job status: JobStatus.RUNNING
I 03-17 22:42:34 utils.py:140] ==================================
I 03-17 22:42:54 utils.py:131] === Checking the job status... ===
I 03-17 22:42:55 utils.py:137] Job status: JobStatus.RUNNING
I 03-17 22:42:55 utils.py:140] ==================================
I 03-17 22:43:15 utils.py:131] === Checking the job status... ===
I 03-17 22:43:15 utils.py:137] Job status: JobStatus.RUNNING
I 03-17 22:43:15 utils.py:140] ==================================
I 03-17 22:43:36 utils.py:131] === Checking the job status... ===
I 03-17 22:43:36 utils.py:137] Job status: JobStatus.RUNNING
I 03-17 22:43:36 utils.py:140] ==================================
I 03-17 22:43:56 utils.py:131] === Checking the job status... ===
I 03-17 22:43:57 utils.py:137] Job status: JobStatus.RUNNING
I 03-17 22:43:57 utils.py:140] ==================================
I 03-17 22:44:17 utils.py:131] === Checking the job status... ===
I 03-17 22:44:18 utils.py:137] Job status: JobStatus.RUNNING
I 03-17 22:44:18 utils.py:140] ==================================
I 03-17 22:44:38 utils.py:131] === Checking the job status... ===
I 03-17 22:44:39 utils.py:137] Job status: JobStatus.RUNNING
I 03-17 22:44:39 utils.py:140] ==================================
I 03-17 22:44:59 utils.py:131] === Checking the job status... ===
I 03-17 22:44:59 utils.py:137] Job status: JobStatus.RUNNING
I 03-17 22:44:59 utils.py:140] ==================================
I 03-17 22:45:19 utils.py:131] === Checking the job status... ===
I 03-17 22:45:20 utils.py:137] Job status: JobStatus.RUNNING
I 03-17 22:45:20 utils.py:140] ==================================
I 03-17 22:45:40 utils.py:131] === Checking the job status... ===
I 03-17 22:45:41 utils.py:137] Job status: JobStatus.RUNNING
I 03-17 22:45:41 utils.py:140] ==================================
I 03-17 22:46:01 utils.py:131] === Checking the job status... ===
I 03-17 22:46:02 utils.py:137] Job status: JobStatus.RUNNING
I 03-17 22:46:02 utils.py:140] ==================================
I 03-17 22:46:22 utils.py:131] === Checking the job status... ===
I 03-17 22:46:22 utils.py:137] Job status: JobStatus.RUNNING
I 03-17 22:46:22 utils.py:140] ==================================
I 03-17 22:46:43 utils.py:131] === Checking the job status... ===
I 03-17 22:46:43 utils.py:137] Job status: JobStatus.RUNNING
I 03-17 22:46:43 utils.py:140] ==================================
I 03-17 22:47:03 utils.py:131] === Checking the job status... ===
I 03-17 22:47:04 utils.py:137] Job status: JobStatus.RUNNING
I 03-17 22:47:04 utils.py:140] ==================================
I 03-17 22:47:24 utils.py:131] === Checking the job status... ===
I 03-17 22:47:25 utils.py:137] Job status: JobStatus.RUNNING
I 03-17 22:47:25 utils.py:140] ==================================
I 03-17 22:47:45 utils.py:131] === Checking the job status... ===
I 03-17 22:47:46 utils.py:137] Job status: JobStatus.RUNNING
I 03-17 22:47:46 utils.py:140] ==================================
I 03-17 22:48:06 utils.py:131] === Checking the job status... ===
I 03-17 22:48:06 utils.py:137] Job status: JobStatus.RUNNING
I 03-17 22:48:06 utils.py:140] ==================================
I 03-17 22:48:26 utils.py:131] === Checking the job status... ===
I 03-17 22:48:27 utils.py:137] Job status: JobStatus.RUNNING
I 03-17 22:48:27 utils.py:140] ==================================
I 03-17 22:48:47 utils.py:131] === Checking the job status... ===
I 03-17 22:48:48 utils.py:137] Job status: JobStatus.RUNNING
I 03-17 22:48:48 utils.py:140] ==================================
I 03-17 22:49:08 utils.py:131] === Checking the job status... ===
I 03-17 22:49:09 utils.py:137] Job status: JobStatus.RUNNING
I 03-17 22:49:09 utils.py:140] ==================================
I 03-17 22:49:29 utils.py:131] === Checking the job status... ===
I 03-17 22:49:29 utils.py:137] Job status: JobStatus.RUNNING
I 03-17 22:49:29 utils.py:140] ==================================
I 03-17 22:49:49 utils.py:131] === Checking the job status... ===
I 03-17 22:49:50 utils.py:137] Job status: JobStatus.RUNNING
I 03-17 22:49:50 utils.py:140] ==================================
I 03-17 22:50:10 utils.py:131] === Checking the job status... ===
I 03-17 22:50:11 utils.py:137] Job status: JobStatus.RUNNING
I 03-17 22:50:11 utils.py:140] ==================================
I 03-17 22:50:31 utils.py:131] === Checking the job status... ===
I 03-17 22:50:32 utils.py:137] Job status: JobStatus.RUNNING
I 03-17 22:50:32 utils.py:140] ==================================
I 03-17 22:50:52 utils.py:131] === Checking the job status... ===
I 03-17 22:50:52 utils.py:137] Job status: JobStatus.RUNNING
I 03-17 22:50:52 utils.py:140] ==================================
I 03-17 22:51:12 utils.py:131] === Checking the job status... ===
I 03-17 22:51:13 utils.py:137] Job status: JobStatus.RUNNING
I 03-17 22:51:13 utils.py:140] ==================================
I 03-17 22:51:33 utils.py:131] === Checking the job status... ===
I 03-17 22:51:34 utils.py:137] Job status: JobStatus.RUNNING
I 03-17 22:51:34 utils.py:140] ==================================
I 03-17 22:51:54 utils.py:131] === Checking the job status... ===
I 03-17 22:51:55 utils.py:137] Job status: JobStatus.RUNNING
I 03-17 22:51:55 utils.py:140] ==================================
I 03-17 22:52:15 utils.py:131] === Checking the job status... ===
I 03-17 22:52:15 utils.py:137] Job status: JobStatus.RUNNING
I 03-17 22:52:15 utils.py:140] ==================================
I 03-17 22:52:36 utils.py:131] === Checking the job status... ===
I 03-17 22:52:36 utils.py:137] Job status: JobStatus.RUNNING
I 03-17 22:52:36 utils.py:140] ==================================
I 03-17 22:52:56 utils.py:131] === Checking the job status... ===
I 03-17 22:52:57 utils.py:137] Job status: JobStatus.RUNNING
I 03-17 22:52:57 utils.py:140] ==================================
I 03-17 22:53:17 utils.py:131] === Checking the job status... ===
I 03-17 22:53:18 utils.py:137] Job status: JobStatus.RUNNING
I 03-17 22:53:18 utils.py:140] ==================================
I 03-17 22:53:38 utils.py:131] === Checking the job status... ===
I 03-17 22:53:38 utils.py:137] Job status: JobStatus.RUNNING
I 03-17 22:53:38 utils.py:140] ==================================
I 03-17 22:53:58 utils.py:131] === Checking the job status... ===
I 03-17 22:53:59 utils.py:137] Job status: JobStatus.RUNNING
I 03-17 22:53:59 utils.py:140] ==================================
I 03-17 22:54:19 utils.py:131] === Checking the job status... ===
I 03-17 22:54:20 utils.py:137] Job status: JobStatus.RUNNING
I 03-17 22:54:20 utils.py:140] ==================================
I 03-17 22:54:40 utils.py:131] === Checking the job status... ===
I 03-17 22:54:41 utils.py:137] Job status: JobStatus.RUNNING
I 03-17 22:54:41 utils.py:140] ==================================
I 03-17 22:55:01 utils.py:131] === Checking the job status... ===
I 03-17 22:55:01 utils.py:137] Job status: JobStatus.RUNNING
I 03-17 22:55:01 utils.py:140] ==================================
I 03-17 22:55:21 utils.py:131] === Checking the job status... ===
I 03-17 22:55:22 utils.py:137] Job status: JobStatus.RUNNING
I 03-17 22:55:22 utils.py:140] ==================================
I 03-17 22:55:42 utils.py:131] === Checking the job status... ===
I 03-17 22:55:43 utils.py:137] Job status: JobStatus.RUNNING
I 03-17 22:55:43 utils.py:140] ==================================
I 03-17 22:56:03 utils.py:131] === Checking the job status... ===
I 03-17 22:56:04 utils.py:137] Job status: JobStatus.RUNNING
I 03-17 22:56:04 utils.py:140] ==================================
I 03-17 22:56:24 utils.py:131] === Checking the job status... ===
I 03-17 22:56:24 utils.py:137] Job status: JobStatus.RUNNING
I 03-17 22:56:24 utils.py:140] ==================================
I 03-17 22:56:45 utils.py:131] === Checking the job status... ===
I 03-17 22:56:45 utils.py:137] Job status: JobStatus.RUNNING
I 03-17 22:56:45 utils.py:140] ==================================
I 03-17 22:57:05 utils.py:131] === Checking the job status... ===
I 03-17 22:57:06 utils.py:137] Job status: JobStatus.RUNNING
I 03-17 22:57:06 utils.py:140] ==================================
I 03-17 22:57:26 utils.py:131] === Checking the job status... ===
I 03-17 22:57:27 utils.py:137] Job status: JobStatus.RUNNING
I 03-17 22:57:27 utils.py:140] ==================================
I 03-17 22:57:47 utils.py:131] === Checking the job status... ===
I 03-17 22:57:48 utils.py:137] Job status: JobStatus.RUNNING
I 03-17 22:57:48 utils.py:140] ==================================
I 03-17 22:58:08 utils.py:131] === Checking the job status... ===
I 03-17 22:58:08 utils.py:137] Job status: JobStatus.RUNNING
I 03-17 22:58:08 utils.py:140] ==================================
I 03-17 22:58:28 utils.py:131] === Checking the job status... ===
I 03-17 22:58:29 utils.py:137] Job status: JobStatus.RUNNING
I 03-17 22:58:29 utils.py:140] ==================================
I 03-17 22:58:49 utils.py:131] === Checking the job status... ===
I 03-17 22:58:50 utils.py:137] Job status: JobStatus.RUNNING
I 03-17 22:58:50 utils.py:140] ==================================
I 03-17 22:59:10 utils.py:131] === Checking the job status... ===
I 03-17 22:59:11 utils.py:137] Job status: JobStatus.RUNNING
I 03-17 22:59:11 utils.py:140] ==================================
I 03-17 22:59:31 utils.py:131] === Checking the job status... ===
I 03-17 22:59:31 utils.py:137] Job status: JobStatus.RUNNING
I 03-17 22:59:31 utils.py:140] ==================================
I 03-17 22:59:52 utils.py:131] === Checking the job status... ===
I 03-17 22:59:52 utils.py:137] Job status: JobStatus.RUNNING
I 03-17 22:59:52 utils.py:140] ==================================
I 03-17 23:00:12 utils.py:131] === Checking the job status... ===
I 03-17 23:00:13 utils.py:137] Job status: JobStatus.RUNNING
I 03-17 23:00:13 utils.py:140] ==================================
I 03-17 23:00:33 utils.py:131] === Checking the job status... ===
I 03-17 23:00:34 utils.py:137] Job status: JobStatus.RUNNING
I 03-17 23:00:34 utils.py:140] ==================================
I 03-17 23:00:54 utils.py:131] === Checking the job status... ===
I 03-17 23:00:55 utils.py:137] Job status: JobStatus.RUNNING
I 03-17 23:00:55 utils.py:140] ==================================
I 03-17 23:01:15 utils.py:131] === Checking the job status... ===
I 03-17 23:01:15 utils.py:137] Job status: JobStatus.RUNNING
I 03-17 23:01:15 utils.py:140] ==================================
I 03-17 23:01:35 utils.py:131] === Checking the job status... ===
I 03-17 23:01:36 utils.py:137] Job status: JobStatus.RUNNING
I 03-17 23:01:36 utils.py:140] ==================================
I 03-17 23:01:56 utils.py:131] === Checking the job status... ===
I 03-17 23:01:57 utils.py:137] Job status: JobStatus.RUNNING
I 03-17 23:01:57 utils.py:140] ==================================
I 03-17 23:02:17 utils.py:131] === Checking the job status... ===
I 03-17 23:02:17 utils.py:137] Job status: JobStatus.RUNNING
I 03-17 23:02:17 utils.py:140] ==================================
I 03-17 23:02:38 utils.py:131] === Checking the job status... ===
I 03-17 23:02:38 utils.py:137] Job status: JobStatus.RUNNING
I 03-17 23:02:38 utils.py:140] ==================================
I 03-17 23:02:58 utils.py:131] === Checking the job status... ===
I 03-17 23:02:59 utils.py:137] Job status: JobStatus.RUNNING
I 03-17 23:02:59 utils.py:140] ==================================
I 03-17 23:03:19 utils.py:131] === Checking the job status... ===
I 03-17 23:03:20 utils.py:137] Job status: JobStatus.RUNNING
I 03-17 23:03:20 utils.py:140] ==================================
I 03-17 23:03:40 utils.py:131] === Checking the job status... ===
I 03-17 23:03:40 utils.py:137] Job status: JobStatus.RUNNING
I 03-17 23:03:40 utils.py:140] ==================================
I 03-17 23:04:01 utils.py:131] === Checking the job status... ===
I 03-17 23:04:01 utils.py:137] Job status: JobStatus.RUNNING
I 03-17 23:04:01 utils.py:140] ==================================
I 03-17 23:04:21 utils.py:131] === Checking the job status... ===
I 03-17 23:04:22 utils.py:137] Job status: JobStatus.RUNNING
I 03-17 23:04:22 utils.py:140] ==================================
I 03-17 23:04:42 utils.py:131] === Checking the job status... ===
I 03-17 23:04:43 utils.py:137] Job status: JobStatus.RUNNING
I 03-17 23:04:43 utils.py:140] ==================================
I 03-17 23:05:03 utils.py:131] === Checking the job status... ===
I 03-17 23:05:04 utils.py:137] Job status: JobStatus.RUNNING
I 03-17 23:05:04 utils.py:140] ==================================
I 03-17 23:05:24 utils.py:131] === Checking the job status... ===
I 03-17 23:05:24 utils.py:137] Job status: JobStatus.RUNNING
I 03-17 23:05:24 utils.py:140] ==================================
I 03-17 23:05:45 utils.py:131] === Checking the job status... ===
I 03-17 23:05:45 utils.py:137] Job status: JobStatus.RUNNING
I 03-17 23:05:45 utils.py:140] ==================================
I 03-17 23:06:05 utils.py:131] === Checking the job status... ===
I 03-17 23:06:06 utils.py:137] Job status: JobStatus.RUNNING
I 03-17 23:06:06 utils.py:140] ==================================
I 03-17 23:06:26 utils.py:131] === Checking the job status... ===
I 03-17 23:06:27 utils.py:137] Job status: JobStatus.RUNNING
I 03-17 23:06:27 utils.py:140] ==================================
I 03-17 23:06:47 utils.py:131] === Checking the job status... ===
I 03-17 23:06:47 utils.py:137] Job status: JobStatus.RUNNING
I 03-17 23:06:47 utils.py:140] ==================================
I 03-17 23:07:08 utils.py:131] === Checking the job status... ===
I 03-17 23:07:08 utils.py:137] Job status: JobStatus.RUNNING
I 03-17 23:07:08 utils.py:140] ==================================
I 03-17 23:07:28 utils.py:131] === Checking the job status... ===
I 03-17 23:07:29 utils.py:137] Job status: JobStatus.RUNNING
I 03-17 23:07:29 utils.py:140] ==================================
I 03-17 23:07:49 utils.py:131] === Checking the job status... ===
I 03-17 23:07:50 utils.py:137] Job status: JobStatus.RUNNING
I 03-17 23:07:50 utils.py:140] ==================================
I 03-17 23:08:10 utils.py:131] === Checking the job status... ===
I 03-17 23:08:11 utils.py:137] Job status: JobStatus.RUNNING
I 03-17 23:08:11 utils.py:140] ==================================
I 03-17 23:08:31 utils.py:131] === Checking the job status... ===
I 03-17 23:08:31 utils.py:137] Job status: JobStatus.RUNNING
I 03-17 23:08:31 utils.py:140] ==================================
I 03-17 23:08:51 utils.py:131] === Checking the job status... ===
I 03-17 23:08:52 utils.py:137] Job status: JobStatus.RUNNING
I 03-17 23:08:52 utils.py:140] ==================================
I 03-17 23:09:12 utils.py:131] === Checking the job status... ===
I 03-17 23:09:13 utils.py:137] Job status: JobStatus.RUNNING
I 03-17 23:09:13 utils.py:140] ==================================
I 03-17 23:09:33 utils.py:131] === Checking the job status... ===
I 03-17 23:09:34 utils.py:137] Job status: JobStatus.RUNNING
I 03-17 23:09:34 utils.py:140] ==================================
I 03-17 23:09:54 utils.py:131] === Checking the job status... ===
I 03-17 23:09:54 utils.py:137] Job status: JobStatus.RUNNING
I 03-17 23:09:54 utils.py:140] ==================================
I 03-17 23:10:14 utils.py:131] === Checking the job status... ===
I 03-17 23:10:15 utils.py:137] Job status: JobStatus.RUNNING
I 03-17 23:10:15 utils.py:140] ==================================
I 03-17 23:10:35 utils.py:131] === Checking the job status... ===
I 03-17 23:10:36 utils.py:137] Job status: JobStatus.RUNNING
I 03-17 23:10:36 utils.py:140] ==================================
I 03-17 23:10:56 utils.py:131] === Checking the job status... ===
I 03-17 23:10:57 utils.py:137] Job status: JobStatus.RUNNING
I 03-17 23:10:57 utils.py:140] ==================================
I 03-17 23:11:17 utils.py:131] === Checking the job status... ===
I 03-17 23:11:17 utils.py:137] Job status: JobStatus.RUNNING
I 03-17 23:11:17 utils.py:140] ==================================
I 03-17 23:11:37 utils.py:131] === Checking the job status... ===
I 03-17 23:11:38 utils.py:137] Job status: JobStatus.RUNNING
I 03-17 23:11:38 utils.py:140] ==================================
I 03-17 23:11:58 utils.py:131] === Checking the job status... ===
I 03-17 23:11:59 utils.py:137] Job status: JobStatus.RUNNING
I 03-17 23:11:59 utils.py:140] ==================================
I 03-17 23:12:19 utils.py:131] === Checking the job status... ===
I 03-17 23:12:20 utils.py:137] Job status: JobStatus.RUNNING
I 03-17 23:12:20 utils.py:140] ==================================
I 03-17 23:12:40 utils.py:131] === Checking the job status... ===
I 03-17 23:12:40 utils.py:137] Job status: JobStatus.RUNNING
I 03-17 23:12:40 utils.py:140] ==================================
I 03-17 23:13:01 utils.py:131] === Checking the job status... ===
I 03-17 23:13:01 utils.py:137] Job status: JobStatus.RUNNING
I 03-17 23:13:01 utils.py:140] ==================================
I 03-17 23:13:21 utils.py:131] === Checking the job status... ===
I 03-17 23:13:22 utils.py:137] Job status: JobStatus.RUNNING
I 03-17 23:13:22 utils.py:140] ==================================
I 03-17 23:13:42 utils.py:131] === Checking the job status... ===
I 03-17 23:13:43 utils.py:137] Job status: JobStatus.RUNNING
I 03-17 23:13:43 utils.py:140] ==================================
I 03-17 23:14:03 utils.py:131] === Checking the job status... ===
I 03-17 23:14:03 utils.py:137] Job status: JobStatus.RUNNING
I 03-17 23:14:03 utils.py:140] ==================================
I 03-17 23:14:23 utils.py:131] === Checking the job status... ===
I 03-17 23:14:24 utils.py:137] Job status: JobStatus.RUNNING
I 03-17 23:14:24 utils.py:140] ==================================
I 03-17 23:14:44 utils.py:131] === Checking the job status... ===
I 03-17 23:14:45 utils.py:137] Job status: JobStatus.RUNNING
I 03-17 23:14:45 utils.py:140] ==================================
I 03-17 23:15:05 utils.py:131] === Checking the job status... ===
I 03-17 23:15:06 utils.py:137] Job status: JobStatus.RUNNING
I 03-17 23:15:06 utils.py:140] ==================================
I 03-17 23:15:26 utils.py:131] === Checking the job status... ===
I 03-17 23:15:26 utils.py:137] Job status: JobStatus.RUNNING
I 03-17 23:15:26 utils.py:140] ==================================
I 03-17 23:15:46 utils.py:131] === Checking the job status... ===
I 03-17 23:15:47 utils.py:137] Job status: JobStatus.RUNNING
I 03-17 23:15:47 utils.py:140] ==================================
I 03-17 23:16:07 utils.py:131] === Checking the job status... ===
I 03-17 23:16:08 utils.py:137] Job status: JobStatus.RUNNING
I 03-17 23:16:08 utils.py:140] ==================================
I 03-17 23:16:28 utils.py:131] === Checking the job status... ===
I 03-17 23:16:29 utils.py:137] Job status: JobStatus.RUNNING
I 03-17 23:16:29 utils.py:140] ==================================
I 03-17 23:16:49 utils.py:131] === Checking the job status... ===
I 03-17 23:16:49 utils.py:137] Job status: JobStatus.RUNNING
I 03-17 23:16:49 utils.py:140] ==================================
I 03-17 23:17:10 utils.py:131] === Checking the job status... ===
I 03-17 23:17:10 utils.py:137] Job status: JobStatus.RUNNING
I 03-17 23:17:10 utils.py:140] ==================================
I 03-17 23:17:30 utils.py:131] === Checking the job status... ===
I 03-17 23:17:31 utils.py:137] Job status: JobStatus.RUNNING
I 03-17 23:17:31 utils.py:140] ==================================
I 03-17 23:17:51 utils.py:131] === Checking the job status... ===
I 03-17 23:17:52 utils.py:137] Job status: JobStatus.RUNNING
I 03-17 23:17:52 utils.py:140] ==================================
I 03-17 23:18:12 utils.py:131] === Checking the job status... ===
I 03-17 23:18:13 utils.py:137] Job status: JobStatus.RUNNING
I 03-17 23:18:13 utils.py:140] ==================================
I 03-17 23:18:33 utils.py:131] === Checking the job status... ===
I 03-17 23:18:33 utils.py:137] Job status: JobStatus.RUNNING
I 03-17 23:18:33 utils.py:140] ==================================
I 03-17 23:18:53 utils.py:131] === Checking the job status... ===
I 03-17 23:18:54 utils.py:137] Job status: JobStatus.RUNNING
I 03-17 23:18:54 utils.py:140] ==================================
I 03-17 23:19:14 utils.py:131] === Checking the job status... ===
I 03-17 23:19:15 utils.py:137] Job status: JobStatus.RUNNING
I 03-17 23:19:15 utils.py:140] ==================================
I 03-17 23:19:35 utils.py:131] === Checking the job status... ===
I 03-17 23:19:35 utils.py:137] Job status: JobStatus.RUNNING
I 03-17 23:19:35 utils.py:140] ==================================
I 03-17 23:19:56 utils.py:131] === Checking the job status... ===
I 03-17 23:19:56 utils.py:137] Job status: JobStatus.RUNNING
I 03-17 23:19:56 utils.py:140] ==================================
I 03-17 23:20:16 utils.py:131] === Checking the job status... ===
I 03-17 23:20:17 utils.py:137] Job status: JobStatus.RUNNING
I 03-17 23:20:17 utils.py:140] ==================================
I 03-17 23:20:37 utils.py:131] === Checking the job status... ===
I 03-17 23:20:38 utils.py:137] Job status: JobStatus.RUNNING
I 03-17 23:20:38 utils.py:140] ==================================
I 03-17 23:20:58 utils.py:131] === Checking the job status... ===
I 03-17 23:20:59 utils.py:137] Job status: JobStatus.RUNNING
I 03-17 23:20:59 utils.py:140] ==================================
I 03-17 23:21:19 utils.py:131] === Checking the job status... ===
I 03-17 23:21:19 utils.py:137] Job status: JobStatus.RUNNING
I 03-17 23:21:19 utils.py:140] ==================================
I 03-17 23:21:39 utils.py:131] === Checking the job status... ===
I 03-17 23:21:40 utils.py:137] Job status: JobStatus.RUNNING
I 03-17 23:21:40 utils.py:140] ==================================
I 03-17 23:22:00 utils.py:131] === Checking the job status... ===
I 03-17 23:22:01 utils.py:137] Job status: JobStatus.RUNNING
I 03-17 23:22:01 utils.py:140] ==================================
I 03-17 23:22:21 utils.py:131] === Checking the job status... ===
I 03-17 23:22:22 utils.py:137] Job status: JobStatus.RUNNING
I 03-17 23:22:22 utils.py:140] ==================================
I 03-17 23:22:42 utils.py:131] === Checking the job status... ===
I 03-17 23:22:42 utils.py:137] Job status: JobStatus.RUNNING
I 03-17 23:22:42 utils.py:140] ==================================
I 03-17 23:23:03 utils.py:131] === Checking the job status... ===
I 03-17 23:23:03 utils.py:137] Job status: JobStatus.RUNNING
I 03-17 23:23:03 utils.py:140] ==================================
I 03-17 23:23:23 utils.py:131] === Checking the job status... ===
I 03-17 23:23:24 utils.py:137] Job status: JobStatus.RUNNING
I 03-17 23:23:24 utils.py:140] ==================================
I 03-17 23:23:44 utils.py:131] === Checking the job status... ===
I 03-17 23:23:45 utils.py:137] Job status: JobStatus.RUNNING
I 03-17 23:23:45 utils.py:140] ==================================
I 03-17 23:24:05 utils.py:131] === Checking the job status... ===
I 03-17 23:24:06 utils.py:137] Job status: JobStatus.RUNNING
I 03-17 23:24:06 utils.py:140] ==================================
I 03-17 23:24:26 utils.py:131] === Checking the job status... ===
I 03-17 23:24:26 utils.py:137] Job status: JobStatus.RUNNING
I 03-17 23:24:26 utils.py:140] ==================================
I 03-17 23:24:46 utils.py:131] === Checking the job status... ===
I 03-17 23:24:47 utils.py:137] Job status: JobStatus.RUNNING
I 03-17 23:24:47 utils.py:140] ==================================
I 03-17 23:25:07 utils.py:131] === Checking the job status... ===
I 03-17 23:25:08 utils.py:137] Job status: JobStatus.RUNNING
I 03-17 23:25:08 utils.py:140] ==================================
I 03-17 23:25:28 utils.py:131] === Checking the job status... ===
I 03-17 23:25:29 utils.py:137] Job status: JobStatus.SUCCEEDED
I 03-17 23:25:29 utils.py:140] ==================================
I 03-17 23:25:29 state.py:561] Job succeeded.
I 03-17 23:25:29 controller.py:238] Managed job 136 (task: 0) SUCCEEDED. Cleaning up the cluster compute-text-vectors-136.
E 03-17 23:25:30 controller_utils.py:376] Failed to find the logs for the user program at ~/sky_logs/managed_jobs/sky-2025-03-17-21-18-12-268922/run.log.
I 03-17 23:25:30 controller.py:117] 
I 03-17 23:25:30 controller.py:117] == End of logs (ID: 136) ==
I 03-17 23:25:36 state.py:656] Cancellation skipped, job is already terminal
I 03-17 23:25:36 state.py:677] Cancellation skipped, job is not CANCELLING
I 03-17 23:25:38 controller.py:552] Killing controller process 49839.
I 03-17 23:25:38 controller.py:560] Controller process 49839 killed.
I 03-17 23:25:38 controller.py:562] Cleaning up any cluster for job 136.
I 03-17 23:25:38 storage.py:699] Verifying bucket for storage skypilot-filemounts-root-726f1974-em1fy5f9
<sky-payload>"<rich_init>[bold cyan]Deleting S3 bucket [green]skypilot-filemounts-root-726f1974-em1fy5f9[/][/]</rich_init>"</sky-payload>
<sky-payload>"<rich_update>[bold cyan]Deleting S3 bucket [green]skypilot-filemounts-root-726f1974-em1fy5f9[/][/]</rich_update>"</sky-payload>
<sky-payload>"<rich_start>[bold cyan]Deleting S3 bucket [green]skypilot-filemounts-root-726f1974-em1fy5f9[/][/]</rich_start>"</sky-payload>
<sky-payload>"<rich_exit></rich_exit>"</sky-payload>
I 03-17 23:25:40 storage.py:1505] [32mDeleted S3 bucket skypilot-filemounts-root-726f1974-em1fy5f9.[0m
I 03-17 23:25:40 controller.py:571] Cluster of managed job 136 has been cleaned up.
