I 03-17 21:18:12 controller.py:59] DAG:
I 03-17 21:18:12 controller.py:59] [Task<name=compute-text-vectors>(run='# Initialize and dow...')
I 03-17 21:18:12 controller.py:59]   resources: {AWS([Spot], cpus=4, {'L4': 1}), AWS(cpus=4, {'L4': 1})}]
I 03-17 21:18:12 controller.py:195] Submitted managed job 137 (task: 0, name: 'compute-text-vectors'); SKYPILOT_TASK_ID: sky-managed-2025-03-17-21-18-12-819042_compute-text-vectors_137-0
I 03-17 21:18:12 controller.py:199] Started monitoring.
I 03-17 21:18:12 state.py:451] Launching the spot cluster...
I 03-17 21:18:13 storage.py:1058] Storage type StoreType.S3 already exists.
<sky-payload>"<rich_init>[bold cyan]Optimizing[/]</rich_init>"</sky-payload>
<sky-payload>"<rich_update>[bold cyan]Optimizing[/]</rich_update>"</sky-payload>
<sky-payload>"<rich_start>[bold cyan]Optimizing[/]</rich_start>"</sky-payload>
I 03-17 21:18:14 optimizer.py:736] [1mTarget:[0m minimizing cost
I 03-17 21:18:14 optimizer.py:749] [1mEstimated cost: [0m$0.2 / hour
I 03-17 21:18:14 optimizer.py:749] 
I 03-17 21:18:14 optimizer.py:884] Considered resources (1 node):
I 03-17 21:18:14 optimizer.py:952] ----------------------------------------------------------------------------------------------
I 03-17 21:18:14 optimizer.py:952]  CLOUD   INSTANCE          vCPUs   Mem(GB)   ACCELERATORS   REGION/ZONE   COST ($)   CHOSEN   
I 03-17 21:18:14 optimizer.py:952] ----------------------------------------------------------------------------------------------
I 03-17 21:18:14 optimizer.py:952]  AWS     g6.xlarge[Spot]   4       16        L4:1           ap-south-1b   0.22       [32m   ✔[0m     
I 03-17 21:18:14 optimizer.py:952]  AWS     g6.xlarge         4       16        L4:1           us-east-1     0.80                
I 03-17 21:18:14 optimizer.py:952] ----------------------------------------------------------------------------------------------
<sky-payload>"<rich_exit></rich_exit>"</sky-payload>
<sky-payload>"<rich_init>[bold cyan]Launching[/]</rich_init>"</sky-payload>
<sky-payload>"<rich_update>[bold cyan]Launching[/]</rich_update>"</sky-payload>
<sky-payload>"<rich_start>[bold cyan]Launching[/]</rich_start>"</sky-payload>
<sky-payload>"<rich_update>[bold cyan]Launching[/]  \u001b[2mView logs: sky api logs -l sky-2025-03-17-21-18-13-439585/provision.log\u001b[0m</rich_update>"</sky-payload>
<sky-payload>"<rich_update>[bold cyan]Launching[/]  \u001b[2mView logs: sky api logs -l sky-2025-03-17-21-18-13-439585/provision.log\u001b[0m</rich_update>"</sky-payload>
I 03-17 21:18:14 cloud_vm_ray_backend.py:1520] [0m⚙︎ Launching on AWS ap-south-1[0m (ap-south-1b).
W 03-17 21:28:01 cloud_vm_ray_backend.py:2061] sky.exceptions.ResourcesUnavailableError: Failed to acquire resources in ap-south-1b for {AWS(cpus=4, {'L4': 1}), AWS([Spot], cpus=4, {'L4': 1})}. 
W 03-17 21:28:01 cloud_vm_ray_backend.py:2097] 
W 03-17 21:28:01 cloud_vm_ray_backend.py:2097] [0m[33m↺[0m Trying other potential resources.
<sky-payload>"<rich_update>[bold cyan]Looking for resources[/]  \u001b[2mView logs: sky api logs -l sky-2025-03-17-21-18-13-439585/provision.log\u001b[0m</rich_update>"</sky-payload>
<sky-payload>"<rich_update>[bold cyan]Optimizing[/]</rich_update>"</sky-payload>
<sky-payload>"<rich_start>[bold cyan]Launching[/]</rich_start>"</sky-payload>
I 03-17 21:28:01 optimizer.py:736] [1mTarget:[0m minimizing cost
I 03-17 21:28:01 optimizer.py:749] [1mEstimated cost: [0m$0.2 / hour
I 03-17 21:28:01 optimizer.py:749] 
I 03-17 21:28:01 optimizer.py:884] Considered resources (1 node):
I 03-17 21:28:01 optimizer.py:952] ----------------------------------------------------------------------------------------------
I 03-17 21:28:01 optimizer.py:952]  CLOUD   INSTANCE          vCPUs   Mem(GB)   ACCELERATORS   REGION/ZONE   COST ($)   CHOSEN   
I 03-17 21:28:01 optimizer.py:952] ----------------------------------------------------------------------------------------------
I 03-17 21:28:01 optimizer.py:952]  AWS     g6.xlarge[Spot]   4       16        L4:1           ap-south-1a   0.25       [32m   ✔[0m     
I 03-17 21:28:01 optimizer.py:952]  AWS     g6.xlarge         4       16        L4:1           us-east-1     0.80                
I 03-17 21:28:01 optimizer.py:952] ----------------------------------------------------------------------------------------------
<sky-payload>"<rich_update>[bold cyan]Looking for resources[/]  \u001b[2mView logs: sky api logs -l sky-2025-03-17-21-18-13-439585/provision.log\u001b[0m</rich_update>"</sky-payload>
<sky-payload>"<rich_update>[bold cyan]Launching[/]  \u001b[2mView logs: sky api logs -l sky-2025-03-17-21-18-13-439585/provision.log\u001b[0m</rich_update>"</sky-payload>
I 03-17 21:28:01 cloud_vm_ray_backend.py:1520] [0m⚙︎ Launching on AWS ap-south-1[0m (ap-south-1a).
W 03-17 21:35:39 cloud_vm_ray_backend.py:2061] sky.exceptions.ResourcesUnavailableError: Failed to acquire resources in ap-south-1a for {AWS(cpus=4, {'L4': 1}), AWS([Spot], cpus=4, {'L4': 1})}. 
W 03-17 21:35:39 cloud_vm_ray_backend.py:2097] 
W 03-17 21:35:39 cloud_vm_ray_backend.py:2097] [0m[33m↺[0m Trying other potential resources.
<sky-payload>"<rich_update>[bold cyan]Looking for resources[/]  \u001b[2mView logs: sky api logs -l sky-2025-03-17-21-18-13-439585/provision.log\u001b[0m</rich_update>"</sky-payload>
<sky-payload>"<rich_update>[bold cyan]Optimizing[/]</rich_update>"</sky-payload>
<sky-payload>"<rich_start>[bold cyan]Launching[/]</rich_start>"</sky-payload>
I 03-17 21:35:39 optimizer.py:736] [1mTarget:[0m minimizing cost
I 03-17 21:35:39 optimizer.py:749] [1mEstimated cost: [0m$0.3 / hour
I 03-17 21:35:39 optimizer.py:749] 
I 03-17 21:35:39 optimizer.py:884] Considered resources (1 node):
I 03-17 21:35:39 optimizer.py:952] --------------------------------------------------------------------------------------------------
I 03-17 21:35:39 optimizer.py:952]  CLOUD   INSTANCE          vCPUs   Mem(GB)   ACCELERATORS   REGION/ZONE       COST ($)   CHOSEN   
I 03-17 21:35:39 optimizer.py:952] --------------------------------------------------------------------------------------------------
I 03-17 21:35:39 optimizer.py:952]  AWS     g6.xlarge[Spot]   4       16        L4:1           ap-northeast-2d   0.25       [32m   ✔[0m     
I 03-17 21:35:39 optimizer.py:952]  AWS     g6.xlarge         4       16        L4:1           us-east-1         0.80                
I 03-17 21:35:39 optimizer.py:952] --------------------------------------------------------------------------------------------------
<sky-payload>"<rich_update>[bold cyan]Looking for resources[/]  \u001b[2mView logs: sky api logs -l sky-2025-03-17-21-18-13-439585/provision.log\u001b[0m</rich_update>"</sky-payload>
<sky-payload>"<rich_update>[bold cyan]Launching[/]  \u001b[2mView logs: sky api logs -l sky-2025-03-17-21-18-13-439585/provision.log\u001b[0m</rich_update>"</sky-payload>
I 03-17 21:35:39 cloud_vm_ray_backend.py:1520] [0m⚙︎ Launching on AWS ap-northeast-2[0m (ap-northeast-2d).
[2mW 03-17 21:36:56 instance.py:243] create_instances: Attempt failed with An error occurred (InsufficientInstanceCapacity) when calling the RunInstances operation (reached max retries: 0): There is no Spot capacity available that matches your request.[0m
W 03-17 21:36:57 cloud_vm_ray_backend.py:2061] sky.exceptions.ResourcesUnavailableError: Failed to acquire resources in ap-northeast-2d for {AWS(cpus=4, {'L4': 1}), AWS([Spot], cpus=4, {'L4': 1})}. 
W 03-17 21:36:57 cloud_vm_ray_backend.py:2097] 
W 03-17 21:36:57 cloud_vm_ray_backend.py:2097] [0m[33m↺[0m Trying other potential resources.
<sky-payload>"<rich_update>[bold cyan]Looking for resources[/]  \u001b[2mView logs: sky api logs -l sky-2025-03-17-21-18-13-439585/provision.log\u001b[0m</rich_update>"</sky-payload>
<sky-payload>"<rich_update>[bold cyan]Optimizing[/]</rich_update>"</sky-payload>
<sky-payload>"<rich_start>[bold cyan]Launching[/]</rich_start>"</sky-payload>
I 03-17 21:36:57 optimizer.py:736] [1mTarget:[0m minimizing cost
I 03-17 21:36:57 optimizer.py:749] [1mEstimated cost: [0m$0.3 / hour
I 03-17 21:36:57 optimizer.py:749] 
I 03-17 21:36:57 optimizer.py:884] Considered resources (1 node):
I 03-17 21:36:57 optimizer.py:952] --------------------------------------------------------------------------------------------------
I 03-17 21:36:57 optimizer.py:952]  CLOUD   INSTANCE          vCPUs   Mem(GB)   ACCELERATORS   REGION/ZONE       COST ($)   CHOSEN   
I 03-17 21:36:57 optimizer.py:952] --------------------------------------------------------------------------------------------------
I 03-17 21:36:57 optimizer.py:952]  AWS     g6.xlarge[Spot]   4       16        L4:1           ap-northeast-2a   0.27       [32m   ✔[0m     
I 03-17 21:36:57 optimizer.py:952]  AWS     g6.xlarge         4       16        L4:1           us-east-1         0.80                
I 03-17 21:36:57 optimizer.py:952] --------------------------------------------------------------------------------------------------
<sky-payload>"<rich_update>[bold cyan]Looking for resources[/]  \u001b[2mView logs: sky api logs -l sky-2025-03-17-21-18-13-439585/provision.log\u001b[0m</rich_update>"</sky-payload>
<sky-payload>"<rich_update>[bold cyan]Launching[/]  \u001b[2mView logs: sky api logs -l sky-2025-03-17-21-18-13-439585/provision.log\u001b[0m</rich_update>"</sky-payload>
I 03-17 21:36:57 cloud_vm_ray_backend.py:1520] [0m⚙︎ Launching on AWS ap-northeast-2[0m (ap-northeast-2a).
[2mW 03-17 21:42:24 instance.py:243] create_instances: Attempt failed with An error occurred (InsufficientInstanceCapacity) when calling the RunInstances operation (reached max retries: 0): There is no Spot capacity available that matches your request.[0m
W 03-17 21:42:25 cloud_vm_ray_backend.py:2061] sky.exceptions.ResourcesUnavailableError: Failed to acquire resources in ap-northeast-2a for {AWS(cpus=4, {'L4': 1}), AWS([Spot], cpus=4, {'L4': 1})}. 
W 03-17 21:42:25 cloud_vm_ray_backend.py:2097] 
W 03-17 21:42:25 cloud_vm_ray_backend.py:2097] [0m[33m↺[0m Trying other potential resources.
<sky-payload>"<rich_update>[bold cyan]Looking for resources[/]  \u001b[2mView logs: sky api logs -l sky-2025-03-17-21-18-13-439585/provision.log\u001b[0m</rich_update>"</sky-payload>
<sky-payload>"<rich_update>[bold cyan]Optimizing[/]</rich_update>"</sky-payload>
<sky-payload>"<rich_start>[bold cyan]Launching[/]</rich_start>"</sky-payload>
I 03-17 21:42:25 optimizer.py:736] [1mTarget:[0m minimizing cost
I 03-17 21:42:25 optimizer.py:749] [1mEstimated cost: [0m$0.3 / hour
I 03-17 21:42:25 optimizer.py:749] 
I 03-17 21:42:25 optimizer.py:884] Considered resources (1 node):
I 03-17 21:42:25 optimizer.py:952] ----------------------------------------------------------------------------------------------
I 03-17 21:42:25 optimizer.py:952]  CLOUD   INSTANCE          vCPUs   Mem(GB)   ACCELERATORS   REGION/ZONE   COST ($)   CHOSEN   
I 03-17 21:42:25 optimizer.py:952] ----------------------------------------------------------------------------------------------
I 03-17 21:42:25 optimizer.py:952]  AWS     g6.xlarge[Spot]   4       16        L4:1           us-east-1b    0.30       [32m   ✔[0m     
I 03-17 21:42:25 optimizer.py:952]  AWS     g6.xlarge         4       16        L4:1           us-east-1     0.80                
I 03-17 21:42:25 optimizer.py:952] ----------------------------------------------------------------------------------------------
<sky-payload>"<rich_update>[bold cyan]Looking for resources[/]  \u001b[2mView logs: sky api logs -l sky-2025-03-17-21-18-13-439585/provision.log\u001b[0m</rich_update>"</sky-payload>
<sky-payload>"<rich_update>[bold cyan]Launching[/]  \u001b[2mView logs: sky api logs -l sky-2025-03-17-21-18-13-439585/provision.log\u001b[0m</rich_update>"</sky-payload>
I 03-17 21:42:25 cloud_vm_ray_backend.py:1520] [0m⚙︎ Launching on AWS us-east-1[0m (us-east-1b).
[2mW 03-17 21:42:32 instance.py:243] create_instances: Attempt failed with An error occurred (InsufficientInstanceCapacity) when calling the RunInstances operation (reached max retries: 0): We currently do not have sufficient g6.xlarge capacity in the Availability Zone you requested (us-east-1b). Our system will be working on provisioning additional capacity. You can currently get g6.xlarge capacity by not specifying an Availability Zone in your request or choosing us-east-1a, us-east-1c, us-east-1d.[0m
W 03-17 21:42:32 cloud_vm_ray_backend.py:2061] sky.exceptions.ResourcesUnavailableError: Failed to acquire resources in us-east-1b for {AWS(cpus=4, {'L4': 1}), AWS([Spot], cpus=4, {'L4': 1})}. 
W 03-17 21:42:32 cloud_vm_ray_backend.py:2097] 
W 03-17 21:42:32 cloud_vm_ray_backend.py:2097] [0m[33m↺[0m Trying other potential resources.
<sky-payload>"<rich_update>[bold cyan]Looking for resources[/]  \u001b[2mView logs: sky api logs -l sky-2025-03-17-21-18-13-439585/provision.log\u001b[0m</rich_update>"</sky-payload>
<sky-payload>"<rich_update>[bold cyan]Optimizing[/]</rich_update>"</sky-payload>
<sky-payload>"<rich_start>[bold cyan]Launching[/]</rich_start>"</sky-payload>
I 03-17 21:42:32 optimizer.py:736] [1mTarget:[0m minimizing cost
I 03-17 21:42:32 optimizer.py:749] [1mEstimated cost: [0m$0.3 / hour
I 03-17 21:42:32 optimizer.py:749] 
I 03-17 21:42:32 optimizer.py:884] Considered resources (1 node):
I 03-17 21:42:32 optimizer.py:952] ----------------------------------------------------------------------------------------------
I 03-17 21:42:32 optimizer.py:952]  CLOUD   INSTANCE          vCPUs   Mem(GB)   ACCELERATORS   REGION/ZONE   COST ($)   CHOSEN   
I 03-17 21:42:32 optimizer.py:952] ----------------------------------------------------------------------------------------------
I 03-17 21:42:32 optimizer.py:952]  AWS     g6.xlarge[Spot]   4       16        L4:1           us-east-2c    0.31       [32m   ✔[0m     
I 03-17 21:42:32 optimizer.py:952]  AWS     g6.xlarge         4       16        L4:1           us-east-1     0.80                
I 03-17 21:42:32 optimizer.py:952] ----------------------------------------------------------------------------------------------
<sky-payload>"<rich_update>[bold cyan]Looking for resources[/]  \u001b[2mView logs: sky api logs -l sky-2025-03-17-21-18-13-439585/provision.log\u001b[0m</rich_update>"</sky-payload>
<sky-payload>"<rich_update>[bold cyan]Launching[/]  \u001b[2mView logs: sky api logs -l sky-2025-03-17-21-18-13-439585/provision.log\u001b[0m</rich_update>"</sky-payload>
I 03-17 21:42:32 cloud_vm_ray_backend.py:1520] [0m⚙︎ Launching on AWS us-east-2[0m (us-east-2c).
[2mW 03-17 21:42:39 instance.py:243] create_instances: Attempt failed with An error occurred (InsufficientInstanceCapacity) when calling the RunInstances operation (reached max retries: 0): We currently do not have sufficient g6.xlarge capacity in the Availability Zone you requested (us-east-2c). Our system will be working on provisioning additional capacity. You can currently get g6.xlarge capacity by not specifying an Availability Zone in your request or choosing us-east-2a, us-east-2b.[0m
W 03-17 21:42:39 cloud_vm_ray_backend.py:2061] sky.exceptions.ResourcesUnavailableError: Failed to acquire resources in us-east-2c for {AWS(cpus=4, {'L4': 1}), AWS([Spot], cpus=4, {'L4': 1})}. 
W 03-17 21:42:39 cloud_vm_ray_backend.py:2097] 
W 03-17 21:42:39 cloud_vm_ray_backend.py:2097] [0m[33m↺[0m Trying other potential resources.
<sky-payload>"<rich_update>[bold cyan]Looking for resources[/]  \u001b[2mView logs: sky api logs -l sky-2025-03-17-21-18-13-439585/provision.log\u001b[0m</rich_update>"</sky-payload>
<sky-payload>"<rich_update>[bold cyan]Optimizing[/]</rich_update>"</sky-payload>
<sky-payload>"<rich_start>[bold cyan]Launching[/]</rich_start>"</sky-payload>
I 03-17 21:42:40 optimizer.py:736] [1mTarget:[0m minimizing cost
I 03-17 21:42:40 optimizer.py:749] [1mEstimated cost: [0m$0.3 / hour
I 03-17 21:42:40 optimizer.py:749] 
I 03-17 21:42:40 optimizer.py:884] Considered resources (1 node):
I 03-17 21:42:40 optimizer.py:952] ----------------------------------------------------------------------------------------------
I 03-17 21:42:40 optimizer.py:952]  CLOUD   INSTANCE          vCPUs   Mem(GB)   ACCELERATORS   REGION/ZONE   COST ($)   CHOSEN   
I 03-17 21:42:40 optimizer.py:952] ----------------------------------------------------------------------------------------------
I 03-17 21:42:40 optimizer.py:952]  AWS     g6.xlarge[Spot]   4       16        L4:1           us-east-2b    0.32       [32m   ✔[0m     
I 03-17 21:42:40 optimizer.py:952]  AWS     g6.xlarge         4       16        L4:1           us-east-1     0.80                
I 03-17 21:42:40 optimizer.py:952] ----------------------------------------------------------------------------------------------
<sky-payload>"<rich_update>[bold cyan]Looking for resources[/]  \u001b[2mView logs: sky api logs -l sky-2025-03-17-21-18-13-439585/provision.log\u001b[0m</rich_update>"</sky-payload>
<sky-payload>"<rich_update>[bold cyan]Launching[/]  \u001b[2mView logs: sky api logs -l sky-2025-03-17-21-18-13-439585/provision.log\u001b[0m</rich_update>"</sky-payload>
I 03-17 21:42:40 cloud_vm_ray_backend.py:1520] [0m⚙︎ Launching on AWS us-east-2[0m (us-east-2b).
[2mW 03-17 21:42:47 instance.py:243] create_instances: Attempt failed with An error occurred (MaxSpotInstanceCountExceeded) when calling the RunInstances operation: Max spot instance count exceeded[0m
W 03-17 21:42:47 cloud_vm_ray_backend.py:2061] sky.exceptions.ResourcesUnavailableError: Failed to acquire resources in us-east-2b for {AWS(cpus=4, {'L4': 1}), AWS([Spot], cpus=4, {'L4': 1})}. 
W 03-17 21:42:47 cloud_vm_ray_backend.py:2097] 
W 03-17 21:42:47 cloud_vm_ray_backend.py:2097] [0m[33m↺[0m Trying other potential resources.
<sky-payload>"<rich_update>[bold cyan]Looking for resources[/]  \u001b[2mView logs: sky api logs -l sky-2025-03-17-21-18-13-439585/provision.log\u001b[0m</rich_update>"</sky-payload>
<sky-payload>"<rich_update>[bold cyan]Optimizing[/]</rich_update>"</sky-payload>
<sky-payload>"<rich_start>[bold cyan]Launching[/]</rich_start>"</sky-payload>
I 03-17 21:42:47 optimizer.py:736] [1mTarget:[0m minimizing cost
I 03-17 21:42:47 optimizer.py:749] [1mEstimated cost: [0m$0.3 / hour
I 03-17 21:42:47 optimizer.py:749] 
I 03-17 21:42:47 optimizer.py:884] Considered resources (1 node):
I 03-17 21:42:47 optimizer.py:952] ------------------------------------------------------------------------------------------------
I 03-17 21:42:47 optimizer.py:952]  CLOUD   INSTANCE          vCPUs   Mem(GB)   ACCELERATORS   REGION/ZONE     COST ($)   CHOSEN   
I 03-17 21:42:47 optimizer.py:952] ------------------------------------------------------------------------------------------------
I 03-17 21:42:47 optimizer.py:952]  AWS     g6.xlarge[Spot]   4       16        L4:1           ca-central-1a   0.33       [32m   ✔[0m     
I 03-17 21:42:47 optimizer.py:952]  AWS     g6.xlarge         4       16        L4:1           us-east-1       0.80                
I 03-17 21:42:47 optimizer.py:952] ------------------------------------------------------------------------------------------------
<sky-payload>"<rich_update>[bold cyan]Looking for resources[/]  \u001b[2mView logs: sky api logs -l sky-2025-03-17-21-18-13-439585/provision.log\u001b[0m</rich_update>"</sky-payload>
<sky-payload>"<rich_update>[bold cyan]Launching[/]  \u001b[2mView logs: sky api logs -l sky-2025-03-17-21-18-13-439585/provision.log\u001b[0m</rich_update>"</sky-payload>
I 03-17 21:42:47 cloud_vm_ray_backend.py:1520] [0m⚙︎ Launching on AWS ca-central-1[0m (ca-central-1a).
[2mW 03-17 21:42:52 instance.py:243] create_instances: Attempt failed with An error occurred (MaxSpotInstanceCountExceeded) when calling the RunInstances operation: Max spot instance count exceeded[0m
W 03-17 21:42:53 cloud_vm_ray_backend.py:2061] sky.exceptions.ResourcesUnavailableError: Failed to acquire resources in ca-central-1a for {AWS(cpus=4, {'L4': 1}), AWS([Spot], cpus=4, {'L4': 1})}. 
W 03-17 21:42:53 cloud_vm_ray_backend.py:2097] 
W 03-17 21:42:53 cloud_vm_ray_backend.py:2097] [0m[33m↺[0m Trying other potential resources.
<sky-payload>"<rich_update>[bold cyan]Looking for resources[/]  \u001b[2mView logs: sky api logs -l sky-2025-03-17-21-18-13-439585/provision.log\u001b[0m</rich_update>"</sky-payload>
<sky-payload>"<rich_update>[bold cyan]Optimizing[/]</rich_update>"</sky-payload>
<sky-payload>"<rich_start>[bold cyan]Launching[/]</rich_start>"</sky-payload>
I 03-17 21:42:53 optimizer.py:736] [1mTarget:[0m minimizing cost
I 03-17 21:42:53 optimizer.py:749] [1mEstimated cost: [0m$0.3 / hour
I 03-17 21:42:53 optimizer.py:749] 
I 03-17 21:42:53 optimizer.py:884] Considered resources (1 node):
I 03-17 21:42:53 optimizer.py:952] ----------------------------------------------------------------------------------------------
I 03-17 21:42:53 optimizer.py:952]  CLOUD   INSTANCE          vCPUs   Mem(GB)   ACCELERATORS   REGION/ZONE   COST ($)   CHOSEN   
I 03-17 21:42:53 optimizer.py:952] ----------------------------------------------------------------------------------------------
I 03-17 21:42:53 optimizer.py:952]  AWS     g6.xlarge[Spot]   4       16        L4:1           us-east-1c    0.34       [32m   ✔[0m     
I 03-17 21:42:53 optimizer.py:952]  AWS     g6.xlarge         4       16        L4:1           us-east-1     0.80                
I 03-17 21:42:53 optimizer.py:952] ----------------------------------------------------------------------------------------------
<sky-payload>"<rich_update>[bold cyan]Looking for resources[/]  \u001b[2mView logs: sky api logs -l sky-2025-03-17-21-18-13-439585/provision.log\u001b[0m</rich_update>"</sky-payload>
<sky-payload>"<rich_update>[bold cyan]Launching[/]  \u001b[2mView logs: sky api logs -l sky-2025-03-17-21-18-13-439585/provision.log\u001b[0m</rich_update>"</sky-payload>
I 03-17 21:42:53 cloud_vm_ray_backend.py:1520] [0m⚙︎ Launching on AWS us-east-1[0m (us-east-1c).
[2mE 03-17 21:42:54 config.py:46] SKYPILOT_ERROR_NO_NODES_LAUNCHED: No usable subnets matching availability zone ['us-east-1c'] found. Choose a different availability zone or try manually creating an instance in your specified region to populate the list of subnets and trying this again. If you have set `use_internal_ips`, check that this zone has a subnet that (1) has the substring 'private' in its name tag and (2) does not assign public IPs (`map_public_ip_on_launch` is False).[0m
W 03-17 21:42:54 cloud_vm_ray_backend.py:2061] sky.exceptions.ResourcesUnavailableError: Failed to acquire resources in us-east-1c for {AWS(cpus=4, {'L4': 1}), AWS([Spot], cpus=4, {'L4': 1})}. 
W 03-17 21:42:54 cloud_vm_ray_backend.py:2097] 
W 03-17 21:42:54 cloud_vm_ray_backend.py:2097] [0m[33m↺[0m Trying other potential resources.
<sky-payload>"<rich_update>[bold cyan]Looking for resources[/]  \u001b[2mView logs: sky api logs -l sky-2025-03-17-21-18-13-439585/provision.log\u001b[0m</rich_update>"</sky-payload>
<sky-payload>"<rich_update>[bold cyan]Optimizing[/]</rich_update>"</sky-payload>
<sky-payload>"<rich_start>[bold cyan]Launching[/]</rich_start>"</sky-payload>
I 03-17 21:42:55 optimizer.py:736] [1mTarget:[0m minimizing cost
I 03-17 21:42:55 optimizer.py:749] [1mEstimated cost: [0m$0.3 / hour
I 03-17 21:42:55 optimizer.py:749] 
I 03-17 21:42:55 optimizer.py:884] Considered resources (1 node):
I 03-17 21:42:55 optimizer.py:952] ------------------------------------------------------------------------------------------------
I 03-17 21:42:55 optimizer.py:952]  CLOUD   INSTANCE          vCPUs   Mem(GB)   ACCELERATORS   REGION/ZONE     COST ($)   CHOSEN   
I 03-17 21:42:55 optimizer.py:952] ------------------------------------------------------------------------------------------------
I 03-17 21:42:55 optimizer.py:952]  AWS     g6.xlarge[Spot]   4       16        L4:1           ca-central-1b   0.34       [32m   ✔[0m     
I 03-17 21:42:55 optimizer.py:952]  AWS     g6.xlarge         4       16        L4:1           us-east-1       0.80                
I 03-17 21:42:55 optimizer.py:952] ------------------------------------------------------------------------------------------------
<sky-payload>"<rich_update>[bold cyan]Looking for resources[/]  \u001b[2mView logs: sky api logs -l sky-2025-03-17-21-18-13-439585/provision.log\u001b[0m</rich_update>"</sky-payload>
<sky-payload>"<rich_update>[bold cyan]Launching[/]  \u001b[2mView logs: sky api logs -l sky-2025-03-17-21-18-13-439585/provision.log\u001b[0m</rich_update>"</sky-payload>
I 03-17 21:42:55 cloud_vm_ray_backend.py:1520] [0m⚙︎ Launching on AWS ca-central-1[0m (ca-central-1b).
[2mW 03-17 21:43:00 instance.py:243] create_instances: Attempt failed with An error occurred (MaxSpotInstanceCountExceeded) when calling the RunInstances operation: Max spot instance count exceeded[0m
W 03-17 21:43:00 cloud_vm_ray_backend.py:2061] sky.exceptions.ResourcesUnavailableError: Failed to acquire resources in ca-central-1b for {AWS(cpus=4, {'L4': 1}), AWS([Spot], cpus=4, {'L4': 1})}. 
W 03-17 21:43:00 cloud_vm_ray_backend.py:2097] 
W 03-17 21:43:00 cloud_vm_ray_backend.py:2097] [0m[33m↺[0m Trying other potential resources.
<sky-payload>"<rich_update>[bold cyan]Looking for resources[/]  \u001b[2mView logs: sky api logs -l sky-2025-03-17-21-18-13-439585/provision.log\u001b[0m</rich_update>"</sky-payload>
<sky-payload>"<rich_update>[bold cyan]Optimizing[/]</rich_update>"</sky-payload>
<sky-payload>"<rich_start>[bold cyan]Launching[/]</rich_start>"</sky-payload>
I 03-17 21:43:00 optimizer.py:736] [1mTarget:[0m minimizing cost
I 03-17 21:43:00 optimizer.py:749] [1mEstimated cost: [0m$0.3 / hour
I 03-17 21:43:00 optimizer.py:749] 
I 03-17 21:43:00 optimizer.py:884] Considered resources (1 node):
I 03-17 21:43:00 optimizer.py:952] ----------------------------------------------------------------------------------------------
I 03-17 21:43:00 optimizer.py:952]  CLOUD   INSTANCE          vCPUs   Mem(GB)   ACCELERATORS   REGION/ZONE   COST ($)   CHOSEN   
I 03-17 21:43:00 optimizer.py:952] ----------------------------------------------------------------------------------------------
I 03-17 21:43:00 optimizer.py:952]  AWS     g6.xlarge[Spot]   4       16        L4:1           eu-west-2a    0.34       [32m   ✔[0m     
I 03-17 21:43:00 optimizer.py:952]  AWS     g6.xlarge         4       16        L4:1           us-east-1     0.80                
I 03-17 21:43:00 optimizer.py:952] ----------------------------------------------------------------------------------------------
<sky-payload>"<rich_update>[bold cyan]Looking for resources[/]  \u001b[2mView logs: sky api logs -l sky-2025-03-17-21-18-13-439585/provision.log\u001b[0m</rich_update>"</sky-payload>
<sky-payload>"<rich_update>[bold cyan]Launching[/]  \u001b[2mView logs: sky api logs -l sky-2025-03-17-21-18-13-439585/provision.log\u001b[0m</rich_update>"</sky-payload>
I 03-17 21:43:00 cloud_vm_ray_backend.py:1520] [0m⚙︎ Launching on AWS eu-west-2[0m (eu-west-2a).
[2mW 03-17 21:43:08 instance.py:243] create_instances: Attempt failed with An error occurred (MaxSpotInstanceCountExceeded) when calling the RunInstances operation: Max spot instance count exceeded[0m
W 03-17 21:43:09 cloud_vm_ray_backend.py:2061] sky.exceptions.ResourcesUnavailableError: Failed to acquire resources in eu-west-2a for {AWS(cpus=4, {'L4': 1}), AWS([Spot], cpus=4, {'L4': 1})}. 
W 03-17 21:43:09 cloud_vm_ray_backend.py:2097] 
W 03-17 21:43:09 cloud_vm_ray_backend.py:2097] [0m[33m↺[0m Trying other potential resources.
<sky-payload>"<rich_update>[bold cyan]Looking for resources[/]  \u001b[2mView logs: sky api logs -l sky-2025-03-17-21-18-13-439585/provision.log\u001b[0m</rich_update>"</sky-payload>
<sky-payload>"<rich_update>[bold cyan]Optimizing[/]</rich_update>"</sky-payload>
<sky-payload>"<rich_start>[bold cyan]Launching[/]</rich_start>"</sky-payload>
I 03-17 21:43:09 optimizer.py:736] [1mTarget:[0m minimizing cost
I 03-17 21:43:09 optimizer.py:749] [1mEstimated cost: [0m$0.3 / hour
I 03-17 21:43:09 optimizer.py:749] 
I 03-17 21:43:09 optimizer.py:884] Considered resources (1 node):
I 03-17 21:43:09 optimizer.py:952] ----------------------------------------------------------------------------------------------
I 03-17 21:43:09 optimizer.py:952]  CLOUD   INSTANCE          vCPUs   Mem(GB)   ACCELERATORS   REGION/ZONE   COST ($)   CHOSEN   
I 03-17 21:43:09 optimizer.py:952] ----------------------------------------------------------------------------------------------
I 03-17 21:43:09 optimizer.py:952]  AWS     g6.xlarge[Spot]   4       16        L4:1           eu-west-3c    0.35       [32m   ✔[0m     
I 03-17 21:43:09 optimizer.py:952]  AWS     g6.xlarge         4       16        L4:1           us-east-1     0.80                
I 03-17 21:43:09 optimizer.py:952] ----------------------------------------------------------------------------------------------
<sky-payload>"<rich_update>[bold cyan]Looking for resources[/]  \u001b[2mView logs: sky api logs -l sky-2025-03-17-21-18-13-439585/provision.log\u001b[0m</rich_update>"</sky-payload>
<sky-payload>"<rich_update>[bold cyan]Launching[/]  \u001b[2mView logs: sky api logs -l sky-2025-03-17-21-18-13-439585/provision.log\u001b[0m</rich_update>"</sky-payload>
I 03-17 21:43:09 cloud_vm_ray_backend.py:1520] [0m⚙︎ Launching on AWS eu-west-3[0m (eu-west-3c).
[2mW 03-17 21:43:17 instance.py:243] create_instances: Attempt failed with An error occurred (InsufficientInstanceCapacity) when calling the RunInstances operation (reached max retries: 0): There is no Spot capacity available that matches your request.[0m
W 03-17 21:43:17 cloud_vm_ray_backend.py:2061] sky.exceptions.ResourcesUnavailableError: Failed to acquire resources in eu-west-3c for {AWS(cpus=4, {'L4': 1}), AWS([Spot], cpus=4, {'L4': 1})}. 
W 03-17 21:43:17 cloud_vm_ray_backend.py:2097] 
W 03-17 21:43:17 cloud_vm_ray_backend.py:2097] [0m[33m↺[0m Trying other potential resources.
<sky-payload>"<rich_update>[bold cyan]Looking for resources[/]  \u001b[2mView logs: sky api logs -l sky-2025-03-17-21-18-13-439585/provision.log\u001b[0m</rich_update>"</sky-payload>
<sky-payload>"<rich_update>[bold cyan]Optimizing[/]</rich_update>"</sky-payload>
<sky-payload>"<rich_start>[bold cyan]Launching[/]</rich_start>"</sky-payload>
I 03-17 21:43:18 optimizer.py:736] [1mTarget:[0m minimizing cost
I 03-17 21:43:18 optimizer.py:749] [1mEstimated cost: [0m$0.4 / hour
I 03-17 21:43:18 optimizer.py:749] 
I 03-17 21:43:18 optimizer.py:884] Considered resources (1 node):
I 03-17 21:43:18 optimizer.py:952] ----------------------------------------------------------------------------------------------
I 03-17 21:43:18 optimizer.py:952]  CLOUD   INSTANCE          vCPUs   Mem(GB)   ACCELERATORS   REGION/ZONE   COST ($)   CHOSEN   
I 03-17 21:43:18 optimizer.py:952] ----------------------------------------------------------------------------------------------
I 03-17 21:43:18 optimizer.py:952]  AWS     g6.xlarge[Spot]   4       16        L4:1           eu-north-1a   0.35       [32m   ✔[0m     
I 03-17 21:43:18 optimizer.py:952]  AWS     g6.xlarge         4       16        L4:1           us-east-1     0.80                
I 03-17 21:43:18 optimizer.py:952] ----------------------------------------------------------------------------------------------
<sky-payload>"<rich_update>[bold cyan]Looking for resources[/]  \u001b[2mView logs: sky api logs -l sky-2025-03-17-21-18-13-439585/provision.log\u001b[0m</rich_update>"</sky-payload>
<sky-payload>"<rich_update>[bold cyan]Launching[/]  \u001b[2mView logs: sky api logs -l sky-2025-03-17-21-18-13-439585/provision.log\u001b[0m</rich_update>"</sky-payload>
I 03-17 21:43:18 cloud_vm_ray_backend.py:1520] [0m⚙︎ Launching on AWS eu-north-1[0m (eu-north-1a).
[2mW 03-17 21:43:29 instance.py:243] create_instances: Attempt failed with An error occurred (InsufficientInstanceCapacity) when calling the RunInstances operation (reached max retries: 0): There is no Spot capacity available that matches your request.[0m
W 03-17 21:43:30 cloud_vm_ray_backend.py:2061] sky.exceptions.ResourcesUnavailableError: Failed to acquire resources in eu-north-1a for {AWS(cpus=4, {'L4': 1}), AWS([Spot], cpus=4, {'L4': 1})}. 
W 03-17 21:43:30 cloud_vm_ray_backend.py:2097] 
W 03-17 21:43:30 cloud_vm_ray_backend.py:2097] [0m[33m↺[0m Trying other potential resources.
<sky-payload>"<rich_update>[bold cyan]Looking for resources[/]  \u001b[2mView logs: sky api logs -l sky-2025-03-17-21-18-13-439585/provision.log\u001b[0m</rich_update>"</sky-payload>
<sky-payload>"<rich_update>[bold cyan]Optimizing[/]</rich_update>"</sky-payload>
<sky-payload>"<rich_start>[bold cyan]Launching[/]</rich_start>"</sky-payload>
I 03-17 21:43:30 optimizer.py:736] [1mTarget:[0m minimizing cost
I 03-17 21:43:30 optimizer.py:749] [1mEstimated cost: [0m$0.4 / hour
I 03-17 21:43:30 optimizer.py:749] 
I 03-17 21:43:30 optimizer.py:884] Considered resources (1 node):
I 03-17 21:43:30 optimizer.py:952] ----------------------------------------------------------------------------------------------
I 03-17 21:43:30 optimizer.py:952]  CLOUD   INSTANCE          vCPUs   Mem(GB)   ACCELERATORS   REGION/ZONE   COST ($)   CHOSEN   
I 03-17 21:43:30 optimizer.py:952] ----------------------------------------------------------------------------------------------
I 03-17 21:43:30 optimizer.py:952]  AWS     g6.xlarge[Spot]   4       16        L4:1           eu-west-2b    0.36       [32m   ✔[0m     
I 03-17 21:43:30 optimizer.py:952]  AWS     g6.xlarge         4       16        L4:1           us-east-1     0.80                
I 03-17 21:43:30 optimizer.py:952] ----------------------------------------------------------------------------------------------
<sky-payload>"<rich_update>[bold cyan]Looking for resources[/]  \u001b[2mView logs: sky api logs -l sky-2025-03-17-21-18-13-439585/provision.log\u001b[0m</rich_update>"</sky-payload>
<sky-payload>"<rich_update>[bold cyan]Launching[/]  \u001b[2mView logs: sky api logs -l sky-2025-03-17-21-18-13-439585/provision.log\u001b[0m</rich_update>"</sky-payload>
I 03-17 21:43:30 cloud_vm_ray_backend.py:1520] [0m⚙︎ Launching on AWS eu-west-2[0m (eu-west-2b).
[2mW 03-17 21:43:38 instance.py:243] create_instances: Attempt failed with An error occurred (MaxSpotInstanceCountExceeded) when calling the RunInstances operation: Max spot instance count exceeded[0m
W 03-17 21:43:39 cloud_vm_ray_backend.py:2061] sky.exceptions.ResourcesUnavailableError: Failed to acquire resources in eu-west-2b for {AWS(cpus=4, {'L4': 1}), AWS([Spot], cpus=4, {'L4': 1})}. 
W 03-17 21:43:39 cloud_vm_ray_backend.py:2097] 
W 03-17 21:43:39 cloud_vm_ray_backend.py:2097] [0m[33m↺[0m Trying other potential resources.
<sky-payload>"<rich_update>[bold cyan]Looking for resources[/]  \u001b[2mView logs: sky api logs -l sky-2025-03-17-21-18-13-439585/provision.log\u001b[0m</rich_update>"</sky-payload>
<sky-payload>"<rich_update>[bold cyan]Optimizing[/]</rich_update>"</sky-payload>
<sky-payload>"<rich_start>[bold cyan]Launching[/]</rich_start>"</sky-payload>
I 03-17 21:43:39 optimizer.py:736] [1mTarget:[0m minimizing cost
I 03-17 21:43:39 optimizer.py:749] [1mEstimated cost: [0m$0.4 / hour
I 03-17 21:43:39 optimizer.py:749] 
I 03-17 21:43:39 optimizer.py:884] Considered resources (1 node):
I 03-17 21:43:39 optimizer.py:952] --------------------------------------------------------------------------------------------------
I 03-17 21:43:39 optimizer.py:952]  CLOUD   INSTANCE          vCPUs   Mem(GB)   ACCELERATORS   REGION/ZONE       COST ($)   CHOSEN   
I 03-17 21:43:39 optimizer.py:952] --------------------------------------------------------------------------------------------------
I 03-17 21:43:39 optimizer.py:952]  AWS     g6.xlarge[Spot]   4       16        L4:1           ap-southeast-2c   0.36       [32m   ✔[0m     
I 03-17 21:43:39 optimizer.py:952]  AWS     g6.xlarge         4       16        L4:1           us-east-1         0.80                
I 03-17 21:43:39 optimizer.py:952] --------------------------------------------------------------------------------------------------
<sky-payload>"<rich_update>[bold cyan]Looking for resources[/]  \u001b[2mView logs: sky api logs -l sky-2025-03-17-21-18-13-439585/provision.log\u001b[0m</rich_update>"</sky-payload>
<sky-payload>"<rich_update>[bold cyan]Launching[/]  \u001b[2mView logs: sky api logs -l sky-2025-03-17-21-18-13-439585/provision.log\u001b[0m</rich_update>"</sky-payload>
I 03-17 21:43:39 cloud_vm_ray_backend.py:1520] [0m⚙︎ Launching on AWS ap-southeast-2[0m (ap-southeast-2c).
[2mW 03-17 21:43:51 instance.py:243] create_instances: Attempt failed with An error occurred (InsufficientInstanceCapacity) when calling the RunInstances operation (reached max retries: 0): There is no Spot capacity available that matches your request.[0m
W 03-17 21:43:52 cloud_vm_ray_backend.py:2061] sky.exceptions.ResourcesUnavailableError: Failed to acquire resources in ap-southeast-2c for {AWS(cpus=4, {'L4': 1}), AWS([Spot], cpus=4, {'L4': 1})}. 
W 03-17 21:43:52 cloud_vm_ray_backend.py:2097] 
W 03-17 21:43:52 cloud_vm_ray_backend.py:2097] [0m[33m↺[0m Trying other potential resources.
<sky-payload>"<rich_update>[bold cyan]Looking for resources[/]  \u001b[2mView logs: sky api logs -l sky-2025-03-17-21-18-13-439585/provision.log\u001b[0m</rich_update>"</sky-payload>
<sky-payload>"<rich_update>[bold cyan]Optimizing[/]</rich_update>"</sky-payload>
<sky-payload>"<rich_start>[bold cyan]Launching[/]</rich_start>"</sky-payload>
I 03-17 21:43:52 optimizer.py:736] [1mTarget:[0m minimizing cost
I 03-17 21:43:52 optimizer.py:749] [1mEstimated cost: [0m$0.4 / hour
I 03-17 21:43:52 optimizer.py:749] 
I 03-17 21:43:52 optimizer.py:884] Considered resources (1 node):
I 03-17 21:43:52 optimizer.py:952] ----------------------------------------------------------------------------------------------
I 03-17 21:43:52 optimizer.py:952]  CLOUD   INSTANCE          vCPUs   Mem(GB)   ACCELERATORS   REGION/ZONE   COST ($)   CHOSEN   
I 03-17 21:43:52 optimizer.py:952] ----------------------------------------------------------------------------------------------
I 03-17 21:43:52 optimizer.py:952]  AWS     g6.xlarge[Spot]   4       16        L4:1           us-east-1d    0.37       [32m   ✔[0m     
I 03-17 21:43:52 optimizer.py:952]  AWS     g6.xlarge         4       16        L4:1           us-east-1     0.80                
I 03-17 21:43:52 optimizer.py:952] ----------------------------------------------------------------------------------------------
<sky-payload>"<rich_update>[bold cyan]Looking for resources[/]  \u001b[2mView logs: sky api logs -l sky-2025-03-17-21-18-13-439585/provision.log\u001b[0m</rich_update>"</sky-payload>
<sky-payload>"<rich_update>[bold cyan]Launching[/]  \u001b[2mView logs: sky api logs -l sky-2025-03-17-21-18-13-439585/provision.log\u001b[0m</rich_update>"</sky-payload>
I 03-17 21:43:52 cloud_vm_ray_backend.py:1520] [0m⚙︎ Launching on AWS us-east-1[0m (us-east-1d).
<sky-payload>"<rich_update>[bold cyan]Launching - Checking instance status[/]  \u001b[2mView logs: sky api logs -l sky-2025-03-17-21-18-13-439585/provision.log\u001b[0m</rich_update>"</sky-payload>
<sky-payload>"<rich_update>[bold cyan]Launching - Waiting for SSH access[/]  \u001b[2mView logs: sky api logs -l sky-2025-03-17-21-18-13-439585/provision.log\u001b[0m</rich_update>"</sky-payload>
<sky-payload>"<rich_start>[bold cyan]Launching[/]</rich_start>"</sky-payload>
I 03-17 21:44:17 provisioner.py:451] [2m└── [0m[2mInstance is up.[0m
<sky-payload>"<rich_update>[bold cyan]Preparing SkyPilot runtime (1/3 - initializing)[/]  \u001b[2mView logs: sky api logs -l sky-2025-03-17-21-18-13-439585/provision.log\u001b[0m</rich_update>"</sky-payload>
<sky-payload>"<rich_update>[bold cyan]Preparing SkyPilot runtime (2/3 - dependencies)[/]  \u001b[2mView logs: sky api logs -l sky-2025-03-17-21-18-13-439585/provision.log\u001b[0m</rich_update>"</sky-payload>
<sky-payload>"<rich_update>[bold cyan]Preparing SkyPilot runtime (3/3 - runtime)[/]  \u001b[2mView logs: sky api logs -l sky-2025-03-17-21-18-13-439585/provision.log\u001b[0m</rich_update>"</sky-payload>
<sky-payload>"<rich_update>[bold cyan]Launching - Checking instance status[/]  \u001b[2mView logs: sky api logs -l sky-2025-03-17-21-18-13-439585/provision.log\u001b[0m</rich_update>"</sky-payload>
I 03-17 21:44:40 provisioner.py:632] [0m[32m✓ Cluster launched: compute-text-vectors-137.[0m  [2mView logs: sky api logs -l sky-2025-03-17-21-18-13-439585/provision.log[0m
<sky-payload>"<rich_exit></rich_exit>"</sky-payload>
I 03-17 21:44:40 execution.py:332] [0m⚙︎ Syncing files.
<sky-payload>"<rich_init>[bold cyan]Syncing files[/]</rich_init>"</sky-payload>
<sky-payload>"<rich_update>[bold cyan]Syncing files[/]</rich_update>"</sky-payload>
<sky-payload>"<rich_start>[bold cyan]Syncing files[/]</rich_start>"</sky-payload>
<sky-payload>"<rich_update>[bold cyan]Syncing file mounts[/]  \u001b[2mView logs: sky api logs -l sky-2025-03-17-21-18-13-439585/file_mounts.log\u001b[0m</rich_update>"</sky-payload>
I 03-17 21:44:40 backend_utils.py:1315]   [2mSyncing (to 1 node): s3://skypilot-filemounts-root-726f1974-4t2xetnr/job-4t2xetnr/workdir -> ~/sky_workdir[0m
I 03-17 21:44:42 cloud_vm_ray_backend.py:4801] [0m[32m✓ Synced file_mounts.[0m  [2mView logs: sky api logs -l sky-2025-03-17-21-18-13-439585/file_mounts.log[0m
<sky-payload>"<rich_update>[bold cyan]Mounting 1 storage[/]  \u001b[2mView logs: sky api logs -l sky-2025-03-17-21-18-13-439585/storage_mounts.log\u001b[0m</rich_update>"</sky-payload>
I 03-17 21:44:42 backend_utils.py:1315]   [2mMounting (to 1 node): s3://sky-text-embeddings-multi-cluster-final-2 -> /output[0m
I 03-17 21:44:44 cloud_vm_ray_backend.py:4892] [0m[32m✓ Storage mounted.[0m  [2mView logs: sky api logs -l sky-2025-03-17-21-18-13-439585/storage_mounts.log[0m
<sky-payload>"<rich_exit></rich_exit>"</sky-payload>
<sky-payload>"<rich_init>[bold cyan]Running setup[/]</rich_init>"</sky-payload>
<sky-payload>"<rich_update>[bold cyan]Running setup[/]</rich_update>"</sky-payload>
<sky-payload>"<rich_start>[bold cyan]Running setup[/]</rich_start>"</sky-payload>
<sky-payload>"<rich_stop></rich_stop>"</sky-payload>
I 03-17 21:44:44 cloud_vm_ray_backend.py:3357] [0m[32m✓ Setup detached.[0m
<sky-payload>"<rich_exit></rich_exit>"</sky-payload>
<sky-payload>"<rich_init>[bold cyan]Submitting job[/]</rich_init>"</sky-payload>
<sky-payload>"<rich_update>[bold cyan]Submitting job[/]</rich_update>"</sky-payload>
<sky-payload>"<rich_start>[bold cyan]Submitting job[/]</rich_start>"</sky-payload>
I 03-17 21:44:45 cloud_vm_ray_backend.py:3546] Multiple resources are specified for the task, using: AWS([Spot], cpus=4, {'L4': 1})
I 03-17 21:44:46 cloud_vm_ray_backend.py:3460] [0m⚙︎ Job submitted, ID: 1
<sky-payload>"<rich_stop></rich_stop>"</sky-payload>
<sky-payload>"<rich_exit></rich_exit>"</sky-payload>

[?25hI 03-17 21:44:46 recovery_strategy.py:289] Managed job cluster launched.
I 03-17 21:44:49 utils.py:131] === Checking the job status... ===
I 03-17 21:44:50 utils.py:137] Job status: JobStatus.SETTING_UP
I 03-17 21:44:50 utils.py:140] ==================================
I 03-17 21:44:50 state.py:471] Job started.
I 03-17 21:45:10 utils.py:131] === Checking the job status... ===
I 03-17 21:45:11 utils.py:137] Job status: JobStatus.SETTING_UP
I 03-17 21:45:11 utils.py:140] ==================================
I 03-17 21:45:31 utils.py:131] === Checking the job status... ===
I 03-17 21:45:32 utils.py:137] Job status: JobStatus.SETTING_UP
I 03-17 21:45:32 utils.py:140] ==================================
I 03-17 21:45:52 utils.py:131] === Checking the job status... ===
I 03-17 21:45:53 utils.py:137] Job status: JobStatus.SETTING_UP
I 03-17 21:45:53 utils.py:140] ==================================
I 03-17 21:46:13 utils.py:131] === Checking the job status... ===
I 03-17 21:46:13 utils.py:137] Job status: JobStatus.SETTING_UP
I 03-17 21:46:13 utils.py:140] ==================================
I 03-17 21:46:33 utils.py:131] === Checking the job status... ===
I 03-17 21:46:34 utils.py:137] Job status: JobStatus.SETTING_UP
I 03-17 21:46:34 utils.py:140] ==================================
I 03-17 21:46:54 utils.py:131] === Checking the job status... ===
I 03-17 21:46:55 utils.py:137] Job status: JobStatus.SETTING_UP
I 03-17 21:46:55 utils.py:140] ==================================
I 03-17 21:47:15 utils.py:131] === Checking the job status... ===
I 03-17 21:47:16 utils.py:137] Job status: JobStatus.RUNNING
I 03-17 21:47:16 utils.py:140] ==================================
I 03-17 21:47:36 utils.py:131] === Checking the job status... ===
I 03-17 21:47:37 utils.py:137] Job status: JobStatus.RUNNING
I 03-17 21:47:37 utils.py:140] ==================================
I 03-17 21:47:57 utils.py:131] === Checking the job status... ===
I 03-17 21:47:58 utils.py:137] Job status: JobStatus.RUNNING
I 03-17 21:47:58 utils.py:140] ==================================
I 03-17 21:48:18 utils.py:131] === Checking the job status... ===
I 03-17 21:48:18 utils.py:137] Job status: JobStatus.RUNNING
I 03-17 21:48:18 utils.py:140] ==================================
I 03-17 21:48:38 utils.py:131] === Checking the job status... ===
I 03-17 21:48:39 utils.py:137] Job status: JobStatus.RUNNING
I 03-17 21:48:39 utils.py:140] ==================================
I 03-17 21:48:59 utils.py:131] === Checking the job status... ===
I 03-17 21:49:00 utils.py:137] Job status: JobStatus.RUNNING
I 03-17 21:49:00 utils.py:140] ==================================
I 03-17 21:49:20 utils.py:131] === Checking the job status... ===
I 03-17 21:49:21 utils.py:137] Job status: JobStatus.RUNNING
I 03-17 21:49:21 utils.py:140] ==================================
I 03-17 21:49:41 utils.py:131] === Checking the job status... ===
I 03-17 21:49:41 utils.py:137] Job status: JobStatus.RUNNING
I 03-17 21:49:41 utils.py:140] ==================================
I 03-17 21:50:02 utils.py:131] === Checking the job status... ===
I 03-17 21:50:02 utils.py:137] Job status: JobStatus.RUNNING
I 03-17 21:50:02 utils.py:140] ==================================
I 03-17 21:50:22 utils.py:131] === Checking the job status... ===
I 03-17 21:50:23 utils.py:137] Job status: JobStatus.RUNNING
I 03-17 21:50:23 utils.py:140] ==================================
I 03-17 21:50:43 utils.py:131] === Checking the job status... ===
I 03-17 21:50:46 utils.py:137] Job status: JobStatus.RUNNING
I 03-17 21:50:46 utils.py:140] ==================================
I 03-17 21:51:07 utils.py:131] === Checking the job status... ===
I 03-17 21:51:09 utils.py:137] Job status: JobStatus.RUNNING
I 03-17 21:51:09 utils.py:140] ==================================
I 03-17 21:51:29 utils.py:131] === Checking the job status... ===
I 03-17 21:51:30 utils.py:137] Job status: JobStatus.RUNNING
I 03-17 21:51:30 utils.py:140] ==================================
I 03-17 21:51:50 utils.py:131] === Checking the job status... ===
I 03-17 21:51:51 utils.py:137] Job status: JobStatus.RUNNING
I 03-17 21:51:51 utils.py:140] ==================================
I 03-17 21:52:11 utils.py:131] === Checking the job status... ===
I 03-17 21:52:12 utils.py:137] Job status: JobStatus.RUNNING
I 03-17 21:52:12 utils.py:140] ==================================
I 03-17 21:52:32 utils.py:131] === Checking the job status... ===
I 03-17 21:52:33 utils.py:137] Job status: JobStatus.RUNNING
I 03-17 21:52:33 utils.py:140] ==================================
I 03-17 21:52:53 utils.py:131] === Checking the job status... ===
I 03-17 21:52:53 utils.py:137] Job status: JobStatus.RUNNING
I 03-17 21:52:53 utils.py:140] ==================================
I 03-17 21:53:14 utils.py:131] === Checking the job status... ===
I 03-17 21:53:14 utils.py:137] Job status: JobStatus.RUNNING
I 03-17 21:53:14 utils.py:140] ==================================
I 03-17 21:53:34 utils.py:131] === Checking the job status... ===
I 03-17 21:53:35 utils.py:137] Job status: JobStatus.RUNNING
I 03-17 21:53:35 utils.py:140] ==================================
I 03-17 21:53:55 utils.py:131] === Checking the job status... ===
I 03-17 21:53:56 utils.py:137] Job status: JobStatus.RUNNING
I 03-17 21:53:56 utils.py:140] ==================================
I 03-17 21:54:16 utils.py:131] === Checking the job status... ===
I 03-17 21:54:16 utils.py:137] Job status: JobStatus.RUNNING
I 03-17 21:54:16 utils.py:140] ==================================
I 03-17 21:54:36 utils.py:131] === Checking the job status... ===
I 03-17 21:54:37 utils.py:137] Job status: JobStatus.RUNNING
I 03-17 21:54:37 utils.py:140] ==================================
I 03-17 21:54:57 utils.py:131] === Checking the job status... ===
I 03-17 21:54:58 utils.py:137] Job status: JobStatus.RUNNING
I 03-17 21:54:58 utils.py:140] ==================================
I 03-17 21:55:18 utils.py:131] === Checking the job status... ===
I 03-17 21:55:18 utils.py:137] Job status: JobStatus.RUNNING
I 03-17 21:55:18 utils.py:140] ==================================
I 03-17 21:55:39 utils.py:131] === Checking the job status... ===
I 03-17 21:55:39 utils.py:137] Job status: JobStatus.RUNNING
I 03-17 21:55:39 utils.py:140] ==================================
I 03-17 21:55:59 utils.py:131] === Checking the job status... ===
I 03-17 21:56:00 utils.py:137] Job status: JobStatus.RUNNING
I 03-17 21:56:00 utils.py:140] ==================================
I 03-17 21:56:20 utils.py:131] === Checking the job status... ===
I 03-17 21:56:21 utils.py:137] Job status: JobStatus.RUNNING
I 03-17 21:56:21 utils.py:140] ==================================
I 03-17 21:56:41 utils.py:131] === Checking the job status... ===
I 03-17 21:56:41 utils.py:137] Job status: JobStatus.RUNNING
I 03-17 21:56:41 utils.py:140] ==================================
I 03-17 21:57:01 utils.py:131] === Checking the job status... ===
I 03-17 21:57:02 utils.py:137] Job status: JobStatus.RUNNING
I 03-17 21:57:02 utils.py:140] ==================================
I 03-17 21:57:22 utils.py:131] === Checking the job status... ===
I 03-17 21:57:23 utils.py:137] Job status: JobStatus.RUNNING
I 03-17 21:57:23 utils.py:140] ==================================
I 03-17 21:57:43 utils.py:131] === Checking the job status... ===
I 03-17 21:57:44 utils.py:137] Job status: JobStatus.RUNNING
I 03-17 21:57:44 utils.py:140] ==================================
I 03-17 21:58:04 utils.py:131] === Checking the job status... ===
I 03-17 21:58:04 utils.py:137] Job status: JobStatus.RUNNING
I 03-17 21:58:04 utils.py:140] ==================================
I 03-17 21:58:24 utils.py:131] === Checking the job status... ===
I 03-17 21:58:25 utils.py:137] Job status: JobStatus.RUNNING
I 03-17 21:58:25 utils.py:140] ==================================
I 03-17 21:58:45 utils.py:131] === Checking the job status... ===
I 03-17 21:58:46 utils.py:137] Job status: JobStatus.RUNNING
I 03-17 21:58:46 utils.py:140] ==================================
I 03-17 21:59:06 utils.py:131] === Checking the job status... ===
I 03-17 21:59:07 utils.py:137] Job status: JobStatus.RUNNING
I 03-17 21:59:07 utils.py:140] ==================================
I 03-17 21:59:27 utils.py:131] === Checking the job status... ===
I 03-17 21:59:27 utils.py:137] Job status: JobStatus.RUNNING
I 03-17 21:59:27 utils.py:140] ==================================
I 03-17 21:59:47 utils.py:131] === Checking the job status... ===
I 03-17 21:59:48 utils.py:137] Job status: JobStatus.RUNNING
I 03-17 21:59:48 utils.py:140] ==================================
I 03-17 22:00:08 utils.py:131] === Checking the job status... ===
I 03-17 22:00:09 utils.py:137] Job status: JobStatus.RUNNING
I 03-17 22:00:09 utils.py:140] ==================================
I 03-17 22:00:29 utils.py:131] === Checking the job status... ===
I 03-17 22:00:30 utils.py:137] Job status: JobStatus.RUNNING
I 03-17 22:00:30 utils.py:140] ==================================
I 03-17 22:00:50 utils.py:131] === Checking the job status... ===
I 03-17 22:00:50 utils.py:137] Job status: JobStatus.RUNNING
I 03-17 22:00:50 utils.py:140] ==================================
I 03-17 22:01:11 utils.py:131] === Checking the job status... ===
I 03-17 22:01:11 utils.py:137] Job status: JobStatus.RUNNING
I 03-17 22:01:11 utils.py:140] ==================================
I 03-17 22:01:31 utils.py:131] === Checking the job status... ===
I 03-17 22:01:32 utils.py:137] Job status: JobStatus.RUNNING
I 03-17 22:01:32 utils.py:140] ==================================
I 03-17 22:01:52 utils.py:131] === Checking the job status... ===
I 03-17 22:01:53 utils.py:137] Job status: JobStatus.RUNNING
I 03-17 22:01:53 utils.py:140] ==================================
I 03-17 22:02:13 utils.py:131] === Checking the job status... ===
I 03-17 22:02:13 utils.py:137] Job status: JobStatus.RUNNING
I 03-17 22:02:13 utils.py:140] ==================================
I 03-17 22:02:33 utils.py:131] === Checking the job status... ===
I 03-17 22:02:34 utils.py:137] Job status: JobStatus.RUNNING
I 03-17 22:02:34 utils.py:140] ==================================
I 03-17 22:02:54 utils.py:131] === Checking the job status... ===
I 03-17 22:02:55 utils.py:137] Job status: JobStatus.RUNNING
I 03-17 22:02:55 utils.py:140] ==================================
I 03-17 22:03:15 utils.py:131] === Checking the job status... ===
I 03-17 22:03:16 utils.py:137] Job status: JobStatus.RUNNING
I 03-17 22:03:16 utils.py:140] ==================================
I 03-17 22:03:36 utils.py:131] === Checking the job status... ===
I 03-17 22:03:36 utils.py:137] Job status: JobStatus.RUNNING
I 03-17 22:03:36 utils.py:140] ==================================
I 03-17 22:03:56 utils.py:131] === Checking the job status... ===
I 03-17 22:03:57 utils.py:137] Job status: JobStatus.RUNNING
I 03-17 22:03:57 utils.py:140] ==================================
I 03-17 22:04:17 utils.py:131] === Checking the job status... ===
I 03-17 22:04:18 utils.py:137] Job status: JobStatus.RUNNING
I 03-17 22:04:18 utils.py:140] ==================================
I 03-17 22:04:38 utils.py:131] === Checking the job status... ===
I 03-17 22:04:38 utils.py:137] Job status: JobStatus.RUNNING
I 03-17 22:04:38 utils.py:140] ==================================
I 03-17 22:04:59 utils.py:131] === Checking the job status... ===
I 03-17 22:04:59 utils.py:137] Job status: JobStatus.RUNNING
I 03-17 22:04:59 utils.py:140] ==================================
I 03-17 22:05:19 utils.py:131] === Checking the job status... ===
I 03-17 22:05:20 utils.py:137] Job status: JobStatus.RUNNING
I 03-17 22:05:20 utils.py:140] ==================================
I 03-17 22:05:40 utils.py:131] === Checking the job status... ===
I 03-17 22:05:41 utils.py:137] Job status: JobStatus.RUNNING
I 03-17 22:05:41 utils.py:140] ==================================
I 03-17 22:06:01 utils.py:131] === Checking the job status... ===
I 03-17 22:06:01 utils.py:137] Job status: JobStatus.RUNNING
I 03-17 22:06:01 utils.py:140] ==================================
I 03-17 22:06:22 utils.py:131] === Checking the job status... ===
I 03-17 22:06:22 utils.py:137] Job status: JobStatus.RUNNING
I 03-17 22:06:22 utils.py:140] ==================================
I 03-17 22:06:42 utils.py:131] === Checking the job status... ===
I 03-17 22:06:43 utils.py:137] Job status: JobStatus.RUNNING
I 03-17 22:06:43 utils.py:140] ==================================
I 03-17 22:07:03 utils.py:131] === Checking the job status... ===
I 03-17 22:07:04 utils.py:137] Job status: JobStatus.RUNNING
I 03-17 22:07:04 utils.py:140] ==================================
I 03-17 22:07:24 utils.py:131] === Checking the job status... ===
I 03-17 22:07:24 utils.py:137] Job status: JobStatus.RUNNING
I 03-17 22:07:24 utils.py:140] ==================================
I 03-17 22:07:44 utils.py:131] === Checking the job status... ===
I 03-17 22:07:45 utils.py:137] Job status: JobStatus.RUNNING
I 03-17 22:07:45 utils.py:140] ==================================
I 03-17 22:08:05 utils.py:131] === Checking the job status... ===
I 03-17 22:08:06 utils.py:137] Job status: JobStatus.RUNNING
I 03-17 22:08:06 utils.py:140] ==================================
I 03-17 22:08:26 utils.py:131] === Checking the job status... ===
I 03-17 22:08:26 utils.py:137] Job status: JobStatus.RUNNING
I 03-17 22:08:26 utils.py:140] ==================================
I 03-17 22:08:47 utils.py:131] === Checking the job status... ===
I 03-17 22:08:47 utils.py:137] Job status: JobStatus.RUNNING
I 03-17 22:08:47 utils.py:140] ==================================
I 03-17 22:09:07 utils.py:131] === Checking the job status... ===
I 03-17 22:09:08 utils.py:137] Job status: JobStatus.RUNNING
I 03-17 22:09:08 utils.py:140] ==================================
I 03-17 22:09:28 utils.py:131] === Checking the job status... ===
I 03-17 22:09:29 utils.py:137] Job status: JobStatus.RUNNING
I 03-17 22:09:29 utils.py:140] ==================================
I 03-17 22:09:49 utils.py:131] === Checking the job status... ===
I 03-17 22:09:49 utils.py:137] Job status: JobStatus.RUNNING
I 03-17 22:09:49 utils.py:140] ==================================
I 03-17 22:10:09 utils.py:131] === Checking the job status... ===
I 03-17 22:10:10 utils.py:137] Job status: JobStatus.RUNNING
I 03-17 22:10:10 utils.py:140] ==================================
I 03-17 22:10:30 utils.py:131] === Checking the job status... ===
I 03-17 22:10:31 utils.py:137] Job status: JobStatus.RUNNING
I 03-17 22:10:31 utils.py:140] ==================================
I 03-17 22:10:51 utils.py:131] === Checking the job status... ===
I 03-17 22:10:52 utils.py:137] Job status: JobStatus.RUNNING
I 03-17 22:10:52 utils.py:140] ==================================
I 03-17 22:11:12 utils.py:131] === Checking the job status... ===
I 03-17 22:11:12 utils.py:137] Job status: JobStatus.RUNNING
I 03-17 22:11:12 utils.py:140] ==================================
I 03-17 22:11:32 utils.py:131] === Checking the job status... ===
I 03-17 22:11:33 utils.py:137] Job status: JobStatus.RUNNING
I 03-17 22:11:33 utils.py:140] ==================================
I 03-17 22:11:53 utils.py:131] === Checking the job status... ===
I 03-17 22:11:54 utils.py:137] Job status: JobStatus.RUNNING
I 03-17 22:11:54 utils.py:140] ==================================
I 03-17 22:12:14 utils.py:131] === Checking the job status... ===
I 03-17 22:12:14 utils.py:137] Job status: JobStatus.RUNNING
I 03-17 22:12:14 utils.py:140] ==================================
I 03-17 22:12:34 utils.py:131] === Checking the job status... ===
I 03-17 22:12:35 utils.py:137] Job status: JobStatus.RUNNING
I 03-17 22:12:35 utils.py:140] ==================================
I 03-17 22:12:55 utils.py:131] === Checking the job status... ===
I 03-17 22:12:56 utils.py:137] Job status: JobStatus.RUNNING
I 03-17 22:12:56 utils.py:140] ==================================
I 03-17 22:13:16 utils.py:131] === Checking the job status... ===
I 03-17 22:13:16 utils.py:137] Job status: JobStatus.RUNNING
I 03-17 22:13:16 utils.py:140] ==================================
I 03-17 22:13:37 utils.py:131] === Checking the job status... ===
I 03-17 22:13:37 utils.py:137] Job status: JobStatus.RUNNING
I 03-17 22:13:37 utils.py:140] ==================================
I 03-17 22:13:57 utils.py:131] === Checking the job status... ===
I 03-17 22:13:58 utils.py:137] Job status: JobStatus.RUNNING
I 03-17 22:13:58 utils.py:140] ==================================
I 03-17 22:14:18 utils.py:131] === Checking the job status... ===
I 03-17 22:14:19 utils.py:137] Job status: JobStatus.RUNNING
I 03-17 22:14:19 utils.py:140] ==================================
I 03-17 22:14:39 utils.py:131] === Checking the job status... ===
I 03-17 22:14:39 utils.py:137] Job status: JobStatus.RUNNING
I 03-17 22:14:39 utils.py:140] ==================================
I 03-17 22:14:59 utils.py:131] === Checking the job status... ===
I 03-17 22:15:00 utils.py:137] Job status: JobStatus.RUNNING
I 03-17 22:15:00 utils.py:140] ==================================
I 03-17 22:15:20 utils.py:131] === Checking the job status... ===
I 03-17 22:15:21 utils.py:137] Job status: JobStatus.RUNNING
I 03-17 22:15:21 utils.py:140] ==================================
I 03-17 22:15:41 utils.py:131] === Checking the job status... ===
I 03-17 22:15:41 utils.py:137] Job status: JobStatus.RUNNING
I 03-17 22:15:41 utils.py:140] ==================================
I 03-17 22:16:02 utils.py:131] === Checking the job status... ===
I 03-17 22:16:02 utils.py:137] Job status: JobStatus.RUNNING
I 03-17 22:16:02 utils.py:140] ==================================
I 03-17 22:16:22 utils.py:131] === Checking the job status... ===
I 03-17 22:16:23 utils.py:137] Job status: JobStatus.RUNNING
I 03-17 22:16:23 utils.py:140] ==================================
I 03-17 22:16:43 utils.py:131] === Checking the job status... ===
I 03-17 22:16:44 utils.py:137] Job status: JobStatus.RUNNING
I 03-17 22:16:44 utils.py:140] ==================================
I 03-17 22:17:04 utils.py:131] === Checking the job status... ===
I 03-17 22:17:04 utils.py:137] Job status: JobStatus.RUNNING
I 03-17 22:17:04 utils.py:140] ==================================
I 03-17 22:17:24 utils.py:131] === Checking the job status... ===
I 03-17 22:17:25 utils.py:137] Job status: JobStatus.RUNNING
I 03-17 22:17:25 utils.py:140] ==================================
I 03-17 22:17:45 utils.py:131] === Checking the job status... ===
I 03-17 22:17:46 utils.py:137] Job status: JobStatus.RUNNING
I 03-17 22:17:46 utils.py:140] ==================================
I 03-17 22:18:06 utils.py:131] === Checking the job status... ===
I 03-17 22:18:06 utils.py:137] Job status: JobStatus.RUNNING
I 03-17 22:18:06 utils.py:140] ==================================
I 03-17 22:18:27 utils.py:131] === Checking the job status... ===
I 03-17 22:18:27 utils.py:137] Job status: JobStatus.RUNNING
I 03-17 22:18:27 utils.py:140] ==================================
I 03-17 22:18:47 utils.py:131] === Checking the job status... ===
I 03-17 22:18:48 utils.py:137] Job status: JobStatus.RUNNING
I 03-17 22:18:48 utils.py:140] ==================================
I 03-17 22:19:08 utils.py:131] === Checking the job status... ===
I 03-17 22:19:09 utils.py:137] Job status: JobStatus.RUNNING
I 03-17 22:19:09 utils.py:140] ==================================
I 03-17 22:19:29 utils.py:131] === Checking the job status... ===
I 03-17 22:19:29 utils.py:137] Job status: JobStatus.RUNNING
I 03-17 22:19:29 utils.py:140] ==================================
I 03-17 22:19:49 utils.py:131] === Checking the job status... ===
I 03-17 22:19:50 utils.py:137] Job status: JobStatus.RUNNING
I 03-17 22:19:50 utils.py:140] ==================================
I 03-17 22:20:10 utils.py:131] === Checking the job status... ===
I 03-17 22:20:11 utils.py:137] Job status: JobStatus.RUNNING
I 03-17 22:20:11 utils.py:140] ==================================
I 03-17 22:20:31 utils.py:131] === Checking the job status... ===
I 03-17 22:20:32 utils.py:137] Job status: JobStatus.RUNNING
I 03-17 22:20:32 utils.py:140] ==================================
I 03-17 22:20:52 utils.py:131] === Checking the job status... ===
I 03-17 22:20:52 utils.py:137] Job status: JobStatus.RUNNING
I 03-17 22:20:52 utils.py:140] ==================================
I 03-17 22:21:12 utils.py:131] === Checking the job status... ===
I 03-17 22:21:13 utils.py:137] Job status: JobStatus.RUNNING
I 03-17 22:21:13 utils.py:140] ==================================
I 03-17 22:21:33 utils.py:131] === Checking the job status... ===
I 03-17 22:21:34 utils.py:137] Job status: JobStatus.RUNNING
I 03-17 22:21:34 utils.py:140] ==================================
I 03-17 22:21:54 utils.py:131] === Checking the job status... ===
I 03-17 22:21:55 utils.py:137] Job status: JobStatus.RUNNING
I 03-17 22:21:55 utils.py:140] ==================================
I 03-17 22:22:15 utils.py:131] === Checking the job status... ===
I 03-17 22:22:15 utils.py:137] Job status: JobStatus.RUNNING
I 03-17 22:22:15 utils.py:140] ==================================
I 03-17 22:22:35 utils.py:131] === Checking the job status... ===
I 03-17 22:22:36 utils.py:137] Job status: JobStatus.RUNNING
I 03-17 22:22:36 utils.py:140] ==================================
I 03-17 22:22:56 utils.py:131] === Checking the job status... ===
I 03-17 22:22:57 utils.py:137] Job status: JobStatus.RUNNING
I 03-17 22:22:57 utils.py:140] ==================================
I 03-17 22:23:17 utils.py:131] === Checking the job status... ===
I 03-17 22:23:17 utils.py:137] Job status: JobStatus.RUNNING
I 03-17 22:23:17 utils.py:140] ==================================
I 03-17 22:23:38 utils.py:131] === Checking the job status... ===
I 03-17 22:23:38 utils.py:137] Job status: JobStatus.RUNNING
I 03-17 22:23:38 utils.py:140] ==================================
I 03-17 22:23:58 utils.py:131] === Checking the job status... ===
I 03-17 22:23:59 utils.py:137] Job status: JobStatus.RUNNING
I 03-17 22:23:59 utils.py:140] ==================================
I 03-17 22:24:19 utils.py:131] === Checking the job status... ===
I 03-17 22:24:20 utils.py:137] Job status: JobStatus.RUNNING
I 03-17 22:24:20 utils.py:140] ==================================
I 03-17 22:24:40 utils.py:131] === Checking the job status... ===
I 03-17 22:24:40 utils.py:137] Job status: JobStatus.RUNNING
I 03-17 22:24:40 utils.py:140] ==================================
I 03-17 22:25:00 utils.py:131] === Checking the job status... ===
I 03-17 22:25:01 utils.py:137] Job status: JobStatus.RUNNING
I 03-17 22:25:01 utils.py:140] ==================================
I 03-17 22:25:21 utils.py:131] === Checking the job status... ===
I 03-17 22:25:22 utils.py:137] Job status: JobStatus.RUNNING
I 03-17 22:25:22 utils.py:140] ==================================
I 03-17 22:25:42 utils.py:131] === Checking the job status... ===
I 03-17 22:25:43 utils.py:137] Job status: JobStatus.RUNNING
I 03-17 22:25:43 utils.py:140] ==================================
I 03-17 22:26:03 utils.py:131] === Checking the job status... ===
I 03-17 22:26:03 utils.py:137] Job status: JobStatus.RUNNING
I 03-17 22:26:03 utils.py:140] ==================================
I 03-17 22:26:23 utils.py:131] === Checking the job status... ===
I 03-17 22:26:24 utils.py:137] Job status: JobStatus.RUNNING
I 03-17 22:26:24 utils.py:140] ==================================
I 03-17 22:26:44 utils.py:131] === Checking the job status... ===
I 03-17 22:26:45 utils.py:137] Job status: JobStatus.RUNNING
I 03-17 22:26:45 utils.py:140] ==================================
I 03-17 22:27:05 utils.py:131] === Checking the job status... ===
I 03-17 22:27:05 utils.py:137] Job status: JobStatus.RUNNING
I 03-17 22:27:05 utils.py:140] ==================================
I 03-17 22:27:26 utils.py:131] === Checking the job status... ===
I 03-17 22:27:26 utils.py:137] Job status: JobStatus.RUNNING
I 03-17 22:27:26 utils.py:140] ==================================
I 03-17 22:27:46 utils.py:131] === Checking the job status... ===
I 03-17 22:27:47 utils.py:137] Job status: JobStatus.RUNNING
I 03-17 22:27:47 utils.py:140] ==================================
I 03-17 22:28:07 utils.py:131] === Checking the job status... ===
I 03-17 22:28:08 utils.py:137] Job status: JobStatus.RUNNING
I 03-17 22:28:08 utils.py:140] ==================================
I 03-17 22:28:28 utils.py:131] === Checking the job status... ===
I 03-17 22:28:28 utils.py:137] Job status: JobStatus.RUNNING
I 03-17 22:28:28 utils.py:140] ==================================
I 03-17 22:28:48 utils.py:131] === Checking the job status... ===
I 03-17 22:28:49 utils.py:137] Job status: JobStatus.RUNNING
I 03-17 22:28:49 utils.py:140] ==================================
I 03-17 22:29:09 utils.py:131] === Checking the job status... ===
I 03-17 22:29:10 utils.py:137] Job status: JobStatus.RUNNING
I 03-17 22:29:10 utils.py:140] ==================================
I 03-17 22:29:30 utils.py:131] === Checking the job status... ===
I 03-17 22:29:31 utils.py:137] Job status: JobStatus.RUNNING
I 03-17 22:29:31 utils.py:140] ==================================
I 03-17 22:29:51 utils.py:131] === Checking the job status... ===
I 03-17 22:29:51 utils.py:137] Job status: JobStatus.RUNNING
I 03-17 22:29:51 utils.py:140] ==================================
I 03-17 22:30:11 utils.py:131] === Checking the job status... ===
I 03-17 22:30:12 utils.py:137] Job status: JobStatus.RUNNING
I 03-17 22:30:12 utils.py:140] ==================================
I 03-17 22:30:32 utils.py:131] === Checking the job status... ===
I 03-17 22:30:33 utils.py:137] Job status: JobStatus.RUNNING
I 03-17 22:30:33 utils.py:140] ==================================
I 03-17 22:30:53 utils.py:131] === Checking the job status... ===
I 03-17 22:30:53 utils.py:137] Job status: JobStatus.RUNNING
I 03-17 22:30:53 utils.py:140] ==================================
I 03-17 22:31:14 utils.py:131] === Checking the job status... ===
I 03-17 22:31:14 utils.py:137] Job status: JobStatus.RUNNING
I 03-17 22:31:14 utils.py:140] ==================================
I 03-17 22:31:34 utils.py:131] === Checking the job status... ===
I 03-17 22:31:35 utils.py:137] Job status: JobStatus.RUNNING
I 03-17 22:31:35 utils.py:140] ==================================
I 03-17 22:31:55 utils.py:131] === Checking the job status... ===
I 03-17 22:31:56 utils.py:137] Job status: JobStatus.RUNNING
I 03-17 22:31:56 utils.py:140] ==================================
I 03-17 22:32:16 utils.py:131] === Checking the job status... ===
I 03-17 22:32:16 utils.py:137] Job status: JobStatus.RUNNING
I 03-17 22:32:16 utils.py:140] ==================================
I 03-17 22:32:36 utils.py:131] === Checking the job status... ===
I 03-17 22:32:37 utils.py:137] Job status: JobStatus.RUNNING
I 03-17 22:32:37 utils.py:140] ==================================
I 03-17 22:32:57 utils.py:131] === Checking the job status... ===
I 03-17 22:32:58 utils.py:137] Job status: JobStatus.RUNNING
I 03-17 22:32:58 utils.py:140] ==================================
I 03-17 22:33:18 utils.py:131] === Checking the job status... ===
I 03-17 22:33:19 utils.py:137] Job status: JobStatus.RUNNING
I 03-17 22:33:19 utils.py:140] ==================================
I 03-17 22:33:39 utils.py:131] === Checking the job status... ===
I 03-17 22:33:39 utils.py:137] Job status: JobStatus.RUNNING
I 03-17 22:33:39 utils.py:140] ==================================
I 03-17 22:33:59 utils.py:131] === Checking the job status... ===
I 03-17 22:34:00 utils.py:137] Job status: JobStatus.RUNNING
I 03-17 22:34:00 utils.py:140] ==================================
I 03-17 22:34:20 utils.py:131] === Checking the job status... ===
I 03-17 22:34:21 utils.py:137] Job status: JobStatus.RUNNING
I 03-17 22:34:21 utils.py:140] ==================================
I 03-17 22:34:41 utils.py:131] === Checking the job status... ===
I 03-17 22:34:42 utils.py:137] Job status: JobStatus.RUNNING
I 03-17 22:34:42 utils.py:140] ==================================
I 03-17 22:35:02 utils.py:131] === Checking the job status... ===
I 03-17 22:35:02 utils.py:137] Job status: JobStatus.RUNNING
I 03-17 22:35:02 utils.py:140] ==================================
I 03-17 22:35:22 utils.py:131] === Checking the job status... ===
I 03-17 22:35:23 utils.py:137] Job status: JobStatus.RUNNING
I 03-17 22:35:23 utils.py:140] ==================================
I 03-17 22:35:43 utils.py:131] === Checking the job status... ===
I 03-17 22:35:44 utils.py:137] Job status: JobStatus.RUNNING
I 03-17 22:35:44 utils.py:140] ==================================
I 03-17 22:36:04 utils.py:131] === Checking the job status... ===
I 03-17 22:36:05 utils.py:137] Job status: JobStatus.RUNNING
I 03-17 22:36:05 utils.py:140] ==================================
I 03-17 22:36:25 utils.py:131] === Checking the job status... ===
I 03-17 22:36:25 utils.py:137] Job status: JobStatus.RUNNING
I 03-17 22:36:25 utils.py:140] ==================================
I 03-17 22:36:45 utils.py:131] === Checking the job status... ===
I 03-17 22:36:46 utils.py:137] Job status: JobStatus.RUNNING
I 03-17 22:36:46 utils.py:140] ==================================
I 03-17 22:37:06 utils.py:131] === Checking the job status... ===
I 03-17 22:37:07 utils.py:137] Job status: JobStatus.RUNNING
I 03-17 22:37:07 utils.py:140] ==================================
I 03-17 22:37:27 utils.py:131] === Checking the job status... ===
I 03-17 22:37:28 utils.py:137] Job status: JobStatus.RUNNING
I 03-17 22:37:28 utils.py:140] ==================================
I 03-17 22:37:48 utils.py:131] === Checking the job status... ===
I 03-17 22:37:48 utils.py:137] Job status: JobStatus.RUNNING
I 03-17 22:37:48 utils.py:140] ==================================
I 03-17 22:38:08 utils.py:131] === Checking the job status... ===
I 03-17 22:38:09 utils.py:137] Job status: JobStatus.RUNNING
I 03-17 22:38:09 utils.py:140] ==================================
I 03-17 22:38:29 utils.py:131] === Checking the job status... ===
I 03-17 22:38:30 utils.py:137] Job status: JobStatus.RUNNING
I 03-17 22:38:30 utils.py:140] ==================================
I 03-17 22:38:50 utils.py:131] === Checking the job status... ===
I 03-17 22:38:51 utils.py:137] Job status: JobStatus.RUNNING
I 03-17 22:38:51 utils.py:140] ==================================
I 03-17 22:39:11 utils.py:131] === Checking the job status... ===
I 03-17 22:39:11 utils.py:137] Job status: JobStatus.RUNNING
I 03-17 22:39:11 utils.py:140] ==================================
I 03-17 22:39:32 utils.py:131] === Checking the job status... ===
I 03-17 22:39:32 utils.py:137] Job status: JobStatus.RUNNING
I 03-17 22:39:32 utils.py:140] ==================================
I 03-17 22:39:52 utils.py:131] === Checking the job status... ===
I 03-17 22:39:53 utils.py:137] Job status: JobStatus.RUNNING
I 03-17 22:39:53 utils.py:140] ==================================
I 03-17 22:40:13 utils.py:131] === Checking the job status... ===
I 03-17 22:40:14 utils.py:137] Job status: JobStatus.RUNNING
I 03-17 22:40:14 utils.py:140] ==================================
I 03-17 22:40:34 utils.py:131] === Checking the job status... ===
I 03-17 22:40:34 utils.py:137] Job status: JobStatus.RUNNING
I 03-17 22:40:34 utils.py:140] ==================================
I 03-17 22:40:54 utils.py:131] === Checking the job status... ===
I 03-17 22:40:55 utils.py:137] Job status: JobStatus.RUNNING
I 03-17 22:40:55 utils.py:140] ==================================
I 03-17 22:41:15 utils.py:131] === Checking the job status... ===
I 03-17 22:41:16 utils.py:137] Job status: JobStatus.RUNNING
I 03-17 22:41:16 utils.py:140] ==================================
I 03-17 22:41:36 utils.py:131] === Checking the job status... ===
I 03-17 22:41:37 utils.py:137] Job status: JobStatus.RUNNING
I 03-17 22:41:37 utils.py:140] ==================================
I 03-17 22:41:57 utils.py:131] === Checking the job status... ===
I 03-17 22:41:57 utils.py:137] Job status: JobStatus.RUNNING
I 03-17 22:41:57 utils.py:140] ==================================
I 03-17 22:42:17 utils.py:131] === Checking the job status... ===
I 03-17 22:42:18 utils.py:137] Job status: JobStatus.RUNNING
I 03-17 22:42:18 utils.py:140] ==================================
I 03-17 22:42:38 utils.py:131] === Checking the job status... ===
I 03-17 22:42:39 utils.py:137] Job status: JobStatus.RUNNING
I 03-17 22:42:39 utils.py:140] ==================================
I 03-17 22:42:59 utils.py:131] === Checking the job status... ===
I 03-17 22:43:00 utils.py:137] Job status: JobStatus.RUNNING
I 03-17 22:43:00 utils.py:140] ==================================
I 03-17 22:43:20 utils.py:131] === Checking the job status... ===
I 03-17 22:43:20 utils.py:137] Job status: JobStatus.RUNNING
I 03-17 22:43:20 utils.py:140] ==================================
I 03-17 22:43:40 utils.py:131] === Checking the job status... ===
I 03-17 22:43:41 utils.py:137] Job status: JobStatus.RUNNING
I 03-17 22:43:41 utils.py:140] ==================================
I 03-17 22:44:01 utils.py:131] === Checking the job status... ===
I 03-17 22:44:02 utils.py:137] Job status: JobStatus.RUNNING
I 03-17 22:44:02 utils.py:140] ==================================
I 03-17 22:44:22 utils.py:131] === Checking the job status... ===
I 03-17 22:44:22 utils.py:137] Job status: JobStatus.RUNNING
I 03-17 22:44:22 utils.py:140] ==================================
I 03-17 22:44:42 utils.py:131] === Checking the job status... ===
I 03-17 22:44:43 utils.py:137] Job status: JobStatus.RUNNING
I 03-17 22:44:43 utils.py:140] ==================================
I 03-17 22:45:03 utils.py:131] === Checking the job status... ===
I 03-17 22:45:04 utils.py:137] Job status: JobStatus.RUNNING
I 03-17 22:45:04 utils.py:140] ==================================
I 03-17 22:45:24 utils.py:131] === Checking the job status... ===
I 03-17 22:45:25 utils.py:137] Job status: JobStatus.RUNNING
I 03-17 22:45:25 utils.py:140] ==================================
I 03-17 22:45:45 utils.py:131] === Checking the job status... ===
I 03-17 22:45:45 utils.py:137] Job status: JobStatus.RUNNING
I 03-17 22:45:45 utils.py:140] ==================================
I 03-17 22:46:05 utils.py:131] === Checking the job status... ===
I 03-17 22:46:06 utils.py:137] Job status: JobStatus.RUNNING
I 03-17 22:46:06 utils.py:140] ==================================
I 03-17 22:46:26 utils.py:131] === Checking the job status... ===
I 03-17 22:46:27 utils.py:137] Job status: JobStatus.RUNNING
I 03-17 22:46:27 utils.py:140] ==================================
I 03-17 22:46:47 utils.py:131] === Checking the job status... ===
I 03-17 22:46:48 utils.py:137] Job status: JobStatus.RUNNING
I 03-17 22:46:48 utils.py:140] ==================================
I 03-17 22:47:08 utils.py:131] === Checking the job status... ===
I 03-17 22:47:08 utils.py:137] Job status: JobStatus.RUNNING
I 03-17 22:47:08 utils.py:140] ==================================
I 03-17 22:47:28 utils.py:131] === Checking the job status... ===
I 03-17 22:47:29 utils.py:137] Job status: JobStatus.RUNNING
I 03-17 22:47:29 utils.py:140] ==================================
I 03-17 22:47:49 utils.py:131] === Checking the job status... ===
I 03-17 22:47:50 utils.py:137] Job status: JobStatus.RUNNING
I 03-17 22:47:50 utils.py:140] ==================================
I 03-17 22:48:10 utils.py:131] === Checking the job status... ===
I 03-17 22:48:11 utils.py:137] Job status: JobStatus.RUNNING
I 03-17 22:48:11 utils.py:140] ==================================
I 03-17 22:48:31 utils.py:131] === Checking the job status... ===
I 03-17 22:48:31 utils.py:137] Job status: JobStatus.RUNNING
I 03-17 22:48:31 utils.py:140] ==================================
I 03-17 22:48:51 utils.py:131] === Checking the job status... ===
I 03-17 22:48:52 utils.py:137] Job status: JobStatus.RUNNING
I 03-17 22:48:52 utils.py:140] ==================================
I 03-17 22:49:12 utils.py:131] === Checking the job status... ===
I 03-17 22:49:13 utils.py:137] Job status: JobStatus.RUNNING
I 03-17 22:49:13 utils.py:140] ==================================
I 03-17 22:49:33 utils.py:131] === Checking the job status... ===
I 03-17 22:49:33 utils.py:137] Job status: JobStatus.RUNNING
I 03-17 22:49:33 utils.py:140] ==================================
I 03-17 22:49:53 utils.py:131] === Checking the job status... ===
I 03-17 22:49:54 utils.py:137] Job status: JobStatus.RUNNING
I 03-17 22:49:54 utils.py:140] ==================================
I 03-17 22:50:14 utils.py:131] === Checking the job status... ===
I 03-17 22:50:15 utils.py:137] Job status: JobStatus.RUNNING
I 03-17 22:50:15 utils.py:140] ==================================
I 03-17 22:50:35 utils.py:131] === Checking the job status... ===
I 03-17 22:50:36 utils.py:137] Job status: JobStatus.RUNNING
I 03-17 22:50:36 utils.py:140] ==================================
I 03-17 22:50:56 utils.py:131] === Checking the job status... ===
I 03-17 22:50:56 utils.py:137] Job status: JobStatus.RUNNING
I 03-17 22:50:56 utils.py:140] ==================================
I 03-17 22:51:16 utils.py:131] === Checking the job status... ===
I 03-17 22:51:17 utils.py:137] Job status: JobStatus.RUNNING
I 03-17 22:51:17 utils.py:140] ==================================
I 03-17 22:51:37 utils.py:131] === Checking the job status... ===
I 03-17 22:51:38 utils.py:137] Job status: JobStatus.RUNNING
I 03-17 22:51:38 utils.py:140] ==================================
I 03-17 22:51:58 utils.py:131] === Checking the job status... ===
I 03-17 22:51:59 utils.py:137] Job status: JobStatus.RUNNING
I 03-17 22:51:59 utils.py:140] ==================================
I 03-17 22:52:19 utils.py:131] === Checking the job status... ===
I 03-17 22:52:19 utils.py:137] Job status: JobStatus.RUNNING
I 03-17 22:52:19 utils.py:140] ==================================
I 03-17 22:52:39 utils.py:131] === Checking the job status... ===
I 03-17 22:52:40 utils.py:137] Job status: JobStatus.RUNNING
I 03-17 22:52:40 utils.py:140] ==================================
I 03-17 22:53:00 utils.py:131] === Checking the job status... ===
I 03-17 22:53:01 utils.py:137] Job status: JobStatus.RUNNING
I 03-17 22:53:01 utils.py:140] ==================================
I 03-17 22:53:21 utils.py:131] === Checking the job status... ===
I 03-17 22:53:21 utils.py:137] Job status: JobStatus.RUNNING
I 03-17 22:53:21 utils.py:140] ==================================
I 03-17 22:53:42 utils.py:131] === Checking the job status... ===
I 03-17 22:53:42 utils.py:137] Job status: JobStatus.RUNNING
I 03-17 22:53:42 utils.py:140] ==================================
I 03-17 22:54:02 utils.py:131] === Checking the job status... ===
I 03-17 22:54:03 utils.py:137] Job status: JobStatus.RUNNING
I 03-17 22:54:03 utils.py:140] ==================================
I 03-17 22:54:23 utils.py:131] === Checking the job status... ===
I 03-17 22:54:24 utils.py:137] Job status: JobStatus.RUNNING
I 03-17 22:54:24 utils.py:140] ==================================
I 03-17 22:54:44 utils.py:131] === Checking the job status... ===
I 03-17 22:54:44 utils.py:137] Job status: JobStatus.RUNNING
I 03-17 22:54:44 utils.py:140] ==================================
I 03-17 22:55:04 utils.py:131] === Checking the job status... ===
I 03-17 22:55:05 utils.py:137] Job status: JobStatus.RUNNING
I 03-17 22:55:05 utils.py:140] ==================================
I 03-17 22:55:25 utils.py:131] === Checking the job status... ===
I 03-17 22:55:26 utils.py:137] Job status: JobStatus.RUNNING
I 03-17 22:55:26 utils.py:140] ==================================
I 03-17 22:55:46 utils.py:131] === Checking the job status... ===
I 03-17 22:55:47 utils.py:137] Job status: JobStatus.RUNNING
I 03-17 22:55:47 utils.py:140] ==================================
I 03-17 22:56:07 utils.py:131] === Checking the job status... ===
I 03-17 22:56:07 utils.py:137] Job status: JobStatus.RUNNING
I 03-17 22:56:07 utils.py:140] ==================================
I 03-17 22:56:28 utils.py:131] === Checking the job status... ===
I 03-17 22:56:28 utils.py:137] Job status: JobStatus.RUNNING
I 03-17 22:56:28 utils.py:140] ==================================
I 03-17 22:56:48 utils.py:131] === Checking the job status... ===
I 03-17 22:56:49 utils.py:137] Job status: JobStatus.RUNNING
I 03-17 22:56:49 utils.py:140] ==================================
I 03-17 22:57:09 utils.py:131] === Checking the job status... ===
I 03-17 22:57:10 utils.py:137] Job status: JobStatus.RUNNING
I 03-17 22:57:10 utils.py:140] ==================================
I 03-17 22:57:30 utils.py:131] === Checking the job status... ===
I 03-17 22:57:30 utils.py:137] Job status: JobStatus.RUNNING
I 03-17 22:57:30 utils.py:140] ==================================
I 03-17 22:57:50 utils.py:131] === Checking the job status... ===
I 03-17 22:57:51 utils.py:137] Job status: JobStatus.RUNNING
I 03-17 22:57:51 utils.py:140] ==================================
I 03-17 22:58:11 utils.py:131] === Checking the job status... ===
I 03-17 22:58:12 utils.py:137] Job status: JobStatus.RUNNING
I 03-17 22:58:12 utils.py:140] ==================================
I 03-17 22:58:32 utils.py:131] === Checking the job status... ===
I 03-17 22:58:33 utils.py:137] Job status: JobStatus.RUNNING
I 03-17 22:58:33 utils.py:140] ==================================
I 03-17 22:58:53 utils.py:131] === Checking the job status... ===
I 03-17 22:58:53 utils.py:137] Job status: JobStatus.RUNNING
I 03-17 22:58:53 utils.py:140] ==================================
I 03-17 22:59:13 utils.py:131] === Checking the job status... ===
I 03-17 22:59:14 utils.py:137] Job status: JobStatus.RUNNING
I 03-17 22:59:14 utils.py:140] ==================================
I 03-17 22:59:34 utils.py:131] === Checking the job status... ===
I 03-17 22:59:35 utils.py:137] Job status: JobStatus.RUNNING
I 03-17 22:59:35 utils.py:140] ==================================
I 03-17 22:59:55 utils.py:131] === Checking the job status... ===
I 03-17 22:59:56 utils.py:137] Job status: JobStatus.RUNNING
I 03-17 22:59:56 utils.py:140] ==================================
I 03-17 23:00:16 utils.py:131] === Checking the job status... ===
I 03-17 23:00:16 utils.py:137] Job status: JobStatus.RUNNING
I 03-17 23:00:16 utils.py:140] ==================================
I 03-17 23:00:37 utils.py:131] === Checking the job status... ===
I 03-17 23:00:37 utils.py:137] Job status: JobStatus.RUNNING
I 03-17 23:00:37 utils.py:140] ==================================
I 03-17 23:00:57 utils.py:131] === Checking the job status... ===
I 03-17 23:00:58 utils.py:137] Job status: JobStatus.RUNNING
I 03-17 23:00:58 utils.py:140] ==================================
I 03-17 23:01:18 utils.py:131] === Checking the job status... ===
I 03-17 23:01:19 utils.py:137] Job status: JobStatus.RUNNING
I 03-17 23:01:19 utils.py:140] ==================================
I 03-17 23:01:39 utils.py:131] === Checking the job status... ===
I 03-17 23:01:39 utils.py:137] Job status: JobStatus.RUNNING
I 03-17 23:01:39 utils.py:140] ==================================
I 03-17 23:02:00 utils.py:131] === Checking the job status... ===
I 03-17 23:02:00 utils.py:137] Job status: JobStatus.RUNNING
I 03-17 23:02:00 utils.py:140] ==================================
I 03-17 23:02:20 utils.py:131] === Checking the job status... ===
I 03-17 23:02:21 utils.py:137] Job status: JobStatus.RUNNING
I 03-17 23:02:21 utils.py:140] ==================================
I 03-17 23:02:41 utils.py:131] === Checking the job status... ===
I 03-17 23:02:42 utils.py:137] Job status: JobStatus.RUNNING
I 03-17 23:02:42 utils.py:140] ==================================
I 03-17 23:03:02 utils.py:131] === Checking the job status... ===
I 03-17 23:03:02 utils.py:137] Job status: JobStatus.RUNNING
I 03-17 23:03:02 utils.py:140] ==================================
I 03-17 23:03:22 utils.py:131] === Checking the job status... ===
I 03-17 23:03:23 utils.py:137] Job status: JobStatus.RUNNING
I 03-17 23:03:23 utils.py:140] ==================================
I 03-17 23:03:43 utils.py:131] === Checking the job status... ===
I 03-17 23:03:44 utils.py:137] Job status: JobStatus.RUNNING
I 03-17 23:03:44 utils.py:140] ==================================
I 03-17 23:04:04 utils.py:131] === Checking the job status... ===
I 03-17 23:04:05 utils.py:137] Job status: JobStatus.RUNNING
I 03-17 23:04:05 utils.py:140] ==================================
I 03-17 23:04:25 utils.py:131] === Checking the job status... ===
I 03-17 23:04:25 utils.py:137] Job status: JobStatus.RUNNING
I 03-17 23:04:25 utils.py:140] ==================================
I 03-17 23:04:45 utils.py:131] === Checking the job status... ===
I 03-17 23:04:46 utils.py:137] Job status: JobStatus.RUNNING
I 03-17 23:04:46 utils.py:140] ==================================
I 03-17 23:05:06 utils.py:131] === Checking the job status... ===
I 03-17 23:05:07 utils.py:137] Job status: JobStatus.RUNNING
I 03-17 23:05:07 utils.py:140] ==================================
I 03-17 23:05:27 utils.py:131] === Checking the job status... ===
I 03-17 23:05:28 utils.py:137] Job status: JobStatus.RUNNING
I 03-17 23:05:28 utils.py:140] ==================================
I 03-17 23:05:48 utils.py:131] === Checking the job status... ===
I 03-17 23:05:48 utils.py:137] Job status: JobStatus.RUNNING
I 03-17 23:05:48 utils.py:140] ==================================
I 03-17 23:06:08 utils.py:131] === Checking the job status... ===
I 03-17 23:06:09 utils.py:137] Job status: JobStatus.RUNNING
I 03-17 23:06:09 utils.py:140] ==================================
I 03-17 23:06:29 utils.py:131] === Checking the job status... ===
I 03-17 23:06:30 utils.py:137] Job status: JobStatus.RUNNING
I 03-17 23:06:30 utils.py:140] ==================================
I 03-17 23:06:50 utils.py:131] === Checking the job status... ===
I 03-17 23:06:51 utils.py:137] Job status: JobStatus.RUNNING
I 03-17 23:06:51 utils.py:140] ==================================
I 03-17 23:07:11 utils.py:131] === Checking the job status... ===
I 03-17 23:07:11 utils.py:137] Job status: JobStatus.RUNNING
I 03-17 23:07:11 utils.py:140] ==================================
I 03-17 23:07:31 utils.py:131] === Checking the job status... ===
I 03-17 23:07:32 utils.py:137] Job status: JobStatus.RUNNING
I 03-17 23:07:32 utils.py:140] ==================================
I 03-17 23:07:52 utils.py:131] === Checking the job status... ===
I 03-17 23:07:53 utils.py:137] Job status: JobStatus.RUNNING
I 03-17 23:07:53 utils.py:140] ==================================
I 03-17 23:08:13 utils.py:131] === Checking the job status... ===
I 03-17 23:08:14 utils.py:137] Job status: JobStatus.RUNNING
I 03-17 23:08:14 utils.py:140] ==================================
I 03-17 23:08:34 utils.py:131] === Checking the job status... ===
I 03-17 23:08:34 utils.py:137] Job status: JobStatus.RUNNING
I 03-17 23:08:34 utils.py:140] ==================================
I 03-17 23:08:54 utils.py:131] === Checking the job status... ===
I 03-17 23:08:55 utils.py:137] Job status: JobStatus.RUNNING
I 03-17 23:08:55 utils.py:140] ==================================
I 03-17 23:09:15 utils.py:131] === Checking the job status... ===
I 03-17 23:09:16 utils.py:137] Job status: JobStatus.RUNNING
I 03-17 23:09:16 utils.py:140] ==================================
I 03-17 23:09:36 utils.py:131] === Checking the job status... ===
I 03-17 23:09:37 utils.py:137] Job status: JobStatus.RUNNING
I 03-17 23:09:37 utils.py:140] ==================================
I 03-17 23:09:57 utils.py:131] === Checking the job status... ===
I 03-17 23:09:57 utils.py:137] Job status: JobStatus.RUNNING
I 03-17 23:09:57 utils.py:140] ==================================
I 03-17 23:10:17 utils.py:131] === Checking the job status... ===
I 03-17 23:10:18 utils.py:137] Job status: JobStatus.RUNNING
I 03-17 23:10:18 utils.py:140] ==================================
I 03-17 23:10:38 utils.py:131] === Checking the job status... ===
I 03-17 23:10:39 utils.py:137] Job status: JobStatus.RUNNING
I 03-17 23:10:39 utils.py:140] ==================================
I 03-17 23:10:59 utils.py:131] === Checking the job status... ===
I 03-17 23:10:59 utils.py:137] Job status: JobStatus.RUNNING
I 03-17 23:10:59 utils.py:140] ==================================
I 03-17 23:11:20 utils.py:131] === Checking the job status... ===
I 03-17 23:11:20 utils.py:137] Job status: JobStatus.RUNNING
I 03-17 23:11:20 utils.py:140] ==================================
I 03-17 23:11:40 utils.py:131] === Checking the job status... ===
I 03-17 23:11:41 utils.py:137] Job status: JobStatus.RUNNING
I 03-17 23:11:41 utils.py:140] ==================================
I 03-17 23:12:01 utils.py:131] === Checking the job status... ===
I 03-17 23:12:02 utils.py:137] Job status: JobStatus.RUNNING
I 03-17 23:12:02 utils.py:140] ==================================
I 03-17 23:12:22 utils.py:131] === Checking the job status... ===
I 03-17 23:12:22 utils.py:137] Job status: JobStatus.RUNNING
I 03-17 23:12:22 utils.py:140] ==================================
I 03-17 23:12:43 utils.py:131] === Checking the job status... ===
I 03-17 23:12:43 utils.py:137] Job status: JobStatus.RUNNING
I 03-17 23:12:43 utils.py:140] ==================================
I 03-17 23:13:03 utils.py:131] === Checking the job status... ===
I 03-17 23:13:04 utils.py:137] Job status: JobStatus.RUNNING
I 03-17 23:13:04 utils.py:140] ==================================
I 03-17 23:13:24 utils.py:131] === Checking the job status... ===
I 03-17 23:13:25 utils.py:137] Job status: JobStatus.RUNNING
I 03-17 23:13:25 utils.py:140] ==================================
I 03-17 23:13:45 utils.py:131] === Checking the job status... ===
I 03-17 23:13:45 utils.py:137] Job status: JobStatus.RUNNING
I 03-17 23:13:45 utils.py:140] ==================================
I 03-17 23:14:06 utils.py:131] === Checking the job status... ===
I 03-17 23:14:06 utils.py:137] Job status: JobStatus.RUNNING
I 03-17 23:14:06 utils.py:140] ==================================
I 03-17 23:14:26 utils.py:131] === Checking the job status... ===
I 03-17 23:14:27 utils.py:137] Job status: JobStatus.RUNNING
I 03-17 23:14:27 utils.py:140] ==================================
I 03-17 23:14:47 utils.py:131] === Checking the job status... ===
I 03-17 23:14:48 utils.py:137] Job status: JobStatus.RUNNING
I 03-17 23:14:48 utils.py:140] ==================================
I 03-17 23:15:08 utils.py:131] === Checking the job status... ===
I 03-17 23:15:08 utils.py:137] Job status: JobStatus.RUNNING
I 03-17 23:15:08 utils.py:140] ==================================
I 03-17 23:15:28 utils.py:131] === Checking the job status... ===
I 03-17 23:15:29 utils.py:137] Job status: JobStatus.RUNNING
I 03-17 23:15:29 utils.py:140] ==================================
I 03-17 23:15:49 utils.py:131] === Checking the job status... ===
I 03-17 23:15:50 utils.py:137] Job status: JobStatus.RUNNING
I 03-17 23:15:50 utils.py:140] ==================================
I 03-17 23:16:10 utils.py:131] === Checking the job status... ===
I 03-17 23:16:11 utils.py:137] Job status: JobStatus.RUNNING
I 03-17 23:16:11 utils.py:140] ==================================
I 03-17 23:16:31 utils.py:131] === Checking the job status... ===
I 03-17 23:16:31 utils.py:137] Job status: JobStatus.RUNNING
I 03-17 23:16:31 utils.py:140] ==================================
I 03-17 23:16:51 utils.py:131] === Checking the job status... ===
I 03-17 23:16:52 utils.py:137] Job status: JobStatus.RUNNING
I 03-17 23:16:52 utils.py:140] ==================================
I 03-17 23:17:12 utils.py:131] === Checking the job status... ===
I 03-17 23:17:13 utils.py:137] Job status: JobStatus.RUNNING
I 03-17 23:17:13 utils.py:140] ==================================
I 03-17 23:17:33 utils.py:131] === Checking the job status... ===
I 03-17 23:17:34 utils.py:137] Job status: JobStatus.RUNNING
I 03-17 23:17:34 utils.py:140] ==================================
I 03-17 23:17:54 utils.py:131] === Checking the job status... ===
I 03-17 23:17:54 utils.py:137] Job status: JobStatus.RUNNING
I 03-17 23:17:54 utils.py:140] ==================================
I 03-17 23:18:14 utils.py:131] === Checking the job status... ===
I 03-17 23:18:15 utils.py:137] Job status: JobStatus.RUNNING
I 03-17 23:18:15 utils.py:140] ==================================
I 03-17 23:18:35 utils.py:131] === Checking the job status... ===
I 03-17 23:18:36 utils.py:137] Job status: JobStatus.RUNNING
I 03-17 23:18:36 utils.py:140] ==================================
I 03-17 23:18:56 utils.py:131] === Checking the job status... ===
I 03-17 23:18:57 utils.py:137] Job status: JobStatus.RUNNING
I 03-17 23:18:57 utils.py:140] ==================================
I 03-17 23:19:17 utils.py:131] === Checking the job status... ===
I 03-17 23:19:17 utils.py:137] Job status: JobStatus.RUNNING
I 03-17 23:19:17 utils.py:140] ==================================
I 03-17 23:19:37 utils.py:131] === Checking the job status... ===
I 03-17 23:19:38 utils.py:137] Job status: JobStatus.RUNNING
I 03-17 23:19:38 utils.py:140] ==================================
I 03-17 23:19:58 utils.py:131] === Checking the job status... ===
I 03-17 23:19:59 utils.py:137] Job status: JobStatus.RUNNING
I 03-17 23:19:59 utils.py:140] ==================================
I 03-17 23:20:19 utils.py:131] === Checking the job status... ===
I 03-17 23:20:20 utils.py:137] Job status: JobStatus.RUNNING
I 03-17 23:20:20 utils.py:140] ==================================
I 03-17 23:20:40 utils.py:131] === Checking the job status... ===
I 03-17 23:20:40 utils.py:137] Job status: JobStatus.RUNNING
I 03-17 23:20:40 utils.py:140] ==================================
I 03-17 23:21:00 utils.py:131] === Checking the job status... ===
I 03-17 23:21:01 utils.py:137] Job status: JobStatus.RUNNING
I 03-17 23:21:01 utils.py:140] ==================================
I 03-17 23:21:21 utils.py:131] === Checking the job status... ===
I 03-17 23:21:22 utils.py:137] Job status: JobStatus.RUNNING
I 03-17 23:21:22 utils.py:140] ==================================
I 03-17 23:21:42 utils.py:131] === Checking the job status... ===
I 03-17 23:21:42 utils.py:137] Job status: JobStatus.SUCCEEDED
I 03-17 23:21:42 utils.py:140] ==================================
I 03-17 23:21:43 state.py:561] Job succeeded.
I 03-17 23:21:43 controller.py:238] Managed job 137 (task: 0) SUCCEEDED. Cleaning up the cluster compute-text-vectors-137.
E 03-17 23:21:44 controller_utils.py:376] Failed to find the logs for the user program at ~/sky_logs/managed_jobs/sky-2025-03-17-21-18-13-439585/run.log.
I 03-17 23:21:44 controller.py:117] 
I 03-17 23:21:44 controller.py:117] == End of logs (ID: 137) ==
I 03-17 23:21:50 state.py:656] Cancellation skipped, job is already terminal
I 03-17 23:21:50 state.py:677] Cancellation skipped, job is not CANCELLING
I 03-17 23:21:52 controller.py:552] Killing controller process 50188.
I 03-17 23:21:52 controller.py:560] Controller process 50188 killed.
I 03-17 23:21:52 controller.py:562] Cleaning up any cluster for job 137.
I 03-17 23:21:52 storage.py:699] Verifying bucket for storage skypilot-filemounts-root-726f1974-4t2xetnr
<sky-payload>"<rich_init>[bold cyan]Deleting S3 bucket [green]skypilot-filemounts-root-726f1974-4t2xetnr[/][/]</rich_init>"</sky-payload>
<sky-payload>"<rich_update>[bold cyan]Deleting S3 bucket [green]skypilot-filemounts-root-726f1974-4t2xetnr[/][/]</rich_update>"</sky-payload>
<sky-payload>"<rich_start>[bold cyan]Deleting S3 bucket [green]skypilot-filemounts-root-726f1974-4t2xetnr[/][/]</rich_start>"</sky-payload>
<sky-payload>"<rich_exit></rich_exit>"</sky-payload>
I 03-17 23:21:54 storage.py:1505] [32mDeleted S3 bucket skypilot-filemounts-root-726f1974-4t2xetnr.[0m
I 03-17 23:21:54 controller.py:571] Cluster of managed job 137 has been cleaned up.
