I 03-17 21:15:31 controller.py:59] DAG:
I 03-17 21:15:31 controller.py:59] [Task<name=compute-text-vectors>(run='# Initialize and dow...')
I 03-17 21:15:31 controller.py:59]   resources: {AWS([Spot], cpus=4, {'L4': 1}), AWS(cpus=4, {'L4': 1})}]
I 03-17 21:15:31 controller.py:195] Submitted managed job 18 (task: 0, name: 'compute-text-vectors'); SKYPILOT_TASK_ID: sky-managed-2025-03-17-21-15-31-170798_compute-text-vectors_18-0
I 03-17 21:15:31 controller.py:199] Started monitoring.
I 03-17 21:15:31 state.py:451] Launching the spot cluster...
I 03-17 21:15:31 storage.py:1058] Storage type StoreType.S3 already exists.
<sky-payload>"<rich_init>[bold cyan]Optimizing[/]</rich_init>"</sky-payload>
<sky-payload>"<rich_update>[bold cyan]Optimizing[/]</rich_update>"</sky-payload>
<sky-payload>"<rich_start>[bold cyan]Optimizing[/]</rich_start>"</sky-payload>
I 03-17 21:15:32 optimizer.py:736] [1mTarget:[0m minimizing cost
I 03-17 21:15:32 optimizer.py:749] [1mEstimated cost: [0m$0.2 / hour
I 03-17 21:15:32 optimizer.py:749] 
I 03-17 21:15:32 optimizer.py:884] Considered resources (1 node):
I 03-17 21:15:32 optimizer.py:952] ----------------------------------------------------------------------------------------------
I 03-17 21:15:32 optimizer.py:952]  CLOUD   INSTANCE          vCPUs   Mem(GB)   ACCELERATORS   REGION/ZONE   COST ($)   CHOSEN   
I 03-17 21:15:32 optimizer.py:952] ----------------------------------------------------------------------------------------------
I 03-17 21:15:32 optimizer.py:952]  AWS     g6.xlarge[Spot]   4       16        L4:1           ap-south-1b   0.22       [32m   ✔[0m     
I 03-17 21:15:32 optimizer.py:952]  AWS     g6.xlarge         4       16        L4:1           us-east-1     0.80                
I 03-17 21:15:32 optimizer.py:952] ----------------------------------------------------------------------------------------------
<sky-payload>"<rich_exit></rich_exit>"</sky-payload>
<sky-payload>"<rich_init>[bold cyan]Launching[/]</rich_init>"</sky-payload>
<sky-payload>"<rich_update>[bold cyan]Launching[/]</rich_update>"</sky-payload>
<sky-payload>"<rich_start>[bold cyan]Launching[/]</rich_start>"</sky-payload>
<sky-payload>"<rich_update>[bold cyan]Launching[/]  \u001b[2mView logs: sky api logs -l sky-2025-03-17-21-15-31-830497/provision.log\u001b[0m</rich_update>"</sky-payload>
<sky-payload>"<rich_update>[bold cyan]Launching[/]  \u001b[2mView logs: sky api logs -l sky-2025-03-17-21-15-31-830497/provision.log\u001b[0m</rich_update>"</sky-payload>
I 03-17 21:15:32 cloud_vm_ray_backend.py:1520] [0m⚙︎ Launching on AWS ap-south-1[0m (ap-south-1b).
[2mW 03-17 21:16:01 instance.py:243] create_instances: Attempt failed with An error occurred (InsufficientInstanceCapacity) when calling the RunInstances operation (reached max retries: 0): There is no Spot capacity available that matches your request.[0m
W 03-17 21:16:03 cloud_vm_ray_backend.py:2061] sky.exceptions.ResourcesUnavailableError: Failed to acquire resources in ap-south-1b for {AWS([Spot], cpus=4, {'L4': 1}), AWS(cpus=4, {'L4': 1})}. 
W 03-17 21:16:03 cloud_vm_ray_backend.py:2097] 
W 03-17 21:16:03 cloud_vm_ray_backend.py:2097] [0m[33m↺[0m Trying other potential resources.
<sky-payload>"<rich_update>[bold cyan]Looking for resources[/]  \u001b[2mView logs: sky api logs -l sky-2025-03-17-21-15-31-830497/provision.log\u001b[0m</rich_update>"</sky-payload>
<sky-payload>"<rich_update>[bold cyan]Optimizing[/]</rich_update>"</sky-payload>
<sky-payload>"<rich_start>[bold cyan]Launching[/]</rich_start>"</sky-payload>
I 03-17 21:16:03 optimizer.py:736] [1mTarget:[0m minimizing cost
I 03-17 21:16:03 optimizer.py:749] [1mEstimated cost: [0m$0.2 / hour
I 03-17 21:16:03 optimizer.py:749] 
I 03-17 21:16:03 optimizer.py:884] Considered resources (1 node):
I 03-17 21:16:03 optimizer.py:952] ----------------------------------------------------------------------------------------------
I 03-17 21:16:03 optimizer.py:952]  CLOUD   INSTANCE          vCPUs   Mem(GB)   ACCELERATORS   REGION/ZONE   COST ($)   CHOSEN   
I 03-17 21:16:03 optimizer.py:952] ----------------------------------------------------------------------------------------------
I 03-17 21:16:03 optimizer.py:952]  AWS     g6.xlarge[Spot]   4       16        L4:1           ap-south-1a   0.25       [32m   ✔[0m     
I 03-17 21:16:03 optimizer.py:952]  AWS     g6.xlarge         4       16        L4:1           us-east-1     0.80                
I 03-17 21:16:03 optimizer.py:952] ----------------------------------------------------------------------------------------------
<sky-payload>"<rich_update>[bold cyan]Looking for resources[/]  \u001b[2mView logs: sky api logs -l sky-2025-03-17-21-15-31-830497/provision.log\u001b[0m</rich_update>"</sky-payload>
<sky-payload>"<rich_update>[bold cyan]Launching[/]  \u001b[2mView logs: sky api logs -l sky-2025-03-17-21-15-31-830497/provision.log\u001b[0m</rich_update>"</sky-payload>
I 03-17 21:16:04 cloud_vm_ray_backend.py:1520] [0m⚙︎ Launching on AWS ap-south-1[0m (ap-south-1a).
<sky-payload>"<rich_update>[bold cyan]Launching - Checking instance status[/]  \u001b[2mView logs: sky api logs -l sky-2025-03-17-21-15-31-830497/provision.log\u001b[0m</rich_update>"</sky-payload>
<sky-payload>"<rich_update>[bold cyan]Launching - Waiting for SSH access[/]  \u001b[2mView logs: sky api logs -l sky-2025-03-17-21-15-31-830497/provision.log\u001b[0m</rich_update>"</sky-payload>
<sky-payload>"<rich_start>[bold cyan]Launching[/]</rich_start>"</sky-payload>
I 03-17 21:16:33 provisioner.py:451] [2m└── [0m[2mInstance is up.[0m
<sky-payload>"<rich_update>[bold cyan]Preparing SkyPilot runtime (1/3 - initializing)[/]  \u001b[2mView logs: sky api logs -l sky-2025-03-17-21-15-31-830497/provision.log\u001b[0m</rich_update>"</sky-payload>
<sky-payload>"<rich_update>[bold cyan]Preparing SkyPilot runtime (2/3 - dependencies)[/]  \u001b[2mView logs: sky api logs -l sky-2025-03-17-21-15-31-830497/provision.log\u001b[0m</rich_update>"</sky-payload>
<sky-payload>"<rich_update>[bold cyan]Preparing SkyPilot runtime (3/3 - runtime)[/]  \u001b[2mView logs: sky api logs -l sky-2025-03-17-21-15-31-830497/provision.log\u001b[0m</rich_update>"</sky-payload>
<sky-payload>"<rich_update>[bold cyan]Launching - Checking instance status[/]  \u001b[2mView logs: sky api logs -l sky-2025-03-17-21-15-31-830497/provision.log\u001b[0m</rich_update>"</sky-payload>
I 03-17 21:17:02 provisioner.py:632] [0m[32m✓ Cluster launched: compute-text-vectors-18.[0m  [2mView logs: sky api logs -l sky-2025-03-17-21-15-31-830497/provision.log[0m
<sky-payload>"<rich_exit></rich_exit>"</sky-payload>
I 03-17 21:17:02 execution.py:332] [0m⚙︎ Syncing files.
<sky-payload>"<rich_init>[bold cyan]Syncing files[/]</rich_init>"</sky-payload>
<sky-payload>"<rich_update>[bold cyan]Syncing files[/]</rich_update>"</sky-payload>
<sky-payload>"<rich_start>[bold cyan]Syncing files[/]</rich_start>"</sky-payload>
<sky-payload>"<rich_update>[bold cyan]Syncing file mounts[/]  \u001b[2mView logs: sky api logs -l sky-2025-03-17-21-15-31-830497/file_mounts.log\u001b[0m</rich_update>"</sky-payload>
I 03-17 21:17:02 backend_utils.py:1315]   [2mSyncing (to 1 node): s3://skypilot-filemounts-root-726f1974-ku2d6op3/job-ku2d6op3/workdir -> ~/sky_workdir[0m
I 03-17 21:17:06 cloud_vm_ray_backend.py:4801] [0m[32m✓ Synced file_mounts.[0m  [2mView logs: sky api logs -l sky-2025-03-17-21-15-31-830497/file_mounts.log[0m
<sky-payload>"<rich_update>[bold cyan]Mounting 1 storage[/]  \u001b[2mView logs: sky api logs -l sky-2025-03-17-21-15-31-830497/storage_mounts.log\u001b[0m</rich_update>"</sky-payload>
I 03-17 21:17:06 backend_utils.py:1315]   [2mMounting (to 1 node): s3://sky-text-embeddings-multi-cluster-final-2 -> /output[0m
I 03-17 21:17:10 cloud_vm_ray_backend.py:4892] [0m[32m✓ Storage mounted.[0m  [2mView logs: sky api logs -l sky-2025-03-17-21-15-31-830497/storage_mounts.log[0m
<sky-payload>"<rich_exit></rich_exit>"</sky-payload>
<sky-payload>"<rich_init>[bold cyan]Running setup[/]</rich_init>"</sky-payload>
<sky-payload>"<rich_update>[bold cyan]Running setup[/]</rich_update>"</sky-payload>
<sky-payload>"<rich_start>[bold cyan]Running setup[/]</rich_start>"</sky-payload>
<sky-payload>"<rich_stop></rich_stop>"</sky-payload>
I 03-17 21:17:14 cloud_vm_ray_backend.py:3357] [0m[32m✓ Setup detached.[0m
<sky-payload>"<rich_exit></rich_exit>"</sky-payload>
<sky-payload>"<rich_init>[bold cyan]Submitting job[/]</rich_init>"</sky-payload>
<sky-payload>"<rich_update>[bold cyan]Submitting job[/]</rich_update>"</sky-payload>
<sky-payload>"<rich_start>[bold cyan]Submitting job[/]</rich_start>"</sky-payload>
I 03-17 21:17:15 cloud_vm_ray_backend.py:3546] Multiple resources are specified for the task, using: AWS([Spot], cpus=4, {'L4': 1})
I 03-17 21:17:17 cloud_vm_ray_backend.py:3460] [0m⚙︎ Job submitted, ID: 1
<sky-payload>"<rich_stop></rich_stop>"</sky-payload>
<sky-payload>"<rich_exit></rich_exit>"</sky-payload>

[?25hI 03-17 21:17:17 recovery_strategy.py:289] Managed job cluster launched.
I 03-17 21:17:21 utils.py:131] === Checking the job status... ===
I 03-17 21:17:22 utils.py:137] Job status: JobStatus.SETTING_UP
I 03-17 21:17:22 utils.py:140] ==================================
I 03-17 21:17:23 state.py:471] Job started.
I 03-17 21:17:43 utils.py:131] === Checking the job status... ===
I 03-17 21:17:44 utils.py:137] Job status: JobStatus.SETTING_UP
I 03-17 21:17:44 utils.py:140] ==================================
I 03-17 21:18:04 utils.py:131] === Checking the job status... ===
I 03-17 21:18:05 utils.py:137] Job status: JobStatus.SETTING_UP
I 03-17 21:18:05 utils.py:140] ==================================
I 03-17 21:18:25 utils.py:131] === Checking the job status... ===
I 03-17 21:18:27 utils.py:137] Job status: JobStatus.SETTING_UP
I 03-17 21:18:27 utils.py:140] ==================================
I 03-17 21:18:47 utils.py:131] === Checking the job status... ===
I 03-17 21:18:48 utils.py:137] Job status: JobStatus.SETTING_UP
I 03-17 21:18:48 utils.py:140] ==================================
I 03-17 21:19:08 utils.py:131] === Checking the job status... ===
I 03-17 21:19:09 utils.py:137] Job status: JobStatus.SETTING_UP
I 03-17 21:19:09 utils.py:140] ==================================
I 03-17 21:19:29 utils.py:131] === Checking the job status... ===
I 03-17 21:19:31 utils.py:137] Job status: JobStatus.RUNNING
I 03-17 21:19:31 utils.py:140] ==================================
I 03-17 21:19:51 utils.py:131] === Checking the job status... ===
I 03-17 21:19:52 utils.py:137] Job status: JobStatus.RUNNING
I 03-17 21:19:52 utils.py:140] ==================================
I 03-17 21:20:12 utils.py:131] === Checking the job status... ===
I 03-17 21:20:13 utils.py:137] Job status: JobStatus.RUNNING
I 03-17 21:20:13 utils.py:140] ==================================
I 03-17 21:20:33 utils.py:131] === Checking the job status... ===
I 03-17 21:20:35 utils.py:137] Job status: JobStatus.RUNNING
I 03-17 21:20:35 utils.py:140] ==================================
I 03-17 21:20:55 utils.py:131] === Checking the job status... ===
I 03-17 21:20:56 utils.py:137] Job status: JobStatus.RUNNING
I 03-17 21:20:56 utils.py:140] ==================================
I 03-17 21:21:16 utils.py:131] === Checking the job status... ===
I 03-17 21:21:17 utils.py:137] Job status: JobStatus.RUNNING
I 03-17 21:21:17 utils.py:140] ==================================
I 03-17 21:21:37 utils.py:131] === Checking the job status... ===
I 03-17 21:21:38 utils.py:137] Job status: JobStatus.RUNNING
I 03-17 21:21:38 utils.py:140] ==================================
I 03-17 21:21:59 utils.py:131] === Checking the job status... ===
I 03-17 21:22:00 utils.py:137] Job status: JobStatus.RUNNING
I 03-17 21:22:00 utils.py:140] ==================================
I 03-17 21:22:20 utils.py:131] === Checking the job status... ===
I 03-17 21:22:21 utils.py:137] Job status: JobStatus.RUNNING
I 03-17 21:22:21 utils.py:140] ==================================
I 03-17 21:22:41 utils.py:131] === Checking the job status... ===
I 03-17 21:22:42 utils.py:137] Job status: JobStatus.RUNNING
I 03-17 21:22:42 utils.py:140] ==================================
I 03-17 21:23:02 utils.py:131] === Checking the job status... ===
I 03-17 21:23:07 utils.py:137] Job status: JobStatus.RUNNING
I 03-17 21:23:07 utils.py:140] ==================================
I 03-17 21:23:27 utils.py:131] === Checking the job status... ===
I 03-17 21:23:28 utils.py:137] Job status: JobStatus.RUNNING
I 03-17 21:23:28 utils.py:140] ==================================
I 03-17 21:23:49 utils.py:131] === Checking the job status... ===
I 03-17 21:23:52 utils.py:137] Job status: JobStatus.RUNNING
I 03-17 21:23:52 utils.py:140] ==================================
I 03-17 21:24:12 utils.py:131] === Checking the job status... ===
I 03-17 21:24:13 utils.py:137] Job status: JobStatus.RUNNING
I 03-17 21:24:13 utils.py:140] ==================================
I 03-17 21:24:34 utils.py:131] === Checking the job status... ===
I 03-17 21:24:35 utils.py:137] Job status: JobStatus.RUNNING
I 03-17 21:24:35 utils.py:140] ==================================
I 03-17 21:24:55 utils.py:131] === Checking the job status... ===
I 03-17 21:24:56 utils.py:137] Job status: JobStatus.RUNNING
I 03-17 21:24:56 utils.py:140] ==================================
I 03-17 21:25:16 utils.py:131] === Checking the job status... ===
I 03-17 21:25:17 utils.py:137] Job status: JobStatus.RUNNING
I 03-17 21:25:17 utils.py:140] ==================================
I 03-17 21:25:37 utils.py:131] === Checking the job status... ===
I 03-17 21:25:38 utils.py:137] Job status: JobStatus.RUNNING
I 03-17 21:25:38 utils.py:140] ==================================
I 03-17 21:25:58 utils.py:131] === Checking the job status... ===
I 03-17 21:25:59 utils.py:137] Job status: JobStatus.RUNNING
I 03-17 21:25:59 utils.py:140] ==================================
I 03-17 21:26:19 utils.py:131] === Checking the job status... ===
I 03-17 21:26:20 utils.py:137] Job status: JobStatus.RUNNING
I 03-17 21:26:20 utils.py:140] ==================================
I 03-17 21:26:40 utils.py:131] === Checking the job status... ===
I 03-17 21:26:41 utils.py:137] Job status: JobStatus.RUNNING
I 03-17 21:26:41 utils.py:140] ==================================
I 03-17 21:27:01 utils.py:131] === Checking the job status... ===
I 03-17 21:27:02 utils.py:137] Job status: JobStatus.RUNNING
I 03-17 21:27:02 utils.py:140] ==================================
I 03-17 21:27:23 utils.py:131] === Checking the job status... ===
I 03-17 21:27:24 utils.py:137] Job status: JobStatus.RUNNING
I 03-17 21:27:24 utils.py:140] ==================================
I 03-17 21:27:44 utils.py:131] === Checking the job status... ===
I 03-17 21:27:45 utils.py:137] Job status: JobStatus.RUNNING
I 03-17 21:27:45 utils.py:140] ==================================
I 03-17 21:28:05 utils.py:131] === Checking the job status... ===
I 03-17 21:28:06 utils.py:137] Job status: JobStatus.RUNNING
I 03-17 21:28:06 utils.py:140] ==================================
I 03-17 21:28:26 utils.py:131] === Checking the job status... ===
I 03-17 21:28:27 utils.py:137] Job status: JobStatus.RUNNING
I 03-17 21:28:27 utils.py:140] ==================================
I 03-17 21:28:47 utils.py:131] === Checking the job status... ===
I 03-17 21:28:48 utils.py:137] Job status: JobStatus.RUNNING
I 03-17 21:28:48 utils.py:140] ==================================
I 03-17 21:29:08 utils.py:131] === Checking the job status... ===
I 03-17 21:29:09 utils.py:137] Job status: JobStatus.RUNNING
I 03-17 21:29:09 utils.py:140] ==================================
I 03-17 21:29:29 utils.py:131] === Checking the job status... ===
I 03-17 21:29:30 utils.py:137] Job status: JobStatus.RUNNING
I 03-17 21:29:30 utils.py:140] ==================================
I 03-17 21:29:50 utils.py:131] === Checking the job status... ===
I 03-17 21:29:51 utils.py:137] Job status: JobStatus.RUNNING
I 03-17 21:29:51 utils.py:140] ==================================
I 03-17 21:30:12 utils.py:131] === Checking the job status... ===
I 03-17 21:30:13 utils.py:137] Job status: JobStatus.RUNNING
I 03-17 21:30:13 utils.py:140] ==================================
I 03-17 21:30:33 utils.py:131] === Checking the job status... ===
I 03-17 21:30:34 utils.py:137] Job status: JobStatus.RUNNING
I 03-17 21:30:34 utils.py:140] ==================================
I 03-17 21:30:54 utils.py:131] === Checking the job status... ===
I 03-17 21:30:55 utils.py:137] Job status: JobStatus.RUNNING
I 03-17 21:30:55 utils.py:140] ==================================
I 03-17 21:31:15 utils.py:131] === Checking the job status... ===
I 03-17 21:31:16 utils.py:137] Job status: JobStatus.RUNNING
I 03-17 21:31:16 utils.py:140] ==================================
I 03-17 21:31:36 utils.py:131] === Checking the job status... ===
I 03-17 21:31:37 utils.py:137] Job status: JobStatus.RUNNING
I 03-17 21:31:37 utils.py:140] ==================================
I 03-17 21:31:57 utils.py:131] === Checking the job status... ===
I 03-17 21:31:58 utils.py:137] Job status: JobStatus.RUNNING
I 03-17 21:31:58 utils.py:140] ==================================
I 03-17 21:32:18 utils.py:131] === Checking the job status... ===
I 03-17 21:32:19 utils.py:137] Job status: JobStatus.RUNNING
I 03-17 21:32:19 utils.py:140] ==================================
I 03-17 21:32:40 utils.py:131] === Checking the job status... ===
I 03-17 21:32:41 utils.py:137] Job status: JobStatus.RUNNING
I 03-17 21:32:41 utils.py:140] ==================================
I 03-17 21:33:01 utils.py:131] === Checking the job status... ===
I 03-17 21:33:02 utils.py:137] Job status: JobStatus.RUNNING
I 03-17 21:33:02 utils.py:140] ==================================
I 03-17 21:33:22 utils.py:131] === Checking the job status... ===
I 03-17 21:33:23 utils.py:137] Job status: JobStatus.RUNNING
I 03-17 21:33:23 utils.py:140] ==================================
I 03-17 21:33:43 utils.py:131] === Checking the job status... ===
I 03-17 21:33:44 utils.py:137] Job status: JobStatus.RUNNING
I 03-17 21:33:44 utils.py:140] ==================================
I 03-17 21:34:04 utils.py:131] === Checking the job status... ===
I 03-17 21:34:05 utils.py:137] Job status: JobStatus.RUNNING
I 03-17 21:34:05 utils.py:140] ==================================
I 03-17 21:34:25 utils.py:131] === Checking the job status... ===
I 03-17 21:34:26 utils.py:137] Job status: JobStatus.RUNNING
I 03-17 21:34:26 utils.py:140] ==================================
I 03-17 21:34:46 utils.py:131] === Checking the job status... ===
I 03-17 21:34:47 utils.py:137] Job status: JobStatus.RUNNING
I 03-17 21:34:47 utils.py:140] ==================================
I 03-17 21:35:07 utils.py:131] === Checking the job status... ===
I 03-17 21:35:08 utils.py:137] Job status: JobStatus.RUNNING
I 03-17 21:35:08 utils.py:140] ==================================
I 03-17 21:35:29 utils.py:131] === Checking the job status... ===
I 03-17 21:35:30 utils.py:137] Job status: JobStatus.RUNNING
I 03-17 21:35:30 utils.py:140] ==================================
I 03-17 21:35:50 utils.py:131] === Checking the job status... ===
I 03-17 21:35:51 utils.py:137] Job status: JobStatus.RUNNING
I 03-17 21:35:51 utils.py:140] ==================================
I 03-17 21:36:11 utils.py:131] === Checking the job status... ===
I 03-17 21:36:12 utils.py:137] Job status: JobStatus.RUNNING
I 03-17 21:36:12 utils.py:140] ==================================
I 03-17 21:36:32 utils.py:131] === Checking the job status... ===
I 03-17 21:36:33 utils.py:137] Job status: JobStatus.RUNNING
I 03-17 21:36:33 utils.py:140] ==================================
I 03-17 21:36:53 utils.py:131] === Checking the job status... ===
I 03-17 21:36:54 utils.py:137] Job status: JobStatus.RUNNING
I 03-17 21:36:54 utils.py:140] ==================================
I 03-17 21:37:14 utils.py:131] === Checking the job status... ===
I 03-17 21:37:15 utils.py:137] Job status: JobStatus.RUNNING
I 03-17 21:37:15 utils.py:140] ==================================
I 03-17 21:37:35 utils.py:131] === Checking the job status... ===
I 03-17 21:37:36 utils.py:137] Job status: JobStatus.RUNNING
I 03-17 21:37:36 utils.py:140] ==================================
I 03-17 21:37:56 utils.py:131] === Checking the job status... ===
I 03-17 21:37:57 utils.py:137] Job status: JobStatus.RUNNING
I 03-17 21:37:57 utils.py:140] ==================================
I 03-17 21:38:18 utils.py:131] === Checking the job status... ===
I 03-17 21:38:19 utils.py:137] Job status: JobStatus.RUNNING
I 03-17 21:38:19 utils.py:140] ==================================
I 03-17 21:38:39 utils.py:131] === Checking the job status... ===
I 03-17 21:38:40 utils.py:137] Job status: JobStatus.RUNNING
I 03-17 21:38:40 utils.py:140] ==================================
I 03-17 21:39:00 utils.py:131] === Checking the job status... ===
I 03-17 21:39:01 utils.py:137] Job status: JobStatus.RUNNING
I 03-17 21:39:01 utils.py:140] ==================================
I 03-17 21:39:21 utils.py:131] === Checking the job status... ===
I 03-17 21:39:22 utils.py:137] Job status: JobStatus.RUNNING
I 03-17 21:39:22 utils.py:140] ==================================
I 03-17 21:39:42 utils.py:131] === Checking the job status... ===
I 03-17 21:39:43 utils.py:137] Job status: JobStatus.RUNNING
I 03-17 21:39:43 utils.py:140] ==================================
I 03-17 21:40:03 utils.py:131] === Checking the job status... ===
I 03-17 21:40:04 utils.py:137] Job status: JobStatus.RUNNING
I 03-17 21:40:04 utils.py:140] ==================================
I 03-17 21:40:24 utils.py:131] === Checking the job status... ===
I 03-17 21:40:25 utils.py:137] Job status: JobStatus.RUNNING
I 03-17 21:40:25 utils.py:140] ==================================
I 03-17 21:40:46 utils.py:131] === Checking the job status... ===
I 03-17 21:40:47 utils.py:137] Job status: JobStatus.RUNNING
I 03-17 21:40:47 utils.py:140] ==================================
I 03-17 21:41:07 utils.py:131] === Checking the job status... ===
I 03-17 21:41:08 utils.py:137] Job status: JobStatus.RUNNING
I 03-17 21:41:08 utils.py:140] ==================================
I 03-17 21:41:28 utils.py:131] === Checking the job status... ===
I 03-17 21:41:29 utils.py:137] Job status: JobStatus.RUNNING
I 03-17 21:41:29 utils.py:140] ==================================
I 03-17 21:41:49 utils.py:131] === Checking the job status... ===
I 03-17 21:41:50 utils.py:137] Job status: JobStatus.RUNNING
I 03-17 21:41:50 utils.py:140] ==================================
I 03-17 21:42:10 utils.py:131] === Checking the job status... ===
I 03-17 21:42:11 utils.py:137] Job status: JobStatus.RUNNING
I 03-17 21:42:11 utils.py:140] ==================================
I 03-17 21:42:31 utils.py:131] === Checking the job status... ===
I 03-17 21:42:32 utils.py:137] Job status: JobStatus.RUNNING
I 03-17 21:42:32 utils.py:140] ==================================
I 03-17 21:42:52 utils.py:131] === Checking the job status... ===
I 03-17 21:42:53 utils.py:137] Job status: JobStatus.RUNNING
I 03-17 21:42:53 utils.py:140] ==================================
I 03-17 21:43:13 utils.py:131] === Checking the job status... ===
I 03-17 21:43:14 utils.py:137] Job status: JobStatus.RUNNING
I 03-17 21:43:14 utils.py:140] ==================================
I 03-17 21:43:35 utils.py:131] === Checking the job status... ===
I 03-17 21:43:36 utils.py:137] Job status: JobStatus.RUNNING
I 03-17 21:43:36 utils.py:140] ==================================
I 03-17 21:43:56 utils.py:131] === Checking the job status... ===
I 03-17 21:43:57 utils.py:137] Job status: JobStatus.RUNNING
I 03-17 21:43:57 utils.py:140] ==================================
I 03-17 21:44:17 utils.py:131] === Checking the job status... ===
I 03-17 21:44:18 utils.py:137] Job status: JobStatus.RUNNING
I 03-17 21:44:18 utils.py:140] ==================================
I 03-17 21:44:38 utils.py:131] === Checking the job status... ===
I 03-17 21:44:39 utils.py:137] Job status: JobStatus.RUNNING
I 03-17 21:44:39 utils.py:140] ==================================
I 03-17 21:44:59 utils.py:131] === Checking the job status... ===
I 03-17 21:45:00 utils.py:137] Job status: JobStatus.RUNNING
I 03-17 21:45:00 utils.py:140] ==================================
I 03-17 21:45:20 utils.py:131] === Checking the job status... ===
I 03-17 21:45:21 utils.py:137] Job status: JobStatus.RUNNING
I 03-17 21:45:21 utils.py:140] ==================================
I 03-17 21:45:41 utils.py:131] === Checking the job status... ===
I 03-17 21:45:42 utils.py:137] Job status: JobStatus.RUNNING
I 03-17 21:45:42 utils.py:140] ==================================
I 03-17 21:46:02 utils.py:131] === Checking the job status... ===
I 03-17 21:46:03 utils.py:137] Job status: JobStatus.RUNNING
I 03-17 21:46:03 utils.py:140] ==================================
I 03-17 21:46:23 utils.py:131] === Checking the job status... ===
I 03-17 21:46:24 utils.py:137] Job status: JobStatus.RUNNING
I 03-17 21:46:24 utils.py:140] ==================================
I 03-17 21:46:45 utils.py:131] === Checking the job status... ===
I 03-17 21:46:46 utils.py:137] Job status: JobStatus.RUNNING
I 03-17 21:46:46 utils.py:140] ==================================
I 03-17 21:47:06 utils.py:131] === Checking the job status... ===
I 03-17 21:47:07 utils.py:137] Job status: JobStatus.RUNNING
I 03-17 21:47:07 utils.py:140] ==================================
I 03-17 21:47:27 utils.py:131] === Checking the job status... ===
I 03-17 21:47:28 utils.py:137] Job status: JobStatus.RUNNING
I 03-17 21:47:28 utils.py:140] ==================================
I 03-17 21:47:48 utils.py:131] === Checking the job status... ===
I 03-17 21:47:49 utils.py:137] Job status: JobStatus.RUNNING
I 03-17 21:47:49 utils.py:140] ==================================
I 03-17 21:48:09 utils.py:131] === Checking the job status... ===
I 03-17 21:48:10 utils.py:137] Job status: JobStatus.RUNNING
I 03-17 21:48:10 utils.py:140] ==================================
I 03-17 21:48:30 utils.py:131] === Checking the job status... ===
I 03-17 21:48:31 utils.py:137] Job status: JobStatus.RUNNING
I 03-17 21:48:31 utils.py:140] ==================================
I 03-17 21:48:51 utils.py:131] === Checking the job status... ===
I 03-17 21:48:52 utils.py:137] Job status: JobStatus.RUNNING
I 03-17 21:48:52 utils.py:140] ==================================
I 03-17 21:49:13 utils.py:131] === Checking the job status... ===
I 03-17 21:49:14 utils.py:137] Job status: JobStatus.RUNNING
I 03-17 21:49:14 utils.py:140] ==================================
I 03-17 21:49:34 utils.py:131] === Checking the job status... ===
I 03-17 21:49:35 utils.py:137] Job status: JobStatus.RUNNING
I 03-17 21:49:35 utils.py:140] ==================================
I 03-17 21:49:55 utils.py:131] === Checking the job status... ===
I 03-17 21:49:56 utils.py:137] Job status: JobStatus.RUNNING
I 03-17 21:49:56 utils.py:140] ==================================
I 03-17 21:50:16 utils.py:131] === Checking the job status... ===
I 03-17 21:50:17 utils.py:137] Job status: JobStatus.RUNNING
I 03-17 21:50:17 utils.py:140] ==================================
I 03-17 21:50:37 utils.py:131] === Checking the job status... ===
I 03-17 21:50:38 utils.py:137] Job status: JobStatus.RUNNING
I 03-17 21:50:38 utils.py:140] ==================================
I 03-17 21:50:58 utils.py:131] === Checking the job status... ===
I 03-17 21:50:59 utils.py:137] Job status: JobStatus.RUNNING
I 03-17 21:50:59 utils.py:140] ==================================
I 03-17 21:51:19 utils.py:131] === Checking the job status... ===
I 03-17 21:51:20 utils.py:137] Job status: JobStatus.RUNNING
I 03-17 21:51:20 utils.py:140] ==================================
I 03-17 21:51:40 utils.py:131] === Checking the job status... ===
I 03-17 21:51:41 utils.py:137] Job status: JobStatus.RUNNING
I 03-17 21:51:41 utils.py:140] ==================================
I 03-17 21:52:01 utils.py:131] === Checking the job status... ===
I 03-17 21:52:02 utils.py:137] Job status: JobStatus.RUNNING
I 03-17 21:52:02 utils.py:140] ==================================
I 03-17 21:52:23 utils.py:131] === Checking the job status... ===
I 03-17 21:52:24 utils.py:137] Job status: JobStatus.RUNNING
I 03-17 21:52:24 utils.py:140] ==================================
I 03-17 21:52:44 utils.py:131] === Checking the job status... ===
I 03-17 21:52:45 utils.py:137] Job status: JobStatus.RUNNING
I 03-17 21:52:45 utils.py:140] ==================================
I 03-17 21:53:05 utils.py:131] === Checking the job status... ===
I 03-17 21:53:06 utils.py:137] Job status: JobStatus.RUNNING
I 03-17 21:53:06 utils.py:140] ==================================
I 03-17 21:53:26 utils.py:131] === Checking the job status... ===
I 03-17 21:53:27 utils.py:137] Job status: JobStatus.RUNNING
I 03-17 21:53:27 utils.py:140] ==================================
I 03-17 21:53:47 utils.py:131] === Checking the job status... ===
I 03-17 21:53:48 utils.py:137] Job status: JobStatus.RUNNING
I 03-17 21:53:48 utils.py:140] ==================================
I 03-17 21:54:08 utils.py:131] === Checking the job status... ===
I 03-17 21:54:09 utils.py:137] Job status: JobStatus.RUNNING
I 03-17 21:54:09 utils.py:140] ==================================
I 03-17 21:54:29 utils.py:131] === Checking the job status... ===
I 03-17 21:54:30 utils.py:137] Job status: JobStatus.RUNNING
I 03-17 21:54:30 utils.py:140] ==================================
I 03-17 21:54:50 utils.py:131] === Checking the job status... ===
I 03-17 21:54:51 utils.py:137] Job status: JobStatus.RUNNING
I 03-17 21:54:51 utils.py:140] ==================================
I 03-17 21:55:11 utils.py:131] === Checking the job status... ===
I 03-17 21:55:12 utils.py:137] Job status: JobStatus.RUNNING
I 03-17 21:55:12 utils.py:140] ==================================
I 03-17 21:55:33 utils.py:131] === Checking the job status... ===
I 03-17 21:55:34 utils.py:137] Job status: JobStatus.RUNNING
I 03-17 21:55:34 utils.py:140] ==================================
I 03-17 21:55:54 utils.py:131] === Checking the job status... ===
I 03-17 21:55:55 utils.py:137] Job status: JobStatus.RUNNING
I 03-17 21:55:55 utils.py:140] ==================================
I 03-17 21:56:15 utils.py:131] === Checking the job status... ===
I 03-17 21:56:16 utils.py:137] Job status: JobStatus.RUNNING
I 03-17 21:56:16 utils.py:140] ==================================
I 03-17 21:56:36 utils.py:131] === Checking the job status... ===
I 03-17 21:56:37 utils.py:137] Job status: JobStatus.RUNNING
I 03-17 21:56:37 utils.py:140] ==================================
I 03-17 21:56:57 utils.py:131] === Checking the job status... ===
I 03-17 21:56:58 utils.py:137] Job status: JobStatus.RUNNING
I 03-17 21:56:58 utils.py:140] ==================================
I 03-17 21:57:18 utils.py:131] === Checking the job status... ===
I 03-17 21:57:19 utils.py:137] Job status: JobStatus.RUNNING
I 03-17 21:57:19 utils.py:140] ==================================
I 03-17 21:57:39 utils.py:131] === Checking the job status... ===
I 03-17 21:57:40 utils.py:137] Job status: JobStatus.RUNNING
I 03-17 21:57:40 utils.py:140] ==================================
I 03-17 21:58:00 utils.py:131] === Checking the job status... ===
I 03-17 21:58:01 utils.py:137] Job status: JobStatus.RUNNING
I 03-17 21:58:01 utils.py:140] ==================================
I 03-17 21:58:22 utils.py:131] === Checking the job status... ===
I 03-17 21:58:23 utils.py:137] Job status: JobStatus.RUNNING
I 03-17 21:58:23 utils.py:140] ==================================
I 03-17 21:58:43 utils.py:131] === Checking the job status... ===
I 03-17 21:58:44 utils.py:137] Job status: JobStatus.RUNNING
I 03-17 21:58:44 utils.py:140] ==================================
I 03-17 21:59:04 utils.py:131] === Checking the job status... ===
I 03-17 21:59:05 utils.py:137] Job status: JobStatus.RUNNING
I 03-17 21:59:05 utils.py:140] ==================================
I 03-17 21:59:25 utils.py:131] === Checking the job status... ===
I 03-17 21:59:26 utils.py:137] Job status: JobStatus.RUNNING
I 03-17 21:59:26 utils.py:140] ==================================
I 03-17 21:59:46 utils.py:131] === Checking the job status... ===
I 03-17 21:59:47 utils.py:137] Job status: JobStatus.RUNNING
I 03-17 21:59:47 utils.py:140] ==================================
I 03-17 22:00:07 utils.py:131] === Checking the job status... ===
I 03-17 22:00:08 utils.py:137] Job status: JobStatus.RUNNING
I 03-17 22:00:08 utils.py:140] ==================================
I 03-17 22:00:28 utils.py:131] === Checking the job status... ===
I 03-17 22:00:29 utils.py:137] Job status: JobStatus.RUNNING
I 03-17 22:00:29 utils.py:140] ==================================
I 03-17 22:00:49 utils.py:131] === Checking the job status... ===
I 03-17 22:00:50 utils.py:137] Job status: JobStatus.RUNNING
I 03-17 22:00:50 utils.py:140] ==================================
I 03-17 22:01:11 utils.py:131] === Checking the job status... ===
I 03-17 22:01:12 utils.py:137] Job status: JobStatus.RUNNING
I 03-17 22:01:12 utils.py:140] ==================================
I 03-17 22:01:32 utils.py:131] === Checking the job status... ===
I 03-17 22:01:33 utils.py:137] Job status: JobStatus.RUNNING
I 03-17 22:01:33 utils.py:140] ==================================
I 03-17 22:01:53 utils.py:131] === Checking the job status... ===
I 03-17 22:01:54 utils.py:137] Job status: JobStatus.RUNNING
I 03-17 22:01:54 utils.py:140] ==================================
I 03-17 22:02:14 utils.py:131] === Checking the job status... ===
I 03-17 22:02:15 utils.py:137] Job status: JobStatus.RUNNING
I 03-17 22:02:15 utils.py:140] ==================================
I 03-17 22:02:35 utils.py:131] === Checking the job status... ===
I 03-17 22:02:36 utils.py:137] Job status: JobStatus.RUNNING
I 03-17 22:02:36 utils.py:140] ==================================
I 03-17 22:02:56 utils.py:131] === Checking the job status... ===
I 03-17 22:02:57 utils.py:137] Job status: JobStatus.RUNNING
I 03-17 22:02:57 utils.py:140] ==================================
I 03-17 22:03:17 utils.py:131] === Checking the job status... ===
I 03-17 22:03:18 utils.py:137] Job status: JobStatus.RUNNING
I 03-17 22:03:18 utils.py:140] ==================================
I 03-17 22:03:39 utils.py:131] === Checking the job status... ===
I 03-17 22:03:40 utils.py:137] Job status: JobStatus.RUNNING
I 03-17 22:03:40 utils.py:140] ==================================
I 03-17 22:04:00 utils.py:131] === Checking the job status... ===
I 03-17 22:04:01 utils.py:137] Job status: JobStatus.RUNNING
I 03-17 22:04:01 utils.py:140] ==================================
I 03-17 22:04:21 utils.py:131] === Checking the job status... ===
I 03-17 22:04:22 utils.py:137] Job status: JobStatus.RUNNING
I 03-17 22:04:22 utils.py:140] ==================================
I 03-17 22:04:42 utils.py:131] === Checking the job status... ===
I 03-17 22:04:43 utils.py:137] Job status: JobStatus.RUNNING
I 03-17 22:04:43 utils.py:140] ==================================
I 03-17 22:05:03 utils.py:131] === Checking the job status... ===
I 03-17 22:05:04 utils.py:137] Job status: JobStatus.RUNNING
I 03-17 22:05:04 utils.py:140] ==================================
I 03-17 22:05:24 utils.py:131] === Checking the job status... ===
I 03-17 22:05:25 utils.py:137] Job status: JobStatus.RUNNING
I 03-17 22:05:25 utils.py:140] ==================================
I 03-17 22:05:45 utils.py:131] === Checking the job status... ===
I 03-17 22:05:46 utils.py:137] Job status: JobStatus.RUNNING
I 03-17 22:05:46 utils.py:140] ==================================
I 03-17 22:06:06 utils.py:131] === Checking the job status... ===
I 03-17 22:06:07 utils.py:137] Job status: JobStatus.RUNNING
I 03-17 22:06:07 utils.py:140] ==================================
I 03-17 22:06:28 utils.py:131] === Checking the job status... ===
I 03-17 22:06:29 utils.py:137] Job status: JobStatus.RUNNING
I 03-17 22:06:29 utils.py:140] ==================================
I 03-17 22:06:49 utils.py:131] === Checking the job status... ===
I 03-17 22:06:50 utils.py:137] Job status: JobStatus.RUNNING
I 03-17 22:06:50 utils.py:140] ==================================
I 03-17 22:07:10 utils.py:131] === Checking the job status... ===
I 03-17 22:07:11 utils.py:137] Job status: JobStatus.RUNNING
I 03-17 22:07:11 utils.py:140] ==================================
I 03-17 22:07:31 utils.py:131] === Checking the job status... ===
I 03-17 22:07:32 utils.py:137] Job status: JobStatus.RUNNING
I 03-17 22:07:32 utils.py:140] ==================================
I 03-17 22:07:52 utils.py:131] === Checking the job status... ===
I 03-17 22:07:53 utils.py:137] Job status: JobStatus.RUNNING
I 03-17 22:07:53 utils.py:140] ==================================
I 03-17 22:08:13 utils.py:131] === Checking the job status... ===
I 03-17 22:08:14 utils.py:137] Job status: JobStatus.RUNNING
I 03-17 22:08:14 utils.py:140] ==================================
I 03-17 22:08:34 utils.py:131] === Checking the job status... ===
I 03-17 22:08:35 utils.py:137] Job status: JobStatus.RUNNING
I 03-17 22:08:35 utils.py:140] ==================================
I 03-17 22:08:55 utils.py:131] === Checking the job status... ===
I 03-17 22:08:56 utils.py:137] Job status: JobStatus.RUNNING
I 03-17 22:08:56 utils.py:140] ==================================
I 03-17 22:09:16 utils.py:131] === Checking the job status... ===
I 03-17 22:09:17 utils.py:137] Job status: JobStatus.RUNNING
I 03-17 22:09:17 utils.py:140] ==================================
I 03-17 22:09:37 utils.py:131] === Checking the job status... ===
I 03-17 22:09:38 utils.py:137] Job status: JobStatus.RUNNING
I 03-17 22:09:38 utils.py:140] ==================================
I 03-17 22:09:59 utils.py:131] === Checking the job status... ===
I 03-17 22:10:00 utils.py:137] Job status: JobStatus.RUNNING
I 03-17 22:10:00 utils.py:140] ==================================
I 03-17 22:10:20 utils.py:131] === Checking the job status... ===
I 03-17 22:10:21 utils.py:137] Job status: JobStatus.RUNNING
I 03-17 22:10:21 utils.py:140] ==================================
I 03-17 22:10:41 utils.py:131] === Checking the job status... ===
I 03-17 22:10:42 utils.py:137] Job status: JobStatus.RUNNING
I 03-17 22:10:42 utils.py:140] ==================================
I 03-17 22:11:02 utils.py:131] === Checking the job status... ===
I 03-17 22:11:03 utils.py:137] Job status: JobStatus.RUNNING
I 03-17 22:11:03 utils.py:140] ==================================
I 03-17 22:11:23 utils.py:131] === Checking the job status... ===
I 03-17 22:11:24 utils.py:137] Job status: JobStatus.RUNNING
I 03-17 22:11:24 utils.py:140] ==================================
I 03-17 22:11:44 utils.py:131] === Checking the job status... ===
I 03-17 22:11:45 utils.py:137] Job status: JobStatus.RUNNING
I 03-17 22:11:45 utils.py:140] ==================================
I 03-17 22:12:05 utils.py:131] === Checking the job status... ===
I 03-17 22:12:06 utils.py:137] Job status: JobStatus.RUNNING
I 03-17 22:12:06 utils.py:140] ==================================
I 03-17 22:12:27 utils.py:131] === Checking the job status... ===
I 03-17 22:12:28 utils.py:137] Job status: JobStatus.RUNNING
I 03-17 22:12:28 utils.py:140] ==================================
I 03-17 22:12:48 utils.py:131] === Checking the job status... ===
I 03-17 22:12:49 utils.py:137] Job status: JobStatus.RUNNING
I 03-17 22:12:49 utils.py:140] ==================================
I 03-17 22:13:09 utils.py:131] === Checking the job status... ===
I 03-17 22:13:10 utils.py:137] Job status: JobStatus.RUNNING
I 03-17 22:13:10 utils.py:140] ==================================
I 03-17 22:13:30 utils.py:131] === Checking the job status... ===
I 03-17 22:13:31 utils.py:137] Job status: JobStatus.RUNNING
I 03-17 22:13:31 utils.py:140] ==================================
I 03-17 22:13:51 utils.py:131] === Checking the job status... ===
I 03-17 22:13:52 utils.py:137] Job status: JobStatus.RUNNING
I 03-17 22:13:52 utils.py:140] ==================================
I 03-17 22:14:12 utils.py:131] === Checking the job status... ===
I 03-17 22:14:13 utils.py:137] Job status: JobStatus.RUNNING
I 03-17 22:14:13 utils.py:140] ==================================
I 03-17 22:14:33 utils.py:131] === Checking the job status... ===
I 03-17 22:14:34 utils.py:137] Job status: JobStatus.RUNNING
I 03-17 22:14:34 utils.py:140] ==================================
I 03-17 22:14:54 utils.py:131] === Checking the job status... ===
I 03-17 22:14:55 utils.py:137] Job status: JobStatus.RUNNING
I 03-17 22:14:55 utils.py:140] ==================================
I 03-17 22:15:15 utils.py:131] === Checking the job status... ===
I 03-17 22:15:16 utils.py:137] Job status: JobStatus.RUNNING
I 03-17 22:15:16 utils.py:140] ==================================
I 03-17 22:15:37 utils.py:131] === Checking the job status... ===
I 03-17 22:15:38 utils.py:137] Job status: JobStatus.RUNNING
I 03-17 22:15:38 utils.py:140] ==================================
I 03-17 22:15:58 utils.py:131] === Checking the job status... ===
I 03-17 22:15:59 utils.py:137] Job status: JobStatus.RUNNING
I 03-17 22:15:59 utils.py:140] ==================================
I 03-17 22:16:19 utils.py:131] === Checking the job status... ===
I 03-17 22:16:20 utils.py:137] Job status: JobStatus.RUNNING
I 03-17 22:16:20 utils.py:140] ==================================
I 03-17 22:16:40 utils.py:131] === Checking the job status... ===
I 03-17 22:16:41 utils.py:137] Job status: JobStatus.RUNNING
I 03-17 22:16:41 utils.py:140] ==================================
I 03-17 22:17:01 utils.py:131] === Checking the job status... ===
I 03-17 22:17:02 utils.py:137] Job status: JobStatus.RUNNING
I 03-17 22:17:02 utils.py:140] ==================================
I 03-17 22:17:22 utils.py:131] === Checking the job status... ===
I 03-17 22:17:23 utils.py:137] Job status: JobStatus.RUNNING
I 03-17 22:17:23 utils.py:140] ==================================
I 03-17 22:17:43 utils.py:131] === Checking the job status... ===
I 03-17 22:17:44 utils.py:137] Job status: JobStatus.RUNNING
I 03-17 22:17:44 utils.py:140] ==================================
I 03-17 22:18:04 utils.py:131] === Checking the job status... ===
I 03-17 22:18:05 utils.py:137] Job status: JobStatus.RUNNING
I 03-17 22:18:05 utils.py:140] ==================================
I 03-17 22:18:26 utils.py:131] === Checking the job status... ===
I 03-17 22:18:27 utils.py:137] Job status: JobStatus.RUNNING
I 03-17 22:18:27 utils.py:140] ==================================
I 03-17 22:18:47 utils.py:131] === Checking the job status... ===
I 03-17 22:18:48 utils.py:137] Job status: JobStatus.RUNNING
I 03-17 22:18:48 utils.py:140] ==================================
I 03-17 22:19:08 utils.py:131] === Checking the job status... ===
I 03-17 22:19:09 utils.py:137] Job status: JobStatus.RUNNING
I 03-17 22:19:09 utils.py:140] ==================================
I 03-17 22:19:29 utils.py:131] === Checking the job status... ===
I 03-17 22:19:30 utils.py:137] Job status: JobStatus.RUNNING
I 03-17 22:19:30 utils.py:140] ==================================
I 03-17 22:19:50 utils.py:131] === Checking the job status... ===
I 03-17 22:19:51 utils.py:137] Job status: JobStatus.RUNNING
I 03-17 22:19:51 utils.py:140] ==================================
I 03-17 22:20:11 utils.py:131] === Checking the job status... ===
I 03-17 22:20:12 utils.py:137] Job status: JobStatus.RUNNING
I 03-17 22:20:12 utils.py:140] ==================================
I 03-17 22:20:32 utils.py:131] === Checking the job status... ===
I 03-17 22:20:33 utils.py:137] Job status: JobStatus.RUNNING
I 03-17 22:20:33 utils.py:140] ==================================
I 03-17 22:20:53 utils.py:131] === Checking the job status... ===
I 03-17 22:20:54 utils.py:137] Job status: JobStatus.RUNNING
I 03-17 22:20:54 utils.py:140] ==================================
I 03-17 22:21:15 utils.py:131] === Checking the job status... ===
I 03-17 22:21:16 utils.py:137] Job status: JobStatus.RUNNING
I 03-17 22:21:16 utils.py:140] ==================================
I 03-17 22:21:36 utils.py:131] === Checking the job status... ===
I 03-17 22:21:37 utils.py:137] Job status: JobStatus.RUNNING
I 03-17 22:21:37 utils.py:140] ==================================
I 03-17 22:21:57 utils.py:131] === Checking the job status... ===
I 03-17 22:21:58 utils.py:137] Job status: JobStatus.RUNNING
I 03-17 22:21:58 utils.py:140] ==================================
I 03-17 22:22:18 utils.py:131] === Checking the job status... ===
I 03-17 22:22:19 utils.py:137] Job status: JobStatus.RUNNING
I 03-17 22:22:19 utils.py:140] ==================================
I 03-17 22:22:39 utils.py:131] === Checking the job status... ===
I 03-17 22:22:40 utils.py:137] Job status: JobStatus.RUNNING
I 03-17 22:22:40 utils.py:140] ==================================
I 03-17 22:23:00 utils.py:131] === Checking the job status... ===
I 03-17 22:23:01 utils.py:137] Job status: JobStatus.RUNNING
I 03-17 22:23:01 utils.py:140] ==================================
I 03-17 22:23:21 utils.py:131] === Checking the job status... ===
I 03-17 22:23:22 utils.py:137] Job status: JobStatus.RUNNING
I 03-17 22:23:22 utils.py:140] ==================================
I 03-17 22:23:43 utils.py:131] === Checking the job status... ===
I 03-17 22:23:44 utils.py:137] Job status: JobStatus.RUNNING
I 03-17 22:23:44 utils.py:140] ==================================
I 03-17 22:24:04 utils.py:131] === Checking the job status... ===
I 03-17 22:24:05 utils.py:137] Job status: JobStatus.RUNNING
I 03-17 22:24:05 utils.py:140] ==================================
I 03-17 22:24:25 utils.py:131] === Checking the job status... ===
I 03-17 22:24:26 utils.py:137] Job status: JobStatus.RUNNING
I 03-17 22:24:26 utils.py:140] ==================================
I 03-17 22:24:46 utils.py:131] === Checking the job status... ===
I 03-17 22:24:47 utils.py:137] Job status: JobStatus.RUNNING
I 03-17 22:24:47 utils.py:140] ==================================
I 03-17 22:25:07 utils.py:131] === Checking the job status... ===
I 03-17 22:25:08 utils.py:137] Job status: JobStatus.RUNNING
I 03-17 22:25:08 utils.py:140] ==================================
I 03-17 22:25:28 utils.py:131] === Checking the job status... ===
I 03-17 22:25:29 utils.py:137] Job status: JobStatus.RUNNING
I 03-17 22:25:29 utils.py:140] ==================================
I 03-17 22:25:49 utils.py:131] === Checking the job status... ===
I 03-17 22:25:50 utils.py:137] Job status: JobStatus.RUNNING
I 03-17 22:25:50 utils.py:140] ==================================
I 03-17 22:26:10 utils.py:131] === Checking the job status... ===
I 03-17 22:26:11 utils.py:137] Job status: JobStatus.RUNNING
I 03-17 22:26:11 utils.py:140] ==================================
I 03-17 22:26:31 utils.py:131] === Checking the job status... ===
I 03-17 22:26:32 utils.py:137] Job status: JobStatus.RUNNING
I 03-17 22:26:32 utils.py:140] ==================================
I 03-17 22:26:53 utils.py:131] === Checking the job status... ===
I 03-17 22:26:54 utils.py:137] Job status: JobStatus.RUNNING
I 03-17 22:26:54 utils.py:140] ==================================
I 03-17 22:27:14 utils.py:131] === Checking the job status... ===
I 03-17 22:27:15 utils.py:137] Job status: JobStatus.RUNNING
I 03-17 22:27:15 utils.py:140] ==================================
I 03-17 22:27:35 utils.py:131] === Checking the job status... ===
I 03-17 22:27:36 utils.py:137] Job status: JobStatus.RUNNING
I 03-17 22:27:36 utils.py:140] ==================================
I 03-17 22:27:56 utils.py:131] === Checking the job status... ===
I 03-17 22:27:57 utils.py:137] Job status: JobStatus.RUNNING
I 03-17 22:27:57 utils.py:140] ==================================
I 03-17 22:28:17 utils.py:131] === Checking the job status... ===
I 03-17 22:28:18 utils.py:137] Job status: JobStatus.RUNNING
I 03-17 22:28:18 utils.py:140] ==================================
I 03-17 22:28:38 utils.py:131] === Checking the job status... ===
I 03-17 22:28:39 utils.py:137] Job status: JobStatus.RUNNING
I 03-17 22:28:39 utils.py:140] ==================================
I 03-17 22:28:59 utils.py:131] === Checking the job status... ===
I 03-17 22:29:00 utils.py:137] Job status: JobStatus.RUNNING
I 03-17 22:29:00 utils.py:140] ==================================
I 03-17 22:29:20 utils.py:131] === Checking the job status... ===
I 03-17 22:29:21 utils.py:137] Job status: JobStatus.RUNNING
I 03-17 22:29:21 utils.py:140] ==================================
I 03-17 22:29:41 utils.py:131] === Checking the job status... ===
I 03-17 22:29:43 utils.py:137] Job status: JobStatus.RUNNING
I 03-17 22:29:43 utils.py:140] ==================================
I 03-17 22:30:03 utils.py:131] === Checking the job status... ===
I 03-17 22:30:04 utils.py:137] Job status: JobStatus.RUNNING
I 03-17 22:30:04 utils.py:140] ==================================
I 03-17 22:30:24 utils.py:131] === Checking the job status... ===
I 03-17 22:30:25 utils.py:137] Job status: JobStatus.RUNNING
I 03-17 22:30:25 utils.py:140] ==================================
I 03-17 22:30:45 utils.py:131] === Checking the job status... ===
I 03-17 22:30:46 utils.py:137] Job status: JobStatus.RUNNING
I 03-17 22:30:46 utils.py:140] ==================================
I 03-17 22:31:06 utils.py:131] === Checking the job status... ===
I 03-17 22:31:07 utils.py:137] Job status: JobStatus.RUNNING
I 03-17 22:31:07 utils.py:140] ==================================
I 03-17 22:31:27 utils.py:131] === Checking the job status... ===
I 03-17 22:31:28 utils.py:137] Job status: JobStatus.RUNNING
I 03-17 22:31:28 utils.py:140] ==================================
I 03-17 22:31:48 utils.py:131] === Checking the job status... ===
I 03-17 22:31:49 utils.py:137] Job status: JobStatus.RUNNING
I 03-17 22:31:49 utils.py:140] ==================================
I 03-17 22:32:09 utils.py:131] === Checking the job status... ===
I 03-17 22:32:10 utils.py:137] Job status: JobStatus.RUNNING
I 03-17 22:32:10 utils.py:140] ==================================
I 03-17 22:32:30 utils.py:131] === Checking the job status... ===
I 03-17 22:32:31 utils.py:137] Job status: JobStatus.RUNNING
I 03-17 22:32:31 utils.py:140] ==================================
I 03-17 22:32:51 utils.py:131] === Checking the job status... ===
I 03-17 22:32:52 utils.py:137] Job status: JobStatus.RUNNING
I 03-17 22:32:52 utils.py:140] ==================================
I 03-17 22:33:13 utils.py:131] === Checking the job status... ===
I 03-17 22:33:14 utils.py:137] Job status: JobStatus.RUNNING
I 03-17 22:33:14 utils.py:140] ==================================
I 03-17 22:33:34 utils.py:131] === Checking the job status... ===
I 03-17 22:33:35 utils.py:137] Job status: JobStatus.RUNNING
I 03-17 22:33:35 utils.py:140] ==================================
I 03-17 22:33:55 utils.py:131] === Checking the job status... ===
I 03-17 22:33:56 utils.py:137] Job status: JobStatus.RUNNING
I 03-17 22:33:56 utils.py:140] ==================================
I 03-17 22:34:16 utils.py:131] === Checking the job status... ===
I 03-17 22:34:17 utils.py:137] Job status: JobStatus.RUNNING
I 03-17 22:34:17 utils.py:140] ==================================
I 03-17 22:34:37 utils.py:131] === Checking the job status... ===
I 03-17 22:34:38 utils.py:137] Job status: JobStatus.RUNNING
I 03-17 22:34:38 utils.py:140] ==================================
I 03-17 22:34:58 utils.py:131] === Checking the job status... ===
I 03-17 22:34:59 utils.py:137] Job status: JobStatus.RUNNING
I 03-17 22:34:59 utils.py:140] ==================================
I 03-17 22:35:19 utils.py:131] === Checking the job status... ===
I 03-17 22:35:20 utils.py:137] Job status: JobStatus.RUNNING
I 03-17 22:35:20 utils.py:140] ==================================
I 03-17 22:35:40 utils.py:131] === Checking the job status... ===
I 03-17 22:35:41 utils.py:137] Job status: JobStatus.RUNNING
I 03-17 22:35:41 utils.py:140] ==================================
I 03-17 22:36:01 utils.py:131] === Checking the job status... ===
I 03-17 22:36:02 utils.py:137] Job status: JobStatus.RUNNING
I 03-17 22:36:02 utils.py:140] ==================================
I 03-17 22:36:22 utils.py:131] === Checking the job status... ===
I 03-17 22:36:24 utils.py:137] Job status: JobStatus.RUNNING
I 03-17 22:36:24 utils.py:140] ==================================
I 03-17 22:36:44 utils.py:131] === Checking the job status... ===
I 03-17 22:36:45 utils.py:137] Job status: JobStatus.RUNNING
I 03-17 22:36:45 utils.py:140] ==================================
I 03-17 22:37:05 utils.py:131] === Checking the job status... ===
I 03-17 22:37:06 utils.py:137] Job status: JobStatus.RUNNING
I 03-17 22:37:06 utils.py:140] ==================================
I 03-17 22:37:26 utils.py:131] === Checking the job status... ===
I 03-17 22:37:27 utils.py:137] Job status: JobStatus.RUNNING
I 03-17 22:37:27 utils.py:140] ==================================
I 03-17 22:37:47 utils.py:131] === Checking the job status... ===
I 03-17 22:37:48 utils.py:137] Job status: JobStatus.RUNNING
I 03-17 22:37:48 utils.py:140] ==================================
I 03-17 22:38:08 utils.py:131] === Checking the job status... ===
I 03-17 22:38:09 utils.py:137] Job status: JobStatus.RUNNING
I 03-17 22:38:09 utils.py:140] ==================================
I 03-17 22:38:29 utils.py:131] === Checking the job status... ===
I 03-17 22:38:30 utils.py:137] Job status: JobStatus.RUNNING
I 03-17 22:38:30 utils.py:140] ==================================
I 03-17 22:38:50 utils.py:131] === Checking the job status... ===
I 03-17 22:38:51 utils.py:137] Job status: JobStatus.RUNNING
I 03-17 22:38:51 utils.py:140] ==================================
I 03-17 22:39:12 utils.py:131] === Checking the job status... ===
I 03-17 22:39:13 utils.py:137] Job status: JobStatus.RUNNING
I 03-17 22:39:13 utils.py:140] ==================================
I 03-17 22:39:33 utils.py:131] === Checking the job status... ===
I 03-17 22:39:34 utils.py:137] Job status: JobStatus.RUNNING
I 03-17 22:39:34 utils.py:140] ==================================
I 03-17 22:39:54 utils.py:131] === Checking the job status... ===
I 03-17 22:39:55 utils.py:137] Job status: JobStatus.RUNNING
I 03-17 22:39:55 utils.py:140] ==================================
I 03-17 22:40:15 utils.py:131] === Checking the job status... ===
I 03-17 22:40:16 utils.py:137] Job status: JobStatus.RUNNING
I 03-17 22:40:16 utils.py:140] ==================================
I 03-17 22:40:36 utils.py:131] === Checking the job status... ===
I 03-17 22:40:37 utils.py:137] Job status: JobStatus.RUNNING
I 03-17 22:40:37 utils.py:140] ==================================
I 03-17 22:40:57 utils.py:131] === Checking the job status... ===
I 03-17 22:40:58 utils.py:137] Job status: JobStatus.RUNNING
I 03-17 22:40:58 utils.py:140] ==================================
I 03-17 22:41:18 utils.py:131] === Checking the job status... ===
I 03-17 22:41:19 utils.py:137] Job status: JobStatus.RUNNING
I 03-17 22:41:19 utils.py:140] ==================================
I 03-17 22:41:39 utils.py:131] === Checking the job status... ===
I 03-17 22:41:40 utils.py:137] Job status: JobStatus.RUNNING
I 03-17 22:41:40 utils.py:140] ==================================
I 03-17 22:42:01 utils.py:131] === Checking the job status... ===
I 03-17 22:42:02 utils.py:137] Job status: JobStatus.RUNNING
I 03-17 22:42:02 utils.py:140] ==================================
I 03-17 22:42:22 utils.py:131] === Checking the job status... ===
I 03-17 22:42:23 utils.py:137] Job status: JobStatus.RUNNING
I 03-17 22:42:23 utils.py:140] ==================================
I 03-17 22:42:43 utils.py:131] === Checking the job status... ===
I 03-17 22:42:44 utils.py:137] Job status: JobStatus.RUNNING
I 03-17 22:42:44 utils.py:140] ==================================
I 03-17 22:43:04 utils.py:131] === Checking the job status... ===
I 03-17 22:43:05 utils.py:137] Job status: JobStatus.RUNNING
I 03-17 22:43:05 utils.py:140] ==================================
I 03-17 22:43:25 utils.py:131] === Checking the job status... ===
I 03-17 22:43:26 utils.py:137] Job status: JobStatus.RUNNING
I 03-17 22:43:26 utils.py:140] ==================================
I 03-17 22:43:46 utils.py:131] === Checking the job status... ===
I 03-17 22:43:47 utils.py:137] Job status: JobStatus.RUNNING
I 03-17 22:43:47 utils.py:140] ==================================
I 03-17 22:44:07 utils.py:131] === Checking the job status... ===
I 03-17 22:44:08 utils.py:137] Job status: JobStatus.RUNNING
I 03-17 22:44:08 utils.py:140] ==================================
I 03-17 22:44:28 utils.py:131] === Checking the job status... ===
I 03-17 22:44:29 utils.py:137] Job status: JobStatus.RUNNING
I 03-17 22:44:29 utils.py:140] ==================================
I 03-17 22:44:50 utils.py:131] === Checking the job status... ===
I 03-17 22:44:51 utils.py:137] Job status: JobStatus.RUNNING
I 03-17 22:44:51 utils.py:140] ==================================
I 03-17 22:45:11 utils.py:131] === Checking the job status... ===
I 03-17 22:45:12 utils.py:137] Job status: JobStatus.RUNNING
I 03-17 22:45:12 utils.py:140] ==================================
I 03-17 22:45:32 utils.py:131] === Checking the job status... ===
I 03-17 22:45:33 utils.py:137] Job status: JobStatus.RUNNING
I 03-17 22:45:33 utils.py:140] ==================================
I 03-17 22:45:53 utils.py:131] === Checking the job status... ===
I 03-17 22:45:54 utils.py:137] Job status: JobStatus.RUNNING
I 03-17 22:45:54 utils.py:140] ==================================
I 03-17 22:46:14 utils.py:131] === Checking the job status... ===
I 03-17 22:46:15 utils.py:137] Job status: JobStatus.RUNNING
I 03-17 22:46:15 utils.py:140] ==================================
I 03-17 22:46:35 utils.py:131] === Checking the job status... ===
I 03-17 22:46:36 utils.py:137] Job status: JobStatus.RUNNING
I 03-17 22:46:36 utils.py:140] ==================================
I 03-17 22:46:56 utils.py:131] === Checking the job status... ===
I 03-17 22:46:58 utils.py:137] Job status: JobStatus.RUNNING
I 03-17 22:46:58 utils.py:140] ==================================
I 03-17 22:47:18 utils.py:131] === Checking the job status... ===
I 03-17 22:47:19 utils.py:137] Job status: JobStatus.RUNNING
I 03-17 22:47:19 utils.py:140] ==================================
I 03-17 22:47:39 utils.py:131] === Checking the job status... ===
I 03-17 22:47:40 utils.py:137] Job status: JobStatus.RUNNING
I 03-17 22:47:40 utils.py:140] ==================================
I 03-17 22:48:00 utils.py:131] === Checking the job status... ===
I 03-17 22:48:01 utils.py:137] Job status: JobStatus.RUNNING
I 03-17 22:48:01 utils.py:140] ==================================
I 03-17 22:48:21 utils.py:131] === Checking the job status... ===
I 03-17 22:48:22 utils.py:137] Job status: JobStatus.RUNNING
I 03-17 22:48:22 utils.py:140] ==================================
I 03-17 22:48:42 utils.py:131] === Checking the job status... ===
I 03-17 22:48:43 utils.py:137] Job status: JobStatus.RUNNING
I 03-17 22:48:43 utils.py:140] ==================================
I 03-17 22:49:03 utils.py:131] === Checking the job status... ===
I 03-17 22:49:04 utils.py:137] Job status: JobStatus.RUNNING
I 03-17 22:49:04 utils.py:140] ==================================
I 03-17 22:49:24 utils.py:131] === Checking the job status... ===
I 03-17 22:49:25 utils.py:137] Job status: JobStatus.RUNNING
I 03-17 22:49:25 utils.py:140] ==================================
I 03-17 22:49:46 utils.py:131] === Checking the job status... ===
I 03-17 22:49:47 utils.py:137] Job status: JobStatus.RUNNING
I 03-17 22:49:47 utils.py:140] ==================================
I 03-17 22:50:07 utils.py:131] === Checking the job status... ===
I 03-17 22:50:08 utils.py:137] Job status: JobStatus.RUNNING
I 03-17 22:50:08 utils.py:140] ==================================
I 03-17 22:50:28 utils.py:131] === Checking the job status... ===
I 03-17 22:50:29 utils.py:137] Job status: JobStatus.RUNNING
I 03-17 22:50:29 utils.py:140] ==================================
I 03-17 22:50:49 utils.py:131] === Checking the job status... ===
I 03-17 22:50:50 utils.py:137] Job status: JobStatus.RUNNING
I 03-17 22:50:50 utils.py:140] ==================================
I 03-17 22:51:10 utils.py:131] === Checking the job status... ===
I 03-17 22:51:11 utils.py:137] Job status: JobStatus.RUNNING
I 03-17 22:51:11 utils.py:140] ==================================
I 03-17 22:51:31 utils.py:131] === Checking the job status... ===
I 03-17 22:51:32 utils.py:137] Job status: JobStatus.RUNNING
I 03-17 22:51:32 utils.py:140] ==================================
I 03-17 22:51:52 utils.py:131] === Checking the job status... ===
I 03-17 22:51:53 utils.py:137] Job status: JobStatus.RUNNING
I 03-17 22:51:53 utils.py:140] ==================================
I 03-17 22:52:13 utils.py:131] === Checking the job status... ===
I 03-17 22:52:14 utils.py:137] Job status: JobStatus.RUNNING
I 03-17 22:52:14 utils.py:140] ==================================
I 03-17 22:52:34 utils.py:131] === Checking the job status... ===
I 03-17 22:52:36 utils.py:137] Job status: JobStatus.RUNNING
I 03-17 22:52:36 utils.py:140] ==================================
I 03-17 22:52:56 utils.py:131] === Checking the job status... ===
I 03-17 22:52:57 utils.py:137] Job status: JobStatus.RUNNING
I 03-17 22:52:57 utils.py:140] ==================================
I 03-17 22:53:17 utils.py:131] === Checking the job status... ===
I 03-17 22:53:18 utils.py:137] Job status: JobStatus.RUNNING
I 03-17 22:53:18 utils.py:140] ==================================
I 03-17 22:53:38 utils.py:131] === Checking the job status... ===
I 03-17 22:53:39 utils.py:137] Job status: JobStatus.RUNNING
I 03-17 22:53:39 utils.py:140] ==================================
I 03-17 22:53:59 utils.py:131] === Checking the job status... ===
I 03-17 22:54:00 utils.py:137] Job status: JobStatus.RUNNING
I 03-17 22:54:00 utils.py:140] ==================================
I 03-17 22:54:20 utils.py:131] === Checking the job status... ===
I 03-17 22:54:21 utils.py:137] Job status: JobStatus.RUNNING
I 03-17 22:54:21 utils.py:140] ==================================
I 03-17 22:54:41 utils.py:131] === Checking the job status... ===
I 03-17 22:54:42 utils.py:137] Job status: JobStatus.RUNNING
I 03-17 22:54:42 utils.py:140] ==================================
I 03-17 22:55:02 utils.py:131] === Checking the job status... ===
I 03-17 22:55:03 utils.py:137] Job status: JobStatus.RUNNING
I 03-17 22:55:03 utils.py:140] ==================================
I 03-17 22:55:23 utils.py:131] === Checking the job status... ===
I 03-17 22:55:24 utils.py:137] Job status: JobStatus.RUNNING
I 03-17 22:55:24 utils.py:140] ==================================
I 03-17 22:55:44 utils.py:131] === Checking the job status... ===
I 03-17 22:55:45 utils.py:137] Job status: JobStatus.RUNNING
I 03-17 22:55:45 utils.py:140] ==================================
I 03-17 22:56:06 utils.py:131] === Checking the job status... ===
I 03-17 22:56:07 utils.py:137] Job status: JobStatus.RUNNING
I 03-17 22:56:07 utils.py:140] ==================================
I 03-17 22:56:27 utils.py:131] === Checking the job status... ===
I 03-17 22:56:28 utils.py:137] Job status: JobStatus.RUNNING
I 03-17 22:56:28 utils.py:140] ==================================
I 03-17 22:56:48 utils.py:131] === Checking the job status... ===
I 03-17 22:56:49 utils.py:137] Job status: JobStatus.RUNNING
I 03-17 22:56:49 utils.py:140] ==================================
I 03-17 22:57:09 utils.py:131] === Checking the job status... ===
I 03-17 22:57:10 utils.py:137] Job status: JobStatus.RUNNING
I 03-17 22:57:10 utils.py:140] ==================================
I 03-17 22:57:30 utils.py:131] === Checking the job status... ===
I 03-17 22:57:31 utils.py:137] Job status: JobStatus.RUNNING
I 03-17 22:57:31 utils.py:140] ==================================
I 03-17 22:57:51 utils.py:131] === Checking the job status... ===
I 03-17 22:57:52 utils.py:137] Job status: JobStatus.RUNNING
I 03-17 22:57:52 utils.py:140] ==================================
I 03-17 22:58:12 utils.py:131] === Checking the job status... ===
I 03-17 22:58:13 utils.py:137] Job status: JobStatus.RUNNING
I 03-17 22:58:13 utils.py:140] ==================================
I 03-17 22:58:33 utils.py:131] === Checking the job status... ===
I 03-17 22:58:34 utils.py:137] Job status: JobStatus.RUNNING
I 03-17 22:58:34 utils.py:140] ==================================
I 03-17 22:58:54 utils.py:131] === Checking the job status... ===
I 03-17 22:58:55 utils.py:137] Job status: JobStatus.RUNNING
I 03-17 22:58:55 utils.py:140] ==================================
I 03-17 22:59:16 utils.py:131] === Checking the job status... ===
I 03-17 22:59:17 utils.py:137] Job status: JobStatus.RUNNING
I 03-17 22:59:17 utils.py:140] ==================================
I 03-17 22:59:37 utils.py:131] === Checking the job status... ===
I 03-17 22:59:38 utils.py:137] Job status: JobStatus.RUNNING
I 03-17 22:59:38 utils.py:140] ==================================
I 03-17 22:59:58 utils.py:131] === Checking the job status... ===
I 03-17 22:59:59 utils.py:137] Job status: JobStatus.RUNNING
I 03-17 22:59:59 utils.py:140] ==================================
I 03-17 23:00:19 utils.py:131] === Checking the job status... ===
I 03-17 23:00:20 utils.py:137] Job status: JobStatus.RUNNING
I 03-17 23:00:20 utils.py:140] ==================================
I 03-17 23:00:40 utils.py:131] === Checking the job status... ===
I 03-17 23:00:41 utils.py:137] Job status: JobStatus.RUNNING
I 03-17 23:00:41 utils.py:140] ==================================
I 03-17 23:01:01 utils.py:131] === Checking the job status... ===
I 03-17 23:01:02 utils.py:137] Job status: JobStatus.RUNNING
I 03-17 23:01:02 utils.py:140] ==================================
I 03-17 23:01:22 utils.py:131] === Checking the job status... ===
I 03-17 23:01:23 utils.py:137] Job status: JobStatus.RUNNING
I 03-17 23:01:23 utils.py:140] ==================================
I 03-17 23:01:44 utils.py:131] === Checking the job status... ===
I 03-17 23:01:45 utils.py:137] Job status: JobStatus.RUNNING
I 03-17 23:01:45 utils.py:140] ==================================
I 03-17 23:02:05 utils.py:131] === Checking the job status... ===
I 03-17 23:02:06 utils.py:137] Job status: JobStatus.RUNNING
I 03-17 23:02:06 utils.py:140] ==================================
I 03-17 23:02:26 utils.py:131] === Checking the job status... ===
I 03-17 23:02:27 utils.py:137] Job status: JobStatus.RUNNING
I 03-17 23:02:27 utils.py:140] ==================================
I 03-17 23:02:47 utils.py:131] === Checking the job status... ===
I 03-17 23:02:48 utils.py:137] Job status: JobStatus.RUNNING
I 03-17 23:02:48 utils.py:140] ==================================
I 03-17 23:03:08 utils.py:131] === Checking the job status... ===
I 03-17 23:03:09 utils.py:137] Job status: JobStatus.RUNNING
I 03-17 23:03:09 utils.py:140] ==================================
I 03-17 23:03:29 utils.py:131] === Checking the job status... ===
I 03-17 23:03:30 utils.py:137] Job status: JobStatus.RUNNING
I 03-17 23:03:30 utils.py:140] ==================================
I 03-17 23:03:50 utils.py:131] === Checking the job status... ===
I 03-17 23:03:51 utils.py:137] Job status: JobStatus.RUNNING
I 03-17 23:03:51 utils.py:140] ==================================
I 03-17 23:04:12 utils.py:131] === Checking the job status... ===
I 03-17 23:04:13 utils.py:137] Job status: JobStatus.RUNNING
I 03-17 23:04:13 utils.py:140] ==================================
I 03-17 23:04:33 utils.py:131] === Checking the job status... ===
I 03-17 23:04:34 utils.py:137] Job status: JobStatus.RUNNING
I 03-17 23:04:34 utils.py:140] ==================================
I 03-17 23:04:54 utils.py:131] === Checking the job status... ===
I 03-17 23:04:55 utils.py:137] Job status: JobStatus.RUNNING
I 03-17 23:04:55 utils.py:140] ==================================
I 03-17 23:05:15 utils.py:131] === Checking the job status... ===
I 03-17 23:05:16 utils.py:137] Job status: JobStatus.RUNNING
I 03-17 23:05:16 utils.py:140] ==================================
I 03-17 23:05:36 utils.py:131] === Checking the job status... ===
I 03-17 23:05:37 utils.py:137] Job status: JobStatus.RUNNING
I 03-17 23:05:37 utils.py:140] ==================================
I 03-17 23:05:57 utils.py:131] === Checking the job status... ===
I 03-17 23:05:58 utils.py:137] Job status: JobStatus.RUNNING
I 03-17 23:05:58 utils.py:140] ==================================
I 03-17 23:06:18 utils.py:131] === Checking the job status... ===
I 03-17 23:06:19 utils.py:137] Job status: JobStatus.RUNNING
I 03-17 23:06:19 utils.py:140] ==================================
I 03-17 23:06:40 utils.py:131] === Checking the job status... ===
I 03-17 23:06:41 utils.py:137] Job status: JobStatus.RUNNING
I 03-17 23:06:41 utils.py:140] ==================================
I 03-17 23:07:01 utils.py:131] === Checking the job status... ===
I 03-17 23:07:02 utils.py:137] Job status: JobStatus.RUNNING
I 03-17 23:07:02 utils.py:140] ==================================
I 03-17 23:07:22 utils.py:131] === Checking the job status... ===
I 03-17 23:07:23 utils.py:137] Job status: JobStatus.RUNNING
I 03-17 23:07:23 utils.py:140] ==================================
I 03-17 23:07:43 utils.py:131] === Checking the job status... ===
I 03-17 23:07:44 utils.py:137] Job status: JobStatus.RUNNING
I 03-17 23:07:44 utils.py:140] ==================================
I 03-17 23:08:04 utils.py:131] === Checking the job status... ===
I 03-17 23:08:05 utils.py:137] Job status: JobStatus.RUNNING
I 03-17 23:08:05 utils.py:140] ==================================
I 03-17 23:08:25 utils.py:131] === Checking the job status... ===
I 03-17 23:08:26 utils.py:137] Job status: JobStatus.RUNNING
I 03-17 23:08:26 utils.py:140] ==================================
I 03-17 23:08:46 utils.py:131] === Checking the job status... ===
I 03-17 23:08:47 utils.py:137] Job status: JobStatus.RUNNING
I 03-17 23:08:47 utils.py:140] ==================================
I 03-17 23:09:07 utils.py:131] === Checking the job status... ===
I 03-17 23:09:08 utils.py:137] Job status: JobStatus.RUNNING
I 03-17 23:09:08 utils.py:140] ==================================
I 03-17 23:09:29 utils.py:131] === Checking the job status... ===
I 03-17 23:09:30 utils.py:137] Job status: JobStatus.RUNNING
I 03-17 23:09:30 utils.py:140] ==================================
I 03-17 23:09:50 utils.py:131] === Checking the job status... ===
I 03-17 23:09:51 utils.py:137] Job status: JobStatus.RUNNING
I 03-17 23:09:51 utils.py:140] ==================================
I 03-17 23:10:11 utils.py:131] === Checking the job status... ===
I 03-17 23:10:12 utils.py:137] Job status: JobStatus.RUNNING
I 03-17 23:10:12 utils.py:140] ==================================
I 03-17 23:10:32 utils.py:131] === Checking the job status... ===
I 03-17 23:10:33 utils.py:137] Job status: JobStatus.RUNNING
I 03-17 23:10:33 utils.py:140] ==================================
I 03-17 23:10:53 utils.py:131] === Checking the job status... ===
I 03-17 23:10:54 utils.py:137] Job status: JobStatus.RUNNING
I 03-17 23:10:54 utils.py:140] ==================================
I 03-17 23:11:14 utils.py:131] === Checking the job status... ===
I 03-17 23:11:15 utils.py:137] Job status: JobStatus.RUNNING
I 03-17 23:11:15 utils.py:140] ==================================
I 03-17 23:11:35 utils.py:131] === Checking the job status... ===
I 03-17 23:11:36 utils.py:137] Job status: JobStatus.RUNNING
I 03-17 23:11:36 utils.py:140] ==================================
I 03-17 23:11:56 utils.py:131] === Checking the job status... ===
I 03-17 23:11:57 utils.py:137] Job status: JobStatus.RUNNING
I 03-17 23:11:57 utils.py:140] ==================================
I 03-17 23:12:18 utils.py:131] === Checking the job status... ===
I 03-17 23:12:19 utils.py:137] Job status: JobStatus.RUNNING
I 03-17 23:12:19 utils.py:140] ==================================
I 03-17 23:12:39 utils.py:131] === Checking the job status... ===
I 03-17 23:12:40 utils.py:137] Job status: JobStatus.RUNNING
I 03-17 23:12:40 utils.py:140] ==================================
I 03-17 23:13:00 utils.py:131] === Checking the job status... ===
I 03-17 23:13:01 utils.py:137] Job status: JobStatus.RUNNING
I 03-17 23:13:01 utils.py:140] ==================================
I 03-17 23:13:21 utils.py:131] === Checking the job status... ===
I 03-17 23:13:22 utils.py:137] Job status: JobStatus.RUNNING
I 03-17 23:13:22 utils.py:140] ==================================
I 03-17 23:13:42 utils.py:131] === Checking the job status... ===
I 03-17 23:13:43 utils.py:137] Job status: JobStatus.RUNNING
I 03-17 23:13:43 utils.py:140] ==================================
I 03-17 23:14:03 utils.py:131] === Checking the job status... ===
I 03-17 23:14:04 utils.py:137] Job status: JobStatus.RUNNING
I 03-17 23:14:04 utils.py:140] ==================================
I 03-17 23:14:24 utils.py:131] === Checking the job status... ===
I 03-17 23:14:25 utils.py:137] Job status: JobStatus.RUNNING
I 03-17 23:14:25 utils.py:140] ==================================
I 03-17 23:14:45 utils.py:131] === Checking the job status... ===
I 03-17 23:14:46 utils.py:137] Job status: JobStatus.RUNNING
I 03-17 23:14:46 utils.py:140] ==================================
I 03-17 23:15:06 utils.py:131] === Checking the job status... ===
I 03-17 23:15:07 utils.py:137] Job status: JobStatus.RUNNING
I 03-17 23:15:07 utils.py:140] ==================================
I 03-17 23:15:27 utils.py:131] === Checking the job status... ===
I 03-17 23:15:29 utils.py:137] Job status: JobStatus.RUNNING
I 03-17 23:15:29 utils.py:140] ==================================
I 03-17 23:15:49 utils.py:131] === Checking the job status... ===
I 03-17 23:15:50 utils.py:137] Job status: JobStatus.RUNNING
I 03-17 23:15:50 utils.py:140] ==================================
I 03-17 23:16:10 utils.py:131] === Checking the job status... ===
I 03-17 23:16:11 utils.py:137] Job status: JobStatus.RUNNING
I 03-17 23:16:11 utils.py:140] ==================================
I 03-17 23:16:31 utils.py:131] === Checking the job status... ===
I 03-17 23:16:32 utils.py:137] Job status: JobStatus.RUNNING
I 03-17 23:16:32 utils.py:140] ==================================
I 03-17 23:16:52 utils.py:131] === Checking the job status... ===
I 03-17 23:16:53 utils.py:137] Job status: JobStatus.RUNNING
I 03-17 23:16:53 utils.py:140] ==================================
I 03-17 23:17:13 utils.py:131] === Checking the job status... ===
I 03-17 23:17:14 utils.py:137] Job status: JobStatus.RUNNING
I 03-17 23:17:14 utils.py:140] ==================================
I 03-17 23:17:34 utils.py:131] === Checking the job status... ===
I 03-17 23:17:35 utils.py:137] Job status: JobStatus.RUNNING
I 03-17 23:17:35 utils.py:140] ==================================
I 03-17 23:17:55 utils.py:131] === Checking the job status... ===
I 03-17 23:17:56 utils.py:137] Job status: JobStatus.RUNNING
I 03-17 23:17:56 utils.py:140] ==================================
I 03-17 23:18:16 utils.py:131] === Checking the job status... ===
I 03-17 23:18:17 utils.py:137] Job status: JobStatus.RUNNING
I 03-17 23:18:17 utils.py:140] ==================================
I 03-17 23:18:38 utils.py:131] === Checking the job status... ===
I 03-17 23:18:39 utils.py:137] Job status: JobStatus.RUNNING
I 03-17 23:18:39 utils.py:140] ==================================
I 03-17 23:18:59 utils.py:131] === Checking the job status... ===
I 03-17 23:19:00 utils.py:137] Job status: JobStatus.RUNNING
I 03-17 23:19:00 utils.py:140] ==================================
I 03-17 23:19:20 utils.py:131] === Checking the job status... ===
I 03-17 23:19:21 utils.py:137] Job status: JobStatus.RUNNING
I 03-17 23:19:21 utils.py:140] ==================================
I 03-17 23:19:41 utils.py:131] === Checking the job status... ===
I 03-17 23:19:42 utils.py:137] Job status: JobStatus.RUNNING
I 03-17 23:19:42 utils.py:140] ==================================
I 03-17 23:20:02 utils.py:131] === Checking the job status... ===
I 03-17 23:20:03 utils.py:137] Job status: JobStatus.RUNNING
I 03-17 23:20:03 utils.py:140] ==================================
I 03-17 23:20:23 utils.py:131] === Checking the job status... ===
I 03-17 23:20:24 utils.py:137] Job status: JobStatus.RUNNING
I 03-17 23:20:24 utils.py:140] ==================================
I 03-17 23:20:44 utils.py:131] === Checking the job status... ===
I 03-17 23:20:45 utils.py:137] Job status: JobStatus.RUNNING
I 03-17 23:20:45 utils.py:140] ==================================
I 03-17 23:21:05 utils.py:131] === Checking the job status... ===
I 03-17 23:21:06 utils.py:137] Job status: JobStatus.RUNNING
I 03-17 23:21:06 utils.py:140] ==================================
I 03-17 23:21:27 utils.py:131] === Checking the job status... ===
I 03-17 23:21:28 utils.py:137] Job status: JobStatus.RUNNING
I 03-17 23:21:28 utils.py:140] ==================================
I 03-17 23:21:48 utils.py:131] === Checking the job status... ===
I 03-17 23:21:49 utils.py:137] Job status: JobStatus.RUNNING
I 03-17 23:21:49 utils.py:140] ==================================
I 03-17 23:22:09 utils.py:131] === Checking the job status... ===
I 03-17 23:22:10 utils.py:137] Job status: JobStatus.RUNNING
I 03-17 23:22:10 utils.py:140] ==================================
I 03-17 23:22:30 utils.py:131] === Checking the job status... ===
I 03-17 23:22:31 utils.py:137] Job status: JobStatus.RUNNING
I 03-17 23:22:31 utils.py:140] ==================================
I 03-17 23:22:51 utils.py:131] === Checking the job status... ===
I 03-17 23:22:52 utils.py:137] Job status: JobStatus.RUNNING
I 03-17 23:22:52 utils.py:140] ==================================
I 03-17 23:23:12 utils.py:131] === Checking the job status... ===
I 03-17 23:23:13 utils.py:137] Job status: JobStatus.RUNNING
I 03-17 23:23:13 utils.py:140] ==================================
I 03-17 23:23:33 utils.py:131] === Checking the job status... ===
I 03-17 23:23:34 utils.py:137] Job status: JobStatus.RUNNING
I 03-17 23:23:34 utils.py:140] ==================================
I 03-17 23:23:54 utils.py:131] === Checking the job status... ===
I 03-17 23:23:55 utils.py:137] Job status: JobStatus.RUNNING
I 03-17 23:23:55 utils.py:140] ==================================
I 03-17 23:24:16 utils.py:131] === Checking the job status... ===
I 03-17 23:24:17 utils.py:137] Job status: JobStatus.RUNNING
I 03-17 23:24:17 utils.py:140] ==================================
I 03-17 23:24:37 utils.py:131] === Checking the job status... ===
I 03-17 23:24:38 utils.py:137] Job status: JobStatus.RUNNING
I 03-17 23:24:38 utils.py:140] ==================================
I 03-17 23:24:58 utils.py:131] === Checking the job status... ===
I 03-17 23:24:59 utils.py:137] Job status: JobStatus.RUNNING
I 03-17 23:24:59 utils.py:140] ==================================
I 03-17 23:25:19 utils.py:131] === Checking the job status... ===
I 03-17 23:25:20 utils.py:137] Job status: JobStatus.RUNNING
I 03-17 23:25:20 utils.py:140] ==================================
I 03-17 23:25:40 utils.py:131] === Checking the job status... ===
I 03-17 23:25:41 utils.py:137] Job status: JobStatus.RUNNING
I 03-17 23:25:41 utils.py:140] ==================================
I 03-17 23:26:01 utils.py:131] === Checking the job status... ===
I 03-17 23:26:02 utils.py:137] Job status: JobStatus.RUNNING
I 03-17 23:26:02 utils.py:140] ==================================
I 03-17 23:26:22 utils.py:131] === Checking the job status... ===
I 03-17 23:26:23 utils.py:137] Job status: JobStatus.RUNNING
I 03-17 23:26:23 utils.py:140] ==================================
I 03-17 23:26:43 utils.py:131] === Checking the job status... ===
I 03-17 23:26:44 utils.py:137] Job status: JobStatus.RUNNING
I 03-17 23:26:44 utils.py:140] ==================================
I 03-17 23:27:05 utils.py:131] === Checking the job status... ===
I 03-17 23:27:06 utils.py:137] Job status: JobStatus.RUNNING
I 03-17 23:27:06 utils.py:140] ==================================
I 03-17 23:27:26 utils.py:131] === Checking the job status... ===
I 03-17 23:27:27 utils.py:137] Job status: JobStatus.RUNNING
I 03-17 23:27:27 utils.py:140] ==================================
I 03-17 23:27:47 utils.py:131] === Checking the job status... ===
I 03-17 23:27:48 utils.py:137] Job status: JobStatus.RUNNING
I 03-17 23:27:48 utils.py:140] ==================================
I 03-17 23:28:08 utils.py:131] === Checking the job status... ===
I 03-17 23:28:09 utils.py:137] Job status: JobStatus.RUNNING
I 03-17 23:28:09 utils.py:140] ==================================
I 03-17 23:28:29 utils.py:131] === Checking the job status... ===
I 03-17 23:28:30 utils.py:137] Job status: JobStatus.RUNNING
I 03-17 23:28:30 utils.py:140] ==================================
I 03-17 23:28:50 utils.py:131] === Checking the job status... ===
I 03-17 23:28:51 utils.py:137] Job status: JobStatus.RUNNING
I 03-17 23:28:51 utils.py:140] ==================================
I 03-17 23:29:11 utils.py:131] === Checking the job status... ===
I 03-17 23:29:12 utils.py:137] Job status: JobStatus.RUNNING
I 03-17 23:29:12 utils.py:140] ==================================
I 03-17 23:29:32 utils.py:131] === Checking the job status... ===
I 03-17 23:29:33 utils.py:137] Job status: JobStatus.RUNNING
I 03-17 23:29:33 utils.py:140] ==================================
I 03-17 23:29:53 utils.py:131] === Checking the job status... ===
I 03-17 23:29:54 utils.py:137] Job status: JobStatus.RUNNING
I 03-17 23:29:54 utils.py:140] ==================================
I 03-17 23:30:15 utils.py:131] === Checking the job status... ===
I 03-17 23:30:16 utils.py:137] Job status: JobStatus.RUNNING
I 03-17 23:30:16 utils.py:140] ==================================
I 03-17 23:30:36 utils.py:131] === Checking the job status... ===
I 03-17 23:30:37 utils.py:137] Job status: JobStatus.RUNNING
I 03-17 23:30:37 utils.py:140] ==================================
I 03-17 23:30:57 utils.py:131] === Checking the job status... ===
I 03-17 23:30:58 utils.py:137] Job status: JobStatus.RUNNING
I 03-17 23:30:58 utils.py:140] ==================================
I 03-17 23:31:18 utils.py:131] === Checking the job status... ===
I 03-17 23:31:19 utils.py:137] Job status: JobStatus.RUNNING
I 03-17 23:31:19 utils.py:140] ==================================
I 03-17 23:31:39 utils.py:131] === Checking the job status... ===
I 03-17 23:31:40 utils.py:137] Job status: JobStatus.RUNNING
I 03-17 23:31:40 utils.py:140] ==================================
I 03-17 23:32:00 utils.py:131] === Checking the job status... ===
I 03-17 23:32:01 utils.py:137] Job status: JobStatus.RUNNING
I 03-17 23:32:01 utils.py:140] ==================================
I 03-17 23:32:22 utils.py:131] === Checking the job status... ===
I 03-17 23:32:23 utils.py:137] Job status: JobStatus.RUNNING
I 03-17 23:32:23 utils.py:140] ==================================
I 03-17 23:32:43 utils.py:131] === Checking the job status... ===
I 03-17 23:32:44 utils.py:137] Job status: JobStatus.RUNNING
I 03-17 23:32:44 utils.py:140] ==================================
I 03-17 23:33:04 utils.py:131] === Checking the job status... ===
I 03-17 23:33:05 utils.py:137] Job status: JobStatus.RUNNING
I 03-17 23:33:05 utils.py:140] ==================================
I 03-17 23:33:25 utils.py:131] === Checking the job status... ===
I 03-17 23:33:26 utils.py:137] Job status: JobStatus.RUNNING
I 03-17 23:33:26 utils.py:140] ==================================
I 03-17 23:33:46 utils.py:131] === Checking the job status... ===
I 03-17 23:33:47 utils.py:137] Job status: JobStatus.RUNNING
I 03-17 23:33:47 utils.py:140] ==================================
I 03-17 23:34:07 utils.py:131] === Checking the job status... ===
I 03-17 23:34:08 utils.py:137] Job status: JobStatus.RUNNING
I 03-17 23:34:08 utils.py:140] ==================================
I 03-17 23:34:28 utils.py:131] === Checking the job status... ===
I 03-17 23:34:29 utils.py:137] Job status: JobStatus.RUNNING
I 03-17 23:34:29 utils.py:140] ==================================
I 03-17 23:34:49 utils.py:131] === Checking the job status... ===
I 03-17 23:34:50 utils.py:137] Job status: JobStatus.RUNNING
I 03-17 23:34:50 utils.py:140] ==================================
I 03-17 23:35:10 utils.py:131] === Checking the job status... ===
I 03-17 23:35:11 utils.py:137] Job status: JobStatus.RUNNING
I 03-17 23:35:11 utils.py:140] ==================================
I 03-17 23:35:32 utils.py:131] === Checking the job status... ===
I 03-17 23:35:33 utils.py:137] Job status: JobStatus.RUNNING
I 03-17 23:35:33 utils.py:140] ==================================
I 03-17 23:35:53 utils.py:131] === Checking the job status... ===
I 03-17 23:35:54 utils.py:137] Job status: JobStatus.RUNNING
I 03-17 23:35:54 utils.py:140] ==================================
I 03-17 23:36:14 utils.py:131] === Checking the job status... ===
I 03-17 23:36:15 utils.py:137] Job status: JobStatus.RUNNING
I 03-17 23:36:15 utils.py:140] ==================================
I 03-17 23:36:35 utils.py:131] === Checking the job status... ===
I 03-17 23:36:36 utils.py:137] Job status: JobStatus.RUNNING
I 03-17 23:36:36 utils.py:140] ==================================
I 03-17 23:36:56 utils.py:131] === Checking the job status... ===
I 03-17 23:36:57 utils.py:137] Job status: JobStatus.RUNNING
I 03-17 23:36:57 utils.py:140] ==================================
I 03-17 23:37:17 utils.py:131] === Checking the job status... ===
I 03-17 23:37:18 utils.py:137] Job status: JobStatus.RUNNING
I 03-17 23:37:18 utils.py:140] ==================================
I 03-17 23:37:38 utils.py:131] === Checking the job status... ===
I 03-17 23:37:39 utils.py:137] Job status: JobStatus.RUNNING
I 03-17 23:37:39 utils.py:140] ==================================
I 03-17 23:37:59 utils.py:131] === Checking the job status... ===
I 03-17 23:38:00 utils.py:137] Job status: JobStatus.RUNNING
I 03-17 23:38:00 utils.py:140] ==================================
I 03-17 23:38:21 utils.py:131] === Checking the job status... ===
I 03-17 23:38:22 utils.py:137] Job status: JobStatus.RUNNING
I 03-17 23:38:22 utils.py:140] ==================================
I 03-17 23:38:42 utils.py:131] === Checking the job status... ===
I 03-17 23:38:43 utils.py:137] Job status: JobStatus.RUNNING
I 03-17 23:38:43 utils.py:140] ==================================
I 03-17 23:39:03 utils.py:131] === Checking the job status... ===
I 03-17 23:39:04 utils.py:137] Job status: JobStatus.RUNNING
I 03-17 23:39:04 utils.py:140] ==================================
I 03-17 23:39:24 utils.py:131] === Checking the job status... ===
I 03-17 23:39:25 utils.py:137] Job status: JobStatus.RUNNING
I 03-17 23:39:25 utils.py:140] ==================================
I 03-17 23:39:45 utils.py:131] === Checking the job status... ===
I 03-17 23:39:46 utils.py:137] Job status: JobStatus.RUNNING
I 03-17 23:39:46 utils.py:140] ==================================
I 03-17 23:40:06 utils.py:131] === Checking the job status... ===
I 03-17 23:40:07 utils.py:137] Job status: JobStatus.RUNNING
I 03-17 23:40:07 utils.py:140] ==================================
I 03-17 23:40:27 utils.py:131] === Checking the job status... ===
I 03-17 23:40:28 utils.py:137] Job status: JobStatus.RUNNING
I 03-17 23:40:28 utils.py:140] ==================================
I 03-17 23:40:48 utils.py:131] === Checking the job status... ===
I 03-17 23:40:49 utils.py:137] Job status: JobStatus.RUNNING
I 03-17 23:40:49 utils.py:140] ==================================
I 03-17 23:41:09 utils.py:131] === Checking the job status... ===
I 03-17 23:41:10 utils.py:137] Job status: JobStatus.RUNNING
I 03-17 23:41:10 utils.py:140] ==================================
I 03-17 23:41:31 utils.py:131] === Checking the job status... ===
I 03-17 23:41:31 utils.py:137] Job status: JobStatus.RUNNING
I 03-17 23:41:31 utils.py:140] ==================================
I 03-17 23:41:52 utils.py:131] === Checking the job status... ===
I 03-17 23:41:53 utils.py:137] Job status: JobStatus.RUNNING
I 03-17 23:41:53 utils.py:140] ==================================
I 03-17 23:42:13 utils.py:131] === Checking the job status... ===
I 03-17 23:42:14 utils.py:137] Job status: JobStatus.RUNNING
I 03-17 23:42:14 utils.py:140] ==================================
I 03-17 23:42:34 utils.py:131] === Checking the job status... ===
I 03-17 23:42:35 utils.py:137] Job status: JobStatus.RUNNING
I 03-17 23:42:35 utils.py:140] ==================================
I 03-17 23:42:55 utils.py:131] === Checking the job status... ===
I 03-17 23:42:56 utils.py:137] Job status: JobStatus.RUNNING
I 03-17 23:42:56 utils.py:140] ==================================
I 03-17 23:43:16 utils.py:131] === Checking the job status... ===
I 03-17 23:43:17 utils.py:137] Job status: JobStatus.RUNNING
I 03-17 23:43:17 utils.py:140] ==================================
I 03-17 23:43:37 utils.py:131] === Checking the job status... ===
I 03-17 23:43:38 utils.py:137] Job status: JobStatus.RUNNING
I 03-17 23:43:38 utils.py:140] ==================================
I 03-17 23:43:58 utils.py:131] === Checking the job status... ===
I 03-17 23:43:59 utils.py:137] Job status: JobStatus.RUNNING
I 03-17 23:43:59 utils.py:140] ==================================
I 03-17 23:44:20 utils.py:131] === Checking the job status... ===
I 03-17 23:44:21 utils.py:137] Job status: JobStatus.RUNNING
I 03-17 23:44:21 utils.py:140] ==================================
I 03-17 23:44:41 utils.py:131] === Checking the job status... ===
I 03-17 23:44:42 utils.py:137] Job status: JobStatus.RUNNING
I 03-17 23:44:42 utils.py:140] ==================================
I 03-17 23:45:02 utils.py:131] === Checking the job status... ===
I 03-17 23:45:03 utils.py:137] Job status: JobStatus.RUNNING
I 03-17 23:45:03 utils.py:140] ==================================
I 03-17 23:45:23 utils.py:131] === Checking the job status... ===
I 03-17 23:45:24 utils.py:137] Job status: JobStatus.RUNNING
I 03-17 23:45:24 utils.py:140] ==================================
I 03-17 23:45:44 utils.py:131] === Checking the job status... ===
I 03-17 23:45:45 utils.py:137] Job status: JobStatus.RUNNING
I 03-17 23:45:45 utils.py:140] ==================================
I 03-17 23:46:05 utils.py:131] === Checking the job status... ===
I 03-17 23:46:06 utils.py:137] Job status: JobStatus.RUNNING
I 03-17 23:46:06 utils.py:140] ==================================
