I 03-17 21:19:20 controller.py:59] DAG:
I 03-17 21:19:20 controller.py:59] [Task<name=compute-text-vectors>(run='# Initialize and dow...')
I 03-17 21:19:20 controller.py:59]   resources: {AWS([Spot], cpus=4, {'L4': 1}), AWS(cpus=4, {'L4': 1})}]
I 03-17 21:19:20 controller.py:195] Submitted managed job 187 (task: 0, name: 'compute-text-vectors'); SKYPILOT_TASK_ID: sky-managed-2025-03-17-21-19-20-956633_compute-text-vectors_187-0
I 03-17 21:19:20 controller.py:199] Started monitoring.
I 03-17 21:19:20 state.py:451] Launching the spot cluster...
I 03-17 21:19:21 storage.py:1058] Storage type StoreType.S3 already exists.
<sky-payload>"<rich_init>[bold cyan]Optimizing[/]</rich_init>"</sky-payload>
<sky-payload>"<rich_update>[bold cyan]Optimizing[/]</rich_update>"</sky-payload>
<sky-payload>"<rich_start>[bold cyan]Optimizing[/]</rich_start>"</sky-payload>
I 03-17 21:19:22 optimizer.py:736] [1mTarget:[0m minimizing cost
I 03-17 21:19:22 optimizer.py:749] [1mEstimated cost: [0m$0.2 / hour
I 03-17 21:19:22 optimizer.py:749] 
I 03-17 21:19:22 optimizer.py:884] Considered resources (1 node):
I 03-17 21:19:22 optimizer.py:952] ----------------------------------------------------------------------------------------------
I 03-17 21:19:22 optimizer.py:952]  CLOUD   INSTANCE          vCPUs   Mem(GB)   ACCELERATORS   REGION/ZONE   COST ($)   CHOSEN   
I 03-17 21:19:22 optimizer.py:952] ----------------------------------------------------------------------------------------------
I 03-17 21:19:22 optimizer.py:952]  AWS     g6.xlarge[Spot]   4       16        L4:1           ap-south-1b   0.22       [32m   ✔[0m     
I 03-17 21:19:22 optimizer.py:952]  AWS     g6.xlarge         4       16        L4:1           us-east-1     0.80                
I 03-17 21:19:22 optimizer.py:952] ----------------------------------------------------------------------------------------------
<sky-payload>"<rich_exit></rich_exit>"</sky-payload>
<sky-payload>"<rich_init>[bold cyan]Launching[/]</rich_init>"</sky-payload>
<sky-payload>"<rich_update>[bold cyan]Launching[/]</rich_update>"</sky-payload>
<sky-payload>"<rich_start>[bold cyan]Launching[/]</rich_start>"</sky-payload>
<sky-payload>"<rich_update>[bold cyan]Launching[/]  \u001b[2mView logs: sky api logs -l sky-2025-03-17-21-19-21-574772/provision.log\u001b[0m</rich_update>"</sky-payload>
<sky-payload>"<rich_update>[bold cyan]Launching[/]  \u001b[2mView logs: sky api logs -l sky-2025-03-17-21-19-21-574772/provision.log\u001b[0m</rich_update>"</sky-payload>
I 03-17 21:19:22 cloud_vm_ray_backend.py:1520] [0m⚙︎ Launching on AWS ap-south-1[0m (ap-south-1b).
W 03-17 21:29:40 cloud_vm_ray_backend.py:2061] sky.exceptions.ResourcesUnavailableError: Failed to acquire resources in ap-south-1b for {AWS([Spot], cpus=4, {'L4': 1}), AWS(cpus=4, {'L4': 1})}. 
W 03-17 21:29:40 cloud_vm_ray_backend.py:2097] 
W 03-17 21:29:40 cloud_vm_ray_backend.py:2097] [0m[33m↺[0m Trying other potential resources.
<sky-payload>"<rich_update>[bold cyan]Looking for resources[/]  \u001b[2mView logs: sky api logs -l sky-2025-03-17-21-19-21-574772/provision.log\u001b[0m</rich_update>"</sky-payload>
<sky-payload>"<rich_update>[bold cyan]Optimizing[/]</rich_update>"</sky-payload>
<sky-payload>"<rich_start>[bold cyan]Launching[/]</rich_start>"</sky-payload>
I 03-17 21:29:40 optimizer.py:736] [1mTarget:[0m minimizing cost
I 03-17 21:29:40 optimizer.py:749] [1mEstimated cost: [0m$0.2 / hour
I 03-17 21:29:40 optimizer.py:749] 
I 03-17 21:29:40 optimizer.py:884] Considered resources (1 node):
I 03-17 21:29:40 optimizer.py:952] ----------------------------------------------------------------------------------------------
I 03-17 21:29:40 optimizer.py:952]  CLOUD   INSTANCE          vCPUs   Mem(GB)   ACCELERATORS   REGION/ZONE   COST ($)   CHOSEN   
I 03-17 21:29:40 optimizer.py:952] ----------------------------------------------------------------------------------------------
I 03-17 21:29:40 optimizer.py:952]  AWS     g6.xlarge[Spot]   4       16        L4:1           ap-south-1a   0.25       [32m   ✔[0m     
I 03-17 21:29:40 optimizer.py:952]  AWS     g6.xlarge         4       16        L4:1           us-east-1     0.80                
I 03-17 21:29:40 optimizer.py:952] ----------------------------------------------------------------------------------------------
<sky-payload>"<rich_update>[bold cyan]Looking for resources[/]  \u001b[2mView logs: sky api logs -l sky-2025-03-17-21-19-21-574772/provision.log\u001b[0m</rich_update>"</sky-payload>
<sky-payload>"<rich_update>[bold cyan]Launching[/]  \u001b[2mView logs: sky api logs -l sky-2025-03-17-21-19-21-574772/provision.log\u001b[0m</rich_update>"</sky-payload>
I 03-17 21:29:40 cloud_vm_ray_backend.py:1520] [0m⚙︎ Launching on AWS ap-south-1[0m (ap-south-1a).
[2mW 03-17 21:40:37 instance.py:243] create_instances: Attempt failed with An error occurred (MaxSpotInstanceCountExceeded) when calling the RunInstances operation: Max spot instance count exceeded[0m
W 03-17 21:40:38 cloud_vm_ray_backend.py:2061] sky.exceptions.ResourcesUnavailableError: Failed to acquire resources in ap-south-1a for {AWS([Spot], cpus=4, {'L4': 1}), AWS(cpus=4, {'L4': 1})}. 
W 03-17 21:40:38 cloud_vm_ray_backend.py:2097] 
W 03-17 21:40:38 cloud_vm_ray_backend.py:2097] [0m[33m↺[0m Trying other potential resources.
<sky-payload>"<rich_update>[bold cyan]Looking for resources[/]  \u001b[2mView logs: sky api logs -l sky-2025-03-17-21-19-21-574772/provision.log\u001b[0m</rich_update>"</sky-payload>
<sky-payload>"<rich_update>[bold cyan]Optimizing[/]</rich_update>"</sky-payload>
<sky-payload>"<rich_start>[bold cyan]Launching[/]</rich_start>"</sky-payload>
I 03-17 21:40:39 optimizer.py:736] [1mTarget:[0m minimizing cost
I 03-17 21:40:39 optimizer.py:749] [1mEstimated cost: [0m$0.3 / hour
I 03-17 21:40:39 optimizer.py:749] 
I 03-17 21:40:39 optimizer.py:884] Considered resources (1 node):
I 03-17 21:40:39 optimizer.py:952] --------------------------------------------------------------------------------------------------
I 03-17 21:40:39 optimizer.py:952]  CLOUD   INSTANCE          vCPUs   Mem(GB)   ACCELERATORS   REGION/ZONE       COST ($)   CHOSEN   
I 03-17 21:40:39 optimizer.py:952] --------------------------------------------------------------------------------------------------
I 03-17 21:40:39 optimizer.py:952]  AWS     g6.xlarge[Spot]   4       16        L4:1           ap-northeast-2d   0.25       [32m   ✔[0m     
I 03-17 21:40:39 optimizer.py:952]  AWS     g6.xlarge         4       16        L4:1           us-east-1         0.80                
I 03-17 21:40:39 optimizer.py:952] --------------------------------------------------------------------------------------------------
<sky-payload>"<rich_update>[bold cyan]Looking for resources[/]  \u001b[2mView logs: sky api logs -l sky-2025-03-17-21-19-21-574772/provision.log\u001b[0m</rich_update>"</sky-payload>
<sky-payload>"<rich_update>[bold cyan]Launching[/]  \u001b[2mView logs: sky api logs -l sky-2025-03-17-21-19-21-574772/provision.log\u001b[0m</rich_update>"</sky-payload>
I 03-17 21:40:39 cloud_vm_ray_backend.py:1520] [0m⚙︎ Launching on AWS ap-northeast-2[0m (ap-northeast-2d).
W 03-17 21:49:19 cloud_vm_ray_backend.py:2061] sky.exceptions.ResourcesUnavailableError: Failed to acquire resources in ap-northeast-2d for {AWS([Spot], cpus=4, {'L4': 1}), AWS(cpus=4, {'L4': 1})}. 
W 03-17 21:49:19 cloud_vm_ray_backend.py:2097] 
W 03-17 21:49:19 cloud_vm_ray_backend.py:2097] [0m[33m↺[0m Trying other potential resources.
<sky-payload>"<rich_update>[bold cyan]Looking for resources[/]  \u001b[2mView logs: sky api logs -l sky-2025-03-17-21-19-21-574772/provision.log\u001b[0m</rich_update>"</sky-payload>
<sky-payload>"<rich_update>[bold cyan]Optimizing[/]</rich_update>"</sky-payload>
<sky-payload>"<rich_start>[bold cyan]Launching[/]</rich_start>"</sky-payload>
I 03-17 21:49:19 optimizer.py:736] [1mTarget:[0m minimizing cost
I 03-17 21:49:19 optimizer.py:749] [1mEstimated cost: [0m$0.3 / hour
I 03-17 21:49:19 optimizer.py:749] 
I 03-17 21:49:19 optimizer.py:884] Considered resources (1 node):
I 03-17 21:49:19 optimizer.py:952] --------------------------------------------------------------------------------------------------
I 03-17 21:49:19 optimizer.py:952]  CLOUD   INSTANCE          vCPUs   Mem(GB)   ACCELERATORS   REGION/ZONE       COST ($)   CHOSEN   
I 03-17 21:49:19 optimizer.py:952] --------------------------------------------------------------------------------------------------
I 03-17 21:49:19 optimizer.py:952]  AWS     g6.xlarge[Spot]   4       16        L4:1           ap-northeast-2a   0.27       [32m   ✔[0m     
I 03-17 21:49:19 optimizer.py:952]  AWS     g6.xlarge         4       16        L4:1           us-east-1         0.80                
I 03-17 21:49:19 optimizer.py:952] --------------------------------------------------------------------------------------------------
<sky-payload>"<rich_update>[bold cyan]Looking for resources[/]  \u001b[2mView logs: sky api logs -l sky-2025-03-17-21-19-21-574772/provision.log\u001b[0m</rich_update>"</sky-payload>
<sky-payload>"<rich_update>[bold cyan]Launching[/]  \u001b[2mView logs: sky api logs -l sky-2025-03-17-21-19-21-574772/provision.log\u001b[0m</rich_update>"</sky-payload>
I 03-17 21:49:20 cloud_vm_ray_backend.py:1520] [0m⚙︎ Launching on AWS ap-northeast-2[0m (ap-northeast-2a).
[2mW 03-17 21:51:57 instance.py:243] create_instances: Attempt failed with An error occurred (InsufficientInstanceCapacity) when calling the RunInstances operation (reached max retries: 0): There is no Spot capacity available that matches your request.[0m
W 03-17 21:51:58 cloud_vm_ray_backend.py:2061] sky.exceptions.ResourcesUnavailableError: Failed to acquire resources in ap-northeast-2a for {AWS([Spot], cpus=4, {'L4': 1}), AWS(cpus=4, {'L4': 1})}. 
W 03-17 21:51:58 cloud_vm_ray_backend.py:2097] 
W 03-17 21:51:58 cloud_vm_ray_backend.py:2097] [0m[33m↺[0m Trying other potential resources.
<sky-payload>"<rich_update>[bold cyan]Looking for resources[/]  \u001b[2mView logs: sky api logs -l sky-2025-03-17-21-19-21-574772/provision.log\u001b[0m</rich_update>"</sky-payload>
<sky-payload>"<rich_update>[bold cyan]Optimizing[/]</rich_update>"</sky-payload>
<sky-payload>"<rich_start>[bold cyan]Launching[/]</rich_start>"</sky-payload>
I 03-17 21:51:59 optimizer.py:736] [1mTarget:[0m minimizing cost
I 03-17 21:51:59 optimizer.py:749] [1mEstimated cost: [0m$0.3 / hour
I 03-17 21:51:59 optimizer.py:749] 
I 03-17 21:51:59 optimizer.py:884] Considered resources (1 node):
I 03-17 21:51:59 optimizer.py:952] ----------------------------------------------------------------------------------------------
I 03-17 21:51:59 optimizer.py:952]  CLOUD   INSTANCE          vCPUs   Mem(GB)   ACCELERATORS   REGION/ZONE   COST ($)   CHOSEN   
I 03-17 21:51:59 optimizer.py:952] ----------------------------------------------------------------------------------------------
I 03-17 21:51:59 optimizer.py:952]  AWS     g6.xlarge[Spot]   4       16        L4:1           us-east-1b    0.30       [32m   ✔[0m     
I 03-17 21:51:59 optimizer.py:952]  AWS     g6.xlarge         4       16        L4:1           us-east-1     0.80                
I 03-17 21:51:59 optimizer.py:952] ----------------------------------------------------------------------------------------------
<sky-payload>"<rich_update>[bold cyan]Looking for resources[/]  \u001b[2mView logs: sky api logs -l sky-2025-03-17-21-19-21-574772/provision.log\u001b[0m</rich_update>"</sky-payload>
<sky-payload>"<rich_update>[bold cyan]Launching[/]  \u001b[2mView logs: sky api logs -l sky-2025-03-17-21-19-21-574772/provision.log\u001b[0m</rich_update>"</sky-payload>
I 03-17 21:51:59 cloud_vm_ray_backend.py:1520] [0m⚙︎ Launching on AWS us-east-1[0m (us-east-1b).
[2mW 03-17 22:00:10 instance.py:243] create_instances: Attempt failed with An error occurred (InsufficientInstanceCapacity) when calling the RunInstances operation (reached max retries: 0): We currently do not have sufficient g6.xlarge capacity in the Availability Zone you requested (us-east-1b). Our system will be working on provisioning additional capacity. You can currently get g6.xlarge capacity by not specifying an Availability Zone in your request or choosing us-east-1a, us-east-1c, us-east-1d.[0m
W 03-17 22:00:11 cloud_vm_ray_backend.py:2061] sky.exceptions.ResourcesUnavailableError: Failed to acquire resources in us-east-1b for {AWS([Spot], cpus=4, {'L4': 1}), AWS(cpus=4, {'L4': 1})}. 
W 03-17 22:00:11 cloud_vm_ray_backend.py:2097] 
W 03-17 22:00:11 cloud_vm_ray_backend.py:2097] [0m[33m↺[0m Trying other potential resources.
<sky-payload>"<rich_update>[bold cyan]Looking for resources[/]  \u001b[2mView logs: sky api logs -l sky-2025-03-17-21-19-21-574772/provision.log\u001b[0m</rich_update>"</sky-payload>
<sky-payload>"<rich_update>[bold cyan]Optimizing[/]</rich_update>"</sky-payload>
<sky-payload>"<rich_start>[bold cyan]Launching[/]</rich_start>"</sky-payload>
I 03-17 22:00:11 optimizer.py:736] [1mTarget:[0m minimizing cost
I 03-17 22:00:11 optimizer.py:749] [1mEstimated cost: [0m$0.3 / hour
I 03-17 22:00:11 optimizer.py:749] 
I 03-17 22:00:11 optimizer.py:884] Considered resources (1 node):
I 03-17 22:00:11 optimizer.py:952] ----------------------------------------------------------------------------------------------
I 03-17 22:00:11 optimizer.py:952]  CLOUD   INSTANCE          vCPUs   Mem(GB)   ACCELERATORS   REGION/ZONE   COST ($)   CHOSEN   
I 03-17 22:00:11 optimizer.py:952] ----------------------------------------------------------------------------------------------
I 03-17 22:00:11 optimizer.py:952]  AWS     g6.xlarge[Spot]   4       16        L4:1           us-east-2c    0.31       [32m   ✔[0m     
I 03-17 22:00:11 optimizer.py:952]  AWS     g6.xlarge         4       16        L4:1           us-east-1     0.80                
I 03-17 22:00:11 optimizer.py:952] ----------------------------------------------------------------------------------------------
<sky-payload>"<rich_update>[bold cyan]Looking for resources[/]  \u001b[2mView logs: sky api logs -l sky-2025-03-17-21-19-21-574772/provision.log\u001b[0m</rich_update>"</sky-payload>
<sky-payload>"<rich_update>[bold cyan]Launching[/]  \u001b[2mView logs: sky api logs -l sky-2025-03-17-21-19-21-574772/provision.log\u001b[0m</rich_update>"</sky-payload>
I 03-17 22:00:11 cloud_vm_ray_backend.py:1520] [0m⚙︎ Launching on AWS us-east-2[0m (us-east-2c).
[2mW 03-17 22:00:17 instance.py:243] create_instances: Attempt failed with An error occurred (InsufficientInstanceCapacity) when calling the RunInstances operation (reached max retries: 0): We currently do not have sufficient g6.xlarge capacity in the Availability Zone you requested (us-east-2c). Our system will be working on provisioning additional capacity. You can currently get g6.xlarge capacity by not specifying an Availability Zone in your request or choosing us-east-2a, us-east-2b.[0m
W 03-17 22:00:18 cloud_vm_ray_backend.py:2061] sky.exceptions.ResourcesUnavailableError: Failed to acquire resources in us-east-2c for {AWS([Spot], cpus=4, {'L4': 1}), AWS(cpus=4, {'L4': 1})}. 
W 03-17 22:00:18 cloud_vm_ray_backend.py:2097] 
W 03-17 22:00:18 cloud_vm_ray_backend.py:2097] [0m[33m↺[0m Trying other potential resources.
<sky-payload>"<rich_update>[bold cyan]Looking for resources[/]  \u001b[2mView logs: sky api logs -l sky-2025-03-17-21-19-21-574772/provision.log\u001b[0m</rich_update>"</sky-payload>
<sky-payload>"<rich_update>[bold cyan]Optimizing[/]</rich_update>"</sky-payload>
<sky-payload>"<rich_start>[bold cyan]Launching[/]</rich_start>"</sky-payload>
I 03-17 22:00:18 optimizer.py:736] [1mTarget:[0m minimizing cost
I 03-17 22:00:18 optimizer.py:749] [1mEstimated cost: [0m$0.3 / hour
I 03-17 22:00:18 optimizer.py:749] 
I 03-17 22:00:18 optimizer.py:884] Considered resources (1 node):
I 03-17 22:00:18 optimizer.py:952] ----------------------------------------------------------------------------------------------
I 03-17 22:00:18 optimizer.py:952]  CLOUD   INSTANCE          vCPUs   Mem(GB)   ACCELERATORS   REGION/ZONE   COST ($)   CHOSEN   
I 03-17 22:00:18 optimizer.py:952] ----------------------------------------------------------------------------------------------
I 03-17 22:00:18 optimizer.py:952]  AWS     g6.xlarge[Spot]   4       16        L4:1           us-east-2b    0.32       [32m   ✔[0m     
I 03-17 22:00:18 optimizer.py:952]  AWS     g6.xlarge         4       16        L4:1           us-east-1     0.80                
I 03-17 22:00:18 optimizer.py:952] ----------------------------------------------------------------------------------------------
<sky-payload>"<rich_update>[bold cyan]Looking for resources[/]  \u001b[2mView logs: sky api logs -l sky-2025-03-17-21-19-21-574772/provision.log\u001b[0m</rich_update>"</sky-payload>
<sky-payload>"<rich_update>[bold cyan]Launching[/]  \u001b[2mView logs: sky api logs -l sky-2025-03-17-21-19-21-574772/provision.log\u001b[0m</rich_update>"</sky-payload>
I 03-17 22:00:18 cloud_vm_ray_backend.py:1520] [0m⚙︎ Launching on AWS us-east-2[0m (us-east-2b).
[2mW 03-17 22:01:04 instance.py:243] create_instances: Attempt failed with An error occurred (MaxSpotInstanceCountExceeded) when calling the RunInstances operation: Max spot instance count exceeded[0m
W 03-17 22:01:04 cloud_vm_ray_backend.py:2061] sky.exceptions.ResourcesUnavailableError: Failed to acquire resources in us-east-2b for {AWS([Spot], cpus=4, {'L4': 1}), AWS(cpus=4, {'L4': 1})}. 
W 03-17 22:01:04 cloud_vm_ray_backend.py:2097] 
W 03-17 22:01:04 cloud_vm_ray_backend.py:2097] [0m[33m↺[0m Trying other potential resources.
<sky-payload>"<rich_update>[bold cyan]Looking for resources[/]  \u001b[2mView logs: sky api logs -l sky-2025-03-17-21-19-21-574772/provision.log\u001b[0m</rich_update>"</sky-payload>
<sky-payload>"<rich_update>[bold cyan]Optimizing[/]</rich_update>"</sky-payload>
<sky-payload>"<rich_start>[bold cyan]Launching[/]</rich_start>"</sky-payload>
I 03-17 22:01:04 optimizer.py:736] [1mTarget:[0m minimizing cost
I 03-17 22:01:04 optimizer.py:749] [1mEstimated cost: [0m$0.3 / hour
I 03-17 22:01:04 optimizer.py:749] 
I 03-17 22:01:04 optimizer.py:884] Considered resources (1 node):
I 03-17 22:01:04 optimizer.py:952] ------------------------------------------------------------------------------------------------
I 03-17 22:01:04 optimizer.py:952]  CLOUD   INSTANCE          vCPUs   Mem(GB)   ACCELERATORS   REGION/ZONE     COST ($)   CHOSEN   
I 03-17 22:01:04 optimizer.py:952] ------------------------------------------------------------------------------------------------
I 03-17 22:01:04 optimizer.py:952]  AWS     g6.xlarge[Spot]   4       16        L4:1           ca-central-1a   0.33       [32m   ✔[0m     
I 03-17 22:01:04 optimizer.py:952]  AWS     g6.xlarge         4       16        L4:1           us-east-1       0.80                
I 03-17 22:01:04 optimizer.py:952] ------------------------------------------------------------------------------------------------
<sky-payload>"<rich_update>[bold cyan]Looking for resources[/]  \u001b[2mView logs: sky api logs -l sky-2025-03-17-21-19-21-574772/provision.log\u001b[0m</rich_update>"</sky-payload>
<sky-payload>"<rich_update>[bold cyan]Launching[/]  \u001b[2mView logs: sky api logs -l sky-2025-03-17-21-19-21-574772/provision.log\u001b[0m</rich_update>"</sky-payload>
I 03-17 22:01:04 cloud_vm_ray_backend.py:1520] [0m⚙︎ Launching on AWS ca-central-1[0m (ca-central-1a).
[2mW 03-17 22:01:09 instance.py:243] create_instances: Attempt failed with An error occurred (MaxSpotInstanceCountExceeded) when calling the RunInstances operation: Max spot instance count exceeded[0m
W 03-17 22:01:10 cloud_vm_ray_backend.py:2061] sky.exceptions.ResourcesUnavailableError: Failed to acquire resources in ca-central-1a for {AWS([Spot], cpus=4, {'L4': 1}), AWS(cpus=4, {'L4': 1})}. 
W 03-17 22:01:10 cloud_vm_ray_backend.py:2097] 
W 03-17 22:01:10 cloud_vm_ray_backend.py:2097] [0m[33m↺[0m Trying other potential resources.
<sky-payload>"<rich_update>[bold cyan]Looking for resources[/]  \u001b[2mView logs: sky api logs -l sky-2025-03-17-21-19-21-574772/provision.log\u001b[0m</rich_update>"</sky-payload>
<sky-payload>"<rich_update>[bold cyan]Optimizing[/]</rich_update>"</sky-payload>
<sky-payload>"<rich_start>[bold cyan]Launching[/]</rich_start>"</sky-payload>
I 03-17 22:01:10 optimizer.py:736] [1mTarget:[0m minimizing cost
I 03-17 22:01:10 optimizer.py:749] [1mEstimated cost: [0m$0.3 / hour
I 03-17 22:01:10 optimizer.py:749] 
I 03-17 22:01:10 optimizer.py:884] Considered resources (1 node):
I 03-17 22:01:10 optimizer.py:952] ----------------------------------------------------------------------------------------------
I 03-17 22:01:10 optimizer.py:952]  CLOUD   INSTANCE          vCPUs   Mem(GB)   ACCELERATORS   REGION/ZONE   COST ($)   CHOSEN   
I 03-17 22:01:10 optimizer.py:952] ----------------------------------------------------------------------------------------------
I 03-17 22:01:10 optimizer.py:952]  AWS     g6.xlarge[Spot]   4       16        L4:1           us-east-1c    0.34       [32m   ✔[0m     
I 03-17 22:01:10 optimizer.py:952]  AWS     g6.xlarge         4       16        L4:1           us-east-1     0.80                
I 03-17 22:01:10 optimizer.py:952] ----------------------------------------------------------------------------------------------
<sky-payload>"<rich_update>[bold cyan]Looking for resources[/]  \u001b[2mView logs: sky api logs -l sky-2025-03-17-21-19-21-574772/provision.log\u001b[0m</rich_update>"</sky-payload>
<sky-payload>"<rich_update>[bold cyan]Launching[/]  \u001b[2mView logs: sky api logs -l sky-2025-03-17-21-19-21-574772/provision.log\u001b[0m</rich_update>"</sky-payload>
I 03-17 22:01:10 cloud_vm_ray_backend.py:1520] [0m⚙︎ Launching on AWS us-east-1[0m (us-east-1c).
[2mE 03-17 22:01:11 config.py:46] SKYPILOT_ERROR_NO_NODES_LAUNCHED: No usable subnets matching availability zone ['us-east-1c'] found. Choose a different availability zone or try manually creating an instance in your specified region to populate the list of subnets and trying this again. If you have set `use_internal_ips`, check that this zone has a subnet that (1) has the substring 'private' in its name tag and (2) does not assign public IPs (`map_public_ip_on_launch` is False).[0m
W 03-17 22:01:12 cloud_vm_ray_backend.py:2061] sky.exceptions.ResourcesUnavailableError: Failed to acquire resources in us-east-1c for {AWS([Spot], cpus=4, {'L4': 1}), AWS(cpus=4, {'L4': 1})}. 
W 03-17 22:01:12 cloud_vm_ray_backend.py:2097] 
W 03-17 22:01:12 cloud_vm_ray_backend.py:2097] [0m[33m↺[0m Trying other potential resources.
<sky-payload>"<rich_update>[bold cyan]Looking for resources[/]  \u001b[2mView logs: sky api logs -l sky-2025-03-17-21-19-21-574772/provision.log\u001b[0m</rich_update>"</sky-payload>
<sky-payload>"<rich_update>[bold cyan]Optimizing[/]</rich_update>"</sky-payload>
<sky-payload>"<rich_start>[bold cyan]Launching[/]</rich_start>"</sky-payload>
I 03-17 22:01:12 optimizer.py:736] [1mTarget:[0m minimizing cost
I 03-17 22:01:12 optimizer.py:749] [1mEstimated cost: [0m$0.3 / hour
I 03-17 22:01:12 optimizer.py:749] 
I 03-17 22:01:12 optimizer.py:884] Considered resources (1 node):
I 03-17 22:01:12 optimizer.py:952] ------------------------------------------------------------------------------------------------
I 03-17 22:01:12 optimizer.py:952]  CLOUD   INSTANCE          vCPUs   Mem(GB)   ACCELERATORS   REGION/ZONE     COST ($)   CHOSEN   
I 03-17 22:01:12 optimizer.py:952] ------------------------------------------------------------------------------------------------
I 03-17 22:01:12 optimizer.py:952]  AWS     g6.xlarge[Spot]   4       16        L4:1           ca-central-1b   0.34       [32m   ✔[0m     
I 03-17 22:01:12 optimizer.py:952]  AWS     g6.xlarge         4       16        L4:1           us-east-1       0.80                
I 03-17 22:01:12 optimizer.py:952] ------------------------------------------------------------------------------------------------
<sky-payload>"<rich_update>[bold cyan]Looking for resources[/]  \u001b[2mView logs: sky api logs -l sky-2025-03-17-21-19-21-574772/provision.log\u001b[0m</rich_update>"</sky-payload>
<sky-payload>"<rich_update>[bold cyan]Launching[/]  \u001b[2mView logs: sky api logs -l sky-2025-03-17-21-19-21-574772/provision.log\u001b[0m</rich_update>"</sky-payload>
I 03-17 22:01:12 cloud_vm_ray_backend.py:1520] [0m⚙︎ Launching on AWS ca-central-1[0m (ca-central-1b).
[2mW 03-17 22:01:17 instance.py:243] create_instances: Attempt failed with An error occurred (MaxSpotInstanceCountExceeded) when calling the RunInstances operation: Max spot instance count exceeded[0m
W 03-17 22:01:17 cloud_vm_ray_backend.py:2061] sky.exceptions.ResourcesUnavailableError: Failed to acquire resources in ca-central-1b for {AWS([Spot], cpus=4, {'L4': 1}), AWS(cpus=4, {'L4': 1})}. 
W 03-17 22:01:17 cloud_vm_ray_backend.py:2097] 
W 03-17 22:01:17 cloud_vm_ray_backend.py:2097] [0m[33m↺[0m Trying other potential resources.
<sky-payload>"<rich_update>[bold cyan]Looking for resources[/]  \u001b[2mView logs: sky api logs -l sky-2025-03-17-21-19-21-574772/provision.log\u001b[0m</rich_update>"</sky-payload>
<sky-payload>"<rich_update>[bold cyan]Optimizing[/]</rich_update>"</sky-payload>
<sky-payload>"<rich_start>[bold cyan]Launching[/]</rich_start>"</sky-payload>
I 03-17 22:01:17 optimizer.py:736] [1mTarget:[0m minimizing cost
I 03-17 22:01:17 optimizer.py:749] [1mEstimated cost: [0m$0.3 / hour
I 03-17 22:01:17 optimizer.py:749] 
I 03-17 22:01:17 optimizer.py:884] Considered resources (1 node):
I 03-17 22:01:17 optimizer.py:952] ----------------------------------------------------------------------------------------------
I 03-17 22:01:17 optimizer.py:952]  CLOUD   INSTANCE          vCPUs   Mem(GB)   ACCELERATORS   REGION/ZONE   COST ($)   CHOSEN   
I 03-17 22:01:17 optimizer.py:952] ----------------------------------------------------------------------------------------------
I 03-17 22:01:17 optimizer.py:952]  AWS     g6.xlarge[Spot]   4       16        L4:1           eu-west-2a    0.34       [32m   ✔[0m     
I 03-17 22:01:17 optimizer.py:952]  AWS     g6.xlarge         4       16        L4:1           us-east-1     0.80                
I 03-17 22:01:17 optimizer.py:952] ----------------------------------------------------------------------------------------------
<sky-payload>"<rich_update>[bold cyan]Looking for resources[/]  \u001b[2mView logs: sky api logs -l sky-2025-03-17-21-19-21-574772/provision.log\u001b[0m</rich_update>"</sky-payload>
<sky-payload>"<rich_update>[bold cyan]Launching[/]  \u001b[2mView logs: sky api logs -l sky-2025-03-17-21-19-21-574772/provision.log\u001b[0m</rich_update>"</sky-payload>
I 03-17 22:01:18 cloud_vm_ray_backend.py:1520] [0m⚙︎ Launching on AWS eu-west-2[0m (eu-west-2a).
[2mW 03-17 22:01:31 instance.py:243] create_instances: Attempt failed with An error occurred (InsufficientInstanceCapacity) when calling the RunInstances operation (reached max retries: 0): We currently do not have sufficient g6.xlarge capacity in the Availability Zone you requested (eu-west-2a). Our system will be working on provisioning additional capacity. You can currently get g6.xlarge capacity by not specifying an Availability Zone in your request or choosing eu-west-2b.[0m
W 03-17 22:01:32 cloud_vm_ray_backend.py:2061] sky.exceptions.ResourcesUnavailableError: Failed to acquire resources in eu-west-2a for {AWS([Spot], cpus=4, {'L4': 1}), AWS(cpus=4, {'L4': 1})}. 
W 03-17 22:01:32 cloud_vm_ray_backend.py:2097] 
W 03-17 22:01:32 cloud_vm_ray_backend.py:2097] [0m[33m↺[0m Trying other potential resources.
<sky-payload>"<rich_update>[bold cyan]Looking for resources[/]  \u001b[2mView logs: sky api logs -l sky-2025-03-17-21-19-21-574772/provision.log\u001b[0m</rich_update>"</sky-payload>
<sky-payload>"<rich_update>[bold cyan]Optimizing[/]</rich_update>"</sky-payload>
<sky-payload>"<rich_start>[bold cyan]Launching[/]</rich_start>"</sky-payload>
I 03-17 22:01:33 optimizer.py:736] [1mTarget:[0m minimizing cost
I 03-17 22:01:33 optimizer.py:749] [1mEstimated cost: [0m$0.3 / hour
I 03-17 22:01:33 optimizer.py:749] 
I 03-17 22:01:33 optimizer.py:884] Considered resources (1 node):
I 03-17 22:01:33 optimizer.py:952] ----------------------------------------------------------------------------------------------
I 03-17 22:01:33 optimizer.py:952]  CLOUD   INSTANCE          vCPUs   Mem(GB)   ACCELERATORS   REGION/ZONE   COST ($)   CHOSEN   
I 03-17 22:01:33 optimizer.py:952] ----------------------------------------------------------------------------------------------
I 03-17 22:01:33 optimizer.py:952]  AWS     g6.xlarge[Spot]   4       16        L4:1           eu-west-3c    0.35       [32m   ✔[0m     
I 03-17 22:01:33 optimizer.py:952]  AWS     g6.xlarge         4       16        L4:1           us-east-1     0.80                
I 03-17 22:01:33 optimizer.py:952] ----------------------------------------------------------------------------------------------
<sky-payload>"<rich_update>[bold cyan]Looking for resources[/]  \u001b[2mView logs: sky api logs -l sky-2025-03-17-21-19-21-574772/provision.log\u001b[0m</rich_update>"</sky-payload>
<sky-payload>"<rich_update>[bold cyan]Launching[/]  \u001b[2mView logs: sky api logs -l sky-2025-03-17-21-19-21-574772/provision.log\u001b[0m</rich_update>"</sky-payload>
I 03-17 22:01:33 cloud_vm_ray_backend.py:1520] [0m⚙︎ Launching on AWS eu-west-3[0m (eu-west-3c).
[2mW 03-17 22:01:39 instance.py:243] create_instances: Attempt failed with An error occurred (InsufficientInstanceCapacity) when calling the RunInstances operation (reached max retries: 0): We currently do not have sufficient g6.xlarge capacity in the Availability Zone you requested (eu-west-3c). Our system will be working on provisioning additional capacity. You can currently get g6.xlarge capacity by not specifying an Availability Zone in your request or choosing eu-west-3b.[0m
W 03-17 22:01:40 cloud_vm_ray_backend.py:2061] sky.exceptions.ResourcesUnavailableError: Failed to acquire resources in eu-west-3c for {AWS([Spot], cpus=4, {'L4': 1}), AWS(cpus=4, {'L4': 1})}. 
W 03-17 22:01:40 cloud_vm_ray_backend.py:2097] 
W 03-17 22:01:40 cloud_vm_ray_backend.py:2097] [0m[33m↺[0m Trying other potential resources.
<sky-payload>"<rich_update>[bold cyan]Looking for resources[/]  \u001b[2mView logs: sky api logs -l sky-2025-03-17-21-19-21-574772/provision.log\u001b[0m</rich_update>"</sky-payload>
<sky-payload>"<rich_update>[bold cyan]Optimizing[/]</rich_update>"</sky-payload>
<sky-payload>"<rich_start>[bold cyan]Launching[/]</rich_start>"</sky-payload>
I 03-17 22:01:41 optimizer.py:736] [1mTarget:[0m minimizing cost
I 03-17 22:01:41 optimizer.py:749] [1mEstimated cost: [0m$0.4 / hour
I 03-17 22:01:41 optimizer.py:749] 
I 03-17 22:01:41 optimizer.py:884] Considered resources (1 node):
I 03-17 22:01:41 optimizer.py:952] ----------------------------------------------------------------------------------------------
I 03-17 22:01:41 optimizer.py:952]  CLOUD   INSTANCE          vCPUs   Mem(GB)   ACCELERATORS   REGION/ZONE   COST ($)   CHOSEN   
I 03-17 22:01:41 optimizer.py:952] ----------------------------------------------------------------------------------------------
I 03-17 22:01:41 optimizer.py:952]  AWS     g6.xlarge[Spot]   4       16        L4:1           eu-north-1a   0.35       [32m   ✔[0m     
I 03-17 22:01:41 optimizer.py:952]  AWS     g6.xlarge         4       16        L4:1           us-east-1     0.80                
I 03-17 22:01:41 optimizer.py:952] ----------------------------------------------------------------------------------------------
<sky-payload>"<rich_update>[bold cyan]Looking for resources[/]  \u001b[2mView logs: sky api logs -l sky-2025-03-17-21-19-21-574772/provision.log\u001b[0m</rich_update>"</sky-payload>
<sky-payload>"<rich_update>[bold cyan]Launching[/]  \u001b[2mView logs: sky api logs -l sky-2025-03-17-21-19-21-574772/provision.log\u001b[0m</rich_update>"</sky-payload>
I 03-17 22:01:41 cloud_vm_ray_backend.py:1520] [0m⚙︎ Launching on AWS eu-north-1[0m (eu-north-1a).
[2mW 03-17 22:01:52 instance.py:243] create_instances: Attempt failed with An error occurred (InsufficientInstanceCapacity) when calling the RunInstances operation (reached max retries: 0): There is no Spot capacity available that matches your request.[0m
W 03-17 22:01:53 cloud_vm_ray_backend.py:2061] sky.exceptions.ResourcesUnavailableError: Failed to acquire resources in eu-north-1a for {AWS([Spot], cpus=4, {'L4': 1}), AWS(cpus=4, {'L4': 1})}. 
W 03-17 22:01:53 cloud_vm_ray_backend.py:2097] 
W 03-17 22:01:53 cloud_vm_ray_backend.py:2097] [0m[33m↺[0m Trying other potential resources.
<sky-payload>"<rich_update>[bold cyan]Looking for resources[/]  \u001b[2mView logs: sky api logs -l sky-2025-03-17-21-19-21-574772/provision.log\u001b[0m</rich_update>"</sky-payload>
<sky-payload>"<rich_update>[bold cyan]Optimizing[/]</rich_update>"</sky-payload>
<sky-payload>"<rich_start>[bold cyan]Launching[/]</rich_start>"</sky-payload>
I 03-17 22:01:53 optimizer.py:736] [1mTarget:[0m minimizing cost
I 03-17 22:01:53 optimizer.py:749] [1mEstimated cost: [0m$0.4 / hour
I 03-17 22:01:53 optimizer.py:749] 
I 03-17 22:01:53 optimizer.py:884] Considered resources (1 node):
I 03-17 22:01:53 optimizer.py:952] ----------------------------------------------------------------------------------------------
I 03-17 22:01:53 optimizer.py:952]  CLOUD   INSTANCE          vCPUs   Mem(GB)   ACCELERATORS   REGION/ZONE   COST ($)   CHOSEN   
I 03-17 22:01:53 optimizer.py:952] ----------------------------------------------------------------------------------------------
I 03-17 22:01:53 optimizer.py:952]  AWS     g6.xlarge[Spot]   4       16        L4:1           eu-west-2b    0.36       [32m   ✔[0m     
I 03-17 22:01:53 optimizer.py:952]  AWS     g6.xlarge         4       16        L4:1           us-east-1     0.80                
I 03-17 22:01:53 optimizer.py:952] ----------------------------------------------------------------------------------------------
<sky-payload>"<rich_update>[bold cyan]Looking for resources[/]  \u001b[2mView logs: sky api logs -l sky-2025-03-17-21-19-21-574772/provision.log\u001b[0m</rich_update>"</sky-payload>
<sky-payload>"<rich_update>[bold cyan]Launching[/]  \u001b[2mView logs: sky api logs -l sky-2025-03-17-21-19-21-574772/provision.log\u001b[0m</rich_update>"</sky-payload>
I 03-17 22:01:54 cloud_vm_ray_backend.py:1520] [0m⚙︎ Launching on AWS eu-west-2[0m (eu-west-2b).
[2mW 03-17 22:02:01 instance.py:243] create_instances: Attempt failed with An error occurred (MaxSpotInstanceCountExceeded) when calling the RunInstances operation: Max spot instance count exceeded[0m
W 03-17 22:02:02 cloud_vm_ray_backend.py:2061] sky.exceptions.ResourcesUnavailableError: Failed to acquire resources in eu-west-2b for {AWS([Spot], cpus=4, {'L4': 1}), AWS(cpus=4, {'L4': 1})}. 
W 03-17 22:02:02 cloud_vm_ray_backend.py:2097] 
W 03-17 22:02:02 cloud_vm_ray_backend.py:2097] [0m[33m↺[0m Trying other potential resources.
<sky-payload>"<rich_update>[bold cyan]Looking for resources[/]  \u001b[2mView logs: sky api logs -l sky-2025-03-17-21-19-21-574772/provision.log\u001b[0m</rich_update>"</sky-payload>
<sky-payload>"<rich_update>[bold cyan]Optimizing[/]</rich_update>"</sky-payload>
<sky-payload>"<rich_start>[bold cyan]Launching[/]</rich_start>"</sky-payload>
I 03-17 22:02:02 optimizer.py:736] [1mTarget:[0m minimizing cost
I 03-17 22:02:02 optimizer.py:749] [1mEstimated cost: [0m$0.4 / hour
I 03-17 22:02:02 optimizer.py:749] 
I 03-17 22:02:02 optimizer.py:884] Considered resources (1 node):
I 03-17 22:02:02 optimizer.py:952] --------------------------------------------------------------------------------------------------
I 03-17 22:02:02 optimizer.py:952]  CLOUD   INSTANCE          vCPUs   Mem(GB)   ACCELERATORS   REGION/ZONE       COST ($)   CHOSEN   
I 03-17 22:02:02 optimizer.py:952] --------------------------------------------------------------------------------------------------
I 03-17 22:02:02 optimizer.py:952]  AWS     g6.xlarge[Spot]   4       16        L4:1           ap-southeast-2c   0.36       [32m   ✔[0m     
I 03-17 22:02:02 optimizer.py:952]  AWS     g6.xlarge         4       16        L4:1           us-east-1         0.80                
I 03-17 22:02:02 optimizer.py:952] --------------------------------------------------------------------------------------------------
<sky-payload>"<rich_update>[bold cyan]Looking for resources[/]  \u001b[2mView logs: sky api logs -l sky-2025-03-17-21-19-21-574772/provision.log\u001b[0m</rich_update>"</sky-payload>
<sky-payload>"<rich_update>[bold cyan]Launching[/]  \u001b[2mView logs: sky api logs -l sky-2025-03-17-21-19-21-574772/provision.log\u001b[0m</rich_update>"</sky-payload>
I 03-17 22:02:02 cloud_vm_ray_backend.py:1520] [0m⚙︎ Launching on AWS ap-southeast-2[0m (ap-southeast-2c).
[2mW 03-17 22:02:13 instance.py:243] create_instances: Attempt failed with An error occurred (InsufficientInstanceCapacity) when calling the RunInstances operation (reached max retries: 0): We currently do not have sufficient g6.xlarge capacity in the Availability Zone you requested (ap-southeast-2c). Our system will be working on provisioning additional capacity. You can currently get g6.xlarge capacity by not specifying an Availability Zone in your request or choosing ap-southeast-2a.[0m
W 03-17 22:02:14 cloud_vm_ray_backend.py:2061] sky.exceptions.ResourcesUnavailableError: Failed to acquire resources in ap-southeast-2c for {AWS([Spot], cpus=4, {'L4': 1}), AWS(cpus=4, {'L4': 1})}. 
W 03-17 22:02:14 cloud_vm_ray_backend.py:2097] 
W 03-17 22:02:14 cloud_vm_ray_backend.py:2097] [0m[33m↺[0m Trying other potential resources.
<sky-payload>"<rich_update>[bold cyan]Looking for resources[/]  \u001b[2mView logs: sky api logs -l sky-2025-03-17-21-19-21-574772/provision.log\u001b[0m</rich_update>"</sky-payload>
<sky-payload>"<rich_update>[bold cyan]Optimizing[/]</rich_update>"</sky-payload>
<sky-payload>"<rich_start>[bold cyan]Launching[/]</rich_start>"</sky-payload>
I 03-17 22:02:14 optimizer.py:736] [1mTarget:[0m minimizing cost
I 03-17 22:02:14 optimizer.py:749] [1mEstimated cost: [0m$0.4 / hour
I 03-17 22:02:14 optimizer.py:749] 
I 03-17 22:02:14 optimizer.py:884] Considered resources (1 node):
I 03-17 22:02:14 optimizer.py:952] ----------------------------------------------------------------------------------------------
I 03-17 22:02:14 optimizer.py:952]  CLOUD   INSTANCE          vCPUs   Mem(GB)   ACCELERATORS   REGION/ZONE   COST ($)   CHOSEN   
I 03-17 22:02:14 optimizer.py:952] ----------------------------------------------------------------------------------------------
I 03-17 22:02:14 optimizer.py:952]  AWS     g6.xlarge[Spot]   4       16        L4:1           us-east-1d    0.37       [32m   ✔[0m     
I 03-17 22:02:14 optimizer.py:952]  AWS     g6.xlarge         4       16        L4:1           us-east-1     0.80                
I 03-17 22:02:14 optimizer.py:952] ----------------------------------------------------------------------------------------------
<sky-payload>"<rich_update>[bold cyan]Looking for resources[/]  \u001b[2mView logs: sky api logs -l sky-2025-03-17-21-19-21-574772/provision.log\u001b[0m</rich_update>"</sky-payload>
<sky-payload>"<rich_update>[bold cyan]Launching[/]  \u001b[2mView logs: sky api logs -l sky-2025-03-17-21-19-21-574772/provision.log\u001b[0m</rich_update>"</sky-payload>
I 03-17 22:02:14 cloud_vm_ray_backend.py:1520] [0m⚙︎ Launching on AWS us-east-1[0m (us-east-1d).
[2mW 03-17 22:09:38 instance.py:243] create_instances: Attempt failed with An error occurred (MaxSpotInstanceCountExceeded) when calling the RunInstances operation: Max spot instance count exceeded[0m
W 03-17 22:09:38 cloud_vm_ray_backend.py:2061] sky.exceptions.ResourcesUnavailableError: Failed to acquire resources in us-east-1d for {AWS([Spot], cpus=4, {'L4': 1}), AWS(cpus=4, {'L4': 1})}. 
W 03-17 22:09:38 cloud_vm_ray_backend.py:2097] 
W 03-17 22:09:38 cloud_vm_ray_backend.py:2097] [0m[33m↺[0m Trying other potential resources.
<sky-payload>"<rich_update>[bold cyan]Looking for resources[/]  \u001b[2mView logs: sky api logs -l sky-2025-03-17-21-19-21-574772/provision.log\u001b[0m</rich_update>"</sky-payload>
<sky-payload>"<rich_update>[bold cyan]Optimizing[/]</rich_update>"</sky-payload>
<sky-payload>"<rich_start>[bold cyan]Launching[/]</rich_start>"</sky-payload>
I 03-17 22:09:39 optimizer.py:736] [1mTarget:[0m minimizing cost
I 03-17 22:09:39 optimizer.py:749] [1mEstimated cost: [0m$0.4 / hour
I 03-17 22:09:39 optimizer.py:749] 
I 03-17 22:09:39 optimizer.py:884] Considered resources (1 node):
I 03-17 22:09:39 optimizer.py:952] ----------------------------------------------------------------------------------------------
I 03-17 22:09:39 optimizer.py:952]  CLOUD   INSTANCE          vCPUs   Mem(GB)   ACCELERATORS   REGION/ZONE   COST ($)   CHOSEN   
I 03-17 22:09:39 optimizer.py:952] ----------------------------------------------------------------------------------------------
I 03-17 22:09:39 optimizer.py:952]  AWS     g6.xlarge[Spot]   4       16        L4:1           us-west-2b    0.37       [32m   ✔[0m     
I 03-17 22:09:39 optimizer.py:952]  AWS     g6.xlarge         4       16        L4:1           us-east-1     0.80                
I 03-17 22:09:39 optimizer.py:952] ----------------------------------------------------------------------------------------------
<sky-payload>"<rich_update>[bold cyan]Looking for resources[/]  \u001b[2mView logs: sky api logs -l sky-2025-03-17-21-19-21-574772/provision.log\u001b[0m</rich_update>"</sky-payload>
<sky-payload>"<rich_update>[bold cyan]Launching[/]  \u001b[2mView logs: sky api logs -l sky-2025-03-17-21-19-21-574772/provision.log\u001b[0m</rich_update>"</sky-payload>
I 03-17 22:09:39 cloud_vm_ray_backend.py:1520] [0m⚙︎ Launching on AWS us-west-2[0m (us-west-2b).
[2mW 03-17 22:09:46 instance.py:243] create_instances: Attempt failed with An error occurred (MaxSpotInstanceCountExceeded) when calling the RunInstances operation: Max spot instance count exceeded[0m
W 03-17 22:09:47 cloud_vm_ray_backend.py:2061] sky.exceptions.ResourcesUnavailableError: Failed to acquire resources in us-west-2b for {AWS([Spot], cpus=4, {'L4': 1}), AWS(cpus=4, {'L4': 1})}. 
W 03-17 22:09:47 cloud_vm_ray_backend.py:2097] 
W 03-17 22:09:47 cloud_vm_ray_backend.py:2097] [0m[33m↺[0m Trying other potential resources.
<sky-payload>"<rich_update>[bold cyan]Looking for resources[/]  \u001b[2mView logs: sky api logs -l sky-2025-03-17-21-19-21-574772/provision.log\u001b[0m</rich_update>"</sky-payload>
<sky-payload>"<rich_update>[bold cyan]Optimizing[/]</rich_update>"</sky-payload>
<sky-payload>"<rich_start>[bold cyan]Launching[/]</rich_start>"</sky-payload>
I 03-17 22:09:47 optimizer.py:736] [1mTarget:[0m minimizing cost
I 03-17 22:09:47 optimizer.py:749] [1mEstimated cost: [0m$0.4 / hour
I 03-17 22:09:47 optimizer.py:749] 
I 03-17 22:09:47 optimizer.py:884] Considered resources (1 node):
I 03-17 22:09:47 optimizer.py:952] ----------------------------------------------------------------------------------------------
I 03-17 22:09:47 optimizer.py:952]  CLOUD   INSTANCE          vCPUs   Mem(GB)   ACCELERATORS   REGION/ZONE   COST ($)   CHOSEN   
I 03-17 22:09:47 optimizer.py:952] ----------------------------------------------------------------------------------------------
I 03-17 22:09:47 optimizer.py:952]  AWS     g6.xlarge[Spot]   4       16        L4:1           eu-north-1b   0.37       [32m   ✔[0m     
I 03-17 22:09:47 optimizer.py:952]  AWS     g6.xlarge         4       16        L4:1           us-east-1     0.80                
I 03-17 22:09:47 optimizer.py:952] ----------------------------------------------------------------------------------------------
<sky-payload>"<rich_update>[bold cyan]Looking for resources[/]  \u001b[2mView logs: sky api logs -l sky-2025-03-17-21-19-21-574772/provision.log\u001b[0m</rich_update>"</sky-payload>
<sky-payload>"<rich_update>[bold cyan]Launching[/]  \u001b[2mView logs: sky api logs -l sky-2025-03-17-21-19-21-574772/provision.log\u001b[0m</rich_update>"</sky-payload>
I 03-17 22:09:48 cloud_vm_ray_backend.py:1520] [0m⚙︎ Launching on AWS eu-north-1[0m (eu-north-1b).
[2mW 03-17 22:09:59 instance.py:243] create_instances: Attempt failed with An error occurred (InsufficientInstanceCapacity) when calling the RunInstances operation (reached max retries: 0): There is no Spot capacity available that matches your request.[0m
W 03-17 22:10:00 cloud_vm_ray_backend.py:2061] sky.exceptions.ResourcesUnavailableError: Failed to acquire resources in eu-north-1b for {AWS([Spot], cpus=4, {'L4': 1}), AWS(cpus=4, {'L4': 1})}. 
W 03-17 22:10:00 cloud_vm_ray_backend.py:2097] 
W 03-17 22:10:00 cloud_vm_ray_backend.py:2097] [0m[33m↺[0m Trying other potential resources.
<sky-payload>"<rich_update>[bold cyan]Looking for resources[/]  \u001b[2mView logs: sky api logs -l sky-2025-03-17-21-19-21-574772/provision.log\u001b[0m</rich_update>"</sky-payload>
<sky-payload>"<rich_update>[bold cyan]Optimizing[/]</rich_update>"</sky-payload>
<sky-payload>"<rich_start>[bold cyan]Launching[/]</rich_start>"</sky-payload>
I 03-17 22:10:00 optimizer.py:736] [1mTarget:[0m minimizing cost
I 03-17 22:10:00 optimizer.py:749] [1mEstimated cost: [0m$0.4 / hour
I 03-17 22:10:00 optimizer.py:749] 
I 03-17 22:10:00 optimizer.py:884] Considered resources (1 node):
I 03-17 22:10:00 optimizer.py:952] --------------------------------------------------------------------------------------------------
I 03-17 22:10:00 optimizer.py:952]  CLOUD   INSTANCE          vCPUs   Mem(GB)   ACCELERATORS   REGION/ZONE       COST ($)   CHOSEN   
I 03-17 22:10:00 optimizer.py:952] --------------------------------------------------------------------------------------------------
I 03-17 22:10:00 optimizer.py:952]  AWS     g6.xlarge[Spot]   4       16        L4:1           ap-southeast-2a   0.38       [32m   ✔[0m     
I 03-17 22:10:00 optimizer.py:952]  AWS     g6.xlarge         4       16        L4:1           us-east-1         0.80                
I 03-17 22:10:00 optimizer.py:952] --------------------------------------------------------------------------------------------------
<sky-payload>"<rich_update>[bold cyan]Looking for resources[/]  \u001b[2mView logs: sky api logs -l sky-2025-03-17-21-19-21-574772/provision.log\u001b[0m</rich_update>"</sky-payload>
<sky-payload>"<rich_update>[bold cyan]Launching[/]  \u001b[2mView logs: sky api logs -l sky-2025-03-17-21-19-21-574772/provision.log\u001b[0m</rich_update>"</sky-payload>
I 03-17 22:10:00 cloud_vm_ray_backend.py:1520] [0m⚙︎ Launching on AWS ap-southeast-2[0m (ap-southeast-2a).
[2mW 03-17 22:10:11 instance.py:243] create_instances: Attempt failed with An error occurred (InsufficientInstanceCapacity) when calling the RunInstances operation (reached max retries: 0): There is no Spot capacity available that matches your request.[0m
W 03-17 22:10:13 cloud_vm_ray_backend.py:2061] sky.exceptions.ResourcesUnavailableError: Failed to acquire resources in ap-southeast-2a for {AWS([Spot], cpus=4, {'L4': 1}), AWS(cpus=4, {'L4': 1})}. 
W 03-17 22:10:13 cloud_vm_ray_backend.py:2097] 
W 03-17 22:10:13 cloud_vm_ray_backend.py:2097] [0m[33m↺[0m Trying other potential resources.
<sky-payload>"<rich_update>[bold cyan]Looking for resources[/]  \u001b[2mView logs: sky api logs -l sky-2025-03-17-21-19-21-574772/provision.log\u001b[0m</rich_update>"</sky-payload>
<sky-payload>"<rich_update>[bold cyan]Optimizing[/]</rich_update>"</sky-payload>
<sky-payload>"<rich_start>[bold cyan]Launching[/]</rich_start>"</sky-payload>
I 03-17 22:10:13 optimizer.py:736] [1mTarget:[0m minimizing cost
I 03-17 22:10:13 optimizer.py:749] [1mEstimated cost: [0m$0.4 / hour
I 03-17 22:10:13 optimizer.py:749] 
I 03-17 22:10:13 optimizer.py:884] Considered resources (1 node):
I 03-17 22:10:13 optimizer.py:952] ----------------------------------------------------------------------------------------------
I 03-17 22:10:13 optimizer.py:952]  CLOUD   INSTANCE          vCPUs   Mem(GB)   ACCELERATORS   REGION/ZONE   COST ($)   CHOSEN   
I 03-17 22:10:13 optimizer.py:952] ----------------------------------------------------------------------------------------------
I 03-17 22:10:13 optimizer.py:952]  AWS     g6.xlarge[Spot]   4       16        L4:1           eu-west-3b    0.38       [32m   ✔[0m     
I 03-17 22:10:13 optimizer.py:952]  AWS     g6.xlarge         4       16        L4:1           us-east-1     0.80                
I 03-17 22:10:13 optimizer.py:952] ----------------------------------------------------------------------------------------------
<sky-payload>"<rich_update>[bold cyan]Looking for resources[/]  \u001b[2mView logs: sky api logs -l sky-2025-03-17-21-19-21-574772/provision.log\u001b[0m</rich_update>"</sky-payload>
<sky-payload>"<rich_update>[bold cyan]Launching[/]  \u001b[2mView logs: sky api logs -l sky-2025-03-17-21-19-21-574772/provision.log\u001b[0m</rich_update>"</sky-payload>
I 03-17 22:10:13 cloud_vm_ray_backend.py:1520] [0m⚙︎ Launching on AWS eu-west-3[0m (eu-west-3b).
[2mW 03-17 22:10:28 instance.py:243] create_instances: Attempt failed with An error occurred (InsufficientInstanceCapacity) when calling the RunInstances operation (reached max retries: 0): There is no Spot capacity available that matches your request.[0m
W 03-17 22:10:29 cloud_vm_ray_backend.py:2061] sky.exceptions.ResourcesUnavailableError: Failed to acquire resources in eu-west-3b for {AWS([Spot], cpus=4, {'L4': 1}), AWS(cpus=4, {'L4': 1})}. 
W 03-17 22:10:29 cloud_vm_ray_backend.py:2097] 
W 03-17 22:10:29 cloud_vm_ray_backend.py:2097] [0m[33m↺[0m Trying other potential resources.
<sky-payload>"<rich_update>[bold cyan]Looking for resources[/]  \u001b[2mView logs: sky api logs -l sky-2025-03-17-21-19-21-574772/provision.log\u001b[0m</rich_update>"</sky-payload>
<sky-payload>"<rich_update>[bold cyan]Optimizing[/]</rich_update>"</sky-payload>
<sky-payload>"<rich_start>[bold cyan]Launching[/]</rich_start>"</sky-payload>
I 03-17 22:10:29 optimizer.py:736] [1mTarget:[0m minimizing cost
I 03-17 22:10:29 optimizer.py:749] [1mEstimated cost: [0m$0.4 / hour
I 03-17 22:10:29 optimizer.py:749] 
I 03-17 22:10:29 optimizer.py:884] Considered resources (1 node):
I 03-17 22:10:29 optimizer.py:952] ----------------------------------------------------------------------------------------------
I 03-17 22:10:29 optimizer.py:952]  CLOUD   INSTANCE          vCPUs   Mem(GB)   ACCELERATORS   REGION/ZONE   COST ($)   CHOSEN   
I 03-17 22:10:29 optimizer.py:952] ----------------------------------------------------------------------------------------------
I 03-17 22:10:29 optimizer.py:952]  AWS     g6.xlarge[Spot]   4       16        L4:1           us-east-1a    0.39       [32m   ✔[0m     
I 03-17 22:10:29 optimizer.py:952]  AWS     g6.xlarge         4       16        L4:1           us-east-1     0.80                
I 03-17 22:10:29 optimizer.py:952] ----------------------------------------------------------------------------------------------
<sky-payload>"<rich_update>[bold cyan]Looking for resources[/]  \u001b[2mView logs: sky api logs -l sky-2025-03-17-21-19-21-574772/provision.log\u001b[0m</rich_update>"</sky-payload>
<sky-payload>"<rich_update>[bold cyan]Launching[/]  \u001b[2mView logs: sky api logs -l sky-2025-03-17-21-19-21-574772/provision.log\u001b[0m</rich_update>"</sky-payload>
I 03-17 22:10:30 cloud_vm_ray_backend.py:1520] [0m⚙︎ Launching on AWS us-east-1[0m (us-east-1a).
[2mW 03-17 22:11:06 instance.py:243] create_instances: Attempt failed with An error occurred (MaxSpotInstanceCountExceeded) when calling the RunInstances operation: Max spot instance count exceeded[0m
W 03-17 22:11:06 cloud_vm_ray_backend.py:2061] sky.exceptions.ResourcesUnavailableError: Failed to acquire resources in us-east-1a for {AWS([Spot], cpus=4, {'L4': 1}), AWS(cpus=4, {'L4': 1})}. 
W 03-17 22:11:06 cloud_vm_ray_backend.py:2097] 
W 03-17 22:11:06 cloud_vm_ray_backend.py:2097] [0m[33m↺[0m Trying other potential resources.
<sky-payload>"<rich_update>[bold cyan]Looking for resources[/]  \u001b[2mView logs: sky api logs -l sky-2025-03-17-21-19-21-574772/provision.log\u001b[0m</rich_update>"</sky-payload>
<sky-payload>"<rich_update>[bold cyan]Optimizing[/]</rich_update>"</sky-payload>
<sky-payload>"<rich_start>[bold cyan]Launching[/]</rich_start>"</sky-payload>
I 03-17 22:11:07 optimizer.py:736] [1mTarget:[0m minimizing cost
I 03-17 22:11:07 optimizer.py:749] [1mEstimated cost: [0m$0.4 / hour
I 03-17 22:11:07 optimizer.py:749] 
I 03-17 22:11:07 optimizer.py:884] Considered resources (1 node):
I 03-17 22:11:07 optimizer.py:952] ----------------------------------------------------------------------------------------------
I 03-17 22:11:07 optimizer.py:952]  CLOUD   INSTANCE          vCPUs   Mem(GB)   ACCELERATORS   REGION/ZONE   COST ($)   CHOSEN   
I 03-17 22:11:07 optimizer.py:952] ----------------------------------------------------------------------------------------------
I 03-17 22:11:07 optimizer.py:952]  AWS     g6.xlarge[Spot]   4       16        L4:1           us-east-2a    0.40       [32m   ✔[0m     
I 03-17 22:11:07 optimizer.py:952]  AWS     g6.xlarge         4       16        L4:1           us-east-1     0.80                
I 03-17 22:11:07 optimizer.py:952] ----------------------------------------------------------------------------------------------
<sky-payload>"<rich_update>[bold cyan]Looking for resources[/]  \u001b[2mView logs: sky api logs -l sky-2025-03-17-21-19-21-574772/provision.log\u001b[0m</rich_update>"</sky-payload>
<sky-payload>"<rich_update>[bold cyan]Launching[/]  \u001b[2mView logs: sky api logs -l sky-2025-03-17-21-19-21-574772/provision.log\u001b[0m</rich_update>"</sky-payload>
I 03-17 22:11:07 cloud_vm_ray_backend.py:1520] [0m⚙︎ Launching on AWS us-east-2[0m (us-east-2a).
[2mW 03-17 22:14:15 instance.py:243] create_instances: Attempt failed with An error occurred (MaxSpotInstanceCountExceeded) when calling the RunInstances operation: Max spot instance count exceeded[0m
W 03-17 22:14:16 cloud_vm_ray_backend.py:2061] sky.exceptions.ResourcesUnavailableError: Failed to acquire resources in us-east-2a for {AWS([Spot], cpus=4, {'L4': 1}), AWS(cpus=4, {'L4': 1})}. 
W 03-17 22:14:16 cloud_vm_ray_backend.py:2097] 
W 03-17 22:14:16 cloud_vm_ray_backend.py:2097] [0m[33m↺[0m Trying other potential resources.
<sky-payload>"<rich_update>[bold cyan]Looking for resources[/]  \u001b[2mView logs: sky api logs -l sky-2025-03-17-21-19-21-574772/provision.log\u001b[0m</rich_update>"</sky-payload>
<sky-payload>"<rich_update>[bold cyan]Optimizing[/]</rich_update>"</sky-payload>
<sky-payload>"<rich_start>[bold cyan]Launching[/]</rich_start>"</sky-payload>
I 03-17 22:14:16 optimizer.py:736] [1mTarget:[0m minimizing cost
I 03-17 22:14:16 optimizer.py:749] [1mEstimated cost: [0m$0.4 / hour
I 03-17 22:14:16 optimizer.py:749] 
I 03-17 22:14:16 optimizer.py:884] Considered resources (1 node):
I 03-17 22:14:16 optimizer.py:952] ------------------------------------------------------------------------------------------------
I 03-17 22:14:16 optimizer.py:952]  CLOUD   INSTANCE          vCPUs   Mem(GB)   ACCELERATORS   REGION/ZONE     COST ($)   CHOSEN   
I 03-17 22:14:16 optimizer.py:952] ------------------------------------------------------------------------------------------------
I 03-17 22:14:16 optimizer.py:952]  AWS     g6.xlarge[Spot]   4       16        L4:1           eu-central-1b   0.40       [32m   ✔[0m     
I 03-17 22:14:16 optimizer.py:952]  AWS     g6.xlarge         4       16        L4:1           us-east-1       0.80                
I 03-17 22:14:16 optimizer.py:952] ------------------------------------------------------------------------------------------------
<sky-payload>"<rich_update>[bold cyan]Looking for resources[/]  \u001b[2mView logs: sky api logs -l sky-2025-03-17-21-19-21-574772/provision.log\u001b[0m</rich_update>"</sky-payload>
<sky-payload>"<rich_update>[bold cyan]Launching[/]  \u001b[2mView logs: sky api logs -l sky-2025-03-17-21-19-21-574772/provision.log\u001b[0m</rich_update>"</sky-payload>
I 03-17 22:14:16 cloud_vm_ray_backend.py:1520] [0m⚙︎ Launching on AWS eu-central-1[0m (eu-central-1b).
[2mW 03-17 22:14:26 instance.py:243] create_instances: Attempt failed with An error occurred (MaxSpotInstanceCountExceeded) when calling the RunInstances operation: Max spot instance count exceeded[0m
W 03-17 22:14:27 cloud_vm_ray_backend.py:2061] sky.exceptions.ResourcesUnavailableError: Failed to acquire resources in eu-central-1b for {AWS([Spot], cpus=4, {'L4': 1}), AWS(cpus=4, {'L4': 1})}. 
W 03-17 22:14:27 cloud_vm_ray_backend.py:2097] 
W 03-17 22:14:27 cloud_vm_ray_backend.py:2097] [0m[33m↺[0m Trying other potential resources.
<sky-payload>"<rich_update>[bold cyan]Looking for resources[/]  \u001b[2mView logs: sky api logs -l sky-2025-03-17-21-19-21-574772/provision.log\u001b[0m</rich_update>"</sky-payload>
<sky-payload>"<rich_update>[bold cyan]Optimizing[/]</rich_update>"</sky-payload>
<sky-payload>"<rich_start>[bold cyan]Launching[/]</rich_start>"</sky-payload>
I 03-17 22:14:27 optimizer.py:736] [1mTarget:[0m minimizing cost
I 03-17 22:14:27 optimizer.py:749] [1mEstimated cost: [0m$0.4 / hour
I 03-17 22:14:27 optimizer.py:749] 
I 03-17 22:14:27 optimizer.py:884] Considered resources (1 node):
I 03-17 22:14:27 optimizer.py:952] ----------------------------------------------------------------------------------------------
I 03-17 22:14:27 optimizer.py:952]  CLOUD   INSTANCE          vCPUs   Mem(GB)   ACCELERATORS   REGION/ZONE   COST ($)   CHOSEN   
I 03-17 22:14:27 optimizer.py:952] ----------------------------------------------------------------------------------------------
I 03-17 22:14:27 optimizer.py:952]  AWS     g6.xlarge[Spot]   4       16        L4:1           us-west-2d    0.41       [32m   ✔[0m     
I 03-17 22:14:27 optimizer.py:952]  AWS     g6.xlarge         4       16        L4:1           us-east-1     0.80                
I 03-17 22:14:27 optimizer.py:952] ----------------------------------------------------------------------------------------------
<sky-payload>"<rich_update>[bold cyan]Looking for resources[/]  \u001b[2mView logs: sky api logs -l sky-2025-03-17-21-19-21-574772/provision.log\u001b[0m</rich_update>"</sky-payload>
<sky-payload>"<rich_update>[bold cyan]Launching[/]  \u001b[2mView logs: sky api logs -l sky-2025-03-17-21-19-21-574772/provision.log\u001b[0m</rich_update>"</sky-payload>
I 03-17 22:14:27 cloud_vm_ray_backend.py:1520] [0m⚙︎ Launching on AWS us-west-2[0m (us-west-2d).
[2mW 03-17 22:14:41 instance.py:243] create_instances: Attempt failed with An error occurred (MaxSpotInstanceCountExceeded) when calling the RunInstances operation: Max spot instance count exceeded[0m
W 03-17 22:14:42 cloud_vm_ray_backend.py:2061] sky.exceptions.ResourcesUnavailableError: Failed to acquire resources in us-west-2d for {AWS([Spot], cpus=4, {'L4': 1}), AWS(cpus=4, {'L4': 1})}. 
W 03-17 22:14:42 cloud_vm_ray_backend.py:2097] 
W 03-17 22:14:42 cloud_vm_ray_backend.py:2097] [0m[33m↺[0m Trying other potential resources.
<sky-payload>"<rich_update>[bold cyan]Looking for resources[/]  \u001b[2mView logs: sky api logs -l sky-2025-03-17-21-19-21-574772/provision.log\u001b[0m</rich_update>"</sky-payload>
<sky-payload>"<rich_update>[bold cyan]Optimizing[/]</rich_update>"</sky-payload>
<sky-payload>"<rich_start>[bold cyan]Launching[/]</rich_start>"</sky-payload>
I 03-17 22:14:42 optimizer.py:736] [1mTarget:[0m minimizing cost
I 03-17 22:14:42 optimizer.py:749] [1mEstimated cost: [0m$0.4 / hour
I 03-17 22:14:42 optimizer.py:749] 
I 03-17 22:14:42 optimizer.py:884] Considered resources (1 node):
I 03-17 22:14:42 optimizer.py:952] ------------------------------------------------------------------------------------------------
I 03-17 22:14:42 optimizer.py:952]  CLOUD   INSTANCE          vCPUs   Mem(GB)   ACCELERATORS   REGION/ZONE     COST ($)   CHOSEN   
I 03-17 22:14:42 optimizer.py:952] ------------------------------------------------------------------------------------------------
I 03-17 22:14:42 optimizer.py:952]  AWS     g6.xlarge[Spot]   4       16        L4:1           eu-central-1a   0.41       [32m   ✔[0m     
I 03-17 22:14:42 optimizer.py:952]  AWS     g6.xlarge         4       16        L4:1           us-east-1       0.80                
I 03-17 22:14:42 optimizer.py:952] ------------------------------------------------------------------------------------------------
<sky-payload>"<rich_update>[bold cyan]Looking for resources[/]  \u001b[2mView logs: sky api logs -l sky-2025-03-17-21-19-21-574772/provision.log\u001b[0m</rich_update>"</sky-payload>
<sky-payload>"<rich_update>[bold cyan]Launching[/]  \u001b[2mView logs: sky api logs -l sky-2025-03-17-21-19-21-574772/provision.log\u001b[0m</rich_update>"</sky-payload>
I 03-17 22:14:42 cloud_vm_ray_backend.py:1520] [0m⚙︎ Launching on AWS eu-central-1[0m (eu-central-1a).
[2mW 03-17 22:14:51 instance.py:243] create_instances: Attempt failed with An error occurred (MaxSpotInstanceCountExceeded) when calling the RunInstances operation: Max spot instance count exceeded[0m
W 03-17 22:14:52 cloud_vm_ray_backend.py:2061] sky.exceptions.ResourcesUnavailableError: Failed to acquire resources in eu-central-1a for {AWS([Spot], cpus=4, {'L4': 1}), AWS(cpus=4, {'L4': 1})}. 
W 03-17 22:14:52 cloud_vm_ray_backend.py:2097] 
W 03-17 22:14:52 cloud_vm_ray_backend.py:2097] [0m[33m↺[0m Trying other potential resources.
<sky-payload>"<rich_update>[bold cyan]Looking for resources[/]  \u001b[2mView logs: sky api logs -l sky-2025-03-17-21-19-21-574772/provision.log\u001b[0m</rich_update>"</sky-payload>
<sky-payload>"<rich_update>[bold cyan]Optimizing[/]</rich_update>"</sky-payload>
<sky-payload>"<rich_start>[bold cyan]Launching[/]</rich_start>"</sky-payload>
I 03-17 22:14:53 optimizer.py:736] [1mTarget:[0m minimizing cost
I 03-17 22:14:53 optimizer.py:749] [1mEstimated cost: [0m$0.4 / hour
I 03-17 22:14:53 optimizer.py:749] 
I 03-17 22:14:53 optimizer.py:884] Considered resources (1 node):
I 03-17 22:14:53 optimizer.py:952] ----------------------------------------------------------------------------------------------
I 03-17 22:14:53 optimizer.py:952]  CLOUD   INSTANCE          vCPUs   Mem(GB)   ACCELERATORS   REGION/ZONE   COST ($)   CHOSEN   
I 03-17 22:14:53 optimizer.py:952] ----------------------------------------------------------------------------------------------
I 03-17 22:14:53 optimizer.py:952]  AWS     g6.xlarge[Spot]   4       16        L4:1           us-west-2c    0.41       [32m   ✔[0m     
I 03-17 22:14:53 optimizer.py:952]  AWS     g6.xlarge         4       16        L4:1           us-east-1     0.80                
I 03-17 22:14:53 optimizer.py:952] ----------------------------------------------------------------------------------------------
<sky-payload>"<rich_update>[bold cyan]Looking for resources[/]  \u001b[2mView logs: sky api logs -l sky-2025-03-17-21-19-21-574772/provision.log\u001b[0m</rich_update>"</sky-payload>
<sky-payload>"<rich_update>[bold cyan]Launching[/]  \u001b[2mView logs: sky api logs -l sky-2025-03-17-21-19-21-574772/provision.log\u001b[0m</rich_update>"</sky-payload>
I 03-17 22:14:53 cloud_vm_ray_backend.py:1520] [0m⚙︎ Launching on AWS us-west-2[0m (us-west-2c).
[2mW 03-17 22:15:00 instance.py:243] create_instances: Attempt failed with An error occurred (MaxSpotInstanceCountExceeded) when calling the RunInstances operation: Max spot instance count exceeded[0m
W 03-17 22:15:01 cloud_vm_ray_backend.py:2061] sky.exceptions.ResourcesUnavailableError: Failed to acquire resources in us-west-2c for {AWS([Spot], cpus=4, {'L4': 1}), AWS(cpus=4, {'L4': 1})}. 
W 03-17 22:15:01 cloud_vm_ray_backend.py:2097] 
W 03-17 22:15:01 cloud_vm_ray_backend.py:2097] [0m[33m↺[0m Trying other potential resources.
<sky-payload>"<rich_update>[bold cyan]Looking for resources[/]  \u001b[2mView logs: sky api logs -l sky-2025-03-17-21-19-21-574772/provision.log\u001b[0m</rich_update>"</sky-payload>
<sky-payload>"<rich_update>[bold cyan]Optimizing[/]</rich_update>"</sky-payload>
<sky-payload>"<rich_start>[bold cyan]Launching[/]</rich_start>"</sky-payload>
I 03-17 22:15:01 optimizer.py:736] [1mTarget:[0m minimizing cost
I 03-17 22:15:01 optimizer.py:749] [1mEstimated cost: [0m$0.5 / hour
I 03-17 22:15:01 optimizer.py:749] 
I 03-17 22:15:01 optimizer.py:884] Considered resources (1 node):
I 03-17 22:15:01 optimizer.py:952] --------------------------------------------------------------------------------------------------
I 03-17 22:15:01 optimizer.py:952]  CLOUD   INSTANCE          vCPUs   Mem(GB)   ACCELERATORS   REGION/ZONE       COST ($)   CHOSEN   
I 03-17 22:15:01 optimizer.py:952] --------------------------------------------------------------------------------------------------
I 03-17 22:15:01 optimizer.py:952]  AWS     g6.xlarge[Spot]   4       16        L4:1           ap-northeast-1a   0.46       [32m   ✔[0m     
I 03-17 22:15:01 optimizer.py:952]  AWS     g6.xlarge         4       16        L4:1           us-east-1         0.80                
I 03-17 22:15:01 optimizer.py:952] --------------------------------------------------------------------------------------------------
<sky-payload>"<rich_update>[bold cyan]Looking for resources[/]  \u001b[2mView logs: sky api logs -l sky-2025-03-17-21-19-21-574772/provision.log\u001b[0m</rich_update>"</sky-payload>
<sky-payload>"<rich_update>[bold cyan]Launching[/]  \u001b[2mView logs: sky api logs -l sky-2025-03-17-21-19-21-574772/provision.log\u001b[0m</rich_update>"</sky-payload>
I 03-17 22:15:01 cloud_vm_ray_backend.py:1520] [0m⚙︎ Launching on AWS ap-northeast-1[0m (ap-northeast-1a).
<sky-payload>"<rich_update>[bold cyan]Launching - Checking instance status[/]  \u001b[2mView logs: sky api logs -l sky-2025-03-17-21-19-21-574772/provision.log\u001b[0m</rich_update>"</sky-payload>
<sky-payload>"<rich_update>[bold cyan]Launching - Waiting for SSH access[/]  \u001b[2mView logs: sky api logs -l sky-2025-03-17-21-19-21-574772/provision.log\u001b[0m</rich_update>"</sky-payload>
<sky-payload>"<rich_start>[bold cyan]Launching[/]</rich_start>"</sky-payload>
I 03-17 22:15:29 provisioner.py:451] [2m└── [0m[2mInstance is up.[0m
<sky-payload>"<rich_update>[bold cyan]Preparing SkyPilot runtime (1/3 - initializing)[/]  \u001b[2mView logs: sky api logs -l sky-2025-03-17-21-19-21-574772/provision.log\u001b[0m</rich_update>"</sky-payload>
<sky-payload>"<rich_update>[bold cyan]Preparing SkyPilot runtime (2/3 - dependencies)[/]  \u001b[2mView logs: sky api logs -l sky-2025-03-17-21-19-21-574772/provision.log\u001b[0m</rich_update>"</sky-payload>
<sky-payload>"<rich_update>[bold cyan]Preparing SkyPilot runtime (3/3 - runtime)[/]  \u001b[2mView logs: sky api logs -l sky-2025-03-17-21-19-21-574772/provision.log\u001b[0m</rich_update>"</sky-payload>
<sky-payload>"<rich_update>[bold cyan]Launching - Checking instance status[/]  \u001b[2mView logs: sky api logs -l sky-2025-03-17-21-19-21-574772/provision.log\u001b[0m</rich_update>"</sky-payload>
I 03-17 22:15:56 provisioner.py:632] [0m[32m✓ Cluster launched: compute-text-vectors-187.[0m  [2mView logs: sky api logs -l sky-2025-03-17-21-19-21-574772/provision.log[0m
<sky-payload>"<rich_exit></rich_exit>"</sky-payload>
I 03-17 22:15:56 execution.py:332] [0m⚙︎ Syncing files.
<sky-payload>"<rich_init>[bold cyan]Syncing files[/]</rich_init>"</sky-payload>
<sky-payload>"<rich_update>[bold cyan]Syncing files[/]</rich_update>"</sky-payload>
<sky-payload>"<rich_start>[bold cyan]Syncing files[/]</rich_start>"</sky-payload>
<sky-payload>"<rich_update>[bold cyan]Syncing file mounts[/]  \u001b[2mView logs: sky api logs -l sky-2025-03-17-21-19-21-574772/file_mounts.log\u001b[0m</rich_update>"</sky-payload>
I 03-17 22:15:56 backend_utils.py:1315]   [2mSyncing (to 1 node): s3://skypilot-filemounts-root-726f1974-a0n0s1tc/job-a0n0s1tc/workdir -> ~/sky_workdir[0m
I 03-17 22:16:00 cloud_vm_ray_backend.py:4801] [0m[32m✓ Synced file_mounts.[0m  [2mView logs: sky api logs -l sky-2025-03-17-21-19-21-574772/file_mounts.log[0m
<sky-payload>"<rich_update>[bold cyan]Mounting 1 storage[/]  \u001b[2mView logs: sky api logs -l sky-2025-03-17-21-19-21-574772/storage_mounts.log\u001b[0m</rich_update>"</sky-payload>
I 03-17 22:16:00 backend_utils.py:1315]   [2mMounting (to 1 node): s3://sky-text-embeddings-multi-cluster-final-2 -> /output[0m
I 03-17 22:16:03 cloud_vm_ray_backend.py:4892] [0m[32m✓ Storage mounted.[0m  [2mView logs: sky api logs -l sky-2025-03-17-21-19-21-574772/storage_mounts.log[0m
<sky-payload>"<rich_exit></rich_exit>"</sky-payload>
<sky-payload>"<rich_init>[bold cyan]Running setup[/]</rich_init>"</sky-payload>
<sky-payload>"<rich_update>[bold cyan]Running setup[/]</rich_update>"</sky-payload>
<sky-payload>"<rich_start>[bold cyan]Running setup[/]</rich_start>"</sky-payload>
<sky-payload>"<rich_stop></rich_stop>"</sky-payload>
I 03-17 22:16:06 cloud_vm_ray_backend.py:3357] [0m[32m✓ Setup detached.[0m
<sky-payload>"<rich_exit></rich_exit>"</sky-payload>
<sky-payload>"<rich_init>[bold cyan]Submitting job[/]</rich_init>"</sky-payload>
<sky-payload>"<rich_update>[bold cyan]Submitting job[/]</rich_update>"</sky-payload>
<sky-payload>"<rich_start>[bold cyan]Submitting job[/]</rich_start>"</sky-payload>
I 03-17 22:16:07 cloud_vm_ray_backend.py:3546] Multiple resources are specified for the task, using: AWS([Spot], cpus=4, {'L4': 1})
I 03-17 22:16:09 cloud_vm_ray_backend.py:3460] [0m⚙︎ Job submitted, ID: 1
<sky-payload>"<rich_stop></rich_stop>"</sky-payload>
<sky-payload>"<rich_exit></rich_exit>"</sky-payload>

[?25hI 03-17 22:16:09 recovery_strategy.py:289] Managed job cluster launched.
I 03-17 22:16:13 utils.py:131] === Checking the job status... ===
I 03-17 22:16:14 utils.py:137] Job status: JobStatus.SETTING_UP
I 03-17 22:16:14 utils.py:140] ==================================
I 03-17 22:16:15 state.py:471] Job started.
I 03-17 22:16:35 utils.py:131] === Checking the job status... ===
I 03-17 22:16:36 utils.py:137] Job status: JobStatus.SETTING_UP
I 03-17 22:16:36 utils.py:140] ==================================
I 03-17 22:16:56 utils.py:131] === Checking the job status... ===
I 03-17 22:16:57 utils.py:137] Job status: JobStatus.SETTING_UP
I 03-17 22:16:57 utils.py:140] ==================================
I 03-17 22:17:17 utils.py:131] === Checking the job status... ===
I 03-17 22:17:18 utils.py:137] Job status: JobStatus.SETTING_UP
I 03-17 22:17:18 utils.py:140] ==================================
I 03-17 22:17:38 utils.py:131] === Checking the job status... ===
I 03-17 22:17:39 utils.py:137] Job status: JobStatus.SETTING_UP
I 03-17 22:17:39 utils.py:140] ==================================
I 03-17 22:17:59 utils.py:131] === Checking the job status... ===
I 03-17 22:18:00 utils.py:137] Job status: JobStatus.SETTING_UP
I 03-17 22:18:00 utils.py:140] ==================================
I 03-17 22:18:21 utils.py:131] === Checking the job status... ===
I 03-17 22:18:21 utils.py:137] Job status: JobStatus.RUNNING
I 03-17 22:18:21 utils.py:140] ==================================
I 03-17 22:18:42 utils.py:131] === Checking the job status... ===
I 03-17 22:18:43 utils.py:137] Job status: JobStatus.RUNNING
I 03-17 22:18:43 utils.py:140] ==================================
I 03-17 22:19:03 utils.py:131] === Checking the job status... ===
I 03-17 22:19:04 utils.py:137] Job status: JobStatus.RUNNING
I 03-17 22:19:04 utils.py:140] ==================================
I 03-17 22:19:24 utils.py:131] === Checking the job status... ===
I 03-17 22:19:25 utils.py:137] Job status: JobStatus.RUNNING
I 03-17 22:19:25 utils.py:140] ==================================
I 03-17 22:19:45 utils.py:131] === Checking the job status... ===
I 03-17 22:19:46 utils.py:137] Job status: JobStatus.RUNNING
I 03-17 22:19:46 utils.py:140] ==================================
I 03-17 22:20:06 utils.py:131] === Checking the job status... ===
I 03-17 22:20:07 utils.py:137] Job status: JobStatus.RUNNING
I 03-17 22:20:07 utils.py:140] ==================================
I 03-17 22:20:27 utils.py:131] === Checking the job status... ===
I 03-17 22:20:28 utils.py:137] Job status: JobStatus.RUNNING
I 03-17 22:20:28 utils.py:140] ==================================
I 03-17 22:20:48 utils.py:131] === Checking the job status... ===
I 03-17 22:20:49 utils.py:137] Job status: JobStatus.RUNNING
I 03-17 22:20:49 utils.py:140] ==================================
I 03-17 22:21:10 utils.py:131] === Checking the job status... ===
I 03-17 22:21:10 utils.py:137] Job status: JobStatus.RUNNING
I 03-17 22:21:10 utils.py:140] ==================================
I 03-17 22:21:31 utils.py:131] === Checking the job status... ===
I 03-17 22:21:32 utils.py:137] Job status: JobStatus.RUNNING
I 03-17 22:21:32 utils.py:140] ==================================
I 03-17 22:21:52 utils.py:131] === Checking the job status... ===
I 03-17 22:21:53 utils.py:137] Job status: JobStatus.RUNNING
I 03-17 22:21:53 utils.py:140] ==================================
I 03-17 22:22:13 utils.py:131] === Checking the job status... ===
I 03-17 22:22:17 utils.py:137] Job status: JobStatus.RUNNING
I 03-17 22:22:17 utils.py:140] ==================================
I 03-17 22:22:37 utils.py:131] === Checking the job status... ===
I 03-17 22:22:40 utils.py:137] Job status: JobStatus.RUNNING
I 03-17 22:22:40 utils.py:140] ==================================
I 03-17 22:23:00 utils.py:131] === Checking the job status... ===
I 03-17 22:23:02 utils.py:137] Job status: JobStatus.RUNNING
I 03-17 22:23:02 utils.py:140] ==================================
I 03-17 22:23:22 utils.py:131] === Checking the job status... ===
I 03-17 22:23:23 utils.py:137] Job status: JobStatus.RUNNING
I 03-17 22:23:23 utils.py:140] ==================================
I 03-17 22:23:43 utils.py:131] === Checking the job status... ===
I 03-17 22:23:44 utils.py:137] Job status: JobStatus.RUNNING
I 03-17 22:23:44 utils.py:140] ==================================
I 03-17 22:24:04 utils.py:131] === Checking the job status... ===
I 03-17 22:24:05 utils.py:137] Job status: JobStatus.RUNNING
I 03-17 22:24:05 utils.py:140] ==================================
I 03-17 22:24:25 utils.py:131] === Checking the job status... ===
I 03-17 22:24:26 utils.py:137] Job status: JobStatus.RUNNING
I 03-17 22:24:26 utils.py:140] ==================================
I 03-17 22:24:46 utils.py:131] === Checking the job status... ===
I 03-17 22:24:47 utils.py:137] Job status: JobStatus.RUNNING
I 03-17 22:24:47 utils.py:140] ==================================
I 03-17 22:25:07 utils.py:131] === Checking the job status... ===
I 03-17 22:25:08 utils.py:137] Job status: JobStatus.RUNNING
I 03-17 22:25:08 utils.py:140] ==================================
I 03-17 22:25:28 utils.py:131] === Checking the job status... ===
I 03-17 22:25:29 utils.py:137] Job status: JobStatus.RUNNING
I 03-17 22:25:29 utils.py:140] ==================================
I 03-17 22:25:50 utils.py:131] === Checking the job status... ===
I 03-17 22:25:50 utils.py:137] Job status: JobStatus.RUNNING
I 03-17 22:25:50 utils.py:140] ==================================
I 03-17 22:26:11 utils.py:131] === Checking the job status... ===
I 03-17 22:26:11 utils.py:137] Job status: JobStatus.RUNNING
I 03-17 22:26:11 utils.py:140] ==================================
I 03-17 22:26:32 utils.py:131] === Checking the job status... ===
I 03-17 22:26:33 utils.py:137] Job status: JobStatus.RUNNING
I 03-17 22:26:33 utils.py:140] ==================================
I 03-17 22:26:53 utils.py:131] === Checking the job status... ===
I 03-17 22:26:54 utils.py:137] Job status: JobStatus.RUNNING
I 03-17 22:26:54 utils.py:140] ==================================
I 03-17 22:27:14 utils.py:131] === Checking the job status... ===
I 03-17 22:27:15 utils.py:137] Job status: JobStatus.RUNNING
I 03-17 22:27:15 utils.py:140] ==================================
I 03-17 22:27:35 utils.py:131] === Checking the job status... ===
I 03-17 22:27:36 utils.py:137] Job status: JobStatus.RUNNING
I 03-17 22:27:36 utils.py:140] ==================================
I 03-17 22:27:56 utils.py:131] === Checking the job status... ===
I 03-17 22:27:57 utils.py:137] Job status: JobStatus.RUNNING
I 03-17 22:27:57 utils.py:140] ==================================
I 03-17 22:28:17 utils.py:131] === Checking the job status... ===
I 03-17 22:28:18 utils.py:137] Job status: JobStatus.RUNNING
I 03-17 22:28:18 utils.py:140] ==================================
I 03-17 22:28:38 utils.py:131] === Checking the job status... ===
I 03-17 22:28:39 utils.py:137] Job status: JobStatus.RUNNING
I 03-17 22:28:39 utils.py:140] ==================================
I 03-17 22:28:59 utils.py:131] === Checking the job status... ===
I 03-17 22:29:00 utils.py:137] Job status: JobStatus.RUNNING
I 03-17 22:29:00 utils.py:140] ==================================
I 03-17 22:29:20 utils.py:131] === Checking the job status... ===
I 03-17 22:29:21 utils.py:137] Job status: JobStatus.RUNNING
I 03-17 22:29:21 utils.py:140] ==================================
I 03-17 22:29:41 utils.py:131] === Checking the job status... ===
I 03-17 22:29:42 utils.py:137] Job status: JobStatus.RUNNING
I 03-17 22:29:42 utils.py:140] ==================================
I 03-17 22:30:02 utils.py:131] === Checking the job status... ===
I 03-17 22:30:03 utils.py:137] Job status: JobStatus.RUNNING
I 03-17 22:30:03 utils.py:140] ==================================
I 03-17 22:30:23 utils.py:131] === Checking the job status... ===
I 03-17 22:30:24 utils.py:137] Job status: JobStatus.RUNNING
I 03-17 22:30:24 utils.py:140] ==================================
I 03-17 22:30:44 utils.py:131] === Checking the job status... ===
I 03-17 22:30:45 utils.py:137] Job status: JobStatus.RUNNING
I 03-17 22:30:45 utils.py:140] ==================================
I 03-17 22:31:05 utils.py:131] === Checking the job status... ===
I 03-17 22:31:06 utils.py:137] Job status: JobStatus.RUNNING
I 03-17 22:31:06 utils.py:140] ==================================
I 03-17 22:31:26 utils.py:131] === Checking the job status... ===
I 03-17 22:31:27 utils.py:137] Job status: JobStatus.RUNNING
I 03-17 22:31:27 utils.py:140] ==================================
I 03-17 22:31:47 utils.py:131] === Checking the job status... ===
I 03-17 22:31:48 utils.py:137] Job status: JobStatus.RUNNING
I 03-17 22:31:48 utils.py:140] ==================================
I 03-17 22:32:08 utils.py:131] === Checking the job status... ===
I 03-17 22:32:09 utils.py:137] Job status: JobStatus.RUNNING
I 03-17 22:32:09 utils.py:140] ==================================
I 03-17 22:32:29 utils.py:131] === Checking the job status... ===
I 03-17 22:32:30 utils.py:137] Job status: JobStatus.RUNNING
I 03-17 22:32:30 utils.py:140] ==================================
I 03-17 22:32:51 utils.py:131] === Checking the job status... ===
I 03-17 22:32:51 utils.py:137] Job status: JobStatus.RUNNING
I 03-17 22:32:51 utils.py:140] ==================================
I 03-17 22:33:12 utils.py:131] === Checking the job status... ===
I 03-17 22:33:12 utils.py:137] Job status: JobStatus.RUNNING
I 03-17 22:33:12 utils.py:140] ==================================
I 03-17 22:33:33 utils.py:131] === Checking the job status... ===
I 03-17 22:33:34 utils.py:137] Job status: JobStatus.RUNNING
I 03-17 22:33:34 utils.py:140] ==================================
I 03-17 22:33:54 utils.py:131] === Checking the job status... ===
I 03-17 22:33:55 utils.py:137] Job status: JobStatus.RUNNING
I 03-17 22:33:55 utils.py:140] ==================================
I 03-17 22:34:15 utils.py:131] === Checking the job status... ===
I 03-17 22:34:16 utils.py:137] Job status: JobStatus.RUNNING
I 03-17 22:34:16 utils.py:140] ==================================
I 03-17 22:34:36 utils.py:131] === Checking the job status... ===
I 03-17 22:34:37 utils.py:137] Job status: JobStatus.RUNNING
I 03-17 22:34:37 utils.py:140] ==================================
I 03-17 22:34:57 utils.py:131] === Checking the job status... ===
I 03-17 22:34:58 utils.py:137] Job status: JobStatus.RUNNING
I 03-17 22:34:58 utils.py:140] ==================================
I 03-17 22:35:18 utils.py:131] === Checking the job status... ===
I 03-17 22:35:19 utils.py:137] Job status: JobStatus.RUNNING
I 03-17 22:35:19 utils.py:140] ==================================
I 03-17 22:35:39 utils.py:131] === Checking the job status... ===
I 03-17 22:35:40 utils.py:137] Job status: JobStatus.RUNNING
I 03-17 22:35:40 utils.py:140] ==================================
I 03-17 22:36:00 utils.py:131] === Checking the job status... ===
I 03-17 22:36:01 utils.py:137] Job status: JobStatus.RUNNING
I 03-17 22:36:01 utils.py:140] ==================================
I 03-17 22:36:21 utils.py:131] === Checking the job status... ===
I 03-17 22:36:22 utils.py:137] Job status: JobStatus.RUNNING
I 03-17 22:36:22 utils.py:140] ==================================
I 03-17 22:36:42 utils.py:131] === Checking the job status... ===
I 03-17 22:36:43 utils.py:137] Job status: JobStatus.RUNNING
I 03-17 22:36:43 utils.py:140] ==================================
I 03-17 22:37:03 utils.py:131] === Checking the job status... ===
I 03-17 22:37:04 utils.py:137] Job status: JobStatus.RUNNING
I 03-17 22:37:04 utils.py:140] ==================================
I 03-17 22:37:24 utils.py:131] === Checking the job status... ===
I 03-17 22:37:25 utils.py:137] Job status: JobStatus.RUNNING
I 03-17 22:37:25 utils.py:140] ==================================
I 03-17 22:37:45 utils.py:131] === Checking the job status... ===
I 03-17 22:37:46 utils.py:137] Job status: JobStatus.RUNNING
I 03-17 22:37:46 utils.py:140] ==================================
I 03-17 22:38:06 utils.py:131] === Checking the job status... ===
I 03-17 22:38:07 utils.py:137] Job status: JobStatus.RUNNING
I 03-17 22:38:07 utils.py:140] ==================================
I 03-17 22:38:27 utils.py:131] === Checking the job status... ===
I 03-17 22:38:28 utils.py:137] Job status: JobStatus.RUNNING
I 03-17 22:38:28 utils.py:140] ==================================
I 03-17 22:38:48 utils.py:131] === Checking the job status... ===
I 03-17 22:38:49 utils.py:137] Job status: JobStatus.RUNNING
I 03-17 22:38:49 utils.py:140] ==================================
I 03-17 22:39:09 utils.py:131] === Checking the job status... ===
I 03-17 22:39:10 utils.py:137] Job status: JobStatus.RUNNING
I 03-17 22:39:10 utils.py:140] ==================================
I 03-17 22:39:30 utils.py:131] === Checking the job status... ===
I 03-17 22:39:31 utils.py:137] Job status: JobStatus.RUNNING
I 03-17 22:39:31 utils.py:140] ==================================
I 03-17 22:39:51 utils.py:131] === Checking the job status... ===
I 03-17 22:39:52 utils.py:137] Job status: JobStatus.RUNNING
I 03-17 22:39:52 utils.py:140] ==================================
I 03-17 22:40:12 utils.py:131] === Checking the job status... ===
I 03-17 22:40:13 utils.py:137] Job status: JobStatus.RUNNING
I 03-17 22:40:13 utils.py:140] ==================================
I 03-17 22:40:33 utils.py:131] === Checking the job status... ===
I 03-17 22:40:34 utils.py:137] Job status: JobStatus.RUNNING
I 03-17 22:40:34 utils.py:140] ==================================
I 03-17 22:40:54 utils.py:131] === Checking the job status... ===
I 03-17 22:40:55 utils.py:137] Job status: JobStatus.RUNNING
I 03-17 22:40:55 utils.py:140] ==================================
I 03-17 22:41:15 utils.py:131] === Checking the job status... ===
I 03-17 22:41:16 utils.py:137] Job status: JobStatus.RUNNING
I 03-17 22:41:16 utils.py:140] ==================================
I 03-17 22:41:36 utils.py:131] === Checking the job status... ===
I 03-17 22:41:37 utils.py:137] Job status: JobStatus.RUNNING
I 03-17 22:41:37 utils.py:140] ==================================
I 03-17 22:41:57 utils.py:131] === Checking the job status... ===
I 03-17 22:41:58 utils.py:137] Job status: JobStatus.RUNNING
I 03-17 22:41:58 utils.py:140] ==================================
I 03-17 22:42:19 utils.py:131] === Checking the job status... ===
I 03-17 22:42:19 utils.py:137] Job status: JobStatus.RUNNING
I 03-17 22:42:19 utils.py:140] ==================================
I 03-17 22:42:40 utils.py:131] === Checking the job status... ===
I 03-17 22:42:41 utils.py:137] Job status: JobStatus.RUNNING
I 03-17 22:42:41 utils.py:140] ==================================
I 03-17 22:43:01 utils.py:131] === Checking the job status... ===
I 03-17 22:43:02 utils.py:137] Job status: JobStatus.RUNNING
I 03-17 22:43:02 utils.py:140] ==================================
I 03-17 22:43:22 utils.py:131] === Checking the job status... ===
I 03-17 22:43:23 utils.py:137] Job status: JobStatus.RUNNING
I 03-17 22:43:23 utils.py:140] ==================================
I 03-17 22:43:43 utils.py:131] === Checking the job status... ===
I 03-17 22:43:44 utils.py:137] Job status: JobStatus.RUNNING
I 03-17 22:43:44 utils.py:140] ==================================
I 03-17 22:44:04 utils.py:131] === Checking the job status... ===
I 03-17 22:44:05 utils.py:137] Job status: JobStatus.SUCCEEDED
I 03-17 22:44:05 utils.py:140] ==================================
I 03-17 22:44:06 state.py:561] Job succeeded.
I 03-17 22:44:06 controller.py:238] Managed job 187 (task: 0) SUCCEEDED. Cleaning up the cluster compute-text-vectors-187.
E 03-17 22:44:08 controller_utils.py:376] Failed to find the logs for the user program at ~/sky_logs/managed_jobs/sky-2025-03-17-21-19-21-574772/run.log.
I 03-17 22:44:08 controller.py:117] 
I 03-17 22:44:08 controller.py:117] == End of logs (ID: 187) ==
I 03-17 22:44:16 state.py:656] Cancellation skipped, job is already terminal
I 03-17 22:44:16 state.py:677] Cancellation skipped, job is not CANCELLING
I 03-17 22:44:18 controller.py:552] Killing controller process 65758.
I 03-17 22:44:18 controller.py:560] Controller process 65758 killed.
I 03-17 22:44:18 controller.py:562] Cleaning up any cluster for job 187.
I 03-17 22:44:19 storage.py:699] Verifying bucket for storage skypilot-filemounts-root-726f1974-a0n0s1tc
<sky-payload>"<rich_init>[bold cyan]Deleting S3 bucket [green]skypilot-filemounts-root-726f1974-a0n0s1tc[/][/]</rich_init>"</sky-payload>
<sky-payload>"<rich_update>[bold cyan]Deleting S3 bucket [green]skypilot-filemounts-root-726f1974-a0n0s1tc[/][/]</rich_update>"</sky-payload>
<sky-payload>"<rich_start>[bold cyan]Deleting S3 bucket [green]skypilot-filemounts-root-726f1974-a0n0s1tc[/][/]</rich_start>"</sky-payload>
<sky-payload>"<rich_exit></rich_exit>"</sky-payload>
I 03-17 22:44:20 storage.py:1505] [32mDeleted S3 bucket skypilot-filemounts-root-726f1974-a0n0s1tc.[0m
I 03-17 22:44:20 controller.py:571] Cluster of managed job 187 has been cleaned up.
