I 03-17 21:15:09 controller.py:59] DAG:
I 03-17 21:15:09 controller.py:59] [Task<name=compute-text-vectors>(run='# Initialize and dow...')
I 03-17 21:15:09 controller.py:59]   resources: {AWS([Spot], cpus=4, {'L4': 1}), AWS(cpus=4, {'L4': 1})}]
I 03-17 21:15:09 controller.py:195] Submitted managed job 2 (task: 0, name: 'compute-text-vectors'); SKYPILOT_TASK_ID: sky-managed-2025-03-17-21-15-09-817919_compute-text-vectors_2-0
I 03-17 21:15:09 controller.py:199] Started monitoring.
I 03-17 21:15:09 state.py:451] Launching the spot cluster...
<sky-payload>"<rich_init>Checking AWS...</rich_init>"</sky-payload>
<sky-payload>"<rich_update>Checking AWS...</rich_update>"</sky-payload>
<sky-payload>"<rich_start>Checking AWS...</rich_start>"</sky-payload>
<sky-payload>"<rich_update>[bold cyan]AWS: Fetching availability zones mapping[/]</rich_update>"</sky-payload>
<sky-payload>"<rich_start>Checking AWS...</rich_start>"</sky-payload>
<sky-payload>"<rich_update>Checking AWS...</rich_update>"</sky-payload>
<sky-payload>"<rich_exit></rich_exit>"</sky-payload>
<sky-payload>"<rich_init>Checking Azure...</rich_init>"</sky-payload>
<sky-payload>"<rich_update>Checking Azure...</rich_update>"</sky-payload>
<sky-payload>"<rich_start>Checking Azure...</rich_start>"</sky-payload>
<sky-payload>"<rich_exit></rich_exit>"</sky-payload>
<sky-payload>"<rich_init>Checking Cloudflare (for R2 object store)...</rich_init>"</sky-payload>
<sky-payload>"<rich_update>Checking Cloudflare (for R2 object store)...</rich_update>"</sky-payload>
<sky-payload>"<rich_start>Checking Cloudflare (for R2 object store)...</rich_start>"</sky-payload>
<sky-payload>"<rich_exit></rich_exit>"</sky-payload>
<sky-payload>"<rich_init>Checking Cudo...</rich_init>"</sky-payload>
<sky-payload>"<rich_update>Checking Cudo...</rich_update>"</sky-payload>
<sky-payload>"<rich_start>Checking Cudo...</rich_start>"</sky-payload>
<sky-payload>"<rich_exit></rich_exit>"</sky-payload>
<sky-payload>"<rich_init>Checking DO...</rich_init>"</sky-payload>
<sky-payload>"<rich_update>Checking DO...</rich_update>"</sky-payload>
<sky-payload>"<rich_start>Checking DO...</rich_start>"</sky-payload>
<sky-payload>"<rich_exit></rich_exit>"</sky-payload>
<sky-payload>"<rich_init>Checking Fluidstack...</rich_init>"</sky-payload>
<sky-payload>"<rich_update>Checking Fluidstack...</rich_update>"</sky-payload>
<sky-payload>"<rich_start>Checking Fluidstack...</rich_start>"</sky-payload>
<sky-payload>"<rich_exit></rich_exit>"</sky-payload>
<sky-payload>"<rich_init>Checking GCP...</rich_init>"</sky-payload>
<sky-payload>"<rich_update>Checking GCP...</rich_update>"</sky-payload>
<sky-payload>"<rich_start>Checking GCP...</rich_start>"</sky-payload>
<sky-payload>"<rich_exit></rich_exit>"</sky-payload>
<sky-payload>"<rich_init>Checking IBM...</rich_init>"</sky-payload>
<sky-payload>"<rich_update>Checking IBM...</rich_update>"</sky-payload>
<sky-payload>"<rich_start>Checking IBM...</rich_start>"</sky-payload>
<sky-payload>"<rich_exit></rich_exit>"</sky-payload>
<sky-payload>"<rich_init>Checking Kubernetes...</rich_init>"</sky-payload>
<sky-payload>"<rich_update>Checking Kubernetes...</rich_update>"</sky-payload>
<sky-payload>"<rich_start>Checking Kubernetes...</rich_start>"</sky-payload>
<sky-payload>"<rich_exit></rich_exit>"</sky-payload>
<sky-payload>"<rich_init>Checking Lambda...</rich_init>"</sky-payload>
<sky-payload>"<rich_update>Checking Lambda...</rich_update>"</sky-payload>
<sky-payload>"<rich_start>Checking Lambda...</rich_start>"</sky-payload>
<sky-payload>"<rich_exit></rich_exit>"</sky-payload>
<sky-payload>"<rich_init>Checking Nebius...</rich_init>"</sky-payload>
<sky-payload>"<rich_update>Checking Nebius...</rich_update>"</sky-payload>
<sky-payload>"<rich_start>Checking Nebius...</rich_start>"</sky-payload>
<sky-payload>"<rich_exit></rich_exit>"</sky-payload>
<sky-payload>"<rich_init>Checking OCI...</rich_init>"</sky-payload>
<sky-payload>"<rich_update>Checking OCI...</rich_update>"</sky-payload>
<sky-payload>"<rich_start>Checking OCI...</rich_start>"</sky-payload>
<sky-payload>"<rich_exit></rich_exit>"</sky-payload>
<sky-payload>"<rich_init>Checking Paperspace...</rich_init>"</sky-payload>
<sky-payload>"<rich_update>Checking Paperspace...</rich_update>"</sky-payload>
<sky-payload>"<rich_start>Checking Paperspace...</rich_start>"</sky-payload>
<sky-payload>"<rich_exit></rich_exit>"</sky-payload>
<sky-payload>"<rich_init>Checking RunPod...</rich_init>"</sky-payload>
<sky-payload>"<rich_update>Checking RunPod...</rich_update>"</sky-payload>
<sky-payload>"<rich_start>Checking RunPod...</rich_start>"</sky-payload>
<sky-payload>"<rich_exit></rich_exit>"</sky-payload>
<sky-payload>"<rich_init>Checking SCP...</rich_init>"</sky-payload>
<sky-payload>"<rich_update>Checking SCP...</rich_update>"</sky-payload>
<sky-payload>"<rich_start>Checking SCP...</rich_start>"</sky-payload>
<sky-payload>"<rich_exit></rich_exit>"</sky-payload>
<sky-payload>"<rich_init>Checking Vast...</rich_init>"</sky-payload>
<sky-payload>"<rich_update>Checking Vast...</rich_update>"</sky-payload>
<sky-payload>"<rich_start>Checking Vast...</rich_start>"</sky-payload>
<sky-payload>"<rich_exit></rich_exit>"</sky-payload>
<sky-payload>"<rich_init>Checking vSphere...</rich_init>"</sky-payload>
<sky-payload>"<rich_update>Checking vSphere...</rich_update>"</sky-payload>
<sky-payload>"<rich_start>Checking vSphere...</rich_start>"</sky-payload>
<sky-payload>"<rich_exit></rich_exit>"</sky-payload>
I 03-17 21:15:15 storage.py:1058] Storage type StoreType.S3 already exists.
<sky-payload>"<rich_init>[bold cyan]Optimizing[/]</rich_init>"</sky-payload>
<sky-payload>"<rich_update>[bold cyan]Optimizing[/]</rich_update>"</sky-payload>
<sky-payload>"<rich_start>[bold cyan]Optimizing[/]</rich_start>"</sky-payload>
I 03-17 21:15:16 optimizer.py:736] [1mTarget:[0m minimizing cost
I 03-17 21:15:16 optimizer.py:749] [1mEstimated cost: [0m$0.2 / hour
I 03-17 21:15:16 optimizer.py:749] 
I 03-17 21:15:16 optimizer.py:884] Considered resources (1 node):
I 03-17 21:15:16 optimizer.py:952] ----------------------------------------------------------------------------------------------
I 03-17 21:15:16 optimizer.py:952]  CLOUD   INSTANCE          vCPUs   Mem(GB)   ACCELERATORS   REGION/ZONE   COST ($)   CHOSEN   
I 03-17 21:15:16 optimizer.py:952] ----------------------------------------------------------------------------------------------
I 03-17 21:15:16 optimizer.py:952]  AWS     g6.xlarge[Spot]   4       16        L4:1           ap-south-1b   0.22       [32m   ✔[0m     
I 03-17 21:15:16 optimizer.py:952]  AWS     g6.xlarge         4       16        L4:1           us-east-1     0.80                
I 03-17 21:15:16 optimizer.py:952] ----------------------------------------------------------------------------------------------
<sky-payload>"<rich_exit></rich_exit>"</sky-payload>
<sky-payload>"<rich_init>[bold cyan]Launching[/]</rich_init>"</sky-payload>
<sky-payload>"<rich_update>[bold cyan]Launching[/]</rich_update>"</sky-payload>
<sky-payload>"<rich_start>[bold cyan]Launching[/]</rich_start>"</sky-payload>
<sky-payload>"<rich_update>[bold cyan]Launching[/]  \u001b[2mView logs: sky api logs -l sky-2025-03-17-21-15-15-793767/provision.log\u001b[0m</rich_update>"</sky-payload>
<sky-payload>"<rich_update>[bold cyan]Launching[/]  \u001b[2mView logs: sky api logs -l sky-2025-03-17-21-15-15-793767/provision.log\u001b[0m</rich_update>"</sky-payload>
I 03-17 21:15:18 cloud_vm_ray_backend.py:1520] [0m⚙︎ Launching on AWS ap-south-1[0m (ap-south-1b).
[2mW 03-17 21:15:23 config.py:590] sky-sg-ubuntu-1362 already exists when creating.[0m
W 03-17 21:15:28 cloud_vm_ray_backend.py:2061] sky.exceptions.ResourcesUnavailableError: Failed to acquire resources in ap-south-1b for {AWS([Spot], cpus=4, {'L4': 1}), AWS(cpus=4, {'L4': 1})}. 
W 03-17 21:15:28 cloud_vm_ray_backend.py:2097] 
W 03-17 21:15:28 cloud_vm_ray_backend.py:2097] [0m[33m↺[0m Trying other potential resources.
<sky-payload>"<rich_update>[bold cyan]Looking for resources[/]  \u001b[2mView logs: sky api logs -l sky-2025-03-17-21-15-15-793767/provision.log\u001b[0m</rich_update>"</sky-payload>
<sky-payload>"<rich_update>[bold cyan]Optimizing[/]</rich_update>"</sky-payload>
<sky-payload>"<rich_start>[bold cyan]Launching[/]</rich_start>"</sky-payload>
I 03-17 21:15:28 optimizer.py:736] [1mTarget:[0m minimizing cost
I 03-17 21:15:28 optimizer.py:749] [1mEstimated cost: [0m$0.2 / hour
I 03-17 21:15:28 optimizer.py:749] 
I 03-17 21:15:28 optimizer.py:884] Considered resources (1 node):
I 03-17 21:15:28 optimizer.py:952] ----------------------------------------------------------------------------------------------
I 03-17 21:15:28 optimizer.py:952]  CLOUD   INSTANCE          vCPUs   Mem(GB)   ACCELERATORS   REGION/ZONE   COST ($)   CHOSEN   
I 03-17 21:15:28 optimizer.py:952] ----------------------------------------------------------------------------------------------
I 03-17 21:15:28 optimizer.py:952]  AWS     g6.xlarge[Spot]   4       16        L4:1           ap-south-1a   0.25       [32m   ✔[0m     
I 03-17 21:15:28 optimizer.py:952]  AWS     g6.xlarge         4       16        L4:1           us-east-1     0.80                
I 03-17 21:15:28 optimizer.py:952] ----------------------------------------------------------------------------------------------
<sky-payload>"<rich_update>[bold cyan]Looking for resources[/]  \u001b[2mView logs: sky api logs -l sky-2025-03-17-21-15-15-793767/provision.log\u001b[0m</rich_update>"</sky-payload>
<sky-payload>"<rich_update>[bold cyan]Launching[/]  \u001b[2mView logs: sky api logs -l sky-2025-03-17-21-15-15-793767/provision.log\u001b[0m</rich_update>"</sky-payload>
I 03-17 21:15:29 cloud_vm_ray_backend.py:1520] [0m⚙︎ Launching on AWS ap-south-1[0m (ap-south-1a).
<sky-payload>"<rich_update>[bold cyan]Launching - Checking instance status[/]  \u001b[2mView logs: sky api logs -l sky-2025-03-17-21-15-15-793767/provision.log\u001b[0m</rich_update>"</sky-payload>
<sky-payload>"<rich_update>[bold cyan]Launching - Waiting for SSH access[/]  \u001b[2mView logs: sky api logs -l sky-2025-03-17-21-15-15-793767/provision.log\u001b[0m</rich_update>"</sky-payload>
<sky-payload>"<rich_start>[bold cyan]Launching[/]</rich_start>"</sky-payload>
I 03-17 21:16:05 provisioner.py:451] [2m└── [0m[2mInstance is up.[0m
<sky-payload>"<rich_update>[bold cyan]Preparing SkyPilot runtime (1/3 - initializing)[/]  \u001b[2mView logs: sky api logs -l sky-2025-03-17-21-15-15-793767/provision.log\u001b[0m</rich_update>"</sky-payload>
<sky-payload>"<rich_update>[bold cyan]Preparing SkyPilot runtime (2/3 - dependencies)[/]  \u001b[2mView logs: sky api logs -l sky-2025-03-17-21-15-15-793767/provision.log\u001b[0m</rich_update>"</sky-payload>
<sky-payload>"<rich_update>[bold cyan]Preparing SkyPilot runtime (3/3 - runtime)[/]  \u001b[2mView logs: sky api logs -l sky-2025-03-17-21-15-15-793767/provision.log\u001b[0m</rich_update>"</sky-payload>
<sky-payload>"<rich_update>[bold cyan]Launching - Checking instance status[/]  \u001b[2mView logs: sky api logs -l sky-2025-03-17-21-15-15-793767/provision.log\u001b[0m</rich_update>"</sky-payload>
I 03-17 21:16:32 provisioner.py:632] [0m[32m✓ Cluster launched: compute-text-vectors-2.[0m  [2mView logs: sky api logs -l sky-2025-03-17-21-15-15-793767/provision.log[0m
<sky-payload>"<rich_exit></rich_exit>"</sky-payload>
I 03-17 21:16:32 execution.py:332] [0m⚙︎ Syncing files.
<sky-payload>"<rich_init>[bold cyan]Syncing files[/]</rich_init>"</sky-payload>
<sky-payload>"<rich_update>[bold cyan]Syncing files[/]</rich_update>"</sky-payload>
<sky-payload>"<rich_start>[bold cyan]Syncing files[/]</rich_start>"</sky-payload>
<sky-payload>"<rich_update>[bold cyan]Syncing file mounts[/]  \u001b[2mView logs: sky api logs -l sky-2025-03-17-21-15-15-793767/file_mounts.log\u001b[0m</rich_update>"</sky-payload>
I 03-17 21:16:33 backend_utils.py:1315]   [2mSyncing (to 1 node): s3://skypilot-filemounts-root-726f1974-cku42pcb/job-cku42pcb/workdir -> ~/sky_workdir[0m
I 03-17 21:16:36 cloud_vm_ray_backend.py:4801] [0m[32m✓ Synced file_mounts.[0m  [2mView logs: sky api logs -l sky-2025-03-17-21-15-15-793767/file_mounts.log[0m
<sky-payload>"<rich_update>[bold cyan]Mounting 1 storage[/]  \u001b[2mView logs: sky api logs -l sky-2025-03-17-21-15-15-793767/storage_mounts.log\u001b[0m</rich_update>"</sky-payload>
I 03-17 21:16:36 backend_utils.py:1315]   [2mMounting (to 1 node): s3://sky-text-embeddings-multi-cluster-final-2 -> /output[0m
I 03-17 21:16:40 cloud_vm_ray_backend.py:4892] [0m[32m✓ Storage mounted.[0m  [2mView logs: sky api logs -l sky-2025-03-17-21-15-15-793767/storage_mounts.log[0m
<sky-payload>"<rich_exit></rich_exit>"</sky-payload>
<sky-payload>"<rich_init>[bold cyan]Running setup[/]</rich_init>"</sky-payload>
<sky-payload>"<rich_update>[bold cyan]Running setup[/]</rich_update>"</sky-payload>
<sky-payload>"<rich_start>[bold cyan]Running setup[/]</rich_start>"</sky-payload>
<sky-payload>"<rich_stop></rich_stop>"</sky-payload>
I 03-17 21:16:44 cloud_vm_ray_backend.py:3357] [0m[32m✓ Setup detached.[0m
<sky-payload>"<rich_exit></rich_exit>"</sky-payload>
<sky-payload>"<rich_init>[bold cyan]Submitting job[/]</rich_init>"</sky-payload>
<sky-payload>"<rich_update>[bold cyan]Submitting job[/]</rich_update>"</sky-payload>
<sky-payload>"<rich_start>[bold cyan]Submitting job[/]</rich_start>"</sky-payload>
I 03-17 21:16:45 cloud_vm_ray_backend.py:3546] Multiple resources are specified for the task, using: AWS([Spot], cpus=4, {'L4': 1})
I 03-17 21:16:47 cloud_vm_ray_backend.py:3460] [0m⚙︎ Job submitted, ID: 1
<sky-payload>"<rich_stop></rich_stop>"</sky-payload>
<sky-payload>"<rich_exit></rich_exit>"</sky-payload>

[?25hI 03-17 21:16:47 recovery_strategy.py:289] Managed job cluster launched.
I 03-17 21:16:51 utils.py:131] === Checking the job status... ===
I 03-17 21:16:52 utils.py:137] Job status: JobStatus.SETTING_UP
I 03-17 21:16:52 utils.py:140] ==================================
I 03-17 21:16:53 state.py:471] Job started.
I 03-17 21:17:13 utils.py:131] === Checking the job status... ===
I 03-17 21:17:14 utils.py:137] Job status: JobStatus.SETTING_UP
I 03-17 21:17:14 utils.py:140] ==================================
I 03-17 21:17:34 utils.py:131] === Checking the job status... ===
I 03-17 21:17:35 utils.py:137] Job status: JobStatus.SETTING_UP
I 03-17 21:17:35 utils.py:140] ==================================
I 03-17 21:17:55 utils.py:131] === Checking the job status... ===
I 03-17 21:17:56 utils.py:137] Job status: JobStatus.SETTING_UP
I 03-17 21:17:56 utils.py:140] ==================================
I 03-17 21:18:17 utils.py:131] === Checking the job status... ===
I 03-17 21:18:18 utils.py:137] Job status: JobStatus.SETTING_UP
I 03-17 21:18:18 utils.py:140] ==================================
I 03-17 21:18:38 utils.py:131] === Checking the job status... ===
I 03-17 21:18:39 utils.py:137] Job status: JobStatus.SETTING_UP
I 03-17 21:18:39 utils.py:140] ==================================
I 03-17 21:18:59 utils.py:131] === Checking the job status... ===
I 03-17 21:19:00 utils.py:137] Job status: JobStatus.RUNNING
I 03-17 21:19:00 utils.py:140] ==================================
I 03-17 21:19:20 utils.py:131] === Checking the job status... ===
I 03-17 21:19:21 utils.py:137] Job status: JobStatus.RUNNING
I 03-17 21:19:21 utils.py:140] ==================================
I 03-17 21:19:41 utils.py:131] === Checking the job status... ===
I 03-17 21:19:42 utils.py:137] Job status: JobStatus.RUNNING
I 03-17 21:19:42 utils.py:140] ==================================
I 03-17 21:20:02 utils.py:131] === Checking the job status... ===
I 03-17 21:20:03 utils.py:137] Job status: JobStatus.RUNNING
I 03-17 21:20:03 utils.py:140] ==================================
I 03-17 21:20:23 utils.py:131] === Checking the job status... ===
I 03-17 21:20:24 utils.py:137] Job status: JobStatus.RUNNING
I 03-17 21:20:24 utils.py:140] ==================================
I 03-17 21:20:44 utils.py:131] === Checking the job status... ===
I 03-17 21:20:45 utils.py:137] Job status: JobStatus.RUNNING
I 03-17 21:20:45 utils.py:140] ==================================
I 03-17 21:21:06 utils.py:131] === Checking the job status... ===
I 03-17 21:21:07 utils.py:137] Job status: JobStatus.RUNNING
I 03-17 21:21:07 utils.py:140] ==================================
I 03-17 21:21:27 utils.py:131] === Checking the job status... ===
I 03-17 21:21:28 utils.py:137] Job status: JobStatus.RUNNING
I 03-17 21:21:28 utils.py:140] ==================================
I 03-17 21:21:48 utils.py:131] === Checking the job status... ===
I 03-17 21:21:49 utils.py:137] Job status: JobStatus.RUNNING
I 03-17 21:21:49 utils.py:140] ==================================
I 03-17 21:22:09 utils.py:131] === Checking the job status... ===
I 03-17 21:22:10 utils.py:137] Job status: JobStatus.RUNNING
I 03-17 21:22:10 utils.py:140] ==================================
I 03-17 21:22:30 utils.py:131] === Checking the job status... ===
I 03-17 21:22:31 utils.py:137] Job status: JobStatus.RUNNING
I 03-17 21:22:31 utils.py:140] ==================================
I 03-17 21:22:51 utils.py:131] === Checking the job status... ===
I 03-17 21:22:56 utils.py:137] Job status: JobStatus.RUNNING
I 03-17 21:22:56 utils.py:140] ==================================
I 03-17 21:23:16 utils.py:131] === Checking the job status... ===
I 03-17 21:23:20 utils.py:137] Job status: JobStatus.RUNNING
I 03-17 21:23:20 utils.py:140] ==================================
I 03-17 21:23:40 utils.py:131] === Checking the job status... ===
I 03-17 21:23:42 utils.py:137] Job status: JobStatus.RUNNING
I 03-17 21:23:42 utils.py:140] ==================================
I 03-17 21:24:02 utils.py:131] === Checking the job status... ===
I 03-17 21:24:03 utils.py:137] Job status: JobStatus.RUNNING
I 03-17 21:24:03 utils.py:140] ==================================
I 03-17 21:24:23 utils.py:131] === Checking the job status... ===
I 03-17 21:24:24 utils.py:137] Job status: JobStatus.RUNNING
I 03-17 21:24:24 utils.py:140] ==================================
I 03-17 21:24:44 utils.py:131] === Checking the job status... ===
I 03-17 21:24:45 utils.py:137] Job status: JobStatus.RUNNING
I 03-17 21:24:45 utils.py:140] ==================================
I 03-17 21:25:05 utils.py:131] === Checking the job status... ===
I 03-17 21:25:06 utils.py:137] Job status: JobStatus.RUNNING
I 03-17 21:25:06 utils.py:140] ==================================
I 03-17 21:25:26 utils.py:131] === Checking the job status... ===
I 03-17 21:25:27 utils.py:137] Job status: JobStatus.RUNNING
I 03-17 21:25:27 utils.py:140] ==================================
I 03-17 21:25:47 utils.py:131] === Checking the job status... ===
I 03-17 21:25:48 utils.py:137] Job status: JobStatus.RUNNING
I 03-17 21:25:48 utils.py:140] ==================================
I 03-17 21:26:08 utils.py:131] === Checking the job status... ===
I 03-17 21:26:09 utils.py:137] Job status: JobStatus.RUNNING
I 03-17 21:26:09 utils.py:140] ==================================
I 03-17 21:26:29 utils.py:131] === Checking the job status... ===
I 03-17 21:26:30 utils.py:137] Job status: JobStatus.RUNNING
I 03-17 21:26:30 utils.py:140] ==================================
I 03-17 21:26:50 utils.py:131] === Checking the job status... ===
I 03-17 21:26:51 utils.py:137] Job status: JobStatus.RUNNING
I 03-17 21:26:51 utils.py:140] ==================================
I 03-17 21:27:11 utils.py:131] === Checking the job status... ===
I 03-17 21:27:12 utils.py:137] Job status: JobStatus.RUNNING
I 03-17 21:27:12 utils.py:140] ==================================
I 03-17 21:27:33 utils.py:131] === Checking the job status... ===
I 03-17 21:27:34 utils.py:137] Job status: JobStatus.RUNNING
I 03-17 21:27:34 utils.py:140] ==================================
I 03-17 21:27:54 utils.py:131] === Checking the job status... ===
I 03-17 21:27:55 utils.py:137] Job status: JobStatus.RUNNING
I 03-17 21:27:55 utils.py:140] ==================================
I 03-17 21:28:15 utils.py:131] === Checking the job status... ===
I 03-17 21:28:16 utils.py:137] Job status: JobStatus.RUNNING
I 03-17 21:28:16 utils.py:140] ==================================
I 03-17 21:28:36 utils.py:131] === Checking the job status... ===
I 03-17 21:28:37 utils.py:137] Job status: JobStatus.RUNNING
I 03-17 21:28:37 utils.py:140] ==================================
I 03-17 21:28:57 utils.py:131] === Checking the job status... ===
I 03-17 21:28:58 utils.py:137] Job status: JobStatus.RUNNING
I 03-17 21:28:58 utils.py:140] ==================================
I 03-17 21:29:18 utils.py:131] === Checking the job status... ===
I 03-17 21:29:19 utils.py:137] Job status: JobStatus.RUNNING
I 03-17 21:29:19 utils.py:140] ==================================
I 03-17 21:29:39 utils.py:131] === Checking the job status... ===
I 03-17 21:29:40 utils.py:137] Job status: JobStatus.RUNNING
I 03-17 21:29:40 utils.py:140] ==================================
I 03-17 21:30:00 utils.py:131] === Checking the job status... ===
I 03-17 21:30:01 utils.py:137] Job status: JobStatus.RUNNING
I 03-17 21:30:01 utils.py:140] ==================================
I 03-17 21:30:21 utils.py:131] === Checking the job status... ===
I 03-17 21:30:22 utils.py:137] Job status: JobStatus.RUNNING
I 03-17 21:30:22 utils.py:140] ==================================
I 03-17 21:30:42 utils.py:131] === Checking the job status... ===
I 03-17 21:30:43 utils.py:137] Job status: JobStatus.RUNNING
I 03-17 21:30:43 utils.py:140] ==================================
I 03-17 21:31:03 utils.py:131] === Checking the job status... ===
I 03-17 21:31:04 utils.py:137] Job status: JobStatus.RUNNING
I 03-17 21:31:04 utils.py:140] ==================================
I 03-17 21:31:25 utils.py:131] === Checking the job status... ===
I 03-17 21:31:25 utils.py:137] Job status: JobStatus.RUNNING
I 03-17 21:31:25 utils.py:140] ==================================
I 03-17 21:31:46 utils.py:131] === Checking the job status... ===
I 03-17 21:31:47 utils.py:137] Job status: JobStatus.RUNNING
I 03-17 21:31:47 utils.py:140] ==================================
I 03-17 21:32:07 utils.py:131] === Checking the job status... ===
I 03-17 21:32:08 utils.py:137] Job status: JobStatus.RUNNING
I 03-17 21:32:08 utils.py:140] ==================================
I 03-17 21:32:28 utils.py:131] === Checking the job status... ===
I 03-17 21:32:29 utils.py:137] Job status: JobStatus.RUNNING
I 03-17 21:32:29 utils.py:140] ==================================
I 03-17 21:32:49 utils.py:131] === Checking the job status... ===
I 03-17 21:32:50 utils.py:137] Job status: JobStatus.RUNNING
I 03-17 21:32:50 utils.py:140] ==================================
I 03-17 21:33:10 utils.py:131] === Checking the job status... ===
I 03-17 21:33:11 utils.py:137] Job status: JobStatus.RUNNING
I 03-17 21:33:11 utils.py:140] ==================================
I 03-17 21:33:31 utils.py:131] === Checking the job status... ===
I 03-17 21:33:32 utils.py:137] Job status: JobStatus.RUNNING
I 03-17 21:33:32 utils.py:140] ==================================
I 03-17 21:33:52 utils.py:131] === Checking the job status... ===
I 03-17 21:33:53 utils.py:137] Job status: JobStatus.RUNNING
I 03-17 21:33:53 utils.py:140] ==================================
I 03-17 21:34:13 utils.py:131] === Checking the job status... ===
I 03-17 21:34:14 utils.py:137] Job status: JobStatus.RUNNING
I 03-17 21:34:14 utils.py:140] ==================================
I 03-17 21:34:35 utils.py:131] === Checking the job status... ===
I 03-17 21:34:36 utils.py:137] Job status: JobStatus.RUNNING
I 03-17 21:34:36 utils.py:140] ==================================
I 03-17 21:34:56 utils.py:131] === Checking the job status... ===
I 03-17 21:34:57 utils.py:137] Job status: JobStatus.RUNNING
I 03-17 21:34:57 utils.py:140] ==================================
I 03-17 21:35:17 utils.py:131] === Checking the job status... ===
I 03-17 21:35:18 utils.py:137] Job status: JobStatus.RUNNING
I 03-17 21:35:18 utils.py:140] ==================================
I 03-17 21:35:38 utils.py:131] === Checking the job status... ===
I 03-17 21:35:39 utils.py:137] Job status: JobStatus.RUNNING
I 03-17 21:35:39 utils.py:140] ==================================
I 03-17 21:35:59 utils.py:131] === Checking the job status... ===
I 03-17 21:36:00 utils.py:137] Job status: JobStatus.RUNNING
I 03-17 21:36:00 utils.py:140] ==================================
I 03-17 21:36:20 utils.py:131] === Checking the job status... ===
I 03-17 21:36:21 utils.py:137] Job status: JobStatus.RUNNING
I 03-17 21:36:21 utils.py:140] ==================================
I 03-17 21:36:41 utils.py:131] === Checking the job status... ===
I 03-17 21:36:42 utils.py:137] Job status: JobStatus.RUNNING
I 03-17 21:36:42 utils.py:140] ==================================
I 03-17 21:37:02 utils.py:131] === Checking the job status... ===
I 03-17 21:37:03 utils.py:137] Job status: JobStatus.RUNNING
I 03-17 21:37:03 utils.py:140] ==================================
I 03-17 21:37:23 utils.py:131] === Checking the job status... ===
I 03-17 21:37:24 utils.py:137] Job status: JobStatus.SUCCEEDED
I 03-17 21:37:24 utils.py:140] ==================================
I 03-17 21:37:25 state.py:561] Job succeeded.
I 03-17 21:37:25 controller.py:238] Managed job 2 (task: 0) SUCCEEDED. Cleaning up the cluster compute-text-vectors-2.
E 03-17 21:37:28 controller_utils.py:376] Failed to find the logs for the user program at ~/sky_logs/managed_jobs/sky-2025-03-17-21-15-15-793767/run.log.
I 03-17 21:37:28 controller.py:117] 
I 03-17 21:37:28 controller.py:117] == End of logs (ID: 2) ==
I 03-17 21:37:37 state.py:656] Cancellation skipped, job is already terminal
I 03-17 21:37:37 state.py:677] Cancellation skipped, job is not CANCELLING
I 03-17 21:37:37 controller.py:552] Killing controller process 15213.
I 03-17 21:37:37 controller.py:560] Controller process 15213 killed.
I 03-17 21:37:37 controller.py:562] Cleaning up any cluster for job 2.
I 03-17 21:37:38 storage.py:699] Verifying bucket for storage skypilot-filemounts-root-726f1974-cku42pcb
<sky-payload>"<rich_init>[bold cyan]Deleting S3 bucket [green]skypilot-filemounts-root-726f1974-cku42pcb[/][/]</rich_init>"</sky-payload>
<sky-payload>"<rich_update>[bold cyan]Deleting S3 bucket [green]skypilot-filemounts-root-726f1974-cku42pcb[/][/]</rich_update>"</sky-payload>
<sky-payload>"<rich_start>[bold cyan]Deleting S3 bucket [green]skypilot-filemounts-root-726f1974-cku42pcb[/][/]</rich_start>"</sky-payload>
<sky-payload>"<rich_exit></rich_exit>"</sky-payload>
I 03-17 21:37:39 storage.py:1505] [32mDeleted S3 bucket skypilot-filemounts-root-726f1974-cku42pcb.[0m
I 03-17 21:37:39 controller.py:571] Cluster of managed job 2 has been cleaned up.
