I 03-17 21:20:10 controller.py:59] DAG:
I 03-17 21:20:10 controller.py:59] [Task<name=compute-text-vectors>(run='# Initialize and dow...')
I 03-17 21:20:10 controller.py:59]   resources: {AWS(cpus=4, {'L4': 1}), AWS([Spot], cpus=4, {'L4': 1})}]
I 03-17 21:20:10 controller.py:195] Submitted managed job 222 (task: 0, name: 'compute-text-vectors'); SKYPILOT_TASK_ID: sky-managed-2025-03-17-21-20-10-513685_compute-text-vectors_222-0
I 03-17 21:20:10 controller.py:199] Started monitoring.
I 03-17 21:20:10 state.py:451] Launching the spot cluster...
I 03-17 21:20:10 storage.py:1058] Storage type StoreType.S3 already exists.
<sky-payload>"<rich_init>[bold cyan]Optimizing[/]</rich_init>"</sky-payload>
<sky-payload>"<rich_update>[bold cyan]Optimizing[/]</rich_update>"</sky-payload>
<sky-payload>"<rich_start>[bold cyan]Optimizing[/]</rich_start>"</sky-payload>
I 03-17 21:20:11 optimizer.py:736] [1mTarget:[0m minimizing cost
I 03-17 21:20:11 optimizer.py:749] [1mEstimated cost: [0m$0.2 / hour
I 03-17 21:20:11 optimizer.py:749] 
I 03-17 21:20:11 optimizer.py:884] Considered resources (1 node):
I 03-17 21:20:11 optimizer.py:952] ----------------------------------------------------------------------------------------------
I 03-17 21:20:11 optimizer.py:952]  CLOUD   INSTANCE          vCPUs   Mem(GB)   ACCELERATORS   REGION/ZONE   COST ($)   CHOSEN   
I 03-17 21:20:11 optimizer.py:952] ----------------------------------------------------------------------------------------------
I 03-17 21:20:11 optimizer.py:952]  AWS     g6.xlarge[Spot]   4       16        L4:1           ap-south-1b   0.22       [32m   ✔[0m     
I 03-17 21:20:11 optimizer.py:952]  AWS     g6.xlarge         4       16        L4:1           us-east-1     0.80                
I 03-17 21:20:11 optimizer.py:952] ----------------------------------------------------------------------------------------------
<sky-payload>"<rich_exit></rich_exit>"</sky-payload>
<sky-payload>"<rich_init>[bold cyan]Launching[/]</rich_init>"</sky-payload>
<sky-payload>"<rich_update>[bold cyan]Launching[/]</rich_update>"</sky-payload>
<sky-payload>"<rich_start>[bold cyan]Launching[/]</rich_start>"</sky-payload>
<sky-payload>"<rich_update>[bold cyan]Launching[/]  \u001b[2mView logs: sky api logs -l sky-2025-03-17-21-20-11-155260/provision.log\u001b[0m</rich_update>"</sky-payload>
<sky-payload>"<rich_update>[bold cyan]Launching[/]  \u001b[2mView logs: sky api logs -l sky-2025-03-17-21-20-11-155260/provision.log\u001b[0m</rich_update>"</sky-payload>
I 03-17 21:20:11 cloud_vm_ray_backend.py:1520] [0m⚙︎ Launching on AWS ap-south-1[0m (ap-south-1b).
[2mW 03-17 21:25:44 instance.py:243] create_instances: Attempt failed with An error occurred (InsufficientInstanceCapacity) when calling the RunInstances operation (reached max retries: 0): We currently do not have sufficient g6.xlarge capacity in the Availability Zone you requested (ap-south-1b). Our system will be working on provisioning additional capacity. You can currently get g6.xlarge capacity by not specifying an Availability Zone in your request or choosing ap-south-1a.[0m
W 03-17 21:25:45 cloud_vm_ray_backend.py:2061] sky.exceptions.ResourcesUnavailableError: Failed to acquire resources in ap-south-1b for {AWS(cpus=4, {'L4': 1}), AWS([Spot], cpus=4, {'L4': 1})}. 
W 03-17 21:25:45 cloud_vm_ray_backend.py:2097] 
W 03-17 21:25:45 cloud_vm_ray_backend.py:2097] [0m[33m↺[0m Trying other potential resources.
<sky-payload>"<rich_update>[bold cyan]Looking for resources[/]  \u001b[2mView logs: sky api logs -l sky-2025-03-17-21-20-11-155260/provision.log\u001b[0m</rich_update>"</sky-payload>
<sky-payload>"<rich_update>[bold cyan]Optimizing[/]</rich_update>"</sky-payload>
<sky-payload>"<rich_start>[bold cyan]Launching[/]</rich_start>"</sky-payload>
I 03-17 21:25:45 optimizer.py:736] [1mTarget:[0m minimizing cost
I 03-17 21:25:45 optimizer.py:749] [1mEstimated cost: [0m$0.2 / hour
I 03-17 21:25:45 optimizer.py:749] 
I 03-17 21:25:45 optimizer.py:884] Considered resources (1 node):
I 03-17 21:25:45 optimizer.py:952] ----------------------------------------------------------------------------------------------
I 03-17 21:25:45 optimizer.py:952]  CLOUD   INSTANCE          vCPUs   Mem(GB)   ACCELERATORS   REGION/ZONE   COST ($)   CHOSEN   
I 03-17 21:25:45 optimizer.py:952] ----------------------------------------------------------------------------------------------
I 03-17 21:25:45 optimizer.py:952]  AWS     g6.xlarge[Spot]   4       16        L4:1           ap-south-1a   0.25       [32m   ✔[0m     
I 03-17 21:25:45 optimizer.py:952]  AWS     g6.xlarge         4       16        L4:1           us-east-1     0.80                
I 03-17 21:25:45 optimizer.py:952] ----------------------------------------------------------------------------------------------
<sky-payload>"<rich_update>[bold cyan]Looking for resources[/]  \u001b[2mView logs: sky api logs -l sky-2025-03-17-21-20-11-155260/provision.log\u001b[0m</rich_update>"</sky-payload>
<sky-payload>"<rich_update>[bold cyan]Launching[/]  \u001b[2mView logs: sky api logs -l sky-2025-03-17-21-20-11-155260/provision.log\u001b[0m</rich_update>"</sky-payload>
I 03-17 21:25:45 cloud_vm_ray_backend.py:1520] [0m⚙︎ Launching on AWS ap-south-1[0m (ap-south-1a).
[2mW 03-17 21:35:52 instance.py:243] create_instances: Attempt failed with An error occurred (MaxSpotInstanceCountExceeded) when calling the RunInstances operation: Max spot instance count exceeded[0m
W 03-17 21:35:53 cloud_vm_ray_backend.py:2061] sky.exceptions.ResourcesUnavailableError: Failed to acquire resources in ap-south-1a for {AWS(cpus=4, {'L4': 1}), AWS([Spot], cpus=4, {'L4': 1})}. 
W 03-17 21:35:53 cloud_vm_ray_backend.py:2097] 
W 03-17 21:35:53 cloud_vm_ray_backend.py:2097] [0m[33m↺[0m Trying other potential resources.
<sky-payload>"<rich_update>[bold cyan]Looking for resources[/]  \u001b[2mView logs: sky api logs -l sky-2025-03-17-21-20-11-155260/provision.log\u001b[0m</rich_update>"</sky-payload>
<sky-payload>"<rich_update>[bold cyan]Optimizing[/]</rich_update>"</sky-payload>
<sky-payload>"<rich_start>[bold cyan]Launching[/]</rich_start>"</sky-payload>
I 03-17 21:35:54 optimizer.py:736] [1mTarget:[0m minimizing cost
I 03-17 21:35:54 optimizer.py:749] [1mEstimated cost: [0m$0.3 / hour
I 03-17 21:35:54 optimizer.py:749] 
I 03-17 21:35:54 optimizer.py:884] Considered resources (1 node):
I 03-17 21:35:54 optimizer.py:952] --------------------------------------------------------------------------------------------------
I 03-17 21:35:54 optimizer.py:952]  CLOUD   INSTANCE          vCPUs   Mem(GB)   ACCELERATORS   REGION/ZONE       COST ($)   CHOSEN   
I 03-17 21:35:54 optimizer.py:952] --------------------------------------------------------------------------------------------------
I 03-17 21:35:54 optimizer.py:952]  AWS     g6.xlarge[Spot]   4       16        L4:1           ap-northeast-2d   0.25       [32m   ✔[0m     
I 03-17 21:35:54 optimizer.py:952]  AWS     g6.xlarge         4       16        L4:1           us-east-1         0.80                
I 03-17 21:35:54 optimizer.py:952] --------------------------------------------------------------------------------------------------
<sky-payload>"<rich_update>[bold cyan]Looking for resources[/]  \u001b[2mView logs: sky api logs -l sky-2025-03-17-21-20-11-155260/provision.log\u001b[0m</rich_update>"</sky-payload>
<sky-payload>"<rich_update>[bold cyan]Launching[/]  \u001b[2mView logs: sky api logs -l sky-2025-03-17-21-20-11-155260/provision.log\u001b[0m</rich_update>"</sky-payload>
I 03-17 21:35:54 cloud_vm_ray_backend.py:1520] [0m⚙︎ Launching on AWS ap-northeast-2[0m (ap-northeast-2d).
W 03-17 21:46:09 cloud_vm_ray_backend.py:2061] sky.exceptions.ResourcesUnavailableError: Failed to acquire resources in ap-northeast-2d for {AWS(cpus=4, {'L4': 1}), AWS([Spot], cpus=4, {'L4': 1})}. 
W 03-17 21:46:09 cloud_vm_ray_backend.py:2097] 
W 03-17 21:46:09 cloud_vm_ray_backend.py:2097] [0m[33m↺[0m Trying other potential resources.
<sky-payload>"<rich_update>[bold cyan]Looking for resources[/]  \u001b[2mView logs: sky api logs -l sky-2025-03-17-21-20-11-155260/provision.log\u001b[0m</rich_update>"</sky-payload>
<sky-payload>"<rich_update>[bold cyan]Optimizing[/]</rich_update>"</sky-payload>
<sky-payload>"<rich_start>[bold cyan]Launching[/]</rich_start>"</sky-payload>
I 03-17 21:46:09 optimizer.py:736] [1mTarget:[0m minimizing cost
I 03-17 21:46:09 optimizer.py:749] [1mEstimated cost: [0m$0.3 / hour
I 03-17 21:46:09 optimizer.py:749] 
I 03-17 21:46:09 optimizer.py:884] Considered resources (1 node):
I 03-17 21:46:09 optimizer.py:952] --------------------------------------------------------------------------------------------------
I 03-17 21:46:09 optimizer.py:952]  CLOUD   INSTANCE          vCPUs   Mem(GB)   ACCELERATORS   REGION/ZONE       COST ($)   CHOSEN   
I 03-17 21:46:09 optimizer.py:952] --------------------------------------------------------------------------------------------------
I 03-17 21:46:09 optimizer.py:952]  AWS     g6.xlarge[Spot]   4       16        L4:1           ap-northeast-2a   0.27       [32m   ✔[0m     
I 03-17 21:46:09 optimizer.py:952]  AWS     g6.xlarge         4       16        L4:1           us-east-1         0.80                
I 03-17 21:46:09 optimizer.py:952] --------------------------------------------------------------------------------------------------
<sky-payload>"<rich_update>[bold cyan]Looking for resources[/]  \u001b[2mView logs: sky api logs -l sky-2025-03-17-21-20-11-155260/provision.log\u001b[0m</rich_update>"</sky-payload>
<sky-payload>"<rich_update>[bold cyan]Launching[/]  \u001b[2mView logs: sky api logs -l sky-2025-03-17-21-20-11-155260/provision.log\u001b[0m</rich_update>"</sky-payload>
I 03-17 21:46:09 cloud_vm_ray_backend.py:1520] [0m⚙︎ Launching on AWS ap-northeast-2[0m (ap-northeast-2a).
[2mW 03-17 21:52:39 instance.py:243] create_instances: Attempt failed with An error occurred (InsufficientInstanceCapacity) when calling the RunInstances operation (reached max retries: 0): We currently do not have sufficient g6.xlarge capacity in the Availability Zone you requested (ap-northeast-2a). Our system will be working on provisioning additional capacity. You can currently get g6.xlarge capacity by not specifying an Availability Zone in your request or choosing ap-northeast-2d.[0m
W 03-17 21:52:40 cloud_vm_ray_backend.py:2061] sky.exceptions.ResourcesUnavailableError: Failed to acquire resources in ap-northeast-2a for {AWS(cpus=4, {'L4': 1}), AWS([Spot], cpus=4, {'L4': 1})}. 
W 03-17 21:52:40 cloud_vm_ray_backend.py:2097] 
W 03-17 21:52:40 cloud_vm_ray_backend.py:2097] [0m[33m↺[0m Trying other potential resources.
<sky-payload>"<rich_update>[bold cyan]Looking for resources[/]  \u001b[2mView logs: sky api logs -l sky-2025-03-17-21-20-11-155260/provision.log\u001b[0m</rich_update>"</sky-payload>
<sky-payload>"<rich_update>[bold cyan]Optimizing[/]</rich_update>"</sky-payload>
<sky-payload>"<rich_start>[bold cyan]Launching[/]</rich_start>"</sky-payload>
I 03-17 21:52:40 optimizer.py:736] [1mTarget:[0m minimizing cost
I 03-17 21:52:40 optimizer.py:749] [1mEstimated cost: [0m$0.3 / hour
I 03-17 21:52:40 optimizer.py:749] 
I 03-17 21:52:40 optimizer.py:884] Considered resources (1 node):
I 03-17 21:52:40 optimizer.py:952] ----------------------------------------------------------------------------------------------
I 03-17 21:52:40 optimizer.py:952]  CLOUD   INSTANCE          vCPUs   Mem(GB)   ACCELERATORS   REGION/ZONE   COST ($)   CHOSEN   
I 03-17 21:52:40 optimizer.py:952] ----------------------------------------------------------------------------------------------
I 03-17 21:52:40 optimizer.py:952]  AWS     g6.xlarge[Spot]   4       16        L4:1           us-east-1b    0.30       [32m   ✔[0m     
I 03-17 21:52:40 optimizer.py:952]  AWS     g6.xlarge         4       16        L4:1           us-east-1     0.80                
I 03-17 21:52:40 optimizer.py:952] ----------------------------------------------------------------------------------------------
<sky-payload>"<rich_update>[bold cyan]Looking for resources[/]  \u001b[2mView logs: sky api logs -l sky-2025-03-17-21-20-11-155260/provision.log\u001b[0m</rich_update>"</sky-payload>
<sky-payload>"<rich_update>[bold cyan]Launching[/]  \u001b[2mView logs: sky api logs -l sky-2025-03-17-21-20-11-155260/provision.log\u001b[0m</rich_update>"</sky-payload>
I 03-17 21:52:40 cloud_vm_ray_backend.py:1520] [0m⚙︎ Launching on AWS us-east-1[0m (us-east-1b).
[2mW 03-17 21:58:01 instance.py:243] create_instances: Attempt failed with An error occurred (InsufficientInstanceCapacity) when calling the RunInstances operation (reached max retries: 0): We currently do not have sufficient g6.xlarge capacity in the Availability Zone you requested (us-east-1b). Our system will be working on provisioning additional capacity. You can currently get g6.xlarge capacity by not specifying an Availability Zone in your request or choosing us-east-1a, us-east-1c, us-east-1d.[0m
W 03-17 21:58:01 cloud_vm_ray_backend.py:2061] sky.exceptions.ResourcesUnavailableError: Failed to acquire resources in us-east-1b for {AWS(cpus=4, {'L4': 1}), AWS([Spot], cpus=4, {'L4': 1})}. 
W 03-17 21:58:01 cloud_vm_ray_backend.py:2097] 
W 03-17 21:58:01 cloud_vm_ray_backend.py:2097] [0m[33m↺[0m Trying other potential resources.
<sky-payload>"<rich_update>[bold cyan]Looking for resources[/]  \u001b[2mView logs: sky api logs -l sky-2025-03-17-21-20-11-155260/provision.log\u001b[0m</rich_update>"</sky-payload>
<sky-payload>"<rich_update>[bold cyan]Optimizing[/]</rich_update>"</sky-payload>
<sky-payload>"<rich_start>[bold cyan]Launching[/]</rich_start>"</sky-payload>
I 03-17 21:58:01 optimizer.py:736] [1mTarget:[0m minimizing cost
I 03-17 21:58:01 optimizer.py:749] [1mEstimated cost: [0m$0.3 / hour
I 03-17 21:58:01 optimizer.py:749] 
I 03-17 21:58:01 optimizer.py:884] Considered resources (1 node):
I 03-17 21:58:01 optimizer.py:952] ----------------------------------------------------------------------------------------------
I 03-17 21:58:01 optimizer.py:952]  CLOUD   INSTANCE          vCPUs   Mem(GB)   ACCELERATORS   REGION/ZONE   COST ($)   CHOSEN   
I 03-17 21:58:01 optimizer.py:952] ----------------------------------------------------------------------------------------------
I 03-17 21:58:01 optimizer.py:952]  AWS     g6.xlarge[Spot]   4       16        L4:1           us-east-2c    0.31       [32m   ✔[0m     
I 03-17 21:58:01 optimizer.py:952]  AWS     g6.xlarge         4       16        L4:1           us-east-1     0.80                
I 03-17 21:58:01 optimizer.py:952] ----------------------------------------------------------------------------------------------
<sky-payload>"<rich_update>[bold cyan]Looking for resources[/]  \u001b[2mView logs: sky api logs -l sky-2025-03-17-21-20-11-155260/provision.log\u001b[0m</rich_update>"</sky-payload>
<sky-payload>"<rich_update>[bold cyan]Launching[/]  \u001b[2mView logs: sky api logs -l sky-2025-03-17-21-20-11-155260/provision.log\u001b[0m</rich_update>"</sky-payload>
I 03-17 21:58:01 cloud_vm_ray_backend.py:1520] [0m⚙︎ Launching on AWS us-east-2[0m (us-east-2c).
[2mW 03-17 21:58:08 instance.py:243] create_instances: Attempt failed with An error occurred (InsufficientInstanceCapacity) when calling the RunInstances operation (reached max retries: 0): We currently do not have sufficient g6.xlarge capacity in the Availability Zone you requested (us-east-2c). Our system will be working on provisioning additional capacity. You can currently get g6.xlarge capacity by not specifying an Availability Zone in your request or choosing us-east-2a, us-east-2b.[0m
W 03-17 21:58:08 cloud_vm_ray_backend.py:2061] sky.exceptions.ResourcesUnavailableError: Failed to acquire resources in us-east-2c for {AWS(cpus=4, {'L4': 1}), AWS([Spot], cpus=4, {'L4': 1})}. 
W 03-17 21:58:08 cloud_vm_ray_backend.py:2097] 
W 03-17 21:58:08 cloud_vm_ray_backend.py:2097] [0m[33m↺[0m Trying other potential resources.
<sky-payload>"<rich_update>[bold cyan]Looking for resources[/]  \u001b[2mView logs: sky api logs -l sky-2025-03-17-21-20-11-155260/provision.log\u001b[0m</rich_update>"</sky-payload>
<sky-payload>"<rich_update>[bold cyan]Optimizing[/]</rich_update>"</sky-payload>
<sky-payload>"<rich_start>[bold cyan]Launching[/]</rich_start>"</sky-payload>
I 03-17 21:58:09 optimizer.py:736] [1mTarget:[0m minimizing cost
I 03-17 21:58:09 optimizer.py:749] [1mEstimated cost: [0m$0.3 / hour
I 03-17 21:58:09 optimizer.py:749] 
I 03-17 21:58:09 optimizer.py:884] Considered resources (1 node):
I 03-17 21:58:09 optimizer.py:952] ----------------------------------------------------------------------------------------------
I 03-17 21:58:09 optimizer.py:952]  CLOUD   INSTANCE          vCPUs   Mem(GB)   ACCELERATORS   REGION/ZONE   COST ($)   CHOSEN   
I 03-17 21:58:09 optimizer.py:952] ----------------------------------------------------------------------------------------------
I 03-17 21:58:09 optimizer.py:952]  AWS     g6.xlarge[Spot]   4       16        L4:1           us-east-2b    0.32       [32m   ✔[0m     
I 03-17 21:58:09 optimizer.py:952]  AWS     g6.xlarge         4       16        L4:1           us-east-1     0.80                
I 03-17 21:58:09 optimizer.py:952] ----------------------------------------------------------------------------------------------
<sky-payload>"<rich_update>[bold cyan]Looking for resources[/]  \u001b[2mView logs: sky api logs -l sky-2025-03-17-21-20-11-155260/provision.log\u001b[0m</rich_update>"</sky-payload>
<sky-payload>"<rich_update>[bold cyan]Launching[/]  \u001b[2mView logs: sky api logs -l sky-2025-03-17-21-20-11-155260/provision.log\u001b[0m</rich_update>"</sky-payload>
I 03-17 21:58:09 cloud_vm_ray_backend.py:1520] [0m⚙︎ Launching on AWS us-east-2[0m (us-east-2b).
[2mW 03-17 21:58:16 instance.py:243] create_instances: Attempt failed with An error occurred (MaxSpotInstanceCountExceeded) when calling the RunInstances operation: Max spot instance count exceeded[0m
W 03-17 21:58:16 cloud_vm_ray_backend.py:2061] sky.exceptions.ResourcesUnavailableError: Failed to acquire resources in us-east-2b for {AWS(cpus=4, {'L4': 1}), AWS([Spot], cpus=4, {'L4': 1})}. 
W 03-17 21:58:16 cloud_vm_ray_backend.py:2097] 
W 03-17 21:58:16 cloud_vm_ray_backend.py:2097] [0m[33m↺[0m Trying other potential resources.
<sky-payload>"<rich_update>[bold cyan]Looking for resources[/]  \u001b[2mView logs: sky api logs -l sky-2025-03-17-21-20-11-155260/provision.log\u001b[0m</rich_update>"</sky-payload>
<sky-payload>"<rich_update>[bold cyan]Optimizing[/]</rich_update>"</sky-payload>
<sky-payload>"<rich_start>[bold cyan]Launching[/]</rich_start>"</sky-payload>
I 03-17 21:58:16 optimizer.py:736] [1mTarget:[0m minimizing cost
I 03-17 21:58:16 optimizer.py:749] [1mEstimated cost: [0m$0.3 / hour
I 03-17 21:58:16 optimizer.py:749] 
I 03-17 21:58:16 optimizer.py:884] Considered resources (1 node):
I 03-17 21:58:16 optimizer.py:952] ------------------------------------------------------------------------------------------------
I 03-17 21:58:16 optimizer.py:952]  CLOUD   INSTANCE          vCPUs   Mem(GB)   ACCELERATORS   REGION/ZONE     COST ($)   CHOSEN   
I 03-17 21:58:16 optimizer.py:952] ------------------------------------------------------------------------------------------------
I 03-17 21:58:16 optimizer.py:952]  AWS     g6.xlarge[Spot]   4       16        L4:1           ca-central-1a   0.33       [32m   ✔[0m     
I 03-17 21:58:16 optimizer.py:952]  AWS     g6.xlarge         4       16        L4:1           us-east-1       0.80                
I 03-17 21:58:16 optimizer.py:952] ------------------------------------------------------------------------------------------------
<sky-payload>"<rich_update>[bold cyan]Looking for resources[/]  \u001b[2mView logs: sky api logs -l sky-2025-03-17-21-20-11-155260/provision.log\u001b[0m</rich_update>"</sky-payload>
<sky-payload>"<rich_update>[bold cyan]Launching[/]  \u001b[2mView logs: sky api logs -l sky-2025-03-17-21-20-11-155260/provision.log\u001b[0m</rich_update>"</sky-payload>
I 03-17 21:58:16 cloud_vm_ray_backend.py:1520] [0m⚙︎ Launching on AWS ca-central-1[0m (ca-central-1a).
[2mW 03-17 21:58:21 instance.py:243] create_instances: Attempt failed with An error occurred (MaxSpotInstanceCountExceeded) when calling the RunInstances operation: Max spot instance count exceeded[0m
W 03-17 21:58:22 cloud_vm_ray_backend.py:2061] sky.exceptions.ResourcesUnavailableError: Failed to acquire resources in ca-central-1a for {AWS(cpus=4, {'L4': 1}), AWS([Spot], cpus=4, {'L4': 1})}. 
W 03-17 21:58:22 cloud_vm_ray_backend.py:2097] 
W 03-17 21:58:22 cloud_vm_ray_backend.py:2097] [0m[33m↺[0m Trying other potential resources.
<sky-payload>"<rich_update>[bold cyan]Looking for resources[/]  \u001b[2mView logs: sky api logs -l sky-2025-03-17-21-20-11-155260/provision.log\u001b[0m</rich_update>"</sky-payload>
<sky-payload>"<rich_update>[bold cyan]Optimizing[/]</rich_update>"</sky-payload>
<sky-payload>"<rich_start>[bold cyan]Launching[/]</rich_start>"</sky-payload>
I 03-17 21:58:22 optimizer.py:736] [1mTarget:[0m minimizing cost
I 03-17 21:58:22 optimizer.py:749] [1mEstimated cost: [0m$0.3 / hour
I 03-17 21:58:22 optimizer.py:749] 
I 03-17 21:58:22 optimizer.py:884] Considered resources (1 node):
I 03-17 21:58:22 optimizer.py:952] ----------------------------------------------------------------------------------------------
I 03-17 21:58:22 optimizer.py:952]  CLOUD   INSTANCE          vCPUs   Mem(GB)   ACCELERATORS   REGION/ZONE   COST ($)   CHOSEN   
I 03-17 21:58:22 optimizer.py:952] ----------------------------------------------------------------------------------------------
I 03-17 21:58:22 optimizer.py:952]  AWS     g6.xlarge[Spot]   4       16        L4:1           us-east-1c    0.34       [32m   ✔[0m     
I 03-17 21:58:22 optimizer.py:952]  AWS     g6.xlarge         4       16        L4:1           us-east-1     0.80                
I 03-17 21:58:22 optimizer.py:952] ----------------------------------------------------------------------------------------------
<sky-payload>"<rich_update>[bold cyan]Looking for resources[/]  \u001b[2mView logs: sky api logs -l sky-2025-03-17-21-20-11-155260/provision.log\u001b[0m</rich_update>"</sky-payload>
<sky-payload>"<rich_update>[bold cyan]Launching[/]  \u001b[2mView logs: sky api logs -l sky-2025-03-17-21-20-11-155260/provision.log\u001b[0m</rich_update>"</sky-payload>
I 03-17 21:58:22 cloud_vm_ray_backend.py:1520] [0m⚙︎ Launching on AWS us-east-1[0m (us-east-1c).
[2mE 03-17 21:58:23 config.py:46] SKYPILOT_ERROR_NO_NODES_LAUNCHED: No usable subnets matching availability zone ['us-east-1c'] found. Choose a different availability zone or try manually creating an instance in your specified region to populate the list of subnets and trying this again. If you have set `use_internal_ips`, check that this zone has a subnet that (1) has the substring 'private' in its name tag and (2) does not assign public IPs (`map_public_ip_on_launch` is False).[0m
W 03-17 21:58:24 cloud_vm_ray_backend.py:2061] sky.exceptions.ResourcesUnavailableError: Failed to acquire resources in us-east-1c for {AWS(cpus=4, {'L4': 1}), AWS([Spot], cpus=4, {'L4': 1})}. 
W 03-17 21:58:24 cloud_vm_ray_backend.py:2097] 
W 03-17 21:58:24 cloud_vm_ray_backend.py:2097] [0m[33m↺[0m Trying other potential resources.
<sky-payload>"<rich_update>[bold cyan]Looking for resources[/]  \u001b[2mView logs: sky api logs -l sky-2025-03-17-21-20-11-155260/provision.log\u001b[0m</rich_update>"</sky-payload>
<sky-payload>"<rich_update>[bold cyan]Optimizing[/]</rich_update>"</sky-payload>
<sky-payload>"<rich_start>[bold cyan]Launching[/]</rich_start>"</sky-payload>
I 03-17 21:58:24 optimizer.py:736] [1mTarget:[0m minimizing cost
I 03-17 21:58:24 optimizer.py:749] [1mEstimated cost: [0m$0.3 / hour
I 03-17 21:58:24 optimizer.py:749] 
I 03-17 21:58:24 optimizer.py:884] Considered resources (1 node):
I 03-17 21:58:24 optimizer.py:952] ------------------------------------------------------------------------------------------------
I 03-17 21:58:24 optimizer.py:952]  CLOUD   INSTANCE          vCPUs   Mem(GB)   ACCELERATORS   REGION/ZONE     COST ($)   CHOSEN   
I 03-17 21:58:24 optimizer.py:952] ------------------------------------------------------------------------------------------------
I 03-17 21:58:24 optimizer.py:952]  AWS     g6.xlarge[Spot]   4       16        L4:1           ca-central-1b   0.34       [32m   ✔[0m     
I 03-17 21:58:24 optimizer.py:952]  AWS     g6.xlarge         4       16        L4:1           us-east-1       0.80                
I 03-17 21:58:24 optimizer.py:952] ------------------------------------------------------------------------------------------------
<sky-payload>"<rich_update>[bold cyan]Looking for resources[/]  \u001b[2mView logs: sky api logs -l sky-2025-03-17-21-20-11-155260/provision.log\u001b[0m</rich_update>"</sky-payload>
<sky-payload>"<rich_update>[bold cyan]Launching[/]  \u001b[2mView logs: sky api logs -l sky-2025-03-17-21-20-11-155260/provision.log\u001b[0m</rich_update>"</sky-payload>
I 03-17 21:58:24 cloud_vm_ray_backend.py:1520] [0m⚙︎ Launching on AWS ca-central-1[0m (ca-central-1b).
[2mW 03-17 21:58:29 instance.py:243] create_instances: Attempt failed with An error occurred (MaxSpotInstanceCountExceeded) when calling the RunInstances operation: Max spot instance count exceeded[0m
W 03-17 21:58:29 cloud_vm_ray_backend.py:2061] sky.exceptions.ResourcesUnavailableError: Failed to acquire resources in ca-central-1b for {AWS(cpus=4, {'L4': 1}), AWS([Spot], cpus=4, {'L4': 1})}. 
W 03-17 21:58:29 cloud_vm_ray_backend.py:2097] 
W 03-17 21:58:29 cloud_vm_ray_backend.py:2097] [0m[33m↺[0m Trying other potential resources.
<sky-payload>"<rich_update>[bold cyan]Looking for resources[/]  \u001b[2mView logs: sky api logs -l sky-2025-03-17-21-20-11-155260/provision.log\u001b[0m</rich_update>"</sky-payload>
<sky-payload>"<rich_update>[bold cyan]Optimizing[/]</rich_update>"</sky-payload>
<sky-payload>"<rich_start>[bold cyan]Launching[/]</rich_start>"</sky-payload>
I 03-17 21:58:29 optimizer.py:736] [1mTarget:[0m minimizing cost
I 03-17 21:58:29 optimizer.py:749] [1mEstimated cost: [0m$0.3 / hour
I 03-17 21:58:29 optimizer.py:749] 
I 03-17 21:58:29 optimizer.py:884] Considered resources (1 node):
I 03-17 21:58:29 optimizer.py:952] ----------------------------------------------------------------------------------------------
I 03-17 21:58:29 optimizer.py:952]  CLOUD   INSTANCE          vCPUs   Mem(GB)   ACCELERATORS   REGION/ZONE   COST ($)   CHOSEN   
I 03-17 21:58:29 optimizer.py:952] ----------------------------------------------------------------------------------------------
I 03-17 21:58:29 optimizer.py:952]  AWS     g6.xlarge[Spot]   4       16        L4:1           eu-west-2a    0.34       [32m   ✔[0m     
I 03-17 21:58:29 optimizer.py:952]  AWS     g6.xlarge         4       16        L4:1           us-east-1     0.80                
I 03-17 21:58:29 optimizer.py:952] ----------------------------------------------------------------------------------------------
<sky-payload>"<rich_update>[bold cyan]Looking for resources[/]  \u001b[2mView logs: sky api logs -l sky-2025-03-17-21-20-11-155260/provision.log\u001b[0m</rich_update>"</sky-payload>
<sky-payload>"<rich_update>[bold cyan]Launching[/]  \u001b[2mView logs: sky api logs -l sky-2025-03-17-21-20-11-155260/provision.log\u001b[0m</rich_update>"</sky-payload>
I 03-17 21:58:29 cloud_vm_ray_backend.py:1520] [0m⚙︎ Launching on AWS eu-west-2[0m (eu-west-2a).
[2mW 03-17 21:58:37 instance.py:243] create_instances: Attempt failed with An error occurred (MaxSpotInstanceCountExceeded) when calling the RunInstances operation: Max spot instance count exceeded[0m
W 03-17 21:58:38 cloud_vm_ray_backend.py:2061] sky.exceptions.ResourcesUnavailableError: Failed to acquire resources in eu-west-2a for {AWS(cpus=4, {'L4': 1}), AWS([Spot], cpus=4, {'L4': 1})}. 
W 03-17 21:58:38 cloud_vm_ray_backend.py:2097] 
W 03-17 21:58:38 cloud_vm_ray_backend.py:2097] [0m[33m↺[0m Trying other potential resources.
<sky-payload>"<rich_update>[bold cyan]Looking for resources[/]  \u001b[2mView logs: sky api logs -l sky-2025-03-17-21-20-11-155260/provision.log\u001b[0m</rich_update>"</sky-payload>
<sky-payload>"<rich_update>[bold cyan]Optimizing[/]</rich_update>"</sky-payload>
<sky-payload>"<rich_start>[bold cyan]Launching[/]</rich_start>"</sky-payload>
I 03-17 21:58:38 optimizer.py:736] [1mTarget:[0m minimizing cost
I 03-17 21:58:38 optimizer.py:749] [1mEstimated cost: [0m$0.3 / hour
I 03-17 21:58:38 optimizer.py:749] 
I 03-17 21:58:38 optimizer.py:884] Considered resources (1 node):
I 03-17 21:58:38 optimizer.py:952] ----------------------------------------------------------------------------------------------
I 03-17 21:58:38 optimizer.py:952]  CLOUD   INSTANCE          vCPUs   Mem(GB)   ACCELERATORS   REGION/ZONE   COST ($)   CHOSEN   
I 03-17 21:58:38 optimizer.py:952] ----------------------------------------------------------------------------------------------
I 03-17 21:58:38 optimizer.py:952]  AWS     g6.xlarge[Spot]   4       16        L4:1           eu-west-3c    0.35       [32m   ✔[0m     
I 03-17 21:58:38 optimizer.py:952]  AWS     g6.xlarge         4       16        L4:1           us-east-1     0.80                
I 03-17 21:58:38 optimizer.py:952] ----------------------------------------------------------------------------------------------
<sky-payload>"<rich_update>[bold cyan]Looking for resources[/]  \u001b[2mView logs: sky api logs -l sky-2025-03-17-21-20-11-155260/provision.log\u001b[0m</rich_update>"</sky-payload>
<sky-payload>"<rich_update>[bold cyan]Launching[/]  \u001b[2mView logs: sky api logs -l sky-2025-03-17-21-20-11-155260/provision.log\u001b[0m</rich_update>"</sky-payload>
I 03-17 21:58:38 cloud_vm_ray_backend.py:1520] [0m⚙︎ Launching on AWS eu-west-3[0m (eu-west-3c).
[2mW 03-17 21:58:45 instance.py:243] create_instances: Attempt failed with An error occurred (InsufficientInstanceCapacity) when calling the RunInstances operation (reached max retries: 0): We currently do not have sufficient g6.xlarge capacity in the Availability Zone you requested (eu-west-3c). Our system will be working on provisioning additional capacity. You can currently get g6.xlarge capacity by not specifying an Availability Zone in your request or choosing eu-west-3b.[0m
W 03-17 21:58:45 cloud_vm_ray_backend.py:2061] sky.exceptions.ResourcesUnavailableError: Failed to acquire resources in eu-west-3c for {AWS(cpus=4, {'L4': 1}), AWS([Spot], cpus=4, {'L4': 1})}. 
W 03-17 21:58:45 cloud_vm_ray_backend.py:2097] 
W 03-17 21:58:45 cloud_vm_ray_backend.py:2097] [0m[33m↺[0m Trying other potential resources.
<sky-payload>"<rich_update>[bold cyan]Looking for resources[/]  \u001b[2mView logs: sky api logs -l sky-2025-03-17-21-20-11-155260/provision.log\u001b[0m</rich_update>"</sky-payload>
<sky-payload>"<rich_update>[bold cyan]Optimizing[/]</rich_update>"</sky-payload>
<sky-payload>"<rich_start>[bold cyan]Launching[/]</rich_start>"</sky-payload>
I 03-17 21:58:46 optimizer.py:736] [1mTarget:[0m minimizing cost
I 03-17 21:58:46 optimizer.py:749] [1mEstimated cost: [0m$0.4 / hour
I 03-17 21:58:46 optimizer.py:749] 
I 03-17 21:58:46 optimizer.py:884] Considered resources (1 node):
I 03-17 21:58:46 optimizer.py:952] ----------------------------------------------------------------------------------------------
I 03-17 21:58:46 optimizer.py:952]  CLOUD   INSTANCE          vCPUs   Mem(GB)   ACCELERATORS   REGION/ZONE   COST ($)   CHOSEN   
I 03-17 21:58:46 optimizer.py:952] ----------------------------------------------------------------------------------------------
I 03-17 21:58:46 optimizer.py:952]  AWS     g6.xlarge[Spot]   4       16        L4:1           eu-north-1a   0.35       [32m   ✔[0m     
I 03-17 21:58:46 optimizer.py:952]  AWS     g6.xlarge         4       16        L4:1           us-east-1     0.80                
I 03-17 21:58:46 optimizer.py:952] ----------------------------------------------------------------------------------------------
<sky-payload>"<rich_update>[bold cyan]Looking for resources[/]  \u001b[2mView logs: sky api logs -l sky-2025-03-17-21-20-11-155260/provision.log\u001b[0m</rich_update>"</sky-payload>
<sky-payload>"<rich_update>[bold cyan]Launching[/]  \u001b[2mView logs: sky api logs -l sky-2025-03-17-21-20-11-155260/provision.log\u001b[0m</rich_update>"</sky-payload>
I 03-17 21:58:46 cloud_vm_ray_backend.py:1520] [0m⚙︎ Launching on AWS eu-north-1[0m (eu-north-1a).
[2mW 03-17 21:58:57 instance.py:243] create_instances: Attempt failed with An error occurred (InsufficientInstanceCapacity) when calling the RunInstances operation (reached max retries: 0): There is no Spot capacity available that matches your request.[0m
W 03-17 21:58:58 cloud_vm_ray_backend.py:2061] sky.exceptions.ResourcesUnavailableError: Failed to acquire resources in eu-north-1a for {AWS(cpus=4, {'L4': 1}), AWS([Spot], cpus=4, {'L4': 1})}. 
W 03-17 21:58:58 cloud_vm_ray_backend.py:2097] 
W 03-17 21:58:58 cloud_vm_ray_backend.py:2097] [0m[33m↺[0m Trying other potential resources.
<sky-payload>"<rich_update>[bold cyan]Looking for resources[/]  \u001b[2mView logs: sky api logs -l sky-2025-03-17-21-20-11-155260/provision.log\u001b[0m</rich_update>"</sky-payload>
<sky-payload>"<rich_update>[bold cyan]Optimizing[/]</rich_update>"</sky-payload>
<sky-payload>"<rich_start>[bold cyan]Launching[/]</rich_start>"</sky-payload>
I 03-17 21:58:58 optimizer.py:736] [1mTarget:[0m minimizing cost
I 03-17 21:58:58 optimizer.py:749] [1mEstimated cost: [0m$0.4 / hour
I 03-17 21:58:58 optimizer.py:749] 
I 03-17 21:58:58 optimizer.py:884] Considered resources (1 node):
I 03-17 21:58:58 optimizer.py:952] ----------------------------------------------------------------------------------------------
I 03-17 21:58:58 optimizer.py:952]  CLOUD   INSTANCE          vCPUs   Mem(GB)   ACCELERATORS   REGION/ZONE   COST ($)   CHOSEN   
I 03-17 21:58:58 optimizer.py:952] ----------------------------------------------------------------------------------------------
I 03-17 21:58:58 optimizer.py:952]  AWS     g6.xlarge[Spot]   4       16        L4:1           eu-west-2b    0.36       [32m   ✔[0m     
I 03-17 21:58:58 optimizer.py:952]  AWS     g6.xlarge         4       16        L4:1           us-east-1     0.80                
I 03-17 21:58:58 optimizer.py:952] ----------------------------------------------------------------------------------------------
<sky-payload>"<rich_update>[bold cyan]Looking for resources[/]  \u001b[2mView logs: sky api logs -l sky-2025-03-17-21-20-11-155260/provision.log\u001b[0m</rich_update>"</sky-payload>
<sky-payload>"<rich_update>[bold cyan]Launching[/]  \u001b[2mView logs: sky api logs -l sky-2025-03-17-21-20-11-155260/provision.log\u001b[0m</rich_update>"</sky-payload>
I 03-17 21:58:58 cloud_vm_ray_backend.py:1520] [0m⚙︎ Launching on AWS eu-west-2[0m (eu-west-2b).
[2mW 03-17 21:59:06 instance.py:243] create_instances: Attempt failed with An error occurred (MaxSpotInstanceCountExceeded) when calling the RunInstances operation: Max spot instance count exceeded[0m
W 03-17 21:59:07 cloud_vm_ray_backend.py:2061] sky.exceptions.ResourcesUnavailableError: Failed to acquire resources in eu-west-2b for {AWS(cpus=4, {'L4': 1}), AWS([Spot], cpus=4, {'L4': 1})}. 
W 03-17 21:59:07 cloud_vm_ray_backend.py:2097] 
W 03-17 21:59:07 cloud_vm_ray_backend.py:2097] [0m[33m↺[0m Trying other potential resources.
<sky-payload>"<rich_update>[bold cyan]Looking for resources[/]  \u001b[2mView logs: sky api logs -l sky-2025-03-17-21-20-11-155260/provision.log\u001b[0m</rich_update>"</sky-payload>
<sky-payload>"<rich_update>[bold cyan]Optimizing[/]</rich_update>"</sky-payload>
<sky-payload>"<rich_start>[bold cyan]Launching[/]</rich_start>"</sky-payload>
I 03-17 21:59:07 optimizer.py:736] [1mTarget:[0m minimizing cost
I 03-17 21:59:07 optimizer.py:749] [1mEstimated cost: [0m$0.4 / hour
I 03-17 21:59:07 optimizer.py:749] 
I 03-17 21:59:07 optimizer.py:884] Considered resources (1 node):
I 03-17 21:59:07 optimizer.py:952] --------------------------------------------------------------------------------------------------
I 03-17 21:59:07 optimizer.py:952]  CLOUD   INSTANCE          vCPUs   Mem(GB)   ACCELERATORS   REGION/ZONE       COST ($)   CHOSEN   
I 03-17 21:59:07 optimizer.py:952] --------------------------------------------------------------------------------------------------
I 03-17 21:59:07 optimizer.py:952]  AWS     g6.xlarge[Spot]   4       16        L4:1           ap-southeast-2c   0.36       [32m   ✔[0m     
I 03-17 21:59:07 optimizer.py:952]  AWS     g6.xlarge         4       16        L4:1           us-east-1         0.80                
I 03-17 21:59:07 optimizer.py:952] --------------------------------------------------------------------------------------------------
<sky-payload>"<rich_update>[bold cyan]Looking for resources[/]  \u001b[2mView logs: sky api logs -l sky-2025-03-17-21-20-11-155260/provision.log\u001b[0m</rich_update>"</sky-payload>
<sky-payload>"<rich_update>[bold cyan]Launching[/]  \u001b[2mView logs: sky api logs -l sky-2025-03-17-21-20-11-155260/provision.log\u001b[0m</rich_update>"</sky-payload>
I 03-17 21:59:07 cloud_vm_ray_backend.py:1520] [0m⚙︎ Launching on AWS ap-southeast-2[0m (ap-southeast-2c).
[2mW 03-17 21:59:18 instance.py:243] create_instances: Attempt failed with An error occurred (InsufficientInstanceCapacity) when calling the RunInstances operation (reached max retries: 0): We currently do not have sufficient g6.xlarge capacity in the Availability Zone you requested (ap-southeast-2c). Our system will be working on provisioning additional capacity. You can currently get g6.xlarge capacity by not specifying an Availability Zone in your request or choosing ap-southeast-2a.[0m
W 03-17 21:59:19 cloud_vm_ray_backend.py:2061] sky.exceptions.ResourcesUnavailableError: Failed to acquire resources in ap-southeast-2c for {AWS(cpus=4, {'L4': 1}), AWS([Spot], cpus=4, {'L4': 1})}. 
W 03-17 21:59:19 cloud_vm_ray_backend.py:2097] 
W 03-17 21:59:19 cloud_vm_ray_backend.py:2097] [0m[33m↺[0m Trying other potential resources.
<sky-payload>"<rich_update>[bold cyan]Looking for resources[/]  \u001b[2mView logs: sky api logs -l sky-2025-03-17-21-20-11-155260/provision.log\u001b[0m</rich_update>"</sky-payload>
<sky-payload>"<rich_update>[bold cyan]Optimizing[/]</rich_update>"</sky-payload>
<sky-payload>"<rich_start>[bold cyan]Launching[/]</rich_start>"</sky-payload>
I 03-17 21:59:19 optimizer.py:736] [1mTarget:[0m minimizing cost
I 03-17 21:59:19 optimizer.py:749] [1mEstimated cost: [0m$0.4 / hour
I 03-17 21:59:19 optimizer.py:749] 
I 03-17 21:59:19 optimizer.py:884] Considered resources (1 node):
I 03-17 21:59:19 optimizer.py:952] ----------------------------------------------------------------------------------------------
I 03-17 21:59:19 optimizer.py:952]  CLOUD   INSTANCE          vCPUs   Mem(GB)   ACCELERATORS   REGION/ZONE   COST ($)   CHOSEN   
I 03-17 21:59:19 optimizer.py:952] ----------------------------------------------------------------------------------------------
I 03-17 21:59:19 optimizer.py:952]  AWS     g6.xlarge[Spot]   4       16        L4:1           us-east-1d    0.37       [32m   ✔[0m     
I 03-17 21:59:19 optimizer.py:952]  AWS     g6.xlarge         4       16        L4:1           us-east-1     0.80                
I 03-17 21:59:19 optimizer.py:952] ----------------------------------------------------------------------------------------------
<sky-payload>"<rich_update>[bold cyan]Looking for resources[/]  \u001b[2mView logs: sky api logs -l sky-2025-03-17-21-20-11-155260/provision.log\u001b[0m</rich_update>"</sky-payload>
<sky-payload>"<rich_update>[bold cyan]Launching[/]  \u001b[2mView logs: sky api logs -l sky-2025-03-17-21-20-11-155260/provision.log\u001b[0m</rich_update>"</sky-payload>
I 03-17 21:59:19 cloud_vm_ray_backend.py:1520] [0m⚙︎ Launching on AWS us-east-1[0m (us-east-1d).
W 03-17 22:01:19 cloud_vm_ray_backend.py:2061] sky.exceptions.ResourcesUnavailableError: Failed to acquire resources in us-east-1d for {AWS(cpus=4, {'L4': 1}), AWS([Spot], cpus=4, {'L4': 1})}. 
W 03-17 22:01:19 cloud_vm_ray_backend.py:2097] 
W 03-17 22:01:19 cloud_vm_ray_backend.py:2097] [0m[33m↺[0m Trying other potential resources.
<sky-payload>"<rich_update>[bold cyan]Looking for resources[/]  \u001b[2mView logs: sky api logs -l sky-2025-03-17-21-20-11-155260/provision.log\u001b[0m</rich_update>"</sky-payload>
<sky-payload>"<rich_update>[bold cyan]Optimizing[/]</rich_update>"</sky-payload>
<sky-payload>"<rich_start>[bold cyan]Launching[/]</rich_start>"</sky-payload>
I 03-17 22:01:19 optimizer.py:736] [1mTarget:[0m minimizing cost
I 03-17 22:01:19 optimizer.py:749] [1mEstimated cost: [0m$0.4 / hour
I 03-17 22:01:19 optimizer.py:749] 
I 03-17 22:01:19 optimizer.py:884] Considered resources (1 node):
I 03-17 22:01:19 optimizer.py:952] ----------------------------------------------------------------------------------------------
I 03-17 22:01:19 optimizer.py:952]  CLOUD   INSTANCE          vCPUs   Mem(GB)   ACCELERATORS   REGION/ZONE   COST ($)   CHOSEN   
I 03-17 22:01:19 optimizer.py:952] ----------------------------------------------------------------------------------------------
I 03-17 22:01:19 optimizer.py:952]  AWS     g6.xlarge[Spot]   4       16        L4:1           us-west-2b    0.37       [32m   ✔[0m     
I 03-17 22:01:19 optimizer.py:952]  AWS     g6.xlarge         4       16        L4:1           us-east-1     0.80                
I 03-17 22:01:19 optimizer.py:952] ----------------------------------------------------------------------------------------------
<sky-payload>"<rich_update>[bold cyan]Looking for resources[/]  \u001b[2mView logs: sky api logs -l sky-2025-03-17-21-20-11-155260/provision.log\u001b[0m</rich_update>"</sky-payload>
<sky-payload>"<rich_update>[bold cyan]Launching[/]  \u001b[2mView logs: sky api logs -l sky-2025-03-17-21-20-11-155260/provision.log\u001b[0m</rich_update>"</sky-payload>
I 03-17 22:01:19 cloud_vm_ray_backend.py:1520] [0m⚙︎ Launching on AWS us-west-2[0m (us-west-2b).
[2mW 03-17 22:01:27 instance.py:243] create_instances: Attempt failed with An error occurred (InsufficientInstanceCapacity) when calling the RunInstances operation (reached max retries: 0): We currently do not have sufficient g6.xlarge capacity in the Availability Zone you requested (us-west-2b). Our system will be working on provisioning additional capacity. You can currently get g6.xlarge capacity by not specifying an Availability Zone in your request or choosing us-west-2a, us-west-2c, us-west-2d.[0m
W 03-17 22:01:27 cloud_vm_ray_backend.py:2061] sky.exceptions.ResourcesUnavailableError: Failed to acquire resources in us-west-2b for {AWS(cpus=4, {'L4': 1}), AWS([Spot], cpus=4, {'L4': 1})}. 
W 03-17 22:01:27 cloud_vm_ray_backend.py:2097] 
W 03-17 22:01:27 cloud_vm_ray_backend.py:2097] [0m[33m↺[0m Trying other potential resources.
<sky-payload>"<rich_update>[bold cyan]Looking for resources[/]  \u001b[2mView logs: sky api logs -l sky-2025-03-17-21-20-11-155260/provision.log\u001b[0m</rich_update>"</sky-payload>
<sky-payload>"<rich_update>[bold cyan]Optimizing[/]</rich_update>"</sky-payload>
<sky-payload>"<rich_start>[bold cyan]Launching[/]</rich_start>"</sky-payload>
I 03-17 22:01:28 optimizer.py:736] [1mTarget:[0m minimizing cost
I 03-17 22:01:28 optimizer.py:749] [1mEstimated cost: [0m$0.4 / hour
I 03-17 22:01:28 optimizer.py:749] 
I 03-17 22:01:28 optimizer.py:884] Considered resources (1 node):
I 03-17 22:01:28 optimizer.py:952] ----------------------------------------------------------------------------------------------
I 03-17 22:01:28 optimizer.py:952]  CLOUD   INSTANCE          vCPUs   Mem(GB)   ACCELERATORS   REGION/ZONE   COST ($)   CHOSEN   
I 03-17 22:01:28 optimizer.py:952] ----------------------------------------------------------------------------------------------
I 03-17 22:01:28 optimizer.py:952]  AWS     g6.xlarge[Spot]   4       16        L4:1           eu-north-1b   0.37       [32m   ✔[0m     
I 03-17 22:01:28 optimizer.py:952]  AWS     g6.xlarge         4       16        L4:1           us-east-1     0.80                
I 03-17 22:01:28 optimizer.py:952] ----------------------------------------------------------------------------------------------
<sky-payload>"<rich_update>[bold cyan]Looking for resources[/]  \u001b[2mView logs: sky api logs -l sky-2025-03-17-21-20-11-155260/provision.log\u001b[0m</rich_update>"</sky-payload>
<sky-payload>"<rich_update>[bold cyan]Launching[/]  \u001b[2mView logs: sky api logs -l sky-2025-03-17-21-20-11-155260/provision.log\u001b[0m</rich_update>"</sky-payload>
I 03-17 22:01:28 cloud_vm_ray_backend.py:1520] [0m⚙︎ Launching on AWS eu-north-1[0m (eu-north-1b).
[2mW 03-17 22:01:39 instance.py:243] create_instances: Attempt failed with An error occurred (InsufficientInstanceCapacity) when calling the RunInstances operation (reached max retries: 0): There is no Spot capacity available that matches your request.[0m
W 03-17 22:01:40 cloud_vm_ray_backend.py:2061] sky.exceptions.ResourcesUnavailableError: Failed to acquire resources in eu-north-1b for {AWS(cpus=4, {'L4': 1}), AWS([Spot], cpus=4, {'L4': 1})}. 
W 03-17 22:01:40 cloud_vm_ray_backend.py:2097] 
W 03-17 22:01:40 cloud_vm_ray_backend.py:2097] [0m[33m↺[0m Trying other potential resources.
<sky-payload>"<rich_update>[bold cyan]Looking for resources[/]  \u001b[2mView logs: sky api logs -l sky-2025-03-17-21-20-11-155260/provision.log\u001b[0m</rich_update>"</sky-payload>
<sky-payload>"<rich_update>[bold cyan]Optimizing[/]</rich_update>"</sky-payload>
<sky-payload>"<rich_start>[bold cyan]Launching[/]</rich_start>"</sky-payload>
I 03-17 22:01:40 optimizer.py:736] [1mTarget:[0m minimizing cost
I 03-17 22:01:40 optimizer.py:749] [1mEstimated cost: [0m$0.4 / hour
I 03-17 22:01:40 optimizer.py:749] 
I 03-17 22:01:40 optimizer.py:884] Considered resources (1 node):
I 03-17 22:01:40 optimizer.py:952] --------------------------------------------------------------------------------------------------
I 03-17 22:01:40 optimizer.py:952]  CLOUD   INSTANCE          vCPUs   Mem(GB)   ACCELERATORS   REGION/ZONE       COST ($)   CHOSEN   
I 03-17 22:01:40 optimizer.py:952] --------------------------------------------------------------------------------------------------
I 03-17 22:01:40 optimizer.py:952]  AWS     g6.xlarge[Spot]   4       16        L4:1           ap-southeast-2a   0.38       [32m   ✔[0m     
I 03-17 22:01:40 optimizer.py:952]  AWS     g6.xlarge         4       16        L4:1           us-east-1         0.80                
I 03-17 22:01:40 optimizer.py:952] --------------------------------------------------------------------------------------------------
<sky-payload>"<rich_update>[bold cyan]Looking for resources[/]  \u001b[2mView logs: sky api logs -l sky-2025-03-17-21-20-11-155260/provision.log\u001b[0m</rich_update>"</sky-payload>
<sky-payload>"<rich_update>[bold cyan]Launching[/]  \u001b[2mView logs: sky api logs -l sky-2025-03-17-21-20-11-155260/provision.log\u001b[0m</rich_update>"</sky-payload>
I 03-17 22:01:40 cloud_vm_ray_backend.py:1520] [0m⚙︎ Launching on AWS ap-southeast-2[0m (ap-southeast-2a).
[2mW 03-17 22:01:51 instance.py:243] create_instances: Attempt failed with An error occurred (InsufficientInstanceCapacity) when calling the RunInstances operation (reached max retries: 0): We currently do not have sufficient g6.xlarge capacity in the Availability Zone you requested (ap-southeast-2a). Our system will be working on provisioning additional capacity. You can currently get g6.xlarge capacity by not specifying an Availability Zone in your request or choosing ap-southeast-2c.[0m
W 03-17 22:01:52 cloud_vm_ray_backend.py:2061] sky.exceptions.ResourcesUnavailableError: Failed to acquire resources in ap-southeast-2a for {AWS(cpus=4, {'L4': 1}), AWS([Spot], cpus=4, {'L4': 1})}. 
W 03-17 22:01:52 cloud_vm_ray_backend.py:2097] 
W 03-17 22:01:52 cloud_vm_ray_backend.py:2097] [0m[33m↺[0m Trying other potential resources.
<sky-payload>"<rich_update>[bold cyan]Looking for resources[/]  \u001b[2mView logs: sky api logs -l sky-2025-03-17-21-20-11-155260/provision.log\u001b[0m</rich_update>"</sky-payload>
<sky-payload>"<rich_update>[bold cyan]Optimizing[/]</rich_update>"</sky-payload>
<sky-payload>"<rich_start>[bold cyan]Launching[/]</rich_start>"</sky-payload>
I 03-17 22:01:53 optimizer.py:736] [1mTarget:[0m minimizing cost
I 03-17 22:01:53 optimizer.py:749] [1mEstimated cost: [0m$0.4 / hour
I 03-17 22:01:53 optimizer.py:749] 
I 03-17 22:01:53 optimizer.py:884] Considered resources (1 node):
I 03-17 22:01:53 optimizer.py:952] ----------------------------------------------------------------------------------------------
I 03-17 22:01:53 optimizer.py:952]  CLOUD   INSTANCE          vCPUs   Mem(GB)   ACCELERATORS   REGION/ZONE   COST ($)   CHOSEN   
I 03-17 22:01:53 optimizer.py:952] ----------------------------------------------------------------------------------------------
I 03-17 22:01:53 optimizer.py:952]  AWS     g6.xlarge[Spot]   4       16        L4:1           eu-west-3b    0.38       [32m   ✔[0m     
I 03-17 22:01:53 optimizer.py:952]  AWS     g6.xlarge         4       16        L4:1           us-east-1     0.80                
I 03-17 22:01:53 optimizer.py:952] ----------------------------------------------------------------------------------------------
<sky-payload>"<rich_update>[bold cyan]Looking for resources[/]  \u001b[2mView logs: sky api logs -l sky-2025-03-17-21-20-11-155260/provision.log\u001b[0m</rich_update>"</sky-payload>
<sky-payload>"<rich_update>[bold cyan]Launching[/]  \u001b[2mView logs: sky api logs -l sky-2025-03-17-21-20-11-155260/provision.log\u001b[0m</rich_update>"</sky-payload>
I 03-17 22:01:53 cloud_vm_ray_backend.py:1520] [0m⚙︎ Launching on AWS eu-west-3[0m (eu-west-3b).
[2mW 03-17 22:02:00 instance.py:243] create_instances: Attempt failed with An error occurred (InsufficientInstanceCapacity) when calling the RunInstances operation (reached max retries: 0): There is no Spot capacity available that matches your request.[0m
W 03-17 22:02:01 cloud_vm_ray_backend.py:2061] sky.exceptions.ResourcesUnavailableError: Failed to acquire resources in eu-west-3b for {AWS(cpus=4, {'L4': 1}), AWS([Spot], cpus=4, {'L4': 1})}. 
W 03-17 22:02:01 cloud_vm_ray_backend.py:2097] 
W 03-17 22:02:01 cloud_vm_ray_backend.py:2097] [0m[33m↺[0m Trying other potential resources.
<sky-payload>"<rich_update>[bold cyan]Looking for resources[/]  \u001b[2mView logs: sky api logs -l sky-2025-03-17-21-20-11-155260/provision.log\u001b[0m</rich_update>"</sky-payload>
<sky-payload>"<rich_update>[bold cyan]Optimizing[/]</rich_update>"</sky-payload>
<sky-payload>"<rich_start>[bold cyan]Launching[/]</rich_start>"</sky-payload>
I 03-17 22:02:01 optimizer.py:736] [1mTarget:[0m minimizing cost
I 03-17 22:02:01 optimizer.py:749] [1mEstimated cost: [0m$0.4 / hour
I 03-17 22:02:01 optimizer.py:749] 
I 03-17 22:02:01 optimizer.py:884] Considered resources (1 node):
I 03-17 22:02:01 optimizer.py:952] ----------------------------------------------------------------------------------------------
I 03-17 22:02:01 optimizer.py:952]  CLOUD   INSTANCE          vCPUs   Mem(GB)   ACCELERATORS   REGION/ZONE   COST ($)   CHOSEN   
I 03-17 22:02:01 optimizer.py:952] ----------------------------------------------------------------------------------------------
I 03-17 22:02:01 optimizer.py:952]  AWS     g6.xlarge[Spot]   4       16        L4:1           us-east-1a    0.39       [32m   ✔[0m     
I 03-17 22:02:01 optimizer.py:952]  AWS     g6.xlarge         4       16        L4:1           us-east-1     0.80                
I 03-17 22:02:01 optimizer.py:952] ----------------------------------------------------------------------------------------------
<sky-payload>"<rich_update>[bold cyan]Looking for resources[/]  \u001b[2mView logs: sky api logs -l sky-2025-03-17-21-20-11-155260/provision.log\u001b[0m</rich_update>"</sky-payload>
<sky-payload>"<rich_update>[bold cyan]Launching[/]  \u001b[2mView logs: sky api logs -l sky-2025-03-17-21-20-11-155260/provision.log\u001b[0m</rich_update>"</sky-payload>
I 03-17 22:02:01 cloud_vm_ray_backend.py:1520] [0m⚙︎ Launching on AWS us-east-1[0m (us-east-1a).
[2mW 03-17 22:11:41 instance.py:243] create_instances: Attempt failed with An error occurred (MaxSpotInstanceCountExceeded) when calling the RunInstances operation: Max spot instance count exceeded[0m
W 03-17 22:11:41 cloud_vm_ray_backend.py:2061] sky.exceptions.ResourcesUnavailableError: Failed to acquire resources in us-east-1a for {AWS(cpus=4, {'L4': 1}), AWS([Spot], cpus=4, {'L4': 1})}. 
W 03-17 22:11:41 cloud_vm_ray_backend.py:2097] 
W 03-17 22:11:41 cloud_vm_ray_backend.py:2097] [0m[33m↺[0m Trying other potential resources.
<sky-payload>"<rich_update>[bold cyan]Looking for resources[/]  \u001b[2mView logs: sky api logs -l sky-2025-03-17-21-20-11-155260/provision.log\u001b[0m</rich_update>"</sky-payload>
<sky-payload>"<rich_update>[bold cyan]Optimizing[/]</rich_update>"</sky-payload>
<sky-payload>"<rich_start>[bold cyan]Launching[/]</rich_start>"</sky-payload>
I 03-17 22:11:42 optimizer.py:736] [1mTarget:[0m minimizing cost
I 03-17 22:11:42 optimizer.py:749] [1mEstimated cost: [0m$0.4 / hour
I 03-17 22:11:42 optimizer.py:749] 
I 03-17 22:11:42 optimizer.py:884] Considered resources (1 node):
I 03-17 22:11:42 optimizer.py:952] ----------------------------------------------------------------------------------------------
I 03-17 22:11:42 optimizer.py:952]  CLOUD   INSTANCE          vCPUs   Mem(GB)   ACCELERATORS   REGION/ZONE   COST ($)   CHOSEN   
I 03-17 22:11:42 optimizer.py:952] ----------------------------------------------------------------------------------------------
I 03-17 22:11:42 optimizer.py:952]  AWS     g6.xlarge[Spot]   4       16        L4:1           us-east-2a    0.40       [32m   ✔[0m     
I 03-17 22:11:42 optimizer.py:952]  AWS     g6.xlarge         4       16        L4:1           us-east-1     0.80                
I 03-17 22:11:42 optimizer.py:952] ----------------------------------------------------------------------------------------------
<sky-payload>"<rich_update>[bold cyan]Looking for resources[/]  \u001b[2mView logs: sky api logs -l sky-2025-03-17-21-20-11-155260/provision.log\u001b[0m</rich_update>"</sky-payload>
<sky-payload>"<rich_update>[bold cyan]Launching[/]  \u001b[2mView logs: sky api logs -l sky-2025-03-17-21-20-11-155260/provision.log\u001b[0m</rich_update>"</sky-payload>
I 03-17 22:11:42 cloud_vm_ray_backend.py:1520] [0m⚙︎ Launching on AWS us-east-2[0m (us-east-2a).
[2mW 03-17 22:13:38 instance.py:243] create_instances: Attempt failed with An error occurred (MaxSpotInstanceCountExceeded) when calling the RunInstances operation: Max spot instance count exceeded[0m
W 03-17 22:13:39 cloud_vm_ray_backend.py:2061] sky.exceptions.ResourcesUnavailableError: Failed to acquire resources in us-east-2a for {AWS(cpus=4, {'L4': 1}), AWS([Spot], cpus=4, {'L4': 1})}. 
W 03-17 22:13:39 cloud_vm_ray_backend.py:2097] 
W 03-17 22:13:39 cloud_vm_ray_backend.py:2097] [0m[33m↺[0m Trying other potential resources.
<sky-payload>"<rich_update>[bold cyan]Looking for resources[/]  \u001b[2mView logs: sky api logs -l sky-2025-03-17-21-20-11-155260/provision.log\u001b[0m</rich_update>"</sky-payload>
<sky-payload>"<rich_update>[bold cyan]Optimizing[/]</rich_update>"</sky-payload>
<sky-payload>"<rich_start>[bold cyan]Launching[/]</rich_start>"</sky-payload>
I 03-17 22:13:39 optimizer.py:736] [1mTarget:[0m minimizing cost
I 03-17 22:13:39 optimizer.py:749] [1mEstimated cost: [0m$0.4 / hour
I 03-17 22:13:39 optimizer.py:749] 
I 03-17 22:13:39 optimizer.py:884] Considered resources (1 node):
I 03-17 22:13:39 optimizer.py:952] ------------------------------------------------------------------------------------------------
I 03-17 22:13:39 optimizer.py:952]  CLOUD   INSTANCE          vCPUs   Mem(GB)   ACCELERATORS   REGION/ZONE     COST ($)   CHOSEN   
I 03-17 22:13:39 optimizer.py:952] ------------------------------------------------------------------------------------------------
I 03-17 22:13:39 optimizer.py:952]  AWS     g6.xlarge[Spot]   4       16        L4:1           eu-central-1b   0.40       [32m   ✔[0m     
I 03-17 22:13:39 optimizer.py:952]  AWS     g6.xlarge         4       16        L4:1           us-east-1       0.80                
I 03-17 22:13:39 optimizer.py:952] ------------------------------------------------------------------------------------------------
<sky-payload>"<rich_update>[bold cyan]Looking for resources[/]  \u001b[2mView logs: sky api logs -l sky-2025-03-17-21-20-11-155260/provision.log\u001b[0m</rich_update>"</sky-payload>
<sky-payload>"<rich_update>[bold cyan]Launching[/]  \u001b[2mView logs: sky api logs -l sky-2025-03-17-21-20-11-155260/provision.log\u001b[0m</rich_update>"</sky-payload>
I 03-17 22:13:39 cloud_vm_ray_backend.py:1520] [0m⚙︎ Launching on AWS eu-central-1[0m (eu-central-1b).
[2mW 03-17 22:13:49 instance.py:243] create_instances: Attempt failed with An error occurred (MaxSpotInstanceCountExceeded) when calling the RunInstances operation: Max spot instance count exceeded[0m
W 03-17 22:13:49 cloud_vm_ray_backend.py:2061] sky.exceptions.ResourcesUnavailableError: Failed to acquire resources in eu-central-1b for {AWS(cpus=4, {'L4': 1}), AWS([Spot], cpus=4, {'L4': 1})}. 
W 03-17 22:13:49 cloud_vm_ray_backend.py:2097] 
W 03-17 22:13:49 cloud_vm_ray_backend.py:2097] [0m[33m↺[0m Trying other potential resources.
<sky-payload>"<rich_update>[bold cyan]Looking for resources[/]  \u001b[2mView logs: sky api logs -l sky-2025-03-17-21-20-11-155260/provision.log\u001b[0m</rich_update>"</sky-payload>
<sky-payload>"<rich_update>[bold cyan]Optimizing[/]</rich_update>"</sky-payload>
<sky-payload>"<rich_start>[bold cyan]Launching[/]</rich_start>"</sky-payload>
I 03-17 22:13:49 optimizer.py:736] [1mTarget:[0m minimizing cost
I 03-17 22:13:49 optimizer.py:749] [1mEstimated cost: [0m$0.4 / hour
I 03-17 22:13:49 optimizer.py:749] 
I 03-17 22:13:49 optimizer.py:884] Considered resources (1 node):
I 03-17 22:13:49 optimizer.py:952] ----------------------------------------------------------------------------------------------
I 03-17 22:13:49 optimizer.py:952]  CLOUD   INSTANCE          vCPUs   Mem(GB)   ACCELERATORS   REGION/ZONE   COST ($)   CHOSEN   
I 03-17 22:13:49 optimizer.py:952] ----------------------------------------------------------------------------------------------
I 03-17 22:13:49 optimizer.py:952]  AWS     g6.xlarge[Spot]   4       16        L4:1           us-west-2d    0.41       [32m   ✔[0m     
I 03-17 22:13:49 optimizer.py:952]  AWS     g6.xlarge         4       16        L4:1           us-east-1     0.80                
I 03-17 22:13:49 optimizer.py:952] ----------------------------------------------------------------------------------------------
<sky-payload>"<rich_update>[bold cyan]Looking for resources[/]  \u001b[2mView logs: sky api logs -l sky-2025-03-17-21-20-11-155260/provision.log\u001b[0m</rich_update>"</sky-payload>
<sky-payload>"<rich_update>[bold cyan]Launching[/]  \u001b[2mView logs: sky api logs -l sky-2025-03-17-21-20-11-155260/provision.log\u001b[0m</rich_update>"</sky-payload>
I 03-17 22:13:50 cloud_vm_ray_backend.py:1520] [0m⚙︎ Launching on AWS us-west-2[0m (us-west-2d).
[2mW 03-17 22:14:02 instance.py:243] create_instances: Attempt failed with An error occurred (MaxSpotInstanceCountExceeded) when calling the RunInstances operation: Max spot instance count exceeded[0m
W 03-17 22:14:03 cloud_vm_ray_backend.py:2061] sky.exceptions.ResourcesUnavailableError: Failed to acquire resources in us-west-2d for {AWS(cpus=4, {'L4': 1}), AWS([Spot], cpus=4, {'L4': 1})}. 
W 03-17 22:14:03 cloud_vm_ray_backend.py:2097] 
W 03-17 22:14:03 cloud_vm_ray_backend.py:2097] [0m[33m↺[0m Trying other potential resources.
<sky-payload>"<rich_update>[bold cyan]Looking for resources[/]  \u001b[2mView logs: sky api logs -l sky-2025-03-17-21-20-11-155260/provision.log\u001b[0m</rich_update>"</sky-payload>
<sky-payload>"<rich_update>[bold cyan]Optimizing[/]</rich_update>"</sky-payload>
<sky-payload>"<rich_start>[bold cyan]Launching[/]</rich_start>"</sky-payload>
I 03-17 22:14:03 optimizer.py:736] [1mTarget:[0m minimizing cost
I 03-17 22:14:03 optimizer.py:749] [1mEstimated cost: [0m$0.4 / hour
I 03-17 22:14:03 optimizer.py:749] 
I 03-17 22:14:03 optimizer.py:884] Considered resources (1 node):
I 03-17 22:14:03 optimizer.py:952] ------------------------------------------------------------------------------------------------
I 03-17 22:14:03 optimizer.py:952]  CLOUD   INSTANCE          vCPUs   Mem(GB)   ACCELERATORS   REGION/ZONE     COST ($)   CHOSEN   
I 03-17 22:14:03 optimizer.py:952] ------------------------------------------------------------------------------------------------
I 03-17 22:14:03 optimizer.py:952]  AWS     g6.xlarge[Spot]   4       16        L4:1           eu-central-1a   0.41       [32m   ✔[0m     
I 03-17 22:14:03 optimizer.py:952]  AWS     g6.xlarge         4       16        L4:1           us-east-1       0.80                
I 03-17 22:14:03 optimizer.py:952] ------------------------------------------------------------------------------------------------
<sky-payload>"<rich_update>[bold cyan]Looking for resources[/]  \u001b[2mView logs: sky api logs -l sky-2025-03-17-21-20-11-155260/provision.log\u001b[0m</rich_update>"</sky-payload>
<sky-payload>"<rich_update>[bold cyan]Launching[/]  \u001b[2mView logs: sky api logs -l sky-2025-03-17-21-20-11-155260/provision.log\u001b[0m</rich_update>"</sky-payload>
I 03-17 22:14:03 cloud_vm_ray_backend.py:1520] [0m⚙︎ Launching on AWS eu-central-1[0m (eu-central-1a).
[2mW 03-17 22:14:12 instance.py:243] create_instances: Attempt failed with An error occurred (MaxSpotInstanceCountExceeded) when calling the RunInstances operation: Max spot instance count exceeded[0m
W 03-17 22:14:14 cloud_vm_ray_backend.py:2061] sky.exceptions.ResourcesUnavailableError: Failed to acquire resources in eu-central-1a for {AWS(cpus=4, {'L4': 1}), AWS([Spot], cpus=4, {'L4': 1})}. 
W 03-17 22:14:14 cloud_vm_ray_backend.py:2097] 
W 03-17 22:14:14 cloud_vm_ray_backend.py:2097] [0m[33m↺[0m Trying other potential resources.
<sky-payload>"<rich_update>[bold cyan]Looking for resources[/]  \u001b[2mView logs: sky api logs -l sky-2025-03-17-21-20-11-155260/provision.log\u001b[0m</rich_update>"</sky-payload>
<sky-payload>"<rich_update>[bold cyan]Optimizing[/]</rich_update>"</sky-payload>
<sky-payload>"<rich_start>[bold cyan]Launching[/]</rich_start>"</sky-payload>
I 03-17 22:14:14 optimizer.py:736] [1mTarget:[0m minimizing cost
I 03-17 22:14:14 optimizer.py:749] [1mEstimated cost: [0m$0.4 / hour
I 03-17 22:14:14 optimizer.py:749] 
I 03-17 22:14:14 optimizer.py:884] Considered resources (1 node):
I 03-17 22:14:14 optimizer.py:952] ----------------------------------------------------------------------------------------------
I 03-17 22:14:14 optimizer.py:952]  CLOUD   INSTANCE          vCPUs   Mem(GB)   ACCELERATORS   REGION/ZONE   COST ($)   CHOSEN   
I 03-17 22:14:14 optimizer.py:952] ----------------------------------------------------------------------------------------------
I 03-17 22:14:14 optimizer.py:952]  AWS     g6.xlarge[Spot]   4       16        L4:1           us-west-2c    0.41       [32m   ✔[0m     
I 03-17 22:14:14 optimizer.py:952]  AWS     g6.xlarge         4       16        L4:1           us-east-1     0.80                
I 03-17 22:14:14 optimizer.py:952] ----------------------------------------------------------------------------------------------
<sky-payload>"<rich_update>[bold cyan]Looking for resources[/]  \u001b[2mView logs: sky api logs -l sky-2025-03-17-21-20-11-155260/provision.log\u001b[0m</rich_update>"</sky-payload>
<sky-payload>"<rich_update>[bold cyan]Launching[/]  \u001b[2mView logs: sky api logs -l sky-2025-03-17-21-20-11-155260/provision.log\u001b[0m</rich_update>"</sky-payload>
I 03-17 22:14:14 cloud_vm_ray_backend.py:1520] [0m⚙︎ Launching on AWS us-west-2[0m (us-west-2c).
[2mW 03-17 22:14:53 instance.py:243] create_instances: Attempt failed with An error occurred (MaxSpotInstanceCountExceeded) when calling the RunInstances operation: Max spot instance count exceeded[0m
W 03-17 22:14:53 cloud_vm_ray_backend.py:2061] sky.exceptions.ResourcesUnavailableError: Failed to acquire resources in us-west-2c for {AWS(cpus=4, {'L4': 1}), AWS([Spot], cpus=4, {'L4': 1})}. 
W 03-17 22:14:53 cloud_vm_ray_backend.py:2097] 
W 03-17 22:14:53 cloud_vm_ray_backend.py:2097] [0m[33m↺[0m Trying other potential resources.
<sky-payload>"<rich_update>[bold cyan]Looking for resources[/]  \u001b[2mView logs: sky api logs -l sky-2025-03-17-21-20-11-155260/provision.log\u001b[0m</rich_update>"</sky-payload>
<sky-payload>"<rich_update>[bold cyan]Optimizing[/]</rich_update>"</sky-payload>
<sky-payload>"<rich_start>[bold cyan]Launching[/]</rich_start>"</sky-payload>
I 03-17 22:14:53 optimizer.py:736] [1mTarget:[0m minimizing cost
I 03-17 22:14:53 optimizer.py:749] [1mEstimated cost: [0m$0.5 / hour
I 03-17 22:14:53 optimizer.py:749] 
I 03-17 22:14:53 optimizer.py:884] Considered resources (1 node):
I 03-17 22:14:53 optimizer.py:952] --------------------------------------------------------------------------------------------------
I 03-17 22:14:53 optimizer.py:952]  CLOUD   INSTANCE          vCPUs   Mem(GB)   ACCELERATORS   REGION/ZONE       COST ($)   CHOSEN   
I 03-17 22:14:53 optimizer.py:952] --------------------------------------------------------------------------------------------------
I 03-17 22:14:53 optimizer.py:952]  AWS     g6.xlarge[Spot]   4       16        L4:1           ap-northeast-1a   0.46       [32m   ✔[0m     
I 03-17 22:14:53 optimizer.py:952]  AWS     g6.xlarge         4       16        L4:1           us-east-1         0.80                
I 03-17 22:14:53 optimizer.py:952] --------------------------------------------------------------------------------------------------
<sky-payload>"<rich_update>[bold cyan]Looking for resources[/]  \u001b[2mView logs: sky api logs -l sky-2025-03-17-21-20-11-155260/provision.log\u001b[0m</rich_update>"</sky-payload>
<sky-payload>"<rich_update>[bold cyan]Launching[/]  \u001b[2mView logs: sky api logs -l sky-2025-03-17-21-20-11-155260/provision.log\u001b[0m</rich_update>"</sky-payload>
I 03-17 22:14:53 cloud_vm_ray_backend.py:1520] [0m⚙︎ Launching on AWS ap-northeast-1[0m (ap-northeast-1a).
<sky-payload>"<rich_update>[bold cyan]Launching - Checking instance status[/]  \u001b[2mView logs: sky api logs -l sky-2025-03-17-21-20-11-155260/provision.log\u001b[0m</rich_update>"</sky-payload>
<sky-payload>"<rich_update>[bold cyan]Launching - Waiting for SSH access[/]  \u001b[2mView logs: sky api logs -l sky-2025-03-17-21-20-11-155260/provision.log\u001b[0m</rich_update>"</sky-payload>
<sky-payload>"<rich_start>[bold cyan]Launching[/]</rich_start>"</sky-payload>
I 03-17 22:15:21 provisioner.py:451] [2m└── [0m[2mInstance is up.[0m
<sky-payload>"<rich_update>[bold cyan]Preparing SkyPilot runtime (1/3 - initializing)[/]  \u001b[2mView logs: sky api logs -l sky-2025-03-17-21-20-11-155260/provision.log\u001b[0m</rich_update>"</sky-payload>
<sky-payload>"<rich_update>[bold cyan]Preparing SkyPilot runtime (2/3 - dependencies)[/]  \u001b[2mView logs: sky api logs -l sky-2025-03-17-21-20-11-155260/provision.log\u001b[0m</rich_update>"</sky-payload>
<sky-payload>"<rich_update>[bold cyan]Preparing SkyPilot runtime (3/3 - runtime)[/]  \u001b[2mView logs: sky api logs -l sky-2025-03-17-21-20-11-155260/provision.log\u001b[0m</rich_update>"</sky-payload>
<sky-payload>"<rich_update>[bold cyan]Launching - Checking instance status[/]  \u001b[2mView logs: sky api logs -l sky-2025-03-17-21-20-11-155260/provision.log\u001b[0m</rich_update>"</sky-payload>
I 03-17 22:15:48 provisioner.py:632] [0m[32m✓ Cluster launched: compute-text-vectors-222.[0m  [2mView logs: sky api logs -l sky-2025-03-17-21-20-11-155260/provision.log[0m
<sky-payload>"<rich_exit></rich_exit>"</sky-payload>
I 03-17 22:15:48 execution.py:332] [0m⚙︎ Syncing files.
<sky-payload>"<rich_init>[bold cyan]Syncing files[/]</rich_init>"</sky-payload>
<sky-payload>"<rich_update>[bold cyan]Syncing files[/]</rich_update>"</sky-payload>
<sky-payload>"<rich_start>[bold cyan]Syncing files[/]</rich_start>"</sky-payload>
<sky-payload>"<rich_update>[bold cyan]Syncing file mounts[/]  \u001b[2mView logs: sky api logs -l sky-2025-03-17-21-20-11-155260/file_mounts.log\u001b[0m</rich_update>"</sky-payload>
I 03-17 22:15:48 backend_utils.py:1315]   [2mSyncing (to 1 node): s3://skypilot-filemounts-root-726f1974-4harrt18/job-4harrt18/workdir -> ~/sky_workdir[0m
I 03-17 22:15:51 cloud_vm_ray_backend.py:4801] [0m[32m✓ Synced file_mounts.[0m  [2mView logs: sky api logs -l sky-2025-03-17-21-20-11-155260/file_mounts.log[0m
<sky-payload>"<rich_update>[bold cyan]Mounting 1 storage[/]  \u001b[2mView logs: sky api logs -l sky-2025-03-17-21-20-11-155260/storage_mounts.log\u001b[0m</rich_update>"</sky-payload>
I 03-17 22:15:51 backend_utils.py:1315]   [2mMounting (to 1 node): s3://sky-text-embeddings-multi-cluster-final-2 -> /output[0m
I 03-17 22:15:54 cloud_vm_ray_backend.py:4892] [0m[32m✓ Storage mounted.[0m  [2mView logs: sky api logs -l sky-2025-03-17-21-20-11-155260/storage_mounts.log[0m
<sky-payload>"<rich_exit></rich_exit>"</sky-payload>
<sky-payload>"<rich_init>[bold cyan]Running setup[/]</rich_init>"</sky-payload>
<sky-payload>"<rich_update>[bold cyan]Running setup[/]</rich_update>"</sky-payload>
<sky-payload>"<rich_start>[bold cyan]Running setup[/]</rich_start>"</sky-payload>
<sky-payload>"<rich_stop></rich_stop>"</sky-payload>
I 03-17 22:15:57 cloud_vm_ray_backend.py:3357] [0m[32m✓ Setup detached.[0m
<sky-payload>"<rich_exit></rich_exit>"</sky-payload>
<sky-payload>"<rich_init>[bold cyan]Submitting job[/]</rich_init>"</sky-payload>
<sky-payload>"<rich_update>[bold cyan]Submitting job[/]</rich_update>"</sky-payload>
<sky-payload>"<rich_start>[bold cyan]Submitting job[/]</rich_start>"</sky-payload>
I 03-17 22:15:58 cloud_vm_ray_backend.py:3546] Multiple resources are specified for the task, using: AWS([Spot], cpus=4, {'L4': 1})
I 03-17 22:16:00 cloud_vm_ray_backend.py:3460] [0m⚙︎ Job submitted, ID: 1
<sky-payload>"<rich_stop></rich_stop>"</sky-payload>
<sky-payload>"<rich_exit></rich_exit>"</sky-payload>

[?25hI 03-17 22:16:00 recovery_strategy.py:289] Managed job cluster launched.
I 03-17 22:16:04 utils.py:131] === Checking the job status... ===
I 03-17 22:16:05 utils.py:137] Job status: JobStatus.SETTING_UP
I 03-17 22:16:05 utils.py:140] ==================================
I 03-17 22:16:06 state.py:471] Job started.
I 03-17 22:16:26 utils.py:131] === Checking the job status... ===
I 03-17 22:16:27 utils.py:137] Job status: JobStatus.SETTING_UP
I 03-17 22:16:27 utils.py:140] ==================================
I 03-17 22:16:47 utils.py:131] === Checking the job status... ===
I 03-17 22:16:48 utils.py:137] Job status: JobStatus.SETTING_UP
I 03-17 22:16:48 utils.py:140] ==================================
I 03-17 22:17:08 utils.py:131] === Checking the job status... ===
I 03-17 22:17:09 utils.py:137] Job status: JobStatus.SETTING_UP
I 03-17 22:17:09 utils.py:140] ==================================
I 03-17 22:17:29 utils.py:131] === Checking the job status... ===
I 03-17 22:17:30 utils.py:137] Job status: JobStatus.SETTING_UP
I 03-17 22:17:30 utils.py:140] ==================================
I 03-17 22:17:50 utils.py:131] === Checking the job status... ===
I 03-17 22:17:51 utils.py:137] Job status: JobStatus.SETTING_UP
I 03-17 22:17:51 utils.py:140] ==================================
I 03-17 22:18:11 utils.py:131] === Checking the job status... ===
I 03-17 22:18:13 utils.py:137] Job status: JobStatus.RUNNING
I 03-17 22:18:13 utils.py:140] ==================================
I 03-17 22:18:33 utils.py:131] === Checking the job status... ===
I 03-17 22:18:34 utils.py:137] Job status: JobStatus.RUNNING
I 03-17 22:18:34 utils.py:140] ==================================
I 03-17 22:18:54 utils.py:131] === Checking the job status... ===
I 03-17 22:18:56 utils.py:137] Job status: JobStatus.RUNNING
I 03-17 22:18:56 utils.py:140] ==================================
I 03-17 22:19:16 utils.py:131] === Checking the job status... ===
I 03-17 22:19:18 utils.py:137] Job status: JobStatus.RUNNING
I 03-17 22:19:18 utils.py:140] ==================================
I 03-17 22:19:38 utils.py:131] === Checking the job status... ===
I 03-17 22:19:40 utils.py:137] Job status: JobStatus.RUNNING
I 03-17 22:19:40 utils.py:140] ==================================
I 03-17 22:20:00 utils.py:131] === Checking the job status... ===
I 03-17 22:20:01 utils.py:137] Job status: JobStatus.RUNNING
I 03-17 22:20:01 utils.py:140] ==================================
I 03-17 22:20:22 utils.py:131] === Checking the job status... ===
I 03-17 22:20:22 utils.py:137] Job status: JobStatus.RUNNING
I 03-17 22:20:22 utils.py:140] ==================================
I 03-17 22:20:43 utils.py:131] === Checking the job status... ===
I 03-17 22:20:44 utils.py:137] Job status: JobStatus.RUNNING
I 03-17 22:20:44 utils.py:140] ==================================
I 03-17 22:21:04 utils.py:131] === Checking the job status... ===
I 03-17 22:21:05 utils.py:137] Job status: JobStatus.RUNNING
I 03-17 22:21:05 utils.py:140] ==================================
I 03-17 22:21:25 utils.py:131] === Checking the job status... ===
I 03-17 22:21:26 utils.py:137] Job status: JobStatus.RUNNING
I 03-17 22:21:26 utils.py:140] ==================================
I 03-17 22:21:46 utils.py:131] === Checking the job status... ===
I 03-17 22:21:50 utils.py:137] Job status: JobStatus.RUNNING
I 03-17 22:21:50 utils.py:140] ==================================
I 03-17 22:22:10 utils.py:131] === Checking the job status... ===
I 03-17 22:22:13 utils.py:137] Job status: JobStatus.RUNNING
I 03-17 22:22:13 utils.py:140] ==================================
I 03-17 22:22:33 utils.py:131] === Checking the job status... ===
I 03-17 22:22:36 utils.py:137] Job status: JobStatus.RUNNING
I 03-17 22:22:36 utils.py:140] ==================================
I 03-17 22:22:56 utils.py:131] === Checking the job status... ===
I 03-17 22:22:58 utils.py:137] Job status: JobStatus.RUNNING
I 03-17 22:22:58 utils.py:140] ==================================
I 03-17 22:23:18 utils.py:131] === Checking the job status... ===
I 03-17 22:23:18 utils.py:137] Job status: JobStatus.RUNNING
I 03-17 22:23:18 utils.py:140] ==================================
I 03-17 22:23:39 utils.py:131] === Checking the job status... ===
I 03-17 22:23:39 utils.py:137] Job status: JobStatus.RUNNING
I 03-17 22:23:39 utils.py:140] ==================================
I 03-17 22:24:00 utils.py:131] === Checking the job status... ===
I 03-17 22:24:00 utils.py:137] Job status: JobStatus.RUNNING
I 03-17 22:24:00 utils.py:140] ==================================
I 03-17 22:24:21 utils.py:131] === Checking the job status... ===
I 03-17 22:24:21 utils.py:137] Job status: JobStatus.RUNNING
I 03-17 22:24:21 utils.py:140] ==================================
I 03-17 22:24:42 utils.py:131] === Checking the job status... ===
I 03-17 22:24:42 utils.py:137] Job status: JobStatus.RUNNING
I 03-17 22:24:42 utils.py:140] ==================================
I 03-17 22:25:03 utils.py:131] === Checking the job status... ===
I 03-17 22:25:03 utils.py:137] Job status: JobStatus.RUNNING
I 03-17 22:25:03 utils.py:140] ==================================
I 03-17 22:25:24 utils.py:131] === Checking the job status... ===
I 03-17 22:25:24 utils.py:137] Job status: JobStatus.RUNNING
I 03-17 22:25:24 utils.py:140] ==================================
I 03-17 22:25:45 utils.py:131] === Checking the job status... ===
I 03-17 22:25:46 utils.py:137] Job status: JobStatus.RUNNING
I 03-17 22:25:46 utils.py:140] ==================================
I 03-17 22:26:06 utils.py:131] === Checking the job status... ===
I 03-17 22:26:07 utils.py:137] Job status: JobStatus.RUNNING
I 03-17 22:26:07 utils.py:140] ==================================
I 03-17 22:26:27 utils.py:131] === Checking the job status... ===
I 03-17 22:26:28 utils.py:137] Job status: JobStatus.RUNNING
I 03-17 22:26:28 utils.py:140] ==================================
I 03-17 22:26:48 utils.py:131] === Checking the job status... ===
I 03-17 22:26:49 utils.py:137] Job status: JobStatus.RUNNING
I 03-17 22:26:49 utils.py:140] ==================================
I 03-17 22:27:09 utils.py:131] === Checking the job status... ===
I 03-17 22:27:10 utils.py:137] Job status: JobStatus.RUNNING
I 03-17 22:27:10 utils.py:140] ==================================
I 03-17 22:27:30 utils.py:131] === Checking the job status... ===
I 03-17 22:27:31 utils.py:137] Job status: JobStatus.RUNNING
I 03-17 22:27:31 utils.py:140] ==================================
I 03-17 22:27:51 utils.py:131] === Checking the job status... ===
I 03-17 22:27:52 utils.py:137] Job status: JobStatus.RUNNING
I 03-17 22:27:52 utils.py:140] ==================================
I 03-17 22:28:12 utils.py:131] === Checking the job status... ===
I 03-17 22:28:13 utils.py:137] Job status: JobStatus.RUNNING
I 03-17 22:28:13 utils.py:140] ==================================
I 03-17 22:28:33 utils.py:131] === Checking the job status... ===
I 03-17 22:28:34 utils.py:137] Job status: JobStatus.RUNNING
I 03-17 22:28:34 utils.py:140] ==================================
I 03-17 22:28:54 utils.py:131] === Checking the job status... ===
I 03-17 22:28:55 utils.py:137] Job status: JobStatus.RUNNING
I 03-17 22:28:55 utils.py:140] ==================================
I 03-17 22:29:15 utils.py:131] === Checking the job status... ===
I 03-17 22:29:16 utils.py:137] Job status: JobStatus.RUNNING
I 03-17 22:29:16 utils.py:140] ==================================
I 03-17 22:29:36 utils.py:131] === Checking the job status... ===
I 03-17 22:29:37 utils.py:137] Job status: JobStatus.RUNNING
I 03-17 22:29:37 utils.py:140] ==================================
I 03-17 22:29:57 utils.py:131] === Checking the job status... ===
I 03-17 22:29:58 utils.py:137] Job status: JobStatus.RUNNING
I 03-17 22:29:58 utils.py:140] ==================================
I 03-17 22:30:18 utils.py:131] === Checking the job status... ===
I 03-17 22:30:19 utils.py:137] Job status: JobStatus.RUNNING
I 03-17 22:30:19 utils.py:140] ==================================
I 03-17 22:30:39 utils.py:131] === Checking the job status... ===
I 03-17 22:30:40 utils.py:137] Job status: JobStatus.RUNNING
I 03-17 22:30:40 utils.py:140] ==================================
I 03-17 22:31:00 utils.py:131] === Checking the job status... ===
I 03-17 22:31:01 utils.py:137] Job status: JobStatus.RUNNING
I 03-17 22:31:01 utils.py:140] ==================================
I 03-17 22:31:21 utils.py:131] === Checking the job status... ===
I 03-17 22:31:22 utils.py:137] Job status: JobStatus.RUNNING
I 03-17 22:31:22 utils.py:140] ==================================
I 03-17 22:31:42 utils.py:131] === Checking the job status... ===
I 03-17 22:31:43 utils.py:137] Job status: JobStatus.RUNNING
I 03-17 22:31:43 utils.py:140] ==================================
I 03-17 22:32:03 utils.py:131] === Checking the job status... ===
I 03-17 22:32:04 utils.py:137] Job status: JobStatus.RUNNING
I 03-17 22:32:04 utils.py:140] ==================================
I 03-17 22:32:24 utils.py:131] === Checking the job status... ===
I 03-17 22:32:25 utils.py:137] Job status: JobStatus.RUNNING
I 03-17 22:32:25 utils.py:140] ==================================
I 03-17 22:32:45 utils.py:131] === Checking the job status... ===
I 03-17 22:32:46 utils.py:137] Job status: JobStatus.RUNNING
I 03-17 22:32:46 utils.py:140] ==================================
I 03-17 22:33:06 utils.py:131] === Checking the job status... ===
I 03-17 22:33:07 utils.py:137] Job status: JobStatus.RUNNING
I 03-17 22:33:07 utils.py:140] ==================================
I 03-17 22:33:27 utils.py:131] === Checking the job status... ===
I 03-17 22:33:28 utils.py:137] Job status: JobStatus.SUCCEEDED
I 03-17 22:33:28 utils.py:140] ==================================
I 03-17 22:33:29 state.py:561] Job succeeded.
I 03-17 22:33:29 controller.py:238] Managed job 222 (task: 0) SUCCEEDED. Cleaning up the cluster compute-text-vectors-222.
E 03-17 22:33:31 controller_utils.py:376] Failed to find the logs for the user program at ~/sky_logs/managed_jobs/sky-2025-03-17-21-20-11-155260/run.log.
I 03-17 22:33:31 controller.py:117] 
I 03-17 22:33:31 controller.py:117] == End of logs (ID: 222) ==
I 03-17 22:33:39 state.py:656] Cancellation skipped, job is already terminal
I 03-17 22:33:39 state.py:677] Cancellation skipped, job is not CANCELLING
I 03-17 22:33:41 controller.py:552] Killing controller process 80000.
I 03-17 22:33:41 controller.py:560] Controller process 80000 killed.
I 03-17 22:33:41 controller.py:562] Cleaning up any cluster for job 222.
I 03-17 22:33:42 storage.py:699] Verifying bucket for storage skypilot-filemounts-root-726f1974-4harrt18
<sky-payload>"<rich_init>[bold cyan]Deleting S3 bucket [green]skypilot-filemounts-root-726f1974-4harrt18[/][/]</rich_init>"</sky-payload>
<sky-payload>"<rich_update>[bold cyan]Deleting S3 bucket [green]skypilot-filemounts-root-726f1974-4harrt18[/][/]</rich_update>"</sky-payload>
<sky-payload>"<rich_start>[bold cyan]Deleting S3 bucket [green]skypilot-filemounts-root-726f1974-4harrt18[/][/]</rich_start>"</sky-payload>
<sky-payload>"<rich_exit></rich_exit>"</sky-payload>
I 03-17 22:33:43 storage.py:1505] [32mDeleted S3 bucket skypilot-filemounts-root-726f1974-4harrt18.[0m
I 03-17 22:33:43 controller.py:571] Cluster of managed job 222 has been cleaned up.
