I 03-17 21:21:00 controller.py:59] DAG:
I 03-17 21:21:00 controller.py:59] [Task<name=compute-text-vectors>(run='# Initialize and dow...')
I 03-17 21:21:00 controller.py:59]   resources: {AWS(cpus=4, {'L4': 1}), AWS([Spot], cpus=4, {'L4': 1})}]
I 03-17 21:21:00 controller.py:195] Submitted managed job 259 (task: 0, name: 'compute-text-vectors'); SKYPILOT_TASK_ID: sky-managed-2025-03-17-21-21-00-096228_compute-text-vectors_259-0
I 03-17 21:21:00 controller.py:199] Started monitoring.
I 03-17 21:21:00 state.py:451] Launching the spot cluster...
I 03-17 21:21:00 storage.py:1058] Storage type StoreType.S3 already exists.
<sky-payload>"<rich_init>[bold cyan]Optimizing[/]</rich_init>"</sky-payload>
<sky-payload>"<rich_update>[bold cyan]Optimizing[/]</rich_update>"</sky-payload>
<sky-payload>"<rich_start>[bold cyan]Optimizing[/]</rich_start>"</sky-payload>
I 03-17 21:21:01 optimizer.py:736] [1mTarget:[0m minimizing cost
I 03-17 21:21:01 optimizer.py:749] [1mEstimated cost: [0m$0.2 / hour
I 03-17 21:21:01 optimizer.py:749] 
I 03-17 21:21:01 optimizer.py:884] Considered resources (1 node):
I 03-17 21:21:01 optimizer.py:952] ----------------------------------------------------------------------------------------------
I 03-17 21:21:01 optimizer.py:952]  CLOUD   INSTANCE          vCPUs   Mem(GB)   ACCELERATORS   REGION/ZONE   COST ($)   CHOSEN   
I 03-17 21:21:01 optimizer.py:952] ----------------------------------------------------------------------------------------------
I 03-17 21:21:01 optimizer.py:952]  AWS     g6.xlarge[Spot]   4       16        L4:1           ap-south-1b   0.22       [32m   ✔[0m     
I 03-17 21:21:01 optimizer.py:952]  AWS     g6.xlarge         4       16        L4:1           us-east-1     0.80                
I 03-17 21:21:01 optimizer.py:952] ----------------------------------------------------------------------------------------------
<sky-payload>"<rich_exit></rich_exit>"</sky-payload>
<sky-payload>"<rich_init>[bold cyan]Launching[/]</rich_init>"</sky-payload>
<sky-payload>"<rich_update>[bold cyan]Launching[/]</rich_update>"</sky-payload>
<sky-payload>"<rich_start>[bold cyan]Launching[/]</rich_start>"</sky-payload>
<sky-payload>"<rich_update>[bold cyan]Launching[/]  \u001b[2mView logs: sky api logs -l sky-2025-03-17-21-21-00-722346/provision.log\u001b[0m</rich_update>"</sky-payload>
<sky-payload>"<rich_update>[bold cyan]Launching[/]  \u001b[2mView logs: sky api logs -l sky-2025-03-17-21-21-00-722346/provision.log\u001b[0m</rich_update>"</sky-payload>
I 03-17 21:21:01 cloud_vm_ray_backend.py:1520] [0m⚙︎ Launching on AWS ap-south-1[0m (ap-south-1b).
W 03-17 21:27:19 cloud_vm_ray_backend.py:2061] sky.exceptions.ResourcesUnavailableError: Failed to acquire resources in ap-south-1b for {AWS(cpus=4, {'L4': 1}), AWS([Spot], cpus=4, {'L4': 1})}. 
W 03-17 21:27:19 cloud_vm_ray_backend.py:2097] 
W 03-17 21:27:19 cloud_vm_ray_backend.py:2097] [0m[33m↺[0m Trying other potential resources.
<sky-payload>"<rich_update>[bold cyan]Looking for resources[/]  \u001b[2mView logs: sky api logs -l sky-2025-03-17-21-21-00-722346/provision.log\u001b[0m</rich_update>"</sky-payload>
<sky-payload>"<rich_update>[bold cyan]Optimizing[/]</rich_update>"</sky-payload>
<sky-payload>"<rich_start>[bold cyan]Launching[/]</rich_start>"</sky-payload>
I 03-17 21:27:19 optimizer.py:736] [1mTarget:[0m minimizing cost
I 03-17 21:27:19 optimizer.py:749] [1mEstimated cost: [0m$0.2 / hour
I 03-17 21:27:19 optimizer.py:749] 
I 03-17 21:27:19 optimizer.py:884] Considered resources (1 node):
I 03-17 21:27:19 optimizer.py:952] ----------------------------------------------------------------------------------------------
I 03-17 21:27:19 optimizer.py:952]  CLOUD   INSTANCE          vCPUs   Mem(GB)   ACCELERATORS   REGION/ZONE   COST ($)   CHOSEN   
I 03-17 21:27:19 optimizer.py:952] ----------------------------------------------------------------------------------------------
I 03-17 21:27:19 optimizer.py:952]  AWS     g6.xlarge[Spot]   4       16        L4:1           ap-south-1a   0.25       [32m   ✔[0m     
I 03-17 21:27:19 optimizer.py:952]  AWS     g6.xlarge         4       16        L4:1           us-east-1     0.80                
I 03-17 21:27:19 optimizer.py:952] ----------------------------------------------------------------------------------------------
<sky-payload>"<rich_update>[bold cyan]Looking for resources[/]  \u001b[2mView logs: sky api logs -l sky-2025-03-17-21-21-00-722346/provision.log\u001b[0m</rich_update>"</sky-payload>
<sky-payload>"<rich_update>[bold cyan]Launching[/]  \u001b[2mView logs: sky api logs -l sky-2025-03-17-21-21-00-722346/provision.log\u001b[0m</rich_update>"</sky-payload>
I 03-17 21:27:19 cloud_vm_ray_backend.py:1520] [0m⚙︎ Launching on AWS ap-south-1[0m (ap-south-1a).
[2mW 03-17 21:35:19 instance.py:243] create_instances: Attempt failed with An error occurred (MaxSpotInstanceCountExceeded) when calling the RunInstances operation: Max spot instance count exceeded[0m
W 03-17 21:35:20 cloud_vm_ray_backend.py:2061] sky.exceptions.ResourcesUnavailableError: Failed to acquire resources in ap-south-1a for {AWS(cpus=4, {'L4': 1}), AWS([Spot], cpus=4, {'L4': 1})}. 
W 03-17 21:35:20 cloud_vm_ray_backend.py:2097] 
W 03-17 21:35:20 cloud_vm_ray_backend.py:2097] [0m[33m↺[0m Trying other potential resources.
<sky-payload>"<rich_update>[bold cyan]Looking for resources[/]  \u001b[2mView logs: sky api logs -l sky-2025-03-17-21-21-00-722346/provision.log\u001b[0m</rich_update>"</sky-payload>
<sky-payload>"<rich_update>[bold cyan]Optimizing[/]</rich_update>"</sky-payload>
<sky-payload>"<rich_start>[bold cyan]Launching[/]</rich_start>"</sky-payload>
I 03-17 21:35:20 optimizer.py:736] [1mTarget:[0m minimizing cost
I 03-17 21:35:20 optimizer.py:749] [1mEstimated cost: [0m$0.3 / hour
I 03-17 21:35:20 optimizer.py:749] 
I 03-17 21:35:20 optimizer.py:884] Considered resources (1 node):
I 03-17 21:35:20 optimizer.py:952] --------------------------------------------------------------------------------------------------
I 03-17 21:35:20 optimizer.py:952]  CLOUD   INSTANCE          vCPUs   Mem(GB)   ACCELERATORS   REGION/ZONE       COST ($)   CHOSEN   
I 03-17 21:35:20 optimizer.py:952] --------------------------------------------------------------------------------------------------
I 03-17 21:35:20 optimizer.py:952]  AWS     g6.xlarge[Spot]   4       16        L4:1           ap-northeast-2d   0.25       [32m   ✔[0m     
I 03-17 21:35:20 optimizer.py:952]  AWS     g6.xlarge         4       16        L4:1           us-east-1         0.80                
I 03-17 21:35:20 optimizer.py:952] --------------------------------------------------------------------------------------------------
<sky-payload>"<rich_update>[bold cyan]Looking for resources[/]  \u001b[2mView logs: sky api logs -l sky-2025-03-17-21-21-00-722346/provision.log\u001b[0m</rich_update>"</sky-payload>
<sky-payload>"<rich_update>[bold cyan]Launching[/]  \u001b[2mView logs: sky api logs -l sky-2025-03-17-21-21-00-722346/provision.log\u001b[0m</rich_update>"</sky-payload>
I 03-17 21:35:20 cloud_vm_ray_backend.py:1520] [0m⚙︎ Launching on AWS ap-northeast-2[0m (ap-northeast-2d).
[2mW 03-17 21:36:30 instance.py:243] create_instances: Attempt failed with An error occurred (InsufficientInstanceCapacity) when calling the RunInstances operation (reached max retries: 0): There is no Spot capacity available that matches your request.[0m
W 03-17 21:36:32 cloud_vm_ray_backend.py:2061] sky.exceptions.ResourcesUnavailableError: Failed to acquire resources in ap-northeast-2d for {AWS(cpus=4, {'L4': 1}), AWS([Spot], cpus=4, {'L4': 1})}. 
W 03-17 21:36:32 cloud_vm_ray_backend.py:2097] 
W 03-17 21:36:32 cloud_vm_ray_backend.py:2097] [0m[33m↺[0m Trying other potential resources.
<sky-payload>"<rich_update>[bold cyan]Looking for resources[/]  \u001b[2mView logs: sky api logs -l sky-2025-03-17-21-21-00-722346/provision.log\u001b[0m</rich_update>"</sky-payload>
<sky-payload>"<rich_update>[bold cyan]Optimizing[/]</rich_update>"</sky-payload>
<sky-payload>"<rich_start>[bold cyan]Launching[/]</rich_start>"</sky-payload>
I 03-17 21:36:32 optimizer.py:736] [1mTarget:[0m minimizing cost
I 03-17 21:36:32 optimizer.py:749] [1mEstimated cost: [0m$0.3 / hour
I 03-17 21:36:32 optimizer.py:749] 
I 03-17 21:36:32 optimizer.py:884] Considered resources (1 node):
I 03-17 21:36:32 optimizer.py:952] --------------------------------------------------------------------------------------------------
I 03-17 21:36:32 optimizer.py:952]  CLOUD   INSTANCE          vCPUs   Mem(GB)   ACCELERATORS   REGION/ZONE       COST ($)   CHOSEN   
I 03-17 21:36:32 optimizer.py:952] --------------------------------------------------------------------------------------------------
I 03-17 21:36:32 optimizer.py:952]  AWS     g6.xlarge[Spot]   4       16        L4:1           ap-northeast-2a   0.27       [32m   ✔[0m     
I 03-17 21:36:32 optimizer.py:952]  AWS     g6.xlarge         4       16        L4:1           us-east-1         0.80                
I 03-17 21:36:32 optimizer.py:952] --------------------------------------------------------------------------------------------------
<sky-payload>"<rich_update>[bold cyan]Looking for resources[/]  \u001b[2mView logs: sky api logs -l sky-2025-03-17-21-21-00-722346/provision.log\u001b[0m</rich_update>"</sky-payload>
<sky-payload>"<rich_update>[bold cyan]Launching[/]  \u001b[2mView logs: sky api logs -l sky-2025-03-17-21-21-00-722346/provision.log\u001b[0m</rich_update>"</sky-payload>
I 03-17 21:36:32 cloud_vm_ray_backend.py:1520] [0m⚙︎ Launching on AWS ap-northeast-2[0m (ap-northeast-2a).
[2mW 03-17 21:42:50 instance.py:243] create_instances: Attempt failed with An error occurred (InsufficientInstanceCapacity) when calling the RunInstances operation (reached max retries: 0): There is no Spot capacity available that matches your request.[0m
W 03-17 21:42:51 cloud_vm_ray_backend.py:2061] sky.exceptions.ResourcesUnavailableError: Failed to acquire resources in ap-northeast-2a for {AWS(cpus=4, {'L4': 1}), AWS([Spot], cpus=4, {'L4': 1})}. 
W 03-17 21:42:51 cloud_vm_ray_backend.py:2097] 
W 03-17 21:42:51 cloud_vm_ray_backend.py:2097] [0m[33m↺[0m Trying other potential resources.
<sky-payload>"<rich_update>[bold cyan]Looking for resources[/]  \u001b[2mView logs: sky api logs -l sky-2025-03-17-21-21-00-722346/provision.log\u001b[0m</rich_update>"</sky-payload>
<sky-payload>"<rich_update>[bold cyan]Optimizing[/]</rich_update>"</sky-payload>
<sky-payload>"<rich_start>[bold cyan]Launching[/]</rich_start>"</sky-payload>
I 03-17 21:42:51 optimizer.py:736] [1mTarget:[0m minimizing cost
I 03-17 21:42:51 optimizer.py:749] [1mEstimated cost: [0m$0.3 / hour
I 03-17 21:42:51 optimizer.py:749] 
I 03-17 21:42:51 optimizer.py:884] Considered resources (1 node):
I 03-17 21:42:51 optimizer.py:952] ----------------------------------------------------------------------------------------------
I 03-17 21:42:51 optimizer.py:952]  CLOUD   INSTANCE          vCPUs   Mem(GB)   ACCELERATORS   REGION/ZONE   COST ($)   CHOSEN   
I 03-17 21:42:51 optimizer.py:952] ----------------------------------------------------------------------------------------------
I 03-17 21:42:51 optimizer.py:952]  AWS     g6.xlarge[Spot]   4       16        L4:1           us-east-1b    0.30       [32m   ✔[0m     
I 03-17 21:42:51 optimizer.py:952]  AWS     g6.xlarge         4       16        L4:1           us-east-1     0.80                
I 03-17 21:42:51 optimizer.py:952] ----------------------------------------------------------------------------------------------
<sky-payload>"<rich_update>[bold cyan]Looking for resources[/]  \u001b[2mView logs: sky api logs -l sky-2025-03-17-21-21-00-722346/provision.log\u001b[0m</rich_update>"</sky-payload>
<sky-payload>"<rich_update>[bold cyan]Launching[/]  \u001b[2mView logs: sky api logs -l sky-2025-03-17-21-21-00-722346/provision.log\u001b[0m</rich_update>"</sky-payload>
I 03-17 21:42:51 cloud_vm_ray_backend.py:1520] [0m⚙︎ Launching on AWS us-east-1[0m (us-east-1b).
[2mW 03-17 21:42:57 instance.py:243] create_instances: Attempt failed with An error occurred (InsufficientInstanceCapacity) when calling the RunInstances operation (reached max retries: 0): We currently do not have sufficient g6.xlarge capacity in the Availability Zone you requested (us-east-1b). Our system will be working on provisioning additional capacity. You can currently get g6.xlarge capacity by not specifying an Availability Zone in your request or choosing us-east-1a, us-east-1c, us-east-1d.[0m
W 03-17 21:42:58 cloud_vm_ray_backend.py:2061] sky.exceptions.ResourcesUnavailableError: Failed to acquire resources in us-east-1b for {AWS(cpus=4, {'L4': 1}), AWS([Spot], cpus=4, {'L4': 1})}. 
W 03-17 21:42:58 cloud_vm_ray_backend.py:2097] 
W 03-17 21:42:58 cloud_vm_ray_backend.py:2097] [0m[33m↺[0m Trying other potential resources.
<sky-payload>"<rich_update>[bold cyan]Looking for resources[/]  \u001b[2mView logs: sky api logs -l sky-2025-03-17-21-21-00-722346/provision.log\u001b[0m</rich_update>"</sky-payload>
<sky-payload>"<rich_update>[bold cyan]Optimizing[/]</rich_update>"</sky-payload>
<sky-payload>"<rich_start>[bold cyan]Launching[/]</rich_start>"</sky-payload>
I 03-17 21:42:58 optimizer.py:736] [1mTarget:[0m minimizing cost
I 03-17 21:42:58 optimizer.py:749] [1mEstimated cost: [0m$0.3 / hour
I 03-17 21:42:58 optimizer.py:749] 
I 03-17 21:42:58 optimizer.py:884] Considered resources (1 node):
I 03-17 21:42:58 optimizer.py:952] ----------------------------------------------------------------------------------------------
I 03-17 21:42:58 optimizer.py:952]  CLOUD   INSTANCE          vCPUs   Mem(GB)   ACCELERATORS   REGION/ZONE   COST ($)   CHOSEN   
I 03-17 21:42:58 optimizer.py:952] ----------------------------------------------------------------------------------------------
I 03-17 21:42:58 optimizer.py:952]  AWS     g6.xlarge[Spot]   4       16        L4:1           us-east-2c    0.31       [32m   ✔[0m     
I 03-17 21:42:58 optimizer.py:952]  AWS     g6.xlarge         4       16        L4:1           us-east-1     0.80                
I 03-17 21:42:58 optimizer.py:952] ----------------------------------------------------------------------------------------------
<sky-payload>"<rich_update>[bold cyan]Looking for resources[/]  \u001b[2mView logs: sky api logs -l sky-2025-03-17-21-21-00-722346/provision.log\u001b[0m</rich_update>"</sky-payload>
<sky-payload>"<rich_update>[bold cyan]Launching[/]  \u001b[2mView logs: sky api logs -l sky-2025-03-17-21-21-00-722346/provision.log\u001b[0m</rich_update>"</sky-payload>
I 03-17 21:42:58 cloud_vm_ray_backend.py:1520] [0m⚙︎ Launching on AWS us-east-2[0m (us-east-2c).
[2mW 03-17 21:43:05 instance.py:243] create_instances: Attempt failed with An error occurred (InsufficientInstanceCapacity) when calling the RunInstances operation (reached max retries: 0): We currently do not have sufficient g6.xlarge capacity in the Availability Zone you requested (us-east-2c). Our system will be working on provisioning additional capacity. You can currently get g6.xlarge capacity by not specifying an Availability Zone in your request or choosing us-east-2a, us-east-2b.[0m
W 03-17 21:43:06 cloud_vm_ray_backend.py:2061] sky.exceptions.ResourcesUnavailableError: Failed to acquire resources in us-east-2c for {AWS(cpus=4, {'L4': 1}), AWS([Spot], cpus=4, {'L4': 1})}. 
W 03-17 21:43:06 cloud_vm_ray_backend.py:2097] 
W 03-17 21:43:06 cloud_vm_ray_backend.py:2097] [0m[33m↺[0m Trying other potential resources.
<sky-payload>"<rich_update>[bold cyan]Looking for resources[/]  \u001b[2mView logs: sky api logs -l sky-2025-03-17-21-21-00-722346/provision.log\u001b[0m</rich_update>"</sky-payload>
<sky-payload>"<rich_update>[bold cyan]Optimizing[/]</rich_update>"</sky-payload>
<sky-payload>"<rich_start>[bold cyan]Launching[/]</rich_start>"</sky-payload>
I 03-17 21:43:06 optimizer.py:736] [1mTarget:[0m minimizing cost
I 03-17 21:43:06 optimizer.py:749] [1mEstimated cost: [0m$0.3 / hour
I 03-17 21:43:06 optimizer.py:749] 
I 03-17 21:43:06 optimizer.py:884] Considered resources (1 node):
I 03-17 21:43:06 optimizer.py:952] ----------------------------------------------------------------------------------------------
I 03-17 21:43:06 optimizer.py:952]  CLOUD   INSTANCE          vCPUs   Mem(GB)   ACCELERATORS   REGION/ZONE   COST ($)   CHOSEN   
I 03-17 21:43:06 optimizer.py:952] ----------------------------------------------------------------------------------------------
I 03-17 21:43:06 optimizer.py:952]  AWS     g6.xlarge[Spot]   4       16        L4:1           us-east-2b    0.32       [32m   ✔[0m     
I 03-17 21:43:06 optimizer.py:952]  AWS     g6.xlarge         4       16        L4:1           us-east-1     0.80                
I 03-17 21:43:06 optimizer.py:952] ----------------------------------------------------------------------------------------------
<sky-payload>"<rich_update>[bold cyan]Looking for resources[/]  \u001b[2mView logs: sky api logs -l sky-2025-03-17-21-21-00-722346/provision.log\u001b[0m</rich_update>"</sky-payload>
<sky-payload>"<rich_update>[bold cyan]Launching[/]  \u001b[2mView logs: sky api logs -l sky-2025-03-17-21-21-00-722346/provision.log\u001b[0m</rich_update>"</sky-payload>
I 03-17 21:43:06 cloud_vm_ray_backend.py:1520] [0m⚙︎ Launching on AWS us-east-2[0m (us-east-2b).
[2mW 03-17 21:43:13 instance.py:243] create_instances: Attempt failed with An error occurred (MaxSpotInstanceCountExceeded) when calling the RunInstances operation: Max spot instance count exceeded[0m
W 03-17 21:43:13 cloud_vm_ray_backend.py:2061] sky.exceptions.ResourcesUnavailableError: Failed to acquire resources in us-east-2b for {AWS(cpus=4, {'L4': 1}), AWS([Spot], cpus=4, {'L4': 1})}. 
W 03-17 21:43:13 cloud_vm_ray_backend.py:2097] 
W 03-17 21:43:13 cloud_vm_ray_backend.py:2097] [0m[33m↺[0m Trying other potential resources.
<sky-payload>"<rich_update>[bold cyan]Looking for resources[/]  \u001b[2mView logs: sky api logs -l sky-2025-03-17-21-21-00-722346/provision.log\u001b[0m</rich_update>"</sky-payload>
<sky-payload>"<rich_update>[bold cyan]Optimizing[/]</rich_update>"</sky-payload>
<sky-payload>"<rich_start>[bold cyan]Launching[/]</rich_start>"</sky-payload>
I 03-17 21:43:14 optimizer.py:736] [1mTarget:[0m minimizing cost
I 03-17 21:43:14 optimizer.py:749] [1mEstimated cost: [0m$0.3 / hour
I 03-17 21:43:14 optimizer.py:749] 
I 03-17 21:43:14 optimizer.py:884] Considered resources (1 node):
I 03-17 21:43:14 optimizer.py:952] ------------------------------------------------------------------------------------------------
I 03-17 21:43:14 optimizer.py:952]  CLOUD   INSTANCE          vCPUs   Mem(GB)   ACCELERATORS   REGION/ZONE     COST ($)   CHOSEN   
I 03-17 21:43:14 optimizer.py:952] ------------------------------------------------------------------------------------------------
I 03-17 21:43:14 optimizer.py:952]  AWS     g6.xlarge[Spot]   4       16        L4:1           ca-central-1a   0.33       [32m   ✔[0m     
I 03-17 21:43:14 optimizer.py:952]  AWS     g6.xlarge         4       16        L4:1           us-east-1       0.80                
I 03-17 21:43:14 optimizer.py:952] ------------------------------------------------------------------------------------------------
<sky-payload>"<rich_update>[bold cyan]Looking for resources[/]  \u001b[2mView logs: sky api logs -l sky-2025-03-17-21-21-00-722346/provision.log\u001b[0m</rich_update>"</sky-payload>
<sky-payload>"<rich_update>[bold cyan]Launching[/]  \u001b[2mView logs: sky api logs -l sky-2025-03-17-21-21-00-722346/provision.log\u001b[0m</rich_update>"</sky-payload>
I 03-17 21:43:14 cloud_vm_ray_backend.py:1520] [0m⚙︎ Launching on AWS ca-central-1[0m (ca-central-1a).
[2mW 03-17 21:43:19 instance.py:243] create_instances: Attempt failed with An error occurred (MaxSpotInstanceCountExceeded) when calling the RunInstances operation: Max spot instance count exceeded[0m
W 03-17 21:43:19 cloud_vm_ray_backend.py:2061] sky.exceptions.ResourcesUnavailableError: Failed to acquire resources in ca-central-1a for {AWS(cpus=4, {'L4': 1}), AWS([Spot], cpus=4, {'L4': 1})}. 
W 03-17 21:43:19 cloud_vm_ray_backend.py:2097] 
W 03-17 21:43:19 cloud_vm_ray_backend.py:2097] [0m[33m↺[0m Trying other potential resources.
<sky-payload>"<rich_update>[bold cyan]Looking for resources[/]  \u001b[2mView logs: sky api logs -l sky-2025-03-17-21-21-00-722346/provision.log\u001b[0m</rich_update>"</sky-payload>
<sky-payload>"<rich_update>[bold cyan]Optimizing[/]</rich_update>"</sky-payload>
<sky-payload>"<rich_start>[bold cyan]Launching[/]</rich_start>"</sky-payload>
I 03-17 21:43:20 optimizer.py:736] [1mTarget:[0m minimizing cost
I 03-17 21:43:20 optimizer.py:749] [1mEstimated cost: [0m$0.3 / hour
I 03-17 21:43:20 optimizer.py:749] 
I 03-17 21:43:20 optimizer.py:884] Considered resources (1 node):
I 03-17 21:43:20 optimizer.py:952] ----------------------------------------------------------------------------------------------
I 03-17 21:43:20 optimizer.py:952]  CLOUD   INSTANCE          vCPUs   Mem(GB)   ACCELERATORS   REGION/ZONE   COST ($)   CHOSEN   
I 03-17 21:43:20 optimizer.py:952] ----------------------------------------------------------------------------------------------
I 03-17 21:43:20 optimizer.py:952]  AWS     g6.xlarge[Spot]   4       16        L4:1           us-east-1c    0.34       [32m   ✔[0m     
I 03-17 21:43:20 optimizer.py:952]  AWS     g6.xlarge         4       16        L4:1           us-east-1     0.80                
I 03-17 21:43:20 optimizer.py:952] ----------------------------------------------------------------------------------------------
<sky-payload>"<rich_update>[bold cyan]Looking for resources[/]  \u001b[2mView logs: sky api logs -l sky-2025-03-17-21-21-00-722346/provision.log\u001b[0m</rich_update>"</sky-payload>
<sky-payload>"<rich_update>[bold cyan]Launching[/]  \u001b[2mView logs: sky api logs -l sky-2025-03-17-21-21-00-722346/provision.log\u001b[0m</rich_update>"</sky-payload>
I 03-17 21:43:20 cloud_vm_ray_backend.py:1520] [0m⚙︎ Launching on AWS us-east-1[0m (us-east-1c).
[2mE 03-17 21:43:21 config.py:46] SKYPILOT_ERROR_NO_NODES_LAUNCHED: No usable subnets matching availability zone ['us-east-1c'] found. Choose a different availability zone or try manually creating an instance in your specified region to populate the list of subnets and trying this again. If you have set `use_internal_ips`, check that this zone has a subnet that (1) has the substring 'private' in its name tag and (2) does not assign public IPs (`map_public_ip_on_launch` is False).[0m
W 03-17 21:43:21 cloud_vm_ray_backend.py:2061] sky.exceptions.ResourcesUnavailableError: Failed to acquire resources in us-east-1c for {AWS(cpus=4, {'L4': 1}), AWS([Spot], cpus=4, {'L4': 1})}. 
W 03-17 21:43:21 cloud_vm_ray_backend.py:2097] 
W 03-17 21:43:21 cloud_vm_ray_backend.py:2097] [0m[33m↺[0m Trying other potential resources.
<sky-payload>"<rich_update>[bold cyan]Looking for resources[/]  \u001b[2mView logs: sky api logs -l sky-2025-03-17-21-21-00-722346/provision.log\u001b[0m</rich_update>"</sky-payload>
<sky-payload>"<rich_update>[bold cyan]Optimizing[/]</rich_update>"</sky-payload>
<sky-payload>"<rich_start>[bold cyan]Launching[/]</rich_start>"</sky-payload>
I 03-17 21:43:22 optimizer.py:736] [1mTarget:[0m minimizing cost
I 03-17 21:43:22 optimizer.py:749] [1mEstimated cost: [0m$0.3 / hour
I 03-17 21:43:22 optimizer.py:749] 
I 03-17 21:43:22 optimizer.py:884] Considered resources (1 node):
I 03-17 21:43:22 optimizer.py:952] ------------------------------------------------------------------------------------------------
I 03-17 21:43:22 optimizer.py:952]  CLOUD   INSTANCE          vCPUs   Mem(GB)   ACCELERATORS   REGION/ZONE     COST ($)   CHOSEN   
I 03-17 21:43:22 optimizer.py:952] ------------------------------------------------------------------------------------------------
I 03-17 21:43:22 optimizer.py:952]  AWS     g6.xlarge[Spot]   4       16        L4:1           ca-central-1b   0.34       [32m   ✔[0m     
I 03-17 21:43:22 optimizer.py:952]  AWS     g6.xlarge         4       16        L4:1           us-east-1       0.80                
I 03-17 21:43:22 optimizer.py:952] ------------------------------------------------------------------------------------------------
<sky-payload>"<rich_update>[bold cyan]Looking for resources[/]  \u001b[2mView logs: sky api logs -l sky-2025-03-17-21-21-00-722346/provision.log\u001b[0m</rich_update>"</sky-payload>
<sky-payload>"<rich_update>[bold cyan]Launching[/]  \u001b[2mView logs: sky api logs -l sky-2025-03-17-21-21-00-722346/provision.log\u001b[0m</rich_update>"</sky-payload>
I 03-17 21:43:22 cloud_vm_ray_backend.py:1520] [0m⚙︎ Launching on AWS ca-central-1[0m (ca-central-1b).
[2mW 03-17 21:43:27 instance.py:243] create_instances: Attempt failed with An error occurred (MaxSpotInstanceCountExceeded) when calling the RunInstances operation: Max spot instance count exceeded[0m
W 03-17 21:43:27 cloud_vm_ray_backend.py:2061] sky.exceptions.ResourcesUnavailableError: Failed to acquire resources in ca-central-1b for {AWS(cpus=4, {'L4': 1}), AWS([Spot], cpus=4, {'L4': 1})}. 
W 03-17 21:43:27 cloud_vm_ray_backend.py:2097] 
W 03-17 21:43:27 cloud_vm_ray_backend.py:2097] [0m[33m↺[0m Trying other potential resources.
<sky-payload>"<rich_update>[bold cyan]Looking for resources[/]  \u001b[2mView logs: sky api logs -l sky-2025-03-17-21-21-00-722346/provision.log\u001b[0m</rich_update>"</sky-payload>
<sky-payload>"<rich_update>[bold cyan]Optimizing[/]</rich_update>"</sky-payload>
<sky-payload>"<rich_start>[bold cyan]Launching[/]</rich_start>"</sky-payload>
I 03-17 21:43:28 optimizer.py:736] [1mTarget:[0m minimizing cost
I 03-17 21:43:28 optimizer.py:749] [1mEstimated cost: [0m$0.3 / hour
I 03-17 21:43:28 optimizer.py:749] 
I 03-17 21:43:28 optimizer.py:884] Considered resources (1 node):
I 03-17 21:43:28 optimizer.py:952] ----------------------------------------------------------------------------------------------
I 03-17 21:43:28 optimizer.py:952]  CLOUD   INSTANCE          vCPUs   Mem(GB)   ACCELERATORS   REGION/ZONE   COST ($)   CHOSEN   
I 03-17 21:43:28 optimizer.py:952] ----------------------------------------------------------------------------------------------
I 03-17 21:43:28 optimizer.py:952]  AWS     g6.xlarge[Spot]   4       16        L4:1           eu-west-2a    0.34       [32m   ✔[0m     
I 03-17 21:43:28 optimizer.py:952]  AWS     g6.xlarge         4       16        L4:1           us-east-1     0.80                
I 03-17 21:43:28 optimizer.py:952] ----------------------------------------------------------------------------------------------
<sky-payload>"<rich_update>[bold cyan]Looking for resources[/]  \u001b[2mView logs: sky api logs -l sky-2025-03-17-21-21-00-722346/provision.log\u001b[0m</rich_update>"</sky-payload>
<sky-payload>"<rich_update>[bold cyan]Launching[/]  \u001b[2mView logs: sky api logs -l sky-2025-03-17-21-21-00-722346/provision.log\u001b[0m</rich_update>"</sky-payload>
I 03-17 21:43:28 cloud_vm_ray_backend.py:1520] [0m⚙︎ Launching on AWS eu-west-2[0m (eu-west-2a).
[2mW 03-17 21:43:35 instance.py:243] create_instances: Attempt failed with An error occurred (MaxSpotInstanceCountExceeded) when calling the RunInstances operation: Max spot instance count exceeded[0m
W 03-17 21:43:36 cloud_vm_ray_backend.py:2061] sky.exceptions.ResourcesUnavailableError: Failed to acquire resources in eu-west-2a for {AWS(cpus=4, {'L4': 1}), AWS([Spot], cpus=4, {'L4': 1})}. 
W 03-17 21:43:36 cloud_vm_ray_backend.py:2097] 
W 03-17 21:43:36 cloud_vm_ray_backend.py:2097] [0m[33m↺[0m Trying other potential resources.
<sky-payload>"<rich_update>[bold cyan]Looking for resources[/]  \u001b[2mView logs: sky api logs -l sky-2025-03-17-21-21-00-722346/provision.log\u001b[0m</rich_update>"</sky-payload>
<sky-payload>"<rich_update>[bold cyan]Optimizing[/]</rich_update>"</sky-payload>
<sky-payload>"<rich_start>[bold cyan]Launching[/]</rich_start>"</sky-payload>
I 03-17 21:43:36 optimizer.py:736] [1mTarget:[0m minimizing cost
I 03-17 21:43:36 optimizer.py:749] [1mEstimated cost: [0m$0.3 / hour
I 03-17 21:43:36 optimizer.py:749] 
I 03-17 21:43:36 optimizer.py:884] Considered resources (1 node):
I 03-17 21:43:36 optimizer.py:952] ----------------------------------------------------------------------------------------------
I 03-17 21:43:36 optimizer.py:952]  CLOUD   INSTANCE          vCPUs   Mem(GB)   ACCELERATORS   REGION/ZONE   COST ($)   CHOSEN   
I 03-17 21:43:36 optimizer.py:952] ----------------------------------------------------------------------------------------------
I 03-17 21:43:36 optimizer.py:952]  AWS     g6.xlarge[Spot]   4       16        L4:1           eu-west-3c    0.35       [32m   ✔[0m     
I 03-17 21:43:36 optimizer.py:952]  AWS     g6.xlarge         4       16        L4:1           us-east-1     0.80                
I 03-17 21:43:36 optimizer.py:952] ----------------------------------------------------------------------------------------------
<sky-payload>"<rich_update>[bold cyan]Looking for resources[/]  \u001b[2mView logs: sky api logs -l sky-2025-03-17-21-21-00-722346/provision.log\u001b[0m</rich_update>"</sky-payload>
<sky-payload>"<rich_update>[bold cyan]Launching[/]  \u001b[2mView logs: sky api logs -l sky-2025-03-17-21-21-00-722346/provision.log\u001b[0m</rich_update>"</sky-payload>
I 03-17 21:43:36 cloud_vm_ray_backend.py:1520] [0m⚙︎ Launching on AWS eu-west-3[0m (eu-west-3c).
[2mW 03-17 21:43:44 instance.py:243] create_instances: Attempt failed with An error occurred (InsufficientInstanceCapacity) when calling the RunInstances operation (reached max retries: 0): There is no Spot capacity available that matches your request.[0m
W 03-17 21:43:45 cloud_vm_ray_backend.py:2061] sky.exceptions.ResourcesUnavailableError: Failed to acquire resources in eu-west-3c for {AWS(cpus=4, {'L4': 1}), AWS([Spot], cpus=4, {'L4': 1})}. 
W 03-17 21:43:45 cloud_vm_ray_backend.py:2097] 
W 03-17 21:43:45 cloud_vm_ray_backend.py:2097] [0m[33m↺[0m Trying other potential resources.
<sky-payload>"<rich_update>[bold cyan]Looking for resources[/]  \u001b[2mView logs: sky api logs -l sky-2025-03-17-21-21-00-722346/provision.log\u001b[0m</rich_update>"</sky-payload>
<sky-payload>"<rich_update>[bold cyan]Optimizing[/]</rich_update>"</sky-payload>
<sky-payload>"<rich_start>[bold cyan]Launching[/]</rich_start>"</sky-payload>
I 03-17 21:43:45 optimizer.py:736] [1mTarget:[0m minimizing cost
I 03-17 21:43:45 optimizer.py:749] [1mEstimated cost: [0m$0.4 / hour
I 03-17 21:43:45 optimizer.py:749] 
I 03-17 21:43:45 optimizer.py:884] Considered resources (1 node):
I 03-17 21:43:45 optimizer.py:952] ----------------------------------------------------------------------------------------------
I 03-17 21:43:45 optimizer.py:952]  CLOUD   INSTANCE          vCPUs   Mem(GB)   ACCELERATORS   REGION/ZONE   COST ($)   CHOSEN   
I 03-17 21:43:45 optimizer.py:952] ----------------------------------------------------------------------------------------------
I 03-17 21:43:45 optimizer.py:952]  AWS     g6.xlarge[Spot]   4       16        L4:1           eu-north-1a   0.35       [32m   ✔[0m     
I 03-17 21:43:45 optimizer.py:952]  AWS     g6.xlarge         4       16        L4:1           us-east-1     0.80                
I 03-17 21:43:45 optimizer.py:952] ----------------------------------------------------------------------------------------------
<sky-payload>"<rich_update>[bold cyan]Looking for resources[/]  \u001b[2mView logs: sky api logs -l sky-2025-03-17-21-21-00-722346/provision.log\u001b[0m</rich_update>"</sky-payload>
<sky-payload>"<rich_update>[bold cyan]Launching[/]  \u001b[2mView logs: sky api logs -l sky-2025-03-17-21-21-00-722346/provision.log\u001b[0m</rich_update>"</sky-payload>
I 03-17 21:43:45 cloud_vm_ray_backend.py:1520] [0m⚙︎ Launching on AWS eu-north-1[0m (eu-north-1a).
[2mW 03-17 21:43:57 instance.py:243] create_instances: Attempt failed with An error occurred (InsufficientInstanceCapacity) when calling the RunInstances operation (reached max retries: 0): There is no Spot capacity available that matches your request.[0m
W 03-17 21:43:58 cloud_vm_ray_backend.py:2061] sky.exceptions.ResourcesUnavailableError: Failed to acquire resources in eu-north-1a for {AWS(cpus=4, {'L4': 1}), AWS([Spot], cpus=4, {'L4': 1})}. 
W 03-17 21:43:58 cloud_vm_ray_backend.py:2097] 
W 03-17 21:43:58 cloud_vm_ray_backend.py:2097] [0m[33m↺[0m Trying other potential resources.
<sky-payload>"<rich_update>[bold cyan]Looking for resources[/]  \u001b[2mView logs: sky api logs -l sky-2025-03-17-21-21-00-722346/provision.log\u001b[0m</rich_update>"</sky-payload>
<sky-payload>"<rich_update>[bold cyan]Optimizing[/]</rich_update>"</sky-payload>
<sky-payload>"<rich_start>[bold cyan]Launching[/]</rich_start>"</sky-payload>
I 03-17 21:43:58 optimizer.py:736] [1mTarget:[0m minimizing cost
I 03-17 21:43:58 optimizer.py:749] [1mEstimated cost: [0m$0.4 / hour
I 03-17 21:43:58 optimizer.py:749] 
I 03-17 21:43:58 optimizer.py:884] Considered resources (1 node):
I 03-17 21:43:58 optimizer.py:952] ----------------------------------------------------------------------------------------------
I 03-17 21:43:58 optimizer.py:952]  CLOUD   INSTANCE          vCPUs   Mem(GB)   ACCELERATORS   REGION/ZONE   COST ($)   CHOSEN   
I 03-17 21:43:58 optimizer.py:952] ----------------------------------------------------------------------------------------------
I 03-17 21:43:58 optimizer.py:952]  AWS     g6.xlarge[Spot]   4       16        L4:1           eu-west-2b    0.36       [32m   ✔[0m     
I 03-17 21:43:58 optimizer.py:952]  AWS     g6.xlarge         4       16        L4:1           us-east-1     0.80                
I 03-17 21:43:58 optimizer.py:952] ----------------------------------------------------------------------------------------------
<sky-payload>"<rich_update>[bold cyan]Looking for resources[/]  \u001b[2mView logs: sky api logs -l sky-2025-03-17-21-21-00-722346/provision.log\u001b[0m</rich_update>"</sky-payload>
<sky-payload>"<rich_update>[bold cyan]Launching[/]  \u001b[2mView logs: sky api logs -l sky-2025-03-17-21-21-00-722346/provision.log\u001b[0m</rich_update>"</sky-payload>
I 03-17 21:43:58 cloud_vm_ray_backend.py:1520] [0m⚙︎ Launching on AWS eu-west-2[0m (eu-west-2b).
[2mW 03-17 21:44:06 instance.py:243] create_instances: Attempt failed with An error occurred (MaxSpotInstanceCountExceeded) when calling the RunInstances operation: Max spot instance count exceeded[0m
W 03-17 21:44:06 cloud_vm_ray_backend.py:2061] sky.exceptions.ResourcesUnavailableError: Failed to acquire resources in eu-west-2b for {AWS(cpus=4, {'L4': 1}), AWS([Spot], cpus=4, {'L4': 1})}. 
W 03-17 21:44:06 cloud_vm_ray_backend.py:2097] 
W 03-17 21:44:06 cloud_vm_ray_backend.py:2097] [0m[33m↺[0m Trying other potential resources.
<sky-payload>"<rich_update>[bold cyan]Looking for resources[/]  \u001b[2mView logs: sky api logs -l sky-2025-03-17-21-21-00-722346/provision.log\u001b[0m</rich_update>"</sky-payload>
<sky-payload>"<rich_update>[bold cyan]Optimizing[/]</rich_update>"</sky-payload>
<sky-payload>"<rich_start>[bold cyan]Launching[/]</rich_start>"</sky-payload>
I 03-17 21:44:07 optimizer.py:736] [1mTarget:[0m minimizing cost
I 03-17 21:44:07 optimizer.py:749] [1mEstimated cost: [0m$0.4 / hour
I 03-17 21:44:07 optimizer.py:749] 
I 03-17 21:44:07 optimizer.py:884] Considered resources (1 node):
I 03-17 21:44:07 optimizer.py:952] --------------------------------------------------------------------------------------------------
I 03-17 21:44:07 optimizer.py:952]  CLOUD   INSTANCE          vCPUs   Mem(GB)   ACCELERATORS   REGION/ZONE       COST ($)   CHOSEN   
I 03-17 21:44:07 optimizer.py:952] --------------------------------------------------------------------------------------------------
I 03-17 21:44:07 optimizer.py:952]  AWS     g6.xlarge[Spot]   4       16        L4:1           ap-southeast-2c   0.36       [32m   ✔[0m     
I 03-17 21:44:07 optimizer.py:952]  AWS     g6.xlarge         4       16        L4:1           us-east-1         0.80                
I 03-17 21:44:07 optimizer.py:952] --------------------------------------------------------------------------------------------------
<sky-payload>"<rich_update>[bold cyan]Looking for resources[/]  \u001b[2mView logs: sky api logs -l sky-2025-03-17-21-21-00-722346/provision.log\u001b[0m</rich_update>"</sky-payload>
<sky-payload>"<rich_update>[bold cyan]Launching[/]  \u001b[2mView logs: sky api logs -l sky-2025-03-17-21-21-00-722346/provision.log\u001b[0m</rich_update>"</sky-payload>
I 03-17 21:44:07 cloud_vm_ray_backend.py:1520] [0m⚙︎ Launching on AWS ap-southeast-2[0m (ap-southeast-2c).
[2mW 03-17 21:44:19 instance.py:243] create_instances: Attempt failed with An error occurred (InsufficientInstanceCapacity) when calling the RunInstances operation (reached max retries: 0): There is no Spot capacity available that matches your request.[0m
W 03-17 21:44:20 cloud_vm_ray_backend.py:2061] sky.exceptions.ResourcesUnavailableError: Failed to acquire resources in ap-southeast-2c for {AWS(cpus=4, {'L4': 1}), AWS([Spot], cpus=4, {'L4': 1})}. 
W 03-17 21:44:20 cloud_vm_ray_backend.py:2097] 
W 03-17 21:44:20 cloud_vm_ray_backend.py:2097] [0m[33m↺[0m Trying other potential resources.
<sky-payload>"<rich_update>[bold cyan]Looking for resources[/]  \u001b[2mView logs: sky api logs -l sky-2025-03-17-21-21-00-722346/provision.log\u001b[0m</rich_update>"</sky-payload>
<sky-payload>"<rich_update>[bold cyan]Optimizing[/]</rich_update>"</sky-payload>
<sky-payload>"<rich_start>[bold cyan]Launching[/]</rich_start>"</sky-payload>
I 03-17 21:44:20 optimizer.py:736] [1mTarget:[0m minimizing cost
I 03-17 21:44:20 optimizer.py:749] [1mEstimated cost: [0m$0.4 / hour
I 03-17 21:44:20 optimizer.py:749] 
I 03-17 21:44:20 optimizer.py:884] Considered resources (1 node):
I 03-17 21:44:20 optimizer.py:952] ----------------------------------------------------------------------------------------------
I 03-17 21:44:20 optimizer.py:952]  CLOUD   INSTANCE          vCPUs   Mem(GB)   ACCELERATORS   REGION/ZONE   COST ($)   CHOSEN   
I 03-17 21:44:20 optimizer.py:952] ----------------------------------------------------------------------------------------------
I 03-17 21:44:20 optimizer.py:952]  AWS     g6.xlarge[Spot]   4       16        L4:1           us-east-1d    0.37       [32m   ✔[0m     
I 03-17 21:44:20 optimizer.py:952]  AWS     g6.xlarge         4       16        L4:1           us-east-1     0.80                
I 03-17 21:44:20 optimizer.py:952] ----------------------------------------------------------------------------------------------
<sky-payload>"<rich_update>[bold cyan]Looking for resources[/]  \u001b[2mView logs: sky api logs -l sky-2025-03-17-21-21-00-722346/provision.log\u001b[0m</rich_update>"</sky-payload>
<sky-payload>"<rich_update>[bold cyan]Launching[/]  \u001b[2mView logs: sky api logs -l sky-2025-03-17-21-21-00-722346/provision.log\u001b[0m</rich_update>"</sky-payload>
I 03-17 21:44:20 cloud_vm_ray_backend.py:1520] [0m⚙︎ Launching on AWS us-east-1[0m (us-east-1d).
<sky-payload>"<rich_update>[bold cyan]Launching - Checking instance status[/]  \u001b[2mView logs: sky api logs -l sky-2025-03-17-21-21-00-722346/provision.log\u001b[0m</rich_update>"</sky-payload>
<sky-payload>"<rich_update>[bold cyan]Launching - Waiting for SSH access[/]  \u001b[2mView logs: sky api logs -l sky-2025-03-17-21-21-00-722346/provision.log\u001b[0m</rich_update>"</sky-payload>
<sky-payload>"<rich_start>[bold cyan]Launching[/]</rich_start>"</sky-payload>
I 03-17 21:44:44 provisioner.py:451] [2m└── [0m[2mInstance is up.[0m
<sky-payload>"<rich_update>[bold cyan]Preparing SkyPilot runtime (1/3 - initializing)[/]  \u001b[2mView logs: sky api logs -l sky-2025-03-17-21-21-00-722346/provision.log\u001b[0m</rich_update>"</sky-payload>
<sky-payload>"<rich_update>[bold cyan]Preparing SkyPilot runtime (2/3 - dependencies)[/]  \u001b[2mView logs: sky api logs -l sky-2025-03-17-21-21-00-722346/provision.log\u001b[0m</rich_update>"</sky-payload>
<sky-payload>"<rich_update>[bold cyan]Preparing SkyPilot runtime (3/3 - runtime)[/]  \u001b[2mView logs: sky api logs -l sky-2025-03-17-21-21-00-722346/provision.log\u001b[0m</rich_update>"</sky-payload>
<sky-payload>"<rich_update>[bold cyan]Launching - Checking instance status[/]  \u001b[2mView logs: sky api logs -l sky-2025-03-17-21-21-00-722346/provision.log\u001b[0m</rich_update>"</sky-payload>
I 03-17 21:45:07 provisioner.py:632] [0m[32m✓ Cluster launched: compute-text-vectors-259.[0m  [2mView logs: sky api logs -l sky-2025-03-17-21-21-00-722346/provision.log[0m
<sky-payload>"<rich_exit></rich_exit>"</sky-payload>
I 03-17 21:45:07 execution.py:332] [0m⚙︎ Syncing files.
<sky-payload>"<rich_init>[bold cyan]Syncing files[/]</rich_init>"</sky-payload>
<sky-payload>"<rich_update>[bold cyan]Syncing files[/]</rich_update>"</sky-payload>
<sky-payload>"<rich_start>[bold cyan]Syncing files[/]</rich_start>"</sky-payload>
<sky-payload>"<rich_update>[bold cyan]Syncing file mounts[/]  \u001b[2mView logs: sky api logs -l sky-2025-03-17-21-21-00-722346/file_mounts.log\u001b[0m</rich_update>"</sky-payload>
I 03-17 21:45:07 backend_utils.py:1315]   [2mSyncing (to 1 node): s3://skypilot-filemounts-root-726f1974-6tw2tw8t/job-6tw2tw8t/workdir -> ~/sky_workdir[0m
I 03-17 21:45:09 cloud_vm_ray_backend.py:4801] [0m[32m✓ Synced file_mounts.[0m  [2mView logs: sky api logs -l sky-2025-03-17-21-21-00-722346/file_mounts.log[0m
<sky-payload>"<rich_update>[bold cyan]Mounting 1 storage[/]  \u001b[2mView logs: sky api logs -l sky-2025-03-17-21-21-00-722346/storage_mounts.log\u001b[0m</rich_update>"</sky-payload>
I 03-17 21:45:09 backend_utils.py:1315]   [2mMounting (to 1 node): s3://sky-text-embeddings-multi-cluster-final-2 -> /output[0m
I 03-17 21:45:11 cloud_vm_ray_backend.py:4892] [0m[32m✓ Storage mounted.[0m  [2mView logs: sky api logs -l sky-2025-03-17-21-21-00-722346/storage_mounts.log[0m
<sky-payload>"<rich_exit></rich_exit>"</sky-payload>
<sky-payload>"<rich_init>[bold cyan]Running setup[/]</rich_init>"</sky-payload>
<sky-payload>"<rich_update>[bold cyan]Running setup[/]</rich_update>"</sky-payload>
<sky-payload>"<rich_start>[bold cyan]Running setup[/]</rich_start>"</sky-payload>
<sky-payload>"<rich_stop></rich_stop>"</sky-payload>
I 03-17 21:45:11 cloud_vm_ray_backend.py:3357] [0m[32m✓ Setup detached.[0m
<sky-payload>"<rich_exit></rich_exit>"</sky-payload>
<sky-payload>"<rich_init>[bold cyan]Submitting job[/]</rich_init>"</sky-payload>
<sky-payload>"<rich_update>[bold cyan]Submitting job[/]</rich_update>"</sky-payload>
<sky-payload>"<rich_start>[bold cyan]Submitting job[/]</rich_start>"</sky-payload>
I 03-17 21:45:12 cloud_vm_ray_backend.py:3546] Multiple resources are specified for the task, using: AWS([Spot], cpus=4, {'L4': 1})
I 03-17 21:45:13 cloud_vm_ray_backend.py:3460] [0m⚙︎ Job submitted, ID: 1
<sky-payload>"<rich_stop></rich_stop>"</sky-payload>
<sky-payload>"<rich_exit></rich_exit>"</sky-payload>

[?25hI 03-17 21:45:13 recovery_strategy.py:289] Managed job cluster launched.
I 03-17 21:45:16 utils.py:131] === Checking the job status... ===
I 03-17 21:45:17 utils.py:137] Job status: JobStatus.SETTING_UP
I 03-17 21:45:17 utils.py:140] ==================================
I 03-17 21:45:18 state.py:471] Job started.
I 03-17 21:45:38 utils.py:131] === Checking the job status... ===
I 03-17 21:45:38 utils.py:137] Job status: JobStatus.SETTING_UP
I 03-17 21:45:38 utils.py:140] ==================================
I 03-17 21:45:59 utils.py:131] === Checking the job status... ===
I 03-17 21:45:59 utils.py:137] Job status: JobStatus.SETTING_UP
I 03-17 21:45:59 utils.py:140] ==================================
I 03-17 21:46:19 utils.py:131] === Checking the job status... ===
I 03-17 21:46:20 utils.py:137] Job status: JobStatus.SETTING_UP
I 03-17 21:46:20 utils.py:140] ==================================
I 03-17 21:46:40 utils.py:131] === Checking the job status... ===
I 03-17 21:46:41 utils.py:137] Job status: JobStatus.SETTING_UP
I 03-17 21:46:41 utils.py:140] ==================================
I 03-17 21:47:01 utils.py:131] === Checking the job status... ===
I 03-17 21:47:02 utils.py:137] Job status: JobStatus.SETTING_UP
I 03-17 21:47:02 utils.py:140] ==================================
I 03-17 21:47:22 utils.py:131] === Checking the job status... ===
I 03-17 21:47:23 utils.py:137] Job status: JobStatus.RUNNING
I 03-17 21:47:23 utils.py:140] ==================================
I 03-17 21:47:43 utils.py:131] === Checking the job status... ===
I 03-17 21:47:44 utils.py:137] Job status: JobStatus.RUNNING
I 03-17 21:47:44 utils.py:140] ==================================
I 03-17 21:48:04 utils.py:131] === Checking the job status... ===
I 03-17 21:48:05 utils.py:137] Job status: JobStatus.RUNNING
I 03-17 21:48:05 utils.py:140] ==================================
I 03-17 21:48:25 utils.py:131] === Checking the job status... ===
I 03-17 21:48:26 utils.py:137] Job status: JobStatus.RUNNING
I 03-17 21:48:26 utils.py:140] ==================================
I 03-17 21:48:46 utils.py:131] === Checking the job status... ===
I 03-17 21:48:47 utils.py:137] Job status: JobStatus.RUNNING
I 03-17 21:48:47 utils.py:140] ==================================
I 03-17 21:49:07 utils.py:131] === Checking the job status... ===
I 03-17 21:49:08 utils.py:137] Job status: JobStatus.RUNNING
I 03-17 21:49:08 utils.py:140] ==================================
I 03-17 21:49:28 utils.py:131] === Checking the job status... ===
I 03-17 21:49:29 utils.py:137] Job status: JobStatus.RUNNING
I 03-17 21:49:29 utils.py:140] ==================================
I 03-17 21:49:49 utils.py:131] === Checking the job status... ===
I 03-17 21:49:50 utils.py:137] Job status: JobStatus.RUNNING
I 03-17 21:49:50 utils.py:140] ==================================
I 03-17 21:50:10 utils.py:131] === Checking the job status... ===
I 03-17 21:50:10 utils.py:137] Job status: JobStatus.RUNNING
I 03-17 21:50:10 utils.py:140] ==================================
I 03-17 21:50:31 utils.py:131] === Checking the job status... ===
I 03-17 21:50:31 utils.py:137] Job status: JobStatus.RUNNING
I 03-17 21:50:31 utils.py:140] ==================================
I 03-17 21:50:51 utils.py:131] === Checking the job status... ===
I 03-17 21:50:55 utils.py:137] Job status: JobStatus.RUNNING
I 03-17 21:50:55 utils.py:140] ==================================
I 03-17 21:51:15 utils.py:131] === Checking the job status... ===
I 03-17 21:51:16 utils.py:137] Job status: JobStatus.RUNNING
I 03-17 21:51:16 utils.py:140] ==================================
I 03-17 21:51:36 utils.py:131] === Checking the job status... ===
I 03-17 21:51:39 utils.py:137] Job status: JobStatus.RUNNING
I 03-17 21:51:39 utils.py:140] ==================================
I 03-17 21:51:59 utils.py:131] === Checking the job status... ===
I 03-17 21:52:00 utils.py:137] Job status: JobStatus.RUNNING
I 03-17 21:52:00 utils.py:140] ==================================
I 03-17 21:52:20 utils.py:131] === Checking the job status... ===
I 03-17 21:52:21 utils.py:137] Job status: JobStatus.RUNNING
I 03-17 21:52:21 utils.py:140] ==================================
I 03-17 21:52:41 utils.py:131] === Checking the job status... ===
I 03-17 21:52:41 utils.py:137] Job status: JobStatus.RUNNING
I 03-17 21:52:41 utils.py:140] ==================================
I 03-17 21:53:01 utils.py:131] === Checking the job status... ===
I 03-17 21:53:02 utils.py:137] Job status: JobStatus.RUNNING
I 03-17 21:53:02 utils.py:140] ==================================
I 03-17 21:53:22 utils.py:131] === Checking the job status... ===
I 03-17 21:53:23 utils.py:137] Job status: JobStatus.RUNNING
I 03-17 21:53:23 utils.py:140] ==================================
I 03-17 21:53:43 utils.py:131] === Checking the job status... ===
I 03-17 21:53:43 utils.py:137] Job status: JobStatus.RUNNING
I 03-17 21:53:43 utils.py:140] ==================================
I 03-17 21:54:03 utils.py:131] === Checking the job status... ===
I 03-17 21:54:04 utils.py:137] Job status: JobStatus.RUNNING
I 03-17 21:54:04 utils.py:140] ==================================
I 03-17 21:54:24 utils.py:131] === Checking the job status... ===
I 03-17 21:54:25 utils.py:137] Job status: JobStatus.RUNNING
I 03-17 21:54:25 utils.py:140] ==================================
I 03-17 21:54:45 utils.py:131] === Checking the job status... ===
I 03-17 21:54:46 utils.py:137] Job status: JobStatus.RUNNING
I 03-17 21:54:46 utils.py:140] ==================================
I 03-17 21:55:06 utils.py:131] === Checking the job status... ===
I 03-17 21:55:06 utils.py:137] Job status: JobStatus.RUNNING
I 03-17 21:55:06 utils.py:140] ==================================
I 03-17 21:55:26 utils.py:131] === Checking the job status... ===
I 03-17 21:55:27 utils.py:137] Job status: JobStatus.RUNNING
I 03-17 21:55:27 utils.py:140] ==================================
I 03-17 21:55:47 utils.py:131] === Checking the job status... ===
I 03-17 21:55:48 utils.py:137] Job status: JobStatus.RUNNING
I 03-17 21:55:48 utils.py:140] ==================================
I 03-17 21:56:08 utils.py:131] === Checking the job status... ===
I 03-17 21:56:08 utils.py:137] Job status: JobStatus.RUNNING
I 03-17 21:56:08 utils.py:140] ==================================
I 03-17 21:56:28 utils.py:131] === Checking the job status... ===
I 03-17 21:56:29 utils.py:137] Job status: JobStatus.RUNNING
I 03-17 21:56:29 utils.py:140] ==================================
I 03-17 21:56:49 utils.py:131] === Checking the job status... ===
I 03-17 21:56:50 utils.py:137] Job status: JobStatus.RUNNING
I 03-17 21:56:50 utils.py:140] ==================================
I 03-17 21:57:10 utils.py:131] === Checking the job status... ===
I 03-17 21:57:10 utils.py:137] Job status: JobStatus.RUNNING
I 03-17 21:57:10 utils.py:140] ==================================
I 03-17 21:57:31 utils.py:131] === Checking the job status... ===
I 03-17 21:57:31 utils.py:137] Job status: JobStatus.RUNNING
I 03-17 21:57:31 utils.py:140] ==================================
I 03-17 21:57:51 utils.py:131] === Checking the job status... ===
I 03-17 21:57:52 utils.py:137] Job status: JobStatus.RUNNING
I 03-17 21:57:52 utils.py:140] ==================================
I 03-17 21:58:12 utils.py:131] === Checking the job status... ===
I 03-17 21:58:13 utils.py:137] Job status: JobStatus.RUNNING
I 03-17 21:58:13 utils.py:140] ==================================
I 03-17 21:58:33 utils.py:131] === Checking the job status... ===
I 03-17 21:58:33 utils.py:137] Job status: JobStatus.RUNNING
I 03-17 21:58:33 utils.py:140] ==================================
I 03-17 21:58:54 utils.py:131] === Checking the job status... ===
I 03-17 21:58:54 utils.py:137] Job status: JobStatus.RUNNING
I 03-17 21:58:54 utils.py:140] ==================================
I 03-17 21:59:14 utils.py:131] === Checking the job status... ===
I 03-17 21:59:15 utils.py:137] Job status: JobStatus.RUNNING
I 03-17 21:59:15 utils.py:140] ==================================
I 03-17 21:59:35 utils.py:131] === Checking the job status... ===
I 03-17 21:59:36 utils.py:137] Job status: JobStatus.RUNNING
I 03-17 21:59:36 utils.py:140] ==================================
I 03-17 21:59:56 utils.py:131] === Checking the job status... ===
I 03-17 21:59:56 utils.py:137] Job status: JobStatus.RUNNING
I 03-17 21:59:56 utils.py:140] ==================================
I 03-17 22:00:17 utils.py:131] === Checking the job status... ===
I 03-17 22:00:17 utils.py:137] Job status: JobStatus.RUNNING
I 03-17 22:00:17 utils.py:140] ==================================
I 03-17 22:00:37 utils.py:131] === Checking the job status... ===
I 03-17 22:00:38 utils.py:137] Job status: JobStatus.RUNNING
I 03-17 22:00:38 utils.py:140] ==================================
I 03-17 22:00:58 utils.py:131] === Checking the job status... ===
I 03-17 22:00:59 utils.py:137] Job status: JobStatus.RUNNING
I 03-17 22:00:59 utils.py:140] ==================================
I 03-17 22:01:19 utils.py:131] === Checking the job status... ===
I 03-17 22:01:19 utils.py:137] Job status: JobStatus.RUNNING
I 03-17 22:01:19 utils.py:140] ==================================
I 03-17 22:01:40 utils.py:131] === Checking the job status... ===
I 03-17 22:01:40 utils.py:137] Job status: JobStatus.RUNNING
I 03-17 22:01:40 utils.py:140] ==================================
I 03-17 22:02:00 utils.py:131] === Checking the job status... ===
I 03-17 22:02:01 utils.py:137] Job status: JobStatus.RUNNING
I 03-17 22:02:01 utils.py:140] ==================================
I 03-17 22:02:21 utils.py:131] === Checking the job status... ===
I 03-17 22:02:22 utils.py:137] Job status: JobStatus.RUNNING
I 03-17 22:02:22 utils.py:140] ==================================
I 03-17 22:02:42 utils.py:131] === Checking the job status... ===
I 03-17 22:02:42 utils.py:137] Job status: JobStatus.RUNNING
I 03-17 22:02:42 utils.py:140] ==================================
I 03-17 22:03:03 utils.py:131] === Checking the job status... ===
I 03-17 22:03:03 utils.py:137] Job status: JobStatus.RUNNING
I 03-17 22:03:03 utils.py:140] ==================================
I 03-17 22:03:23 utils.py:131] === Checking the job status... ===
I 03-17 22:03:24 utils.py:137] Job status: JobStatus.RUNNING
I 03-17 22:03:24 utils.py:140] ==================================
I 03-17 22:03:44 utils.py:131] === Checking the job status... ===
I 03-17 22:03:45 utils.py:137] Job status: JobStatus.RUNNING
I 03-17 22:03:45 utils.py:140] ==================================
I 03-17 22:04:05 utils.py:131] === Checking the job status... ===
I 03-17 22:04:05 utils.py:137] Job status: JobStatus.RUNNING
I 03-17 22:04:05 utils.py:140] ==================================
I 03-17 22:04:25 utils.py:131] === Checking the job status... ===
I 03-17 22:04:26 utils.py:137] Job status: JobStatus.RUNNING
I 03-17 22:04:26 utils.py:140] ==================================
I 03-17 22:04:46 utils.py:131] === Checking the job status... ===
I 03-17 22:04:47 utils.py:137] Job status: JobStatus.RUNNING
I 03-17 22:04:47 utils.py:140] ==================================
I 03-17 22:05:07 utils.py:131] === Checking the job status... ===
I 03-17 22:05:07 utils.py:137] Job status: JobStatus.RUNNING
I 03-17 22:05:07 utils.py:140] ==================================
I 03-17 22:05:28 utils.py:131] === Checking the job status... ===
I 03-17 22:05:28 utils.py:137] Job status: JobStatus.RUNNING
I 03-17 22:05:28 utils.py:140] ==================================
I 03-17 22:05:48 utils.py:131] === Checking the job status... ===
I 03-17 22:05:49 utils.py:137] Job status: JobStatus.RUNNING
I 03-17 22:05:49 utils.py:140] ==================================
I 03-17 22:06:09 utils.py:131] === Checking the job status... ===
I 03-17 22:06:10 utils.py:137] Job status: JobStatus.RUNNING
I 03-17 22:06:10 utils.py:140] ==================================
I 03-17 22:06:30 utils.py:131] === Checking the job status... ===
I 03-17 22:06:30 utils.py:137] Job status: JobStatus.RUNNING
I 03-17 22:06:30 utils.py:140] ==================================
I 03-17 22:06:50 utils.py:131] === Checking the job status... ===
I 03-17 22:06:51 utils.py:137] Job status: JobStatus.RUNNING
I 03-17 22:06:51 utils.py:140] ==================================
I 03-17 22:07:11 utils.py:131] === Checking the job status... ===
I 03-17 22:07:12 utils.py:137] Job status: JobStatus.RUNNING
I 03-17 22:07:12 utils.py:140] ==================================
I 03-17 22:07:32 utils.py:131] === Checking the job status... ===
I 03-17 22:07:32 utils.py:137] Job status: JobStatus.RUNNING
I 03-17 22:07:32 utils.py:140] ==================================
I 03-17 22:07:52 utils.py:131] === Checking the job status... ===
I 03-17 22:07:53 utils.py:137] Job status: JobStatus.RUNNING
I 03-17 22:07:53 utils.py:140] ==================================
I 03-17 22:08:13 utils.py:131] === Checking the job status... ===
I 03-17 22:08:14 utils.py:137] Job status: JobStatus.RUNNING
I 03-17 22:08:14 utils.py:140] ==================================
I 03-17 22:08:34 utils.py:131] === Checking the job status... ===
I 03-17 22:08:35 utils.py:137] Job status: JobStatus.RUNNING
I 03-17 22:08:35 utils.py:140] ==================================
I 03-17 22:08:55 utils.py:131] === Checking the job status... ===
I 03-17 22:08:55 utils.py:137] Job status: JobStatus.RUNNING
I 03-17 22:08:55 utils.py:140] ==================================
I 03-17 22:09:15 utils.py:131] === Checking the job status... ===
I 03-17 22:09:16 utils.py:137] Job status: JobStatus.RUNNING
I 03-17 22:09:16 utils.py:140] ==================================
I 03-17 22:09:36 utils.py:131] === Checking the job status... ===
I 03-17 22:09:37 utils.py:137] Job status: JobStatus.RUNNING
I 03-17 22:09:37 utils.py:140] ==================================
I 03-17 22:09:57 utils.py:131] === Checking the job status... ===
I 03-17 22:09:57 utils.py:137] Job status: JobStatus.RUNNING
I 03-17 22:09:57 utils.py:140] ==================================
I 03-17 22:10:17 utils.py:131] === Checking the job status... ===
I 03-17 22:10:18 utils.py:137] Job status: JobStatus.RUNNING
I 03-17 22:10:18 utils.py:140] ==================================
I 03-17 22:10:38 utils.py:131] === Checking the job status... ===
I 03-17 22:10:39 utils.py:137] Job status: JobStatus.RUNNING
I 03-17 22:10:39 utils.py:140] ==================================
I 03-17 22:10:59 utils.py:131] === Checking the job status... ===
I 03-17 22:10:59 utils.py:137] Job status: JobStatus.RUNNING
I 03-17 22:10:59 utils.py:140] ==================================
I 03-17 22:11:20 utils.py:131] === Checking the job status... ===
I 03-17 22:11:20 utils.py:137] Job status: JobStatus.RUNNING
I 03-17 22:11:20 utils.py:140] ==================================
I 03-17 22:11:40 utils.py:131] === Checking the job status... ===
I 03-17 22:11:41 utils.py:137] Job status: JobStatus.RUNNING
I 03-17 22:11:41 utils.py:140] ==================================
I 03-17 22:12:01 utils.py:131] === Checking the job status... ===
I 03-17 22:12:02 utils.py:137] Job status: JobStatus.RUNNING
I 03-17 22:12:02 utils.py:140] ==================================
I 03-17 22:12:22 utils.py:131] === Checking the job status... ===
I 03-17 22:12:22 utils.py:137] Job status: JobStatus.RUNNING
I 03-17 22:12:22 utils.py:140] ==================================
I 03-17 22:12:43 utils.py:131] === Checking the job status... ===
I 03-17 22:12:43 utils.py:137] Job status: JobStatus.RUNNING
I 03-17 22:12:43 utils.py:140] ==================================
I 03-17 22:13:03 utils.py:131] === Checking the job status... ===
I 03-17 22:13:04 utils.py:137] Job status: JobStatus.RUNNING
I 03-17 22:13:04 utils.py:140] ==================================
I 03-17 22:13:24 utils.py:131] === Checking the job status... ===
I 03-17 22:13:25 utils.py:137] Job status: JobStatus.RUNNING
I 03-17 22:13:25 utils.py:140] ==================================
I 03-17 22:13:45 utils.py:131] === Checking the job status... ===
I 03-17 22:13:45 utils.py:137] Job status: JobStatus.RUNNING
I 03-17 22:13:45 utils.py:140] ==================================
I 03-17 22:14:05 utils.py:131] === Checking the job status... ===
I 03-17 22:14:06 utils.py:137] Job status: JobStatus.RUNNING
I 03-17 22:14:06 utils.py:140] ==================================
I 03-17 22:14:26 utils.py:131] === Checking the job status... ===
I 03-17 22:14:27 utils.py:137] Job status: JobStatus.RUNNING
I 03-17 22:14:27 utils.py:140] ==================================
I 03-17 22:14:47 utils.py:131] === Checking the job status... ===
I 03-17 22:14:48 utils.py:137] Job status: JobStatus.RUNNING
I 03-17 22:14:48 utils.py:140] ==================================
I 03-17 22:15:08 utils.py:131] === Checking the job status... ===
I 03-17 22:15:08 utils.py:137] Job status: JobStatus.RUNNING
I 03-17 22:15:08 utils.py:140] ==================================
I 03-17 22:15:29 utils.py:131] === Checking the job status... ===
I 03-17 22:15:29 utils.py:137] Job status: JobStatus.RUNNING
I 03-17 22:15:29 utils.py:140] ==================================
I 03-17 22:15:49 utils.py:131] === Checking the job status... ===
I 03-17 22:15:50 utils.py:137] Job status: JobStatus.RUNNING
I 03-17 22:15:50 utils.py:140] ==================================
I 03-17 22:16:10 utils.py:131] === Checking the job status... ===
I 03-17 22:16:11 utils.py:137] Job status: JobStatus.RUNNING
I 03-17 22:16:11 utils.py:140] ==================================
I 03-17 22:16:31 utils.py:131] === Checking the job status... ===
I 03-17 22:16:31 utils.py:137] Job status: JobStatus.RUNNING
I 03-17 22:16:31 utils.py:140] ==================================
I 03-17 22:16:51 utils.py:131] === Checking the job status... ===
I 03-17 22:16:52 utils.py:137] Job status: JobStatus.RUNNING
I 03-17 22:16:52 utils.py:140] ==================================
I 03-17 22:17:12 utils.py:131] === Checking the job status... ===
I 03-17 22:17:13 utils.py:137] Job status: JobStatus.RUNNING
I 03-17 22:17:13 utils.py:140] ==================================
I 03-17 22:17:33 utils.py:131] === Checking the job status... ===
I 03-17 22:17:34 utils.py:137] Job status: JobStatus.RUNNING
I 03-17 22:17:34 utils.py:140] ==================================
I 03-17 22:17:54 utils.py:131] === Checking the job status... ===
I 03-17 22:17:54 utils.py:137] Job status: JobStatus.RUNNING
I 03-17 22:17:54 utils.py:140] ==================================
I 03-17 22:18:14 utils.py:131] === Checking the job status... ===
I 03-17 22:18:15 utils.py:137] Job status: JobStatus.RUNNING
I 03-17 22:18:15 utils.py:140] ==================================
I 03-17 22:18:35 utils.py:131] === Checking the job status... ===
I 03-17 22:18:36 utils.py:137] Job status: JobStatus.RUNNING
I 03-17 22:18:36 utils.py:140] ==================================
I 03-17 22:18:56 utils.py:131] === Checking the job status... ===
I 03-17 22:18:56 utils.py:137] Job status: JobStatus.RUNNING
I 03-17 22:18:56 utils.py:140] ==================================
I 03-17 22:19:16 utils.py:131] === Checking the job status... ===
I 03-17 22:19:17 utils.py:137] Job status: JobStatus.RUNNING
I 03-17 22:19:17 utils.py:140] ==================================
I 03-17 22:19:37 utils.py:131] === Checking the job status... ===
I 03-17 22:19:38 utils.py:137] Job status: JobStatus.RUNNING
I 03-17 22:19:38 utils.py:140] ==================================
I 03-17 22:19:58 utils.py:131] === Checking the job status... ===
I 03-17 22:19:58 utils.py:137] Job status: JobStatus.RUNNING
I 03-17 22:19:58 utils.py:140] ==================================
I 03-17 22:20:19 utils.py:131] === Checking the job status... ===
I 03-17 22:20:19 utils.py:137] Job status: JobStatus.RUNNING
I 03-17 22:20:19 utils.py:140] ==================================
I 03-17 22:20:39 utils.py:131] === Checking the job status... ===
I 03-17 22:20:40 utils.py:137] Job status: JobStatus.RUNNING
I 03-17 22:20:40 utils.py:140] ==================================
I 03-17 22:21:00 utils.py:131] === Checking the job status... ===
I 03-17 22:21:01 utils.py:137] Job status: JobStatus.RUNNING
I 03-17 22:21:01 utils.py:140] ==================================
I 03-17 22:21:21 utils.py:131] === Checking the job status... ===
I 03-17 22:21:21 utils.py:137] Job status: JobStatus.RUNNING
I 03-17 22:21:21 utils.py:140] ==================================
I 03-17 22:21:41 utils.py:131] === Checking the job status... ===
I 03-17 22:21:42 utils.py:137] Job status: JobStatus.RUNNING
I 03-17 22:21:42 utils.py:140] ==================================
I 03-17 22:22:02 utils.py:131] === Checking the job status... ===
I 03-17 22:22:03 utils.py:137] Job status: JobStatus.RUNNING
I 03-17 22:22:03 utils.py:140] ==================================
I 03-17 22:22:23 utils.py:131] === Checking the job status... ===
I 03-17 22:22:23 utils.py:137] Job status: JobStatus.RUNNING
I 03-17 22:22:23 utils.py:140] ==================================
I 03-17 22:22:44 utils.py:131] === Checking the job status... ===
I 03-17 22:22:44 utils.py:137] Job status: JobStatus.RUNNING
I 03-17 22:22:44 utils.py:140] ==================================
I 03-17 22:23:04 utils.py:131] === Checking the job status... ===
I 03-17 22:23:05 utils.py:137] Job status: JobStatus.RUNNING
I 03-17 22:23:05 utils.py:140] ==================================
I 03-17 22:23:25 utils.py:131] === Checking the job status... ===
I 03-17 22:23:26 utils.py:137] Job status: JobStatus.RUNNING
I 03-17 22:23:26 utils.py:140] ==================================
I 03-17 22:23:46 utils.py:131] === Checking the job status... ===
I 03-17 22:23:46 utils.py:137] Job status: JobStatus.RUNNING
I 03-17 22:23:46 utils.py:140] ==================================
I 03-17 22:24:06 utils.py:131] === Checking the job status... ===
I 03-17 22:24:07 utils.py:137] Job status: JobStatus.RUNNING
I 03-17 22:24:07 utils.py:140] ==================================
I 03-17 22:24:27 utils.py:131] === Checking the job status... ===
I 03-17 22:24:28 utils.py:137] Job status: JobStatus.RUNNING
I 03-17 22:24:28 utils.py:140] ==================================
I 03-17 22:24:48 utils.py:131] === Checking the job status... ===
I 03-17 22:24:48 utils.py:137] Job status: JobStatus.RUNNING
I 03-17 22:24:48 utils.py:140] ==================================
I 03-17 22:25:09 utils.py:131] === Checking the job status... ===
I 03-17 22:25:09 utils.py:137] Job status: JobStatus.RUNNING
I 03-17 22:25:09 utils.py:140] ==================================
I 03-17 22:25:29 utils.py:131] === Checking the job status... ===
I 03-17 22:25:30 utils.py:137] Job status: JobStatus.RUNNING
I 03-17 22:25:30 utils.py:140] ==================================
I 03-17 22:25:50 utils.py:131] === Checking the job status... ===
I 03-17 22:25:51 utils.py:137] Job status: JobStatus.RUNNING
I 03-17 22:25:51 utils.py:140] ==================================
I 03-17 22:26:11 utils.py:131] === Checking the job status... ===
I 03-17 22:26:11 utils.py:137] Job status: JobStatus.RUNNING
I 03-17 22:26:11 utils.py:140] ==================================
I 03-17 22:26:31 utils.py:131] === Checking the job status... ===
I 03-17 22:26:32 utils.py:137] Job status: JobStatus.RUNNING
I 03-17 22:26:32 utils.py:140] ==================================
I 03-17 22:26:52 utils.py:131] === Checking the job status... ===
I 03-17 22:26:53 utils.py:137] Job status: JobStatus.RUNNING
I 03-17 22:26:53 utils.py:140] ==================================
I 03-17 22:27:13 utils.py:131] === Checking the job status... ===
I 03-17 22:27:13 utils.py:137] Job status: JobStatus.RUNNING
I 03-17 22:27:13 utils.py:140] ==================================
I 03-17 22:27:34 utils.py:131] === Checking the job status... ===
I 03-17 22:27:34 utils.py:137] Job status: JobStatus.RUNNING
I 03-17 22:27:34 utils.py:140] ==================================
I 03-17 22:27:54 utils.py:131] === Checking the job status... ===
I 03-17 22:27:55 utils.py:137] Job status: JobStatus.RUNNING
I 03-17 22:27:55 utils.py:140] ==================================
I 03-17 22:28:15 utils.py:131] === Checking the job status... ===
I 03-17 22:28:16 utils.py:137] Job status: JobStatus.RUNNING
I 03-17 22:28:16 utils.py:140] ==================================
I 03-17 22:28:36 utils.py:131] === Checking the job status... ===
I 03-17 22:28:36 utils.py:137] Job status: JobStatus.RUNNING
I 03-17 22:28:36 utils.py:140] ==================================
I 03-17 22:28:56 utils.py:131] === Checking the job status... ===
I 03-17 22:28:57 utils.py:137] Job status: JobStatus.RUNNING
I 03-17 22:28:57 utils.py:140] ==================================
I 03-17 22:29:17 utils.py:131] === Checking the job status... ===
I 03-17 22:29:18 utils.py:137] Job status: JobStatus.RUNNING
I 03-17 22:29:18 utils.py:140] ==================================
I 03-17 22:29:38 utils.py:131] === Checking the job status... ===
I 03-17 22:29:39 utils.py:137] Job status: JobStatus.RUNNING
I 03-17 22:29:39 utils.py:140] ==================================
I 03-17 22:29:59 utils.py:131] === Checking the job status... ===
I 03-17 22:29:59 utils.py:137] Job status: JobStatus.RUNNING
I 03-17 22:29:59 utils.py:140] ==================================
I 03-17 22:30:19 utils.py:131] === Checking the job status... ===
I 03-17 22:30:20 utils.py:137] Job status: JobStatus.RUNNING
I 03-17 22:30:20 utils.py:140] ==================================
I 03-17 22:30:40 utils.py:131] === Checking the job status... ===
I 03-17 22:30:41 utils.py:137] Job status: JobStatus.RUNNING
I 03-17 22:30:41 utils.py:140] ==================================
I 03-17 22:31:01 utils.py:131] === Checking the job status... ===
I 03-17 22:31:02 utils.py:137] Job status: JobStatus.RUNNING
I 03-17 22:31:02 utils.py:140] ==================================
I 03-17 22:31:22 utils.py:131] === Checking the job status... ===
I 03-17 22:31:22 utils.py:137] Job status: JobStatus.RUNNING
I 03-17 22:31:22 utils.py:140] ==================================
I 03-17 22:31:42 utils.py:131] === Checking the job status... ===
I 03-17 22:31:43 utils.py:137] Job status: JobStatus.RUNNING
I 03-17 22:31:43 utils.py:140] ==================================
I 03-17 22:32:03 utils.py:131] === Checking the job status... ===
I 03-17 22:32:04 utils.py:137] Job status: JobStatus.RUNNING
I 03-17 22:32:04 utils.py:140] ==================================
I 03-17 22:32:24 utils.py:131] === Checking the job status... ===
I 03-17 22:32:25 utils.py:137] Job status: JobStatus.RUNNING
I 03-17 22:32:25 utils.py:140] ==================================
I 03-17 22:32:45 utils.py:131] === Checking the job status... ===
I 03-17 22:32:45 utils.py:137] Job status: JobStatus.RUNNING
I 03-17 22:32:45 utils.py:140] ==================================
I 03-17 22:33:05 utils.py:131] === Checking the job status... ===
I 03-17 22:33:06 utils.py:137] Job status: JobStatus.RUNNING
I 03-17 22:33:06 utils.py:140] ==================================
I 03-17 22:33:26 utils.py:131] === Checking the job status... ===
I 03-17 22:33:27 utils.py:137] Job status: JobStatus.RUNNING
I 03-17 22:33:27 utils.py:140] ==================================
I 03-17 22:33:47 utils.py:131] === Checking the job status... ===
I 03-17 22:33:47 utils.py:137] Job status: JobStatus.RUNNING
I 03-17 22:33:47 utils.py:140] ==================================
I 03-17 22:34:08 utils.py:131] === Checking the job status... ===
I 03-17 22:34:08 utils.py:137] Job status: JobStatus.RUNNING
I 03-17 22:34:08 utils.py:140] ==================================
I 03-17 22:34:28 utils.py:131] === Checking the job status... ===
I 03-17 22:34:29 utils.py:137] Job status: JobStatus.RUNNING
I 03-17 22:34:29 utils.py:140] ==================================
I 03-17 22:34:49 utils.py:131] === Checking the job status... ===
I 03-17 22:34:50 utils.py:137] Job status: JobStatus.RUNNING
I 03-17 22:34:50 utils.py:140] ==================================
I 03-17 22:35:10 utils.py:131] === Checking the job status... ===
I 03-17 22:35:10 utils.py:137] Job status: JobStatus.RUNNING
I 03-17 22:35:10 utils.py:140] ==================================
I 03-17 22:35:31 utils.py:131] === Checking the job status... ===
I 03-17 22:35:31 utils.py:137] Job status: JobStatus.RUNNING
I 03-17 22:35:31 utils.py:140] ==================================
I 03-17 22:35:51 utils.py:131] === Checking the job status... ===
I 03-17 22:35:52 utils.py:137] Job status: JobStatus.RUNNING
I 03-17 22:35:52 utils.py:140] ==================================
I 03-17 22:36:12 utils.py:131] === Checking the job status... ===
I 03-17 22:36:13 utils.py:137] Job status: JobStatus.RUNNING
I 03-17 22:36:13 utils.py:140] ==================================
I 03-17 22:36:33 utils.py:131] === Checking the job status... ===
I 03-17 22:36:33 utils.py:137] Job status: JobStatus.RUNNING
I 03-17 22:36:33 utils.py:140] ==================================
I 03-17 22:36:54 utils.py:131] === Checking the job status... ===
I 03-17 22:36:54 utils.py:137] Job status: JobStatus.RUNNING
I 03-17 22:36:54 utils.py:140] ==================================
I 03-17 22:37:14 utils.py:131] === Checking the job status... ===
I 03-17 22:37:15 utils.py:137] Job status: JobStatus.RUNNING
I 03-17 22:37:15 utils.py:140] ==================================
I 03-17 22:37:35 utils.py:131] === Checking the job status... ===
I 03-17 22:37:36 utils.py:137] Job status: JobStatus.RUNNING
I 03-17 22:37:36 utils.py:140] ==================================
I 03-17 22:37:56 utils.py:131] === Checking the job status... ===
I 03-17 22:37:56 utils.py:137] Job status: JobStatus.RUNNING
I 03-17 22:37:56 utils.py:140] ==================================
I 03-17 22:38:16 utils.py:131] === Checking the job status... ===
I 03-17 22:38:17 utils.py:137] Job status: JobStatus.RUNNING
I 03-17 22:38:17 utils.py:140] ==================================
I 03-17 22:38:37 utils.py:131] === Checking the job status... ===
I 03-17 22:38:38 utils.py:137] Job status: JobStatus.RUNNING
I 03-17 22:38:38 utils.py:140] ==================================
I 03-17 22:38:58 utils.py:131] === Checking the job status... ===
I 03-17 22:38:58 utils.py:137] Job status: JobStatus.RUNNING
I 03-17 22:38:58 utils.py:140] ==================================
I 03-17 22:39:19 utils.py:131] === Checking the job status... ===
I 03-17 22:39:19 utils.py:137] Job status: JobStatus.RUNNING
I 03-17 22:39:19 utils.py:140] ==================================
I 03-17 22:39:39 utils.py:131] === Checking the job status... ===
I 03-17 22:39:40 utils.py:137] Job status: JobStatus.RUNNING
I 03-17 22:39:40 utils.py:140] ==================================
I 03-17 22:40:00 utils.py:131] === Checking the job status... ===
I 03-17 22:40:00 utils.py:137] Job status: JobStatus.RUNNING
I 03-17 22:40:00 utils.py:140] ==================================
I 03-17 22:40:20 utils.py:131] === Checking the job status... ===
I 03-17 22:40:21 utils.py:137] Job status: JobStatus.RUNNING
I 03-17 22:40:21 utils.py:140] ==================================
I 03-17 22:40:41 utils.py:131] === Checking the job status... ===
I 03-17 22:40:42 utils.py:137] Job status: JobStatus.RUNNING
I 03-17 22:40:42 utils.py:140] ==================================
I 03-17 22:41:02 utils.py:131] === Checking the job status... ===
I 03-17 22:41:03 utils.py:137] Job status: JobStatus.RUNNING
I 03-17 22:41:03 utils.py:140] ==================================
I 03-17 22:41:23 utils.py:131] === Checking the job status... ===
I 03-17 22:41:23 utils.py:137] Job status: JobStatus.RUNNING
I 03-17 22:41:23 utils.py:140] ==================================
I 03-17 22:41:43 utils.py:131] === Checking the job status... ===
I 03-17 22:41:44 utils.py:137] Job status: JobStatus.RUNNING
I 03-17 22:41:44 utils.py:140] ==================================
I 03-17 22:42:04 utils.py:131] === Checking the job status... ===
I 03-17 22:42:05 utils.py:137] Job status: JobStatus.RUNNING
I 03-17 22:42:05 utils.py:140] ==================================
I 03-17 22:42:25 utils.py:131] === Checking the job status... ===
I 03-17 22:42:25 utils.py:137] Job status: JobStatus.RUNNING
I 03-17 22:42:25 utils.py:140] ==================================
I 03-17 22:42:46 utils.py:131] === Checking the job status... ===
I 03-17 22:42:46 utils.py:137] Job status: JobStatus.RUNNING
I 03-17 22:42:46 utils.py:140] ==================================
I 03-17 22:43:06 utils.py:131] === Checking the job status... ===
I 03-17 22:43:07 utils.py:137] Job status: JobStatus.RUNNING
I 03-17 22:43:07 utils.py:140] ==================================
I 03-17 22:43:27 utils.py:131] === Checking the job status... ===
I 03-17 22:43:28 utils.py:137] Job status: JobStatus.RUNNING
I 03-17 22:43:28 utils.py:140] ==================================
I 03-17 22:43:48 utils.py:131] === Checking the job status... ===
I 03-17 22:43:48 utils.py:137] Job status: JobStatus.RUNNING
I 03-17 22:43:48 utils.py:140] ==================================
I 03-17 22:44:09 utils.py:131] === Checking the job status... ===
I 03-17 22:44:09 utils.py:137] Job status: JobStatus.RUNNING
I 03-17 22:44:09 utils.py:140] ==================================
I 03-17 22:44:29 utils.py:131] === Checking the job status... ===
I 03-17 22:44:30 utils.py:137] Job status: JobStatus.RUNNING
I 03-17 22:44:30 utils.py:140] ==================================
I 03-17 22:44:50 utils.py:131] === Checking the job status... ===
I 03-17 22:44:50 utils.py:137] Job status: JobStatus.RUNNING
I 03-17 22:44:50 utils.py:140] ==================================
I 03-17 22:45:11 utils.py:131] === Checking the job status... ===
I 03-17 22:45:11 utils.py:137] Job status: JobStatus.RUNNING
I 03-17 22:45:11 utils.py:140] ==================================
I 03-17 22:45:31 utils.py:131] === Checking the job status... ===
I 03-17 22:45:32 utils.py:137] Job status: JobStatus.RUNNING
I 03-17 22:45:32 utils.py:140] ==================================
I 03-17 22:45:52 utils.py:131] === Checking the job status... ===
I 03-17 22:45:53 utils.py:137] Job status: JobStatus.RUNNING
I 03-17 22:45:53 utils.py:140] ==================================
I 03-17 22:46:13 utils.py:131] === Checking the job status... ===
I 03-17 22:46:13 utils.py:137] Job status: JobStatus.RUNNING
I 03-17 22:46:13 utils.py:140] ==================================
I 03-17 22:46:34 utils.py:131] === Checking the job status... ===
I 03-17 22:46:34 utils.py:137] Job status: JobStatus.RUNNING
I 03-17 22:46:34 utils.py:140] ==================================
I 03-17 22:46:54 utils.py:131] === Checking the job status... ===
I 03-17 22:46:55 utils.py:137] Job status: JobStatus.RUNNING
I 03-17 22:46:55 utils.py:140] ==================================
I 03-17 22:47:15 utils.py:131] === Checking the job status... ===
I 03-17 22:47:16 utils.py:137] Job status: JobStatus.RUNNING
I 03-17 22:47:16 utils.py:140] ==================================
I 03-17 22:47:36 utils.py:131] === Checking the job status... ===
I 03-17 22:47:36 utils.py:137] Job status: JobStatus.RUNNING
I 03-17 22:47:36 utils.py:140] ==================================
I 03-17 22:47:57 utils.py:131] === Checking the job status... ===
I 03-17 22:47:57 utils.py:137] Job status: JobStatus.RUNNING
I 03-17 22:47:57 utils.py:140] ==================================
I 03-17 22:48:17 utils.py:131] === Checking the job status... ===
I 03-17 22:48:18 utils.py:137] Job status: JobStatus.RUNNING
I 03-17 22:48:18 utils.py:140] ==================================
I 03-17 22:48:38 utils.py:131] === Checking the job status... ===
I 03-17 22:48:39 utils.py:137] Job status: JobStatus.RUNNING
I 03-17 22:48:39 utils.py:140] ==================================
I 03-17 22:48:59 utils.py:131] === Checking the job status... ===
I 03-17 22:48:59 utils.py:137] Job status: JobStatus.RUNNING
I 03-17 22:48:59 utils.py:140] ==================================
I 03-17 22:49:19 utils.py:131] === Checking the job status... ===
I 03-17 22:49:20 utils.py:137] Job status: JobStatus.RUNNING
I 03-17 22:49:20 utils.py:140] ==================================
I 03-17 22:49:40 utils.py:131] === Checking the job status... ===
I 03-17 22:49:41 utils.py:137] Job status: JobStatus.RUNNING
I 03-17 22:49:41 utils.py:140] ==================================
I 03-17 22:50:01 utils.py:131] === Checking the job status... ===
I 03-17 22:50:01 utils.py:137] Job status: JobStatus.RUNNING
I 03-17 22:50:01 utils.py:140] ==================================
I 03-17 22:50:22 utils.py:131] === Checking the job status... ===
I 03-17 22:50:22 utils.py:137] Job status: JobStatus.RUNNING
I 03-17 22:50:22 utils.py:140] ==================================
I 03-17 22:50:42 utils.py:131] === Checking the job status... ===
I 03-17 22:50:43 utils.py:137] Job status: JobStatus.RUNNING
I 03-17 22:50:43 utils.py:140] ==================================
I 03-17 22:51:03 utils.py:131] === Checking the job status... ===
I 03-17 22:51:03 utils.py:137] Job status: JobStatus.RUNNING
I 03-17 22:51:03 utils.py:140] ==================================
I 03-17 22:51:24 utils.py:131] === Checking the job status... ===
I 03-17 22:51:24 utils.py:137] Job status: JobStatus.RUNNING
I 03-17 22:51:24 utils.py:140] ==================================
I 03-17 22:51:44 utils.py:131] === Checking the job status... ===
I 03-17 22:51:45 utils.py:137] Job status: JobStatus.RUNNING
I 03-17 22:51:45 utils.py:140] ==================================
I 03-17 22:52:05 utils.py:131] === Checking the job status... ===
I 03-17 22:52:06 utils.py:137] Job status: JobStatus.RUNNING
I 03-17 22:52:06 utils.py:140] ==================================
I 03-17 22:52:26 utils.py:131] === Checking the job status... ===
I 03-17 22:52:26 utils.py:137] Job status: JobStatus.RUNNING
I 03-17 22:52:26 utils.py:140] ==================================
I 03-17 22:52:46 utils.py:131] === Checking the job status... ===
I 03-17 22:52:47 utils.py:137] Job status: JobStatus.RUNNING
I 03-17 22:52:47 utils.py:140] ==================================
I 03-17 22:53:07 utils.py:131] === Checking the job status... ===
I 03-17 22:53:08 utils.py:137] Job status: JobStatus.RUNNING
I 03-17 22:53:08 utils.py:140] ==================================
I 03-17 22:53:28 utils.py:131] === Checking the job status... ===
I 03-17 22:53:28 utils.py:137] Job status: JobStatus.RUNNING
I 03-17 22:53:28 utils.py:140] ==================================
I 03-17 22:53:49 utils.py:131] === Checking the job status... ===
I 03-17 22:53:49 utils.py:137] Job status: JobStatus.RUNNING
I 03-17 22:53:49 utils.py:140] ==================================
I 03-17 22:54:09 utils.py:131] === Checking the job status... ===
I 03-17 22:54:10 utils.py:137] Job status: JobStatus.RUNNING
I 03-17 22:54:10 utils.py:140] ==================================
I 03-17 22:54:30 utils.py:131] === Checking the job status... ===
I 03-17 22:54:31 utils.py:137] Job status: JobStatus.RUNNING
I 03-17 22:54:31 utils.py:140] ==================================
I 03-17 22:54:51 utils.py:131] === Checking the job status... ===
I 03-17 22:54:51 utils.py:137] Job status: JobStatus.RUNNING
I 03-17 22:54:51 utils.py:140] ==================================
I 03-17 22:55:12 utils.py:131] === Checking the job status... ===
I 03-17 22:55:12 utils.py:137] Job status: JobStatus.RUNNING
I 03-17 22:55:12 utils.py:140] ==================================
I 03-17 22:55:32 utils.py:131] === Checking the job status... ===
I 03-17 22:55:33 utils.py:137] Job status: JobStatus.RUNNING
I 03-17 22:55:33 utils.py:140] ==================================
I 03-17 22:55:53 utils.py:131] === Checking the job status... ===
I 03-17 22:55:54 utils.py:137] Job status: JobStatus.RUNNING
I 03-17 22:55:54 utils.py:140] ==================================
I 03-17 22:56:14 utils.py:131] === Checking the job status... ===
I 03-17 22:56:14 utils.py:137] Job status: JobStatus.RUNNING
I 03-17 22:56:14 utils.py:140] ==================================
I 03-17 22:56:35 utils.py:131] === Checking the job status... ===
I 03-17 22:56:35 utils.py:137] Job status: JobStatus.RUNNING
I 03-17 22:56:35 utils.py:140] ==================================
I 03-17 22:56:55 utils.py:131] === Checking the job status... ===
I 03-17 22:56:56 utils.py:137] Job status: JobStatus.RUNNING
I 03-17 22:56:56 utils.py:140] ==================================
I 03-17 22:57:16 utils.py:131] === Checking the job status... ===
I 03-17 22:57:17 utils.py:137] Job status: JobStatus.RUNNING
I 03-17 22:57:17 utils.py:140] ==================================
I 03-17 22:57:37 utils.py:131] === Checking the job status... ===
I 03-17 22:57:37 utils.py:137] Job status: JobStatus.RUNNING
I 03-17 22:57:37 utils.py:140] ==================================
I 03-17 22:57:58 utils.py:131] === Checking the job status... ===
I 03-17 22:57:58 utils.py:137] Job status: JobStatus.RUNNING
I 03-17 22:57:58 utils.py:140] ==================================
I 03-17 22:58:18 utils.py:131] === Checking the job status... ===
I 03-17 22:58:19 utils.py:137] Job status: JobStatus.RUNNING
I 03-17 22:58:19 utils.py:140] ==================================
I 03-17 22:58:39 utils.py:131] === Checking the job status... ===
I 03-17 22:58:40 utils.py:137] Job status: JobStatus.RUNNING
I 03-17 22:58:40 utils.py:140] ==================================
I 03-17 22:59:00 utils.py:131] === Checking the job status... ===
I 03-17 22:59:00 utils.py:137] Job status: JobStatus.RUNNING
I 03-17 22:59:00 utils.py:140] ==================================
I 03-17 22:59:20 utils.py:131] === Checking the job status... ===
I 03-17 22:59:21 utils.py:137] Job status: JobStatus.RUNNING
I 03-17 22:59:21 utils.py:140] ==================================
I 03-17 22:59:41 utils.py:131] === Checking the job status... ===
I 03-17 22:59:42 utils.py:137] Job status: JobStatus.RUNNING
I 03-17 22:59:42 utils.py:140] ==================================
I 03-17 23:00:02 utils.py:131] === Checking the job status... ===
I 03-17 23:00:03 utils.py:137] Job status: JobStatus.RUNNING
I 03-17 23:00:03 utils.py:140] ==================================
I 03-17 23:00:23 utils.py:131] === Checking the job status... ===
I 03-17 23:00:23 utils.py:137] Job status: JobStatus.RUNNING
I 03-17 23:00:23 utils.py:140] ==================================
I 03-17 23:00:43 utils.py:131] === Checking the job status... ===
I 03-17 23:00:44 utils.py:137] Job status: JobStatus.RUNNING
I 03-17 23:00:44 utils.py:140] ==================================
I 03-17 23:01:04 utils.py:131] === Checking the job status... ===
I 03-17 23:01:05 utils.py:137] Job status: JobStatus.RUNNING
I 03-17 23:01:05 utils.py:140] ==================================
I 03-17 23:01:25 utils.py:131] === Checking the job status... ===
I 03-17 23:01:25 utils.py:137] Job status: JobStatus.RUNNING
I 03-17 23:01:25 utils.py:140] ==================================
I 03-17 23:01:46 utils.py:131] === Checking the job status... ===
I 03-17 23:01:46 utils.py:137] Job status: JobStatus.RUNNING
I 03-17 23:01:46 utils.py:140] ==================================
I 03-17 23:02:06 utils.py:131] === Checking the job status... ===
I 03-17 23:02:07 utils.py:137] Job status: JobStatus.RUNNING
I 03-17 23:02:07 utils.py:140] ==================================
I 03-17 23:02:27 utils.py:131] === Checking the job status... ===
I 03-17 23:02:28 utils.py:137] Job status: JobStatus.RUNNING
I 03-17 23:02:28 utils.py:140] ==================================
I 03-17 23:02:48 utils.py:131] === Checking the job status... ===
I 03-17 23:02:48 utils.py:137] Job status: JobStatus.RUNNING
I 03-17 23:02:48 utils.py:140] ==================================
I 03-17 23:03:09 utils.py:131] === Checking the job status... ===
I 03-17 23:03:09 utils.py:137] Job status: JobStatus.RUNNING
I 03-17 23:03:09 utils.py:140] ==================================
I 03-17 23:03:29 utils.py:131] === Checking the job status... ===
I 03-17 23:03:30 utils.py:137] Job status: JobStatus.RUNNING
I 03-17 23:03:30 utils.py:140] ==================================
I 03-17 23:03:50 utils.py:131] === Checking the job status... ===
I 03-17 23:03:51 utils.py:137] Job status: JobStatus.RUNNING
I 03-17 23:03:51 utils.py:140] ==================================
I 03-17 23:04:11 utils.py:131] === Checking the job status... ===
I 03-17 23:04:11 utils.py:137] Job status: JobStatus.RUNNING
I 03-17 23:04:11 utils.py:140] ==================================
I 03-17 23:04:31 utils.py:131] === Checking the job status... ===
I 03-17 23:04:32 utils.py:137] Job status: JobStatus.RUNNING
I 03-17 23:04:32 utils.py:140] ==================================
I 03-17 23:04:52 utils.py:131] === Checking the job status... ===
I 03-17 23:04:53 utils.py:137] Job status: JobStatus.RUNNING
I 03-17 23:04:53 utils.py:140] ==================================
I 03-17 23:05:13 utils.py:131] === Checking the job status... ===
I 03-17 23:05:13 utils.py:137] Job status: JobStatus.RUNNING
I 03-17 23:05:13 utils.py:140] ==================================
I 03-17 23:05:34 utils.py:131] === Checking the job status... ===
I 03-17 23:05:34 utils.py:137] Job status: JobStatus.RUNNING
I 03-17 23:05:34 utils.py:140] ==================================
I 03-17 23:05:54 utils.py:131] === Checking the job status... ===
I 03-17 23:05:55 utils.py:137] Job status: JobStatus.RUNNING
I 03-17 23:05:55 utils.py:140] ==================================
I 03-17 23:06:15 utils.py:131] === Checking the job status... ===
I 03-17 23:06:16 utils.py:137] Job status: JobStatus.RUNNING
I 03-17 23:06:16 utils.py:140] ==================================
I 03-17 23:06:36 utils.py:131] === Checking the job status... ===
I 03-17 23:06:36 utils.py:137] Job status: JobStatus.RUNNING
I 03-17 23:06:36 utils.py:140] ==================================
I 03-17 23:06:57 utils.py:131] === Checking the job status... ===
I 03-17 23:06:57 utils.py:137] Job status: JobStatus.RUNNING
I 03-17 23:06:57 utils.py:140] ==================================
I 03-17 23:07:17 utils.py:131] === Checking the job status... ===
I 03-17 23:07:18 utils.py:137] Job status: JobStatus.RUNNING
I 03-17 23:07:18 utils.py:140] ==================================
I 03-17 23:07:38 utils.py:131] === Checking the job status... ===
I 03-17 23:07:39 utils.py:137] Job status: JobStatus.RUNNING
I 03-17 23:07:39 utils.py:140] ==================================
I 03-17 23:07:59 utils.py:131] === Checking the job status... ===
I 03-17 23:07:59 utils.py:137] Job status: JobStatus.RUNNING
I 03-17 23:07:59 utils.py:140] ==================================
I 03-17 23:08:19 utils.py:131] === Checking the job status... ===
I 03-17 23:08:20 utils.py:137] Job status: JobStatus.RUNNING
I 03-17 23:08:20 utils.py:140] ==================================
I 03-17 23:08:40 utils.py:131] === Checking the job status... ===
I 03-17 23:08:41 utils.py:137] Job status: JobStatus.RUNNING
I 03-17 23:08:41 utils.py:140] ==================================
I 03-17 23:09:01 utils.py:131] === Checking the job status... ===
I 03-17 23:09:01 utils.py:137] Job status: JobStatus.RUNNING
I 03-17 23:09:01 utils.py:140] ==================================
I 03-17 23:09:22 utils.py:131] === Checking the job status... ===
I 03-17 23:09:22 utils.py:137] Job status: JobStatus.RUNNING
I 03-17 23:09:22 utils.py:140] ==================================
I 03-17 23:09:42 utils.py:131] === Checking the job status... ===
I 03-17 23:09:43 utils.py:137] Job status: JobStatus.RUNNING
I 03-17 23:09:43 utils.py:140] ==================================
I 03-17 23:10:03 utils.py:131] === Checking the job status... ===
I 03-17 23:10:04 utils.py:137] Job status: JobStatus.RUNNING
I 03-17 23:10:04 utils.py:140] ==================================
I 03-17 23:10:24 utils.py:131] === Checking the job status... ===
I 03-17 23:10:24 utils.py:137] Job status: JobStatus.RUNNING
I 03-17 23:10:24 utils.py:140] ==================================
I 03-17 23:10:44 utils.py:131] === Checking the job status... ===
I 03-17 23:10:45 utils.py:137] Job status: JobStatus.RUNNING
I 03-17 23:10:45 utils.py:140] ==================================
I 03-17 23:11:05 utils.py:131] === Checking the job status... ===
I 03-17 23:11:06 utils.py:137] Job status: JobStatus.RUNNING
I 03-17 23:11:06 utils.py:140] ==================================
I 03-17 23:11:26 utils.py:131] === Checking the job status... ===
I 03-17 23:11:27 utils.py:137] Job status: JobStatus.RUNNING
I 03-17 23:11:27 utils.py:140] ==================================
I 03-17 23:11:47 utils.py:131] === Checking the job status... ===
I 03-17 23:11:47 utils.py:137] Job status: JobStatus.RUNNING
I 03-17 23:11:47 utils.py:140] ==================================
I 03-17 23:12:07 utils.py:131] === Checking the job status... ===
I 03-17 23:12:08 utils.py:137] Job status: JobStatus.RUNNING
I 03-17 23:12:08 utils.py:140] ==================================
I 03-17 23:12:28 utils.py:131] === Checking the job status... ===
I 03-17 23:12:29 utils.py:137] Job status: JobStatus.RUNNING
I 03-17 23:12:29 utils.py:140] ==================================
I 03-17 23:12:49 utils.py:131] === Checking the job status... ===
I 03-17 23:12:49 utils.py:137] Job status: JobStatus.RUNNING
I 03-17 23:12:49 utils.py:140] ==================================
I 03-17 23:13:09 utils.py:131] === Checking the job status... ===
I 03-17 23:13:10 utils.py:137] Job status: JobStatus.RUNNING
I 03-17 23:13:10 utils.py:140] ==================================
I 03-17 23:13:30 utils.py:131] === Checking the job status... ===
I 03-17 23:13:31 utils.py:137] Job status: JobStatus.RUNNING
I 03-17 23:13:31 utils.py:140] ==================================
I 03-17 23:13:51 utils.py:131] === Checking the job status... ===
I 03-17 23:13:51 utils.py:137] Job status: JobStatus.RUNNING
I 03-17 23:13:51 utils.py:140] ==================================
I 03-17 23:14:12 utils.py:131] === Checking the job status... ===
I 03-17 23:14:12 utils.py:137] Job status: JobStatus.RUNNING
I 03-17 23:14:12 utils.py:140] ==================================
I 03-17 23:14:32 utils.py:131] === Checking the job status... ===
I 03-17 23:14:33 utils.py:137] Job status: JobStatus.RUNNING
I 03-17 23:14:33 utils.py:140] ==================================
I 03-17 23:14:53 utils.py:131] === Checking the job status... ===
I 03-17 23:14:54 utils.py:137] Job status: JobStatus.RUNNING
I 03-17 23:14:54 utils.py:140] ==================================
I 03-17 23:15:14 utils.py:131] === Checking the job status... ===
I 03-17 23:15:14 utils.py:137] Job status: JobStatus.RUNNING
I 03-17 23:15:14 utils.py:140] ==================================
I 03-17 23:15:35 utils.py:131] === Checking the job status... ===
I 03-17 23:15:35 utils.py:137] Job status: JobStatus.RUNNING
I 03-17 23:15:35 utils.py:140] ==================================
I 03-17 23:15:55 utils.py:131] === Checking the job status... ===
I 03-17 23:15:56 utils.py:137] Job status: JobStatus.RUNNING
I 03-17 23:15:56 utils.py:140] ==================================
I 03-17 23:16:16 utils.py:131] === Checking the job status... ===
I 03-17 23:16:17 utils.py:137] Job status: JobStatus.RUNNING
I 03-17 23:16:17 utils.py:140] ==================================
I 03-17 23:16:37 utils.py:131] === Checking the job status... ===
I 03-17 23:16:37 utils.py:137] Job status: JobStatus.RUNNING
I 03-17 23:16:37 utils.py:140] ==================================
I 03-17 23:16:57 utils.py:131] === Checking the job status... ===
I 03-17 23:16:58 utils.py:137] Job status: JobStatus.RUNNING
I 03-17 23:16:58 utils.py:140] ==================================
I 03-17 23:17:18 utils.py:131] === Checking the job status... ===
I 03-17 23:17:19 utils.py:137] Job status: JobStatus.RUNNING
I 03-17 23:17:19 utils.py:140] ==================================
I 03-17 23:17:39 utils.py:131] === Checking the job status... ===
I 03-17 23:17:39 utils.py:137] Job status: JobStatus.RUNNING
I 03-17 23:17:39 utils.py:140] ==================================
I 03-17 23:17:59 utils.py:131] === Checking the job status... ===
I 03-17 23:18:00 utils.py:137] Job status: JobStatus.RUNNING
I 03-17 23:18:00 utils.py:140] ==================================
I 03-17 23:18:20 utils.py:131] === Checking the job status... ===
I 03-17 23:18:21 utils.py:137] Job status: JobStatus.RUNNING
I 03-17 23:18:21 utils.py:140] ==================================
I 03-17 23:18:41 utils.py:131] === Checking the job status... ===
I 03-17 23:18:41 utils.py:137] Job status: JobStatus.RUNNING
I 03-17 23:18:41 utils.py:140] ==================================
I 03-17 23:19:02 utils.py:131] === Checking the job status... ===
I 03-17 23:19:02 utils.py:137] Job status: JobStatus.RUNNING
I 03-17 23:19:02 utils.py:140] ==================================
I 03-17 23:19:22 utils.py:131] === Checking the job status... ===
I 03-17 23:19:23 utils.py:137] Job status: JobStatus.RUNNING
I 03-17 23:19:23 utils.py:140] ==================================
I 03-17 23:19:43 utils.py:131] === Checking the job status... ===
I 03-17 23:19:44 utils.py:137] Job status: JobStatus.RUNNING
I 03-17 23:19:44 utils.py:140] ==================================
I 03-17 23:20:04 utils.py:131] === Checking the job status... ===
I 03-17 23:20:04 utils.py:137] Job status: JobStatus.SUCCEEDED
I 03-17 23:20:04 utils.py:140] ==================================
I 03-17 23:20:05 state.py:561] Job succeeded.
I 03-17 23:20:05 controller.py:238] Managed job 259 (task: 0) SUCCEEDED. Cleaning up the cluster compute-text-vectors-259.
E 03-17 23:20:06 controller_utils.py:376] Failed to find the logs for the user program at ~/sky_logs/managed_jobs/sky-2025-03-17-21-21-00-722346/run.log.
I 03-17 23:20:06 controller.py:117] 
I 03-17 23:20:06 controller.py:117] == End of logs (ID: 259) ==
I 03-17 23:20:12 state.py:656] Cancellation skipped, job is already terminal
I 03-17 23:20:12 state.py:677] Cancellation skipped, job is not CANCELLING
I 03-17 23:20:13 controller.py:552] Killing controller process 91627.
I 03-17 23:20:13 controller.py:560] Controller process 91627 killed.
I 03-17 23:20:13 controller.py:562] Cleaning up any cluster for job 259.
I 03-17 23:20:14 storage.py:699] Verifying bucket for storage skypilot-filemounts-root-726f1974-6tw2tw8t
<sky-payload>"<rich_init>[bold cyan]Deleting S3 bucket [green]skypilot-filemounts-root-726f1974-6tw2tw8t[/][/]</rich_init>"</sky-payload>
<sky-payload>"<rich_update>[bold cyan]Deleting S3 bucket [green]skypilot-filemounts-root-726f1974-6tw2tw8t[/][/]</rich_update>"</sky-payload>
<sky-payload>"<rich_start>[bold cyan]Deleting S3 bucket [green]skypilot-filemounts-root-726f1974-6tw2tw8t[/][/]</rich_start>"</sky-payload>
<sky-payload>"<rich_exit></rich_exit>"</sky-payload>
I 03-17 23:20:16 storage.py:1505] [32mDeleted S3 bucket skypilot-filemounts-root-726f1974-6tw2tw8t.[0m
I 03-17 23:20:16 controller.py:571] Cluster of managed job 259 has been cleaned up.
