I 03-17 21:15:52 controller.py:59] DAG:
I 03-17 21:15:52 controller.py:59] [Task<name=compute-text-vectors>(run='# Initialize and dow...')
I 03-17 21:15:52 controller.py:59]   resources: {AWS(cpus=4, {'L4': 1}), AWS([Spot], cpus=4, {'L4': 1})}]
I 03-17 21:15:52 controller.py:195] Submitted managed job 34 (task: 0, name: 'compute-text-vectors'); SKYPILOT_TASK_ID: sky-managed-2025-03-17-21-15-52-088306_compute-text-vectors_34-0
I 03-17 21:15:52 controller.py:199] Started monitoring.
I 03-17 21:15:52 state.py:451] Launching the spot cluster...
I 03-17 21:15:52 storage.py:1058] Storage type StoreType.S3 already exists.
<sky-payload>"<rich_init>[bold cyan]Optimizing[/]</rich_init>"</sky-payload>
<sky-payload>"<rich_update>[bold cyan]Optimizing[/]</rich_update>"</sky-payload>
<sky-payload>"<rich_start>[bold cyan]Optimizing[/]</rich_start>"</sky-payload>
I 03-17 21:15:53 optimizer.py:736] [1mTarget:[0m minimizing cost
I 03-17 21:15:53 optimizer.py:749] [1mEstimated cost: [0m$0.2 / hour
I 03-17 21:15:53 optimizer.py:749] 
I 03-17 21:15:53 optimizer.py:884] Considered resources (1 node):
I 03-17 21:15:53 optimizer.py:952] ----------------------------------------------------------------------------------------------
I 03-17 21:15:53 optimizer.py:952]  CLOUD   INSTANCE          vCPUs   Mem(GB)   ACCELERATORS   REGION/ZONE   COST ($)   CHOSEN   
I 03-17 21:15:53 optimizer.py:952] ----------------------------------------------------------------------------------------------
I 03-17 21:15:53 optimizer.py:952]  AWS     g6.xlarge[Spot]   4       16        L4:1           ap-south-1b   0.22       [32m   ✔[0m     
I 03-17 21:15:53 optimizer.py:952]  AWS     g6.xlarge         4       16        L4:1           us-east-1     0.80                
I 03-17 21:15:53 optimizer.py:952] ----------------------------------------------------------------------------------------------
<sky-payload>"<rich_exit></rich_exit>"</sky-payload>
<sky-payload>"<rich_init>[bold cyan]Launching[/]</rich_init>"</sky-payload>
<sky-payload>"<rich_update>[bold cyan]Launching[/]</rich_update>"</sky-payload>
<sky-payload>"<rich_start>[bold cyan]Launching[/]</rich_start>"</sky-payload>
<sky-payload>"<rich_update>[bold cyan]Launching[/]  \u001b[2mView logs: sky api logs -l sky-2025-03-17-21-15-52-705783/provision.log\u001b[0m</rich_update>"</sky-payload>
<sky-payload>"<rich_update>[bold cyan]Launching[/]  \u001b[2mView logs: sky api logs -l sky-2025-03-17-21-15-52-705783/provision.log\u001b[0m</rich_update>"</sky-payload>
I 03-17 21:15:53 cloud_vm_ray_backend.py:1520] [0m⚙︎ Launching on AWS ap-south-1[0m (ap-south-1b).
[2mW 03-17 21:17:52 instance.py:243] create_instances: Attempt failed with An error occurred (MaxSpotInstanceCountExceeded) when calling the RunInstances operation: Max spot instance count exceeded[0m
W 03-17 21:17:53 cloud_vm_ray_backend.py:2061] sky.exceptions.ResourcesUnavailableError: Failed to acquire resources in ap-south-1b for {AWS(cpus=4, {'L4': 1}), AWS([Spot], cpus=4, {'L4': 1})}. 
W 03-17 21:17:53 cloud_vm_ray_backend.py:2097] 
W 03-17 21:17:53 cloud_vm_ray_backend.py:2097] [0m[33m↺[0m Trying other potential resources.
<sky-payload>"<rich_update>[bold cyan]Looking for resources[/]  \u001b[2mView logs: sky api logs -l sky-2025-03-17-21-15-52-705783/provision.log\u001b[0m</rich_update>"</sky-payload>
<sky-payload>"<rich_update>[bold cyan]Optimizing[/]</rich_update>"</sky-payload>
<sky-payload>"<rich_start>[bold cyan]Launching[/]</rich_start>"</sky-payload>
I 03-17 21:17:54 optimizer.py:736] [1mTarget:[0m minimizing cost
I 03-17 21:17:54 optimizer.py:749] [1mEstimated cost: [0m$0.2 / hour
I 03-17 21:17:54 optimizer.py:749] 
I 03-17 21:17:54 optimizer.py:884] Considered resources (1 node):
I 03-17 21:17:54 optimizer.py:952] ----------------------------------------------------------------------------------------------
I 03-17 21:17:54 optimizer.py:952]  CLOUD   INSTANCE          vCPUs   Mem(GB)   ACCELERATORS   REGION/ZONE   COST ($)   CHOSEN   
I 03-17 21:17:54 optimizer.py:952] ----------------------------------------------------------------------------------------------
I 03-17 21:17:54 optimizer.py:952]  AWS     g6.xlarge[Spot]   4       16        L4:1           ap-south-1a   0.25       [32m   ✔[0m     
I 03-17 21:17:54 optimizer.py:952]  AWS     g6.xlarge         4       16        L4:1           us-east-1     0.80                
I 03-17 21:17:54 optimizer.py:952] ----------------------------------------------------------------------------------------------
<sky-payload>"<rich_update>[bold cyan]Looking for resources[/]  \u001b[2mView logs: sky api logs -l sky-2025-03-17-21-15-52-705783/provision.log\u001b[0m</rich_update>"</sky-payload>
<sky-payload>"<rich_update>[bold cyan]Launching[/]  \u001b[2mView logs: sky api logs -l sky-2025-03-17-21-15-52-705783/provision.log\u001b[0m</rich_update>"</sky-payload>
I 03-17 21:17:54 cloud_vm_ray_backend.py:1520] [0m⚙︎ Launching on AWS ap-south-1[0m (ap-south-1a).
W 03-17 21:27:20 cloud_vm_ray_backend.py:2061] sky.exceptions.ResourcesUnavailableError: Failed to acquire resources in ap-south-1a for {AWS(cpus=4, {'L4': 1}), AWS([Spot], cpus=4, {'L4': 1})}. 
W 03-17 21:27:20 cloud_vm_ray_backend.py:2097] 
W 03-17 21:27:20 cloud_vm_ray_backend.py:2097] [0m[33m↺[0m Trying other potential resources.
<sky-payload>"<rich_update>[bold cyan]Looking for resources[/]  \u001b[2mView logs: sky api logs -l sky-2025-03-17-21-15-52-705783/provision.log\u001b[0m</rich_update>"</sky-payload>
<sky-payload>"<rich_update>[bold cyan]Optimizing[/]</rich_update>"</sky-payload>
<sky-payload>"<rich_start>[bold cyan]Launching[/]</rich_start>"</sky-payload>
I 03-17 21:27:21 optimizer.py:736] [1mTarget:[0m minimizing cost
I 03-17 21:27:21 optimizer.py:749] [1mEstimated cost: [0m$0.3 / hour
I 03-17 21:27:21 optimizer.py:749] 
I 03-17 21:27:21 optimizer.py:884] Considered resources (1 node):
I 03-17 21:27:21 optimizer.py:952] --------------------------------------------------------------------------------------------------
I 03-17 21:27:21 optimizer.py:952]  CLOUD   INSTANCE          vCPUs   Mem(GB)   ACCELERATORS   REGION/ZONE       COST ($)   CHOSEN   
I 03-17 21:27:21 optimizer.py:952] --------------------------------------------------------------------------------------------------
I 03-17 21:27:21 optimizer.py:952]  AWS     g6.xlarge[Spot]   4       16        L4:1           ap-northeast-2d   0.25       [32m   ✔[0m     
I 03-17 21:27:21 optimizer.py:952]  AWS     g6.xlarge         4       16        L4:1           us-east-1         0.80                
I 03-17 21:27:21 optimizer.py:952] --------------------------------------------------------------------------------------------------
<sky-payload>"<rich_update>[bold cyan]Looking for resources[/]  \u001b[2mView logs: sky api logs -l sky-2025-03-17-21-15-52-705783/provision.log\u001b[0m</rich_update>"</sky-payload>
<sky-payload>"<rich_update>[bold cyan]Launching[/]  \u001b[2mView logs: sky api logs -l sky-2025-03-17-21-15-52-705783/provision.log\u001b[0m</rich_update>"</sky-payload>
I 03-17 21:27:21 cloud_vm_ray_backend.py:1520] [0m⚙︎ Launching on AWS ap-northeast-2[0m (ap-northeast-2d).
[2mW 03-17 21:27:34 instance.py:243] create_instances: Attempt failed with An error occurred (InsufficientInstanceCapacity) when calling the RunInstances operation (reached max retries: 0): We currently do not have sufficient g6.xlarge capacity in the Availability Zone you requested (ap-northeast-2d). Our system will be working on provisioning additional capacity. You can currently get g6.xlarge capacity by not specifying an Availability Zone in your request or choosing ap-northeast-2a.[0m
W 03-17 21:27:35 cloud_vm_ray_backend.py:2061] sky.exceptions.ResourcesUnavailableError: Failed to acquire resources in ap-northeast-2d for {AWS(cpus=4, {'L4': 1}), AWS([Spot], cpus=4, {'L4': 1})}. 
W 03-17 21:27:35 cloud_vm_ray_backend.py:2097] 
W 03-17 21:27:35 cloud_vm_ray_backend.py:2097] [0m[33m↺[0m Trying other potential resources.
<sky-payload>"<rich_update>[bold cyan]Looking for resources[/]  \u001b[2mView logs: sky api logs -l sky-2025-03-17-21-15-52-705783/provision.log\u001b[0m</rich_update>"</sky-payload>
<sky-payload>"<rich_update>[bold cyan]Optimizing[/]</rich_update>"</sky-payload>
<sky-payload>"<rich_start>[bold cyan]Launching[/]</rich_start>"</sky-payload>
I 03-17 21:27:35 optimizer.py:736] [1mTarget:[0m minimizing cost
I 03-17 21:27:35 optimizer.py:749] [1mEstimated cost: [0m$0.3 / hour
I 03-17 21:27:35 optimizer.py:749] 
I 03-17 21:27:35 optimizer.py:884] Considered resources (1 node):
I 03-17 21:27:35 optimizer.py:952] --------------------------------------------------------------------------------------------------
I 03-17 21:27:35 optimizer.py:952]  CLOUD   INSTANCE          vCPUs   Mem(GB)   ACCELERATORS   REGION/ZONE       COST ($)   CHOSEN   
I 03-17 21:27:35 optimizer.py:952] --------------------------------------------------------------------------------------------------
I 03-17 21:27:35 optimizer.py:952]  AWS     g6.xlarge[Spot]   4       16        L4:1           ap-northeast-2a   0.27       [32m   ✔[0m     
I 03-17 21:27:35 optimizer.py:952]  AWS     g6.xlarge         4       16        L4:1           us-east-1         0.80                
I 03-17 21:27:35 optimizer.py:952] --------------------------------------------------------------------------------------------------
<sky-payload>"<rich_update>[bold cyan]Looking for resources[/]  \u001b[2mView logs: sky api logs -l sky-2025-03-17-21-15-52-705783/provision.log\u001b[0m</rich_update>"</sky-payload>
<sky-payload>"<rich_update>[bold cyan]Launching[/]  \u001b[2mView logs: sky api logs -l sky-2025-03-17-21-15-52-705783/provision.log\u001b[0m</rich_update>"</sky-payload>
I 03-17 21:27:35 cloud_vm_ray_backend.py:1520] [0m⚙︎ Launching on AWS ap-northeast-2[0m (ap-northeast-2a).
[2mW 03-17 21:27:48 instance.py:243] create_instances: Attempt failed with An error occurred (InsufficientInstanceCapacity) when calling the RunInstances operation (reached max retries: 0): There is no Spot capacity available that matches your request.[0m
W 03-17 21:27:49 cloud_vm_ray_backend.py:2061] sky.exceptions.ResourcesUnavailableError: Failed to acquire resources in ap-northeast-2a for {AWS(cpus=4, {'L4': 1}), AWS([Spot], cpus=4, {'L4': 1})}. 
W 03-17 21:27:49 cloud_vm_ray_backend.py:2097] 
W 03-17 21:27:49 cloud_vm_ray_backend.py:2097] [0m[33m↺[0m Trying other potential resources.
<sky-payload>"<rich_update>[bold cyan]Looking for resources[/]  \u001b[2mView logs: sky api logs -l sky-2025-03-17-21-15-52-705783/provision.log\u001b[0m</rich_update>"</sky-payload>
<sky-payload>"<rich_update>[bold cyan]Optimizing[/]</rich_update>"</sky-payload>
<sky-payload>"<rich_start>[bold cyan]Launching[/]</rich_start>"</sky-payload>
I 03-17 21:27:50 optimizer.py:736] [1mTarget:[0m minimizing cost
I 03-17 21:27:50 optimizer.py:749] [1mEstimated cost: [0m$0.3 / hour
I 03-17 21:27:50 optimizer.py:749] 
I 03-17 21:27:50 optimizer.py:884] Considered resources (1 node):
I 03-17 21:27:50 optimizer.py:952] ----------------------------------------------------------------------------------------------
I 03-17 21:27:50 optimizer.py:952]  CLOUD   INSTANCE          vCPUs   Mem(GB)   ACCELERATORS   REGION/ZONE   COST ($)   CHOSEN   
I 03-17 21:27:50 optimizer.py:952] ----------------------------------------------------------------------------------------------
I 03-17 21:27:50 optimizer.py:952]  AWS     g6.xlarge[Spot]   4       16        L4:1           us-east-1b    0.30       [32m   ✔[0m     
I 03-17 21:27:50 optimizer.py:952]  AWS     g6.xlarge         4       16        L4:1           us-east-1     0.80                
I 03-17 21:27:50 optimizer.py:952] ----------------------------------------------------------------------------------------------
<sky-payload>"<rich_update>[bold cyan]Looking for resources[/]  \u001b[2mView logs: sky api logs -l sky-2025-03-17-21-15-52-705783/provision.log\u001b[0m</rich_update>"</sky-payload>
<sky-payload>"<rich_update>[bold cyan]Launching[/]  \u001b[2mView logs: sky api logs -l sky-2025-03-17-21-15-52-705783/provision.log\u001b[0m</rich_update>"</sky-payload>
I 03-17 21:27:50 cloud_vm_ray_backend.py:1520] [0m⚙︎ Launching on AWS us-east-1[0m (us-east-1b).
[2mW 03-17 21:27:56 instance.py:243] create_instances: Attempt failed with An error occurred (InsufficientInstanceCapacity) when calling the RunInstances operation (reached max retries: 0): We currently do not have sufficient g6.xlarge capacity in the Availability Zone you requested (us-east-1b). Our system will be working on provisioning additional capacity. You can currently get g6.xlarge capacity by not specifying an Availability Zone in your request or choosing us-east-1a, us-east-1c, us-east-1d.[0m
W 03-17 21:27:57 cloud_vm_ray_backend.py:2061] sky.exceptions.ResourcesUnavailableError: Failed to acquire resources in us-east-1b for {AWS(cpus=4, {'L4': 1}), AWS([Spot], cpus=4, {'L4': 1})}. 
W 03-17 21:27:57 cloud_vm_ray_backend.py:2097] 
W 03-17 21:27:57 cloud_vm_ray_backend.py:2097] [0m[33m↺[0m Trying other potential resources.
<sky-payload>"<rich_update>[bold cyan]Looking for resources[/]  \u001b[2mView logs: sky api logs -l sky-2025-03-17-21-15-52-705783/provision.log\u001b[0m</rich_update>"</sky-payload>
<sky-payload>"<rich_update>[bold cyan]Optimizing[/]</rich_update>"</sky-payload>
<sky-payload>"<rich_start>[bold cyan]Launching[/]</rich_start>"</sky-payload>
I 03-17 21:27:57 optimizer.py:736] [1mTarget:[0m minimizing cost
I 03-17 21:27:57 optimizer.py:749] [1mEstimated cost: [0m$0.3 / hour
I 03-17 21:27:57 optimizer.py:749] 
I 03-17 21:27:57 optimizer.py:884] Considered resources (1 node):
I 03-17 21:27:57 optimizer.py:952] ----------------------------------------------------------------------------------------------
I 03-17 21:27:57 optimizer.py:952]  CLOUD   INSTANCE          vCPUs   Mem(GB)   ACCELERATORS   REGION/ZONE   COST ($)   CHOSEN   
I 03-17 21:27:57 optimizer.py:952] ----------------------------------------------------------------------------------------------
I 03-17 21:27:57 optimizer.py:952]  AWS     g6.xlarge[Spot]   4       16        L4:1           us-east-2c    0.31       [32m   ✔[0m     
I 03-17 21:27:57 optimizer.py:952]  AWS     g6.xlarge         4       16        L4:1           us-east-1     0.80                
I 03-17 21:27:57 optimizer.py:952] ----------------------------------------------------------------------------------------------
<sky-payload>"<rich_update>[bold cyan]Looking for resources[/]  \u001b[2mView logs: sky api logs -l sky-2025-03-17-21-15-52-705783/provision.log\u001b[0m</rich_update>"</sky-payload>
<sky-payload>"<rich_update>[bold cyan]Launching[/]  \u001b[2mView logs: sky api logs -l sky-2025-03-17-21-15-52-705783/provision.log\u001b[0m</rich_update>"</sky-payload>
I 03-17 21:27:57 cloud_vm_ray_backend.py:1520] [0m⚙︎ Launching on AWS us-east-2[0m (us-east-2c).
[2mW 03-17 21:28:04 instance.py:243] create_instances: Attempt failed with An error occurred (InsufficientInstanceCapacity) when calling the RunInstances operation (reached max retries: 0): We currently do not have sufficient g6.xlarge capacity in the Availability Zone you requested (us-east-2c). Our system will be working on provisioning additional capacity. You can currently get g6.xlarge capacity by not specifying an Availability Zone in your request or choosing us-east-2a, us-east-2b.[0m
W 03-17 21:28:04 cloud_vm_ray_backend.py:2061] sky.exceptions.ResourcesUnavailableError: Failed to acquire resources in us-east-2c for {AWS(cpus=4, {'L4': 1}), AWS([Spot], cpus=4, {'L4': 1})}. 
W 03-17 21:28:04 cloud_vm_ray_backend.py:2097] 
W 03-17 21:28:04 cloud_vm_ray_backend.py:2097] [0m[33m↺[0m Trying other potential resources.
<sky-payload>"<rich_update>[bold cyan]Looking for resources[/]  \u001b[2mView logs: sky api logs -l sky-2025-03-17-21-15-52-705783/provision.log\u001b[0m</rich_update>"</sky-payload>
<sky-payload>"<rich_update>[bold cyan]Optimizing[/]</rich_update>"</sky-payload>
<sky-payload>"<rich_start>[bold cyan]Launching[/]</rich_start>"</sky-payload>
I 03-17 21:28:04 optimizer.py:736] [1mTarget:[0m minimizing cost
I 03-17 21:28:04 optimizer.py:749] [1mEstimated cost: [0m$0.3 / hour
I 03-17 21:28:04 optimizer.py:749] 
I 03-17 21:28:04 optimizer.py:884] Considered resources (1 node):
I 03-17 21:28:04 optimizer.py:952] ----------------------------------------------------------------------------------------------
I 03-17 21:28:04 optimizer.py:952]  CLOUD   INSTANCE          vCPUs   Mem(GB)   ACCELERATORS   REGION/ZONE   COST ($)   CHOSEN   
I 03-17 21:28:04 optimizer.py:952] ----------------------------------------------------------------------------------------------
I 03-17 21:28:04 optimizer.py:952]  AWS     g6.xlarge[Spot]   4       16        L4:1           us-east-2b    0.32       [32m   ✔[0m     
I 03-17 21:28:04 optimizer.py:952]  AWS     g6.xlarge         4       16        L4:1           us-east-1     0.80                
I 03-17 21:28:04 optimizer.py:952] ----------------------------------------------------------------------------------------------
<sky-payload>"<rich_update>[bold cyan]Looking for resources[/]  \u001b[2mView logs: sky api logs -l sky-2025-03-17-21-15-52-705783/provision.log\u001b[0m</rich_update>"</sky-payload>
<sky-payload>"<rich_update>[bold cyan]Launching[/]  \u001b[2mView logs: sky api logs -l sky-2025-03-17-21-15-52-705783/provision.log\u001b[0m</rich_update>"</sky-payload>
I 03-17 21:28:04 cloud_vm_ray_backend.py:1520] [0m⚙︎ Launching on AWS us-east-2[0m (us-east-2b).
[2mW 03-17 21:28:11 instance.py:243] create_instances: Attempt failed with An error occurred (InsufficientInstanceCapacity) when calling the RunInstances operation (reached max retries: 0): We currently do not have sufficient g6.xlarge capacity in the Availability Zone you requested (us-east-2b). Our system will be working on provisioning additional capacity. You can currently get g6.xlarge capacity by not specifying an Availability Zone in your request or choosing us-east-2a, us-east-2c.[0m
W 03-17 21:28:11 cloud_vm_ray_backend.py:2061] sky.exceptions.ResourcesUnavailableError: Failed to acquire resources in us-east-2b for {AWS(cpus=4, {'L4': 1}), AWS([Spot], cpus=4, {'L4': 1})}. 
W 03-17 21:28:11 cloud_vm_ray_backend.py:2097] 
W 03-17 21:28:11 cloud_vm_ray_backend.py:2097] [0m[33m↺[0m Trying other potential resources.
<sky-payload>"<rich_update>[bold cyan]Looking for resources[/]  \u001b[2mView logs: sky api logs -l sky-2025-03-17-21-15-52-705783/provision.log\u001b[0m</rich_update>"</sky-payload>
<sky-payload>"<rich_update>[bold cyan]Optimizing[/]</rich_update>"</sky-payload>
<sky-payload>"<rich_start>[bold cyan]Launching[/]</rich_start>"</sky-payload>
I 03-17 21:28:11 optimizer.py:736] [1mTarget:[0m minimizing cost
I 03-17 21:28:11 optimizer.py:749] [1mEstimated cost: [0m$0.3 / hour
I 03-17 21:28:11 optimizer.py:749] 
I 03-17 21:28:11 optimizer.py:884] Considered resources (1 node):
I 03-17 21:28:11 optimizer.py:952] ------------------------------------------------------------------------------------------------
I 03-17 21:28:11 optimizer.py:952]  CLOUD   INSTANCE          vCPUs   Mem(GB)   ACCELERATORS   REGION/ZONE     COST ($)   CHOSEN   
I 03-17 21:28:11 optimizer.py:952] ------------------------------------------------------------------------------------------------
I 03-17 21:28:11 optimizer.py:952]  AWS     g6.xlarge[Spot]   4       16        L4:1           ca-central-1a   0.33       [32m   ✔[0m     
I 03-17 21:28:11 optimizer.py:952]  AWS     g6.xlarge         4       16        L4:1           us-east-1       0.80                
I 03-17 21:28:11 optimizer.py:952] ------------------------------------------------------------------------------------------------
<sky-payload>"<rich_update>[bold cyan]Looking for resources[/]  \u001b[2mView logs: sky api logs -l sky-2025-03-17-21-15-52-705783/provision.log\u001b[0m</rich_update>"</sky-payload>
<sky-payload>"<rich_update>[bold cyan]Launching[/]  \u001b[2mView logs: sky api logs -l sky-2025-03-17-21-15-52-705783/provision.log\u001b[0m</rich_update>"</sky-payload>
I 03-17 21:28:12 cloud_vm_ray_backend.py:1520] [0m⚙︎ Launching on AWS ca-central-1[0m (ca-central-1a).
<sky-payload>"<rich_update>[bold cyan]Launching - Checking instance status[/]  \u001b[2mView logs: sky api logs -l sky-2025-03-17-21-15-52-705783/provision.log\u001b[0m</rich_update>"</sky-payload>
<sky-payload>"<rich_update>[bold cyan]Launching - Waiting for SSH access[/]  \u001b[2mView logs: sky api logs -l sky-2025-03-17-21-15-52-705783/provision.log\u001b[0m</rich_update>"</sky-payload>
<sky-payload>"<rich_start>[bold cyan]Launching[/]</rich_start>"</sky-payload>
I 03-17 21:28:36 provisioner.py:451] [2m└── [0m[2mInstance is up.[0m
<sky-payload>"<rich_update>[bold cyan]Preparing SkyPilot runtime (1/3 - initializing)[/]  \u001b[2mView logs: sky api logs -l sky-2025-03-17-21-15-52-705783/provision.log\u001b[0m</rich_update>"</sky-payload>
<sky-payload>"<rich_update>[bold cyan]Preparing SkyPilot runtime (2/3 - dependencies)[/]  \u001b[2mView logs: sky api logs -l sky-2025-03-17-21-15-52-705783/provision.log\u001b[0m</rich_update>"</sky-payload>
<sky-payload>"<rich_update>[bold cyan]Preparing SkyPilot runtime (3/3 - runtime)[/]  \u001b[2mView logs: sky api logs -l sky-2025-03-17-21-15-52-705783/provision.log\u001b[0m</rich_update>"</sky-payload>
<sky-payload>"<rich_update>[bold cyan]Launching - Checking instance status[/]  \u001b[2mView logs: sky api logs -l sky-2025-03-17-21-15-52-705783/provision.log\u001b[0m</rich_update>"</sky-payload>
I 03-17 21:28:58 provisioner.py:632] [0m[32m✓ Cluster launched: compute-text-vectors-34.[0m  [2mView logs: sky api logs -l sky-2025-03-17-21-15-52-705783/provision.log[0m
<sky-payload>"<rich_exit></rich_exit>"</sky-payload>
I 03-17 21:28:58 execution.py:332] [0m⚙︎ Syncing files.
<sky-payload>"<rich_init>[bold cyan]Syncing files[/]</rich_init>"</sky-payload>
<sky-payload>"<rich_update>[bold cyan]Syncing files[/]</rich_update>"</sky-payload>
<sky-payload>"<rich_start>[bold cyan]Syncing files[/]</rich_start>"</sky-payload>
<sky-payload>"<rich_update>[bold cyan]Syncing file mounts[/]  \u001b[2mView logs: sky api logs -l sky-2025-03-17-21-15-52-705783/file_mounts.log\u001b[0m</rich_update>"</sky-payload>
I 03-17 21:28:58 backend_utils.py:1315]   [2mSyncing (to 1 node): s3://skypilot-filemounts-root-726f1974-cj43qwz6/job-cj43qwz6/workdir -> ~/sky_workdir[0m
I 03-17 21:29:00 cloud_vm_ray_backend.py:4801] [0m[32m✓ Synced file_mounts.[0m  [2mView logs: sky api logs -l sky-2025-03-17-21-15-52-705783/file_mounts.log[0m
<sky-payload>"<rich_update>[bold cyan]Mounting 1 storage[/]  \u001b[2mView logs: sky api logs -l sky-2025-03-17-21-15-52-705783/storage_mounts.log\u001b[0m</rich_update>"</sky-payload>
I 03-17 21:29:00 backend_utils.py:1315]   [2mMounting (to 1 node): s3://sky-text-embeddings-multi-cluster-final-2 -> /output[0m
I 03-17 21:29:02 cloud_vm_ray_backend.py:4892] [0m[32m✓ Storage mounted.[0m  [2mView logs: sky api logs -l sky-2025-03-17-21-15-52-705783/storage_mounts.log[0m
<sky-payload>"<rich_exit></rich_exit>"</sky-payload>
<sky-payload>"<rich_init>[bold cyan]Running setup[/]</rich_init>"</sky-payload>
<sky-payload>"<rich_update>[bold cyan]Running setup[/]</rich_update>"</sky-payload>
<sky-payload>"<rich_start>[bold cyan]Running setup[/]</rich_start>"</sky-payload>
<sky-payload>"<rich_stop></rich_stop>"</sky-payload>
I 03-17 21:29:02 cloud_vm_ray_backend.py:3357] [0m[32m✓ Setup detached.[0m
<sky-payload>"<rich_exit></rich_exit>"</sky-payload>
<sky-payload>"<rich_init>[bold cyan]Submitting job[/]</rich_init>"</sky-payload>
<sky-payload>"<rich_update>[bold cyan]Submitting job[/]</rich_update>"</sky-payload>
<sky-payload>"<rich_start>[bold cyan]Submitting job[/]</rich_start>"</sky-payload>
I 03-17 21:29:03 cloud_vm_ray_backend.py:3546] Multiple resources are specified for the task, using: AWS([Spot], cpus=4, {'L4': 1})
I 03-17 21:29:04 cloud_vm_ray_backend.py:3460] [0m⚙︎ Job submitted, ID: 1
<sky-payload>"<rich_stop></rich_stop>"</sky-payload>
<sky-payload>"<rich_exit></rich_exit>"</sky-payload>

[?25hI 03-17 21:29:04 recovery_strategy.py:289] Managed job cluster launched.
I 03-17 21:29:08 utils.py:131] === Checking the job status... ===
I 03-17 21:29:08 utils.py:137] Job status: JobStatus.SETTING_UP
I 03-17 21:29:08 utils.py:140] ==================================
I 03-17 21:29:09 state.py:471] Job started.
I 03-17 21:29:29 utils.py:131] === Checking the job status... ===
I 03-17 21:29:30 utils.py:137] Job status: JobStatus.SETTING_UP
I 03-17 21:29:30 utils.py:140] ==================================
I 03-17 21:29:50 utils.py:131] === Checking the job status... ===
I 03-17 21:29:51 utils.py:137] Job status: JobStatus.SETTING_UP
I 03-17 21:29:51 utils.py:140] ==================================
I 03-17 21:30:11 utils.py:131] === Checking the job status... ===
I 03-17 21:30:12 utils.py:137] Job status: JobStatus.SETTING_UP
I 03-17 21:30:12 utils.py:140] ==================================
I 03-17 21:30:32 utils.py:131] === Checking the job status... ===
I 03-17 21:30:32 utils.py:137] Job status: JobStatus.SETTING_UP
I 03-17 21:30:32 utils.py:140] ==================================
I 03-17 21:30:52 utils.py:131] === Checking the job status... ===
I 03-17 21:30:53 utils.py:137] Job status: JobStatus.SETTING_UP
I 03-17 21:30:53 utils.py:140] ==================================
I 03-17 21:31:13 utils.py:131] === Checking the job status... ===
I 03-17 21:31:14 utils.py:137] Job status: JobStatus.SETTING_UP
I 03-17 21:31:14 utils.py:140] ==================================
I 03-17 21:31:34 utils.py:131] === Checking the job status... ===
I 03-17 21:31:35 utils.py:137] Job status: JobStatus.RUNNING
I 03-17 21:31:35 utils.py:140] ==================================
I 03-17 21:31:55 utils.py:131] === Checking the job status... ===
I 03-17 21:31:55 utils.py:137] Job status: JobStatus.RUNNING
I 03-17 21:31:55 utils.py:140] ==================================
I 03-17 21:32:16 utils.py:131] === Checking the job status... ===
I 03-17 21:32:16 utils.py:137] Job status: JobStatus.RUNNING
I 03-17 21:32:16 utils.py:140] ==================================
I 03-17 21:32:36 utils.py:131] === Checking the job status... ===
I 03-17 21:32:37 utils.py:137] Job status: JobStatus.RUNNING
I 03-17 21:32:37 utils.py:140] ==================================
I 03-17 21:32:57 utils.py:131] === Checking the job status... ===
I 03-17 21:32:58 utils.py:137] Job status: JobStatus.RUNNING
I 03-17 21:32:58 utils.py:140] ==================================
I 03-17 21:33:18 utils.py:131] === Checking the job status... ===
I 03-17 21:33:19 utils.py:137] Job status: JobStatus.RUNNING
I 03-17 21:33:19 utils.py:140] ==================================
I 03-17 21:33:39 utils.py:131] === Checking the job status... ===
I 03-17 21:33:40 utils.py:137] Job status: JobStatus.RUNNING
I 03-17 21:33:40 utils.py:140] ==================================
I 03-17 21:34:00 utils.py:131] === Checking the job status... ===
I 03-17 21:34:01 utils.py:137] Job status: JobStatus.RUNNING
I 03-17 21:34:01 utils.py:140] ==================================
I 03-17 21:34:21 utils.py:131] === Checking the job status... ===
I 03-17 21:34:22 utils.py:137] Job status: JobStatus.RUNNING
I 03-17 21:34:22 utils.py:140] ==================================
I 03-17 21:34:42 utils.py:131] === Checking the job status... ===
I 03-17 21:34:43 utils.py:137] Job status: JobStatus.RUNNING
I 03-17 21:34:43 utils.py:140] ==================================
I 03-17 21:35:03 utils.py:131] === Checking the job status... ===
I 03-17 21:35:07 utils.py:137] Job status: JobStatus.RUNNING
I 03-17 21:35:07 utils.py:140] ==================================
I 03-17 21:35:27 utils.py:131] === Checking the job status... ===
I 03-17 21:35:30 utils.py:137] Job status: JobStatus.RUNNING
I 03-17 21:35:30 utils.py:140] ==================================
I 03-17 21:35:50 utils.py:131] === Checking the job status... ===
I 03-17 21:35:52 utils.py:137] Job status: JobStatus.RUNNING
I 03-17 21:35:52 utils.py:140] ==================================
I 03-17 21:36:12 utils.py:131] === Checking the job status... ===
I 03-17 21:36:12 utils.py:137] Job status: JobStatus.RUNNING
I 03-17 21:36:12 utils.py:140] ==================================
I 03-17 21:36:32 utils.py:131] === Checking the job status... ===
I 03-17 21:36:33 utils.py:137] Job status: JobStatus.RUNNING
I 03-17 21:36:33 utils.py:140] ==================================
I 03-17 21:36:53 utils.py:131] === Checking the job status... ===
I 03-17 21:36:54 utils.py:137] Job status: JobStatus.RUNNING
I 03-17 21:36:54 utils.py:140] ==================================
I 03-17 21:37:14 utils.py:131] === Checking the job status... ===
I 03-17 21:37:15 utils.py:137] Job status: JobStatus.RUNNING
I 03-17 21:37:15 utils.py:140] ==================================
I 03-17 21:37:35 utils.py:131] === Checking the job status... ===
I 03-17 21:37:35 utils.py:137] Job status: JobStatus.RUNNING
I 03-17 21:37:35 utils.py:140] ==================================
I 03-17 21:37:55 utils.py:131] === Checking the job status... ===
I 03-17 21:37:56 utils.py:137] Job status: JobStatus.RUNNING
I 03-17 21:37:56 utils.py:140] ==================================
I 03-17 21:38:16 utils.py:131] === Checking the job status... ===
I 03-17 21:38:17 utils.py:137] Job status: JobStatus.RUNNING
I 03-17 21:38:17 utils.py:140] ==================================
I 03-17 21:38:37 utils.py:131] === Checking the job status... ===
I 03-17 21:38:38 utils.py:137] Job status: JobStatus.RUNNING
I 03-17 21:38:38 utils.py:140] ==================================
I 03-17 21:38:58 utils.py:131] === Checking the job status... ===
I 03-17 21:38:58 utils.py:137] Job status: JobStatus.RUNNING
I 03-17 21:38:58 utils.py:140] ==================================
I 03-17 21:39:19 utils.py:131] === Checking the job status... ===
I 03-17 21:39:19 utils.py:137] Job status: JobStatus.RUNNING
I 03-17 21:39:19 utils.py:140] ==================================
I 03-17 21:39:39 utils.py:131] === Checking the job status... ===
I 03-17 21:39:40 utils.py:137] Job status: JobStatus.RUNNING
I 03-17 21:39:40 utils.py:140] ==================================
I 03-17 21:40:00 utils.py:131] === Checking the job status... ===
I 03-17 21:40:01 utils.py:137] Job status: JobStatus.RUNNING
I 03-17 21:40:01 utils.py:140] ==================================
I 03-17 21:40:21 utils.py:131] === Checking the job status... ===
I 03-17 21:40:21 utils.py:137] Job status: JobStatus.RUNNING
I 03-17 21:40:21 utils.py:140] ==================================
I 03-17 21:40:41 utils.py:131] === Checking the job status... ===
I 03-17 21:40:42 utils.py:137] Job status: JobStatus.RUNNING
I 03-17 21:40:42 utils.py:140] ==================================
I 03-17 21:41:02 utils.py:131] === Checking the job status... ===
I 03-17 21:41:03 utils.py:137] Job status: JobStatus.RUNNING
I 03-17 21:41:03 utils.py:140] ==================================
I 03-17 21:41:23 utils.py:131] === Checking the job status... ===
I 03-17 21:41:24 utils.py:137] Job status: JobStatus.RUNNING
I 03-17 21:41:24 utils.py:140] ==================================
I 03-17 21:41:44 utils.py:131] === Checking the job status... ===
I 03-17 21:41:44 utils.py:137] Job status: JobStatus.RUNNING
I 03-17 21:41:44 utils.py:140] ==================================
I 03-17 21:42:04 utils.py:131] === Checking the job status... ===
I 03-17 21:42:05 utils.py:137] Job status: JobStatus.RUNNING
I 03-17 21:42:05 utils.py:140] ==================================
I 03-17 21:42:25 utils.py:131] === Checking the job status... ===
I 03-17 21:42:26 utils.py:137] Job status: JobStatus.RUNNING
I 03-17 21:42:26 utils.py:140] ==================================
I 03-17 21:42:46 utils.py:131] === Checking the job status... ===
I 03-17 21:42:47 utils.py:137] Job status: JobStatus.RUNNING
I 03-17 21:42:47 utils.py:140] ==================================
I 03-17 21:43:07 utils.py:131] === Checking the job status... ===
I 03-17 21:43:07 utils.py:137] Job status: JobStatus.RUNNING
I 03-17 21:43:07 utils.py:140] ==================================
I 03-17 21:43:27 utils.py:131] === Checking the job status... ===
I 03-17 21:43:28 utils.py:137] Job status: JobStatus.RUNNING
I 03-17 21:43:28 utils.py:140] ==================================
I 03-17 21:43:48 utils.py:131] === Checking the job status... ===
I 03-17 21:43:49 utils.py:137] Job status: JobStatus.RUNNING
I 03-17 21:43:49 utils.py:140] ==================================
I 03-17 21:44:09 utils.py:131] === Checking the job status... ===
I 03-17 21:44:10 utils.py:137] Job status: JobStatus.RUNNING
I 03-17 21:44:10 utils.py:140] ==================================
I 03-17 21:44:30 utils.py:131] === Checking the job status... ===
I 03-17 21:44:30 utils.py:137] Job status: JobStatus.RUNNING
I 03-17 21:44:30 utils.py:140] ==================================
I 03-17 21:44:50 utils.py:131] === Checking the job status... ===
I 03-17 21:44:51 utils.py:137] Job status: JobStatus.RUNNING
I 03-17 21:44:51 utils.py:140] ==================================
I 03-17 21:45:11 utils.py:131] === Checking the job status... ===
I 03-17 21:45:12 utils.py:137] Job status: JobStatus.RUNNING
I 03-17 21:45:12 utils.py:140] ==================================
I 03-17 21:45:32 utils.py:131] === Checking the job status... ===
I 03-17 21:45:33 utils.py:137] Job status: JobStatus.RUNNING
I 03-17 21:45:33 utils.py:140] ==================================
I 03-17 21:45:53 utils.py:131] === Checking the job status... ===
I 03-17 21:45:53 utils.py:137] Job status: JobStatus.RUNNING
I 03-17 21:45:53 utils.py:140] ==================================
I 03-17 21:46:14 utils.py:131] === Checking the job status... ===
I 03-17 21:46:14 utils.py:137] Job status: JobStatus.RUNNING
I 03-17 21:46:14 utils.py:140] ==================================
I 03-17 21:46:34 utils.py:131] === Checking the job status... ===
I 03-17 21:46:35 utils.py:137] Job status: JobStatus.RUNNING
I 03-17 21:46:35 utils.py:140] ==================================
I 03-17 21:46:55 utils.py:131] === Checking the job status... ===
I 03-17 21:46:56 utils.py:137] Job status: JobStatus.RUNNING
I 03-17 21:46:56 utils.py:140] ==================================
I 03-17 21:47:16 utils.py:131] === Checking the job status... ===
I 03-17 21:47:16 utils.py:137] Job status: JobStatus.RUNNING
I 03-17 21:47:16 utils.py:140] ==================================
I 03-17 21:47:37 utils.py:131] === Checking the job status... ===
I 03-17 21:47:37 utils.py:137] Job status: JobStatus.RUNNING
I 03-17 21:47:37 utils.py:140] ==================================
I 03-17 21:47:57 utils.py:131] === Checking the job status... ===
I 03-17 21:47:58 utils.py:137] Job status: JobStatus.RUNNING
I 03-17 21:47:58 utils.py:140] ==================================
I 03-17 21:48:18 utils.py:131] === Checking the job status... ===
I 03-17 21:48:19 utils.py:137] Job status: JobStatus.RUNNING
I 03-17 21:48:19 utils.py:140] ==================================
I 03-17 21:48:39 utils.py:131] === Checking the job status... ===
I 03-17 21:48:40 utils.py:137] Job status: JobStatus.RUNNING
I 03-17 21:48:40 utils.py:140] ==================================
I 03-17 21:49:00 utils.py:131] === Checking the job status... ===
I 03-17 21:49:00 utils.py:137] Job status: JobStatus.RUNNING
I 03-17 21:49:00 utils.py:140] ==================================
I 03-17 21:49:20 utils.py:131] === Checking the job status... ===
I 03-17 21:49:21 utils.py:137] Job status: JobStatus.RUNNING
I 03-17 21:49:21 utils.py:140] ==================================
I 03-17 21:49:41 utils.py:131] === Checking the job status... ===
I 03-17 21:49:42 utils.py:137] Job status: JobStatus.RUNNING
I 03-17 21:49:42 utils.py:140] ==================================
I 03-17 21:50:02 utils.py:131] === Checking the job status... ===
I 03-17 21:50:03 utils.py:137] Job status: JobStatus.RUNNING
I 03-17 21:50:03 utils.py:140] ==================================
I 03-17 21:50:23 utils.py:131] === Checking the job status... ===
I 03-17 21:50:23 utils.py:137] Job status: JobStatus.RUNNING
I 03-17 21:50:23 utils.py:140] ==================================
I 03-17 21:50:44 utils.py:131] === Checking the job status... ===
I 03-17 21:50:44 utils.py:137] Job status: JobStatus.RUNNING
I 03-17 21:50:44 utils.py:140] ==================================
I 03-17 21:51:04 utils.py:131] === Checking the job status... ===
I 03-17 21:51:05 utils.py:137] Job status: JobStatus.RUNNING
I 03-17 21:51:05 utils.py:140] ==================================
I 03-17 21:51:25 utils.py:131] === Checking the job status... ===
I 03-17 21:51:26 utils.py:137] Job status: JobStatus.RUNNING
I 03-17 21:51:26 utils.py:140] ==================================
I 03-17 21:51:46 utils.py:131] === Checking the job status... ===
I 03-17 21:51:46 utils.py:137] Job status: JobStatus.RUNNING
I 03-17 21:51:46 utils.py:140] ==================================
I 03-17 21:52:06 utils.py:131] === Checking the job status... ===
I 03-17 21:52:07 utils.py:137] Job status: JobStatus.RUNNING
I 03-17 21:52:07 utils.py:140] ==================================
I 03-17 21:52:27 utils.py:131] === Checking the job status... ===
I 03-17 21:52:28 utils.py:137] Job status: JobStatus.RUNNING
I 03-17 21:52:28 utils.py:140] ==================================
I 03-17 21:52:48 utils.py:131] === Checking the job status... ===
I 03-17 21:52:49 utils.py:137] Job status: JobStatus.RUNNING
I 03-17 21:52:49 utils.py:140] ==================================
I 03-17 21:53:09 utils.py:131] === Checking the job status... ===
I 03-17 21:53:09 utils.py:137] Job status: JobStatus.RUNNING
I 03-17 21:53:09 utils.py:140] ==================================
I 03-17 21:53:30 utils.py:131] === Checking the job status... ===
I 03-17 21:53:30 utils.py:137] Job status: JobStatus.RUNNING
I 03-17 21:53:30 utils.py:140] ==================================
I 03-17 21:53:50 utils.py:131] === Checking the job status... ===
I 03-17 21:53:51 utils.py:137] Job status: JobStatus.RUNNING
I 03-17 21:53:51 utils.py:140] ==================================
I 03-17 21:54:11 utils.py:131] === Checking the job status... ===
I 03-17 21:54:12 utils.py:137] Job status: JobStatus.RUNNING
I 03-17 21:54:12 utils.py:140] ==================================
I 03-17 21:54:32 utils.py:131] === Checking the job status... ===
I 03-17 21:54:32 utils.py:137] Job status: JobStatus.RUNNING
I 03-17 21:54:32 utils.py:140] ==================================
I 03-17 21:54:53 utils.py:131] === Checking the job status... ===
I 03-17 21:54:53 utils.py:137] Job status: JobStatus.RUNNING
I 03-17 21:54:53 utils.py:140] ==================================
I 03-17 21:55:13 utils.py:131] === Checking the job status... ===
I 03-17 21:55:14 utils.py:137] Job status: JobStatus.RUNNING
I 03-17 21:55:14 utils.py:140] ==================================
I 03-17 21:55:34 utils.py:131] === Checking the job status... ===
I 03-17 21:55:35 utils.py:137] Job status: JobStatus.RUNNING
I 03-17 21:55:35 utils.py:140] ==================================
I 03-17 21:55:55 utils.py:131] === Checking the job status... ===
I 03-17 21:55:56 utils.py:137] Job status: JobStatus.RUNNING
I 03-17 21:55:56 utils.py:140] ==================================
I 03-17 21:56:16 utils.py:131] === Checking the job status... ===
I 03-17 21:56:16 utils.py:137] Job status: JobStatus.RUNNING
I 03-17 21:56:16 utils.py:140] ==================================
I 03-17 21:56:36 utils.py:131] === Checking the job status... ===
I 03-17 21:56:37 utils.py:137] Job status: JobStatus.RUNNING
I 03-17 21:56:37 utils.py:140] ==================================
I 03-17 21:56:57 utils.py:131] === Checking the job status... ===
I 03-17 21:56:58 utils.py:137] Job status: JobStatus.RUNNING
I 03-17 21:56:58 utils.py:140] ==================================
I 03-17 21:57:18 utils.py:131] === Checking the job status... ===
I 03-17 21:57:19 utils.py:137] Job status: JobStatus.RUNNING
I 03-17 21:57:19 utils.py:140] ==================================
I 03-17 21:57:39 utils.py:131] === Checking the job status... ===
I 03-17 21:57:39 utils.py:137] Job status: JobStatus.RUNNING
I 03-17 21:57:39 utils.py:140] ==================================
I 03-17 21:57:59 utils.py:131] === Checking the job status... ===
I 03-17 21:58:00 utils.py:137] Job status: JobStatus.RUNNING
I 03-17 21:58:00 utils.py:140] ==================================
I 03-17 21:58:20 utils.py:131] === Checking the job status... ===
I 03-17 21:58:21 utils.py:137] Job status: JobStatus.RUNNING
I 03-17 21:58:21 utils.py:140] ==================================
I 03-17 21:58:41 utils.py:131] === Checking the job status... ===
I 03-17 21:58:42 utils.py:137] Job status: JobStatus.RUNNING
I 03-17 21:58:42 utils.py:140] ==================================
I 03-17 21:59:02 utils.py:131] === Checking the job status... ===
I 03-17 21:59:02 utils.py:137] Job status: JobStatus.RUNNING
I 03-17 21:59:02 utils.py:140] ==================================
I 03-17 21:59:22 utils.py:131] === Checking the job status... ===
I 03-17 21:59:23 utils.py:137] Job status: JobStatus.RUNNING
I 03-17 21:59:23 utils.py:140] ==================================
I 03-17 21:59:43 utils.py:131] === Checking the job status... ===
I 03-17 21:59:44 utils.py:137] Job status: JobStatus.RUNNING
I 03-17 21:59:44 utils.py:140] ==================================
I 03-17 22:00:04 utils.py:131] === Checking the job status... ===
I 03-17 22:00:05 utils.py:137] Job status: JobStatus.RUNNING
I 03-17 22:00:05 utils.py:140] ==================================
I 03-17 22:00:25 utils.py:131] === Checking the job status... ===
I 03-17 22:00:25 utils.py:137] Job status: JobStatus.RUNNING
I 03-17 22:00:25 utils.py:140] ==================================
I 03-17 22:00:46 utils.py:131] === Checking the job status... ===
I 03-17 22:00:46 utils.py:137] Job status: JobStatus.RUNNING
I 03-17 22:00:46 utils.py:140] ==================================
I 03-17 22:01:06 utils.py:131] === Checking the job status... ===
I 03-17 22:01:07 utils.py:137] Job status: JobStatus.RUNNING
I 03-17 22:01:07 utils.py:140] ==================================
I 03-17 22:01:27 utils.py:131] === Checking the job status... ===
I 03-17 22:01:28 utils.py:137] Job status: JobStatus.RUNNING
I 03-17 22:01:28 utils.py:140] ==================================
I 03-17 22:01:48 utils.py:131] === Checking the job status... ===
I 03-17 22:01:49 utils.py:137] Job status: JobStatus.RUNNING
I 03-17 22:01:49 utils.py:140] ==================================
I 03-17 22:02:09 utils.py:131] === Checking the job status... ===
I 03-17 22:02:09 utils.py:137] Job status: JobStatus.RUNNING
I 03-17 22:02:09 utils.py:140] ==================================
I 03-17 22:02:29 utils.py:131] === Checking the job status... ===
I 03-17 22:02:30 utils.py:137] Job status: JobStatus.RUNNING
I 03-17 22:02:30 utils.py:140] ==================================
I 03-17 22:02:50 utils.py:131] === Checking the job status... ===
I 03-17 22:02:51 utils.py:137] Job status: JobStatus.RUNNING
I 03-17 22:02:51 utils.py:140] ==================================
I 03-17 22:03:11 utils.py:131] === Checking the job status... ===
I 03-17 22:03:11 utils.py:137] Job status: JobStatus.RUNNING
I 03-17 22:03:11 utils.py:140] ==================================
I 03-17 22:03:32 utils.py:131] === Checking the job status... ===
I 03-17 22:03:32 utils.py:137] Job status: JobStatus.RUNNING
I 03-17 22:03:32 utils.py:140] ==================================
I 03-17 22:03:52 utils.py:131] === Checking the job status... ===
I 03-17 22:03:53 utils.py:137] Job status: JobStatus.RUNNING
I 03-17 22:03:53 utils.py:140] ==================================
I 03-17 22:04:13 utils.py:131] === Checking the job status... ===
I 03-17 22:04:14 utils.py:137] Job status: JobStatus.RUNNING
I 03-17 22:04:14 utils.py:140] ==================================
I 03-17 22:04:34 utils.py:131] === Checking the job status... ===
I 03-17 22:04:34 utils.py:137] Job status: JobStatus.RUNNING
I 03-17 22:04:34 utils.py:140] ==================================
I 03-17 22:04:55 utils.py:131] === Checking the job status... ===
I 03-17 22:04:55 utils.py:137] Job status: JobStatus.RUNNING
I 03-17 22:04:55 utils.py:140] ==================================
I 03-17 22:05:15 utils.py:131] === Checking the job status... ===
I 03-17 22:05:16 utils.py:137] Job status: JobStatus.RUNNING
I 03-17 22:05:16 utils.py:140] ==================================
I 03-17 22:05:36 utils.py:131] === Checking the job status... ===
I 03-17 22:05:37 utils.py:137] Job status: JobStatus.RUNNING
I 03-17 22:05:37 utils.py:140] ==================================
I 03-17 22:05:57 utils.py:131] === Checking the job status... ===
I 03-17 22:05:58 utils.py:137] Job status: JobStatus.RUNNING
I 03-17 22:05:58 utils.py:140] ==================================
I 03-17 22:06:18 utils.py:131] === Checking the job status... ===
I 03-17 22:06:18 utils.py:137] Job status: JobStatus.RUNNING
I 03-17 22:06:18 utils.py:140] ==================================
I 03-17 22:06:39 utils.py:131] === Checking the job status... ===
I 03-17 22:06:39 utils.py:137] Job status: JobStatus.RUNNING
I 03-17 22:06:39 utils.py:140] ==================================
I 03-17 22:06:59 utils.py:131] === Checking the job status... ===
I 03-17 22:07:00 utils.py:137] Job status: JobStatus.RUNNING
I 03-17 22:07:00 utils.py:140] ==================================
I 03-17 22:07:20 utils.py:131] === Checking the job status... ===
I 03-17 22:07:21 utils.py:137] Job status: JobStatus.RUNNING
I 03-17 22:07:21 utils.py:140] ==================================
I 03-17 22:07:41 utils.py:131] === Checking the job status... ===
I 03-17 22:07:41 utils.py:137] Job status: JobStatus.RUNNING
I 03-17 22:07:41 utils.py:140] ==================================
I 03-17 22:08:02 utils.py:131] === Checking the job status... ===
I 03-17 22:08:02 utils.py:137] Job status: JobStatus.RUNNING
I 03-17 22:08:02 utils.py:140] ==================================
I 03-17 22:08:22 utils.py:131] === Checking the job status... ===
I 03-17 22:08:23 utils.py:137] Job status: JobStatus.RUNNING
I 03-17 22:08:23 utils.py:140] ==================================
I 03-17 22:08:43 utils.py:131] === Checking the job status... ===
I 03-17 22:08:44 utils.py:137] Job status: JobStatus.RUNNING
I 03-17 22:08:44 utils.py:140] ==================================
I 03-17 22:09:04 utils.py:131] === Checking the job status... ===
I 03-17 22:09:05 utils.py:137] Job status: JobStatus.RUNNING
I 03-17 22:09:05 utils.py:140] ==================================
I 03-17 22:09:25 utils.py:131] === Checking the job status... ===
I 03-17 22:09:25 utils.py:137] Job status: JobStatus.RUNNING
I 03-17 22:09:25 utils.py:140] ==================================
I 03-17 22:09:45 utils.py:131] === Checking the job status... ===
I 03-17 22:09:46 utils.py:137] Job status: JobStatus.RUNNING
I 03-17 22:09:46 utils.py:140] ==================================
I 03-17 22:10:06 utils.py:131] === Checking the job status... ===
I 03-17 22:10:07 utils.py:137] Job status: JobStatus.RUNNING
I 03-17 22:10:07 utils.py:140] ==================================
I 03-17 22:10:27 utils.py:131] === Checking the job status... ===
I 03-17 22:10:28 utils.py:137] Job status: JobStatus.RUNNING
I 03-17 22:10:28 utils.py:140] ==================================
I 03-17 22:10:48 utils.py:131] === Checking the job status... ===
I 03-17 22:10:48 utils.py:137] Job status: JobStatus.RUNNING
I 03-17 22:10:48 utils.py:140] ==================================
I 03-17 22:11:08 utils.py:131] === Checking the job status... ===
I 03-17 22:11:09 utils.py:137] Job status: JobStatus.RUNNING
I 03-17 22:11:09 utils.py:140] ==================================
I 03-17 22:11:29 utils.py:131] === Checking the job status... ===
I 03-17 22:11:30 utils.py:137] Job status: JobStatus.RUNNING
I 03-17 22:11:30 utils.py:140] ==================================
I 03-17 22:11:50 utils.py:131] === Checking the job status... ===
I 03-17 22:11:51 utils.py:137] Job status: JobStatus.RUNNING
I 03-17 22:11:51 utils.py:140] ==================================
I 03-17 22:12:11 utils.py:131] === Checking the job status... ===
I 03-17 22:12:11 utils.py:137] Job status: JobStatus.RUNNING
I 03-17 22:12:11 utils.py:140] ==================================
I 03-17 22:12:31 utils.py:131] === Checking the job status... ===
I 03-17 22:12:32 utils.py:137] Job status: JobStatus.RUNNING
I 03-17 22:12:32 utils.py:140] ==================================
I 03-17 22:12:52 utils.py:131] === Checking the job status... ===
I 03-17 22:12:53 utils.py:137] Job status: JobStatus.RUNNING
I 03-17 22:12:53 utils.py:140] ==================================
I 03-17 22:13:13 utils.py:131] === Checking the job status... ===
I 03-17 22:13:14 utils.py:137] Job status: JobStatus.RUNNING
I 03-17 22:13:14 utils.py:140] ==================================
I 03-17 22:13:34 utils.py:131] === Checking the job status... ===
I 03-17 22:13:34 utils.py:137] Job status: JobStatus.RUNNING
I 03-17 22:13:34 utils.py:140] ==================================
I 03-17 22:13:55 utils.py:131] === Checking the job status... ===
I 03-17 22:13:55 utils.py:137] Job status: JobStatus.RUNNING
I 03-17 22:13:55 utils.py:140] ==================================
I 03-17 22:14:15 utils.py:131] === Checking the job status... ===
I 03-17 22:14:16 utils.py:137] Job status: JobStatus.RUNNING
I 03-17 22:14:16 utils.py:140] ==================================
I 03-17 22:14:36 utils.py:131] === Checking the job status... ===
I 03-17 22:14:37 utils.py:137] Job status: JobStatus.RUNNING
I 03-17 22:14:37 utils.py:140] ==================================
I 03-17 22:14:57 utils.py:131] === Checking the job status... ===
I 03-17 22:14:58 utils.py:137] Job status: JobStatus.RUNNING
I 03-17 22:14:58 utils.py:140] ==================================
I 03-17 22:15:18 utils.py:131] === Checking the job status... ===
I 03-17 22:15:19 utils.py:137] Job status: JobStatus.RUNNING
I 03-17 22:15:19 utils.py:140] ==================================
I 03-17 22:15:39 utils.py:131] === Checking the job status... ===
I 03-17 22:15:39 utils.py:137] Job status: JobStatus.RUNNING
I 03-17 22:15:39 utils.py:140] ==================================
I 03-17 22:15:59 utils.py:131] === Checking the job status... ===
I 03-17 22:16:00 utils.py:137] Job status: JobStatus.RUNNING
I 03-17 22:16:00 utils.py:140] ==================================
I 03-17 22:16:20 utils.py:131] === Checking the job status... ===
I 03-17 22:16:21 utils.py:137] Job status: JobStatus.RUNNING
I 03-17 22:16:21 utils.py:140] ==================================
I 03-17 22:16:41 utils.py:131] === Checking the job status... ===
I 03-17 22:16:42 utils.py:137] Job status: JobStatus.RUNNING
I 03-17 22:16:42 utils.py:140] ==================================
I 03-17 22:17:02 utils.py:131] === Checking the job status... ===
I 03-17 22:17:02 utils.py:137] Job status: JobStatus.RUNNING
I 03-17 22:17:02 utils.py:140] ==================================
I 03-17 22:17:23 utils.py:131] === Checking the job status... ===
I 03-17 22:17:23 utils.py:137] Job status: JobStatus.RUNNING
I 03-17 22:17:23 utils.py:140] ==================================
I 03-17 22:17:43 utils.py:131] === Checking the job status... ===
I 03-17 22:17:44 utils.py:137] Job status: JobStatus.RUNNING
I 03-17 22:17:44 utils.py:140] ==================================
I 03-17 22:18:04 utils.py:131] === Checking the job status... ===
I 03-17 22:18:05 utils.py:137] Job status: JobStatus.RUNNING
I 03-17 22:18:05 utils.py:140] ==================================
I 03-17 22:18:25 utils.py:131] === Checking the job status... ===
I 03-17 22:18:26 utils.py:137] Job status: JobStatus.RUNNING
I 03-17 22:18:26 utils.py:140] ==================================
I 03-17 22:18:46 utils.py:131] === Checking the job status... ===
I 03-17 22:18:46 utils.py:137] Job status: JobStatus.RUNNING
I 03-17 22:18:46 utils.py:140] ==================================
I 03-17 22:19:06 utils.py:131] === Checking the job status... ===
I 03-17 22:19:07 utils.py:137] Job status: JobStatus.RUNNING
I 03-17 22:19:07 utils.py:140] ==================================
I 03-17 22:19:27 utils.py:131] === Checking the job status... ===
I 03-17 22:19:28 utils.py:137] Job status: JobStatus.RUNNING
I 03-17 22:19:28 utils.py:140] ==================================
I 03-17 22:19:48 utils.py:131] === Checking the job status... ===
I 03-17 22:19:48 utils.py:137] Job status: JobStatus.RUNNING
I 03-17 22:19:48 utils.py:140] ==================================
I 03-17 22:20:09 utils.py:131] === Checking the job status... ===
I 03-17 22:20:09 utils.py:137] Job status: JobStatus.RUNNING
I 03-17 22:20:09 utils.py:140] ==================================
I 03-17 22:20:29 utils.py:131] === Checking the job status... ===
I 03-17 22:20:30 utils.py:137] Job status: JobStatus.RUNNING
I 03-17 22:20:30 utils.py:140] ==================================
I 03-17 22:20:50 utils.py:131] === Checking the job status... ===
I 03-17 22:20:51 utils.py:137] Job status: JobStatus.RUNNING
I 03-17 22:20:51 utils.py:140] ==================================
I 03-17 22:21:11 utils.py:131] === Checking the job status... ===
I 03-17 22:21:11 utils.py:137] Job status: JobStatus.RUNNING
I 03-17 22:21:11 utils.py:140] ==================================
I 03-17 22:21:32 utils.py:131] === Checking the job status... ===
I 03-17 22:21:32 utils.py:137] Job status: JobStatus.RUNNING
I 03-17 22:21:32 utils.py:140] ==================================
I 03-17 22:21:52 utils.py:131] === Checking the job status... ===
I 03-17 22:21:53 utils.py:137] Job status: JobStatus.RUNNING
I 03-17 22:21:53 utils.py:140] ==================================
I 03-17 22:22:13 utils.py:131] === Checking the job status... ===
I 03-17 22:22:14 utils.py:137] Job status: JobStatus.RUNNING
I 03-17 22:22:14 utils.py:140] ==================================
I 03-17 22:22:34 utils.py:131] === Checking the job status... ===
I 03-17 22:22:35 utils.py:137] Job status: JobStatus.RUNNING
I 03-17 22:22:35 utils.py:140] ==================================
I 03-17 22:22:55 utils.py:131] === Checking the job status... ===
I 03-17 22:22:55 utils.py:137] Job status: JobStatus.RUNNING
I 03-17 22:22:55 utils.py:140] ==================================
I 03-17 22:23:15 utils.py:131] === Checking the job status... ===
I 03-17 22:23:16 utils.py:137] Job status: JobStatus.RUNNING
I 03-17 22:23:16 utils.py:140] ==================================
I 03-17 22:23:36 utils.py:131] === Checking the job status... ===
I 03-17 22:23:37 utils.py:137] Job status: JobStatus.RUNNING
I 03-17 22:23:37 utils.py:140] ==================================
I 03-17 22:23:57 utils.py:131] === Checking the job status... ===
I 03-17 22:23:58 utils.py:137] Job status: JobStatus.RUNNING
I 03-17 22:23:58 utils.py:140] ==================================
I 03-17 22:24:18 utils.py:131] === Checking the job status... ===
I 03-17 22:24:18 utils.py:137] Job status: JobStatus.RUNNING
I 03-17 22:24:18 utils.py:140] ==================================
I 03-17 22:24:38 utils.py:131] === Checking the job status... ===
I 03-17 22:24:39 utils.py:137] Job status: JobStatus.RUNNING
I 03-17 22:24:39 utils.py:140] ==================================
I 03-17 22:24:59 utils.py:131] === Checking the job status... ===
I 03-17 22:25:00 utils.py:137] Job status: JobStatus.RUNNING
I 03-17 22:25:00 utils.py:140] ==================================
I 03-17 22:25:20 utils.py:131] === Checking the job status... ===
I 03-17 22:25:21 utils.py:137] Job status: JobStatus.RUNNING
I 03-17 22:25:21 utils.py:140] ==================================
I 03-17 22:25:41 utils.py:131] === Checking the job status... ===
I 03-17 22:25:41 utils.py:137] Job status: JobStatus.RUNNING
I 03-17 22:25:41 utils.py:140] ==================================
I 03-17 22:26:02 utils.py:131] === Checking the job status... ===
I 03-17 22:26:02 utils.py:137] Job status: JobStatus.RUNNING
I 03-17 22:26:02 utils.py:140] ==================================
I 03-17 22:26:22 utils.py:131] === Checking the job status... ===
I 03-17 22:26:23 utils.py:137] Job status: JobStatus.RUNNING
I 03-17 22:26:23 utils.py:140] ==================================
I 03-17 22:26:43 utils.py:131] === Checking the job status... ===
I 03-17 22:26:44 utils.py:137] Job status: JobStatus.RUNNING
I 03-17 22:26:44 utils.py:140] ==================================
I 03-17 22:27:04 utils.py:131] === Checking the job status... ===
I 03-17 22:27:05 utils.py:137] Job status: JobStatus.RUNNING
I 03-17 22:27:05 utils.py:140] ==================================
I 03-17 22:27:25 utils.py:131] === Checking the job status... ===
I 03-17 22:27:25 utils.py:137] Job status: JobStatus.RUNNING
I 03-17 22:27:25 utils.py:140] ==================================
I 03-17 22:27:45 utils.py:131] === Checking the job status... ===
I 03-17 22:27:46 utils.py:137] Job status: JobStatus.RUNNING
I 03-17 22:27:46 utils.py:140] ==================================
I 03-17 22:28:06 utils.py:131] === Checking the job status... ===
I 03-17 22:28:07 utils.py:137] Job status: JobStatus.RUNNING
I 03-17 22:28:07 utils.py:140] ==================================
I 03-17 22:28:27 utils.py:131] === Checking the job status... ===
I 03-17 22:28:28 utils.py:137] Job status: JobStatus.RUNNING
I 03-17 22:28:28 utils.py:140] ==================================
I 03-17 22:28:48 utils.py:131] === Checking the job status... ===
I 03-17 22:28:48 utils.py:137] Job status: JobStatus.RUNNING
I 03-17 22:28:48 utils.py:140] ==================================
I 03-17 22:29:08 utils.py:131] === Checking the job status... ===
I 03-17 22:29:09 utils.py:137] Job status: JobStatus.RUNNING
I 03-17 22:29:09 utils.py:140] ==================================
I 03-17 22:29:29 utils.py:131] === Checking the job status... ===
I 03-17 22:29:30 utils.py:137] Job status: JobStatus.RUNNING
I 03-17 22:29:30 utils.py:140] ==================================
I 03-17 22:29:50 utils.py:131] === Checking the job status... ===
I 03-17 22:29:51 utils.py:137] Job status: JobStatus.RUNNING
I 03-17 22:29:51 utils.py:140] ==================================
I 03-17 22:30:11 utils.py:131] === Checking the job status... ===
I 03-17 22:30:11 utils.py:137] Job status: JobStatus.RUNNING
I 03-17 22:30:11 utils.py:140] ==================================
I 03-17 22:30:32 utils.py:131] === Checking the job status... ===
I 03-17 22:30:32 utils.py:137] Job status: JobStatus.RUNNING
I 03-17 22:30:32 utils.py:140] ==================================
I 03-17 22:30:52 utils.py:131] === Checking the job status... ===
I 03-17 22:30:53 utils.py:137] Job status: JobStatus.RUNNING
I 03-17 22:30:53 utils.py:140] ==================================
I 03-17 22:31:13 utils.py:131] === Checking the job status... ===
I 03-17 22:31:14 utils.py:137] Job status: JobStatus.RUNNING
I 03-17 22:31:14 utils.py:140] ==================================
I 03-17 22:31:34 utils.py:131] === Checking the job status... ===
I 03-17 22:31:34 utils.py:137] Job status: JobStatus.RUNNING
I 03-17 22:31:34 utils.py:140] ==================================
I 03-17 22:31:55 utils.py:131] === Checking the job status... ===
I 03-17 22:31:55 utils.py:137] Job status: JobStatus.RUNNING
I 03-17 22:31:55 utils.py:140] ==================================
I 03-17 22:32:15 utils.py:131] === Checking the job status... ===
I 03-17 22:32:16 utils.py:137] Job status: JobStatus.RUNNING
I 03-17 22:32:16 utils.py:140] ==================================
I 03-17 22:32:36 utils.py:131] === Checking the job status... ===
I 03-17 22:32:37 utils.py:137] Job status: JobStatus.RUNNING
I 03-17 22:32:37 utils.py:140] ==================================
I 03-17 22:32:57 utils.py:131] === Checking the job status... ===
I 03-17 22:32:57 utils.py:137] Job status: JobStatus.RUNNING
I 03-17 22:32:57 utils.py:140] ==================================
I 03-17 22:33:18 utils.py:131] === Checking the job status... ===
I 03-17 22:33:18 utils.py:137] Job status: JobStatus.RUNNING
I 03-17 22:33:18 utils.py:140] ==================================
I 03-17 22:33:38 utils.py:131] === Checking the job status... ===
I 03-17 22:33:39 utils.py:137] Job status: JobStatus.RUNNING
I 03-17 22:33:39 utils.py:140] ==================================
I 03-17 22:33:59 utils.py:131] === Checking the job status... ===
I 03-17 22:34:00 utils.py:137] Job status: JobStatus.RUNNING
I 03-17 22:34:00 utils.py:140] ==================================
I 03-17 22:34:20 utils.py:131] === Checking the job status... ===
I 03-17 22:34:20 utils.py:137] Job status: JobStatus.RUNNING
I 03-17 22:34:20 utils.py:140] ==================================
I 03-17 22:34:41 utils.py:131] === Checking the job status... ===
I 03-17 22:34:41 utils.py:137] Job status: JobStatus.RUNNING
I 03-17 22:34:41 utils.py:140] ==================================
I 03-17 22:35:01 utils.py:131] === Checking the job status... ===
I 03-17 22:35:02 utils.py:137] Job status: JobStatus.RUNNING
I 03-17 22:35:02 utils.py:140] ==================================
I 03-17 22:35:22 utils.py:131] === Checking the job status... ===
I 03-17 22:35:23 utils.py:137] Job status: JobStatus.RUNNING
I 03-17 22:35:23 utils.py:140] ==================================
I 03-17 22:35:43 utils.py:131] === Checking the job status... ===
I 03-17 22:35:44 utils.py:137] Job status: JobStatus.RUNNING
I 03-17 22:35:44 utils.py:140] ==================================
I 03-17 22:36:04 utils.py:131] === Checking the job status... ===
I 03-17 22:36:04 utils.py:137] Job status: JobStatus.RUNNING
I 03-17 22:36:04 utils.py:140] ==================================
I 03-17 22:36:24 utils.py:131] === Checking the job status... ===
I 03-17 22:36:25 utils.py:137] Job status: JobStatus.RUNNING
I 03-17 22:36:25 utils.py:140] ==================================
I 03-17 22:36:45 utils.py:131] === Checking the job status... ===
I 03-17 22:36:46 utils.py:137] Job status: JobStatus.RUNNING
I 03-17 22:36:46 utils.py:140] ==================================
I 03-17 22:37:06 utils.py:131] === Checking the job status... ===
I 03-17 22:37:07 utils.py:137] Job status: JobStatus.RUNNING
I 03-17 22:37:07 utils.py:140] ==================================
I 03-17 22:37:27 utils.py:131] === Checking the job status... ===
I 03-17 22:37:27 utils.py:137] Job status: JobStatus.RUNNING
I 03-17 22:37:27 utils.py:140] ==================================
I 03-17 22:37:47 utils.py:131] === Checking the job status... ===
I 03-17 22:37:48 utils.py:137] Job status: JobStatus.RUNNING
I 03-17 22:37:48 utils.py:140] ==================================
I 03-17 22:38:08 utils.py:131] === Checking the job status... ===
I 03-17 22:38:09 utils.py:137] Job status: JobStatus.RUNNING
I 03-17 22:38:09 utils.py:140] ==================================
I 03-17 22:38:29 utils.py:131] === Checking the job status... ===
I 03-17 22:38:30 utils.py:137] Job status: JobStatus.RUNNING
I 03-17 22:38:30 utils.py:140] ==================================
I 03-17 22:38:50 utils.py:131] === Checking the job status... ===
I 03-17 22:38:50 utils.py:137] Job status: JobStatus.RUNNING
I 03-17 22:38:50 utils.py:140] ==================================
I 03-17 22:39:10 utils.py:131] === Checking the job status... ===
I 03-17 22:39:11 utils.py:137] Job status: JobStatus.RUNNING
I 03-17 22:39:11 utils.py:140] ==================================
I 03-17 22:39:31 utils.py:131] === Checking the job status... ===
I 03-17 22:39:32 utils.py:137] Job status: JobStatus.RUNNING
I 03-17 22:39:32 utils.py:140] ==================================
I 03-17 22:39:52 utils.py:131] === Checking the job status... ===
I 03-17 22:39:53 utils.py:137] Job status: JobStatus.RUNNING
I 03-17 22:39:53 utils.py:140] ==================================
I 03-17 22:40:13 utils.py:131] === Checking the job status... ===
I 03-17 22:40:13 utils.py:137] Job status: JobStatus.RUNNING
I 03-17 22:40:13 utils.py:140] ==================================
I 03-17 22:40:33 utils.py:131] === Checking the job status... ===
I 03-17 22:40:34 utils.py:137] Job status: JobStatus.RUNNING
I 03-17 22:40:34 utils.py:140] ==================================
I 03-17 22:40:54 utils.py:131] === Checking the job status... ===
I 03-17 22:40:55 utils.py:137] Job status: JobStatus.RUNNING
I 03-17 22:40:55 utils.py:140] ==================================
I 03-17 22:41:15 utils.py:131] === Checking the job status... ===
I 03-17 22:41:16 utils.py:137] Job status: JobStatus.RUNNING
I 03-17 22:41:16 utils.py:140] ==================================
I 03-17 22:41:36 utils.py:131] === Checking the job status... ===
I 03-17 22:41:36 utils.py:137] Job status: JobStatus.RUNNING
I 03-17 22:41:36 utils.py:140] ==================================
I 03-17 22:41:57 utils.py:131] === Checking the job status... ===
I 03-17 22:41:57 utils.py:137] Job status: JobStatus.RUNNING
I 03-17 22:41:57 utils.py:140] ==================================
I 03-17 22:42:17 utils.py:131] === Checking the job status... ===
I 03-17 22:42:18 utils.py:137] Job status: JobStatus.RUNNING
I 03-17 22:42:18 utils.py:140] ==================================
I 03-17 22:42:38 utils.py:131] === Checking the job status... ===
I 03-17 22:42:39 utils.py:137] Job status: JobStatus.RUNNING
I 03-17 22:42:39 utils.py:140] ==================================
I 03-17 22:42:59 utils.py:131] === Checking the job status... ===
I 03-17 22:42:59 utils.py:137] Job status: JobStatus.RUNNING
I 03-17 22:42:59 utils.py:140] ==================================
I 03-17 22:43:20 utils.py:131] === Checking the job status... ===
I 03-17 22:43:20 utils.py:137] Job status: JobStatus.RUNNING
I 03-17 22:43:20 utils.py:140] ==================================
I 03-17 22:43:40 utils.py:131] === Checking the job status... ===
I 03-17 22:43:41 utils.py:137] Job status: JobStatus.RUNNING
I 03-17 22:43:41 utils.py:140] ==================================
I 03-17 22:44:01 utils.py:131] === Checking the job status... ===
I 03-17 22:44:02 utils.py:137] Job status: JobStatus.RUNNING
I 03-17 22:44:02 utils.py:140] ==================================
I 03-17 22:44:22 utils.py:131] === Checking the job status... ===
I 03-17 22:44:22 utils.py:137] Job status: JobStatus.RUNNING
I 03-17 22:44:22 utils.py:140] ==================================
I 03-17 22:44:42 utils.py:131] === Checking the job status... ===
I 03-17 22:44:43 utils.py:137] Job status: JobStatus.RUNNING
I 03-17 22:44:43 utils.py:140] ==================================
I 03-17 22:45:03 utils.py:131] === Checking the job status... ===
I 03-17 22:45:04 utils.py:137] Job status: JobStatus.RUNNING
I 03-17 22:45:04 utils.py:140] ==================================
I 03-17 22:45:24 utils.py:131] === Checking the job status... ===
I 03-17 22:45:25 utils.py:137] Job status: JobStatus.RUNNING
I 03-17 22:45:25 utils.py:140] ==================================
I 03-17 22:45:45 utils.py:131] === Checking the job status... ===
I 03-17 22:45:45 utils.py:137] Job status: JobStatus.RUNNING
I 03-17 22:45:45 utils.py:140] ==================================
I 03-17 22:46:05 utils.py:131] === Checking the job status... ===
I 03-17 22:46:06 utils.py:137] Job status: JobStatus.RUNNING
I 03-17 22:46:06 utils.py:140] ==================================
I 03-17 22:46:26 utils.py:131] === Checking the job status... ===
I 03-17 22:46:27 utils.py:137] Job status: JobStatus.RUNNING
I 03-17 22:46:27 utils.py:140] ==================================
I 03-17 22:46:47 utils.py:131] === Checking the job status... ===
I 03-17 22:46:47 utils.py:137] Job status: JobStatus.RUNNING
I 03-17 22:46:47 utils.py:140] ==================================
I 03-17 22:47:08 utils.py:131] === Checking the job status... ===
I 03-17 22:47:08 utils.py:137] Job status: JobStatus.RUNNING
I 03-17 22:47:08 utils.py:140] ==================================
I 03-17 22:47:28 utils.py:131] === Checking the job status... ===
I 03-17 22:47:29 utils.py:137] Job status: JobStatus.RUNNING
I 03-17 22:47:29 utils.py:140] ==================================
I 03-17 22:47:49 utils.py:131] === Checking the job status... ===
I 03-17 22:47:50 utils.py:137] Job status: JobStatus.RUNNING
I 03-17 22:47:50 utils.py:140] ==================================
I 03-17 22:48:10 utils.py:131] === Checking the job status... ===
I 03-17 22:48:10 utils.py:137] Job status: JobStatus.RUNNING
I 03-17 22:48:10 utils.py:140] ==================================
I 03-17 22:48:31 utils.py:131] === Checking the job status... ===
I 03-17 22:48:31 utils.py:137] Job status: JobStatus.RUNNING
I 03-17 22:48:31 utils.py:140] ==================================
I 03-17 22:48:51 utils.py:131] === Checking the job status... ===
I 03-17 22:48:52 utils.py:137] Job status: JobStatus.RUNNING
I 03-17 22:48:52 utils.py:140] ==================================
I 03-17 22:49:12 utils.py:131] === Checking the job status... ===
I 03-17 22:49:13 utils.py:137] Job status: JobStatus.RUNNING
I 03-17 22:49:13 utils.py:140] ==================================
I 03-17 22:49:33 utils.py:131] === Checking the job status... ===
I 03-17 22:49:34 utils.py:137] Job status: JobStatus.RUNNING
I 03-17 22:49:34 utils.py:140] ==================================
I 03-17 22:49:54 utils.py:131] === Checking the job status... ===
I 03-17 22:49:54 utils.py:137] Job status: JobStatus.RUNNING
I 03-17 22:49:54 utils.py:140] ==================================
I 03-17 22:50:14 utils.py:131] === Checking the job status... ===
I 03-17 22:50:15 utils.py:137] Job status: JobStatus.RUNNING
I 03-17 22:50:15 utils.py:140] ==================================
I 03-17 22:50:35 utils.py:131] === Checking the job status... ===
I 03-17 22:50:36 utils.py:137] Job status: JobStatus.RUNNING
I 03-17 22:50:36 utils.py:140] ==================================
I 03-17 22:50:56 utils.py:131] === Checking the job status... ===
I 03-17 22:50:56 utils.py:137] Job status: JobStatus.RUNNING
I 03-17 22:50:56 utils.py:140] ==================================
I 03-17 22:51:17 utils.py:131] === Checking the job status... ===
I 03-17 22:51:17 utils.py:137] Job status: JobStatus.RUNNING
I 03-17 22:51:17 utils.py:140] ==================================
I 03-17 22:51:37 utils.py:131] === Checking the job status... ===
I 03-17 22:51:38 utils.py:137] Job status: JobStatus.RUNNING
I 03-17 22:51:38 utils.py:140] ==================================
I 03-17 22:51:58 utils.py:131] === Checking the job status... ===
I 03-17 22:51:59 utils.py:137] Job status: JobStatus.RUNNING
I 03-17 22:51:59 utils.py:140] ==================================
I 03-17 22:52:19 utils.py:131] === Checking the job status... ===
I 03-17 22:52:20 utils.py:137] Job status: JobStatus.RUNNING
I 03-17 22:52:20 utils.py:140] ==================================
I 03-17 22:52:40 utils.py:131] === Checking the job status... ===
I 03-17 22:52:40 utils.py:137] Job status: JobStatus.RUNNING
I 03-17 22:52:40 utils.py:140] ==================================
I 03-17 22:53:00 utils.py:131] === Checking the job status... ===
I 03-17 22:53:01 utils.py:137] Job status: JobStatus.RUNNING
I 03-17 22:53:01 utils.py:140] ==================================
I 03-17 22:53:21 utils.py:131] === Checking the job status... ===
I 03-17 22:53:22 utils.py:137] Job status: JobStatus.RUNNING
I 03-17 22:53:22 utils.py:140] ==================================
I 03-17 22:53:42 utils.py:131] === Checking the job status... ===
I 03-17 22:53:42 utils.py:137] Job status: JobStatus.RUNNING
I 03-17 22:53:42 utils.py:140] ==================================
I 03-17 22:54:03 utils.py:131] === Checking the job status... ===
I 03-17 22:54:03 utils.py:137] Job status: JobStatus.RUNNING
I 03-17 22:54:03 utils.py:140] ==================================
I 03-17 22:54:23 utils.py:131] === Checking the job status... ===
I 03-17 22:54:24 utils.py:137] Job status: JobStatus.RUNNING
I 03-17 22:54:24 utils.py:140] ==================================
I 03-17 22:54:44 utils.py:131] === Checking the job status... ===
I 03-17 22:54:45 utils.py:137] Job status: JobStatus.RUNNING
I 03-17 22:54:45 utils.py:140] ==================================
I 03-17 22:55:05 utils.py:131] === Checking the job status... ===
I 03-17 22:55:06 utils.py:137] Job status: JobStatus.RUNNING
I 03-17 22:55:06 utils.py:140] ==================================
I 03-17 22:55:26 utils.py:131] === Checking the job status... ===
I 03-17 22:55:26 utils.py:137] Job status: JobStatus.RUNNING
I 03-17 22:55:26 utils.py:140] ==================================
I 03-17 22:55:46 utils.py:131] === Checking the job status... ===
I 03-17 22:55:47 utils.py:137] Job status: JobStatus.RUNNING
I 03-17 22:55:47 utils.py:140] ==================================
I 03-17 22:56:07 utils.py:131] === Checking the job status... ===
I 03-17 22:56:08 utils.py:137] Job status: JobStatus.RUNNING
I 03-17 22:56:08 utils.py:140] ==================================
I 03-17 22:56:28 utils.py:131] === Checking the job status... ===
I 03-17 22:56:29 utils.py:137] Job status: JobStatus.RUNNING
I 03-17 22:56:29 utils.py:140] ==================================
I 03-17 22:56:49 utils.py:131] === Checking the job status... ===
I 03-17 22:56:49 utils.py:137] Job status: JobStatus.RUNNING
I 03-17 22:56:49 utils.py:140] ==================================
I 03-17 22:57:09 utils.py:131] === Checking the job status... ===
I 03-17 22:57:10 utils.py:137] Job status: JobStatus.RUNNING
I 03-17 22:57:10 utils.py:140] ==================================
I 03-17 22:57:30 utils.py:131] === Checking the job status... ===
I 03-17 22:57:31 utils.py:137] Job status: JobStatus.RUNNING
I 03-17 22:57:31 utils.py:140] ==================================
I 03-17 22:57:51 utils.py:131] === Checking the job status... ===
I 03-17 22:57:52 utils.py:137] Job status: JobStatus.RUNNING
I 03-17 22:57:52 utils.py:140] ==================================
I 03-17 22:58:12 utils.py:131] === Checking the job status... ===
I 03-17 22:58:12 utils.py:137] Job status: JobStatus.RUNNING
I 03-17 22:58:12 utils.py:140] ==================================
I 03-17 22:58:32 utils.py:131] === Checking the job status... ===
I 03-17 22:58:33 utils.py:137] Job status: JobStatus.RUNNING
I 03-17 22:58:33 utils.py:140] ==================================
I 03-17 22:58:53 utils.py:131] === Checking the job status... ===
I 03-17 22:58:54 utils.py:137] Job status: JobStatus.RUNNING
I 03-17 22:58:54 utils.py:140] ==================================
I 03-17 22:59:14 utils.py:131] === Checking the job status... ===
I 03-17 22:59:15 utils.py:137] Job status: JobStatus.RUNNING
I 03-17 22:59:15 utils.py:140] ==================================
I 03-17 22:59:35 utils.py:131] === Checking the job status... ===
I 03-17 22:59:35 utils.py:137] Job status: JobStatus.RUNNING
I 03-17 22:59:35 utils.py:140] ==================================
I 03-17 22:59:55 utils.py:131] === Checking the job status... ===
I 03-17 22:59:56 utils.py:137] Job status: JobStatus.RUNNING
I 03-17 22:59:56 utils.py:140] ==================================
I 03-17 23:00:16 utils.py:131] === Checking the job status... ===
I 03-17 23:00:17 utils.py:137] Job status: JobStatus.RUNNING
I 03-17 23:00:17 utils.py:140] ==================================
I 03-17 23:00:37 utils.py:131] === Checking the job status... ===
I 03-17 23:00:38 utils.py:137] Job status: JobStatus.RUNNING
I 03-17 23:00:38 utils.py:140] ==================================
I 03-17 23:00:58 utils.py:131] === Checking the job status... ===
I 03-17 23:00:58 utils.py:137] Job status: JobStatus.RUNNING
I 03-17 23:00:58 utils.py:140] ==================================
I 03-17 23:01:18 utils.py:131] === Checking the job status... ===
I 03-17 23:01:19 utils.py:137] Job status: JobStatus.RUNNING
I 03-17 23:01:19 utils.py:140] ==================================
I 03-17 23:01:39 utils.py:131] === Checking the job status... ===
I 03-17 23:01:40 utils.py:137] Job status: JobStatus.RUNNING
I 03-17 23:01:40 utils.py:140] ==================================
I 03-17 23:02:00 utils.py:131] === Checking the job status... ===
I 03-17 23:02:00 utils.py:137] Job status: JobStatus.RUNNING
I 03-17 23:02:00 utils.py:140] ==================================
I 03-17 23:02:21 utils.py:131] === Checking the job status... ===
I 03-17 23:02:21 utils.py:137] Job status: JobStatus.RUNNING
I 03-17 23:02:21 utils.py:140] ==================================
I 03-17 23:02:41 utils.py:131] === Checking the job status... ===
I 03-17 23:02:42 utils.py:137] Job status: JobStatus.RUNNING
I 03-17 23:02:42 utils.py:140] ==================================
I 03-17 23:03:02 utils.py:131] === Checking the job status... ===
I 03-17 23:03:03 utils.py:137] Job status: JobStatus.RUNNING
I 03-17 23:03:03 utils.py:140] ==================================
I 03-17 23:03:23 utils.py:131] === Checking the job status... ===
I 03-17 23:03:23 utils.py:137] Job status: JobStatus.RUNNING
I 03-17 23:03:23 utils.py:140] ==================================
I 03-17 23:03:44 utils.py:131] === Checking the job status... ===
I 03-17 23:03:44 utils.py:137] Job status: JobStatus.RUNNING
I 03-17 23:03:44 utils.py:140] ==================================
I 03-17 23:04:04 utils.py:131] === Checking the job status... ===
I 03-17 23:04:05 utils.py:137] Job status: JobStatus.RUNNING
I 03-17 23:04:05 utils.py:140] ==================================
I 03-17 23:04:25 utils.py:131] === Checking the job status... ===
I 03-17 23:04:26 utils.py:137] Job status: JobStatus.RUNNING
I 03-17 23:04:26 utils.py:140] ==================================
I 03-17 23:04:46 utils.py:131] === Checking the job status... ===
I 03-17 23:04:47 utils.py:137] Job status: JobStatus.RUNNING
I 03-17 23:04:47 utils.py:140] ==================================
I 03-17 23:05:07 utils.py:131] === Checking the job status... ===
I 03-17 23:05:07 utils.py:137] Job status: JobStatus.RUNNING
I 03-17 23:05:07 utils.py:140] ==================================
I 03-17 23:05:27 utils.py:131] === Checking the job status... ===
I 03-17 23:05:28 utils.py:137] Job status: JobStatus.RUNNING
I 03-17 23:05:28 utils.py:140] ==================================
I 03-17 23:05:48 utils.py:131] === Checking the job status... ===
I 03-17 23:05:49 utils.py:137] Job status: JobStatus.RUNNING
I 03-17 23:05:49 utils.py:140] ==================================
I 03-17 23:06:09 utils.py:131] === Checking the job status... ===
I 03-17 23:06:10 utils.py:137] Job status: JobStatus.RUNNING
I 03-17 23:06:10 utils.py:140] ==================================
I 03-17 23:06:30 utils.py:131] === Checking the job status... ===
I 03-17 23:06:30 utils.py:137] Job status: JobStatus.RUNNING
I 03-17 23:06:30 utils.py:140] ==================================
I 03-17 23:06:51 utils.py:131] === Checking the job status... ===
I 03-17 23:06:51 utils.py:137] Job status: JobStatus.RUNNING
I 03-17 23:06:51 utils.py:140] ==================================
I 03-17 23:07:11 utils.py:131] === Checking the job status... ===
I 03-17 23:07:12 utils.py:137] Job status: JobStatus.RUNNING
I 03-17 23:07:12 utils.py:140] ==================================
I 03-17 23:07:32 utils.py:131] === Checking the job status... ===
I 03-17 23:07:33 utils.py:137] Job status: JobStatus.RUNNING
I 03-17 23:07:33 utils.py:140] ==================================
I 03-17 23:07:53 utils.py:131] === Checking the job status... ===
I 03-17 23:07:53 utils.py:137] Job status: JobStatus.RUNNING
I 03-17 23:07:53 utils.py:140] ==================================
I 03-17 23:08:13 utils.py:131] === Checking the job status... ===
I 03-17 23:08:14 utils.py:137] Job status: JobStatus.RUNNING
I 03-17 23:08:14 utils.py:140] ==================================
I 03-17 23:08:34 utils.py:131] === Checking the job status... ===
I 03-17 23:08:35 utils.py:137] Job status: JobStatus.RUNNING
I 03-17 23:08:35 utils.py:140] ==================================
I 03-17 23:08:55 utils.py:131] === Checking the job status... ===
I 03-17 23:08:56 utils.py:137] Job status: JobStatus.RUNNING
I 03-17 23:08:56 utils.py:140] ==================================
I 03-17 23:09:16 utils.py:131] === Checking the job status... ===
I 03-17 23:09:16 utils.py:137] Job status: JobStatus.RUNNING
I 03-17 23:09:16 utils.py:140] ==================================
I 03-17 23:09:37 utils.py:131] === Checking the job status... ===
I 03-17 23:09:37 utils.py:137] Job status: JobStatus.RUNNING
I 03-17 23:09:37 utils.py:140] ==================================
I 03-17 23:09:57 utils.py:131] === Checking the job status... ===
I 03-17 23:09:58 utils.py:137] Job status: JobStatus.RUNNING
I 03-17 23:09:58 utils.py:140] ==================================
I 03-17 23:10:18 utils.py:131] === Checking the job status... ===
I 03-17 23:10:19 utils.py:137] Job status: JobStatus.RUNNING
I 03-17 23:10:19 utils.py:140] ==================================
I 03-17 23:10:39 utils.py:131] === Checking the job status... ===
I 03-17 23:10:39 utils.py:137] Job status: JobStatus.RUNNING
I 03-17 23:10:39 utils.py:140] ==================================
I 03-17 23:11:00 utils.py:131] === Checking the job status... ===
I 03-17 23:11:00 utils.py:137] Job status: JobStatus.RUNNING
I 03-17 23:11:00 utils.py:140] ==================================
I 03-17 23:11:20 utils.py:131] === Checking the job status... ===
I 03-17 23:11:21 utils.py:137] Job status: JobStatus.RUNNING
I 03-17 23:11:21 utils.py:140] ==================================
I 03-17 23:11:41 utils.py:131] === Checking the job status... ===
I 03-17 23:11:42 utils.py:137] Job status: JobStatus.RUNNING
I 03-17 23:11:42 utils.py:140] ==================================
I 03-17 23:12:02 utils.py:131] === Checking the job status... ===
I 03-17 23:12:02 utils.py:137] Job status: JobStatus.RUNNING
I 03-17 23:12:02 utils.py:140] ==================================
I 03-17 23:12:22 utils.py:131] === Checking the job status... ===
I 03-17 23:12:23 utils.py:137] Job status: JobStatus.RUNNING
I 03-17 23:12:23 utils.py:140] ==================================
I 03-17 23:12:43 utils.py:131] === Checking the job status... ===
I 03-17 23:12:44 utils.py:137] Job status: JobStatus.RUNNING
I 03-17 23:12:44 utils.py:140] ==================================
I 03-17 23:13:04 utils.py:131] === Checking the job status... ===
I 03-17 23:13:05 utils.py:137] Job status: JobStatus.RUNNING
I 03-17 23:13:05 utils.py:140] ==================================
I 03-17 23:13:25 utils.py:131] === Checking the job status... ===
I 03-17 23:13:25 utils.py:137] Job status: JobStatus.RUNNING
I 03-17 23:13:25 utils.py:140] ==================================
I 03-17 23:13:45 utils.py:131] === Checking the job status... ===
I 03-17 23:13:46 utils.py:137] Job status: JobStatus.RUNNING
I 03-17 23:13:46 utils.py:140] ==================================
I 03-17 23:14:06 utils.py:131] === Checking the job status... ===
I 03-17 23:14:07 utils.py:137] Job status: JobStatus.RUNNING
I 03-17 23:14:07 utils.py:140] ==================================
I 03-17 23:14:27 utils.py:131] === Checking the job status... ===
I 03-17 23:14:28 utils.py:137] Job status: JobStatus.RUNNING
I 03-17 23:14:28 utils.py:140] ==================================
I 03-17 23:14:48 utils.py:131] === Checking the job status... ===
I 03-17 23:14:48 utils.py:137] Job status: JobStatus.RUNNING
I 03-17 23:14:48 utils.py:140] ==================================
I 03-17 23:15:09 utils.py:131] === Checking the job status... ===
I 03-17 23:15:09 utils.py:137] Job status: JobStatus.RUNNING
I 03-17 23:15:09 utils.py:140] ==================================
I 03-17 23:15:29 utils.py:131] === Checking the job status... ===
I 03-17 23:15:30 utils.py:137] Job status: JobStatus.RUNNING
I 03-17 23:15:30 utils.py:140] ==================================
I 03-17 23:15:50 utils.py:131] === Checking the job status... ===
I 03-17 23:15:51 utils.py:137] Job status: JobStatus.RUNNING
I 03-17 23:15:51 utils.py:140] ==================================
I 03-17 23:16:11 utils.py:131] === Checking the job status... ===
I 03-17 23:16:11 utils.py:137] Job status: JobStatus.RUNNING
I 03-17 23:16:11 utils.py:140] ==================================
I 03-17 23:16:32 utils.py:131] === Checking the job status... ===
I 03-17 23:16:32 utils.py:137] Job status: JobStatus.SUCCEEDED
I 03-17 23:16:32 utils.py:140] ==================================
I 03-17 23:16:33 state.py:561] Job succeeded.
I 03-17 23:16:33 controller.py:238] Managed job 34 (task: 0) SUCCEEDED. Cleaning up the cluster compute-text-vectors-34.
E 03-17 23:16:34 controller_utils.py:376] Failed to find the logs for the user program at ~/sky_logs/managed_jobs/sky-2025-03-17-21-15-52-705783/run.log.
I 03-17 23:16:34 controller.py:117] 
I 03-17 23:16:34 controller.py:117] == End of logs (ID: 34) ==
I 03-17 23:16:40 state.py:656] Cancellation skipped, job is already terminal
I 03-17 23:16:40 state.py:677] Cancellation skipped, job is not CANCELLING
I 03-17 23:16:41 controller.py:552] Killing controller process 23555.
I 03-17 23:16:41 controller.py:560] Controller process 23555 killed.
I 03-17 23:16:41 controller.py:562] Cleaning up any cluster for job 34.
I 03-17 23:16:41 storage.py:699] Verifying bucket for storage skypilot-filemounts-root-726f1974-cj43qwz6
<sky-payload>"<rich_init>[bold cyan]Deleting S3 bucket [green]skypilot-filemounts-root-726f1974-cj43qwz6[/][/]</rich_init>"</sky-payload>
<sky-payload>"<rich_update>[bold cyan]Deleting S3 bucket [green]skypilot-filemounts-root-726f1974-cj43qwz6[/][/]</rich_update>"</sky-payload>
<sky-payload>"<rich_start>[bold cyan]Deleting S3 bucket [green]skypilot-filemounts-root-726f1974-cj43qwz6[/][/]</rich_start>"</sky-payload>
<sky-payload>"<rich_exit></rich_exit>"</sky-payload>
I 03-17 23:16:43 storage.py:1505] [32mDeleted S3 bucket skypilot-filemounts-root-726f1974-cj43qwz6.[0m
I 03-17 23:16:43 controller.py:571] Cluster of managed job 34 has been cleaned up.
