I 03-17 21:15:56 controller.py:59] DAG:
I 03-17 21:15:56 controller.py:59] [Task<name=compute-text-vectors>(run='# Initialize and dow...')
I 03-17 21:15:56 controller.py:59]   resources: {AWS([Spot], cpus=4, {'L4': 1}), AWS(cpus=4, {'L4': 1})}]
I 03-17 21:15:56 controller.py:195] Submitted managed job 36 (task: 0, name: 'compute-text-vectors'); SKYPILOT_TASK_ID: sky-managed-2025-03-17-21-15-56-091706_compute-text-vectors_36-0
I 03-17 21:15:56 controller.py:199] Started monitoring.
I 03-17 21:15:56 state.py:451] Launching the spot cluster...
I 03-17 21:15:56 storage.py:1058] Storage type StoreType.S3 already exists.
<sky-payload>"<rich_init>[bold cyan]Optimizing[/]</rich_init>"</sky-payload>
<sky-payload>"<rich_update>[bold cyan]Optimizing[/]</rich_update>"</sky-payload>
<sky-payload>"<rich_start>[bold cyan]Optimizing[/]</rich_start>"</sky-payload>
I 03-17 21:15:57 optimizer.py:736] [1mTarget:[0m minimizing cost
I 03-17 21:15:57 optimizer.py:749] [1mEstimated cost: [0m$0.2 / hour
I 03-17 21:15:57 optimizer.py:749] 
I 03-17 21:15:57 optimizer.py:884] Considered resources (1 node):
I 03-17 21:15:57 optimizer.py:952] ----------------------------------------------------------------------------------------------
I 03-17 21:15:57 optimizer.py:952]  CLOUD   INSTANCE          vCPUs   Mem(GB)   ACCELERATORS   REGION/ZONE   COST ($)   CHOSEN   
I 03-17 21:15:57 optimizer.py:952] ----------------------------------------------------------------------------------------------
I 03-17 21:15:57 optimizer.py:952]  AWS     g6.xlarge[Spot]   4       16        L4:1           ap-south-1b   0.22       [32m   ✔[0m     
I 03-17 21:15:57 optimizer.py:952]  AWS     g6.xlarge         4       16        L4:1           us-east-1     0.80                
I 03-17 21:15:57 optimizer.py:952] ----------------------------------------------------------------------------------------------
<sky-payload>"<rich_exit></rich_exit>"</sky-payload>
<sky-payload>"<rich_init>[bold cyan]Launching[/]</rich_init>"</sky-payload>
<sky-payload>"<rich_update>[bold cyan]Launching[/]</rich_update>"</sky-payload>
<sky-payload>"<rich_start>[bold cyan]Launching[/]</rich_start>"</sky-payload>
<sky-payload>"<rich_update>[bold cyan]Launching[/]  \u001b[2mView logs: sky api logs -l sky-2025-03-17-21-15-56-713701/provision.log\u001b[0m</rich_update>"</sky-payload>
<sky-payload>"<rich_update>[bold cyan]Launching[/]  \u001b[2mView logs: sky api logs -l sky-2025-03-17-21-15-56-713701/provision.log\u001b[0m</rich_update>"</sky-payload>
I 03-17 21:15:57 cloud_vm_ray_backend.py:1520] [0m⚙︎ Launching on AWS ap-south-1[0m (ap-south-1b).
[2mW 03-17 21:16:32 instance.py:243] create_instances: Attempt failed with An error occurred (MaxSpotInstanceCountExceeded) when calling the RunInstances operation: Max spot instance count exceeded[0m
W 03-17 21:16:34 cloud_vm_ray_backend.py:2061] sky.exceptions.ResourcesUnavailableError: Failed to acquire resources in ap-south-1b for {AWS(cpus=4, {'L4': 1}), AWS([Spot], cpus=4, {'L4': 1})}. 
W 03-17 21:16:34 cloud_vm_ray_backend.py:2097] 
W 03-17 21:16:34 cloud_vm_ray_backend.py:2097] [0m[33m↺[0m Trying other potential resources.
<sky-payload>"<rich_update>[bold cyan]Looking for resources[/]  \u001b[2mView logs: sky api logs -l sky-2025-03-17-21-15-56-713701/provision.log\u001b[0m</rich_update>"</sky-payload>
<sky-payload>"<rich_update>[bold cyan]Optimizing[/]</rich_update>"</sky-payload>
<sky-payload>"<rich_start>[bold cyan]Launching[/]</rich_start>"</sky-payload>
I 03-17 21:16:34 optimizer.py:736] [1mTarget:[0m minimizing cost
I 03-17 21:16:34 optimizer.py:749] [1mEstimated cost: [0m$0.2 / hour
I 03-17 21:16:34 optimizer.py:749] 
I 03-17 21:16:34 optimizer.py:884] Considered resources (1 node):
I 03-17 21:16:34 optimizer.py:952] ----------------------------------------------------------------------------------------------
I 03-17 21:16:34 optimizer.py:952]  CLOUD   INSTANCE          vCPUs   Mem(GB)   ACCELERATORS   REGION/ZONE   COST ($)   CHOSEN   
I 03-17 21:16:34 optimizer.py:952] ----------------------------------------------------------------------------------------------
I 03-17 21:16:34 optimizer.py:952]  AWS     g6.xlarge[Spot]   4       16        L4:1           ap-south-1a   0.25       [32m   ✔[0m     
I 03-17 21:16:34 optimizer.py:952]  AWS     g6.xlarge         4       16        L4:1           us-east-1     0.80                
I 03-17 21:16:34 optimizer.py:952] ----------------------------------------------------------------------------------------------
<sky-payload>"<rich_update>[bold cyan]Looking for resources[/]  \u001b[2mView logs: sky api logs -l sky-2025-03-17-21-15-56-713701/provision.log\u001b[0m</rich_update>"</sky-payload>
<sky-payload>"<rich_update>[bold cyan]Launching[/]  \u001b[2mView logs: sky api logs -l sky-2025-03-17-21-15-56-713701/provision.log\u001b[0m</rich_update>"</sky-payload>
I 03-17 21:16:34 cloud_vm_ray_backend.py:1520] [0m⚙︎ Launching on AWS ap-south-1[0m (ap-south-1a).
W 03-17 21:23:58 cloud_vm_ray_backend.py:2061] sky.exceptions.ResourcesUnavailableError: Failed to acquire resources in ap-south-1a for {AWS(cpus=4, {'L4': 1}), AWS([Spot], cpus=4, {'L4': 1})}. 
W 03-17 21:23:58 cloud_vm_ray_backend.py:2097] 
W 03-17 21:23:58 cloud_vm_ray_backend.py:2097] [0m[33m↺[0m Trying other potential resources.
<sky-payload>"<rich_update>[bold cyan]Looking for resources[/]  \u001b[2mView logs: sky api logs -l sky-2025-03-17-21-15-56-713701/provision.log\u001b[0m</rich_update>"</sky-payload>
<sky-payload>"<rich_update>[bold cyan]Optimizing[/]</rich_update>"</sky-payload>
<sky-payload>"<rich_start>[bold cyan]Launching[/]</rich_start>"</sky-payload>
I 03-17 21:23:59 optimizer.py:736] [1mTarget:[0m minimizing cost
I 03-17 21:23:59 optimizer.py:749] [1mEstimated cost: [0m$0.3 / hour
I 03-17 21:23:59 optimizer.py:749] 
I 03-17 21:23:59 optimizer.py:884] Considered resources (1 node):
I 03-17 21:23:59 optimizer.py:952] --------------------------------------------------------------------------------------------------
I 03-17 21:23:59 optimizer.py:952]  CLOUD   INSTANCE          vCPUs   Mem(GB)   ACCELERATORS   REGION/ZONE       COST ($)   CHOSEN   
I 03-17 21:23:59 optimizer.py:952] --------------------------------------------------------------------------------------------------
I 03-17 21:23:59 optimizer.py:952]  AWS     g6.xlarge[Spot]   4       16        L4:1           ap-northeast-2d   0.25       [32m   ✔[0m     
I 03-17 21:23:59 optimizer.py:952]  AWS     g6.xlarge         4       16        L4:1           us-east-1         0.80                
I 03-17 21:23:59 optimizer.py:952] --------------------------------------------------------------------------------------------------
<sky-payload>"<rich_update>[bold cyan]Looking for resources[/]  \u001b[2mView logs: sky api logs -l sky-2025-03-17-21-15-56-713701/provision.log\u001b[0m</rich_update>"</sky-payload>
<sky-payload>"<rich_update>[bold cyan]Launching[/]  \u001b[2mView logs: sky api logs -l sky-2025-03-17-21-15-56-713701/provision.log\u001b[0m</rich_update>"</sky-payload>
I 03-17 21:23:59 cloud_vm_ray_backend.py:1520] [0m⚙︎ Launching on AWS ap-northeast-2[0m (ap-northeast-2d).
<sky-payload>"<rich_update>[bold cyan]Launching - Checking instance status[/]  \u001b[2mView logs: sky api logs -l sky-2025-03-17-21-15-56-713701/provision.log\u001b[0m</rich_update>"</sky-payload>
<sky-payload>"<rich_update>[bold cyan]Launching - Waiting for SSH access[/]  \u001b[2mView logs: sky api logs -l sky-2025-03-17-21-15-56-713701/provision.log\u001b[0m</rich_update>"</sky-payload>
<sky-payload>"<rich_start>[bold cyan]Launching[/]</rich_start>"</sky-payload>
I 03-17 21:24:28 provisioner.py:451] [2m└── [0m[2mInstance is up.[0m
<sky-payload>"<rich_update>[bold cyan]Preparing SkyPilot runtime (1/3 - initializing)[/]  \u001b[2mView logs: sky api logs -l sky-2025-03-17-21-15-56-713701/provision.log\u001b[0m</rich_update>"</sky-payload>
<sky-payload>"<rich_update>[bold cyan]Preparing SkyPilot runtime (2/3 - dependencies)[/]  \u001b[2mView logs: sky api logs -l sky-2025-03-17-21-15-56-713701/provision.log\u001b[0m</rich_update>"</sky-payload>
<sky-payload>"<rich_update>[bold cyan]Preparing SkyPilot runtime (3/3 - runtime)[/]  \u001b[2mView logs: sky api logs -l sky-2025-03-17-21-15-56-713701/provision.log\u001b[0m</rich_update>"</sky-payload>
<sky-payload>"<rich_update>[bold cyan]Launching - Checking instance status[/]  \u001b[2mView logs: sky api logs -l sky-2025-03-17-21-15-56-713701/provision.log\u001b[0m</rich_update>"</sky-payload>
I 03-17 21:24:57 provisioner.py:632] [0m[32m✓ Cluster launched: compute-text-vectors-36.[0m  [2mView logs: sky api logs -l sky-2025-03-17-21-15-56-713701/provision.log[0m
<sky-payload>"<rich_exit></rich_exit>"</sky-payload>
I 03-17 21:24:57 execution.py:332] [0m⚙︎ Syncing files.
<sky-payload>"<rich_init>[bold cyan]Syncing files[/]</rich_init>"</sky-payload>
<sky-payload>"<rich_update>[bold cyan]Syncing files[/]</rich_update>"</sky-payload>
<sky-payload>"<rich_start>[bold cyan]Syncing files[/]</rich_start>"</sky-payload>
<sky-payload>"<rich_update>[bold cyan]Syncing file mounts[/]  \u001b[2mView logs: sky api logs -l sky-2025-03-17-21-15-56-713701/file_mounts.log\u001b[0m</rich_update>"</sky-payload>
I 03-17 21:24:58 backend_utils.py:1315]   [2mSyncing (to 1 node): s3://skypilot-filemounts-root-726f1974-e7vbtzv2/job-e7vbtzv2/workdir -> ~/sky_workdir[0m
I 03-17 21:25:01 cloud_vm_ray_backend.py:4801] [0m[32m✓ Synced file_mounts.[0m  [2mView logs: sky api logs -l sky-2025-03-17-21-15-56-713701/file_mounts.log[0m
<sky-payload>"<rich_update>[bold cyan]Mounting 1 storage[/]  \u001b[2mView logs: sky api logs -l sky-2025-03-17-21-15-56-713701/storage_mounts.log\u001b[0m</rich_update>"</sky-payload>
I 03-17 21:25:01 backend_utils.py:1315]   [2mMounting (to 1 node): s3://sky-text-embeddings-multi-cluster-final-2 -> /output[0m
I 03-17 21:25:05 cloud_vm_ray_backend.py:4892] [0m[32m✓ Storage mounted.[0m  [2mView logs: sky api logs -l sky-2025-03-17-21-15-56-713701/storage_mounts.log[0m
<sky-payload>"<rich_exit></rich_exit>"</sky-payload>
<sky-payload>"<rich_init>[bold cyan]Running setup[/]</rich_init>"</sky-payload>
<sky-payload>"<rich_update>[bold cyan]Running setup[/]</rich_update>"</sky-payload>
<sky-payload>"<rich_start>[bold cyan]Running setup[/]</rich_start>"</sky-payload>
<sky-payload>"<rich_stop></rich_stop>"</sky-payload>
I 03-17 21:25:09 cloud_vm_ray_backend.py:3357] [0m[32m✓ Setup detached.[0m
<sky-payload>"<rich_exit></rich_exit>"</sky-payload>
<sky-payload>"<rich_init>[bold cyan]Submitting job[/]</rich_init>"</sky-payload>
<sky-payload>"<rich_update>[bold cyan]Submitting job[/]</rich_update>"</sky-payload>
<sky-payload>"<rich_start>[bold cyan]Submitting job[/]</rich_start>"</sky-payload>
I 03-17 21:25:09 cloud_vm_ray_backend.py:3546] Multiple resources are specified for the task, using: AWS([Spot], cpus=4, {'L4': 1})
I 03-17 21:25:12 cloud_vm_ray_backend.py:3460] [0m⚙︎ Job submitted, ID: 1
<sky-payload>"<rich_stop></rich_stop>"</sky-payload>
<sky-payload>"<rich_exit></rich_exit>"</sky-payload>

[?25hI 03-17 21:25:12 recovery_strategy.py:289] Managed job cluster launched.
I 03-17 21:25:16 utils.py:131] === Checking the job status... ===
I 03-17 21:25:17 utils.py:137] Job status: JobStatus.SETTING_UP
I 03-17 21:25:17 utils.py:140] ==================================
I 03-17 21:25:18 state.py:471] Job started.
I 03-17 21:25:38 utils.py:131] === Checking the job status... ===
I 03-17 21:25:39 utils.py:137] Job status: JobStatus.SETTING_UP
I 03-17 21:25:39 utils.py:140] ==================================
I 03-17 21:25:59 utils.py:131] === Checking the job status... ===
I 03-17 21:26:00 utils.py:137] Job status: JobStatus.SETTING_UP
I 03-17 21:26:00 utils.py:140] ==================================
I 03-17 21:26:20 utils.py:131] === Checking the job status... ===
I 03-17 21:26:21 utils.py:137] Job status: JobStatus.SETTING_UP
I 03-17 21:26:21 utils.py:140] ==================================
I 03-17 21:26:41 utils.py:131] === Checking the job status... ===
I 03-17 21:26:42 utils.py:137] Job status: JobStatus.SETTING_UP
I 03-17 21:26:42 utils.py:140] ==================================
I 03-17 21:27:02 utils.py:131] === Checking the job status... ===
I 03-17 21:27:03 utils.py:137] Job status: JobStatus.SETTING_UP
I 03-17 21:27:03 utils.py:140] ==================================
I 03-17 21:27:23 utils.py:131] === Checking the job status... ===
I 03-17 21:27:24 utils.py:137] Job status: JobStatus.SETTING_UP
I 03-17 21:27:24 utils.py:140] ==================================
I 03-17 21:27:44 utils.py:131] === Checking the job status... ===
I 03-17 21:27:45 utils.py:137] Job status: JobStatus.RUNNING
I 03-17 21:27:45 utils.py:140] ==================================
I 03-17 21:28:06 utils.py:131] === Checking the job status... ===
I 03-17 21:28:07 utils.py:137] Job status: JobStatus.RUNNING
I 03-17 21:28:07 utils.py:140] ==================================
I 03-17 21:28:27 utils.py:131] === Checking the job status... ===
I 03-17 21:28:28 utils.py:137] Job status: JobStatus.RUNNING
I 03-17 21:28:28 utils.py:140] ==================================
I 03-17 21:28:48 utils.py:131] === Checking the job status... ===
I 03-17 21:28:49 utils.py:137] Job status: JobStatus.RUNNING
I 03-17 21:28:49 utils.py:140] ==================================
I 03-17 21:29:09 utils.py:131] === Checking the job status... ===
I 03-17 21:29:11 utils.py:137] Job status: JobStatus.RUNNING
I 03-17 21:29:11 utils.py:140] ==================================
I 03-17 21:29:31 utils.py:131] === Checking the job status... ===
I 03-17 21:29:32 utils.py:137] Job status: JobStatus.RUNNING
I 03-17 21:29:32 utils.py:140] ==================================
I 03-17 21:29:52 utils.py:131] === Checking the job status... ===
I 03-17 21:29:53 utils.py:137] Job status: JobStatus.RUNNING
I 03-17 21:29:53 utils.py:140] ==================================
I 03-17 21:30:13 utils.py:131] === Checking the job status... ===
I 03-17 21:30:14 utils.py:137] Job status: JobStatus.RUNNING
I 03-17 21:30:14 utils.py:140] ==================================
I 03-17 21:30:34 utils.py:131] === Checking the job status... ===
I 03-17 21:30:35 utils.py:137] Job status: JobStatus.RUNNING
I 03-17 21:30:35 utils.py:140] ==================================
I 03-17 21:30:55 utils.py:131] === Checking the job status... ===
I 03-17 21:30:56 utils.py:137] Job status: JobStatus.RUNNING
I 03-17 21:30:56 utils.py:140] ==================================
I 03-17 21:31:16 utils.py:131] === Checking the job status... ===
I 03-17 21:31:19 utils.py:137] Job status: JobStatus.RUNNING
I 03-17 21:31:19 utils.py:140] ==================================
I 03-17 21:31:39 utils.py:131] === Checking the job status... ===
I 03-17 21:31:43 utils.py:137] Job status: JobStatus.RUNNING
I 03-17 21:31:43 utils.py:140] ==================================
I 03-17 21:32:03 utils.py:131] === Checking the job status... ===
I 03-17 21:32:05 utils.py:137] Job status: JobStatus.RUNNING
I 03-17 21:32:05 utils.py:140] ==================================
I 03-17 21:32:25 utils.py:131] === Checking the job status... ===
I 03-17 21:32:26 utils.py:137] Job status: JobStatus.RUNNING
I 03-17 21:32:26 utils.py:140] ==================================
I 03-17 21:32:46 utils.py:131] === Checking the job status... ===
I 03-17 21:32:47 utils.py:137] Job status: JobStatus.RUNNING
I 03-17 21:32:47 utils.py:140] ==================================
I 03-17 21:33:07 utils.py:131] === Checking the job status... ===
I 03-17 21:33:08 utils.py:137] Job status: JobStatus.RUNNING
I 03-17 21:33:08 utils.py:140] ==================================
I 03-17 21:33:28 utils.py:131] === Checking the job status... ===
I 03-17 21:33:29 utils.py:137] Job status: JobStatus.RUNNING
I 03-17 21:33:29 utils.py:140] ==================================
I 03-17 21:33:49 utils.py:131] === Checking the job status... ===
I 03-17 21:33:50 utils.py:137] Job status: JobStatus.RUNNING
I 03-17 21:33:50 utils.py:140] ==================================
I 03-17 21:34:10 utils.py:131] === Checking the job status... ===
I 03-17 21:34:11 utils.py:137] Job status: JobStatus.RUNNING
I 03-17 21:34:11 utils.py:140] ==================================
I 03-17 21:34:31 utils.py:131] === Checking the job status... ===
I 03-17 21:34:32 utils.py:137] Job status: JobStatus.RUNNING
I 03-17 21:34:32 utils.py:140] ==================================
I 03-17 21:34:52 utils.py:131] === Checking the job status... ===
I 03-17 21:34:53 utils.py:137] Job status: JobStatus.RUNNING
I 03-17 21:34:53 utils.py:140] ==================================
I 03-17 21:35:13 utils.py:131] === Checking the job status... ===
I 03-17 21:35:14 utils.py:137] Job status: JobStatus.RUNNING
I 03-17 21:35:14 utils.py:140] ==================================
I 03-17 21:35:34 utils.py:131] === Checking the job status... ===
I 03-17 21:35:35 utils.py:137] Job status: JobStatus.RUNNING
I 03-17 21:35:35 utils.py:140] ==================================
I 03-17 21:35:55 utils.py:131] === Checking the job status... ===
I 03-17 21:35:56 utils.py:137] Job status: JobStatus.RUNNING
I 03-17 21:35:56 utils.py:140] ==================================
I 03-17 21:36:16 utils.py:131] === Checking the job status... ===
I 03-17 21:36:17 utils.py:137] Job status: JobStatus.RUNNING
I 03-17 21:36:17 utils.py:140] ==================================
I 03-17 21:36:37 utils.py:131] === Checking the job status... ===
I 03-17 21:36:38 utils.py:137] Job status: JobStatus.RUNNING
I 03-17 21:36:38 utils.py:140] ==================================
I 03-17 21:36:58 utils.py:131] === Checking the job status... ===
I 03-17 21:36:59 utils.py:137] Job status: JobStatus.RUNNING
I 03-17 21:36:59 utils.py:140] ==================================
I 03-17 21:37:19 utils.py:131] === Checking the job status... ===
I 03-17 21:37:20 utils.py:137] Job status: JobStatus.RUNNING
I 03-17 21:37:20 utils.py:140] ==================================
I 03-17 21:37:40 utils.py:131] === Checking the job status... ===
I 03-17 21:37:41 utils.py:137] Job status: JobStatus.RUNNING
I 03-17 21:37:41 utils.py:140] ==================================
I 03-17 21:38:02 utils.py:131] === Checking the job status... ===
I 03-17 21:38:03 utils.py:137] Job status: JobStatus.RUNNING
I 03-17 21:38:03 utils.py:140] ==================================
I 03-17 21:38:23 utils.py:131] === Checking the job status... ===
I 03-17 21:38:24 utils.py:137] Job status: JobStatus.RUNNING
I 03-17 21:38:24 utils.py:140] ==================================
I 03-17 21:38:44 utils.py:131] === Checking the job status... ===
I 03-17 21:38:45 utils.py:137] Job status: JobStatus.RUNNING
I 03-17 21:38:45 utils.py:140] ==================================
I 03-17 21:39:05 utils.py:131] === Checking the job status... ===
I 03-17 21:39:06 utils.py:137] Job status: JobStatus.RUNNING
I 03-17 21:39:06 utils.py:140] ==================================
I 03-17 21:39:26 utils.py:131] === Checking the job status... ===
I 03-17 21:39:27 utils.py:137] Job status: JobStatus.RUNNING
I 03-17 21:39:27 utils.py:140] ==================================
I 03-17 21:39:47 utils.py:131] === Checking the job status... ===
I 03-17 21:39:48 utils.py:137] Job status: JobStatus.RUNNING
I 03-17 21:39:48 utils.py:140] ==================================
I 03-17 21:40:08 utils.py:131] === Checking the job status... ===
I 03-17 21:40:09 utils.py:137] Job status: JobStatus.RUNNING
I 03-17 21:40:09 utils.py:140] ==================================
I 03-17 21:40:29 utils.py:131] === Checking the job status... ===
I 03-17 21:40:30 utils.py:137] Job status: JobStatus.RUNNING
I 03-17 21:40:30 utils.py:140] ==================================
I 03-17 21:40:50 utils.py:131] === Checking the job status... ===
I 03-17 21:40:51 utils.py:137] Job status: JobStatus.RUNNING
I 03-17 21:40:51 utils.py:140] ==================================
I 03-17 21:41:11 utils.py:131] === Checking the job status... ===
I 03-17 21:41:12 utils.py:137] Job status: JobStatus.RUNNING
I 03-17 21:41:12 utils.py:140] ==================================
I 03-17 21:41:32 utils.py:131] === Checking the job status... ===
I 03-17 21:41:33 utils.py:137] Job status: JobStatus.RUNNING
I 03-17 21:41:33 utils.py:140] ==================================
I 03-17 21:41:53 utils.py:131] === Checking the job status... ===
I 03-17 21:41:54 utils.py:137] Job status: JobStatus.RUNNING
I 03-17 21:41:54 utils.py:140] ==================================
I 03-17 21:42:14 utils.py:131] === Checking the job status... ===
I 03-17 21:42:15 utils.py:137] Job status: JobStatus.RUNNING
I 03-17 21:42:15 utils.py:140] ==================================
I 03-17 21:42:35 utils.py:131] === Checking the job status... ===
I 03-17 21:42:36 utils.py:137] Job status: JobStatus.RUNNING
I 03-17 21:42:36 utils.py:140] ==================================
I 03-17 21:42:57 utils.py:131] === Checking the job status... ===
I 03-17 21:42:58 utils.py:137] Job status: JobStatus.RUNNING
I 03-17 21:42:58 utils.py:140] ==================================
I 03-17 21:43:18 utils.py:131] === Checking the job status... ===
I 03-17 21:43:19 utils.py:137] Job status: JobStatus.RUNNING
I 03-17 21:43:19 utils.py:140] ==================================
I 03-17 21:43:39 utils.py:131] === Checking the job status... ===
I 03-17 21:43:40 utils.py:137] Job status: JobStatus.RUNNING
I 03-17 21:43:40 utils.py:140] ==================================
I 03-17 21:44:00 utils.py:131] === Checking the job status... ===
I 03-17 21:44:01 utils.py:137] Job status: JobStatus.RUNNING
I 03-17 21:44:01 utils.py:140] ==================================
I 03-17 21:44:21 utils.py:131] === Checking the job status... ===
I 03-17 21:44:22 utils.py:137] Job status: JobStatus.RUNNING
I 03-17 21:44:22 utils.py:140] ==================================
I 03-17 21:44:42 utils.py:131] === Checking the job status... ===
I 03-17 21:44:43 utils.py:137] Job status: JobStatus.RUNNING
I 03-17 21:44:43 utils.py:140] ==================================
I 03-17 21:45:03 utils.py:131] === Checking the job status... ===
I 03-17 21:45:04 utils.py:137] Job status: JobStatus.RUNNING
I 03-17 21:45:04 utils.py:140] ==================================
I 03-17 21:45:24 utils.py:131] === Checking the job status... ===
I 03-17 21:45:25 utils.py:137] Job status: JobStatus.RUNNING
I 03-17 21:45:25 utils.py:140] ==================================
I 03-17 21:45:45 utils.py:131] === Checking the job status... ===
I 03-17 21:45:46 utils.py:137] Job status: JobStatus.RUNNING
I 03-17 21:45:46 utils.py:140] ==================================
I 03-17 21:46:06 utils.py:131] === Checking the job status... ===
I 03-17 21:46:07 utils.py:137] Job status: JobStatus.RUNNING
I 03-17 21:46:07 utils.py:140] ==================================
I 03-17 21:46:27 utils.py:131] === Checking the job status... ===
I 03-17 21:46:28 utils.py:137] Job status: JobStatus.RUNNING
I 03-17 21:46:28 utils.py:140] ==================================
I 03-17 21:46:48 utils.py:131] === Checking the job status... ===
I 03-17 21:46:49 utils.py:137] Job status: JobStatus.RUNNING
I 03-17 21:46:49 utils.py:140] ==================================
I 03-17 21:47:10 utils.py:131] === Checking the job status... ===
I 03-17 21:47:11 utils.py:137] Job status: JobStatus.RUNNING
I 03-17 21:47:11 utils.py:140] ==================================
I 03-17 21:47:31 utils.py:131] === Checking the job status... ===
I 03-17 21:47:32 utils.py:137] Job status: JobStatus.RUNNING
I 03-17 21:47:32 utils.py:140] ==================================
I 03-17 21:47:52 utils.py:131] === Checking the job status... ===
I 03-17 21:47:53 utils.py:137] Job status: JobStatus.RUNNING
I 03-17 21:47:53 utils.py:140] ==================================
I 03-17 21:48:13 utils.py:131] === Checking the job status... ===
I 03-17 21:48:14 utils.py:137] Job status: JobStatus.RUNNING
I 03-17 21:48:14 utils.py:140] ==================================
I 03-17 21:48:34 utils.py:131] === Checking the job status... ===
I 03-17 21:48:35 utils.py:137] Job status: JobStatus.RUNNING
I 03-17 21:48:35 utils.py:140] ==================================
I 03-17 21:48:55 utils.py:131] === Checking the job status... ===
I 03-17 21:48:56 utils.py:137] Job status: JobStatus.RUNNING
I 03-17 21:48:56 utils.py:140] ==================================
I 03-17 21:49:16 utils.py:131] === Checking the job status... ===
I 03-17 21:49:17 utils.py:137] Job status: JobStatus.RUNNING
I 03-17 21:49:17 utils.py:140] ==================================
I 03-17 21:49:37 utils.py:131] === Checking the job status... ===
I 03-17 21:49:38 utils.py:137] Job status: JobStatus.RUNNING
I 03-17 21:49:38 utils.py:140] ==================================
I 03-17 21:49:58 utils.py:131] === Checking the job status... ===
I 03-17 21:49:59 utils.py:137] Job status: JobStatus.RUNNING
I 03-17 21:49:59 utils.py:140] ==================================
I 03-17 21:50:19 utils.py:131] === Checking the job status... ===
I 03-17 21:50:20 utils.py:137] Job status: JobStatus.RUNNING
I 03-17 21:50:20 utils.py:140] ==================================
I 03-17 21:50:40 utils.py:131] === Checking the job status... ===
I 03-17 21:50:41 utils.py:137] Job status: JobStatus.RUNNING
I 03-17 21:50:41 utils.py:140] ==================================
I 03-17 21:51:01 utils.py:131] === Checking the job status... ===
I 03-17 21:51:02 utils.py:137] Job status: JobStatus.RUNNING
I 03-17 21:51:02 utils.py:140] ==================================
I 03-17 21:51:22 utils.py:131] === Checking the job status... ===
I 03-17 21:51:23 utils.py:137] Job status: JobStatus.RUNNING
I 03-17 21:51:23 utils.py:140] ==================================
I 03-17 21:51:43 utils.py:131] === Checking the job status... ===
I 03-17 21:51:44 utils.py:137] Job status: JobStatus.RUNNING
I 03-17 21:51:44 utils.py:140] ==================================
I 03-17 21:52:05 utils.py:131] === Checking the job status... ===
I 03-17 21:52:05 utils.py:137] Job status: JobStatus.RUNNING
I 03-17 21:52:05 utils.py:140] ==================================
I 03-17 21:52:26 utils.py:131] === Checking the job status... ===
I 03-17 21:52:27 utils.py:137] Job status: JobStatus.RUNNING
I 03-17 21:52:27 utils.py:140] ==================================
I 03-17 21:52:47 utils.py:131] === Checking the job status... ===
I 03-17 21:52:48 utils.py:137] Job status: JobStatus.RUNNING
I 03-17 21:52:48 utils.py:140] ==================================
I 03-17 21:53:08 utils.py:131] === Checking the job status... ===
I 03-17 21:53:09 utils.py:137] Job status: JobStatus.RUNNING
I 03-17 21:53:09 utils.py:140] ==================================
I 03-17 21:53:29 utils.py:131] === Checking the job status... ===
I 03-17 21:53:30 utils.py:137] Job status: JobStatus.RUNNING
I 03-17 21:53:30 utils.py:140] ==================================
I 03-17 21:53:50 utils.py:131] === Checking the job status... ===
I 03-17 21:53:51 utils.py:137] Job status: JobStatus.RUNNING
I 03-17 21:53:51 utils.py:140] ==================================
I 03-17 21:54:11 utils.py:131] === Checking the job status... ===
I 03-17 21:54:12 utils.py:137] Job status: JobStatus.RUNNING
I 03-17 21:54:12 utils.py:140] ==================================
I 03-17 21:54:32 utils.py:131] === Checking the job status... ===
I 03-17 21:54:33 utils.py:137] Job status: JobStatus.RUNNING
I 03-17 21:54:33 utils.py:140] ==================================
I 03-17 21:54:53 utils.py:131] === Checking the job status... ===
I 03-17 21:54:54 utils.py:137] Job status: JobStatus.RUNNING
I 03-17 21:54:54 utils.py:140] ==================================
I 03-17 21:55:14 utils.py:131] === Checking the job status... ===
I 03-17 21:55:15 utils.py:137] Job status: JobStatus.RUNNING
I 03-17 21:55:15 utils.py:140] ==================================
I 03-17 21:55:35 utils.py:131] === Checking the job status... ===
I 03-17 21:55:36 utils.py:137] Job status: JobStatus.RUNNING
I 03-17 21:55:36 utils.py:140] ==================================
I 03-17 21:55:56 utils.py:131] === Checking the job status... ===
I 03-17 21:55:57 utils.py:137] Job status: JobStatus.RUNNING
I 03-17 21:55:57 utils.py:140] ==================================
I 03-17 21:56:17 utils.py:131] === Checking the job status... ===
I 03-17 21:56:18 utils.py:137] Job status: JobStatus.RUNNING
I 03-17 21:56:18 utils.py:140] ==================================
I 03-17 21:56:38 utils.py:131] === Checking the job status... ===
I 03-17 21:56:39 utils.py:137] Job status: JobStatus.RUNNING
I 03-17 21:56:39 utils.py:140] ==================================
I 03-17 21:56:59 utils.py:131] === Checking the job status... ===
I 03-17 21:57:00 utils.py:137] Job status: JobStatus.RUNNING
I 03-17 21:57:00 utils.py:140] ==================================
I 03-17 21:57:20 utils.py:131] === Checking the job status... ===
I 03-17 21:57:21 utils.py:137] Job status: JobStatus.RUNNING
I 03-17 21:57:21 utils.py:140] ==================================
I 03-17 21:57:41 utils.py:131] === Checking the job status... ===
I 03-17 21:57:42 utils.py:137] Job status: JobStatus.RUNNING
I 03-17 21:57:42 utils.py:140] ==================================
I 03-17 21:58:03 utils.py:131] === Checking the job status... ===
I 03-17 21:58:04 utils.py:137] Job status: JobStatus.RUNNING
I 03-17 21:58:04 utils.py:140] ==================================
I 03-17 21:58:24 utils.py:131] === Checking the job status... ===
I 03-17 21:58:25 utils.py:137] Job status: JobStatus.RUNNING
I 03-17 21:58:25 utils.py:140] ==================================
I 03-17 21:58:45 utils.py:131] === Checking the job status... ===
I 03-17 21:58:46 utils.py:137] Job status: JobStatus.RUNNING
I 03-17 21:58:46 utils.py:140] ==================================
I 03-17 21:59:06 utils.py:131] === Checking the job status... ===
I 03-17 21:59:07 utils.py:137] Job status: JobStatus.RUNNING
I 03-17 21:59:07 utils.py:140] ==================================
I 03-17 21:59:27 utils.py:131] === Checking the job status... ===
I 03-17 21:59:28 utils.py:137] Job status: JobStatus.RUNNING
I 03-17 21:59:28 utils.py:140] ==================================
I 03-17 21:59:48 utils.py:131] === Checking the job status... ===
I 03-17 21:59:49 utils.py:137] Job status: JobStatus.RUNNING
I 03-17 21:59:49 utils.py:140] ==================================
I 03-17 22:00:09 utils.py:131] === Checking the job status... ===
I 03-17 22:00:10 utils.py:137] Job status: JobStatus.RUNNING
I 03-17 22:00:10 utils.py:140] ==================================
I 03-17 22:00:30 utils.py:131] === Checking the job status... ===
I 03-17 22:00:31 utils.py:137] Job status: JobStatus.RUNNING
I 03-17 22:00:31 utils.py:140] ==================================
I 03-17 22:00:51 utils.py:131] === Checking the job status... ===
I 03-17 22:00:52 utils.py:137] Job status: JobStatus.RUNNING
I 03-17 22:00:52 utils.py:140] ==================================
I 03-17 22:01:12 utils.py:131] === Checking the job status... ===
I 03-17 22:01:13 utils.py:137] Job status: JobStatus.RUNNING
I 03-17 22:01:13 utils.py:140] ==================================
I 03-17 22:01:33 utils.py:131] === Checking the job status... ===
I 03-17 22:01:34 utils.py:137] Job status: JobStatus.RUNNING
I 03-17 22:01:34 utils.py:140] ==================================
I 03-17 22:01:54 utils.py:131] === Checking the job status... ===
I 03-17 22:01:55 utils.py:137] Job status: JobStatus.RUNNING
I 03-17 22:01:55 utils.py:140] ==================================
I 03-17 22:02:15 utils.py:131] === Checking the job status... ===
I 03-17 22:02:16 utils.py:137] Job status: JobStatus.RUNNING
I 03-17 22:02:16 utils.py:140] ==================================
I 03-17 22:02:36 utils.py:131] === Checking the job status... ===
I 03-17 22:02:37 utils.py:137] Job status: JobStatus.RUNNING
I 03-17 22:02:37 utils.py:140] ==================================
I 03-17 22:02:57 utils.py:131] === Checking the job status... ===
I 03-17 22:02:58 utils.py:137] Job status: JobStatus.RUNNING
I 03-17 22:02:58 utils.py:140] ==================================
I 03-17 22:03:19 utils.py:131] === Checking the job status... ===
I 03-17 22:03:19 utils.py:137] Job status: JobStatus.RUNNING
I 03-17 22:03:19 utils.py:140] ==================================
I 03-17 22:03:40 utils.py:131] === Checking the job status... ===
I 03-17 22:03:40 utils.py:137] Job status: JobStatus.RUNNING
I 03-17 22:03:40 utils.py:140] ==================================
I 03-17 22:04:01 utils.py:131] === Checking the job status... ===
I 03-17 22:04:02 utils.py:137] Job status: JobStatus.RUNNING
I 03-17 22:04:02 utils.py:140] ==================================
I 03-17 22:04:22 utils.py:131] === Checking the job status... ===
I 03-17 22:04:23 utils.py:137] Job status: JobStatus.RUNNING
I 03-17 22:04:23 utils.py:140] ==================================
I 03-17 22:04:43 utils.py:131] === Checking the job status... ===
I 03-17 22:04:44 utils.py:137] Job status: JobStatus.RUNNING
I 03-17 22:04:44 utils.py:140] ==================================
I 03-17 22:05:04 utils.py:131] === Checking the job status... ===
I 03-17 22:05:05 utils.py:137] Job status: JobStatus.RUNNING
I 03-17 22:05:05 utils.py:140] ==================================
I 03-17 22:05:25 utils.py:131] === Checking the job status... ===
I 03-17 22:05:26 utils.py:137] Job status: JobStatus.RUNNING
I 03-17 22:05:26 utils.py:140] ==================================
I 03-17 22:05:46 utils.py:131] === Checking the job status... ===
I 03-17 22:05:47 utils.py:137] Job status: JobStatus.RUNNING
I 03-17 22:05:47 utils.py:140] ==================================
I 03-17 22:06:07 utils.py:131] === Checking the job status... ===
I 03-17 22:06:08 utils.py:137] Job status: JobStatus.RUNNING
I 03-17 22:06:08 utils.py:140] ==================================
I 03-17 22:06:28 utils.py:131] === Checking the job status... ===
I 03-17 22:06:29 utils.py:137] Job status: JobStatus.RUNNING
I 03-17 22:06:29 utils.py:140] ==================================
I 03-17 22:06:49 utils.py:131] === Checking the job status... ===
I 03-17 22:06:50 utils.py:137] Job status: JobStatus.RUNNING
I 03-17 22:06:50 utils.py:140] ==================================
I 03-17 22:07:10 utils.py:131] === Checking the job status... ===
I 03-17 22:07:11 utils.py:137] Job status: JobStatus.RUNNING
I 03-17 22:07:11 utils.py:140] ==================================
I 03-17 22:07:31 utils.py:131] === Checking the job status... ===
I 03-17 22:07:32 utils.py:137] Job status: JobStatus.RUNNING
I 03-17 22:07:32 utils.py:140] ==================================
I 03-17 22:07:53 utils.py:131] === Checking the job status... ===
I 03-17 22:07:53 utils.py:137] Job status: JobStatus.RUNNING
I 03-17 22:07:53 utils.py:140] ==================================
I 03-17 22:08:14 utils.py:131] === Checking the job status... ===
I 03-17 22:08:15 utils.py:137] Job status: JobStatus.RUNNING
I 03-17 22:08:15 utils.py:140] ==================================
I 03-17 22:08:35 utils.py:131] === Checking the job status... ===
I 03-17 22:08:36 utils.py:137] Job status: JobStatus.RUNNING
I 03-17 22:08:36 utils.py:140] ==================================
I 03-17 22:08:56 utils.py:131] === Checking the job status... ===
I 03-17 22:08:57 utils.py:137] Job status: JobStatus.RUNNING
I 03-17 22:08:57 utils.py:140] ==================================
I 03-17 22:09:17 utils.py:131] === Checking the job status... ===
I 03-17 22:09:18 utils.py:137] Job status: JobStatus.RUNNING
I 03-17 22:09:18 utils.py:140] ==================================
I 03-17 22:09:38 utils.py:131] === Checking the job status... ===
I 03-17 22:09:39 utils.py:137] Job status: JobStatus.RUNNING
I 03-17 22:09:39 utils.py:140] ==================================
I 03-17 22:09:59 utils.py:131] === Checking the job status... ===
I 03-17 22:10:00 utils.py:137] Job status: JobStatus.RUNNING
I 03-17 22:10:00 utils.py:140] ==================================
I 03-17 22:10:20 utils.py:131] === Checking the job status... ===
I 03-17 22:10:21 utils.py:137] Job status: JobStatus.RUNNING
I 03-17 22:10:21 utils.py:140] ==================================
I 03-17 22:10:41 utils.py:131] === Checking the job status... ===
I 03-17 22:10:42 utils.py:137] Job status: JobStatus.RUNNING
I 03-17 22:10:42 utils.py:140] ==================================
I 03-17 22:11:02 utils.py:131] === Checking the job status... ===
I 03-17 22:11:03 utils.py:137] Job status: JobStatus.RUNNING
I 03-17 22:11:03 utils.py:140] ==================================
I 03-17 22:11:23 utils.py:131] === Checking the job status... ===
I 03-17 22:11:24 utils.py:137] Job status: JobStatus.RUNNING
I 03-17 22:11:24 utils.py:140] ==================================
I 03-17 22:11:45 utils.py:131] === Checking the job status... ===
I 03-17 22:11:46 utils.py:137] Job status: JobStatus.RUNNING
I 03-17 22:11:46 utils.py:140] ==================================
I 03-17 22:12:06 utils.py:131] === Checking the job status... ===
I 03-17 22:12:07 utils.py:137] Job status: JobStatus.RUNNING
I 03-17 22:12:07 utils.py:140] ==================================
I 03-17 22:12:27 utils.py:131] === Checking the job status... ===
I 03-17 22:12:28 utils.py:137] Job status: JobStatus.RUNNING
I 03-17 22:12:28 utils.py:140] ==================================
I 03-17 22:12:48 utils.py:131] === Checking the job status... ===
I 03-17 22:12:49 utils.py:137] Job status: JobStatus.RUNNING
I 03-17 22:12:49 utils.py:140] ==================================
I 03-17 22:13:09 utils.py:131] === Checking the job status... ===
I 03-17 22:13:10 utils.py:137] Job status: JobStatus.RUNNING
I 03-17 22:13:10 utils.py:140] ==================================
I 03-17 22:13:30 utils.py:131] === Checking the job status... ===
I 03-17 22:13:31 utils.py:137] Job status: JobStatus.RUNNING
I 03-17 22:13:31 utils.py:140] ==================================
I 03-17 22:13:51 utils.py:131] === Checking the job status... ===
I 03-17 22:13:52 utils.py:137] Job status: JobStatus.RUNNING
I 03-17 22:13:52 utils.py:140] ==================================
I 03-17 22:14:12 utils.py:131] === Checking the job status... ===
I 03-17 22:14:13 utils.py:137] Job status: JobStatus.RUNNING
I 03-17 22:14:13 utils.py:140] ==================================
I 03-17 22:14:33 utils.py:131] === Checking the job status... ===
I 03-17 22:14:34 utils.py:137] Job status: JobStatus.RUNNING
I 03-17 22:14:34 utils.py:140] ==================================
I 03-17 22:14:54 utils.py:131] === Checking the job status... ===
I 03-17 22:14:55 utils.py:137] Job status: JobStatus.RUNNING
I 03-17 22:14:55 utils.py:140] ==================================
I 03-17 22:15:16 utils.py:131] === Checking the job status... ===
I 03-17 22:15:16 utils.py:137] Job status: JobStatus.RUNNING
I 03-17 22:15:16 utils.py:140] ==================================
I 03-17 22:15:37 utils.py:131] === Checking the job status... ===
I 03-17 22:15:38 utils.py:137] Job status: JobStatus.RUNNING
I 03-17 22:15:38 utils.py:140] ==================================
I 03-17 22:15:58 utils.py:131] === Checking the job status... ===
I 03-17 22:15:59 utils.py:137] Job status: JobStatus.RUNNING
I 03-17 22:15:59 utils.py:140] ==================================
I 03-17 22:16:19 utils.py:131] === Checking the job status... ===
I 03-17 22:16:20 utils.py:137] Job status: JobStatus.RUNNING
I 03-17 22:16:20 utils.py:140] ==================================
I 03-17 22:16:40 utils.py:131] === Checking the job status... ===
I 03-17 22:16:41 utils.py:137] Job status: JobStatus.RUNNING
I 03-17 22:16:41 utils.py:140] ==================================
I 03-17 22:17:01 utils.py:131] === Checking the job status... ===
I 03-17 22:17:02 utils.py:137] Job status: JobStatus.RUNNING
I 03-17 22:17:02 utils.py:140] ==================================
I 03-17 22:17:22 utils.py:131] === Checking the job status... ===
I 03-17 22:17:23 utils.py:137] Job status: JobStatus.RUNNING
I 03-17 22:17:23 utils.py:140] ==================================
I 03-17 22:17:43 utils.py:131] === Checking the job status... ===
I 03-17 22:17:44 utils.py:137] Job status: JobStatus.RUNNING
I 03-17 22:17:44 utils.py:140] ==================================
I 03-17 22:18:04 utils.py:131] === Checking the job status... ===
I 03-17 22:18:05 utils.py:137] Job status: JobStatus.RUNNING
I 03-17 22:18:05 utils.py:140] ==================================
I 03-17 22:18:25 utils.py:131] === Checking the job status... ===
I 03-17 22:18:26 utils.py:137] Job status: JobStatus.RUNNING
I 03-17 22:18:26 utils.py:140] ==================================
I 03-17 22:18:46 utils.py:131] === Checking the job status... ===
I 03-17 22:18:47 utils.py:137] Job status: JobStatus.RUNNING
I 03-17 22:18:47 utils.py:140] ==================================
I 03-17 22:19:07 utils.py:131] === Checking the job status... ===
I 03-17 22:19:08 utils.py:137] Job status: JobStatus.RUNNING
I 03-17 22:19:08 utils.py:140] ==================================
I 03-17 22:19:28 utils.py:131] === Checking the job status... ===
I 03-17 22:19:29 utils.py:137] Job status: JobStatus.RUNNING
I 03-17 22:19:29 utils.py:140] ==================================
I 03-17 22:19:50 utils.py:131] === Checking the job status... ===
I 03-17 22:19:50 utils.py:137] Job status: JobStatus.RUNNING
I 03-17 22:19:50 utils.py:140] ==================================
I 03-17 22:20:11 utils.py:131] === Checking the job status... ===
I 03-17 22:20:12 utils.py:137] Job status: JobStatus.RUNNING
I 03-17 22:20:12 utils.py:140] ==================================
I 03-17 22:20:32 utils.py:131] === Checking the job status... ===
I 03-17 22:20:33 utils.py:137] Job status: JobStatus.RUNNING
I 03-17 22:20:33 utils.py:140] ==================================
I 03-17 22:20:53 utils.py:131] === Checking the job status... ===
I 03-17 22:20:54 utils.py:137] Job status: JobStatus.RUNNING
I 03-17 22:20:54 utils.py:140] ==================================
I 03-17 22:21:14 utils.py:131] === Checking the job status... ===
I 03-17 22:21:15 utils.py:137] Job status: JobStatus.RUNNING
I 03-17 22:21:15 utils.py:140] ==================================
I 03-17 22:21:35 utils.py:131] === Checking the job status... ===
I 03-17 22:21:36 utils.py:137] Job status: JobStatus.RUNNING
I 03-17 22:21:36 utils.py:140] ==================================
I 03-17 22:21:56 utils.py:131] === Checking the job status... ===
I 03-17 22:21:57 utils.py:137] Job status: JobStatus.RUNNING
I 03-17 22:21:57 utils.py:140] ==================================
I 03-17 22:22:17 utils.py:131] === Checking the job status... ===
I 03-17 22:22:18 utils.py:137] Job status: JobStatus.RUNNING
I 03-17 22:22:18 utils.py:140] ==================================
I 03-17 22:22:38 utils.py:131] === Checking the job status... ===
I 03-17 22:22:39 utils.py:137] Job status: JobStatus.RUNNING
I 03-17 22:22:39 utils.py:140] ==================================
I 03-17 22:22:59 utils.py:131] === Checking the job status... ===
I 03-17 22:23:00 utils.py:137] Job status: JobStatus.RUNNING
I 03-17 22:23:00 utils.py:140] ==================================
I 03-17 22:23:20 utils.py:131] === Checking the job status... ===
I 03-17 22:23:21 utils.py:137] Job status: JobStatus.RUNNING
I 03-17 22:23:21 utils.py:140] ==================================
I 03-17 22:23:41 utils.py:131] === Checking the job status... ===
I 03-17 22:23:42 utils.py:137] Job status: JobStatus.RUNNING
I 03-17 22:23:42 utils.py:140] ==================================
I 03-17 22:24:02 utils.py:131] === Checking the job status... ===
I 03-17 22:24:03 utils.py:137] Job status: JobStatus.RUNNING
I 03-17 22:24:03 utils.py:140] ==================================
I 03-17 22:24:23 utils.py:131] === Checking the job status... ===
I 03-17 22:24:24 utils.py:137] Job status: JobStatus.RUNNING
I 03-17 22:24:24 utils.py:140] ==================================
I 03-17 22:24:44 utils.py:131] === Checking the job status... ===
I 03-17 22:24:45 utils.py:137] Job status: JobStatus.RUNNING
I 03-17 22:24:45 utils.py:140] ==================================
I 03-17 22:25:05 utils.py:131] === Checking the job status... ===
I 03-17 22:25:06 utils.py:137] Job status: JobStatus.RUNNING
I 03-17 22:25:06 utils.py:140] ==================================
I 03-17 22:25:27 utils.py:131] === Checking the job status... ===
I 03-17 22:25:28 utils.py:137] Job status: JobStatus.RUNNING
I 03-17 22:25:28 utils.py:140] ==================================
I 03-17 22:25:48 utils.py:131] === Checking the job status... ===
I 03-17 22:25:49 utils.py:137] Job status: JobStatus.RUNNING
I 03-17 22:25:49 utils.py:140] ==================================
I 03-17 22:26:09 utils.py:131] === Checking the job status... ===
I 03-17 22:26:10 utils.py:137] Job status: JobStatus.RUNNING
I 03-17 22:26:10 utils.py:140] ==================================
I 03-17 22:26:30 utils.py:131] === Checking the job status... ===
I 03-17 22:26:31 utils.py:137] Job status: JobStatus.RUNNING
I 03-17 22:26:31 utils.py:140] ==================================
I 03-17 22:26:51 utils.py:131] === Checking the job status... ===
I 03-17 22:26:52 utils.py:137] Job status: JobStatus.RUNNING
I 03-17 22:26:52 utils.py:140] ==================================
I 03-17 22:27:12 utils.py:131] === Checking the job status... ===
I 03-17 22:27:13 utils.py:137] Job status: JobStatus.RUNNING
I 03-17 22:27:13 utils.py:140] ==================================
I 03-17 22:27:33 utils.py:131] === Checking the job status... ===
I 03-17 22:27:34 utils.py:137] Job status: JobStatus.RUNNING
I 03-17 22:27:34 utils.py:140] ==================================
I 03-17 22:27:54 utils.py:131] === Checking the job status... ===
I 03-17 22:27:55 utils.py:137] Job status: JobStatus.RUNNING
I 03-17 22:27:55 utils.py:140] ==================================
I 03-17 22:28:15 utils.py:131] === Checking the job status... ===
I 03-17 22:28:16 utils.py:137] Job status: JobStatus.RUNNING
I 03-17 22:28:16 utils.py:140] ==================================
I 03-17 22:28:36 utils.py:131] === Checking the job status... ===
I 03-17 22:28:37 utils.py:137] Job status: JobStatus.RUNNING
I 03-17 22:28:37 utils.py:140] ==================================
I 03-17 22:28:57 utils.py:131] === Checking the job status... ===
I 03-17 22:28:58 utils.py:137] Job status: JobStatus.RUNNING
I 03-17 22:28:58 utils.py:140] ==================================
I 03-17 22:29:18 utils.py:131] === Checking the job status... ===
I 03-17 22:29:19 utils.py:137] Job status: JobStatus.RUNNING
I 03-17 22:29:19 utils.py:140] ==================================
I 03-17 22:29:39 utils.py:131] === Checking the job status... ===
I 03-17 22:29:40 utils.py:137] Job status: JobStatus.RUNNING
I 03-17 22:29:40 utils.py:140] ==================================
I 03-17 22:30:00 utils.py:131] === Checking the job status... ===
I 03-17 22:30:01 utils.py:137] Job status: JobStatus.RUNNING
I 03-17 22:30:01 utils.py:140] ==================================
I 03-17 22:30:21 utils.py:131] === Checking the job status... ===
I 03-17 22:30:22 utils.py:137] Job status: JobStatus.RUNNING
I 03-17 22:30:22 utils.py:140] ==================================
I 03-17 22:30:43 utils.py:131] === Checking the job status... ===
I 03-17 22:30:43 utils.py:137] Job status: JobStatus.RUNNING
I 03-17 22:30:43 utils.py:140] ==================================
I 03-17 22:31:04 utils.py:131] === Checking the job status... ===
I 03-17 22:31:05 utils.py:137] Job status: JobStatus.RUNNING
I 03-17 22:31:05 utils.py:140] ==================================
I 03-17 22:31:25 utils.py:131] === Checking the job status... ===
I 03-17 22:31:26 utils.py:137] Job status: JobStatus.RUNNING
I 03-17 22:31:26 utils.py:140] ==================================
I 03-17 22:31:46 utils.py:131] === Checking the job status... ===
I 03-17 22:31:47 utils.py:137] Job status: JobStatus.RUNNING
I 03-17 22:31:47 utils.py:140] ==================================
I 03-17 22:32:07 utils.py:131] === Checking the job status... ===
I 03-17 22:32:08 utils.py:137] Job status: JobStatus.RUNNING
I 03-17 22:32:08 utils.py:140] ==================================
I 03-17 22:32:28 utils.py:131] === Checking the job status... ===
I 03-17 22:32:29 utils.py:137] Job status: JobStatus.RUNNING
I 03-17 22:32:29 utils.py:140] ==================================
I 03-17 22:32:49 utils.py:131] === Checking the job status... ===
I 03-17 22:32:50 utils.py:137] Job status: JobStatus.RUNNING
I 03-17 22:32:50 utils.py:140] ==================================
I 03-17 22:33:10 utils.py:131] === Checking the job status... ===
I 03-17 22:33:11 utils.py:137] Job status: JobStatus.RUNNING
I 03-17 22:33:11 utils.py:140] ==================================
I 03-17 22:33:31 utils.py:131] === Checking the job status... ===
I 03-17 22:33:32 utils.py:137] Job status: JobStatus.RUNNING
I 03-17 22:33:32 utils.py:140] ==================================
I 03-17 22:33:52 utils.py:131] === Checking the job status... ===
I 03-17 22:33:53 utils.py:137] Job status: JobStatus.RUNNING
I 03-17 22:33:53 utils.py:140] ==================================
I 03-17 22:34:13 utils.py:131] === Checking the job status... ===
I 03-17 22:34:14 utils.py:137] Job status: JobStatus.RUNNING
I 03-17 22:34:14 utils.py:140] ==================================
I 03-17 22:34:34 utils.py:131] === Checking the job status... ===
I 03-17 22:34:35 utils.py:137] Job status: JobStatus.RUNNING
I 03-17 22:34:35 utils.py:140] ==================================
I 03-17 22:34:55 utils.py:131] === Checking the job status... ===
I 03-17 22:34:56 utils.py:137] Job status: JobStatus.RUNNING
I 03-17 22:34:56 utils.py:140] ==================================
I 03-17 22:35:17 utils.py:131] === Checking the job status... ===
I 03-17 22:35:18 utils.py:137] Job status: JobStatus.RUNNING
I 03-17 22:35:18 utils.py:140] ==================================
I 03-17 22:35:38 utils.py:131] === Checking the job status... ===
I 03-17 22:35:39 utils.py:137] Job status: JobStatus.RUNNING
I 03-17 22:35:39 utils.py:140] ==================================
I 03-17 22:35:59 utils.py:131] === Checking the job status... ===
I 03-17 22:36:00 utils.py:137] Job status: JobStatus.RUNNING
I 03-17 22:36:00 utils.py:140] ==================================
I 03-17 22:36:20 utils.py:131] === Checking the job status... ===
I 03-17 22:36:21 utils.py:137] Job status: JobStatus.RUNNING
I 03-17 22:36:21 utils.py:140] ==================================
I 03-17 22:36:41 utils.py:131] === Checking the job status... ===
I 03-17 22:36:42 utils.py:137] Job status: JobStatus.RUNNING
I 03-17 22:36:42 utils.py:140] ==================================
I 03-17 22:37:02 utils.py:131] === Checking the job status... ===
I 03-17 22:37:03 utils.py:137] Job status: JobStatus.RUNNING
I 03-17 22:37:03 utils.py:140] ==================================
I 03-17 22:37:23 utils.py:131] === Checking the job status... ===
I 03-17 22:37:24 utils.py:137] Job status: JobStatus.RUNNING
I 03-17 22:37:24 utils.py:140] ==================================
I 03-17 22:37:44 utils.py:131] === Checking the job status... ===
I 03-17 22:37:45 utils.py:137] Job status: JobStatus.RUNNING
I 03-17 22:37:45 utils.py:140] ==================================
I 03-17 22:38:05 utils.py:131] === Checking the job status... ===
I 03-17 22:38:06 utils.py:137] Job status: JobStatus.RUNNING
I 03-17 22:38:06 utils.py:140] ==================================
I 03-17 22:38:26 utils.py:131] === Checking the job status... ===
I 03-17 22:38:27 utils.py:137] Job status: JobStatus.RUNNING
I 03-17 22:38:27 utils.py:140] ==================================
I 03-17 22:38:47 utils.py:131] === Checking the job status... ===
I 03-17 22:38:48 utils.py:137] Job status: JobStatus.RUNNING
I 03-17 22:38:48 utils.py:140] ==================================
I 03-17 22:39:08 utils.py:131] === Checking the job status... ===
I 03-17 22:39:09 utils.py:137] Job status: JobStatus.RUNNING
I 03-17 22:39:09 utils.py:140] ==================================
I 03-17 22:39:30 utils.py:131] === Checking the job status... ===
I 03-17 22:39:31 utils.py:137] Job status: JobStatus.RUNNING
I 03-17 22:39:31 utils.py:140] ==================================
I 03-17 22:39:51 utils.py:131] === Checking the job status... ===
I 03-17 22:39:52 utils.py:137] Job status: JobStatus.RUNNING
I 03-17 22:39:52 utils.py:140] ==================================
I 03-17 22:40:12 utils.py:131] === Checking the job status... ===
I 03-17 22:40:13 utils.py:137] Job status: JobStatus.RUNNING
I 03-17 22:40:13 utils.py:140] ==================================
I 03-17 22:40:33 utils.py:131] === Checking the job status... ===
I 03-17 22:40:34 utils.py:137] Job status: JobStatus.RUNNING
I 03-17 22:40:34 utils.py:140] ==================================
I 03-17 22:40:54 utils.py:131] === Checking the job status... ===
I 03-17 22:40:55 utils.py:137] Job status: JobStatus.RUNNING
I 03-17 22:40:55 utils.py:140] ==================================
I 03-17 22:41:15 utils.py:131] === Checking the job status... ===
I 03-17 22:41:16 utils.py:137] Job status: JobStatus.RUNNING
I 03-17 22:41:16 utils.py:140] ==================================
I 03-17 22:41:36 utils.py:131] === Checking the job status... ===
I 03-17 22:41:37 utils.py:137] Job status: JobStatus.RUNNING
I 03-17 22:41:37 utils.py:140] ==================================
I 03-17 22:41:57 utils.py:131] === Checking the job status... ===
I 03-17 22:41:58 utils.py:137] Job status: JobStatus.RUNNING
I 03-17 22:41:58 utils.py:140] ==================================
I 03-17 22:42:18 utils.py:131] === Checking the job status... ===
I 03-17 22:42:19 utils.py:137] Job status: JobStatus.RUNNING
I 03-17 22:42:19 utils.py:140] ==================================
I 03-17 22:42:39 utils.py:131] === Checking the job status... ===
I 03-17 22:42:40 utils.py:137] Job status: JobStatus.RUNNING
I 03-17 22:42:40 utils.py:140] ==================================
I 03-17 22:43:00 utils.py:131] === Checking the job status... ===
I 03-17 22:43:01 utils.py:137] Job status: JobStatus.RUNNING
I 03-17 22:43:01 utils.py:140] ==================================
I 03-17 22:43:21 utils.py:131] === Checking the job status... ===
I 03-17 22:43:22 utils.py:137] Job status: JobStatus.RUNNING
I 03-17 22:43:22 utils.py:140] ==================================
I 03-17 22:43:42 utils.py:131] === Checking the job status... ===
I 03-17 22:43:43 utils.py:137] Job status: JobStatus.RUNNING
I 03-17 22:43:43 utils.py:140] ==================================
I 03-17 22:44:03 utils.py:131] === Checking the job status... ===
I 03-17 22:44:04 utils.py:137] Job status: JobStatus.RUNNING
I 03-17 22:44:04 utils.py:140] ==================================
I 03-17 22:44:25 utils.py:131] === Checking the job status... ===
I 03-17 22:44:25 utils.py:137] Job status: JobStatus.RUNNING
I 03-17 22:44:25 utils.py:140] ==================================
I 03-17 22:44:46 utils.py:131] === Checking the job status... ===
I 03-17 22:44:47 utils.py:137] Job status: JobStatus.RUNNING
I 03-17 22:44:47 utils.py:140] ==================================
I 03-17 22:45:07 utils.py:131] === Checking the job status... ===
I 03-17 22:45:08 utils.py:137] Job status: JobStatus.RUNNING
I 03-17 22:45:08 utils.py:140] ==================================
I 03-17 22:45:28 utils.py:131] === Checking the job status... ===
I 03-17 22:45:29 utils.py:137] Job status: JobStatus.RUNNING
I 03-17 22:45:29 utils.py:140] ==================================
I 03-17 22:45:49 utils.py:131] === Checking the job status... ===
I 03-17 22:45:50 utils.py:137] Job status: JobStatus.RUNNING
I 03-17 22:45:50 utils.py:140] ==================================
I 03-17 22:46:10 utils.py:131] === Checking the job status... ===
I 03-17 22:46:11 utils.py:137] Job status: JobStatus.RUNNING
I 03-17 22:46:11 utils.py:140] ==================================
I 03-17 22:46:31 utils.py:131] === Checking the job status... ===
I 03-17 22:46:32 utils.py:137] Job status: JobStatus.RUNNING
I 03-17 22:46:32 utils.py:140] ==================================
I 03-17 22:46:52 utils.py:131] === Checking the job status... ===
I 03-17 22:46:53 utils.py:137] Job status: JobStatus.RUNNING
I 03-17 22:46:53 utils.py:140] ==================================
I 03-17 22:47:13 utils.py:131] === Checking the job status... ===
I 03-17 22:47:14 utils.py:137] Job status: JobStatus.RUNNING
I 03-17 22:47:14 utils.py:140] ==================================
I 03-17 22:47:34 utils.py:131] === Checking the job status... ===
I 03-17 22:47:35 utils.py:137] Job status: JobStatus.RUNNING
I 03-17 22:47:35 utils.py:140] ==================================
I 03-17 22:47:55 utils.py:131] === Checking the job status... ===
I 03-17 22:47:56 utils.py:137] Job status: JobStatus.RUNNING
I 03-17 22:47:56 utils.py:140] ==================================
I 03-17 22:48:16 utils.py:131] === Checking the job status... ===
I 03-17 22:48:17 utils.py:137] Job status: JobStatus.RUNNING
I 03-17 22:48:17 utils.py:140] ==================================
I 03-17 22:48:37 utils.py:131] === Checking the job status... ===
I 03-17 22:48:38 utils.py:137] Job status: JobStatus.RUNNING
I 03-17 22:48:38 utils.py:140] ==================================
I 03-17 22:48:59 utils.py:131] === Checking the job status... ===
I 03-17 22:49:00 utils.py:137] Job status: JobStatus.RUNNING
I 03-17 22:49:00 utils.py:140] ==================================
I 03-17 22:49:20 utils.py:131] === Checking the job status... ===
I 03-17 22:49:21 utils.py:137] Job status: JobStatus.RUNNING
I 03-17 22:49:21 utils.py:140] ==================================
I 03-17 22:49:41 utils.py:131] === Checking the job status... ===
I 03-17 22:49:42 utils.py:137] Job status: JobStatus.RUNNING
I 03-17 22:49:42 utils.py:140] ==================================
I 03-17 22:50:02 utils.py:131] === Checking the job status... ===
I 03-17 22:50:03 utils.py:137] Job status: JobStatus.RUNNING
I 03-17 22:50:03 utils.py:140] ==================================
I 03-17 22:50:23 utils.py:131] === Checking the job status... ===
I 03-17 22:50:24 utils.py:137] Job status: JobStatus.RUNNING
I 03-17 22:50:24 utils.py:140] ==================================
I 03-17 22:50:44 utils.py:131] === Checking the job status... ===
I 03-17 22:50:45 utils.py:137] Job status: JobStatus.RUNNING
I 03-17 22:50:45 utils.py:140] ==================================
I 03-17 22:51:05 utils.py:131] === Checking the job status... ===
I 03-17 22:51:06 utils.py:137] Job status: JobStatus.RUNNING
I 03-17 22:51:06 utils.py:140] ==================================
I 03-17 22:51:26 utils.py:131] === Checking the job status... ===
I 03-17 22:51:27 utils.py:137] Job status: JobStatus.RUNNING
I 03-17 22:51:27 utils.py:140] ==================================
I 03-17 22:51:47 utils.py:131] === Checking the job status... ===
I 03-17 22:51:48 utils.py:137] Job status: JobStatus.RUNNING
I 03-17 22:51:48 utils.py:140] ==================================
I 03-17 22:52:08 utils.py:131] === Checking the job status... ===
I 03-17 22:52:09 utils.py:137] Job status: JobStatus.RUNNING
I 03-17 22:52:09 utils.py:140] ==================================
I 03-17 22:52:29 utils.py:131] === Checking the job status... ===
I 03-17 22:52:30 utils.py:137] Job status: JobStatus.RUNNING
I 03-17 22:52:30 utils.py:140] ==================================
I 03-17 22:52:50 utils.py:131] === Checking the job status... ===
I 03-17 22:52:51 utils.py:137] Job status: JobStatus.RUNNING
I 03-17 22:52:51 utils.py:140] ==================================
I 03-17 22:53:11 utils.py:131] === Checking the job status... ===
I 03-17 22:53:12 utils.py:137] Job status: JobStatus.RUNNING
I 03-17 22:53:12 utils.py:140] ==================================
I 03-17 22:53:32 utils.py:131] === Checking the job status... ===
I 03-17 22:53:33 utils.py:137] Job status: JobStatus.RUNNING
I 03-17 22:53:33 utils.py:140] ==================================
I 03-17 22:53:54 utils.py:131] === Checking the job status... ===
I 03-17 22:53:55 utils.py:137] Job status: JobStatus.RUNNING
I 03-17 22:53:55 utils.py:140] ==================================
I 03-17 22:54:15 utils.py:131] === Checking the job status... ===
I 03-17 22:54:16 utils.py:137] Job status: JobStatus.RUNNING
I 03-17 22:54:16 utils.py:140] ==================================
I 03-17 22:54:36 utils.py:131] === Checking the job status... ===
I 03-17 22:54:37 utils.py:137] Job status: JobStatus.RUNNING
I 03-17 22:54:37 utils.py:140] ==================================
I 03-17 22:54:57 utils.py:131] === Checking the job status... ===
I 03-17 22:54:58 utils.py:137] Job status: JobStatus.RUNNING
I 03-17 22:54:58 utils.py:140] ==================================
I 03-17 22:55:18 utils.py:131] === Checking the job status... ===
I 03-17 22:55:19 utils.py:137] Job status: JobStatus.RUNNING
I 03-17 22:55:19 utils.py:140] ==================================
I 03-17 22:55:39 utils.py:131] === Checking the job status... ===
I 03-17 22:55:40 utils.py:137] Job status: JobStatus.RUNNING
I 03-17 22:55:40 utils.py:140] ==================================
I 03-17 22:56:00 utils.py:131] === Checking the job status... ===
I 03-17 22:56:01 utils.py:137] Job status: JobStatus.RUNNING
I 03-17 22:56:01 utils.py:140] ==================================
I 03-17 22:56:21 utils.py:131] === Checking the job status... ===
I 03-17 22:56:22 utils.py:137] Job status: JobStatus.RUNNING
I 03-17 22:56:22 utils.py:140] ==================================
I 03-17 22:56:42 utils.py:131] === Checking the job status... ===
I 03-17 22:56:43 utils.py:137] Job status: JobStatus.RUNNING
I 03-17 22:56:43 utils.py:140] ==================================
I 03-17 22:57:03 utils.py:131] === Checking the job status... ===
I 03-17 22:57:04 utils.py:137] Job status: JobStatus.RUNNING
I 03-17 22:57:04 utils.py:140] ==================================
I 03-17 22:57:24 utils.py:131] === Checking the job status... ===
I 03-17 22:57:25 utils.py:137] Job status: JobStatus.RUNNING
I 03-17 22:57:25 utils.py:140] ==================================
I 03-17 22:57:45 utils.py:131] === Checking the job status... ===
I 03-17 22:57:46 utils.py:137] Job status: JobStatus.RUNNING
I 03-17 22:57:46 utils.py:140] ==================================
I 03-17 22:58:06 utils.py:131] === Checking the job status... ===
I 03-17 22:58:07 utils.py:137] Job status: JobStatus.RUNNING
I 03-17 22:58:07 utils.py:140] ==================================
I 03-17 22:58:27 utils.py:131] === Checking the job status... ===
I 03-17 22:58:28 utils.py:137] Job status: JobStatus.RUNNING
I 03-17 22:58:28 utils.py:140] ==================================
I 03-17 22:58:49 utils.py:131] === Checking the job status... ===
I 03-17 22:58:49 utils.py:137] Job status: JobStatus.RUNNING
I 03-17 22:58:49 utils.py:140] ==================================
I 03-17 22:59:10 utils.py:131] === Checking the job status... ===
I 03-17 22:59:11 utils.py:137] Job status: JobStatus.RUNNING
I 03-17 22:59:11 utils.py:140] ==================================
I 03-17 22:59:31 utils.py:131] === Checking the job status... ===
I 03-17 22:59:32 utils.py:137] Job status: JobStatus.RUNNING
I 03-17 22:59:32 utils.py:140] ==================================
I 03-17 22:59:52 utils.py:131] === Checking the job status... ===
I 03-17 22:59:53 utils.py:137] Job status: JobStatus.RUNNING
I 03-17 22:59:53 utils.py:140] ==================================
I 03-17 23:00:13 utils.py:131] === Checking the job status... ===
I 03-17 23:00:14 utils.py:137] Job status: JobStatus.RUNNING
I 03-17 23:00:14 utils.py:140] ==================================
I 03-17 23:00:34 utils.py:131] === Checking the job status... ===
I 03-17 23:00:35 utils.py:137] Job status: JobStatus.RUNNING
I 03-17 23:00:35 utils.py:140] ==================================
I 03-17 23:00:55 utils.py:131] === Checking the job status... ===
I 03-17 23:00:56 utils.py:137] Job status: JobStatus.RUNNING
I 03-17 23:00:56 utils.py:140] ==================================
I 03-17 23:01:16 utils.py:131] === Checking the job status... ===
I 03-17 23:01:17 utils.py:137] Job status: JobStatus.RUNNING
I 03-17 23:01:17 utils.py:140] ==================================
I 03-17 23:01:37 utils.py:131] === Checking the job status... ===
I 03-17 23:01:38 utils.py:137] Job status: JobStatus.RUNNING
I 03-17 23:01:38 utils.py:140] ==================================
I 03-17 23:01:58 utils.py:131] === Checking the job status... ===
I 03-17 23:01:59 utils.py:137] Job status: JobStatus.RUNNING
I 03-17 23:01:59 utils.py:140] ==================================
I 03-17 23:02:19 utils.py:131] === Checking the job status... ===
I 03-17 23:02:20 utils.py:137] Job status: JobStatus.RUNNING
I 03-17 23:02:20 utils.py:140] ==================================
I 03-17 23:02:40 utils.py:131] === Checking the job status... ===
I 03-17 23:02:41 utils.py:137] Job status: JobStatus.RUNNING
I 03-17 23:02:41 utils.py:140] ==================================
I 03-17 23:03:01 utils.py:131] === Checking the job status... ===
I 03-17 23:03:02 utils.py:137] Job status: JobStatus.RUNNING
I 03-17 23:03:02 utils.py:140] ==================================
I 03-17 23:03:23 utils.py:131] === Checking the job status... ===
I 03-17 23:03:23 utils.py:137] Job status: JobStatus.RUNNING
I 03-17 23:03:23 utils.py:140] ==================================
I 03-17 23:03:44 utils.py:131] === Checking the job status... ===
I 03-17 23:03:45 utils.py:137] Job status: JobStatus.RUNNING
I 03-17 23:03:45 utils.py:140] ==================================
I 03-17 23:04:05 utils.py:131] === Checking the job status... ===
I 03-17 23:04:06 utils.py:137] Job status: JobStatus.RUNNING
I 03-17 23:04:06 utils.py:140] ==================================
I 03-17 23:04:26 utils.py:131] === Checking the job status... ===
I 03-17 23:04:27 utils.py:137] Job status: JobStatus.RUNNING
I 03-17 23:04:27 utils.py:140] ==================================
I 03-17 23:04:47 utils.py:131] === Checking the job status... ===
I 03-17 23:04:48 utils.py:137] Job status: JobStatus.RUNNING
I 03-17 23:04:48 utils.py:140] ==================================
I 03-17 23:05:08 utils.py:131] === Checking the job status... ===
I 03-17 23:05:09 utils.py:137] Job status: JobStatus.RUNNING
I 03-17 23:05:09 utils.py:140] ==================================
I 03-17 23:05:29 utils.py:131] === Checking the job status... ===
I 03-17 23:05:30 utils.py:137] Job status: JobStatus.RUNNING
I 03-17 23:05:30 utils.py:140] ==================================
I 03-17 23:05:50 utils.py:131] === Checking the job status... ===
I 03-17 23:05:51 utils.py:137] Job status: JobStatus.RUNNING
I 03-17 23:05:51 utils.py:140] ==================================
I 03-17 23:06:11 utils.py:131] === Checking the job status... ===
I 03-17 23:06:12 utils.py:137] Job status: JobStatus.RUNNING
I 03-17 23:06:12 utils.py:140] ==================================
I 03-17 23:06:32 utils.py:131] === Checking the job status... ===
I 03-17 23:06:33 utils.py:137] Job status: JobStatus.RUNNING
I 03-17 23:06:33 utils.py:140] ==================================
I 03-17 23:06:53 utils.py:131] === Checking the job status... ===
I 03-17 23:06:54 utils.py:137] Job status: JobStatus.RUNNING
I 03-17 23:06:54 utils.py:140] ==================================
I 03-17 23:07:14 utils.py:131] === Checking the job status... ===
I 03-17 23:07:15 utils.py:137] Job status: JobStatus.RUNNING
I 03-17 23:07:15 utils.py:140] ==================================
I 03-17 23:07:35 utils.py:131] === Checking the job status... ===
I 03-17 23:07:36 utils.py:137] Job status: JobStatus.RUNNING
I 03-17 23:07:36 utils.py:140] ==================================
I 03-17 23:07:57 utils.py:131] === Checking the job status... ===
I 03-17 23:07:58 utils.py:137] Job status: JobStatus.RUNNING
I 03-17 23:07:58 utils.py:140] ==================================
I 03-17 23:08:18 utils.py:131] === Checking the job status... ===
I 03-17 23:08:19 utils.py:137] Job status: JobStatus.RUNNING
I 03-17 23:08:19 utils.py:140] ==================================
I 03-17 23:08:39 utils.py:131] === Checking the job status... ===
I 03-17 23:08:40 utils.py:137] Job status: JobStatus.RUNNING
I 03-17 23:08:40 utils.py:140] ==================================
I 03-17 23:09:00 utils.py:131] === Checking the job status... ===
I 03-17 23:09:01 utils.py:137] Job status: JobStatus.RUNNING
I 03-17 23:09:01 utils.py:140] ==================================
I 03-17 23:09:21 utils.py:131] === Checking the job status... ===
I 03-17 23:09:22 utils.py:137] Job status: JobStatus.RUNNING
I 03-17 23:09:22 utils.py:140] ==================================
I 03-17 23:09:42 utils.py:131] === Checking the job status... ===
I 03-17 23:09:43 utils.py:137] Job status: JobStatus.RUNNING
I 03-17 23:09:43 utils.py:140] ==================================
I 03-17 23:10:03 utils.py:131] === Checking the job status... ===
I 03-17 23:10:04 utils.py:137] Job status: JobStatus.RUNNING
I 03-17 23:10:04 utils.py:140] ==================================
I 03-17 23:10:24 utils.py:131] === Checking the job status... ===
I 03-17 23:10:25 utils.py:137] Job status: JobStatus.RUNNING
I 03-17 23:10:25 utils.py:140] ==================================
I 03-17 23:10:45 utils.py:131] === Checking the job status... ===
I 03-17 23:10:46 utils.py:137] Job status: JobStatus.RUNNING
I 03-17 23:10:46 utils.py:140] ==================================
I 03-17 23:11:06 utils.py:131] === Checking the job status... ===
I 03-17 23:11:07 utils.py:137] Job status: JobStatus.RUNNING
I 03-17 23:11:07 utils.py:140] ==================================
I 03-17 23:11:27 utils.py:131] === Checking the job status... ===
I 03-17 23:11:28 utils.py:137] Job status: JobStatus.RUNNING
I 03-17 23:11:28 utils.py:140] ==================================
I 03-17 23:11:49 utils.py:131] === Checking the job status... ===
I 03-17 23:11:49 utils.py:137] Job status: JobStatus.RUNNING
I 03-17 23:11:49 utils.py:140] ==================================
I 03-17 23:12:10 utils.py:131] === Checking the job status... ===
I 03-17 23:12:11 utils.py:137] Job status: JobStatus.RUNNING
I 03-17 23:12:11 utils.py:140] ==================================
I 03-17 23:12:31 utils.py:131] === Checking the job status... ===
I 03-17 23:12:32 utils.py:137] Job status: JobStatus.RUNNING
I 03-17 23:12:32 utils.py:140] ==================================
I 03-17 23:12:52 utils.py:131] === Checking the job status... ===
I 03-17 23:12:53 utils.py:137] Job status: JobStatus.RUNNING
I 03-17 23:12:53 utils.py:140] ==================================
I 03-17 23:13:13 utils.py:131] === Checking the job status... ===
I 03-17 23:13:14 utils.py:137] Job status: JobStatus.RUNNING
I 03-17 23:13:14 utils.py:140] ==================================
I 03-17 23:13:34 utils.py:131] === Checking the job status... ===
I 03-17 23:13:35 utils.py:137] Job status: JobStatus.RUNNING
I 03-17 23:13:35 utils.py:140] ==================================
I 03-17 23:13:55 utils.py:131] === Checking the job status... ===
I 03-17 23:13:56 utils.py:137] Job status: JobStatus.RUNNING
I 03-17 23:13:56 utils.py:140] ==================================
I 03-17 23:14:16 utils.py:131] === Checking the job status... ===
I 03-17 23:14:17 utils.py:137] Job status: JobStatus.RUNNING
I 03-17 23:14:17 utils.py:140] ==================================
I 03-17 23:14:37 utils.py:131] === Checking the job status... ===
I 03-17 23:14:38 utils.py:137] Job status: JobStatus.RUNNING
I 03-17 23:14:38 utils.py:140] ==================================
I 03-17 23:14:58 utils.py:131] === Checking the job status... ===
I 03-17 23:14:59 utils.py:137] Job status: JobStatus.RUNNING
I 03-17 23:14:59 utils.py:140] ==================================
I 03-17 23:15:19 utils.py:131] === Checking the job status... ===
I 03-17 23:15:20 utils.py:137] Job status: JobStatus.RUNNING
I 03-17 23:15:20 utils.py:140] ==================================
I 03-17 23:15:40 utils.py:131] === Checking the job status... ===
I 03-17 23:15:41 utils.py:137] Job status: JobStatus.RUNNING
I 03-17 23:15:41 utils.py:140] ==================================
I 03-17 23:16:01 utils.py:131] === Checking the job status... ===
I 03-17 23:16:02 utils.py:137] Job status: JobStatus.RUNNING
I 03-17 23:16:02 utils.py:140] ==================================
I 03-17 23:16:23 utils.py:131] === Checking the job status... ===
I 03-17 23:16:24 utils.py:137] Job status: JobStatus.RUNNING
I 03-17 23:16:24 utils.py:140] ==================================
I 03-17 23:16:44 utils.py:131] === Checking the job status... ===
I 03-17 23:16:45 utils.py:137] Job status: JobStatus.RUNNING
I 03-17 23:16:45 utils.py:140] ==================================
I 03-17 23:17:05 utils.py:131] === Checking the job status... ===
I 03-17 23:17:06 utils.py:137] Job status: JobStatus.RUNNING
I 03-17 23:17:06 utils.py:140] ==================================
I 03-17 23:17:26 utils.py:131] === Checking the job status... ===
I 03-17 23:17:27 utils.py:137] Job status: JobStatus.RUNNING
I 03-17 23:17:27 utils.py:140] ==================================
I 03-17 23:17:47 utils.py:131] === Checking the job status... ===
I 03-17 23:17:48 utils.py:137] Job status: JobStatus.RUNNING
I 03-17 23:17:48 utils.py:140] ==================================
I 03-17 23:18:08 utils.py:131] === Checking the job status... ===
I 03-17 23:18:09 utils.py:137] Job status: JobStatus.RUNNING
I 03-17 23:18:09 utils.py:140] ==================================
I 03-17 23:18:29 utils.py:131] === Checking the job status... ===
I 03-17 23:18:30 utils.py:137] Job status: JobStatus.RUNNING
I 03-17 23:18:30 utils.py:140] ==================================
I 03-17 23:18:50 utils.py:131] === Checking the job status... ===
I 03-17 23:18:51 utils.py:137] Job status: JobStatus.RUNNING
I 03-17 23:18:51 utils.py:140] ==================================
I 03-17 23:19:11 utils.py:131] === Checking the job status... ===
I 03-17 23:19:12 utils.py:137] Job status: JobStatus.RUNNING
I 03-17 23:19:12 utils.py:140] ==================================
I 03-17 23:19:32 utils.py:131] === Checking the job status... ===
I 03-17 23:19:33 utils.py:137] Job status: JobStatus.RUNNING
I 03-17 23:19:33 utils.py:140] ==================================
I 03-17 23:19:53 utils.py:131] === Checking the job status... ===
I 03-17 23:19:54 utils.py:137] Job status: JobStatus.RUNNING
I 03-17 23:19:54 utils.py:140] ==================================
I 03-17 23:20:14 utils.py:131] === Checking the job status... ===
I 03-17 23:20:15 utils.py:137] Job status: JobStatus.RUNNING
I 03-17 23:20:15 utils.py:140] ==================================
I 03-17 23:20:36 utils.py:131] === Checking the job status... ===
I 03-17 23:20:37 utils.py:137] Job status: JobStatus.RUNNING
I 03-17 23:20:37 utils.py:140] ==================================
I 03-17 23:20:57 utils.py:131] === Checking the job status... ===
I 03-17 23:20:58 utils.py:137] Job status: JobStatus.RUNNING
I 03-17 23:20:58 utils.py:140] ==================================
I 03-17 23:21:18 utils.py:131] === Checking the job status... ===
I 03-17 23:21:19 utils.py:137] Job status: JobStatus.RUNNING
I 03-17 23:21:19 utils.py:140] ==================================
I 03-17 23:21:39 utils.py:131] === Checking the job status... ===
I 03-17 23:21:40 utils.py:137] Job status: JobStatus.RUNNING
I 03-17 23:21:40 utils.py:140] ==================================
I 03-17 23:22:00 utils.py:131] === Checking the job status... ===
I 03-17 23:22:01 utils.py:137] Job status: JobStatus.RUNNING
I 03-17 23:22:01 utils.py:140] ==================================
I 03-17 23:22:21 utils.py:131] === Checking the job status... ===
I 03-17 23:22:22 utils.py:137] Job status: JobStatus.RUNNING
I 03-17 23:22:22 utils.py:140] ==================================
I 03-17 23:22:42 utils.py:131] === Checking the job status... ===
I 03-17 23:22:43 utils.py:137] Job status: JobStatus.RUNNING
I 03-17 23:22:43 utils.py:140] ==================================
I 03-17 23:23:03 utils.py:131] === Checking the job status... ===
I 03-17 23:23:04 utils.py:137] Job status: JobStatus.RUNNING
I 03-17 23:23:04 utils.py:140] ==================================
I 03-17 23:23:24 utils.py:131] === Checking the job status... ===
I 03-17 23:23:25 utils.py:137] Job status: JobStatus.RUNNING
I 03-17 23:23:25 utils.py:140] ==================================
I 03-17 23:23:45 utils.py:131] === Checking the job status... ===
I 03-17 23:23:46 utils.py:137] Job status: JobStatus.RUNNING
I 03-17 23:23:46 utils.py:140] ==================================
I 03-17 23:24:06 utils.py:131] === Checking the job status... ===
I 03-17 23:24:07 utils.py:137] Job status: JobStatus.RUNNING
I 03-17 23:24:07 utils.py:140] ==================================
I 03-17 23:24:27 utils.py:131] === Checking the job status... ===
I 03-17 23:24:28 utils.py:137] Job status: JobStatus.RUNNING
I 03-17 23:24:28 utils.py:140] ==================================
I 03-17 23:24:48 utils.py:131] === Checking the job status... ===
I 03-17 23:24:49 utils.py:137] Job status: JobStatus.RUNNING
I 03-17 23:24:49 utils.py:140] ==================================
I 03-17 23:25:09 utils.py:131] === Checking the job status... ===
I 03-17 23:25:10 utils.py:137] Job status: JobStatus.RUNNING
I 03-17 23:25:10 utils.py:140] ==================================
I 03-17 23:25:31 utils.py:131] === Checking the job status... ===
I 03-17 23:25:32 utils.py:137] Job status: JobStatus.RUNNING
I 03-17 23:25:32 utils.py:140] ==================================
I 03-17 23:25:52 utils.py:131] === Checking the job status... ===
I 03-17 23:25:53 utils.py:137] Job status: JobStatus.RUNNING
I 03-17 23:25:53 utils.py:140] ==================================
I 03-17 23:26:13 utils.py:131] === Checking the job status... ===
I 03-17 23:26:14 utils.py:137] Job status: JobStatus.RUNNING
I 03-17 23:26:14 utils.py:140] ==================================
I 03-17 23:26:34 utils.py:131] === Checking the job status... ===
I 03-17 23:26:35 utils.py:137] Job status: JobStatus.RUNNING
I 03-17 23:26:35 utils.py:140] ==================================
I 03-17 23:26:55 utils.py:131] === Checking the job status... ===
I 03-17 23:26:56 utils.py:137] Job status: JobStatus.RUNNING
I 03-17 23:26:56 utils.py:140] ==================================
I 03-17 23:27:16 utils.py:131] === Checking the job status... ===
I 03-17 23:27:17 utils.py:137] Job status: JobStatus.RUNNING
I 03-17 23:27:17 utils.py:140] ==================================
I 03-17 23:27:37 utils.py:131] === Checking the job status... ===
I 03-17 23:27:38 utils.py:137] Job status: JobStatus.RUNNING
I 03-17 23:27:38 utils.py:140] ==================================
I 03-17 23:27:58 utils.py:131] === Checking the job status... ===
I 03-17 23:27:59 utils.py:137] Job status: JobStatus.RUNNING
I 03-17 23:27:59 utils.py:140] ==================================
I 03-17 23:28:19 utils.py:131] === Checking the job status... ===
I 03-17 23:28:20 utils.py:137] Job status: JobStatus.RUNNING
I 03-17 23:28:20 utils.py:140] ==================================
I 03-17 23:28:40 utils.py:131] === Checking the job status... ===
I 03-17 23:28:41 utils.py:137] Job status: JobStatus.RUNNING
I 03-17 23:28:41 utils.py:140] ==================================
I 03-17 23:29:01 utils.py:131] === Checking the job status... ===
I 03-17 23:29:02 utils.py:137] Job status: JobStatus.RUNNING
I 03-17 23:29:02 utils.py:140] ==================================
I 03-17 23:29:22 utils.py:131] === Checking the job status... ===
I 03-17 23:29:23 utils.py:137] Job status: JobStatus.RUNNING
I 03-17 23:29:23 utils.py:140] ==================================
I 03-17 23:29:44 utils.py:131] === Checking the job status... ===
I 03-17 23:29:45 utils.py:137] Job status: JobStatus.RUNNING
I 03-17 23:29:45 utils.py:140] ==================================
I 03-17 23:30:05 utils.py:131] === Checking the job status... ===
I 03-17 23:30:06 utils.py:137] Job status: JobStatus.RUNNING
I 03-17 23:30:06 utils.py:140] ==================================
I 03-17 23:30:26 utils.py:131] === Checking the job status... ===
I 03-17 23:30:27 utils.py:137] Job status: JobStatus.RUNNING
I 03-17 23:30:27 utils.py:140] ==================================
I 03-17 23:30:47 utils.py:131] === Checking the job status... ===
I 03-17 23:30:48 utils.py:137] Job status: JobStatus.RUNNING
I 03-17 23:30:48 utils.py:140] ==================================
I 03-17 23:31:08 utils.py:131] === Checking the job status... ===
I 03-17 23:31:09 utils.py:137] Job status: JobStatus.RUNNING
I 03-17 23:31:09 utils.py:140] ==================================
I 03-17 23:31:29 utils.py:131] === Checking the job status... ===
I 03-17 23:31:30 utils.py:137] Job status: JobStatus.RUNNING
I 03-17 23:31:30 utils.py:140] ==================================
I 03-17 23:31:50 utils.py:131] === Checking the job status... ===
I 03-17 23:31:51 utils.py:137] Job status: JobStatus.RUNNING
I 03-17 23:31:51 utils.py:140] ==================================
I 03-17 23:32:11 utils.py:131] === Checking the job status... ===
I 03-17 23:32:12 utils.py:137] Job status: JobStatus.RUNNING
I 03-17 23:32:12 utils.py:140] ==================================
I 03-17 23:32:32 utils.py:131] === Checking the job status... ===
I 03-17 23:32:33 utils.py:137] Job status: JobStatus.RUNNING
I 03-17 23:32:33 utils.py:140] ==================================
I 03-17 23:32:53 utils.py:131] === Checking the job status... ===
I 03-17 23:32:54 utils.py:137] Job status: JobStatus.RUNNING
I 03-17 23:32:54 utils.py:140] ==================================
I 03-17 23:33:14 utils.py:131] === Checking the job status... ===
I 03-17 23:33:15 utils.py:137] Job status: JobStatus.RUNNING
I 03-17 23:33:15 utils.py:140] ==================================
I 03-17 23:33:35 utils.py:131] === Checking the job status... ===
I 03-17 23:33:36 utils.py:137] Job status: JobStatus.RUNNING
I 03-17 23:33:36 utils.py:140] ==================================
I 03-17 23:33:56 utils.py:131] === Checking the job status... ===
I 03-17 23:33:57 utils.py:137] Job status: JobStatus.RUNNING
I 03-17 23:33:57 utils.py:140] ==================================
I 03-17 23:34:17 utils.py:131] === Checking the job status... ===
I 03-17 23:34:18 utils.py:137] Job status: JobStatus.RUNNING
I 03-17 23:34:18 utils.py:140] ==================================
I 03-17 23:34:39 utils.py:131] === Checking the job status... ===
I 03-17 23:34:39 utils.py:137] Job status: JobStatus.RUNNING
I 03-17 23:34:39 utils.py:140] ==================================
I 03-17 23:35:00 utils.py:131] === Checking the job status... ===
I 03-17 23:35:01 utils.py:137] Job status: JobStatus.RUNNING
I 03-17 23:35:01 utils.py:140] ==================================
I 03-17 23:35:21 utils.py:131] === Checking the job status... ===
I 03-17 23:35:22 utils.py:137] Job status: JobStatus.RUNNING
I 03-17 23:35:22 utils.py:140] ==================================
I 03-17 23:35:42 utils.py:131] === Checking the job status... ===
I 03-17 23:35:43 utils.py:137] Job status: JobStatus.RUNNING
I 03-17 23:35:43 utils.py:140] ==================================
I 03-17 23:36:03 utils.py:131] === Checking the job status... ===
I 03-17 23:36:04 utils.py:137] Job status: JobStatus.RUNNING
I 03-17 23:36:04 utils.py:140] ==================================
I 03-17 23:36:24 utils.py:131] === Checking the job status... ===
I 03-17 23:36:25 utils.py:137] Job status: JobStatus.RUNNING
I 03-17 23:36:25 utils.py:140] ==================================
I 03-17 23:36:45 utils.py:131] === Checking the job status... ===
I 03-17 23:36:46 utils.py:137] Job status: JobStatus.RUNNING
I 03-17 23:36:46 utils.py:140] ==================================
I 03-17 23:37:06 utils.py:131] === Checking the job status... ===
I 03-17 23:37:07 utils.py:137] Job status: JobStatus.RUNNING
I 03-17 23:37:07 utils.py:140] ==================================
I 03-17 23:37:27 utils.py:131] === Checking the job status... ===
I 03-17 23:37:28 utils.py:137] Job status: JobStatus.RUNNING
I 03-17 23:37:28 utils.py:140] ==================================
I 03-17 23:37:48 utils.py:131] === Checking the job status... ===
I 03-17 23:37:49 utils.py:137] Job status: JobStatus.RUNNING
I 03-17 23:37:49 utils.py:140] ==================================
I 03-17 23:38:09 utils.py:131] === Checking the job status... ===
I 03-17 23:38:10 utils.py:137] Job status: JobStatus.RUNNING
I 03-17 23:38:10 utils.py:140] ==================================
I 03-17 23:38:30 utils.py:131] === Checking the job status... ===
I 03-17 23:38:31 utils.py:137] Job status: JobStatus.RUNNING
I 03-17 23:38:31 utils.py:140] ==================================
I 03-17 23:38:51 utils.py:131] === Checking the job status... ===
I 03-17 23:38:52 utils.py:137] Job status: JobStatus.RUNNING
I 03-17 23:38:52 utils.py:140] ==================================
I 03-17 23:39:13 utils.py:131] === Checking the job status... ===
I 03-17 23:39:13 utils.py:137] Job status: JobStatus.RUNNING
I 03-17 23:39:13 utils.py:140] ==================================
I 03-17 23:39:34 utils.py:131] === Checking the job status... ===
I 03-17 23:39:35 utils.py:137] Job status: JobStatus.RUNNING
I 03-17 23:39:35 utils.py:140] ==================================
I 03-17 23:39:55 utils.py:131] === Checking the job status... ===
I 03-17 23:39:56 utils.py:137] Job status: JobStatus.RUNNING
I 03-17 23:39:56 utils.py:140] ==================================
I 03-17 23:40:16 utils.py:131] === Checking the job status... ===
I 03-17 23:40:17 utils.py:137] Job status: JobStatus.RUNNING
I 03-17 23:40:17 utils.py:140] ==================================
I 03-17 23:40:37 utils.py:131] === Checking the job status... ===
I 03-17 23:40:38 utils.py:137] Job status: JobStatus.RUNNING
I 03-17 23:40:38 utils.py:140] ==================================
I 03-17 23:40:58 utils.py:131] === Checking the job status... ===
I 03-17 23:40:59 utils.py:137] Job status: JobStatus.RUNNING
I 03-17 23:40:59 utils.py:140] ==================================
I 03-17 23:41:19 utils.py:131] === Checking the job status... ===
I 03-17 23:41:20 utils.py:137] Job status: JobStatus.RUNNING
I 03-17 23:41:20 utils.py:140] ==================================
I 03-17 23:41:40 utils.py:131] === Checking the job status... ===
I 03-17 23:41:41 utils.py:137] Job status: JobStatus.RUNNING
I 03-17 23:41:41 utils.py:140] ==================================
I 03-17 23:42:01 utils.py:131] === Checking the job status... ===
I 03-17 23:42:02 utils.py:137] Job status: JobStatus.RUNNING
I 03-17 23:42:02 utils.py:140] ==================================
I 03-17 23:42:22 utils.py:131] === Checking the job status... ===
I 03-17 23:42:23 utils.py:137] Job status: JobStatus.RUNNING
I 03-17 23:42:23 utils.py:140] ==================================
I 03-17 23:42:43 utils.py:131] === Checking the job status... ===
I 03-17 23:42:44 utils.py:137] Job status: JobStatus.RUNNING
I 03-17 23:42:44 utils.py:140] ==================================
I 03-17 23:43:04 utils.py:131] === Checking the job status... ===
I 03-17 23:43:05 utils.py:137] Job status: JobStatus.RUNNING
I 03-17 23:43:05 utils.py:140] ==================================
I 03-17 23:43:25 utils.py:131] === Checking the job status... ===
I 03-17 23:43:26 utils.py:137] Job status: JobStatus.RUNNING
I 03-17 23:43:26 utils.py:140] ==================================
I 03-17 23:43:46 utils.py:131] === Checking the job status... ===
I 03-17 23:43:47 utils.py:137] Job status: JobStatus.RUNNING
I 03-17 23:43:47 utils.py:140] ==================================
I 03-17 23:44:07 utils.py:131] === Checking the job status... ===
I 03-17 23:44:08 utils.py:137] Job status: JobStatus.RUNNING
I 03-17 23:44:08 utils.py:140] ==================================
I 03-17 23:44:29 utils.py:131] === Checking the job status... ===
I 03-17 23:44:30 utils.py:137] Job status: JobStatus.RUNNING
I 03-17 23:44:30 utils.py:140] ==================================
I 03-17 23:44:50 utils.py:131] === Checking the job status... ===
I 03-17 23:44:51 utils.py:137] Job status: JobStatus.RUNNING
I 03-17 23:44:51 utils.py:140] ==================================
I 03-17 23:45:11 utils.py:131] === Checking the job status... ===
I 03-17 23:45:12 utils.py:137] Job status: JobStatus.RUNNING
I 03-17 23:45:12 utils.py:140] ==================================
I 03-17 23:45:32 utils.py:131] === Checking the job status... ===
I 03-17 23:45:33 utils.py:137] Job status: JobStatus.RUNNING
I 03-17 23:45:33 utils.py:140] ==================================
I 03-17 23:45:53 utils.py:131] === Checking the job status... ===
I 03-17 23:45:54 utils.py:137] Job status: JobStatus.RUNNING
I 03-17 23:45:54 utils.py:140] ==================================
