I 03-17 21:24:47 controller.py:59] DAG:
I 03-17 21:24:47 controller.py:59] [Task<name=compute-text-vectors>(run='# Initialize and dow...')
I 03-17 21:24:47 controller.py:59]   resources: {AWS([Spot], cpus=4, {'L4': 1}), AWS(cpus=4, {'L4': 1})}]
I 03-17 21:24:47 controller.py:195] Submitted managed job 424 (task: 0, name: 'compute-text-vectors'); SKYPILOT_TASK_ID: sky-managed-2025-03-17-21-24-47-310062_compute-text-vectors_424-0
I 03-17 21:24:47 controller.py:199] Started monitoring.
I 03-17 21:24:47 state.py:451] Launching the spot cluster...
I 03-17 21:24:47 storage.py:1058] Storage type StoreType.S3 already exists.
<sky-payload>"<rich_init>[bold cyan]Optimizing[/]</rich_init>"</sky-payload>
<sky-payload>"<rich_update>[bold cyan]Optimizing[/]</rich_update>"</sky-payload>
<sky-payload>"<rich_start>[bold cyan]Optimizing[/]</rich_start>"</sky-payload>
I 03-17 21:24:48 optimizer.py:736] [1mTarget:[0m minimizing cost
I 03-17 21:24:48 optimizer.py:749] [1mEstimated cost: [0m$0.2 / hour
I 03-17 21:24:48 optimizer.py:749] 
I 03-17 21:24:48 optimizer.py:884] Considered resources (1 node):
I 03-17 21:24:48 optimizer.py:952] ----------------------------------------------------------------------------------------------
I 03-17 21:24:48 optimizer.py:952]  CLOUD   INSTANCE          vCPUs   Mem(GB)   ACCELERATORS   REGION/ZONE   COST ($)   CHOSEN   
I 03-17 21:24:48 optimizer.py:952] ----------------------------------------------------------------------------------------------
I 03-17 21:24:48 optimizer.py:952]  AWS     g6.xlarge[Spot]   4       16        L4:1           ap-south-1b   0.22       [32m   ✔[0m     
I 03-17 21:24:48 optimizer.py:952]  AWS     g6.xlarge         4       16        L4:1           us-east-1     0.80                
I 03-17 21:24:48 optimizer.py:952] ----------------------------------------------------------------------------------------------
<sky-payload>"<rich_exit></rich_exit>"</sky-payload>
<sky-payload>"<rich_init>[bold cyan]Launching[/]</rich_init>"</sky-payload>
<sky-payload>"<rich_update>[bold cyan]Launching[/]</rich_update>"</sky-payload>
<sky-payload>"<rich_start>[bold cyan]Launching[/]</rich_start>"</sky-payload>
<sky-payload>"<rich_update>[bold cyan]Launching[/]  \u001b[2mView logs: sky api logs -l sky-2025-03-17-21-24-47-892120/provision.log\u001b[0m</rich_update>"</sky-payload>
<sky-payload>"<rich_update>[bold cyan]Launching[/]  \u001b[2mView logs: sky api logs -l sky-2025-03-17-21-24-47-892120/provision.log\u001b[0m</rich_update>"</sky-payload>
I 03-17 21:24:48 cloud_vm_ray_backend.py:1520] [0m⚙︎ Launching on AWS ap-south-1[0m (ap-south-1b).
W 03-17 21:38:31 cloud_vm_ray_backend.py:2061] sky.exceptions.ResourcesUnavailableError: Failed to acquire resources in ap-south-1b for {AWS([Spot], cpus=4, {'L4': 1}), AWS(cpus=4, {'L4': 1})}. 
W 03-17 21:38:31 cloud_vm_ray_backend.py:2097] 
W 03-17 21:38:31 cloud_vm_ray_backend.py:2097] [0m[33m↺[0m Trying other potential resources.
<sky-payload>"<rich_update>[bold cyan]Looking for resources[/]  \u001b[2mView logs: sky api logs -l sky-2025-03-17-21-24-47-892120/provision.log\u001b[0m</rich_update>"</sky-payload>
<sky-payload>"<rich_update>[bold cyan]Optimizing[/]</rich_update>"</sky-payload>
<sky-payload>"<rich_start>[bold cyan]Launching[/]</rich_start>"</sky-payload>
I 03-17 21:38:31 optimizer.py:736] [1mTarget:[0m minimizing cost
I 03-17 21:38:31 optimizer.py:749] [1mEstimated cost: [0m$0.2 / hour
I 03-17 21:38:31 optimizer.py:749] 
I 03-17 21:38:31 optimizer.py:884] Considered resources (1 node):
I 03-17 21:38:31 optimizer.py:952] ----------------------------------------------------------------------------------------------
I 03-17 21:38:31 optimizer.py:952]  CLOUD   INSTANCE          vCPUs   Mem(GB)   ACCELERATORS   REGION/ZONE   COST ($)   CHOSEN   
I 03-17 21:38:31 optimizer.py:952] ----------------------------------------------------------------------------------------------
I 03-17 21:38:31 optimizer.py:952]  AWS     g6.xlarge[Spot]   4       16        L4:1           ap-south-1a   0.25       [32m   ✔[0m     
I 03-17 21:38:31 optimizer.py:952]  AWS     g6.xlarge         4       16        L4:1           us-east-1     0.80                
I 03-17 21:38:31 optimizer.py:952] ----------------------------------------------------------------------------------------------
<sky-payload>"<rich_update>[bold cyan]Looking for resources[/]  \u001b[2mView logs: sky api logs -l sky-2025-03-17-21-24-47-892120/provision.log\u001b[0m</rich_update>"</sky-payload>
<sky-payload>"<rich_update>[bold cyan]Launching[/]  \u001b[2mView logs: sky api logs -l sky-2025-03-17-21-24-47-892120/provision.log\u001b[0m</rich_update>"</sky-payload>
I 03-17 21:38:31 cloud_vm_ray_backend.py:1520] [0m⚙︎ Launching on AWS ap-south-1[0m (ap-south-1a).
[2mW 03-17 21:41:10 instance.py:243] create_instances: Attempt failed with An error occurred (MaxSpotInstanceCountExceeded) when calling the RunInstances operation: Max spot instance count exceeded[0m
W 03-17 21:41:11 cloud_vm_ray_backend.py:2061] sky.exceptions.ResourcesUnavailableError: Failed to acquire resources in ap-south-1a for {AWS([Spot], cpus=4, {'L4': 1}), AWS(cpus=4, {'L4': 1})}. 
W 03-17 21:41:11 cloud_vm_ray_backend.py:2097] 
W 03-17 21:41:11 cloud_vm_ray_backend.py:2097] [0m[33m↺[0m Trying other potential resources.
<sky-payload>"<rich_update>[bold cyan]Looking for resources[/]  \u001b[2mView logs: sky api logs -l sky-2025-03-17-21-24-47-892120/provision.log\u001b[0m</rich_update>"</sky-payload>
<sky-payload>"<rich_update>[bold cyan]Optimizing[/]</rich_update>"</sky-payload>
<sky-payload>"<rich_start>[bold cyan]Launching[/]</rich_start>"</sky-payload>
I 03-17 21:41:11 optimizer.py:736] [1mTarget:[0m minimizing cost
I 03-17 21:41:11 optimizer.py:749] [1mEstimated cost: [0m$0.3 / hour
I 03-17 21:41:11 optimizer.py:749] 
I 03-17 21:41:11 optimizer.py:884] Considered resources (1 node):
I 03-17 21:41:11 optimizer.py:952] --------------------------------------------------------------------------------------------------
I 03-17 21:41:11 optimizer.py:952]  CLOUD   INSTANCE          vCPUs   Mem(GB)   ACCELERATORS   REGION/ZONE       COST ($)   CHOSEN   
I 03-17 21:41:11 optimizer.py:952] --------------------------------------------------------------------------------------------------
I 03-17 21:41:11 optimizer.py:952]  AWS     g6.xlarge[Spot]   4       16        L4:1           ap-northeast-2d   0.25       [32m   ✔[0m     
I 03-17 21:41:11 optimizer.py:952]  AWS     g6.xlarge         4       16        L4:1           us-east-1         0.80                
I 03-17 21:41:11 optimizer.py:952] --------------------------------------------------------------------------------------------------
<sky-payload>"<rich_update>[bold cyan]Looking for resources[/]  \u001b[2mView logs: sky api logs -l sky-2025-03-17-21-24-47-892120/provision.log\u001b[0m</rich_update>"</sky-payload>
<sky-payload>"<rich_update>[bold cyan]Launching[/]  \u001b[2mView logs: sky api logs -l sky-2025-03-17-21-24-47-892120/provision.log\u001b[0m</rich_update>"</sky-payload>
I 03-17 21:41:11 cloud_vm_ray_backend.py:1520] [0m⚙︎ Launching on AWS ap-northeast-2[0m (ap-northeast-2d).
W 03-17 21:49:24 cloud_vm_ray_backend.py:2061] sky.exceptions.ResourcesUnavailableError: Failed to acquire resources in ap-northeast-2d for {AWS([Spot], cpus=4, {'L4': 1}), AWS(cpus=4, {'L4': 1})}. 
W 03-17 21:49:24 cloud_vm_ray_backend.py:2097] 
W 03-17 21:49:24 cloud_vm_ray_backend.py:2097] [0m[33m↺[0m Trying other potential resources.
<sky-payload>"<rich_update>[bold cyan]Looking for resources[/]  \u001b[2mView logs: sky api logs -l sky-2025-03-17-21-24-47-892120/provision.log\u001b[0m</rich_update>"</sky-payload>
<sky-payload>"<rich_update>[bold cyan]Optimizing[/]</rich_update>"</sky-payload>
<sky-payload>"<rich_start>[bold cyan]Launching[/]</rich_start>"</sky-payload>
I 03-17 21:49:24 optimizer.py:736] [1mTarget:[0m minimizing cost
I 03-17 21:49:24 optimizer.py:749] [1mEstimated cost: [0m$0.3 / hour
I 03-17 21:49:24 optimizer.py:749] 
I 03-17 21:49:24 optimizer.py:884] Considered resources (1 node):
I 03-17 21:49:24 optimizer.py:952] --------------------------------------------------------------------------------------------------
I 03-17 21:49:24 optimizer.py:952]  CLOUD   INSTANCE          vCPUs   Mem(GB)   ACCELERATORS   REGION/ZONE       COST ($)   CHOSEN   
I 03-17 21:49:24 optimizer.py:952] --------------------------------------------------------------------------------------------------
I 03-17 21:49:24 optimizer.py:952]  AWS     g6.xlarge[Spot]   4       16        L4:1           ap-northeast-2a   0.27       [32m   ✔[0m     
I 03-17 21:49:24 optimizer.py:952]  AWS     g6.xlarge         4       16        L4:1           us-east-1         0.80                
I 03-17 21:49:24 optimizer.py:952] --------------------------------------------------------------------------------------------------
<sky-payload>"<rich_update>[bold cyan]Looking for resources[/]  \u001b[2mView logs: sky api logs -l sky-2025-03-17-21-24-47-892120/provision.log\u001b[0m</rich_update>"</sky-payload>
<sky-payload>"<rich_update>[bold cyan]Launching[/]  \u001b[2mView logs: sky api logs -l sky-2025-03-17-21-24-47-892120/provision.log\u001b[0m</rich_update>"</sky-payload>
I 03-17 21:49:24 cloud_vm_ray_backend.py:1520] [0m⚙︎ Launching on AWS ap-northeast-2[0m (ap-northeast-2a).
W 03-17 21:58:46 cloud_vm_ray_backend.py:2061] sky.exceptions.ResourcesUnavailableError: Failed to acquire resources in ap-northeast-2a for {AWS([Spot], cpus=4, {'L4': 1}), AWS(cpus=4, {'L4': 1})}. 
W 03-17 21:58:46 cloud_vm_ray_backend.py:2097] 
W 03-17 21:58:46 cloud_vm_ray_backend.py:2097] [0m[33m↺[0m Trying other potential resources.
<sky-payload>"<rich_update>[bold cyan]Looking for resources[/]  \u001b[2mView logs: sky api logs -l sky-2025-03-17-21-24-47-892120/provision.log\u001b[0m</rich_update>"</sky-payload>
<sky-payload>"<rich_update>[bold cyan]Optimizing[/]</rich_update>"</sky-payload>
<sky-payload>"<rich_start>[bold cyan]Launching[/]</rich_start>"</sky-payload>
I 03-17 21:58:46 optimizer.py:736] [1mTarget:[0m minimizing cost
I 03-17 21:58:46 optimizer.py:749] [1mEstimated cost: [0m$0.3 / hour
I 03-17 21:58:46 optimizer.py:749] 
I 03-17 21:58:46 optimizer.py:884] Considered resources (1 node):
I 03-17 21:58:46 optimizer.py:952] ----------------------------------------------------------------------------------------------
I 03-17 21:58:46 optimizer.py:952]  CLOUD   INSTANCE          vCPUs   Mem(GB)   ACCELERATORS   REGION/ZONE   COST ($)   CHOSEN   
I 03-17 21:58:46 optimizer.py:952] ----------------------------------------------------------------------------------------------
I 03-17 21:58:46 optimizer.py:952]  AWS     g6.xlarge[Spot]   4       16        L4:1           us-east-1b    0.30       [32m   ✔[0m     
I 03-17 21:58:46 optimizer.py:952]  AWS     g6.xlarge         4       16        L4:1           us-east-1     0.80                
I 03-17 21:58:46 optimizer.py:952] ----------------------------------------------------------------------------------------------
<sky-payload>"<rich_update>[bold cyan]Looking for resources[/]  \u001b[2mView logs: sky api logs -l sky-2025-03-17-21-24-47-892120/provision.log\u001b[0m</rich_update>"</sky-payload>
<sky-payload>"<rich_update>[bold cyan]Launching[/]  \u001b[2mView logs: sky api logs -l sky-2025-03-17-21-24-47-892120/provision.log\u001b[0m</rich_update>"</sky-payload>
I 03-17 21:58:46 cloud_vm_ray_backend.py:1520] [0m⚙︎ Launching on AWS us-east-1[0m (us-east-1b).
W 03-17 22:07:58 cloud_vm_ray_backend.py:2061] sky.exceptions.ResourcesUnavailableError: Failed to acquire resources in us-east-1b for {AWS([Spot], cpus=4, {'L4': 1}), AWS(cpus=4, {'L4': 1})}. 
W 03-17 22:07:58 cloud_vm_ray_backend.py:2097] 
W 03-17 22:07:58 cloud_vm_ray_backend.py:2097] [0m[33m↺[0m Trying other potential resources.
<sky-payload>"<rich_update>[bold cyan]Looking for resources[/]  \u001b[2mView logs: sky api logs -l sky-2025-03-17-21-24-47-892120/provision.log\u001b[0m</rich_update>"</sky-payload>
<sky-payload>"<rich_update>[bold cyan]Optimizing[/]</rich_update>"</sky-payload>
<sky-payload>"<rich_start>[bold cyan]Launching[/]</rich_start>"</sky-payload>
I 03-17 22:07:58 optimizer.py:736] [1mTarget:[0m minimizing cost
I 03-17 22:07:58 optimizer.py:749] [1mEstimated cost: [0m$0.3 / hour
I 03-17 22:07:58 optimizer.py:749] 
I 03-17 22:07:58 optimizer.py:884] Considered resources (1 node):
I 03-17 22:07:58 optimizer.py:952] ----------------------------------------------------------------------------------------------
I 03-17 22:07:58 optimizer.py:952]  CLOUD   INSTANCE          vCPUs   Mem(GB)   ACCELERATORS   REGION/ZONE   COST ($)   CHOSEN   
I 03-17 22:07:58 optimizer.py:952] ----------------------------------------------------------------------------------------------
I 03-17 22:07:58 optimizer.py:952]  AWS     g6.xlarge[Spot]   4       16        L4:1           us-east-2c    0.31       [32m   ✔[0m     
I 03-17 22:07:58 optimizer.py:952]  AWS     g6.xlarge         4       16        L4:1           us-east-1     0.80                
I 03-17 22:07:58 optimizer.py:952] ----------------------------------------------------------------------------------------------
<sky-payload>"<rich_update>[bold cyan]Looking for resources[/]  \u001b[2mView logs: sky api logs -l sky-2025-03-17-21-24-47-892120/provision.log\u001b[0m</rich_update>"</sky-payload>
<sky-payload>"<rich_update>[bold cyan]Launching[/]  \u001b[2mView logs: sky api logs -l sky-2025-03-17-21-24-47-892120/provision.log\u001b[0m</rich_update>"</sky-payload>
I 03-17 22:07:58 cloud_vm_ray_backend.py:1520] [0m⚙︎ Launching on AWS us-east-2[0m (us-east-2c).
[2mW 03-17 22:23:49 instance.py:243] create_instances: Attempt failed with An error occurred (InsufficientInstanceCapacity) when calling the RunInstances operation (reached max retries: 0): We currently do not have sufficient g6.xlarge capacity in the Availability Zone you requested (us-east-2c). Our system will be working on provisioning additional capacity. You can currently get g6.xlarge capacity by not specifying an Availability Zone in your request or choosing us-east-2a, us-east-2b.[0m
W 03-17 22:23:49 cloud_vm_ray_backend.py:2061] sky.exceptions.ResourcesUnavailableError: Failed to acquire resources in us-east-2c for {AWS([Spot], cpus=4, {'L4': 1}), AWS(cpus=4, {'L4': 1})}. 
W 03-17 22:23:49 cloud_vm_ray_backend.py:2097] 
W 03-17 22:23:49 cloud_vm_ray_backend.py:2097] [0m[33m↺[0m Trying other potential resources.
<sky-payload>"<rich_update>[bold cyan]Looking for resources[/]  \u001b[2mView logs: sky api logs -l sky-2025-03-17-21-24-47-892120/provision.log\u001b[0m</rich_update>"</sky-payload>
<sky-payload>"<rich_update>[bold cyan]Optimizing[/]</rich_update>"</sky-payload>
<sky-payload>"<rich_start>[bold cyan]Launching[/]</rich_start>"</sky-payload>
I 03-17 22:23:50 optimizer.py:736] [1mTarget:[0m minimizing cost
I 03-17 22:23:50 optimizer.py:749] [1mEstimated cost: [0m$0.3 / hour
I 03-17 22:23:50 optimizer.py:749] 
I 03-17 22:23:50 optimizer.py:884] Considered resources (1 node):
I 03-17 22:23:50 optimizer.py:952] ----------------------------------------------------------------------------------------------
I 03-17 22:23:50 optimizer.py:952]  CLOUD   INSTANCE          vCPUs   Mem(GB)   ACCELERATORS   REGION/ZONE   COST ($)   CHOSEN   
I 03-17 22:23:50 optimizer.py:952] ----------------------------------------------------------------------------------------------
I 03-17 22:23:50 optimizer.py:952]  AWS     g6.xlarge[Spot]   4       16        L4:1           us-east-2b    0.32       [32m   ✔[0m     
I 03-17 22:23:50 optimizer.py:952]  AWS     g6.xlarge         4       16        L4:1           us-east-1     0.80                
I 03-17 22:23:50 optimizer.py:952] ----------------------------------------------------------------------------------------------
<sky-payload>"<rich_update>[bold cyan]Looking for resources[/]  \u001b[2mView logs: sky api logs -l sky-2025-03-17-21-24-47-892120/provision.log\u001b[0m</rich_update>"</sky-payload>
<sky-payload>"<rich_update>[bold cyan]Launching[/]  \u001b[2mView logs: sky api logs -l sky-2025-03-17-21-24-47-892120/provision.log\u001b[0m</rich_update>"</sky-payload>
I 03-17 22:23:50 cloud_vm_ray_backend.py:1520] [0m⚙︎ Launching on AWS us-east-2[0m (us-east-2b).
[2mW 03-17 22:24:29 instance.py:243] create_instances: Attempt failed with An error occurred (MaxSpotInstanceCountExceeded) when calling the RunInstances operation: Max spot instance count exceeded[0m
W 03-17 22:24:30 cloud_vm_ray_backend.py:2061] sky.exceptions.ResourcesUnavailableError: Failed to acquire resources in us-east-2b for {AWS([Spot], cpus=4, {'L4': 1}), AWS(cpus=4, {'L4': 1})}. 
W 03-17 22:24:30 cloud_vm_ray_backend.py:2097] 
W 03-17 22:24:30 cloud_vm_ray_backend.py:2097] [0m[33m↺[0m Trying other potential resources.
<sky-payload>"<rich_update>[bold cyan]Looking for resources[/]  \u001b[2mView logs: sky api logs -l sky-2025-03-17-21-24-47-892120/provision.log\u001b[0m</rich_update>"</sky-payload>
<sky-payload>"<rich_update>[bold cyan]Optimizing[/]</rich_update>"</sky-payload>
<sky-payload>"<rich_start>[bold cyan]Launching[/]</rich_start>"</sky-payload>
I 03-17 22:24:30 optimizer.py:736] [1mTarget:[0m minimizing cost
I 03-17 22:24:30 optimizer.py:749] [1mEstimated cost: [0m$0.3 / hour
I 03-17 22:24:30 optimizer.py:749] 
I 03-17 22:24:30 optimizer.py:884] Considered resources (1 node):
I 03-17 22:24:30 optimizer.py:952] ------------------------------------------------------------------------------------------------
I 03-17 22:24:30 optimizer.py:952]  CLOUD   INSTANCE          vCPUs   Mem(GB)   ACCELERATORS   REGION/ZONE     COST ($)   CHOSEN   
I 03-17 22:24:30 optimizer.py:952] ------------------------------------------------------------------------------------------------
I 03-17 22:24:30 optimizer.py:952]  AWS     g6.xlarge[Spot]   4       16        L4:1           ca-central-1a   0.33       [32m   ✔[0m     
I 03-17 22:24:30 optimizer.py:952]  AWS     g6.xlarge         4       16        L4:1           us-east-1       0.80                
I 03-17 22:24:30 optimizer.py:952] ------------------------------------------------------------------------------------------------
<sky-payload>"<rich_update>[bold cyan]Looking for resources[/]  \u001b[2mView logs: sky api logs -l sky-2025-03-17-21-24-47-892120/provision.log\u001b[0m</rich_update>"</sky-payload>
<sky-payload>"<rich_update>[bold cyan]Launching[/]  \u001b[2mView logs: sky api logs -l sky-2025-03-17-21-24-47-892120/provision.log\u001b[0m</rich_update>"</sky-payload>
I 03-17 22:24:30 cloud_vm_ray_backend.py:1520] [0m⚙︎ Launching on AWS ca-central-1[0m (ca-central-1a).
[2mW 03-17 22:27:42 instance.py:243] create_instances: Attempt failed with An error occurred (MaxSpotInstanceCountExceeded) when calling the RunInstances operation: Max spot instance count exceeded[0m
W 03-17 22:27:42 cloud_vm_ray_backend.py:2061] sky.exceptions.ResourcesUnavailableError: Failed to acquire resources in ca-central-1a for {AWS([Spot], cpus=4, {'L4': 1}), AWS(cpus=4, {'L4': 1})}. 
W 03-17 22:27:42 cloud_vm_ray_backend.py:2097] 
W 03-17 22:27:42 cloud_vm_ray_backend.py:2097] [0m[33m↺[0m Trying other potential resources.
<sky-payload>"<rich_update>[bold cyan]Looking for resources[/]  \u001b[2mView logs: sky api logs -l sky-2025-03-17-21-24-47-892120/provision.log\u001b[0m</rich_update>"</sky-payload>
<sky-payload>"<rich_update>[bold cyan]Optimizing[/]</rich_update>"</sky-payload>
<sky-payload>"<rich_start>[bold cyan]Launching[/]</rich_start>"</sky-payload>
I 03-17 22:27:43 optimizer.py:736] [1mTarget:[0m minimizing cost
I 03-17 22:27:43 optimizer.py:749] [1mEstimated cost: [0m$0.3 / hour
I 03-17 22:27:43 optimizer.py:749] 
I 03-17 22:27:43 optimizer.py:884] Considered resources (1 node):
I 03-17 22:27:43 optimizer.py:952] ----------------------------------------------------------------------------------------------
I 03-17 22:27:43 optimizer.py:952]  CLOUD   INSTANCE          vCPUs   Mem(GB)   ACCELERATORS   REGION/ZONE   COST ($)   CHOSEN   
I 03-17 22:27:43 optimizer.py:952] ----------------------------------------------------------------------------------------------
I 03-17 22:27:43 optimizer.py:952]  AWS     g6.xlarge[Spot]   4       16        L4:1           us-east-1c    0.34       [32m   ✔[0m     
I 03-17 22:27:43 optimizer.py:952]  AWS     g6.xlarge         4       16        L4:1           us-east-1     0.80                
I 03-17 22:27:43 optimizer.py:952] ----------------------------------------------------------------------------------------------
<sky-payload>"<rich_update>[bold cyan]Looking for resources[/]  \u001b[2mView logs: sky api logs -l sky-2025-03-17-21-24-47-892120/provision.log\u001b[0m</rich_update>"</sky-payload>
<sky-payload>"<rich_update>[bold cyan]Launching[/]  \u001b[2mView logs: sky api logs -l sky-2025-03-17-21-24-47-892120/provision.log\u001b[0m</rich_update>"</sky-payload>
I 03-17 22:27:43 cloud_vm_ray_backend.py:1520] [0m⚙︎ Launching on AWS us-east-1[0m (us-east-1c).
[2mE 03-17 22:27:44 config.py:46] SKYPILOT_ERROR_NO_NODES_LAUNCHED: No usable subnets matching availability zone ['us-east-1c'] found. Choose a different availability zone or try manually creating an instance in your specified region to populate the list of subnets and trying this again. If you have set `use_internal_ips`, check that this zone has a subnet that (1) has the substring 'private' in its name tag and (2) does not assign public IPs (`map_public_ip_on_launch` is False).[0m
W 03-17 22:27:44 cloud_vm_ray_backend.py:2061] sky.exceptions.ResourcesUnavailableError: Failed to acquire resources in us-east-1c for {AWS([Spot], cpus=4, {'L4': 1}), AWS(cpus=4, {'L4': 1})}. 
W 03-17 22:27:44 cloud_vm_ray_backend.py:2097] 
W 03-17 22:27:44 cloud_vm_ray_backend.py:2097] [0m[33m↺[0m Trying other potential resources.
<sky-payload>"<rich_update>[bold cyan]Looking for resources[/]  \u001b[2mView logs: sky api logs -l sky-2025-03-17-21-24-47-892120/provision.log\u001b[0m</rich_update>"</sky-payload>
<sky-payload>"<rich_update>[bold cyan]Optimizing[/]</rich_update>"</sky-payload>
<sky-payload>"<rich_start>[bold cyan]Launching[/]</rich_start>"</sky-payload>
I 03-17 22:27:45 optimizer.py:736] [1mTarget:[0m minimizing cost
I 03-17 22:27:45 optimizer.py:749] [1mEstimated cost: [0m$0.3 / hour
I 03-17 22:27:45 optimizer.py:749] 
I 03-17 22:27:45 optimizer.py:884] Considered resources (1 node):
I 03-17 22:27:45 optimizer.py:952] ------------------------------------------------------------------------------------------------
I 03-17 22:27:45 optimizer.py:952]  CLOUD   INSTANCE          vCPUs   Mem(GB)   ACCELERATORS   REGION/ZONE     COST ($)   CHOSEN   
I 03-17 22:27:45 optimizer.py:952] ------------------------------------------------------------------------------------------------
I 03-17 22:27:45 optimizer.py:952]  AWS     g6.xlarge[Spot]   4       16        L4:1           ca-central-1b   0.34       [32m   ✔[0m     
I 03-17 22:27:45 optimizer.py:952]  AWS     g6.xlarge         4       16        L4:1           us-east-1       0.80                
I 03-17 22:27:45 optimizer.py:952] ------------------------------------------------------------------------------------------------
<sky-payload>"<rich_update>[bold cyan]Looking for resources[/]  \u001b[2mView logs: sky api logs -l sky-2025-03-17-21-24-47-892120/provision.log\u001b[0m</rich_update>"</sky-payload>
<sky-payload>"<rich_update>[bold cyan]Launching[/]  \u001b[2mView logs: sky api logs -l sky-2025-03-17-21-24-47-892120/provision.log\u001b[0m</rich_update>"</sky-payload>
I 03-17 22:27:45 cloud_vm_ray_backend.py:1520] [0m⚙︎ Launching on AWS ca-central-1[0m (ca-central-1b).
[2mW 03-17 22:27:50 instance.py:243] create_instances: Attempt failed with An error occurred (MaxSpotInstanceCountExceeded) when calling the RunInstances operation: Max spot instance count exceeded[0m
W 03-17 22:27:50 cloud_vm_ray_backend.py:2061] sky.exceptions.ResourcesUnavailableError: Failed to acquire resources in ca-central-1b for {AWS([Spot], cpus=4, {'L4': 1}), AWS(cpus=4, {'L4': 1})}. 
W 03-17 22:27:50 cloud_vm_ray_backend.py:2097] 
W 03-17 22:27:50 cloud_vm_ray_backend.py:2097] [0m[33m↺[0m Trying other potential resources.
<sky-payload>"<rich_update>[bold cyan]Looking for resources[/]  \u001b[2mView logs: sky api logs -l sky-2025-03-17-21-24-47-892120/provision.log\u001b[0m</rich_update>"</sky-payload>
<sky-payload>"<rich_update>[bold cyan]Optimizing[/]</rich_update>"</sky-payload>
<sky-payload>"<rich_start>[bold cyan]Launching[/]</rich_start>"</sky-payload>
I 03-17 22:27:50 optimizer.py:736] [1mTarget:[0m minimizing cost
I 03-17 22:27:50 optimizer.py:749] [1mEstimated cost: [0m$0.3 / hour
I 03-17 22:27:50 optimizer.py:749] 
I 03-17 22:27:50 optimizer.py:884] Considered resources (1 node):
I 03-17 22:27:50 optimizer.py:952] ----------------------------------------------------------------------------------------------
I 03-17 22:27:50 optimizer.py:952]  CLOUD   INSTANCE          vCPUs   Mem(GB)   ACCELERATORS   REGION/ZONE   COST ($)   CHOSEN   
I 03-17 22:27:50 optimizer.py:952] ----------------------------------------------------------------------------------------------
I 03-17 22:27:50 optimizer.py:952]  AWS     g6.xlarge[Spot]   4       16        L4:1           eu-west-2a    0.34       [32m   ✔[0m     
I 03-17 22:27:50 optimizer.py:952]  AWS     g6.xlarge         4       16        L4:1           us-east-1     0.80                
I 03-17 22:27:50 optimizer.py:952] ----------------------------------------------------------------------------------------------
<sky-payload>"<rich_update>[bold cyan]Looking for resources[/]  \u001b[2mView logs: sky api logs -l sky-2025-03-17-21-24-47-892120/provision.log\u001b[0m</rich_update>"</sky-payload>
<sky-payload>"<rich_update>[bold cyan]Launching[/]  \u001b[2mView logs: sky api logs -l sky-2025-03-17-21-24-47-892120/provision.log\u001b[0m</rich_update>"</sky-payload>
I 03-17 22:27:50 cloud_vm_ray_backend.py:1520] [0m⚙︎ Launching on AWS eu-west-2[0m (eu-west-2a).
[2mW 03-17 22:29:48 instance.py:243] create_instances: Attempt failed with An error occurred (MaxSpotInstanceCountExceeded) when calling the RunInstances operation: Max spot instance count exceeded[0m
W 03-17 22:29:49 cloud_vm_ray_backend.py:2061] sky.exceptions.ResourcesUnavailableError: Failed to acquire resources in eu-west-2a for {AWS([Spot], cpus=4, {'L4': 1}), AWS(cpus=4, {'L4': 1})}. 
W 03-17 22:29:49 cloud_vm_ray_backend.py:2097] 
W 03-17 22:29:49 cloud_vm_ray_backend.py:2097] [0m[33m↺[0m Trying other potential resources.
<sky-payload>"<rich_update>[bold cyan]Looking for resources[/]  \u001b[2mView logs: sky api logs -l sky-2025-03-17-21-24-47-892120/provision.log\u001b[0m</rich_update>"</sky-payload>
<sky-payload>"<rich_update>[bold cyan]Optimizing[/]</rich_update>"</sky-payload>
<sky-payload>"<rich_start>[bold cyan]Launching[/]</rich_start>"</sky-payload>
I 03-17 22:29:49 optimizer.py:736] [1mTarget:[0m minimizing cost
I 03-17 22:29:49 optimizer.py:749] [1mEstimated cost: [0m$0.3 / hour
I 03-17 22:29:49 optimizer.py:749] 
I 03-17 22:29:49 optimizer.py:884] Considered resources (1 node):
I 03-17 22:29:49 optimizer.py:952] ----------------------------------------------------------------------------------------------
I 03-17 22:29:49 optimizer.py:952]  CLOUD   INSTANCE          vCPUs   Mem(GB)   ACCELERATORS   REGION/ZONE   COST ($)   CHOSEN   
I 03-17 22:29:49 optimizer.py:952] ----------------------------------------------------------------------------------------------
I 03-17 22:29:49 optimizer.py:952]  AWS     g6.xlarge[Spot]   4       16        L4:1           eu-west-3c    0.35       [32m   ✔[0m     
I 03-17 22:29:49 optimizer.py:952]  AWS     g6.xlarge         4       16        L4:1           us-east-1     0.80                
I 03-17 22:29:49 optimizer.py:952] ----------------------------------------------------------------------------------------------
<sky-payload>"<rich_update>[bold cyan]Looking for resources[/]  \u001b[2mView logs: sky api logs -l sky-2025-03-17-21-24-47-892120/provision.log\u001b[0m</rich_update>"</sky-payload>
<sky-payload>"<rich_update>[bold cyan]Launching[/]  \u001b[2mView logs: sky api logs -l sky-2025-03-17-21-24-47-892120/provision.log\u001b[0m</rich_update>"</sky-payload>
I 03-17 22:29:49 cloud_vm_ray_backend.py:1520] [0m⚙︎ Launching on AWS eu-west-3[0m (eu-west-3c).
[2mW 03-17 22:30:02 instance.py:243] create_instances: Attempt failed with An error occurred (InsufficientInstanceCapacity) when calling the RunInstances operation (reached max retries: 0): There is no Spot capacity available that matches your request.[0m
W 03-17 22:30:03 cloud_vm_ray_backend.py:2061] sky.exceptions.ResourcesUnavailableError: Failed to acquire resources in eu-west-3c for {AWS([Spot], cpus=4, {'L4': 1}), AWS(cpus=4, {'L4': 1})}. 
W 03-17 22:30:03 cloud_vm_ray_backend.py:2097] 
W 03-17 22:30:03 cloud_vm_ray_backend.py:2097] [0m[33m↺[0m Trying other potential resources.
<sky-payload>"<rich_update>[bold cyan]Looking for resources[/]  \u001b[2mView logs: sky api logs -l sky-2025-03-17-21-24-47-892120/provision.log\u001b[0m</rich_update>"</sky-payload>
<sky-payload>"<rich_update>[bold cyan]Optimizing[/]</rich_update>"</sky-payload>
<sky-payload>"<rich_start>[bold cyan]Launching[/]</rich_start>"</sky-payload>
I 03-17 22:30:03 optimizer.py:736] [1mTarget:[0m minimizing cost
I 03-17 22:30:03 optimizer.py:749] [1mEstimated cost: [0m$0.4 / hour
I 03-17 22:30:03 optimizer.py:749] 
I 03-17 22:30:03 optimizer.py:884] Considered resources (1 node):
I 03-17 22:30:03 optimizer.py:952] ----------------------------------------------------------------------------------------------
I 03-17 22:30:03 optimizer.py:952]  CLOUD   INSTANCE          vCPUs   Mem(GB)   ACCELERATORS   REGION/ZONE   COST ($)   CHOSEN   
I 03-17 22:30:03 optimizer.py:952] ----------------------------------------------------------------------------------------------
I 03-17 22:30:03 optimizer.py:952]  AWS     g6.xlarge[Spot]   4       16        L4:1           eu-north-1a   0.35       [32m   ✔[0m     
I 03-17 22:30:03 optimizer.py:952]  AWS     g6.xlarge         4       16        L4:1           us-east-1     0.80                
I 03-17 22:30:03 optimizer.py:952] ----------------------------------------------------------------------------------------------
<sky-payload>"<rich_update>[bold cyan]Looking for resources[/]  \u001b[2mView logs: sky api logs -l sky-2025-03-17-21-24-47-892120/provision.log\u001b[0m</rich_update>"</sky-payload>
<sky-payload>"<rich_update>[bold cyan]Launching[/]  \u001b[2mView logs: sky api logs -l sky-2025-03-17-21-24-47-892120/provision.log\u001b[0m</rich_update>"</sky-payload>
I 03-17 22:30:03 cloud_vm_ray_backend.py:1520] [0m⚙︎ Launching on AWS eu-north-1[0m (eu-north-1a).
[2mW 03-17 22:30:21 instance.py:243] create_instances: Attempt failed with An error occurred (InsufficientInstanceCapacity) when calling the RunInstances operation (reached max retries: 0): There is no Spot capacity available that matches your request.[0m
W 03-17 22:30:22 cloud_vm_ray_backend.py:2061] sky.exceptions.ResourcesUnavailableError: Failed to acquire resources in eu-north-1a for {AWS([Spot], cpus=4, {'L4': 1}), AWS(cpus=4, {'L4': 1})}. 
W 03-17 22:30:22 cloud_vm_ray_backend.py:2097] 
W 03-17 22:30:22 cloud_vm_ray_backend.py:2097] [0m[33m↺[0m Trying other potential resources.
<sky-payload>"<rich_update>[bold cyan]Looking for resources[/]  \u001b[2mView logs: sky api logs -l sky-2025-03-17-21-24-47-892120/provision.log\u001b[0m</rich_update>"</sky-payload>
<sky-payload>"<rich_update>[bold cyan]Optimizing[/]</rich_update>"</sky-payload>
<sky-payload>"<rich_start>[bold cyan]Launching[/]</rich_start>"</sky-payload>
I 03-17 22:30:22 optimizer.py:736] [1mTarget:[0m minimizing cost
I 03-17 22:30:22 optimizer.py:749] [1mEstimated cost: [0m$0.4 / hour
I 03-17 22:30:22 optimizer.py:749] 
I 03-17 22:30:22 optimizer.py:884] Considered resources (1 node):
I 03-17 22:30:22 optimizer.py:952] ----------------------------------------------------------------------------------------------
I 03-17 22:30:22 optimizer.py:952]  CLOUD   INSTANCE          vCPUs   Mem(GB)   ACCELERATORS   REGION/ZONE   COST ($)   CHOSEN   
I 03-17 22:30:22 optimizer.py:952] ----------------------------------------------------------------------------------------------
I 03-17 22:30:22 optimizer.py:952]  AWS     g6.xlarge[Spot]   4       16        L4:1           eu-west-2b    0.36       [32m   ✔[0m     
I 03-17 22:30:22 optimizer.py:952]  AWS     g6.xlarge         4       16        L4:1           us-east-1     0.80                
I 03-17 22:30:22 optimizer.py:952] ----------------------------------------------------------------------------------------------
<sky-payload>"<rich_update>[bold cyan]Looking for resources[/]  \u001b[2mView logs: sky api logs -l sky-2025-03-17-21-24-47-892120/provision.log\u001b[0m</rich_update>"</sky-payload>
<sky-payload>"<rich_update>[bold cyan]Launching[/]  \u001b[2mView logs: sky api logs -l sky-2025-03-17-21-24-47-892120/provision.log\u001b[0m</rich_update>"</sky-payload>
I 03-17 22:30:22 cloud_vm_ray_backend.py:1520] [0m⚙︎ Launching on AWS eu-west-2[0m (eu-west-2b).
[2mW 03-17 22:32:36 instance.py:243] create_instances: Attempt failed with An error occurred (MaxSpotInstanceCountExceeded) when calling the RunInstances operation: Max spot instance count exceeded[0m
W 03-17 22:32:37 cloud_vm_ray_backend.py:2061] sky.exceptions.ResourcesUnavailableError: Failed to acquire resources in eu-west-2b for {AWS([Spot], cpus=4, {'L4': 1}), AWS(cpus=4, {'L4': 1})}. 
W 03-17 22:32:37 cloud_vm_ray_backend.py:2097] 
W 03-17 22:32:37 cloud_vm_ray_backend.py:2097] [0m[33m↺[0m Trying other potential resources.
<sky-payload>"<rich_update>[bold cyan]Looking for resources[/]  \u001b[2mView logs: sky api logs -l sky-2025-03-17-21-24-47-892120/provision.log\u001b[0m</rich_update>"</sky-payload>
<sky-payload>"<rich_update>[bold cyan]Optimizing[/]</rich_update>"</sky-payload>
<sky-payload>"<rich_start>[bold cyan]Launching[/]</rich_start>"</sky-payload>
I 03-17 22:32:37 optimizer.py:736] [1mTarget:[0m minimizing cost
I 03-17 22:32:37 optimizer.py:749] [1mEstimated cost: [0m$0.4 / hour
I 03-17 22:32:37 optimizer.py:749] 
I 03-17 22:32:37 optimizer.py:884] Considered resources (1 node):
I 03-17 22:32:37 optimizer.py:952] --------------------------------------------------------------------------------------------------
I 03-17 22:32:37 optimizer.py:952]  CLOUD   INSTANCE          vCPUs   Mem(GB)   ACCELERATORS   REGION/ZONE       COST ($)   CHOSEN   
I 03-17 22:32:37 optimizer.py:952] --------------------------------------------------------------------------------------------------
I 03-17 22:32:37 optimizer.py:952]  AWS     g6.xlarge[Spot]   4       16        L4:1           ap-southeast-2c   0.36       [32m   ✔[0m     
I 03-17 22:32:37 optimizer.py:952]  AWS     g6.xlarge         4       16        L4:1           us-east-1         0.80                
I 03-17 22:32:37 optimizer.py:952] --------------------------------------------------------------------------------------------------
<sky-payload>"<rich_update>[bold cyan]Looking for resources[/]  \u001b[2mView logs: sky api logs -l sky-2025-03-17-21-24-47-892120/provision.log\u001b[0m</rich_update>"</sky-payload>
<sky-payload>"<rich_update>[bold cyan]Launching[/]  \u001b[2mView logs: sky api logs -l sky-2025-03-17-21-24-47-892120/provision.log\u001b[0m</rich_update>"</sky-payload>
I 03-17 22:32:37 cloud_vm_ray_backend.py:1520] [0m⚙︎ Launching on AWS ap-southeast-2[0m (ap-southeast-2c).
[2mW 03-17 22:33:03 instance.py:243] create_instances: Attempt failed with An error occurred (InsufficientInstanceCapacity) when calling the RunInstances operation (reached max retries: 0): We currently do not have sufficient g6.xlarge capacity in the Availability Zone you requested (ap-southeast-2c). Our system will be working on provisioning additional capacity. You can currently get g6.xlarge capacity by not specifying an Availability Zone in your request or choosing ap-southeast-2a.[0m
W 03-17 22:33:04 cloud_vm_ray_backend.py:2061] sky.exceptions.ResourcesUnavailableError: Failed to acquire resources in ap-southeast-2c for {AWS([Spot], cpus=4, {'L4': 1}), AWS(cpus=4, {'L4': 1})}. 
W 03-17 22:33:04 cloud_vm_ray_backend.py:2097] 
W 03-17 22:33:04 cloud_vm_ray_backend.py:2097] [0m[33m↺[0m Trying other potential resources.
<sky-payload>"<rich_update>[bold cyan]Looking for resources[/]  \u001b[2mView logs: sky api logs -l sky-2025-03-17-21-24-47-892120/provision.log\u001b[0m</rich_update>"</sky-payload>
<sky-payload>"<rich_update>[bold cyan]Optimizing[/]</rich_update>"</sky-payload>
<sky-payload>"<rich_start>[bold cyan]Launching[/]</rich_start>"</sky-payload>
I 03-17 22:33:05 optimizer.py:736] [1mTarget:[0m minimizing cost
I 03-17 22:33:05 optimizer.py:749] [1mEstimated cost: [0m$0.4 / hour
I 03-17 22:33:05 optimizer.py:749] 
I 03-17 22:33:05 optimizer.py:884] Considered resources (1 node):
I 03-17 22:33:05 optimizer.py:952] ----------------------------------------------------------------------------------------------
I 03-17 22:33:05 optimizer.py:952]  CLOUD   INSTANCE          vCPUs   Mem(GB)   ACCELERATORS   REGION/ZONE   COST ($)   CHOSEN   
I 03-17 22:33:05 optimizer.py:952] ----------------------------------------------------------------------------------------------
I 03-17 22:33:05 optimizer.py:952]  AWS     g6.xlarge[Spot]   4       16        L4:1           us-east-1d    0.37       [32m   ✔[0m     
I 03-17 22:33:05 optimizer.py:952]  AWS     g6.xlarge         4       16        L4:1           us-east-1     0.80                
I 03-17 22:33:05 optimizer.py:952] ----------------------------------------------------------------------------------------------
<sky-payload>"<rich_update>[bold cyan]Looking for resources[/]  \u001b[2mView logs: sky api logs -l sky-2025-03-17-21-24-47-892120/provision.log\u001b[0m</rich_update>"</sky-payload>
<sky-payload>"<rich_update>[bold cyan]Launching[/]  \u001b[2mView logs: sky api logs -l sky-2025-03-17-21-24-47-892120/provision.log\u001b[0m</rich_update>"</sky-payload>
I 03-17 22:33:05 cloud_vm_ray_backend.py:1520] [0m⚙︎ Launching on AWS us-east-1[0m (us-east-1d).
[2mW 03-17 22:34:17 instance.py:243] create_instances: Attempt failed with An error occurred (MaxSpotInstanceCountExceeded) when calling the RunInstances operation: Max spot instance count exceeded[0m
W 03-17 22:34:17 cloud_vm_ray_backend.py:2061] sky.exceptions.ResourcesUnavailableError: Failed to acquire resources in us-east-1d for {AWS([Spot], cpus=4, {'L4': 1}), AWS(cpus=4, {'L4': 1})}. 
W 03-17 22:34:17 cloud_vm_ray_backend.py:2097] 
W 03-17 22:34:17 cloud_vm_ray_backend.py:2097] [0m[33m↺[0m Trying other potential resources.
<sky-payload>"<rich_update>[bold cyan]Looking for resources[/]  \u001b[2mView logs: sky api logs -l sky-2025-03-17-21-24-47-892120/provision.log\u001b[0m</rich_update>"</sky-payload>
<sky-payload>"<rich_update>[bold cyan]Optimizing[/]</rich_update>"</sky-payload>
<sky-payload>"<rich_start>[bold cyan]Launching[/]</rich_start>"</sky-payload>
I 03-17 22:34:17 optimizer.py:736] [1mTarget:[0m minimizing cost
I 03-17 22:34:17 optimizer.py:749] [1mEstimated cost: [0m$0.4 / hour
I 03-17 22:34:17 optimizer.py:749] 
I 03-17 22:34:17 optimizer.py:884] Considered resources (1 node):
I 03-17 22:34:17 optimizer.py:952] ----------------------------------------------------------------------------------------------
I 03-17 22:34:17 optimizer.py:952]  CLOUD   INSTANCE          vCPUs   Mem(GB)   ACCELERATORS   REGION/ZONE   COST ($)   CHOSEN   
I 03-17 22:34:17 optimizer.py:952] ----------------------------------------------------------------------------------------------
I 03-17 22:34:17 optimizer.py:952]  AWS     g6.xlarge[Spot]   4       16        L4:1           us-west-2b    0.37       [32m   ✔[0m     
I 03-17 22:34:17 optimizer.py:952]  AWS     g6.xlarge         4       16        L4:1           us-east-1     0.80                
I 03-17 22:34:17 optimizer.py:952] ----------------------------------------------------------------------------------------------
<sky-payload>"<rich_update>[bold cyan]Looking for resources[/]  \u001b[2mView logs: sky api logs -l sky-2025-03-17-21-24-47-892120/provision.log\u001b[0m</rich_update>"</sky-payload>
<sky-payload>"<rich_update>[bold cyan]Launching[/]  \u001b[2mView logs: sky api logs -l sky-2025-03-17-21-24-47-892120/provision.log\u001b[0m</rich_update>"</sky-payload>
I 03-17 22:34:18 cloud_vm_ray_backend.py:1520] [0m⚙︎ Launching on AWS us-west-2[0m (us-west-2b).
[2mW 03-17 22:38:26 instance.py:243] create_instances: Attempt failed with An error occurred (MaxSpotInstanceCountExceeded) when calling the RunInstances operation: Max spot instance count exceeded[0m
W 03-17 22:38:27 cloud_vm_ray_backend.py:2061] sky.exceptions.ResourcesUnavailableError: Failed to acquire resources in us-west-2b for {AWS([Spot], cpus=4, {'L4': 1}), AWS(cpus=4, {'L4': 1})}. 
W 03-17 22:38:27 cloud_vm_ray_backend.py:2097] 
W 03-17 22:38:27 cloud_vm_ray_backend.py:2097] [0m[33m↺[0m Trying other potential resources.
<sky-payload>"<rich_update>[bold cyan]Looking for resources[/]  \u001b[2mView logs: sky api logs -l sky-2025-03-17-21-24-47-892120/provision.log\u001b[0m</rich_update>"</sky-payload>
<sky-payload>"<rich_update>[bold cyan]Optimizing[/]</rich_update>"</sky-payload>
<sky-payload>"<rich_start>[bold cyan]Launching[/]</rich_start>"</sky-payload>
I 03-17 22:38:27 optimizer.py:736] [1mTarget:[0m minimizing cost
I 03-17 22:38:27 optimizer.py:749] [1mEstimated cost: [0m$0.4 / hour
I 03-17 22:38:27 optimizer.py:749] 
I 03-17 22:38:27 optimizer.py:884] Considered resources (1 node):
I 03-17 22:38:27 optimizer.py:952] ----------------------------------------------------------------------------------------------
I 03-17 22:38:27 optimizer.py:952]  CLOUD   INSTANCE          vCPUs   Mem(GB)   ACCELERATORS   REGION/ZONE   COST ($)   CHOSEN   
I 03-17 22:38:27 optimizer.py:952] ----------------------------------------------------------------------------------------------
I 03-17 22:38:27 optimizer.py:952]  AWS     g6.xlarge[Spot]   4       16        L4:1           eu-north-1b   0.37       [32m   ✔[0m     
I 03-17 22:38:27 optimizer.py:952]  AWS     g6.xlarge         4       16        L4:1           us-east-1     0.80                
I 03-17 22:38:27 optimizer.py:952] ----------------------------------------------------------------------------------------------
<sky-payload>"<rich_update>[bold cyan]Looking for resources[/]  \u001b[2mView logs: sky api logs -l sky-2025-03-17-21-24-47-892120/provision.log\u001b[0m</rich_update>"</sky-payload>
<sky-payload>"<rich_update>[bold cyan]Launching[/]  \u001b[2mView logs: sky api logs -l sky-2025-03-17-21-24-47-892120/provision.log\u001b[0m</rich_update>"</sky-payload>
I 03-17 22:38:27 cloud_vm_ray_backend.py:1520] [0m⚙︎ Launching on AWS eu-north-1[0m (eu-north-1b).
[2mW 03-17 22:38:39 instance.py:243] create_instances: Attempt failed with An error occurred (InsufficientInstanceCapacity) when calling the RunInstances operation (reached max retries: 0): There is no Spot capacity available that matches your request.[0m
W 03-17 22:38:39 cloud_vm_ray_backend.py:2061] sky.exceptions.ResourcesUnavailableError: Failed to acquire resources in eu-north-1b for {AWS([Spot], cpus=4, {'L4': 1}), AWS(cpus=4, {'L4': 1})}. 
W 03-17 22:38:39 cloud_vm_ray_backend.py:2097] 
W 03-17 22:38:39 cloud_vm_ray_backend.py:2097] [0m[33m↺[0m Trying other potential resources.
<sky-payload>"<rich_update>[bold cyan]Looking for resources[/]  \u001b[2mView logs: sky api logs -l sky-2025-03-17-21-24-47-892120/provision.log\u001b[0m</rich_update>"</sky-payload>
<sky-payload>"<rich_update>[bold cyan]Optimizing[/]</rich_update>"</sky-payload>
<sky-payload>"<rich_start>[bold cyan]Launching[/]</rich_start>"</sky-payload>
I 03-17 22:38:39 optimizer.py:736] [1mTarget:[0m minimizing cost
I 03-17 22:38:39 optimizer.py:749] [1mEstimated cost: [0m$0.4 / hour
I 03-17 22:38:39 optimizer.py:749] 
I 03-17 22:38:39 optimizer.py:884] Considered resources (1 node):
I 03-17 22:38:39 optimizer.py:952] --------------------------------------------------------------------------------------------------
I 03-17 22:38:39 optimizer.py:952]  CLOUD   INSTANCE          vCPUs   Mem(GB)   ACCELERATORS   REGION/ZONE       COST ($)   CHOSEN   
I 03-17 22:38:39 optimizer.py:952] --------------------------------------------------------------------------------------------------
I 03-17 22:38:39 optimizer.py:952]  AWS     g6.xlarge[Spot]   4       16        L4:1           ap-southeast-2a   0.38       [32m   ✔[0m     
I 03-17 22:38:39 optimizer.py:952]  AWS     g6.xlarge         4       16        L4:1           us-east-1         0.80                
I 03-17 22:38:39 optimizer.py:952] --------------------------------------------------------------------------------------------------
<sky-payload>"<rich_update>[bold cyan]Looking for resources[/]  \u001b[2mView logs: sky api logs -l sky-2025-03-17-21-24-47-892120/provision.log\u001b[0m</rich_update>"</sky-payload>
<sky-payload>"<rich_update>[bold cyan]Launching[/]  \u001b[2mView logs: sky api logs -l sky-2025-03-17-21-24-47-892120/provision.log\u001b[0m</rich_update>"</sky-payload>
I 03-17 22:38:40 cloud_vm_ray_backend.py:1520] [0m⚙︎ Launching on AWS ap-southeast-2[0m (ap-southeast-2a).
<sky-payload>"<rich_update>[bold cyan]Launching - Checking instance status[/]  \u001b[2mView logs: sky api logs -l sky-2025-03-17-21-24-47-892120/provision.log\u001b[0m</rich_update>"</sky-payload>
<sky-payload>"<rich_update>[bold cyan]Launching - Waiting for SSH access[/]  \u001b[2mView logs: sky api logs -l sky-2025-03-17-21-24-47-892120/provision.log\u001b[0m</rich_update>"</sky-payload>
<sky-payload>"<rich_start>[bold cyan]Launching[/]</rich_start>"</sky-payload>
I 03-17 22:39:09 provisioner.py:451] [2m└── [0m[2mInstance is up.[0m
<sky-payload>"<rich_update>[bold cyan]Preparing SkyPilot runtime (1/3 - initializing)[/]  \u001b[2mView logs: sky api logs -l sky-2025-03-17-21-24-47-892120/provision.log\u001b[0m</rich_update>"</sky-payload>
<sky-payload>"<rich_update>[bold cyan]Preparing SkyPilot runtime (2/3 - dependencies)[/]  \u001b[2mView logs: sky api logs -l sky-2025-03-17-21-24-47-892120/provision.log\u001b[0m</rich_update>"</sky-payload>
<sky-payload>"<rich_update>[bold cyan]Preparing SkyPilot runtime (3/3 - runtime)[/]  \u001b[2mView logs: sky api logs -l sky-2025-03-17-21-24-47-892120/provision.log\u001b[0m</rich_update>"</sky-payload>
<sky-payload>"<rich_update>[bold cyan]Launching - Checking instance status[/]  \u001b[2mView logs: sky api logs -l sky-2025-03-17-21-24-47-892120/provision.log\u001b[0m</rich_update>"</sky-payload>
I 03-17 22:39:40 provisioner.py:632] [0m[32m✓ Cluster launched: compute-text-vectors-424.[0m  [2mView logs: sky api logs -l sky-2025-03-17-21-24-47-892120/provision.log[0m
<sky-payload>"<rich_exit></rich_exit>"</sky-payload>
I 03-17 22:39:40 execution.py:332] [0m⚙︎ Syncing files.
<sky-payload>"<rich_init>[bold cyan]Syncing files[/]</rich_init>"</sky-payload>
<sky-payload>"<rich_update>[bold cyan]Syncing files[/]</rich_update>"</sky-payload>
<sky-payload>"<rich_start>[bold cyan]Syncing files[/]</rich_start>"</sky-payload>
<sky-payload>"<rich_update>[bold cyan]Syncing file mounts[/]  \u001b[2mView logs: sky api logs -l sky-2025-03-17-21-24-47-892120/file_mounts.log\u001b[0m</rich_update>"</sky-payload>
I 03-17 22:39:40 backend_utils.py:1315]   [2mSyncing (to 1 node): s3://skypilot-filemounts-root-726f1974-30eblvr9/job-30eblvr9/workdir -> ~/sky_workdir[0m
I 03-17 22:39:43 cloud_vm_ray_backend.py:4801] [0m[32m✓ Synced file_mounts.[0m  [2mView logs: sky api logs -l sky-2025-03-17-21-24-47-892120/file_mounts.log[0m
<sky-payload>"<rich_update>[bold cyan]Mounting 1 storage[/]  \u001b[2mView logs: sky api logs -l sky-2025-03-17-21-24-47-892120/storage_mounts.log\u001b[0m</rich_update>"</sky-payload>
I 03-17 22:39:43 backend_utils.py:1315]   [2mMounting (to 1 node): s3://sky-text-embeddings-multi-cluster-final-2 -> /output[0m
I 03-17 22:39:48 cloud_vm_ray_backend.py:4892] [0m[32m✓ Storage mounted.[0m  [2mView logs: sky api logs -l sky-2025-03-17-21-24-47-892120/storage_mounts.log[0m
<sky-payload>"<rich_exit></rich_exit>"</sky-payload>
<sky-payload>"<rich_init>[bold cyan]Running setup[/]</rich_init>"</sky-payload>
<sky-payload>"<rich_update>[bold cyan]Running setup[/]</rich_update>"</sky-payload>
<sky-payload>"<rich_start>[bold cyan]Running setup[/]</rich_start>"</sky-payload>
<sky-payload>"<rich_stop></rich_stop>"</sky-payload>
I 03-17 22:39:51 cloud_vm_ray_backend.py:3357] [0m[32m✓ Setup detached.[0m
<sky-payload>"<rich_exit></rich_exit>"</sky-payload>
<sky-payload>"<rich_init>[bold cyan]Submitting job[/]</rich_init>"</sky-payload>
<sky-payload>"<rich_update>[bold cyan]Submitting job[/]</rich_update>"</sky-payload>
<sky-payload>"<rich_start>[bold cyan]Submitting job[/]</rich_start>"</sky-payload>
I 03-17 22:39:52 cloud_vm_ray_backend.py:3546] Multiple resources are specified for the task, using: AWS([Spot], cpus=4, {'L4': 1})
I 03-17 22:39:55 cloud_vm_ray_backend.py:3460] [0m⚙︎ Job submitted, ID: 1
<sky-payload>"<rich_stop></rich_stop>"</sky-payload>
<sky-payload>"<rich_exit></rich_exit>"</sky-payload>

[?25hI 03-17 22:39:55 recovery_strategy.py:289] Managed job cluster launched.
I 03-17 22:39:59 utils.py:131] === Checking the job status... ===
I 03-17 22:40:00 utils.py:137] Job status: JobStatus.SETTING_UP
I 03-17 22:40:00 utils.py:140] ==================================
I 03-17 22:40:01 state.py:471] Job started.
I 03-17 22:40:21 utils.py:131] === Checking the job status... ===
I 03-17 22:40:22 utils.py:137] Job status: JobStatus.SETTING_UP
I 03-17 22:40:22 utils.py:140] ==================================
I 03-17 22:40:42 utils.py:131] === Checking the job status... ===
I 03-17 22:40:43 utils.py:137] Job status: JobStatus.SETTING_UP
I 03-17 22:40:43 utils.py:140] ==================================
I 03-17 22:41:03 utils.py:131] === Checking the job status... ===
I 03-17 22:41:04 utils.py:137] Job status: JobStatus.SETTING_UP
I 03-17 22:41:04 utils.py:140] ==================================
I 03-17 22:41:25 utils.py:131] === Checking the job status... ===
I 03-17 22:41:26 utils.py:137] Job status: JobStatus.SETTING_UP
I 03-17 22:41:26 utils.py:140] ==================================
I 03-17 22:41:46 utils.py:131] === Checking the job status... ===
I 03-17 22:41:47 utils.py:137] Job status: JobStatus.SETTING_UP
I 03-17 22:41:47 utils.py:140] ==================================
I 03-17 22:42:07 utils.py:131] === Checking the job status... ===
I 03-17 22:42:08 utils.py:137] Job status: JobStatus.SETTING_UP
I 03-17 22:42:08 utils.py:140] ==================================
I 03-17 22:42:28 utils.py:131] === Checking the job status... ===
I 03-17 22:42:29 utils.py:137] Job status: JobStatus.RUNNING
I 03-17 22:42:29 utils.py:140] ==================================
I 03-17 22:42:49 utils.py:131] === Checking the job status... ===
I 03-17 22:42:50 utils.py:137] Job status: JobStatus.RUNNING
I 03-17 22:42:50 utils.py:140] ==================================
I 03-17 22:43:10 utils.py:131] === Checking the job status... ===
I 03-17 22:43:12 utils.py:137] Job status: JobStatus.RUNNING
I 03-17 22:43:12 utils.py:140] ==================================
I 03-17 22:43:32 utils.py:131] === Checking the job status... ===
I 03-17 22:43:33 utils.py:137] Job status: JobStatus.RUNNING
I 03-17 22:43:33 utils.py:140] ==================================
I 03-17 22:43:53 utils.py:131] === Checking the job status... ===
I 03-17 22:43:54 utils.py:137] Job status: JobStatus.RUNNING
I 03-17 22:43:54 utils.py:140] ==================================
I 03-17 22:44:14 utils.py:131] === Checking the job status... ===
I 03-17 22:44:15 utils.py:137] Job status: JobStatus.RUNNING
I 03-17 22:44:15 utils.py:140] ==================================
I 03-17 22:44:36 utils.py:131] === Checking the job status... ===
I 03-17 22:44:37 utils.py:137] Job status: JobStatus.RUNNING
I 03-17 22:44:37 utils.py:140] ==================================
I 03-17 22:44:57 utils.py:131] === Checking the job status... ===
I 03-17 22:44:58 utils.py:137] Job status: JobStatus.RUNNING
I 03-17 22:44:58 utils.py:140] ==================================
I 03-17 22:45:18 utils.py:131] === Checking the job status... ===
I 03-17 22:45:19 utils.py:137] Job status: JobStatus.RUNNING
I 03-17 22:45:19 utils.py:140] ==================================
I 03-17 22:45:39 utils.py:131] === Checking the job status... ===
I 03-17 22:45:40 utils.py:137] Job status: JobStatus.RUNNING
I 03-17 22:45:40 utils.py:140] ==================================
I 03-17 22:46:00 utils.py:131] === Checking the job status... ===
I 03-17 22:46:04 utils.py:137] Job status: JobStatus.RUNNING
I 03-17 22:46:04 utils.py:140] ==================================
I 03-17 22:46:24 utils.py:131] === Checking the job status... ===
I 03-17 22:46:28 utils.py:137] Job status: JobStatus.RUNNING
I 03-17 22:46:28 utils.py:140] ==================================
I 03-17 22:46:48 utils.py:131] === Checking the job status... ===
I 03-17 22:46:50 utils.py:137] Job status: JobStatus.RUNNING
I 03-17 22:46:50 utils.py:140] ==================================
I 03-17 22:47:10 utils.py:131] === Checking the job status... ===
I 03-17 22:47:11 utils.py:137] Job status: JobStatus.RUNNING
I 03-17 22:47:11 utils.py:140] ==================================
I 03-17 22:47:31 utils.py:131] === Checking the job status... ===
I 03-17 22:47:32 utils.py:137] Job status: JobStatus.RUNNING
I 03-17 22:47:32 utils.py:140] ==================================
I 03-17 22:47:52 utils.py:131] === Checking the job status... ===
I 03-17 22:47:53 utils.py:137] Job status: JobStatus.RUNNING
I 03-17 22:47:53 utils.py:140] ==================================
I 03-17 22:48:13 utils.py:131] === Checking the job status... ===
I 03-17 22:48:14 utils.py:137] Job status: JobStatus.RUNNING
I 03-17 22:48:14 utils.py:140] ==================================
I 03-17 22:48:35 utils.py:131] === Checking the job status... ===
I 03-17 22:48:36 utils.py:137] Job status: JobStatus.RUNNING
I 03-17 22:48:36 utils.py:140] ==================================
I 03-17 22:48:56 utils.py:131] === Checking the job status... ===
I 03-17 22:48:57 utils.py:137] Job status: JobStatus.RUNNING
I 03-17 22:48:57 utils.py:140] ==================================
I 03-17 22:49:17 utils.py:131] === Checking the job status... ===
I 03-17 22:49:18 utils.py:137] Job status: JobStatus.RUNNING
I 03-17 22:49:18 utils.py:140] ==================================
I 03-17 22:49:38 utils.py:131] === Checking the job status... ===
I 03-17 22:49:39 utils.py:137] Job status: JobStatus.RUNNING
I 03-17 22:49:39 utils.py:140] ==================================
I 03-17 22:49:59 utils.py:131] === Checking the job status... ===
I 03-17 22:50:00 utils.py:137] Job status: JobStatus.RUNNING
I 03-17 22:50:00 utils.py:140] ==================================
I 03-17 22:50:20 utils.py:131] === Checking the job status... ===
I 03-17 22:50:21 utils.py:137] Job status: JobStatus.RUNNING
I 03-17 22:50:21 utils.py:140] ==================================
I 03-17 22:50:41 utils.py:131] === Checking the job status... ===
I 03-17 22:50:42 utils.py:137] Job status: JobStatus.RUNNING
I 03-17 22:50:42 utils.py:140] ==================================
I 03-17 22:51:02 utils.py:131] === Checking the job status... ===
I 03-17 22:51:03 utils.py:137] Job status: JobStatus.RUNNING
I 03-17 22:51:03 utils.py:140] ==================================
I 03-17 22:51:24 utils.py:131] === Checking the job status... ===
I 03-17 22:51:25 utils.py:137] Job status: JobStatus.RUNNING
I 03-17 22:51:25 utils.py:140] ==================================
I 03-17 22:51:45 utils.py:131] === Checking the job status... ===
I 03-17 22:51:46 utils.py:137] Job status: JobStatus.RUNNING
I 03-17 22:51:46 utils.py:140] ==================================
I 03-17 22:52:06 utils.py:131] === Checking the job status... ===
I 03-17 22:52:07 utils.py:137] Job status: JobStatus.RUNNING
I 03-17 22:52:07 utils.py:140] ==================================
I 03-17 22:52:27 utils.py:131] === Checking the job status... ===
I 03-17 22:52:28 utils.py:137] Job status: JobStatus.RUNNING
I 03-17 22:52:28 utils.py:140] ==================================
I 03-17 22:52:48 utils.py:131] === Checking the job status... ===
I 03-17 22:52:49 utils.py:137] Job status: JobStatus.RUNNING
I 03-17 22:52:49 utils.py:140] ==================================
I 03-17 22:53:09 utils.py:131] === Checking the job status... ===
I 03-17 22:53:10 utils.py:137] Job status: JobStatus.RUNNING
I 03-17 22:53:10 utils.py:140] ==================================
I 03-17 22:53:30 utils.py:131] === Checking the job status... ===
I 03-17 22:53:31 utils.py:137] Job status: JobStatus.RUNNING
I 03-17 22:53:31 utils.py:140] ==================================
I 03-17 22:53:51 utils.py:131] === Checking the job status... ===
I 03-17 22:53:52 utils.py:137] Job status: JobStatus.RUNNING
I 03-17 22:53:52 utils.py:140] ==================================
I 03-17 22:54:13 utils.py:131] === Checking the job status... ===
I 03-17 22:54:14 utils.py:137] Job status: JobStatus.RUNNING
I 03-17 22:54:14 utils.py:140] ==================================
I 03-17 22:54:34 utils.py:131] === Checking the job status... ===
I 03-17 22:54:35 utils.py:137] Job status: JobStatus.RUNNING
I 03-17 22:54:35 utils.py:140] ==================================
I 03-17 22:54:55 utils.py:131] === Checking the job status... ===
I 03-17 22:54:56 utils.py:137] Job status: JobStatus.RUNNING
I 03-17 22:54:56 utils.py:140] ==================================
I 03-17 22:55:16 utils.py:131] === Checking the job status... ===
I 03-17 22:55:17 utils.py:137] Job status: JobStatus.RUNNING
I 03-17 22:55:17 utils.py:140] ==================================
I 03-17 22:55:37 utils.py:131] === Checking the job status... ===
I 03-17 22:55:38 utils.py:137] Job status: JobStatus.RUNNING
I 03-17 22:55:38 utils.py:140] ==================================
I 03-17 22:55:58 utils.py:131] === Checking the job status... ===
I 03-17 22:55:59 utils.py:137] Job status: JobStatus.RUNNING
I 03-17 22:55:59 utils.py:140] ==================================
I 03-17 22:56:19 utils.py:131] === Checking the job status... ===
I 03-17 22:56:20 utils.py:137] Job status: JobStatus.RUNNING
I 03-17 22:56:20 utils.py:140] ==================================
I 03-17 22:56:40 utils.py:131] === Checking the job status... ===
I 03-17 22:56:41 utils.py:137] Job status: JobStatus.RUNNING
I 03-17 22:56:41 utils.py:140] ==================================
I 03-17 22:57:02 utils.py:131] === Checking the job status... ===
I 03-17 22:57:03 utils.py:137] Job status: JobStatus.RUNNING
I 03-17 22:57:03 utils.py:140] ==================================
I 03-17 22:57:23 utils.py:131] === Checking the job status... ===
I 03-17 22:57:24 utils.py:137] Job status: JobStatus.RUNNING
I 03-17 22:57:24 utils.py:140] ==================================
I 03-17 22:57:44 utils.py:131] === Checking the job status... ===
I 03-17 22:57:45 utils.py:137] Job status: JobStatus.RUNNING
I 03-17 22:57:45 utils.py:140] ==================================
I 03-17 22:58:05 utils.py:131] === Checking the job status... ===
I 03-17 22:58:06 utils.py:137] Job status: JobStatus.RUNNING
I 03-17 22:58:06 utils.py:140] ==================================
I 03-17 22:58:26 utils.py:131] === Checking the job status... ===
I 03-17 22:58:27 utils.py:137] Job status: JobStatus.RUNNING
I 03-17 22:58:27 utils.py:140] ==================================
I 03-17 22:58:47 utils.py:131] === Checking the job status... ===
I 03-17 22:58:48 utils.py:137] Job status: JobStatus.RUNNING
I 03-17 22:58:48 utils.py:140] ==================================
I 03-17 22:59:08 utils.py:131] === Checking the job status... ===
I 03-17 22:59:09 utils.py:137] Job status: JobStatus.RUNNING
I 03-17 22:59:09 utils.py:140] ==================================
I 03-17 22:59:29 utils.py:131] === Checking the job status... ===
I 03-17 22:59:30 utils.py:137] Job status: JobStatus.RUNNING
I 03-17 22:59:30 utils.py:140] ==================================
I 03-17 22:59:50 utils.py:131] === Checking the job status... ===
I 03-17 22:59:51 utils.py:137] Job status: JobStatus.RUNNING
I 03-17 22:59:51 utils.py:140] ==================================
I 03-17 23:00:11 utils.py:131] === Checking the job status... ===
I 03-17 23:00:12 utils.py:137] Job status: JobStatus.RUNNING
I 03-17 23:00:12 utils.py:140] ==================================
I 03-17 23:00:32 utils.py:131] === Checking the job status... ===
I 03-17 23:00:33 utils.py:137] Job status: JobStatus.RUNNING
I 03-17 23:00:33 utils.py:140] ==================================
I 03-17 23:00:54 utils.py:131] === Checking the job status... ===
I 03-17 23:00:55 utils.py:137] Job status: JobStatus.RUNNING
I 03-17 23:00:55 utils.py:140] ==================================
I 03-17 23:01:15 utils.py:131] === Checking the job status... ===
I 03-17 23:01:16 utils.py:137] Job status: JobStatus.RUNNING
I 03-17 23:01:16 utils.py:140] ==================================
I 03-17 23:01:36 utils.py:131] === Checking the job status... ===
I 03-17 23:01:37 utils.py:137] Job status: JobStatus.RUNNING
I 03-17 23:01:37 utils.py:140] ==================================
I 03-17 23:01:57 utils.py:131] === Checking the job status... ===
I 03-17 23:01:58 utils.py:137] Job status: JobStatus.RUNNING
I 03-17 23:01:58 utils.py:140] ==================================
I 03-17 23:02:18 utils.py:131] === Checking the job status... ===
I 03-17 23:02:19 utils.py:137] Job status: JobStatus.RUNNING
I 03-17 23:02:19 utils.py:140] ==================================
I 03-17 23:02:39 utils.py:131] === Checking the job status... ===
I 03-17 23:02:40 utils.py:137] Job status: JobStatus.RUNNING
I 03-17 23:02:40 utils.py:140] ==================================
I 03-17 23:03:00 utils.py:131] === Checking the job status... ===
I 03-17 23:03:01 utils.py:137] Job status: JobStatus.RUNNING
I 03-17 23:03:01 utils.py:140] ==================================
I 03-17 23:03:21 utils.py:131] === Checking the job status... ===
I 03-17 23:03:22 utils.py:137] Job status: JobStatus.RUNNING
I 03-17 23:03:22 utils.py:140] ==================================
I 03-17 23:03:43 utils.py:131] === Checking the job status... ===
I 03-17 23:03:44 utils.py:137] Job status: JobStatus.RUNNING
I 03-17 23:03:44 utils.py:140] ==================================
I 03-17 23:04:04 utils.py:131] === Checking the job status... ===
I 03-17 23:04:05 utils.py:137] Job status: JobStatus.RUNNING
I 03-17 23:04:05 utils.py:140] ==================================
I 03-17 23:04:25 utils.py:131] === Checking the job status... ===
I 03-17 23:04:26 utils.py:137] Job status: JobStatus.RUNNING
I 03-17 23:04:26 utils.py:140] ==================================
I 03-17 23:04:46 utils.py:131] === Checking the job status... ===
I 03-17 23:04:47 utils.py:137] Job status: JobStatus.RUNNING
I 03-17 23:04:47 utils.py:140] ==================================
I 03-17 23:05:07 utils.py:131] === Checking the job status... ===
I 03-17 23:05:08 utils.py:137] Job status: JobStatus.RUNNING
I 03-17 23:05:08 utils.py:140] ==================================
I 03-17 23:05:28 utils.py:131] === Checking the job status... ===
I 03-17 23:05:29 utils.py:137] Job status: JobStatus.RUNNING
I 03-17 23:05:29 utils.py:140] ==================================
I 03-17 23:05:49 utils.py:131] === Checking the job status... ===
I 03-17 23:05:50 utils.py:137] Job status: JobStatus.RUNNING
I 03-17 23:05:50 utils.py:140] ==================================
I 03-17 23:06:10 utils.py:131] === Checking the job status... ===
I 03-17 23:06:11 utils.py:137] Job status: JobStatus.RUNNING
I 03-17 23:06:11 utils.py:140] ==================================
I 03-17 23:06:31 utils.py:131] === Checking the job status... ===
I 03-17 23:06:32 utils.py:137] Job status: JobStatus.RUNNING
I 03-17 23:06:32 utils.py:140] ==================================
I 03-17 23:06:52 utils.py:131] === Checking the job status... ===
I 03-17 23:06:53 utils.py:137] Job status: JobStatus.RUNNING
I 03-17 23:06:53 utils.py:140] ==================================
I 03-17 23:07:13 utils.py:131] === Checking the job status... ===
I 03-17 23:07:15 utils.py:137] Job status: JobStatus.RUNNING
I 03-17 23:07:15 utils.py:140] ==================================
I 03-17 23:07:35 utils.py:131] === Checking the job status... ===
I 03-17 23:07:36 utils.py:137] Job status: JobStatus.RUNNING
I 03-17 23:07:36 utils.py:140] ==================================
I 03-17 23:07:56 utils.py:131] === Checking the job status... ===
I 03-17 23:07:57 utils.py:137] Job status: JobStatus.RUNNING
I 03-17 23:07:57 utils.py:140] ==================================
I 03-17 23:08:17 utils.py:131] === Checking the job status... ===
I 03-17 23:08:18 utils.py:137] Job status: JobStatus.RUNNING
I 03-17 23:08:18 utils.py:140] ==================================
I 03-17 23:08:38 utils.py:131] === Checking the job status... ===
I 03-17 23:08:39 utils.py:137] Job status: JobStatus.RUNNING
I 03-17 23:08:39 utils.py:140] ==================================
I 03-17 23:08:59 utils.py:131] === Checking the job status... ===
I 03-17 23:09:00 utils.py:137] Job status: JobStatus.RUNNING
I 03-17 23:09:00 utils.py:140] ==================================
I 03-17 23:09:20 utils.py:131] === Checking the job status... ===
I 03-17 23:09:21 utils.py:137] Job status: JobStatus.RUNNING
I 03-17 23:09:21 utils.py:140] ==================================
I 03-17 23:09:41 utils.py:131] === Checking the job status... ===
I 03-17 23:09:42 utils.py:137] Job status: JobStatus.RUNNING
I 03-17 23:09:42 utils.py:140] ==================================
I 03-17 23:10:03 utils.py:131] === Checking the job status... ===
I 03-17 23:10:04 utils.py:137] Job status: JobStatus.RUNNING
I 03-17 23:10:04 utils.py:140] ==================================
I 03-17 23:10:24 utils.py:131] === Checking the job status... ===
I 03-17 23:10:25 utils.py:137] Job status: JobStatus.RUNNING
I 03-17 23:10:25 utils.py:140] ==================================
I 03-17 23:10:45 utils.py:131] === Checking the job status... ===
I 03-17 23:10:46 utils.py:137] Job status: JobStatus.RUNNING
I 03-17 23:10:46 utils.py:140] ==================================
I 03-17 23:11:06 utils.py:131] === Checking the job status... ===
I 03-17 23:11:07 utils.py:137] Job status: JobStatus.RUNNING
I 03-17 23:11:07 utils.py:140] ==================================
I 03-17 23:11:27 utils.py:131] === Checking the job status... ===
I 03-17 23:11:28 utils.py:137] Job status: JobStatus.RUNNING
I 03-17 23:11:28 utils.py:140] ==================================
I 03-17 23:11:48 utils.py:131] === Checking the job status... ===
I 03-17 23:11:49 utils.py:137] Job status: JobStatus.RUNNING
I 03-17 23:11:49 utils.py:140] ==================================
I 03-17 23:12:09 utils.py:131] === Checking the job status... ===
I 03-17 23:12:10 utils.py:137] Job status: JobStatus.RUNNING
I 03-17 23:12:10 utils.py:140] ==================================
I 03-17 23:12:31 utils.py:131] === Checking the job status... ===
I 03-17 23:12:32 utils.py:137] Job status: JobStatus.RUNNING
I 03-17 23:12:32 utils.py:140] ==================================
I 03-17 23:12:52 utils.py:131] === Checking the job status... ===
I 03-17 23:12:53 utils.py:137] Job status: JobStatus.RUNNING
I 03-17 23:12:53 utils.py:140] ==================================
I 03-17 23:13:13 utils.py:131] === Checking the job status... ===
I 03-17 23:13:14 utils.py:137] Job status: JobStatus.RUNNING
I 03-17 23:13:14 utils.py:140] ==================================
I 03-17 23:13:34 utils.py:131] === Checking the job status... ===
I 03-17 23:13:35 utils.py:137] Job status: JobStatus.RUNNING
I 03-17 23:13:35 utils.py:140] ==================================
I 03-17 23:13:55 utils.py:131] === Checking the job status... ===
I 03-17 23:13:56 utils.py:137] Job status: JobStatus.RUNNING
I 03-17 23:13:56 utils.py:140] ==================================
I 03-17 23:14:16 utils.py:131] === Checking the job status... ===
I 03-17 23:14:17 utils.py:137] Job status: JobStatus.RUNNING
I 03-17 23:14:17 utils.py:140] ==================================
I 03-17 23:14:37 utils.py:131] === Checking the job status... ===
I 03-17 23:14:38 utils.py:137] Job status: JobStatus.RUNNING
I 03-17 23:14:38 utils.py:140] ==================================
I 03-17 23:14:58 utils.py:131] === Checking the job status... ===
I 03-17 23:14:59 utils.py:137] Job status: JobStatus.RUNNING
I 03-17 23:14:59 utils.py:140] ==================================
I 03-17 23:15:19 utils.py:131] === Checking the job status... ===
I 03-17 23:15:20 utils.py:137] Job status: JobStatus.RUNNING
I 03-17 23:15:20 utils.py:140] ==================================
I 03-17 23:15:41 utils.py:131] === Checking the job status... ===
I 03-17 23:15:42 utils.py:137] Job status: JobStatus.RUNNING
I 03-17 23:15:42 utils.py:140] ==================================
I 03-17 23:16:02 utils.py:131] === Checking the job status... ===
I 03-17 23:16:03 utils.py:137] Job status: JobStatus.RUNNING
I 03-17 23:16:03 utils.py:140] ==================================
I 03-17 23:16:23 utils.py:131] === Checking the job status... ===
I 03-17 23:16:24 utils.py:137] Job status: JobStatus.RUNNING
I 03-17 23:16:24 utils.py:140] ==================================
I 03-17 23:16:44 utils.py:131] === Checking the job status... ===
I 03-17 23:16:45 utils.py:137] Job status: JobStatus.RUNNING
I 03-17 23:16:45 utils.py:140] ==================================
I 03-17 23:17:05 utils.py:131] === Checking the job status... ===
I 03-17 23:17:06 utils.py:137] Job status: JobStatus.RUNNING
I 03-17 23:17:06 utils.py:140] ==================================
I 03-17 23:17:26 utils.py:131] === Checking the job status... ===
I 03-17 23:17:27 utils.py:137] Job status: JobStatus.RUNNING
I 03-17 23:17:27 utils.py:140] ==================================
I 03-17 23:17:47 utils.py:131] === Checking the job status... ===
I 03-17 23:17:48 utils.py:137] Job status: JobStatus.RUNNING
I 03-17 23:17:48 utils.py:140] ==================================
I 03-17 23:18:08 utils.py:131] === Checking the job status... ===
I 03-17 23:18:09 utils.py:137] Job status: JobStatus.RUNNING
I 03-17 23:18:09 utils.py:140] ==================================
I 03-17 23:18:30 utils.py:131] === Checking the job status... ===
I 03-17 23:18:31 utils.py:137] Job status: JobStatus.RUNNING
I 03-17 23:18:31 utils.py:140] ==================================
I 03-17 23:18:51 utils.py:131] === Checking the job status... ===
I 03-17 23:18:52 utils.py:137] Job status: JobStatus.RUNNING
I 03-17 23:18:52 utils.py:140] ==================================
I 03-17 23:19:12 utils.py:131] === Checking the job status... ===
I 03-17 23:19:13 utils.py:137] Job status: JobStatus.RUNNING
I 03-17 23:19:13 utils.py:140] ==================================
I 03-17 23:19:33 utils.py:131] === Checking the job status... ===
I 03-17 23:19:34 utils.py:137] Job status: JobStatus.RUNNING
I 03-17 23:19:34 utils.py:140] ==================================
I 03-17 23:19:54 utils.py:131] === Checking the job status... ===
I 03-17 23:19:55 utils.py:137] Job status: JobStatus.RUNNING
I 03-17 23:19:55 utils.py:140] ==================================
I 03-17 23:20:15 utils.py:131] === Checking the job status... ===
I 03-17 23:20:16 utils.py:137] Job status: JobStatus.RUNNING
I 03-17 23:20:16 utils.py:140] ==================================
I 03-17 23:20:36 utils.py:131] === Checking the job status... ===
I 03-17 23:20:37 utils.py:137] Job status: JobStatus.RUNNING
I 03-17 23:20:37 utils.py:140] ==================================
I 03-17 23:20:57 utils.py:131] === Checking the job status... ===
I 03-17 23:20:58 utils.py:137] Job status: JobStatus.RUNNING
I 03-17 23:20:58 utils.py:140] ==================================
I 03-17 23:21:18 utils.py:131] === Checking the job status... ===
I 03-17 23:21:19 utils.py:137] Job status: JobStatus.RUNNING
I 03-17 23:21:19 utils.py:140] ==================================
I 03-17 23:21:39 utils.py:131] === Checking the job status... ===
I 03-17 23:21:40 utils.py:137] Job status: JobStatus.RUNNING
I 03-17 23:21:40 utils.py:140] ==================================
I 03-17 23:22:01 utils.py:131] === Checking the job status... ===
I 03-17 23:22:02 utils.py:137] Job status: JobStatus.RUNNING
I 03-17 23:22:02 utils.py:140] ==================================
I 03-17 23:22:22 utils.py:131] === Checking the job status... ===
I 03-17 23:22:23 utils.py:137] Job status: JobStatus.RUNNING
I 03-17 23:22:23 utils.py:140] ==================================
I 03-17 23:22:43 utils.py:131] === Checking the job status... ===
I 03-17 23:22:44 utils.py:137] Job status: JobStatus.RUNNING
I 03-17 23:22:44 utils.py:140] ==================================
I 03-17 23:23:04 utils.py:131] === Checking the job status... ===
I 03-17 23:23:05 utils.py:137] Job status: JobStatus.RUNNING
I 03-17 23:23:05 utils.py:140] ==================================
I 03-17 23:23:25 utils.py:131] === Checking the job status... ===
I 03-17 23:23:26 utils.py:137] Job status: JobStatus.RUNNING
I 03-17 23:23:26 utils.py:140] ==================================
I 03-17 23:23:46 utils.py:131] === Checking the job status... ===
I 03-17 23:23:47 utils.py:137] Job status: JobStatus.RUNNING
I 03-17 23:23:47 utils.py:140] ==================================
I 03-17 23:24:07 utils.py:131] === Checking the job status... ===
I 03-17 23:24:08 utils.py:137] Job status: JobStatus.RUNNING
I 03-17 23:24:08 utils.py:140] ==================================
I 03-17 23:24:29 utils.py:131] === Checking the job status... ===
I 03-17 23:24:30 utils.py:137] Job status: JobStatus.RUNNING
I 03-17 23:24:30 utils.py:140] ==================================
I 03-17 23:24:50 utils.py:131] === Checking the job status... ===
I 03-17 23:24:51 utils.py:137] Job status: JobStatus.RUNNING
I 03-17 23:24:51 utils.py:140] ==================================
I 03-17 23:25:11 utils.py:131] === Checking the job status... ===
I 03-17 23:25:12 utils.py:137] Job status: JobStatus.RUNNING
I 03-17 23:25:12 utils.py:140] ==================================
I 03-17 23:25:32 utils.py:131] === Checking the job status... ===
I 03-17 23:25:33 utils.py:137] Job status: JobStatus.RUNNING
I 03-17 23:25:33 utils.py:140] ==================================
I 03-17 23:25:53 utils.py:131] === Checking the job status... ===
I 03-17 23:25:54 utils.py:137] Job status: JobStatus.RUNNING
I 03-17 23:25:54 utils.py:140] ==================================
I 03-17 23:26:14 utils.py:131] === Checking the job status... ===
I 03-17 23:26:15 utils.py:137] Job status: JobStatus.RUNNING
I 03-17 23:26:15 utils.py:140] ==================================
I 03-17 23:26:35 utils.py:131] === Checking the job status... ===
I 03-17 23:26:36 utils.py:137] Job status: JobStatus.RUNNING
I 03-17 23:26:36 utils.py:140] ==================================
I 03-17 23:26:56 utils.py:131] === Checking the job status... ===
I 03-17 23:26:57 utils.py:137] Job status: JobStatus.RUNNING
I 03-17 23:26:57 utils.py:140] ==================================
I 03-17 23:27:17 utils.py:131] === Checking the job status... ===
I 03-17 23:27:18 utils.py:137] Job status: JobStatus.RUNNING
I 03-17 23:27:18 utils.py:140] ==================================
I 03-17 23:27:39 utils.py:131] === Checking the job status... ===
I 03-17 23:27:40 utils.py:137] Job status: JobStatus.RUNNING
I 03-17 23:27:40 utils.py:140] ==================================
I 03-17 23:28:00 utils.py:131] === Checking the job status... ===
I 03-17 23:28:01 utils.py:137] Job status: JobStatus.RUNNING
I 03-17 23:28:01 utils.py:140] ==================================
I 03-17 23:28:21 utils.py:131] === Checking the job status... ===
I 03-17 23:28:22 utils.py:137] Job status: JobStatus.RUNNING
I 03-17 23:28:22 utils.py:140] ==================================
I 03-17 23:28:42 utils.py:131] === Checking the job status... ===
I 03-17 23:28:43 utils.py:137] Job status: JobStatus.RUNNING
I 03-17 23:28:43 utils.py:140] ==================================
I 03-17 23:29:03 utils.py:131] === Checking the job status... ===
I 03-17 23:29:04 utils.py:137] Job status: JobStatus.RUNNING
I 03-17 23:29:04 utils.py:140] ==================================
I 03-17 23:29:24 utils.py:131] === Checking the job status... ===
I 03-17 23:29:25 utils.py:137] Job status: JobStatus.RUNNING
I 03-17 23:29:25 utils.py:140] ==================================
I 03-17 23:29:45 utils.py:131] === Checking the job status... ===
I 03-17 23:29:46 utils.py:137] Job status: JobStatus.RUNNING
I 03-17 23:29:46 utils.py:140] ==================================
I 03-17 23:30:06 utils.py:131] === Checking the job status... ===
I 03-17 23:30:07 utils.py:137] Job status: JobStatus.RUNNING
I 03-17 23:30:07 utils.py:140] ==================================
I 03-17 23:30:27 utils.py:131] === Checking the job status... ===
I 03-17 23:30:28 utils.py:137] Job status: JobStatus.RUNNING
I 03-17 23:30:28 utils.py:140] ==================================
I 03-17 23:30:49 utils.py:131] === Checking the job status... ===
I 03-17 23:30:50 utils.py:137] Job status: JobStatus.RUNNING
I 03-17 23:30:50 utils.py:140] ==================================
I 03-17 23:31:10 utils.py:131] === Checking the job status... ===
I 03-17 23:31:11 utils.py:137] Job status: JobStatus.RUNNING
I 03-17 23:31:11 utils.py:140] ==================================
I 03-17 23:31:31 utils.py:131] === Checking the job status... ===
I 03-17 23:31:32 utils.py:137] Job status: JobStatus.RUNNING
I 03-17 23:31:32 utils.py:140] ==================================
I 03-17 23:31:52 utils.py:131] === Checking the job status... ===
I 03-17 23:31:53 utils.py:137] Job status: JobStatus.RUNNING
I 03-17 23:31:53 utils.py:140] ==================================
I 03-17 23:32:13 utils.py:131] === Checking the job status... ===
I 03-17 23:32:14 utils.py:137] Job status: JobStatus.RUNNING
I 03-17 23:32:14 utils.py:140] ==================================
I 03-17 23:32:34 utils.py:131] === Checking the job status... ===
I 03-17 23:32:35 utils.py:137] Job status: JobStatus.RUNNING
I 03-17 23:32:35 utils.py:140] ==================================
I 03-17 23:32:55 utils.py:131] === Checking the job status... ===
I 03-17 23:32:56 utils.py:137] Job status: JobStatus.RUNNING
I 03-17 23:32:56 utils.py:140] ==================================
I 03-17 23:33:16 utils.py:131] === Checking the job status... ===
I 03-17 23:33:18 utils.py:137] Job status: JobStatus.RUNNING
I 03-17 23:33:18 utils.py:140] ==================================
I 03-17 23:33:38 utils.py:131] === Checking the job status... ===
I 03-17 23:33:39 utils.py:137] Job status: JobStatus.RUNNING
I 03-17 23:33:39 utils.py:140] ==================================
I 03-17 23:33:59 utils.py:131] === Checking the job status... ===
I 03-17 23:34:00 utils.py:137] Job status: JobStatus.RUNNING
I 03-17 23:34:00 utils.py:140] ==================================
I 03-17 23:34:20 utils.py:131] === Checking the job status... ===
I 03-17 23:34:21 utils.py:137] Job status: JobStatus.RUNNING
I 03-17 23:34:21 utils.py:140] ==================================
I 03-17 23:34:41 utils.py:131] === Checking the job status... ===
I 03-17 23:34:42 utils.py:137] Job status: JobStatus.RUNNING
I 03-17 23:34:42 utils.py:140] ==================================
I 03-17 23:35:02 utils.py:131] === Checking the job status... ===
I 03-17 23:35:03 utils.py:137] Job status: JobStatus.RUNNING
I 03-17 23:35:03 utils.py:140] ==================================
I 03-17 23:35:23 utils.py:131] === Checking the job status... ===
I 03-17 23:35:24 utils.py:137] Job status: JobStatus.RUNNING
I 03-17 23:35:24 utils.py:140] ==================================
I 03-17 23:35:45 utils.py:131] === Checking the job status... ===
I 03-17 23:35:46 utils.py:137] Job status: JobStatus.RUNNING
I 03-17 23:35:46 utils.py:140] ==================================
I 03-17 23:36:06 utils.py:131] === Checking the job status... ===
I 03-17 23:36:07 utils.py:137] Job status: JobStatus.RUNNING
I 03-17 23:36:07 utils.py:140] ==================================
I 03-17 23:36:27 utils.py:131] === Checking the job status... ===
I 03-17 23:36:28 utils.py:137] Job status: JobStatus.RUNNING
I 03-17 23:36:28 utils.py:140] ==================================
I 03-17 23:36:48 utils.py:131] === Checking the job status... ===
I 03-17 23:36:49 utils.py:137] Job status: JobStatus.RUNNING
I 03-17 23:36:49 utils.py:140] ==================================
I 03-17 23:37:09 utils.py:131] === Checking the job status... ===
I 03-17 23:37:10 utils.py:137] Job status: JobStatus.RUNNING
I 03-17 23:37:10 utils.py:140] ==================================
I 03-17 23:37:30 utils.py:131] === Checking the job status... ===
I 03-17 23:37:31 utils.py:137] Job status: JobStatus.RUNNING
I 03-17 23:37:31 utils.py:140] ==================================
I 03-17 23:37:51 utils.py:131] === Checking the job status... ===
I 03-17 23:37:52 utils.py:137] Job status: JobStatus.RUNNING
I 03-17 23:37:52 utils.py:140] ==================================
I 03-17 23:38:12 utils.py:131] === Checking the job status... ===
I 03-17 23:38:13 utils.py:137] Job status: JobStatus.RUNNING
I 03-17 23:38:13 utils.py:140] ==================================
I 03-17 23:38:33 utils.py:131] === Checking the job status... ===
I 03-17 23:38:34 utils.py:137] Job status: JobStatus.RUNNING
I 03-17 23:38:34 utils.py:140] ==================================
I 03-17 23:38:55 utils.py:131] === Checking the job status... ===
I 03-17 23:38:56 utils.py:137] Job status: JobStatus.RUNNING
I 03-17 23:38:56 utils.py:140] ==================================
I 03-17 23:39:16 utils.py:131] === Checking the job status... ===
I 03-17 23:39:17 utils.py:137] Job status: JobStatus.RUNNING
I 03-17 23:39:17 utils.py:140] ==================================
I 03-17 23:39:37 utils.py:131] === Checking the job status... ===
I 03-17 23:39:38 utils.py:137] Job status: JobStatus.RUNNING
I 03-17 23:39:38 utils.py:140] ==================================
I 03-17 23:39:58 utils.py:131] === Checking the job status... ===
I 03-17 23:39:59 utils.py:137] Job status: JobStatus.RUNNING
I 03-17 23:39:59 utils.py:140] ==================================
I 03-17 23:40:19 utils.py:131] === Checking the job status... ===
I 03-17 23:40:20 utils.py:137] Job status: JobStatus.RUNNING
I 03-17 23:40:20 utils.py:140] ==================================
I 03-17 23:40:40 utils.py:131] === Checking the job status... ===
I 03-17 23:40:41 utils.py:137] Job status: JobStatus.RUNNING
I 03-17 23:40:41 utils.py:140] ==================================
I 03-17 23:41:01 utils.py:131] === Checking the job status... ===
I 03-17 23:41:02 utils.py:137] Job status: JobStatus.RUNNING
I 03-17 23:41:02 utils.py:140] ==================================
I 03-17 23:41:22 utils.py:131] === Checking the job status... ===
I 03-17 23:41:23 utils.py:137] Job status: JobStatus.RUNNING
I 03-17 23:41:23 utils.py:140] ==================================
I 03-17 23:41:43 utils.py:131] === Checking the job status... ===
I 03-17 23:41:44 utils.py:137] Job status: JobStatus.RUNNING
I 03-17 23:41:44 utils.py:140] ==================================
I 03-17 23:42:05 utils.py:131] === Checking the job status... ===
I 03-17 23:42:06 utils.py:137] Job status: JobStatus.RUNNING
I 03-17 23:42:06 utils.py:140] ==================================
I 03-17 23:42:26 utils.py:131] === Checking the job status... ===
I 03-17 23:42:27 utils.py:137] Job status: JobStatus.RUNNING
I 03-17 23:42:27 utils.py:140] ==================================
I 03-17 23:42:47 utils.py:131] === Checking the job status... ===
I 03-17 23:42:48 utils.py:137] Job status: JobStatus.RUNNING
I 03-17 23:42:48 utils.py:140] ==================================
I 03-17 23:43:08 utils.py:131] === Checking the job status... ===
I 03-17 23:43:09 utils.py:137] Job status: JobStatus.RUNNING
I 03-17 23:43:09 utils.py:140] ==================================
I 03-17 23:43:29 utils.py:131] === Checking the job status... ===
I 03-17 23:43:30 utils.py:137] Job status: JobStatus.RUNNING
I 03-17 23:43:30 utils.py:140] ==================================
I 03-17 23:43:50 utils.py:131] === Checking the job status... ===
I 03-17 23:43:51 utils.py:137] Job status: JobStatus.RUNNING
I 03-17 23:43:51 utils.py:140] ==================================
I 03-17 23:44:11 utils.py:131] === Checking the job status... ===
I 03-17 23:44:12 utils.py:137] Job status: JobStatus.RUNNING
I 03-17 23:44:12 utils.py:140] ==================================
I 03-17 23:44:32 utils.py:131] === Checking the job status... ===
I 03-17 23:44:33 utils.py:137] Job status: JobStatus.RUNNING
I 03-17 23:44:33 utils.py:140] ==================================
I 03-17 23:44:53 utils.py:131] === Checking the job status... ===
I 03-17 23:44:54 utils.py:137] Job status: JobStatus.RUNNING
I 03-17 23:44:54 utils.py:140] ==================================
I 03-17 23:45:15 utils.py:131] === Checking the job status... ===
I 03-17 23:45:16 utils.py:137] Job status: JobStatus.RUNNING
I 03-17 23:45:16 utils.py:140] ==================================
I 03-17 23:45:36 utils.py:131] === Checking the job status... ===
I 03-17 23:45:37 utils.py:137] Job status: JobStatus.RUNNING
I 03-17 23:45:37 utils.py:140] ==================================
I 03-17 23:45:57 utils.py:131] === Checking the job status... ===
I 03-17 23:45:58 utils.py:137] Job status: JobStatus.RUNNING
I 03-17 23:45:58 utils.py:140] ==================================
I 03-17 23:46:18 utils.py:131] === Checking the job status... ===
I 03-17 23:46:19 utils.py:137] Job status: JobStatus.RUNNING
I 03-17 23:46:19 utils.py:140] ==================================
