I 03-17 21:16:05 controller.py:59] DAG:
I 03-17 21:16:05 controller.py:59] [Task<name=compute-text-vectors>(run='# Initialize and dow...')
I 03-17 21:16:05 controller.py:59]   resources: {AWS([Spot], cpus=4, {'L4': 1}), AWS(cpus=4, {'L4': 1})}]
I 03-17 21:16:05 controller.py:195] Submitted managed job 43 (task: 0, name: 'compute-text-vectors'); SKYPILOT_TASK_ID: sky-managed-2025-03-17-21-16-05-028287_compute-text-vectors_43-0
I 03-17 21:16:05 controller.py:199] Started monitoring.
I 03-17 21:16:05 state.py:451] Launching the spot cluster...
I 03-17 21:16:06 storage.py:1058] Storage type StoreType.S3 already exists.
<sky-payload>"<rich_init>[bold cyan]Optimizing[/]</rich_init>"</sky-payload>
<sky-payload>"<rich_update>[bold cyan]Optimizing[/]</rich_update>"</sky-payload>
<sky-payload>"<rich_start>[bold cyan]Optimizing[/]</rich_start>"</sky-payload>
I 03-17 21:16:06 optimizer.py:736] [1mTarget:[0m minimizing cost
I 03-17 21:16:06 optimizer.py:749] [1mEstimated cost: [0m$0.2 / hour
I 03-17 21:16:06 optimizer.py:749] 
I 03-17 21:16:06 optimizer.py:884] Considered resources (1 node):
I 03-17 21:16:06 optimizer.py:952] ----------------------------------------------------------------------------------------------
I 03-17 21:16:06 optimizer.py:952]  CLOUD   INSTANCE          vCPUs   Mem(GB)   ACCELERATORS   REGION/ZONE   COST ($)   CHOSEN   
I 03-17 21:16:06 optimizer.py:952] ----------------------------------------------------------------------------------------------
I 03-17 21:16:06 optimizer.py:952]  AWS     g6.xlarge[Spot]   4       16        L4:1           ap-south-1b   0.22       [32m   ✔[0m     
I 03-17 21:16:06 optimizer.py:952]  AWS     g6.xlarge         4       16        L4:1           us-east-1     0.80                
I 03-17 21:16:06 optimizer.py:952] ----------------------------------------------------------------------------------------------
<sky-payload>"<rich_exit></rich_exit>"</sky-payload>
<sky-payload>"<rich_init>[bold cyan]Launching[/]</rich_init>"</sky-payload>
<sky-payload>"<rich_update>[bold cyan]Launching[/]</rich_update>"</sky-payload>
<sky-payload>"<rich_start>[bold cyan]Launching[/]</rich_start>"</sky-payload>
<sky-payload>"<rich_update>[bold cyan]Launching[/]  \u001b[2mView logs: sky api logs -l sky-2025-03-17-21-16-06-285770/provision.log\u001b[0m</rich_update>"</sky-payload>
<sky-payload>"<rich_update>[bold cyan]Launching[/]  \u001b[2mView logs: sky api logs -l sky-2025-03-17-21-16-06-285770/provision.log\u001b[0m</rich_update>"</sky-payload>
I 03-17 21:16:07 cloud_vm_ray_backend.py:1520] [0m⚙︎ Launching on AWS ap-south-1[0m (ap-south-1b).
[2mW 03-17 21:17:09 instance.py:243] create_instances: Attempt failed with An error occurred (MaxSpotInstanceCountExceeded) when calling the RunInstances operation: Max spot instance count exceeded[0m
W 03-17 21:17:10 cloud_vm_ray_backend.py:2061] sky.exceptions.ResourcesUnavailableError: Failed to acquire resources in ap-south-1b for {AWS([Spot], cpus=4, {'L4': 1}), AWS(cpus=4, {'L4': 1})}. 
W 03-17 21:17:10 cloud_vm_ray_backend.py:2097] 
W 03-17 21:17:10 cloud_vm_ray_backend.py:2097] [0m[33m↺[0m Trying other potential resources.
<sky-payload>"<rich_update>[bold cyan]Looking for resources[/]  \u001b[2mView logs: sky api logs -l sky-2025-03-17-21-16-06-285770/provision.log\u001b[0m</rich_update>"</sky-payload>
<sky-payload>"<rich_update>[bold cyan]Optimizing[/]</rich_update>"</sky-payload>
<sky-payload>"<rich_start>[bold cyan]Launching[/]</rich_start>"</sky-payload>
I 03-17 21:17:10 optimizer.py:736] [1mTarget:[0m minimizing cost
I 03-17 21:17:10 optimizer.py:749] [1mEstimated cost: [0m$0.2 / hour
I 03-17 21:17:10 optimizer.py:749] 
I 03-17 21:17:10 optimizer.py:884] Considered resources (1 node):
I 03-17 21:17:10 optimizer.py:952] ----------------------------------------------------------------------------------------------
I 03-17 21:17:10 optimizer.py:952]  CLOUD   INSTANCE          vCPUs   Mem(GB)   ACCELERATORS   REGION/ZONE   COST ($)   CHOSEN   
I 03-17 21:17:10 optimizer.py:952] ----------------------------------------------------------------------------------------------
I 03-17 21:17:10 optimizer.py:952]  AWS     g6.xlarge[Spot]   4       16        L4:1           ap-south-1a   0.25       [32m   ✔[0m     
I 03-17 21:17:10 optimizer.py:952]  AWS     g6.xlarge         4       16        L4:1           us-east-1     0.80                
I 03-17 21:17:10 optimizer.py:952] ----------------------------------------------------------------------------------------------
<sky-payload>"<rich_update>[bold cyan]Looking for resources[/]  \u001b[2mView logs: sky api logs -l sky-2025-03-17-21-16-06-285770/provision.log\u001b[0m</rich_update>"</sky-payload>
<sky-payload>"<rich_update>[bold cyan]Launching[/]  \u001b[2mView logs: sky api logs -l sky-2025-03-17-21-16-06-285770/provision.log\u001b[0m</rich_update>"</sky-payload>
I 03-17 21:17:10 cloud_vm_ray_backend.py:1520] [0m⚙︎ Launching on AWS ap-south-1[0m (ap-south-1a).
[2mW 03-17 21:21:10 instance.py:243] create_instances: Attempt failed with An error occurred (MaxSpotInstanceCountExceeded) when calling the RunInstances operation: Max spot instance count exceeded[0m
W 03-17 21:21:11 cloud_vm_ray_backend.py:2061] sky.exceptions.ResourcesUnavailableError: Failed to acquire resources in ap-south-1a for {AWS([Spot], cpus=4, {'L4': 1}), AWS(cpus=4, {'L4': 1})}. 
W 03-17 21:21:11 cloud_vm_ray_backend.py:2097] 
W 03-17 21:21:11 cloud_vm_ray_backend.py:2097] [0m[33m↺[0m Trying other potential resources.
<sky-payload>"<rich_update>[bold cyan]Looking for resources[/]  \u001b[2mView logs: sky api logs -l sky-2025-03-17-21-16-06-285770/provision.log\u001b[0m</rich_update>"</sky-payload>
<sky-payload>"<rich_update>[bold cyan]Optimizing[/]</rich_update>"</sky-payload>
<sky-payload>"<rich_start>[bold cyan]Launching[/]</rich_start>"</sky-payload>
I 03-17 21:21:11 optimizer.py:736] [1mTarget:[0m minimizing cost
I 03-17 21:21:11 optimizer.py:749] [1mEstimated cost: [0m$0.3 / hour
I 03-17 21:21:11 optimizer.py:749] 
I 03-17 21:21:11 optimizer.py:884] Considered resources (1 node):
I 03-17 21:21:11 optimizer.py:952] --------------------------------------------------------------------------------------------------
I 03-17 21:21:11 optimizer.py:952]  CLOUD   INSTANCE          vCPUs   Mem(GB)   ACCELERATORS   REGION/ZONE       COST ($)   CHOSEN   
I 03-17 21:21:11 optimizer.py:952] --------------------------------------------------------------------------------------------------
I 03-17 21:21:11 optimizer.py:952]  AWS     g6.xlarge[Spot]   4       16        L4:1           ap-northeast-2d   0.25       [32m   ✔[0m     
I 03-17 21:21:11 optimizer.py:952]  AWS     g6.xlarge         4       16        L4:1           us-east-1         0.80                
I 03-17 21:21:11 optimizer.py:952] --------------------------------------------------------------------------------------------------
<sky-payload>"<rich_update>[bold cyan]Looking for resources[/]  \u001b[2mView logs: sky api logs -l sky-2025-03-17-21-16-06-285770/provision.log\u001b[0m</rich_update>"</sky-payload>
<sky-payload>"<rich_update>[bold cyan]Launching[/]  \u001b[2mView logs: sky api logs -l sky-2025-03-17-21-16-06-285770/provision.log\u001b[0m</rich_update>"</sky-payload>
I 03-17 21:21:11 cloud_vm_ray_backend.py:1520] [0m⚙︎ Launching on AWS ap-northeast-2[0m (ap-northeast-2d).
<sky-payload>"<rich_update>[bold cyan]Launching - Checking instance status[/]  \u001b[2mView logs: sky api logs -l sky-2025-03-17-21-16-06-285770/provision.log\u001b[0m</rich_update>"</sky-payload>
<sky-payload>"<rich_update>[bold cyan]Launching - Waiting for SSH access[/]  \u001b[2mView logs: sky api logs -l sky-2025-03-17-21-16-06-285770/provision.log\u001b[0m</rich_update>"</sky-payload>
<sky-payload>"<rich_start>[bold cyan]Launching[/]</rich_start>"</sky-payload>
I 03-17 21:21:42 provisioner.py:451] [2m└── [0m[2mInstance is up.[0m
<sky-payload>"<rich_update>[bold cyan]Preparing SkyPilot runtime (1/3 - initializing)[/]  \u001b[2mView logs: sky api logs -l sky-2025-03-17-21-16-06-285770/provision.log\u001b[0m</rich_update>"</sky-payload>
<sky-payload>"<rich_update>[bold cyan]Preparing SkyPilot runtime (2/3 - dependencies)[/]  \u001b[2mView logs: sky api logs -l sky-2025-03-17-21-16-06-285770/provision.log\u001b[0m</rich_update>"</sky-payload>
<sky-payload>"<rich_update>[bold cyan]Preparing SkyPilot runtime (3/3 - runtime)[/]  \u001b[2mView logs: sky api logs -l sky-2025-03-17-21-16-06-285770/provision.log\u001b[0m</rich_update>"</sky-payload>
<sky-payload>"<rich_update>[bold cyan]Launching - Checking instance status[/]  \u001b[2mView logs: sky api logs -l sky-2025-03-17-21-16-06-285770/provision.log\u001b[0m</rich_update>"</sky-payload>
I 03-17 21:22:11 provisioner.py:632] [0m[32m✓ Cluster launched: compute-text-vectors-43.[0m  [2mView logs: sky api logs -l sky-2025-03-17-21-16-06-285770/provision.log[0m
<sky-payload>"<rich_exit></rich_exit>"</sky-payload>
I 03-17 21:22:11 execution.py:332] [0m⚙︎ Syncing files.
<sky-payload>"<rich_init>[bold cyan]Syncing files[/]</rich_init>"</sky-payload>
<sky-payload>"<rich_update>[bold cyan]Syncing files[/]</rich_update>"</sky-payload>
<sky-payload>"<rich_start>[bold cyan]Syncing files[/]</rich_start>"</sky-payload>
<sky-payload>"<rich_update>[bold cyan]Syncing file mounts[/]  \u001b[2mView logs: sky api logs -l sky-2025-03-17-21-16-06-285770/file_mounts.log\u001b[0m</rich_update>"</sky-payload>
I 03-17 21:22:11 backend_utils.py:1315]   [2mSyncing (to 1 node): s3://skypilot-filemounts-root-726f1974-dt2lhwwr/job-dt2lhwwr/workdir -> ~/sky_workdir[0m
I 03-17 21:22:15 cloud_vm_ray_backend.py:4801] [0m[32m✓ Synced file_mounts.[0m  [2mView logs: sky api logs -l sky-2025-03-17-21-16-06-285770/file_mounts.log[0m
<sky-payload>"<rich_update>[bold cyan]Mounting 1 storage[/]  \u001b[2mView logs: sky api logs -l sky-2025-03-17-21-16-06-285770/storage_mounts.log\u001b[0m</rich_update>"</sky-payload>
I 03-17 21:22:15 backend_utils.py:1315]   [2mMounting (to 1 node): s3://sky-text-embeddings-multi-cluster-final-2 -> /output[0m
I 03-17 21:22:19 cloud_vm_ray_backend.py:4892] [0m[32m✓ Storage mounted.[0m  [2mView logs: sky api logs -l sky-2025-03-17-21-16-06-285770/storage_mounts.log[0m
<sky-payload>"<rich_exit></rich_exit>"</sky-payload>
<sky-payload>"<rich_init>[bold cyan]Running setup[/]</rich_init>"</sky-payload>
<sky-payload>"<rich_update>[bold cyan]Running setup[/]</rich_update>"</sky-payload>
<sky-payload>"<rich_start>[bold cyan]Running setup[/]</rich_start>"</sky-payload>
<sky-payload>"<rich_stop></rich_stop>"</sky-payload>
I 03-17 21:22:22 cloud_vm_ray_backend.py:3357] [0m[32m✓ Setup detached.[0m
<sky-payload>"<rich_exit></rich_exit>"</sky-payload>
<sky-payload>"<rich_init>[bold cyan]Submitting job[/]</rich_init>"</sky-payload>
<sky-payload>"<rich_update>[bold cyan]Submitting job[/]</rich_update>"</sky-payload>
<sky-payload>"<rich_start>[bold cyan]Submitting job[/]</rich_start>"</sky-payload>
I 03-17 21:22:23 cloud_vm_ray_backend.py:3546] Multiple resources are specified for the task, using: AWS([Spot], cpus=4, {'L4': 1})
I 03-17 21:22:25 cloud_vm_ray_backend.py:3460] [0m⚙︎ Job submitted, ID: 1
<sky-payload>"<rich_stop></rich_stop>"</sky-payload>
<sky-payload>"<rich_exit></rich_exit>"</sky-payload>

[?25hI 03-17 21:22:25 recovery_strategy.py:289] Managed job cluster launched.
I 03-17 21:22:29 utils.py:131] === Checking the job status... ===
I 03-17 21:22:30 utils.py:137] Job status: JobStatus.SETTING_UP
I 03-17 21:22:30 utils.py:140] ==================================
I 03-17 21:22:31 state.py:471] Job started.
I 03-17 21:22:51 utils.py:131] === Checking the job status... ===
I 03-17 21:22:52 utils.py:137] Job status: JobStatus.SETTING_UP
I 03-17 21:22:52 utils.py:140] ==================================
I 03-17 21:23:12 utils.py:131] === Checking the job status... ===
I 03-17 21:23:13 utils.py:137] Job status: JobStatus.SETTING_UP
I 03-17 21:23:13 utils.py:140] ==================================
I 03-17 21:23:33 utils.py:131] === Checking the job status... ===
I 03-17 21:23:34 utils.py:137] Job status: JobStatus.SETTING_UP
I 03-17 21:23:34 utils.py:140] ==================================
I 03-17 21:23:55 utils.py:131] === Checking the job status... ===
I 03-17 21:23:56 utils.py:137] Job status: JobStatus.SETTING_UP
I 03-17 21:23:56 utils.py:140] ==================================
I 03-17 21:24:16 utils.py:131] === Checking the job status... ===
I 03-17 21:24:17 utils.py:137] Job status: JobStatus.SETTING_UP
I 03-17 21:24:17 utils.py:140] ==================================
I 03-17 21:24:37 utils.py:131] === Checking the job status... ===
I 03-17 21:24:38 utils.py:137] Job status: JobStatus.RUNNING
I 03-17 21:24:38 utils.py:140] ==================================
I 03-17 21:24:58 utils.py:131] === Checking the job status... ===
I 03-17 21:25:00 utils.py:137] Job status: JobStatus.RUNNING
I 03-17 21:25:00 utils.py:140] ==================================
I 03-17 21:25:20 utils.py:131] === Checking the job status... ===
I 03-17 21:25:22 utils.py:137] Job status: JobStatus.RUNNING
I 03-17 21:25:22 utils.py:140] ==================================
I 03-17 21:25:42 utils.py:131] === Checking the job status... ===
I 03-17 21:25:44 utils.py:137] Job status: JobStatus.RUNNING
I 03-17 21:25:44 utils.py:140] ==================================
I 03-17 21:26:04 utils.py:131] === Checking the job status... ===
I 03-17 21:26:05 utils.py:137] Job status: JobStatus.RUNNING
I 03-17 21:26:05 utils.py:140] ==================================
I 03-17 21:26:25 utils.py:131] === Checking the job status... ===
I 03-17 21:26:26 utils.py:137] Job status: JobStatus.RUNNING
I 03-17 21:26:26 utils.py:140] ==================================
I 03-17 21:26:47 utils.py:131] === Checking the job status... ===
I 03-17 21:26:48 utils.py:137] Job status: JobStatus.RUNNING
I 03-17 21:26:48 utils.py:140] ==================================
I 03-17 21:27:08 utils.py:131] === Checking the job status... ===
I 03-17 21:27:09 utils.py:137] Job status: JobStatus.RUNNING
I 03-17 21:27:09 utils.py:140] ==================================
I 03-17 21:27:29 utils.py:131] === Checking the job status... ===
I 03-17 21:27:30 utils.py:137] Job status: JobStatus.RUNNING
I 03-17 21:27:30 utils.py:140] ==================================
I 03-17 21:27:50 utils.py:131] === Checking the job status... ===
I 03-17 21:27:51 utils.py:137] Job status: JobStatus.RUNNING
I 03-17 21:27:51 utils.py:140] ==================================
I 03-17 21:28:11 utils.py:131] === Checking the job status... ===
I 03-17 21:28:12 utils.py:137] Job status: JobStatus.RUNNING
I 03-17 21:28:12 utils.py:140] ==================================
I 03-17 21:28:32 utils.py:131] === Checking the job status... ===
I 03-17 21:28:36 utils.py:137] Job status: JobStatus.RUNNING
I 03-17 21:28:36 utils.py:140] ==================================
I 03-17 21:28:56 utils.py:131] === Checking the job status... ===
I 03-17 21:29:00 utils.py:137] Job status: JobStatus.RUNNING
I 03-17 21:29:00 utils.py:140] ==================================
I 03-17 21:29:20 utils.py:131] === Checking the job status... ===
I 03-17 21:29:21 utils.py:137] Job status: JobStatus.RUNNING
I 03-17 21:29:21 utils.py:140] ==================================
I 03-17 21:29:42 utils.py:131] === Checking the job status... ===
I 03-17 21:29:42 utils.py:137] Job status: JobStatus.RUNNING
I 03-17 21:29:42 utils.py:140] ==================================
I 03-17 21:30:03 utils.py:131] === Checking the job status... ===
I 03-17 21:30:04 utils.py:137] Job status: JobStatus.RUNNING
I 03-17 21:30:04 utils.py:140] ==================================
I 03-17 21:30:24 utils.py:131] === Checking the job status... ===
I 03-17 21:30:25 utils.py:137] Job status: JobStatus.RUNNING
I 03-17 21:30:25 utils.py:140] ==================================
I 03-17 21:30:45 utils.py:131] === Checking the job status... ===
I 03-17 21:30:46 utils.py:137] Job status: JobStatus.RUNNING
I 03-17 21:30:46 utils.py:140] ==================================
I 03-17 21:31:06 utils.py:131] === Checking the job status... ===
I 03-17 21:31:07 utils.py:137] Job status: JobStatus.RUNNING
I 03-17 21:31:07 utils.py:140] ==================================
I 03-17 21:31:27 utils.py:131] === Checking the job status... ===
I 03-17 21:31:28 utils.py:137] Job status: JobStatus.RUNNING
I 03-17 21:31:28 utils.py:140] ==================================
I 03-17 21:31:48 utils.py:131] === Checking the job status... ===
I 03-17 21:31:49 utils.py:137] Job status: JobStatus.RUNNING
I 03-17 21:31:49 utils.py:140] ==================================
I 03-17 21:32:09 utils.py:131] === Checking the job status... ===
I 03-17 21:32:10 utils.py:137] Job status: JobStatus.RUNNING
I 03-17 21:32:10 utils.py:140] ==================================
I 03-17 21:32:30 utils.py:131] === Checking the job status... ===
I 03-17 21:32:31 utils.py:137] Job status: JobStatus.RUNNING
I 03-17 21:32:31 utils.py:140] ==================================
I 03-17 21:32:51 utils.py:131] === Checking the job status... ===
I 03-17 21:32:52 utils.py:137] Job status: JobStatus.RUNNING
I 03-17 21:32:52 utils.py:140] ==================================
I 03-17 21:33:12 utils.py:131] === Checking the job status... ===
I 03-17 21:33:13 utils.py:137] Job status: JobStatus.RUNNING
I 03-17 21:33:13 utils.py:140] ==================================
I 03-17 21:33:33 utils.py:131] === Checking the job status... ===
I 03-17 21:33:34 utils.py:137] Job status: JobStatus.RUNNING
I 03-17 21:33:34 utils.py:140] ==================================
I 03-17 21:33:55 utils.py:131] === Checking the job status... ===
I 03-17 21:33:55 utils.py:137] Job status: JobStatus.RUNNING
I 03-17 21:33:55 utils.py:140] ==================================
I 03-17 21:34:16 utils.py:131] === Checking the job status... ===
I 03-17 21:34:17 utils.py:137] Job status: JobStatus.RUNNING
I 03-17 21:34:17 utils.py:140] ==================================
I 03-17 21:34:37 utils.py:131] === Checking the job status... ===
I 03-17 21:34:38 utils.py:137] Job status: JobStatus.RUNNING
I 03-17 21:34:38 utils.py:140] ==================================
I 03-17 21:34:58 utils.py:131] === Checking the job status... ===
I 03-17 21:34:59 utils.py:137] Job status: JobStatus.RUNNING
I 03-17 21:34:59 utils.py:140] ==================================
I 03-17 21:35:19 utils.py:131] === Checking the job status... ===
I 03-17 21:35:20 utils.py:137] Job status: JobStatus.RUNNING
I 03-17 21:35:20 utils.py:140] ==================================
I 03-17 21:35:40 utils.py:131] === Checking the job status... ===
I 03-17 21:35:41 utils.py:137] Job status: JobStatus.RUNNING
I 03-17 21:35:41 utils.py:140] ==================================
I 03-17 21:36:01 utils.py:131] === Checking the job status... ===
I 03-17 21:36:02 utils.py:137] Job status: JobStatus.RUNNING
I 03-17 21:36:02 utils.py:140] ==================================
I 03-17 21:36:22 utils.py:131] === Checking the job status... ===
I 03-17 21:36:23 utils.py:137] Job status: JobStatus.RUNNING
I 03-17 21:36:23 utils.py:140] ==================================
I 03-17 21:36:43 utils.py:131] === Checking the job status... ===
I 03-17 21:36:44 utils.py:137] Job status: JobStatus.RUNNING
I 03-17 21:36:44 utils.py:140] ==================================
I 03-17 21:37:04 utils.py:131] === Checking the job status... ===
I 03-17 21:37:05 utils.py:137] Job status: JobStatus.RUNNING
I 03-17 21:37:05 utils.py:140] ==================================
I 03-17 21:37:25 utils.py:131] === Checking the job status... ===
I 03-17 21:37:26 utils.py:137] Job status: JobStatus.RUNNING
I 03-17 21:37:26 utils.py:140] ==================================
I 03-17 21:37:46 utils.py:131] === Checking the job status... ===
I 03-17 21:37:47 utils.py:137] Job status: JobStatus.RUNNING
I 03-17 21:37:47 utils.py:140] ==================================
I 03-17 21:38:08 utils.py:131] === Checking the job status... ===
I 03-17 21:38:08 utils.py:137] Job status: JobStatus.RUNNING
I 03-17 21:38:08 utils.py:140] ==================================
I 03-17 21:38:29 utils.py:131] === Checking the job status... ===
I 03-17 21:38:30 utils.py:137] Job status: JobStatus.RUNNING
I 03-17 21:38:30 utils.py:140] ==================================
I 03-17 21:38:50 utils.py:131] === Checking the job status... ===
I 03-17 21:38:51 utils.py:137] Job status: JobStatus.RUNNING
I 03-17 21:38:51 utils.py:140] ==================================
I 03-17 21:39:11 utils.py:131] === Checking the job status... ===
I 03-17 21:39:12 utils.py:137] Job status: JobStatus.RUNNING
I 03-17 21:39:12 utils.py:140] ==================================
I 03-17 21:39:32 utils.py:131] === Checking the job status... ===
I 03-17 21:39:33 utils.py:137] Job status: JobStatus.RUNNING
I 03-17 21:39:33 utils.py:140] ==================================
I 03-17 21:39:53 utils.py:131] === Checking the job status... ===
I 03-17 21:39:54 utils.py:137] Job status: JobStatus.RUNNING
I 03-17 21:39:54 utils.py:140] ==================================
I 03-17 21:40:14 utils.py:131] === Checking the job status... ===
I 03-17 21:40:15 utils.py:137] Job status: JobStatus.RUNNING
I 03-17 21:40:15 utils.py:140] ==================================
I 03-17 21:40:35 utils.py:131] === Checking the job status... ===
I 03-17 21:40:36 utils.py:137] Job status: JobStatus.RUNNING
I 03-17 21:40:36 utils.py:140] ==================================
I 03-17 21:40:56 utils.py:131] === Checking the job status... ===
I 03-17 21:40:57 utils.py:137] Job status: JobStatus.RUNNING
I 03-17 21:40:57 utils.py:140] ==================================
I 03-17 21:41:17 utils.py:131] === Checking the job status... ===
I 03-17 21:41:18 utils.py:137] Job status: JobStatus.RUNNING
I 03-17 21:41:18 utils.py:140] ==================================
I 03-17 21:41:38 utils.py:131] === Checking the job status... ===
I 03-17 21:41:39 utils.py:137] Job status: JobStatus.RUNNING
I 03-17 21:41:39 utils.py:140] ==================================
I 03-17 21:42:00 utils.py:131] === Checking the job status... ===
I 03-17 21:42:00 utils.py:137] Job status: JobStatus.RUNNING
I 03-17 21:42:00 utils.py:140] ==================================
I 03-17 21:42:21 utils.py:131] === Checking the job status... ===
I 03-17 21:42:21 utils.py:137] Job status: JobStatus.RUNNING
I 03-17 21:42:21 utils.py:140] ==================================
I 03-17 21:42:42 utils.py:131] === Checking the job status... ===
I 03-17 21:42:43 utils.py:137] Job status: JobStatus.RUNNING
I 03-17 21:42:43 utils.py:140] ==================================
I 03-17 21:43:03 utils.py:131] === Checking the job status... ===
I 03-17 21:43:04 utils.py:137] Job status: JobStatus.RUNNING
I 03-17 21:43:04 utils.py:140] ==================================
I 03-17 21:43:24 utils.py:131] === Checking the job status... ===
I 03-17 21:43:25 utils.py:137] Job status: JobStatus.RUNNING
I 03-17 21:43:25 utils.py:140] ==================================
I 03-17 21:43:45 utils.py:131] === Checking the job status... ===
I 03-17 21:43:46 utils.py:137] Job status: JobStatus.RUNNING
I 03-17 21:43:46 utils.py:140] ==================================
I 03-17 21:44:06 utils.py:131] === Checking the job status... ===
I 03-17 21:44:07 utils.py:137] Job status: JobStatus.RUNNING
I 03-17 21:44:07 utils.py:140] ==================================
I 03-17 21:44:27 utils.py:131] === Checking the job status... ===
I 03-17 21:44:28 utils.py:137] Job status: JobStatus.RUNNING
I 03-17 21:44:28 utils.py:140] ==================================
I 03-17 21:44:48 utils.py:131] === Checking the job status... ===
I 03-17 21:44:49 utils.py:137] Job status: JobStatus.RUNNING
I 03-17 21:44:49 utils.py:140] ==================================
I 03-17 21:45:09 utils.py:131] === Checking the job status... ===
I 03-17 21:45:10 utils.py:137] Job status: JobStatus.RUNNING
I 03-17 21:45:10 utils.py:140] ==================================
I 03-17 21:45:30 utils.py:131] === Checking the job status... ===
I 03-17 21:45:31 utils.py:137] Job status: JobStatus.RUNNING
I 03-17 21:45:31 utils.py:140] ==================================
I 03-17 21:45:51 utils.py:131] === Checking the job status... ===
I 03-17 21:45:52 utils.py:137] Job status: JobStatus.RUNNING
I 03-17 21:45:52 utils.py:140] ==================================
I 03-17 21:46:12 utils.py:131] === Checking the job status... ===
I 03-17 21:46:13 utils.py:137] Job status: JobStatus.RUNNING
I 03-17 21:46:13 utils.py:140] ==================================
I 03-17 21:46:33 utils.py:131] === Checking the job status... ===
I 03-17 21:46:34 utils.py:137] Job status: JobStatus.RUNNING
I 03-17 21:46:34 utils.py:140] ==================================
I 03-17 21:46:55 utils.py:131] === Checking the job status... ===
I 03-17 21:46:55 utils.py:137] Job status: JobStatus.RUNNING
I 03-17 21:46:55 utils.py:140] ==================================
I 03-17 21:47:16 utils.py:131] === Checking the job status... ===
I 03-17 21:47:17 utils.py:137] Job status: JobStatus.RUNNING
I 03-17 21:47:17 utils.py:140] ==================================
I 03-17 21:47:37 utils.py:131] === Checking the job status... ===
I 03-17 21:47:38 utils.py:137] Job status: JobStatus.RUNNING
I 03-17 21:47:38 utils.py:140] ==================================
I 03-17 21:47:58 utils.py:131] === Checking the job status... ===
I 03-17 21:47:59 utils.py:137] Job status: JobStatus.RUNNING
I 03-17 21:47:59 utils.py:140] ==================================
I 03-17 21:48:19 utils.py:131] === Checking the job status... ===
I 03-17 21:48:20 utils.py:137] Job status: JobStatus.RUNNING
I 03-17 21:48:20 utils.py:140] ==================================
I 03-17 21:48:40 utils.py:131] === Checking the job status... ===
I 03-17 21:48:41 utils.py:137] Job status: JobStatus.RUNNING
I 03-17 21:48:41 utils.py:140] ==================================
I 03-17 21:49:01 utils.py:131] === Checking the job status... ===
I 03-17 21:49:02 utils.py:137] Job status: JobStatus.RUNNING
I 03-17 21:49:02 utils.py:140] ==================================
I 03-17 21:49:22 utils.py:131] === Checking the job status... ===
I 03-17 21:49:23 utils.py:137] Job status: JobStatus.RUNNING
I 03-17 21:49:23 utils.py:140] ==================================
I 03-17 21:49:43 utils.py:131] === Checking the job status... ===
I 03-17 21:49:44 utils.py:137] Job status: JobStatus.RUNNING
I 03-17 21:49:44 utils.py:140] ==================================
I 03-17 21:50:04 utils.py:131] === Checking the job status... ===
I 03-17 21:50:05 utils.py:137] Job status: JobStatus.RUNNING
I 03-17 21:50:05 utils.py:140] ==================================
I 03-17 21:50:25 utils.py:131] === Checking the job status... ===
I 03-17 21:50:26 utils.py:137] Job status: JobStatus.RUNNING
I 03-17 21:50:26 utils.py:140] ==================================
I 03-17 21:50:46 utils.py:131] === Checking the job status... ===
I 03-17 21:50:47 utils.py:137] Job status: JobStatus.RUNNING
I 03-17 21:50:47 utils.py:140] ==================================
I 03-17 21:51:07 utils.py:131] === Checking the job status... ===
I 03-17 21:51:08 utils.py:137] Job status: JobStatus.RUNNING
I 03-17 21:51:08 utils.py:140] ==================================
I 03-17 21:51:28 utils.py:131] === Checking the job status... ===
I 03-17 21:51:29 utils.py:137] Job status: JobStatus.RUNNING
I 03-17 21:51:29 utils.py:140] ==================================
I 03-17 21:51:49 utils.py:131] === Checking the job status... ===
I 03-17 21:51:50 utils.py:137] Job status: JobStatus.RUNNING
I 03-17 21:51:50 utils.py:140] ==================================
I 03-17 21:52:10 utils.py:131] === Checking the job status... ===
I 03-17 21:52:11 utils.py:137] Job status: JobStatus.RUNNING
I 03-17 21:52:11 utils.py:140] ==================================
I 03-17 21:52:32 utils.py:131] === Checking the job status... ===
I 03-17 21:52:32 utils.py:137] Job status: JobStatus.RUNNING
I 03-17 21:52:32 utils.py:140] ==================================
I 03-17 21:52:53 utils.py:131] === Checking the job status... ===
I 03-17 21:52:54 utils.py:137] Job status: JobStatus.RUNNING
I 03-17 21:52:54 utils.py:140] ==================================
I 03-17 21:53:14 utils.py:131] === Checking the job status... ===
I 03-17 21:53:15 utils.py:137] Job status: JobStatus.RUNNING
I 03-17 21:53:15 utils.py:140] ==================================
I 03-17 21:53:35 utils.py:131] === Checking the job status... ===
I 03-17 21:53:36 utils.py:137] Job status: JobStatus.RUNNING
I 03-17 21:53:36 utils.py:140] ==================================
I 03-17 21:53:56 utils.py:131] === Checking the job status... ===
I 03-17 21:53:57 utils.py:137] Job status: JobStatus.RUNNING
I 03-17 21:53:57 utils.py:140] ==================================
I 03-17 21:54:17 utils.py:131] === Checking the job status... ===
I 03-17 21:54:18 utils.py:137] Job status: JobStatus.RUNNING
I 03-17 21:54:18 utils.py:140] ==================================
I 03-17 21:54:38 utils.py:131] === Checking the job status... ===
I 03-17 21:54:39 utils.py:137] Job status: JobStatus.RUNNING
I 03-17 21:54:39 utils.py:140] ==================================
I 03-17 21:54:59 utils.py:131] === Checking the job status... ===
I 03-17 21:55:00 utils.py:137] Job status: JobStatus.RUNNING
I 03-17 21:55:00 utils.py:140] ==================================
I 03-17 21:55:20 utils.py:131] === Checking the job status... ===
I 03-17 21:55:21 utils.py:137] Job status: JobStatus.RUNNING
I 03-17 21:55:21 utils.py:140] ==================================
I 03-17 21:55:41 utils.py:131] === Checking the job status... ===
I 03-17 21:55:42 utils.py:137] Job status: JobStatus.RUNNING
I 03-17 21:55:42 utils.py:140] ==================================
I 03-17 21:56:02 utils.py:131] === Checking the job status... ===
I 03-17 21:56:03 utils.py:137] Job status: JobStatus.RUNNING
I 03-17 21:56:03 utils.py:140] ==================================
I 03-17 21:56:23 utils.py:131] === Checking the job status... ===
I 03-17 21:56:24 utils.py:137] Job status: JobStatus.RUNNING
I 03-17 21:56:24 utils.py:140] ==================================
I 03-17 21:56:44 utils.py:131] === Checking the job status... ===
I 03-17 21:56:45 utils.py:137] Job status: JobStatus.RUNNING
I 03-17 21:56:45 utils.py:140] ==================================
I 03-17 21:57:05 utils.py:131] === Checking the job status... ===
I 03-17 21:57:06 utils.py:137] Job status: JobStatus.RUNNING
I 03-17 21:57:06 utils.py:140] ==================================
I 03-17 21:57:26 utils.py:131] === Checking the job status... ===
I 03-17 21:57:27 utils.py:137] Job status: JobStatus.RUNNING
I 03-17 21:57:27 utils.py:140] ==================================
I 03-17 21:57:47 utils.py:131] === Checking the job status... ===
I 03-17 21:57:48 utils.py:137] Job status: JobStatus.RUNNING
I 03-17 21:57:48 utils.py:140] ==================================
I 03-17 21:58:08 utils.py:131] === Checking the job status... ===
I 03-17 21:58:09 utils.py:137] Job status: JobStatus.RUNNING
I 03-17 21:58:09 utils.py:140] ==================================
I 03-17 21:58:30 utils.py:131] === Checking the job status... ===
I 03-17 21:58:30 utils.py:137] Job status: JobStatus.RUNNING
I 03-17 21:58:30 utils.py:140] ==================================
I 03-17 21:58:51 utils.py:131] === Checking the job status... ===
I 03-17 21:58:51 utils.py:137] Job status: JobStatus.RUNNING
I 03-17 21:58:51 utils.py:140] ==================================
I 03-17 21:59:12 utils.py:131] === Checking the job status... ===
I 03-17 21:59:13 utils.py:137] Job status: JobStatus.RUNNING
I 03-17 21:59:13 utils.py:140] ==================================
I 03-17 21:59:33 utils.py:131] === Checking the job status... ===
I 03-17 21:59:34 utils.py:137] Job status: JobStatus.RUNNING
I 03-17 21:59:34 utils.py:140] ==================================
I 03-17 21:59:54 utils.py:131] === Checking the job status... ===
I 03-17 21:59:55 utils.py:137] Job status: JobStatus.RUNNING
I 03-17 21:59:55 utils.py:140] ==================================
I 03-17 22:00:15 utils.py:131] === Checking the job status... ===
I 03-17 22:00:16 utils.py:137] Job status: JobStatus.RUNNING
I 03-17 22:00:16 utils.py:140] ==================================
I 03-17 22:00:36 utils.py:131] === Checking the job status... ===
I 03-17 22:00:37 utils.py:137] Job status: JobStatus.RUNNING
I 03-17 22:00:37 utils.py:140] ==================================
I 03-17 22:00:57 utils.py:131] === Checking the job status... ===
I 03-17 22:00:58 utils.py:137] Job status: JobStatus.RUNNING
I 03-17 22:00:58 utils.py:140] ==================================
I 03-17 22:01:18 utils.py:131] === Checking the job status... ===
I 03-17 22:01:19 utils.py:137] Job status: JobStatus.RUNNING
I 03-17 22:01:19 utils.py:140] ==================================
I 03-17 22:01:39 utils.py:131] === Checking the job status... ===
I 03-17 22:01:40 utils.py:137] Job status: JobStatus.RUNNING
I 03-17 22:01:40 utils.py:140] ==================================
I 03-17 22:02:00 utils.py:131] === Checking the job status... ===
I 03-17 22:02:01 utils.py:137] Job status: JobStatus.RUNNING
I 03-17 22:02:01 utils.py:140] ==================================
I 03-17 22:02:21 utils.py:131] === Checking the job status... ===
I 03-17 22:02:22 utils.py:137] Job status: JobStatus.RUNNING
I 03-17 22:02:22 utils.py:140] ==================================
I 03-17 22:02:42 utils.py:131] === Checking the job status... ===
I 03-17 22:02:43 utils.py:137] Job status: JobStatus.RUNNING
I 03-17 22:02:43 utils.py:140] ==================================
I 03-17 22:03:03 utils.py:131] === Checking the job status... ===
I 03-17 22:03:04 utils.py:137] Job status: JobStatus.RUNNING
I 03-17 22:03:04 utils.py:140] ==================================
I 03-17 22:03:24 utils.py:131] === Checking the job status... ===
I 03-17 22:03:25 utils.py:137] Job status: JobStatus.RUNNING
I 03-17 22:03:25 utils.py:140] ==================================
I 03-17 22:03:45 utils.py:131] === Checking the job status... ===
I 03-17 22:03:46 utils.py:137] Job status: JobStatus.RUNNING
I 03-17 22:03:46 utils.py:140] ==================================
I 03-17 22:04:07 utils.py:131] === Checking the job status... ===
I 03-17 22:04:08 utils.py:137] Job status: JobStatus.RUNNING
I 03-17 22:04:08 utils.py:140] ==================================
I 03-17 22:04:28 utils.py:131] === Checking the job status... ===
I 03-17 22:04:29 utils.py:137] Job status: JobStatus.RUNNING
I 03-17 22:04:29 utils.py:140] ==================================
I 03-17 22:04:49 utils.py:131] === Checking the job status... ===
I 03-17 22:04:50 utils.py:137] Job status: JobStatus.RUNNING
I 03-17 22:04:50 utils.py:140] ==================================
I 03-17 22:05:10 utils.py:131] === Checking the job status... ===
I 03-17 22:05:11 utils.py:137] Job status: JobStatus.RUNNING
I 03-17 22:05:11 utils.py:140] ==================================
I 03-17 22:05:31 utils.py:131] === Checking the job status... ===
I 03-17 22:05:32 utils.py:137] Job status: JobStatus.RUNNING
I 03-17 22:05:32 utils.py:140] ==================================
I 03-17 22:05:52 utils.py:131] === Checking the job status... ===
I 03-17 22:05:53 utils.py:137] Job status: JobStatus.RUNNING
I 03-17 22:05:53 utils.py:140] ==================================
I 03-17 22:06:13 utils.py:131] === Checking the job status... ===
I 03-17 22:06:14 utils.py:137] Job status: JobStatus.RUNNING
I 03-17 22:06:14 utils.py:140] ==================================
I 03-17 22:06:34 utils.py:131] === Checking the job status... ===
I 03-17 22:06:35 utils.py:137] Job status: JobStatus.RUNNING
I 03-17 22:06:35 utils.py:140] ==================================
I 03-17 22:06:55 utils.py:131] === Checking the job status... ===
I 03-17 22:06:56 utils.py:137] Job status: JobStatus.RUNNING
I 03-17 22:06:56 utils.py:140] ==================================
I 03-17 22:07:16 utils.py:131] === Checking the job status... ===
I 03-17 22:07:17 utils.py:137] Job status: JobStatus.RUNNING
I 03-17 22:07:17 utils.py:140] ==================================
I 03-17 22:07:37 utils.py:131] === Checking the job status... ===
I 03-17 22:07:38 utils.py:137] Job status: JobStatus.RUNNING
I 03-17 22:07:38 utils.py:140] ==================================
I 03-17 22:07:58 utils.py:131] === Checking the job status... ===
I 03-17 22:07:59 utils.py:137] Job status: JobStatus.RUNNING
I 03-17 22:07:59 utils.py:140] ==================================
I 03-17 22:08:19 utils.py:131] === Checking the job status... ===
I 03-17 22:08:20 utils.py:137] Job status: JobStatus.RUNNING
I 03-17 22:08:20 utils.py:140] ==================================
I 03-17 22:08:40 utils.py:131] === Checking the job status... ===
I 03-17 22:08:41 utils.py:137] Job status: JobStatus.RUNNING
I 03-17 22:08:41 utils.py:140] ==================================
I 03-17 22:09:02 utils.py:131] === Checking the job status... ===
I 03-17 22:09:03 utils.py:137] Job status: JobStatus.RUNNING
I 03-17 22:09:03 utils.py:140] ==================================
I 03-17 22:09:23 utils.py:131] === Checking the job status... ===
I 03-17 22:09:24 utils.py:137] Job status: JobStatus.RUNNING
I 03-17 22:09:24 utils.py:140] ==================================
I 03-17 22:09:44 utils.py:131] === Checking the job status... ===
I 03-17 22:09:45 utils.py:137] Job status: JobStatus.RUNNING
I 03-17 22:09:45 utils.py:140] ==================================
I 03-17 22:10:05 utils.py:131] === Checking the job status... ===
I 03-17 22:10:06 utils.py:137] Job status: JobStatus.RUNNING
I 03-17 22:10:06 utils.py:140] ==================================
I 03-17 22:10:26 utils.py:131] === Checking the job status... ===
I 03-17 22:10:27 utils.py:137] Job status: JobStatus.RUNNING
I 03-17 22:10:27 utils.py:140] ==================================
I 03-17 22:10:47 utils.py:131] === Checking the job status... ===
I 03-17 22:10:48 utils.py:137] Job status: JobStatus.RUNNING
I 03-17 22:10:48 utils.py:140] ==================================
I 03-17 22:11:08 utils.py:131] === Checking the job status... ===
I 03-17 22:11:09 utils.py:137] Job status: JobStatus.RUNNING
I 03-17 22:11:09 utils.py:140] ==================================
I 03-17 22:11:29 utils.py:131] === Checking the job status... ===
I 03-17 22:11:30 utils.py:137] Job status: JobStatus.RUNNING
I 03-17 22:11:30 utils.py:140] ==================================
I 03-17 22:11:50 utils.py:131] === Checking the job status... ===
I 03-17 22:11:51 utils.py:137] Job status: JobStatus.RUNNING
I 03-17 22:11:51 utils.py:140] ==================================
I 03-17 22:12:11 utils.py:131] === Checking the job status... ===
I 03-17 22:12:12 utils.py:137] Job status: JobStatus.RUNNING
I 03-17 22:12:12 utils.py:140] ==================================
I 03-17 22:12:32 utils.py:131] === Checking the job status... ===
I 03-17 22:12:33 utils.py:137] Job status: JobStatus.RUNNING
I 03-17 22:12:33 utils.py:140] ==================================
I 03-17 22:12:53 utils.py:131] === Checking the job status... ===
I 03-17 22:12:54 utils.py:137] Job status: JobStatus.RUNNING
I 03-17 22:12:54 utils.py:140] ==================================
I 03-17 22:13:14 utils.py:131] === Checking the job status... ===
I 03-17 22:13:15 utils.py:137] Job status: JobStatus.RUNNING
I 03-17 22:13:15 utils.py:140] ==================================
I 03-17 22:13:35 utils.py:131] === Checking the job status... ===
I 03-17 22:13:36 utils.py:137] Job status: JobStatus.RUNNING
I 03-17 22:13:36 utils.py:140] ==================================
I 03-17 22:13:56 utils.py:131] === Checking the job status... ===
I 03-17 22:13:57 utils.py:137] Job status: JobStatus.RUNNING
I 03-17 22:13:57 utils.py:140] ==================================
I 03-17 22:14:17 utils.py:131] === Checking the job status... ===
I 03-17 22:14:18 utils.py:137] Job status: JobStatus.RUNNING
I 03-17 22:14:18 utils.py:140] ==================================
I 03-17 22:14:39 utils.py:131] === Checking the job status... ===
I 03-17 22:14:40 utils.py:137] Job status: JobStatus.RUNNING
I 03-17 22:14:40 utils.py:140] ==================================
I 03-17 22:15:00 utils.py:131] === Checking the job status... ===
I 03-17 22:15:01 utils.py:137] Job status: JobStatus.RUNNING
I 03-17 22:15:01 utils.py:140] ==================================
I 03-17 22:15:21 utils.py:131] === Checking the job status... ===
I 03-17 22:15:22 utils.py:137] Job status: JobStatus.RUNNING
I 03-17 22:15:22 utils.py:140] ==================================
I 03-17 22:15:42 utils.py:131] === Checking the job status... ===
I 03-17 22:15:43 utils.py:137] Job status: JobStatus.RUNNING
I 03-17 22:15:43 utils.py:140] ==================================
I 03-17 22:16:03 utils.py:131] === Checking the job status... ===
I 03-17 22:16:04 utils.py:137] Job status: JobStatus.RUNNING
I 03-17 22:16:04 utils.py:140] ==================================
I 03-17 22:16:24 utils.py:131] === Checking the job status... ===
I 03-17 22:16:25 utils.py:137] Job status: JobStatus.RUNNING
I 03-17 22:16:25 utils.py:140] ==================================
I 03-17 22:16:45 utils.py:131] === Checking the job status... ===
I 03-17 22:16:46 utils.py:137] Job status: JobStatus.RUNNING
I 03-17 22:16:46 utils.py:140] ==================================
I 03-17 22:17:06 utils.py:131] === Checking the job status... ===
I 03-17 22:17:07 utils.py:137] Job status: JobStatus.RUNNING
I 03-17 22:17:07 utils.py:140] ==================================
I 03-17 22:17:27 utils.py:131] === Checking the job status... ===
I 03-17 22:17:28 utils.py:137] Job status: JobStatus.RUNNING
I 03-17 22:17:28 utils.py:140] ==================================
I 03-17 22:17:48 utils.py:131] === Checking the job status... ===
I 03-17 22:17:49 utils.py:137] Job status: JobStatus.RUNNING
I 03-17 22:17:49 utils.py:140] ==================================
I 03-17 22:18:09 utils.py:131] === Checking the job status... ===
I 03-17 22:18:10 utils.py:137] Job status: JobStatus.RUNNING
I 03-17 22:18:10 utils.py:140] ==================================
I 03-17 22:18:30 utils.py:131] === Checking the job status... ===
I 03-17 22:18:31 utils.py:137] Job status: JobStatus.RUNNING
I 03-17 22:18:31 utils.py:140] ==================================
I 03-17 22:18:51 utils.py:131] === Checking the job status... ===
I 03-17 22:18:52 utils.py:137] Job status: JobStatus.RUNNING
I 03-17 22:18:52 utils.py:140] ==================================
I 03-17 22:19:13 utils.py:131] === Checking the job status... ===
I 03-17 22:19:14 utils.py:137] Job status: JobStatus.RUNNING
I 03-17 22:19:14 utils.py:140] ==================================
I 03-17 22:19:34 utils.py:131] === Checking the job status... ===
I 03-17 22:19:35 utils.py:137] Job status: JobStatus.RUNNING
I 03-17 22:19:35 utils.py:140] ==================================
I 03-17 22:19:55 utils.py:131] === Checking the job status... ===
I 03-17 22:19:56 utils.py:137] Job status: JobStatus.RUNNING
I 03-17 22:19:56 utils.py:140] ==================================
I 03-17 22:20:16 utils.py:131] === Checking the job status... ===
I 03-17 22:20:17 utils.py:137] Job status: JobStatus.RUNNING
I 03-17 22:20:17 utils.py:140] ==================================
I 03-17 22:20:37 utils.py:131] === Checking the job status... ===
I 03-17 22:20:38 utils.py:137] Job status: JobStatus.RUNNING
I 03-17 22:20:38 utils.py:140] ==================================
I 03-17 22:20:58 utils.py:131] === Checking the job status... ===
I 03-17 22:20:59 utils.py:137] Job status: JobStatus.RUNNING
I 03-17 22:20:59 utils.py:140] ==================================
I 03-17 22:21:19 utils.py:131] === Checking the job status... ===
I 03-17 22:21:20 utils.py:137] Job status: JobStatus.RUNNING
I 03-17 22:21:20 utils.py:140] ==================================
I 03-17 22:21:40 utils.py:131] === Checking the job status... ===
I 03-17 22:21:41 utils.py:137] Job status: JobStatus.RUNNING
I 03-17 22:21:41 utils.py:140] ==================================
I 03-17 22:22:01 utils.py:131] === Checking the job status... ===
I 03-17 22:22:02 utils.py:137] Job status: JobStatus.RUNNING
I 03-17 22:22:02 utils.py:140] ==================================
I 03-17 22:22:22 utils.py:131] === Checking the job status... ===
I 03-17 22:22:23 utils.py:137] Job status: JobStatus.RUNNING
I 03-17 22:22:23 utils.py:140] ==================================
I 03-17 22:22:43 utils.py:131] === Checking the job status... ===
I 03-17 22:22:44 utils.py:137] Job status: JobStatus.RUNNING
I 03-17 22:22:44 utils.py:140] ==================================
I 03-17 22:23:04 utils.py:131] === Checking the job status... ===
I 03-17 22:23:05 utils.py:137] Job status: JobStatus.RUNNING
I 03-17 22:23:05 utils.py:140] ==================================
I 03-17 22:23:25 utils.py:131] === Checking the job status... ===
I 03-17 22:23:26 utils.py:137] Job status: JobStatus.RUNNING
I 03-17 22:23:26 utils.py:140] ==================================
I 03-17 22:23:46 utils.py:131] === Checking the job status... ===
I 03-17 22:23:47 utils.py:137] Job status: JobStatus.RUNNING
I 03-17 22:23:47 utils.py:140] ==================================
I 03-17 22:24:07 utils.py:131] === Checking the job status... ===
I 03-17 22:24:08 utils.py:137] Job status: JobStatus.RUNNING
I 03-17 22:24:08 utils.py:140] ==================================
I 03-17 22:24:28 utils.py:131] === Checking the job status... ===
I 03-17 22:24:29 utils.py:137] Job status: JobStatus.RUNNING
I 03-17 22:24:29 utils.py:140] ==================================
I 03-17 22:24:50 utils.py:131] === Checking the job status... ===
I 03-17 22:24:50 utils.py:137] Job status: JobStatus.RUNNING
I 03-17 22:24:50 utils.py:140] ==================================
I 03-17 22:25:11 utils.py:131] === Checking the job status... ===
I 03-17 22:25:12 utils.py:137] Job status: JobStatus.RUNNING
I 03-17 22:25:12 utils.py:140] ==================================
I 03-17 22:25:32 utils.py:131] === Checking the job status... ===
I 03-17 22:25:33 utils.py:137] Job status: JobStatus.RUNNING
I 03-17 22:25:33 utils.py:140] ==================================
I 03-17 22:25:53 utils.py:131] === Checking the job status... ===
I 03-17 22:25:54 utils.py:137] Job status: JobStatus.RUNNING
I 03-17 22:25:54 utils.py:140] ==================================
I 03-17 22:26:14 utils.py:131] === Checking the job status... ===
I 03-17 22:26:15 utils.py:137] Job status: JobStatus.RUNNING
I 03-17 22:26:15 utils.py:140] ==================================
I 03-17 22:26:35 utils.py:131] === Checking the job status... ===
I 03-17 22:26:36 utils.py:137] Job status: JobStatus.RUNNING
I 03-17 22:26:36 utils.py:140] ==================================
I 03-17 22:26:56 utils.py:131] === Checking the job status... ===
I 03-17 22:26:57 utils.py:137] Job status: JobStatus.RUNNING
I 03-17 22:26:57 utils.py:140] ==================================
I 03-17 22:27:17 utils.py:131] === Checking the job status... ===
I 03-17 22:27:18 utils.py:137] Job status: JobStatus.RUNNING
I 03-17 22:27:18 utils.py:140] ==================================
I 03-17 22:27:38 utils.py:131] === Checking the job status... ===
I 03-17 22:27:39 utils.py:137] Job status: JobStatus.RUNNING
I 03-17 22:27:39 utils.py:140] ==================================
I 03-17 22:27:59 utils.py:131] === Checking the job status... ===
I 03-17 22:28:00 utils.py:137] Job status: JobStatus.RUNNING
I 03-17 22:28:00 utils.py:140] ==================================
I 03-17 22:28:20 utils.py:131] === Checking the job status... ===
I 03-17 22:28:21 utils.py:137] Job status: JobStatus.RUNNING
I 03-17 22:28:21 utils.py:140] ==================================
I 03-17 22:28:41 utils.py:131] === Checking the job status... ===
I 03-17 22:28:42 utils.py:137] Job status: JobStatus.RUNNING
I 03-17 22:28:42 utils.py:140] ==================================
I 03-17 22:29:02 utils.py:131] === Checking the job status... ===
I 03-17 22:29:03 utils.py:137] Job status: JobStatus.RUNNING
I 03-17 22:29:03 utils.py:140] ==================================
I 03-17 22:29:23 utils.py:131] === Checking the job status... ===
I 03-17 22:29:24 utils.py:137] Job status: JobStatus.RUNNING
I 03-17 22:29:24 utils.py:140] ==================================
I 03-17 22:29:44 utils.py:131] === Checking the job status... ===
I 03-17 22:29:45 utils.py:137] Job status: JobStatus.RUNNING
I 03-17 22:29:45 utils.py:140] ==================================
I 03-17 22:30:05 utils.py:131] === Checking the job status... ===
I 03-17 22:30:06 utils.py:137] Job status: JobStatus.RUNNING
I 03-17 22:30:06 utils.py:140] ==================================
I 03-17 22:30:26 utils.py:131] === Checking the job status... ===
I 03-17 22:30:27 utils.py:137] Job status: JobStatus.RUNNING
I 03-17 22:30:27 utils.py:140] ==================================
I 03-17 22:30:47 utils.py:131] === Checking the job status... ===
I 03-17 22:30:48 utils.py:137] Job status: JobStatus.RUNNING
I 03-17 22:30:48 utils.py:140] ==================================
I 03-17 22:31:08 utils.py:131] === Checking the job status... ===
I 03-17 22:31:09 utils.py:137] Job status: JobStatus.RUNNING
I 03-17 22:31:09 utils.py:140] ==================================
I 03-17 22:31:30 utils.py:131] === Checking the job status... ===
I 03-17 22:31:30 utils.py:137] Job status: JobStatus.RUNNING
I 03-17 22:31:30 utils.py:140] ==================================
I 03-17 22:31:51 utils.py:131] === Checking the job status... ===
I 03-17 22:31:52 utils.py:137] Job status: JobStatus.RUNNING
I 03-17 22:31:52 utils.py:140] ==================================
I 03-17 22:32:12 utils.py:131] === Checking the job status... ===
I 03-17 22:32:13 utils.py:137] Job status: JobStatus.RUNNING
I 03-17 22:32:13 utils.py:140] ==================================
I 03-17 22:32:33 utils.py:131] === Checking the job status... ===
I 03-17 22:32:34 utils.py:137] Job status: JobStatus.RUNNING
I 03-17 22:32:34 utils.py:140] ==================================
I 03-17 22:32:54 utils.py:131] === Checking the job status... ===
I 03-17 22:32:55 utils.py:137] Job status: JobStatus.RUNNING
I 03-17 22:32:55 utils.py:140] ==================================
I 03-17 22:33:15 utils.py:131] === Checking the job status... ===
I 03-17 22:33:16 utils.py:137] Job status: JobStatus.RUNNING
I 03-17 22:33:16 utils.py:140] ==================================
I 03-17 22:33:36 utils.py:131] === Checking the job status... ===
I 03-17 22:33:37 utils.py:137] Job status: JobStatus.RUNNING
I 03-17 22:33:37 utils.py:140] ==================================
I 03-17 22:33:57 utils.py:131] === Checking the job status... ===
I 03-17 22:33:58 utils.py:137] Job status: JobStatus.RUNNING
I 03-17 22:33:58 utils.py:140] ==================================
I 03-17 22:34:18 utils.py:131] === Checking the job status... ===
I 03-17 22:34:19 utils.py:137] Job status: JobStatus.RUNNING
I 03-17 22:34:19 utils.py:140] ==================================
I 03-17 22:34:39 utils.py:131] === Checking the job status... ===
I 03-17 22:34:40 utils.py:137] Job status: JobStatus.RUNNING
I 03-17 22:34:40 utils.py:140] ==================================
I 03-17 22:35:00 utils.py:131] === Checking the job status... ===
I 03-17 22:35:01 utils.py:137] Job status: JobStatus.RUNNING
I 03-17 22:35:01 utils.py:140] ==================================
I 03-17 22:35:21 utils.py:131] === Checking the job status... ===
I 03-17 22:35:22 utils.py:137] Job status: JobStatus.RUNNING
I 03-17 22:35:22 utils.py:140] ==================================
I 03-17 22:35:42 utils.py:131] === Checking the job status... ===
I 03-17 22:35:43 utils.py:137] Job status: JobStatus.RUNNING
I 03-17 22:35:43 utils.py:140] ==================================
I 03-17 22:36:03 utils.py:131] === Checking the job status... ===
I 03-17 22:36:04 utils.py:137] Job status: JobStatus.RUNNING
I 03-17 22:36:04 utils.py:140] ==================================
I 03-17 22:36:25 utils.py:131] === Checking the job status... ===
I 03-17 22:36:25 utils.py:137] Job status: JobStatus.RUNNING
I 03-17 22:36:25 utils.py:140] ==================================
I 03-17 22:36:46 utils.py:131] === Checking the job status... ===
I 03-17 22:36:47 utils.py:137] Job status: JobStatus.RUNNING
I 03-17 22:36:47 utils.py:140] ==================================
I 03-17 22:37:07 utils.py:131] === Checking the job status... ===
I 03-17 22:37:08 utils.py:137] Job status: JobStatus.RUNNING
I 03-17 22:37:08 utils.py:140] ==================================
I 03-17 22:37:28 utils.py:131] === Checking the job status... ===
I 03-17 22:37:29 utils.py:137] Job status: JobStatus.RUNNING
I 03-17 22:37:29 utils.py:140] ==================================
I 03-17 22:37:49 utils.py:131] === Checking the job status... ===
I 03-17 22:37:50 utils.py:137] Job status: JobStatus.RUNNING
I 03-17 22:37:50 utils.py:140] ==================================
I 03-17 22:38:10 utils.py:131] === Checking the job status... ===
I 03-17 22:38:11 utils.py:137] Job status: JobStatus.RUNNING
I 03-17 22:38:11 utils.py:140] ==================================
I 03-17 22:38:31 utils.py:131] === Checking the job status... ===
I 03-17 22:38:32 utils.py:137] Job status: JobStatus.RUNNING
I 03-17 22:38:32 utils.py:140] ==================================
I 03-17 22:38:52 utils.py:131] === Checking the job status... ===
I 03-17 22:38:53 utils.py:137] Job status: JobStatus.RUNNING
I 03-17 22:38:53 utils.py:140] ==================================
I 03-17 22:39:13 utils.py:131] === Checking the job status... ===
I 03-17 22:39:14 utils.py:137] Job status: JobStatus.RUNNING
I 03-17 22:39:14 utils.py:140] ==================================
I 03-17 22:39:34 utils.py:131] === Checking the job status... ===
I 03-17 22:39:35 utils.py:137] Job status: JobStatus.RUNNING
I 03-17 22:39:35 utils.py:140] ==================================
I 03-17 22:39:55 utils.py:131] === Checking the job status... ===
I 03-17 22:39:56 utils.py:137] Job status: JobStatus.RUNNING
I 03-17 22:39:56 utils.py:140] ==================================
I 03-17 22:40:16 utils.py:131] === Checking the job status... ===
I 03-17 22:40:17 utils.py:137] Job status: JobStatus.RUNNING
I 03-17 22:40:17 utils.py:140] ==================================
I 03-17 22:40:37 utils.py:131] === Checking the job status... ===
I 03-17 22:40:38 utils.py:137] Job status: JobStatus.RUNNING
I 03-17 22:40:38 utils.py:140] ==================================
I 03-17 22:40:58 utils.py:131] === Checking the job status... ===
I 03-17 22:40:59 utils.py:137] Job status: JobStatus.RUNNING
I 03-17 22:40:59 utils.py:140] ==================================
I 03-17 22:41:20 utils.py:131] === Checking the job status... ===
I 03-17 22:41:20 utils.py:137] Job status: JobStatus.RUNNING
I 03-17 22:41:20 utils.py:140] ==================================
I 03-17 22:41:41 utils.py:131] === Checking the job status... ===
I 03-17 22:41:42 utils.py:137] Job status: JobStatus.RUNNING
I 03-17 22:41:42 utils.py:140] ==================================
I 03-17 22:42:02 utils.py:131] === Checking the job status... ===
I 03-17 22:42:03 utils.py:137] Job status: JobStatus.RUNNING
I 03-17 22:42:03 utils.py:140] ==================================
I 03-17 22:42:23 utils.py:131] === Checking the job status... ===
I 03-17 22:42:24 utils.py:137] Job status: JobStatus.RUNNING
I 03-17 22:42:24 utils.py:140] ==================================
I 03-17 22:42:44 utils.py:131] === Checking the job status... ===
I 03-17 22:42:45 utils.py:137] Job status: JobStatus.RUNNING
I 03-17 22:42:45 utils.py:140] ==================================
I 03-17 22:43:05 utils.py:131] === Checking the job status... ===
I 03-17 22:43:06 utils.py:137] Job status: JobStatus.RUNNING
I 03-17 22:43:06 utils.py:140] ==================================
I 03-17 22:43:26 utils.py:131] === Checking the job status... ===
I 03-17 22:43:27 utils.py:137] Job status: JobStatus.RUNNING
I 03-17 22:43:27 utils.py:140] ==================================
I 03-17 22:43:47 utils.py:131] === Checking the job status... ===
I 03-17 22:43:48 utils.py:137] Job status: JobStatus.RUNNING
I 03-17 22:43:48 utils.py:140] ==================================
I 03-17 22:44:08 utils.py:131] === Checking the job status... ===
I 03-17 22:44:09 utils.py:137] Job status: JobStatus.RUNNING
I 03-17 22:44:09 utils.py:140] ==================================
I 03-17 22:44:29 utils.py:131] === Checking the job status... ===
I 03-17 22:44:30 utils.py:137] Job status: JobStatus.RUNNING
I 03-17 22:44:30 utils.py:140] ==================================
I 03-17 22:44:50 utils.py:131] === Checking the job status... ===
I 03-17 22:44:51 utils.py:137] Job status: JobStatus.RUNNING
I 03-17 22:44:51 utils.py:140] ==================================
I 03-17 22:45:12 utils.py:131] === Checking the job status... ===
I 03-17 22:45:13 utils.py:137] Job status: JobStatus.RUNNING
I 03-17 22:45:13 utils.py:140] ==================================
I 03-17 22:45:33 utils.py:131] === Checking the job status... ===
I 03-17 22:45:34 utils.py:137] Job status: JobStatus.RUNNING
I 03-17 22:45:34 utils.py:140] ==================================
I 03-17 22:45:54 utils.py:131] === Checking the job status... ===
I 03-17 22:45:55 utils.py:137] Job status: JobStatus.RUNNING
I 03-17 22:45:55 utils.py:140] ==================================
I 03-17 22:46:15 utils.py:131] === Checking the job status... ===
I 03-17 22:46:16 utils.py:137] Job status: JobStatus.RUNNING
I 03-17 22:46:16 utils.py:140] ==================================
I 03-17 22:46:36 utils.py:131] === Checking the job status... ===
I 03-17 22:46:37 utils.py:137] Job status: JobStatus.RUNNING
I 03-17 22:46:37 utils.py:140] ==================================
I 03-17 22:46:57 utils.py:131] === Checking the job status... ===
I 03-17 22:46:58 utils.py:137] Job status: JobStatus.RUNNING
I 03-17 22:46:58 utils.py:140] ==================================
I 03-17 22:47:18 utils.py:131] === Checking the job status... ===
I 03-17 22:47:19 utils.py:137] Job status: JobStatus.RUNNING
I 03-17 22:47:19 utils.py:140] ==================================
I 03-17 22:47:39 utils.py:131] === Checking the job status... ===
I 03-17 22:47:40 utils.py:137] Job status: JobStatus.RUNNING
I 03-17 22:47:40 utils.py:140] ==================================
I 03-17 22:48:00 utils.py:131] === Checking the job status... ===
I 03-17 22:48:01 utils.py:137] Job status: JobStatus.RUNNING
I 03-17 22:48:01 utils.py:140] ==================================
I 03-17 22:48:21 utils.py:131] === Checking the job status... ===
I 03-17 22:48:22 utils.py:137] Job status: JobStatus.RUNNING
I 03-17 22:48:22 utils.py:140] ==================================
I 03-17 22:48:43 utils.py:131] === Checking the job status... ===
I 03-17 22:48:43 utils.py:137] Job status: JobStatus.RUNNING
I 03-17 22:48:43 utils.py:140] ==================================
I 03-17 22:49:04 utils.py:131] === Checking the job status... ===
I 03-17 22:49:04 utils.py:137] Job status: JobStatus.RUNNING
I 03-17 22:49:04 utils.py:140] ==================================
I 03-17 22:49:25 utils.py:131] === Checking the job status... ===
I 03-17 22:49:26 utils.py:137] Job status: JobStatus.RUNNING
I 03-17 22:49:26 utils.py:140] ==================================
I 03-17 22:49:46 utils.py:131] === Checking the job status... ===
I 03-17 22:49:47 utils.py:137] Job status: JobStatus.RUNNING
I 03-17 22:49:47 utils.py:140] ==================================
I 03-17 22:50:07 utils.py:131] === Checking the job status... ===
I 03-17 22:50:08 utils.py:137] Job status: JobStatus.RUNNING
I 03-17 22:50:08 utils.py:140] ==================================
I 03-17 22:50:28 utils.py:131] === Checking the job status... ===
I 03-17 22:50:29 utils.py:137] Job status: JobStatus.RUNNING
I 03-17 22:50:29 utils.py:140] ==================================
I 03-17 22:50:49 utils.py:131] === Checking the job status... ===
I 03-17 22:50:50 utils.py:137] Job status: JobStatus.RUNNING
I 03-17 22:50:50 utils.py:140] ==================================
I 03-17 22:51:10 utils.py:131] === Checking the job status... ===
I 03-17 22:51:11 utils.py:137] Job status: JobStatus.RUNNING
I 03-17 22:51:11 utils.py:140] ==================================
I 03-17 22:51:31 utils.py:131] === Checking the job status... ===
I 03-17 22:51:32 utils.py:137] Job status: JobStatus.RUNNING
I 03-17 22:51:32 utils.py:140] ==================================
I 03-17 22:51:52 utils.py:131] === Checking the job status... ===
I 03-17 22:51:53 utils.py:137] Job status: JobStatus.RUNNING
I 03-17 22:51:53 utils.py:140] ==================================
I 03-17 22:52:13 utils.py:131] === Checking the job status... ===
I 03-17 22:52:14 utils.py:137] Job status: JobStatus.RUNNING
I 03-17 22:52:14 utils.py:140] ==================================
I 03-17 22:52:34 utils.py:131] === Checking the job status... ===
I 03-17 22:52:35 utils.py:137] Job status: JobStatus.RUNNING
I 03-17 22:52:35 utils.py:140] ==================================
I 03-17 22:52:55 utils.py:131] === Checking the job status... ===
I 03-17 22:52:56 utils.py:137] Job status: JobStatus.RUNNING
I 03-17 22:52:56 utils.py:140] ==================================
I 03-17 22:53:16 utils.py:131] === Checking the job status... ===
I 03-17 22:53:17 utils.py:137] Job status: JobStatus.RUNNING
I 03-17 22:53:17 utils.py:140] ==================================
I 03-17 22:53:38 utils.py:131] === Checking the job status... ===
I 03-17 22:53:38 utils.py:137] Job status: JobStatus.RUNNING
I 03-17 22:53:38 utils.py:140] ==================================
I 03-17 22:53:59 utils.py:131] === Checking the job status... ===
I 03-17 22:54:00 utils.py:137] Job status: JobStatus.RUNNING
I 03-17 22:54:00 utils.py:140] ==================================
I 03-17 22:54:20 utils.py:131] === Checking the job status... ===
I 03-17 22:54:21 utils.py:137] Job status: JobStatus.RUNNING
I 03-17 22:54:21 utils.py:140] ==================================
I 03-17 22:54:41 utils.py:131] === Checking the job status... ===
I 03-17 22:54:42 utils.py:137] Job status: JobStatus.RUNNING
I 03-17 22:54:42 utils.py:140] ==================================
I 03-17 22:55:02 utils.py:131] === Checking the job status... ===
I 03-17 22:55:03 utils.py:137] Job status: JobStatus.RUNNING
I 03-17 22:55:03 utils.py:140] ==================================
I 03-17 22:55:23 utils.py:131] === Checking the job status... ===
I 03-17 22:55:24 utils.py:137] Job status: JobStatus.RUNNING
I 03-17 22:55:24 utils.py:140] ==================================
I 03-17 22:55:44 utils.py:131] === Checking the job status... ===
I 03-17 22:55:45 utils.py:137] Job status: JobStatus.RUNNING
I 03-17 22:55:45 utils.py:140] ==================================
I 03-17 22:56:05 utils.py:131] === Checking the job status... ===
I 03-17 22:56:06 utils.py:137] Job status: JobStatus.RUNNING
I 03-17 22:56:06 utils.py:140] ==================================
I 03-17 22:56:26 utils.py:131] === Checking the job status... ===
I 03-17 22:56:27 utils.py:137] Job status: JobStatus.RUNNING
I 03-17 22:56:27 utils.py:140] ==================================
I 03-17 22:56:47 utils.py:131] === Checking the job status... ===
I 03-17 22:56:48 utils.py:137] Job status: JobStatus.RUNNING
I 03-17 22:56:48 utils.py:140] ==================================
I 03-17 22:57:08 utils.py:131] === Checking the job status... ===
I 03-17 22:57:09 utils.py:137] Job status: JobStatus.RUNNING
I 03-17 22:57:09 utils.py:140] ==================================
I 03-17 22:57:29 utils.py:131] === Checking the job status... ===
I 03-17 22:57:30 utils.py:137] Job status: JobStatus.RUNNING
I 03-17 22:57:30 utils.py:140] ==================================
I 03-17 22:57:50 utils.py:131] === Checking the job status... ===
I 03-17 22:57:51 utils.py:137] Job status: JobStatus.RUNNING
I 03-17 22:57:51 utils.py:140] ==================================
I 03-17 22:58:11 utils.py:131] === Checking the job status... ===
I 03-17 22:58:12 utils.py:137] Job status: JobStatus.RUNNING
I 03-17 22:58:12 utils.py:140] ==================================
I 03-17 22:58:32 utils.py:131] === Checking the job status... ===
I 03-17 22:58:33 utils.py:137] Job status: JobStatus.RUNNING
I 03-17 22:58:33 utils.py:140] ==================================
I 03-17 22:58:53 utils.py:131] === Checking the job status... ===
I 03-17 22:58:54 utils.py:137] Job status: JobStatus.RUNNING
I 03-17 22:58:54 utils.py:140] ==================================
I 03-17 22:59:14 utils.py:131] === Checking the job status... ===
I 03-17 22:59:15 utils.py:137] Job status: JobStatus.RUNNING
I 03-17 22:59:15 utils.py:140] ==================================
I 03-17 22:59:36 utils.py:131] === Checking the job status... ===
I 03-17 22:59:37 utils.py:137] Job status: JobStatus.RUNNING
I 03-17 22:59:37 utils.py:140] ==================================
I 03-17 22:59:57 utils.py:131] === Checking the job status... ===
I 03-17 22:59:58 utils.py:137] Job status: JobStatus.RUNNING
I 03-17 22:59:58 utils.py:140] ==================================
I 03-17 23:00:18 utils.py:131] === Checking the job status... ===
I 03-17 23:00:19 utils.py:137] Job status: JobStatus.RUNNING
I 03-17 23:00:19 utils.py:140] ==================================
I 03-17 23:00:39 utils.py:131] === Checking the job status... ===
I 03-17 23:00:40 utils.py:137] Job status: JobStatus.RUNNING
I 03-17 23:00:40 utils.py:140] ==================================
I 03-17 23:01:00 utils.py:131] === Checking the job status... ===
I 03-17 23:01:01 utils.py:137] Job status: JobStatus.RUNNING
I 03-17 23:01:01 utils.py:140] ==================================
I 03-17 23:01:21 utils.py:131] === Checking the job status... ===
I 03-17 23:01:22 utils.py:137] Job status: JobStatus.RUNNING
I 03-17 23:01:22 utils.py:140] ==================================
I 03-17 23:01:42 utils.py:131] === Checking the job status... ===
I 03-17 23:01:43 utils.py:137] Job status: JobStatus.RUNNING
I 03-17 23:01:43 utils.py:140] ==================================
I 03-17 23:02:03 utils.py:131] === Checking the job status... ===
I 03-17 23:02:04 utils.py:137] Job status: JobStatus.RUNNING
I 03-17 23:02:04 utils.py:140] ==================================
I 03-17 23:02:24 utils.py:131] === Checking the job status... ===
I 03-17 23:02:25 utils.py:137] Job status: JobStatus.RUNNING
I 03-17 23:02:25 utils.py:140] ==================================
I 03-17 23:02:45 utils.py:131] === Checking the job status... ===
I 03-17 23:02:46 utils.py:137] Job status: JobStatus.RUNNING
I 03-17 23:02:46 utils.py:140] ==================================
I 03-17 23:03:06 utils.py:131] === Checking the job status... ===
I 03-17 23:03:07 utils.py:137] Job status: JobStatus.RUNNING
I 03-17 23:03:07 utils.py:140] ==================================
I 03-17 23:03:27 utils.py:131] === Checking the job status... ===
I 03-17 23:03:28 utils.py:137] Job status: JobStatus.RUNNING
I 03-17 23:03:28 utils.py:140] ==================================
I 03-17 23:03:48 utils.py:131] === Checking the job status... ===
I 03-17 23:03:49 utils.py:137] Job status: JobStatus.RUNNING
I 03-17 23:03:49 utils.py:140] ==================================
I 03-17 23:04:09 utils.py:131] === Checking the job status... ===
I 03-17 23:04:10 utils.py:137] Job status: JobStatus.RUNNING
I 03-17 23:04:10 utils.py:140] ==================================
I 03-17 23:04:30 utils.py:131] === Checking the job status... ===
I 03-17 23:04:31 utils.py:137] Job status: JobStatus.RUNNING
I 03-17 23:04:31 utils.py:140] ==================================
I 03-17 23:04:51 utils.py:131] === Checking the job status... ===
I 03-17 23:04:52 utils.py:137] Job status: JobStatus.RUNNING
I 03-17 23:04:52 utils.py:140] ==================================
I 03-17 23:05:12 utils.py:131] === Checking the job status... ===
I 03-17 23:05:13 utils.py:137] Job status: JobStatus.RUNNING
I 03-17 23:05:13 utils.py:140] ==================================
I 03-17 23:05:34 utils.py:131] === Checking the job status... ===
I 03-17 23:05:35 utils.py:137] Job status: JobStatus.RUNNING
I 03-17 23:05:35 utils.py:140] ==================================
I 03-17 23:05:55 utils.py:131] === Checking the job status... ===
I 03-17 23:05:56 utils.py:137] Job status: JobStatus.RUNNING
I 03-17 23:05:56 utils.py:140] ==================================
I 03-17 23:06:16 utils.py:131] === Checking the job status... ===
I 03-17 23:06:17 utils.py:137] Job status: JobStatus.RUNNING
I 03-17 23:06:17 utils.py:140] ==================================
I 03-17 23:06:37 utils.py:131] === Checking the job status... ===
I 03-17 23:06:38 utils.py:137] Job status: JobStatus.RUNNING
I 03-17 23:06:38 utils.py:140] ==================================
I 03-17 23:06:58 utils.py:131] === Checking the job status... ===
I 03-17 23:06:59 utils.py:137] Job status: JobStatus.RUNNING
I 03-17 23:06:59 utils.py:140] ==================================
I 03-17 23:07:19 utils.py:131] === Checking the job status... ===
I 03-17 23:07:20 utils.py:137] Job status: JobStatus.RUNNING
I 03-17 23:07:20 utils.py:140] ==================================
I 03-17 23:07:40 utils.py:131] === Checking the job status... ===
I 03-17 23:07:41 utils.py:137] Job status: JobStatus.RUNNING
I 03-17 23:07:41 utils.py:140] ==================================
I 03-17 23:08:01 utils.py:131] === Checking the job status... ===
I 03-17 23:08:02 utils.py:137] Job status: JobStatus.RUNNING
I 03-17 23:08:02 utils.py:140] ==================================
I 03-17 23:08:22 utils.py:131] === Checking the job status... ===
I 03-17 23:08:23 utils.py:137] Job status: JobStatus.RUNNING
I 03-17 23:08:23 utils.py:140] ==================================
I 03-17 23:08:43 utils.py:131] === Checking the job status... ===
I 03-17 23:08:44 utils.py:137] Job status: JobStatus.RUNNING
I 03-17 23:08:44 utils.py:140] ==================================
I 03-17 23:09:04 utils.py:131] === Checking the job status... ===
I 03-17 23:09:05 utils.py:137] Job status: JobStatus.RUNNING
I 03-17 23:09:05 utils.py:140] ==================================
I 03-17 23:09:25 utils.py:131] === Checking the job status... ===
I 03-17 23:09:26 utils.py:137] Job status: JobStatus.RUNNING
I 03-17 23:09:26 utils.py:140] ==================================
I 03-17 23:09:46 utils.py:131] === Checking the job status... ===
I 03-17 23:09:47 utils.py:137] Job status: JobStatus.RUNNING
I 03-17 23:09:47 utils.py:140] ==================================
I 03-17 23:10:07 utils.py:131] === Checking the job status... ===
I 03-17 23:10:08 utils.py:137] Job status: JobStatus.RUNNING
I 03-17 23:10:08 utils.py:140] ==================================
I 03-17 23:10:28 utils.py:131] === Checking the job status... ===
I 03-17 23:10:29 utils.py:137] Job status: JobStatus.RUNNING
I 03-17 23:10:29 utils.py:140] ==================================
I 03-17 23:10:50 utils.py:131] === Checking the job status... ===
I 03-17 23:10:51 utils.py:137] Job status: JobStatus.RUNNING
I 03-17 23:10:51 utils.py:140] ==================================
I 03-17 23:11:11 utils.py:131] === Checking the job status... ===
I 03-17 23:11:12 utils.py:137] Job status: JobStatus.RUNNING
I 03-17 23:11:12 utils.py:140] ==================================
I 03-17 23:11:32 utils.py:131] === Checking the job status... ===
I 03-17 23:11:33 utils.py:137] Job status: JobStatus.RUNNING
I 03-17 23:11:33 utils.py:140] ==================================
I 03-17 23:11:53 utils.py:131] === Checking the job status... ===
I 03-17 23:11:54 utils.py:137] Job status: JobStatus.RUNNING
I 03-17 23:11:54 utils.py:140] ==================================
I 03-17 23:12:14 utils.py:131] === Checking the job status... ===
I 03-17 23:12:15 utils.py:137] Job status: JobStatus.RUNNING
I 03-17 23:12:15 utils.py:140] ==================================
I 03-17 23:12:35 utils.py:131] === Checking the job status... ===
I 03-17 23:12:36 utils.py:137] Job status: JobStatus.RUNNING
I 03-17 23:12:36 utils.py:140] ==================================
I 03-17 23:12:56 utils.py:131] === Checking the job status... ===
I 03-17 23:12:57 utils.py:137] Job status: JobStatus.RUNNING
I 03-17 23:12:57 utils.py:140] ==================================
I 03-17 23:13:17 utils.py:131] === Checking the job status... ===
I 03-17 23:13:18 utils.py:137] Job status: JobStatus.RUNNING
I 03-17 23:13:18 utils.py:140] ==================================
I 03-17 23:13:38 utils.py:131] === Checking the job status... ===
I 03-17 23:13:39 utils.py:137] Job status: JobStatus.RUNNING
I 03-17 23:13:39 utils.py:140] ==================================
I 03-17 23:13:59 utils.py:131] === Checking the job status... ===
I 03-17 23:14:00 utils.py:137] Job status: JobStatus.RUNNING
I 03-17 23:14:00 utils.py:140] ==================================
I 03-17 23:14:21 utils.py:131] === Checking the job status... ===
I 03-17 23:14:22 utils.py:137] Job status: JobStatus.RUNNING
I 03-17 23:14:22 utils.py:140] ==================================
I 03-17 23:14:42 utils.py:131] === Checking the job status... ===
I 03-17 23:14:43 utils.py:137] Job status: JobStatus.RUNNING
I 03-17 23:14:43 utils.py:140] ==================================
I 03-17 23:15:03 utils.py:131] === Checking the job status... ===
I 03-17 23:15:04 utils.py:137] Job status: JobStatus.RUNNING
I 03-17 23:15:04 utils.py:140] ==================================
I 03-17 23:15:24 utils.py:131] === Checking the job status... ===
I 03-17 23:15:25 utils.py:137] Job status: JobStatus.RUNNING
I 03-17 23:15:25 utils.py:140] ==================================
I 03-17 23:15:45 utils.py:131] === Checking the job status... ===
I 03-17 23:15:46 utils.py:137] Job status: JobStatus.RUNNING
I 03-17 23:15:46 utils.py:140] ==================================
I 03-17 23:16:06 utils.py:131] === Checking the job status... ===
I 03-17 23:16:07 utils.py:137] Job status: JobStatus.RUNNING
I 03-17 23:16:07 utils.py:140] ==================================
I 03-17 23:16:27 utils.py:131] === Checking the job status... ===
I 03-17 23:16:28 utils.py:137] Job status: JobStatus.RUNNING
I 03-17 23:16:28 utils.py:140] ==================================
I 03-17 23:16:48 utils.py:131] === Checking the job status... ===
I 03-17 23:16:49 utils.py:137] Job status: JobStatus.RUNNING
I 03-17 23:16:49 utils.py:140] ==================================
I 03-17 23:17:09 utils.py:131] === Checking the job status... ===
I 03-17 23:17:10 utils.py:137] Job status: JobStatus.RUNNING
I 03-17 23:17:10 utils.py:140] ==================================
I 03-17 23:17:31 utils.py:131] === Checking the job status... ===
I 03-17 23:17:32 utils.py:137] Job status: JobStatus.RUNNING
I 03-17 23:17:32 utils.py:140] ==================================
I 03-17 23:17:52 utils.py:131] === Checking the job status... ===
I 03-17 23:17:53 utils.py:137] Job status: JobStatus.RUNNING
I 03-17 23:17:53 utils.py:140] ==================================
I 03-17 23:18:13 utils.py:131] === Checking the job status... ===
I 03-17 23:18:14 utils.py:137] Job status: JobStatus.RUNNING
I 03-17 23:18:14 utils.py:140] ==================================
I 03-17 23:18:34 utils.py:131] === Checking the job status... ===
I 03-17 23:18:35 utils.py:137] Job status: JobStatus.RUNNING
I 03-17 23:18:35 utils.py:140] ==================================
I 03-17 23:18:55 utils.py:131] === Checking the job status... ===
I 03-17 23:18:56 utils.py:137] Job status: JobStatus.RUNNING
I 03-17 23:18:56 utils.py:140] ==================================
I 03-17 23:19:16 utils.py:131] === Checking the job status... ===
I 03-17 23:19:17 utils.py:137] Job status: JobStatus.RUNNING
I 03-17 23:19:17 utils.py:140] ==================================
I 03-17 23:19:37 utils.py:131] === Checking the job status... ===
I 03-17 23:19:38 utils.py:137] Job status: JobStatus.RUNNING
I 03-17 23:19:38 utils.py:140] ==================================
I 03-17 23:19:58 utils.py:131] === Checking the job status... ===
I 03-17 23:19:59 utils.py:137] Job status: JobStatus.RUNNING
I 03-17 23:19:59 utils.py:140] ==================================
I 03-17 23:20:20 utils.py:131] === Checking the job status... ===
I 03-17 23:20:21 utils.py:137] Job status: JobStatus.RUNNING
I 03-17 23:20:21 utils.py:140] ==================================
I 03-17 23:20:41 utils.py:131] === Checking the job status... ===
I 03-17 23:20:42 utils.py:137] Job status: JobStatus.RUNNING
I 03-17 23:20:42 utils.py:140] ==================================
I 03-17 23:21:02 utils.py:131] === Checking the job status... ===
I 03-17 23:21:03 utils.py:137] Job status: JobStatus.RUNNING
I 03-17 23:21:03 utils.py:140] ==================================
I 03-17 23:21:23 utils.py:131] === Checking the job status... ===
I 03-17 23:21:24 utils.py:137] Job status: JobStatus.RUNNING
I 03-17 23:21:24 utils.py:140] ==================================
I 03-17 23:21:44 utils.py:131] === Checking the job status... ===
I 03-17 23:21:45 utils.py:137] Job status: JobStatus.RUNNING
I 03-17 23:21:45 utils.py:140] ==================================
I 03-17 23:22:05 utils.py:131] === Checking the job status... ===
I 03-17 23:22:06 utils.py:137] Job status: JobStatus.RUNNING
I 03-17 23:22:06 utils.py:140] ==================================
I 03-17 23:22:26 utils.py:131] === Checking the job status... ===
I 03-17 23:22:27 utils.py:137] Job status: JobStatus.RUNNING
I 03-17 23:22:27 utils.py:140] ==================================
I 03-17 23:22:47 utils.py:131] === Checking the job status... ===
I 03-17 23:22:48 utils.py:137] Job status: JobStatus.RUNNING
I 03-17 23:22:48 utils.py:140] ==================================
I 03-17 23:23:08 utils.py:131] === Checking the job status... ===
I 03-17 23:23:09 utils.py:137] Job status: JobStatus.RUNNING
I 03-17 23:23:09 utils.py:140] ==================================
I 03-17 23:23:29 utils.py:131] === Checking the job status... ===
I 03-17 23:23:30 utils.py:137] Job status: JobStatus.RUNNING
I 03-17 23:23:30 utils.py:140] ==================================
I 03-17 23:23:50 utils.py:131] === Checking the job status... ===
I 03-17 23:23:51 utils.py:137] Job status: JobStatus.RUNNING
I 03-17 23:23:51 utils.py:140] ==================================
I 03-17 23:24:11 utils.py:131] === Checking the job status... ===
I 03-17 23:24:12 utils.py:137] Job status: JobStatus.RUNNING
I 03-17 23:24:12 utils.py:140] ==================================
I 03-17 23:24:32 utils.py:131] === Checking the job status... ===
I 03-17 23:24:33 utils.py:137] Job status: JobStatus.RUNNING
I 03-17 23:24:33 utils.py:140] ==================================
I 03-17 23:24:53 utils.py:131] === Checking the job status... ===
I 03-17 23:24:54 utils.py:137] Job status: JobStatus.RUNNING
I 03-17 23:24:54 utils.py:140] ==================================
I 03-17 23:25:15 utils.py:131] === Checking the job status... ===
I 03-17 23:25:16 utils.py:137] Job status: JobStatus.RUNNING
I 03-17 23:25:16 utils.py:140] ==================================
I 03-17 23:25:36 utils.py:131] === Checking the job status... ===
I 03-17 23:25:37 utils.py:137] Job status: JobStatus.RUNNING
I 03-17 23:25:37 utils.py:140] ==================================
I 03-17 23:25:57 utils.py:131] === Checking the job status... ===
I 03-17 23:25:58 utils.py:137] Job status: JobStatus.RUNNING
I 03-17 23:25:58 utils.py:140] ==================================
I 03-17 23:26:18 utils.py:131] === Checking the job status... ===
I 03-17 23:26:19 utils.py:137] Job status: JobStatus.RUNNING
I 03-17 23:26:19 utils.py:140] ==================================
I 03-17 23:26:39 utils.py:131] === Checking the job status... ===
I 03-17 23:26:40 utils.py:137] Job status: JobStatus.RUNNING
I 03-17 23:26:40 utils.py:140] ==================================
I 03-17 23:27:00 utils.py:131] === Checking the job status... ===
I 03-17 23:27:01 utils.py:137] Job status: JobStatus.RUNNING
I 03-17 23:27:01 utils.py:140] ==================================
I 03-17 23:27:21 utils.py:131] === Checking the job status... ===
I 03-17 23:27:22 utils.py:137] Job status: JobStatus.RUNNING
I 03-17 23:27:22 utils.py:140] ==================================
I 03-17 23:27:42 utils.py:131] === Checking the job status... ===
I 03-17 23:27:43 utils.py:137] Job status: JobStatus.RUNNING
I 03-17 23:27:43 utils.py:140] ==================================
I 03-17 23:28:03 utils.py:131] === Checking the job status... ===
I 03-17 23:28:04 utils.py:137] Job status: JobStatus.RUNNING
I 03-17 23:28:04 utils.py:140] ==================================
I 03-17 23:28:24 utils.py:131] === Checking the job status... ===
I 03-17 23:28:25 utils.py:137] Job status: JobStatus.RUNNING
I 03-17 23:28:25 utils.py:140] ==================================
I 03-17 23:28:45 utils.py:131] === Checking the job status... ===
I 03-17 23:28:46 utils.py:137] Job status: JobStatus.RUNNING
I 03-17 23:28:46 utils.py:140] ==================================
I 03-17 23:29:07 utils.py:131] === Checking the job status... ===
I 03-17 23:29:08 utils.py:137] Job status: JobStatus.RUNNING
I 03-17 23:29:08 utils.py:140] ==================================
I 03-17 23:29:28 utils.py:131] === Checking the job status... ===
I 03-17 23:29:29 utils.py:137] Job status: JobStatus.RUNNING
I 03-17 23:29:29 utils.py:140] ==================================
I 03-17 23:29:49 utils.py:131] === Checking the job status... ===
I 03-17 23:29:50 utils.py:137] Job status: JobStatus.RUNNING
I 03-17 23:29:50 utils.py:140] ==================================
I 03-17 23:30:10 utils.py:131] === Checking the job status... ===
I 03-17 23:30:11 utils.py:137] Job status: JobStatus.RUNNING
I 03-17 23:30:11 utils.py:140] ==================================
I 03-17 23:30:31 utils.py:131] === Checking the job status... ===
I 03-17 23:30:32 utils.py:137] Job status: JobStatus.RUNNING
I 03-17 23:30:32 utils.py:140] ==================================
I 03-17 23:30:52 utils.py:131] === Checking the job status... ===
I 03-17 23:30:53 utils.py:137] Job status: JobStatus.RUNNING
I 03-17 23:30:53 utils.py:140] ==================================
I 03-17 23:31:13 utils.py:131] === Checking the job status... ===
I 03-17 23:31:14 utils.py:137] Job status: JobStatus.RUNNING
I 03-17 23:31:14 utils.py:140] ==================================
I 03-17 23:31:34 utils.py:131] === Checking the job status... ===
I 03-17 23:31:35 utils.py:137] Job status: JobStatus.RUNNING
I 03-17 23:31:35 utils.py:140] ==================================
I 03-17 23:31:55 utils.py:131] === Checking the job status... ===
I 03-17 23:31:56 utils.py:137] Job status: JobStatus.RUNNING
I 03-17 23:31:56 utils.py:140] ==================================
I 03-17 23:32:17 utils.py:131] === Checking the job status... ===
I 03-17 23:32:18 utils.py:137] Job status: JobStatus.RUNNING
I 03-17 23:32:18 utils.py:140] ==================================
I 03-17 23:32:38 utils.py:131] === Checking the job status... ===
I 03-17 23:32:39 utils.py:137] Job status: JobStatus.RUNNING
I 03-17 23:32:39 utils.py:140] ==================================
I 03-17 23:32:59 utils.py:131] === Checking the job status... ===
I 03-17 23:33:00 utils.py:137] Job status: JobStatus.RUNNING
I 03-17 23:33:00 utils.py:140] ==================================
I 03-17 23:33:20 utils.py:131] === Checking the job status... ===
I 03-17 23:33:21 utils.py:137] Job status: JobStatus.RUNNING
I 03-17 23:33:21 utils.py:140] ==================================
I 03-17 23:33:41 utils.py:131] === Checking the job status... ===
I 03-17 23:33:42 utils.py:137] Job status: JobStatus.RUNNING
I 03-17 23:33:42 utils.py:140] ==================================
I 03-17 23:34:02 utils.py:131] === Checking the job status... ===
I 03-17 23:34:03 utils.py:137] Job status: JobStatus.RUNNING
I 03-17 23:34:03 utils.py:140] ==================================
I 03-17 23:34:23 utils.py:131] === Checking the job status... ===
I 03-17 23:34:24 utils.py:137] Job status: JobStatus.RUNNING
I 03-17 23:34:24 utils.py:140] ==================================
I 03-17 23:34:44 utils.py:131] === Checking the job status... ===
I 03-17 23:34:45 utils.py:137] Job status: JobStatus.RUNNING
I 03-17 23:34:45 utils.py:140] ==================================
I 03-17 23:35:05 utils.py:131] === Checking the job status... ===
I 03-17 23:35:06 utils.py:137] Job status: JobStatus.RUNNING
I 03-17 23:35:06 utils.py:140] ==================================
I 03-17 23:35:26 utils.py:131] === Checking the job status... ===
I 03-17 23:35:27 utils.py:137] Job status: JobStatus.RUNNING
I 03-17 23:35:27 utils.py:140] ==================================
I 03-17 23:35:47 utils.py:131] === Checking the job status... ===
I 03-17 23:35:48 utils.py:137] Job status: JobStatus.RUNNING
I 03-17 23:35:48 utils.py:140] ==================================
I 03-17 23:36:09 utils.py:131] === Checking the job status... ===
I 03-17 23:36:10 utils.py:137] Job status: JobStatus.RUNNING
I 03-17 23:36:10 utils.py:140] ==================================
I 03-17 23:36:30 utils.py:131] === Checking the job status... ===
I 03-17 23:36:31 utils.py:137] Job status: JobStatus.RUNNING
I 03-17 23:36:31 utils.py:140] ==================================
I 03-17 23:36:51 utils.py:131] === Checking the job status... ===
I 03-17 23:36:52 utils.py:137] Job status: JobStatus.RUNNING
I 03-17 23:36:52 utils.py:140] ==================================
I 03-17 23:37:12 utils.py:131] === Checking the job status... ===
I 03-17 23:37:13 utils.py:137] Job status: JobStatus.RUNNING
I 03-17 23:37:13 utils.py:140] ==================================
I 03-17 23:37:33 utils.py:131] === Checking the job status... ===
I 03-17 23:37:34 utils.py:137] Job status: JobStatus.RUNNING
I 03-17 23:37:34 utils.py:140] ==================================
I 03-17 23:37:54 utils.py:131] === Checking the job status... ===
I 03-17 23:37:55 utils.py:137] Job status: JobStatus.RUNNING
I 03-17 23:37:55 utils.py:140] ==================================
I 03-17 23:38:15 utils.py:131] === Checking the job status... ===
I 03-17 23:38:16 utils.py:137] Job status: JobStatus.RUNNING
I 03-17 23:38:16 utils.py:140] ==================================
I 03-17 23:38:36 utils.py:131] === Checking the job status... ===
I 03-17 23:38:37 utils.py:137] Job status: JobStatus.RUNNING
I 03-17 23:38:37 utils.py:140] ==================================
I 03-17 23:38:57 utils.py:131] === Checking the job status... ===
I 03-17 23:38:58 utils.py:137] Job status: JobStatus.RUNNING
I 03-17 23:38:58 utils.py:140] ==================================
I 03-17 23:39:18 utils.py:131] === Checking the job status... ===
I 03-17 23:39:19 utils.py:137] Job status: JobStatus.RUNNING
I 03-17 23:39:19 utils.py:140] ==================================
I 03-17 23:39:39 utils.py:131] === Checking the job status... ===
I 03-17 23:39:40 utils.py:137] Job status: JobStatus.RUNNING
I 03-17 23:39:40 utils.py:140] ==================================
I 03-17 23:40:00 utils.py:131] === Checking the job status... ===
I 03-17 23:40:01 utils.py:137] Job status: JobStatus.RUNNING
I 03-17 23:40:01 utils.py:140] ==================================
I 03-17 23:40:21 utils.py:131] === Checking the job status... ===
I 03-17 23:40:22 utils.py:137] Job status: JobStatus.RUNNING
I 03-17 23:40:22 utils.py:140] ==================================
I 03-17 23:40:43 utils.py:131] === Checking the job status... ===
I 03-17 23:40:43 utils.py:137] Job status: JobStatus.RUNNING
I 03-17 23:40:43 utils.py:140] ==================================
I 03-17 23:41:04 utils.py:131] === Checking the job status... ===
I 03-17 23:41:05 utils.py:137] Job status: JobStatus.RUNNING
I 03-17 23:41:05 utils.py:140] ==================================
I 03-17 23:41:25 utils.py:131] === Checking the job status... ===
I 03-17 23:41:26 utils.py:137] Job status: JobStatus.RUNNING
I 03-17 23:41:26 utils.py:140] ==================================
I 03-17 23:41:46 utils.py:131] === Checking the job status... ===
I 03-17 23:41:47 utils.py:137] Job status: JobStatus.RUNNING
I 03-17 23:41:47 utils.py:140] ==================================
I 03-17 23:42:07 utils.py:131] === Checking the job status... ===
I 03-17 23:42:08 utils.py:137] Job status: JobStatus.RUNNING
I 03-17 23:42:08 utils.py:140] ==================================
I 03-17 23:42:28 utils.py:131] === Checking the job status... ===
I 03-17 23:42:29 utils.py:137] Job status: JobStatus.RUNNING
I 03-17 23:42:29 utils.py:140] ==================================
I 03-17 23:42:49 utils.py:131] === Checking the job status... ===
I 03-17 23:42:50 utils.py:137] Job status: JobStatus.RUNNING
I 03-17 23:42:50 utils.py:140] ==================================
I 03-17 23:43:10 utils.py:131] === Checking the job status... ===
I 03-17 23:43:11 utils.py:137] Job status: JobStatus.RUNNING
I 03-17 23:43:11 utils.py:140] ==================================
I 03-17 23:43:31 utils.py:131] === Checking the job status... ===
I 03-17 23:43:32 utils.py:137] Job status: JobStatus.RUNNING
I 03-17 23:43:32 utils.py:140] ==================================
I 03-17 23:43:52 utils.py:131] === Checking the job status... ===
I 03-17 23:43:53 utils.py:137] Job status: JobStatus.RUNNING
I 03-17 23:43:53 utils.py:140] ==================================
I 03-17 23:44:13 utils.py:131] === Checking the job status... ===
I 03-17 23:44:14 utils.py:137] Job status: JobStatus.RUNNING
I 03-17 23:44:14 utils.py:140] ==================================
I 03-17 23:44:35 utils.py:131] === Checking the job status... ===
I 03-17 23:44:36 utils.py:137] Job status: JobStatus.RUNNING
I 03-17 23:44:36 utils.py:140] ==================================
I 03-17 23:44:56 utils.py:131] === Checking the job status... ===
I 03-17 23:44:57 utils.py:137] Job status: JobStatus.RUNNING
I 03-17 23:44:57 utils.py:140] ==================================
I 03-17 23:45:17 utils.py:131] === Checking the job status... ===
I 03-17 23:45:18 utils.py:137] Job status: JobStatus.RUNNING
I 03-17 23:45:18 utils.py:140] ==================================
I 03-17 23:45:38 utils.py:131] === Checking the job status... ===
I 03-17 23:45:39 utils.py:137] Job status: JobStatus.RUNNING
I 03-17 23:45:39 utils.py:140] ==================================
I 03-17 23:45:59 utils.py:131] === Checking the job status... ===
I 03-17 23:46:00 utils.py:137] Job status: JobStatus.RUNNING
I 03-17 23:46:00 utils.py:140] ==================================
I 03-17 23:46:20 utils.py:131] === Checking the job status... ===
I 03-17 23:46:21 utils.py:137] Job status: JobStatus.RUNNING
I 03-17 23:46:21 utils.py:140] ==================================
I 03-17 23:46:41 utils.py:131] === Checking the job status... ===
I 03-17 23:46:42 utils.py:137] Job status: JobStatus.RUNNING
I 03-17 23:46:42 utils.py:140] ==================================
I 03-17 23:47:02 utils.py:131] === Checking the job status... ===
I 03-17 23:47:03 utils.py:137] Job status: JobStatus.RUNNING
I 03-17 23:47:03 utils.py:140] ==================================
