I 03-17 21:16:08 controller.py:59] DAG:
I 03-17 21:16:08 controller.py:59] [Task<name=compute-text-vectors>(run='# Initialize and dow...')
I 03-17 21:16:08 controller.py:59]   resources: {AWS([Spot], cpus=4, {'L4': 1}), AWS(cpus=4, {'L4': 1})}]
I 03-17 21:16:08 controller.py:195] Submitted managed job 44 (task: 0, name: 'compute-text-vectors'); SKYPILOT_TASK_ID: sky-managed-2025-03-17-21-16-08-444477_compute-text-vectors_44-0
I 03-17 21:16:08 controller.py:199] Started monitoring.
I 03-17 21:16:08 state.py:451] Launching the spot cluster...
I 03-17 21:16:08 storage.py:1058] Storage type StoreType.S3 already exists.
<sky-payload>"<rich_init>[bold cyan]Optimizing[/]</rich_init>"</sky-payload>
<sky-payload>"<rich_update>[bold cyan]Optimizing[/]</rich_update>"</sky-payload>
<sky-payload>"<rich_start>[bold cyan]Optimizing[/]</rich_start>"</sky-payload>
I 03-17 21:16:09 optimizer.py:736] [1mTarget:[0m minimizing cost
I 03-17 21:16:09 optimizer.py:749] [1mEstimated cost: [0m$0.2 / hour
I 03-17 21:16:09 optimizer.py:749] 
I 03-17 21:16:09 optimizer.py:884] Considered resources (1 node):
I 03-17 21:16:09 optimizer.py:952] ----------------------------------------------------------------------------------------------
I 03-17 21:16:09 optimizer.py:952]  CLOUD   INSTANCE          vCPUs   Mem(GB)   ACCELERATORS   REGION/ZONE   COST ($)   CHOSEN   
I 03-17 21:16:09 optimizer.py:952] ----------------------------------------------------------------------------------------------
I 03-17 21:16:09 optimizer.py:952]  AWS     g6.xlarge[Spot]   4       16        L4:1           ap-south-1b   0.22       [32m   ✔[0m     
I 03-17 21:16:09 optimizer.py:952]  AWS     g6.xlarge         4       16        L4:1           us-east-1     0.80                
I 03-17 21:16:09 optimizer.py:952] ----------------------------------------------------------------------------------------------
<sky-payload>"<rich_exit></rich_exit>"</sky-payload>
<sky-payload>"<rich_init>[bold cyan]Launching[/]</rich_init>"</sky-payload>
<sky-payload>"<rich_update>[bold cyan]Launching[/]</rich_update>"</sky-payload>
<sky-payload>"<rich_start>[bold cyan]Launching[/]</rich_start>"</sky-payload>
<sky-payload>"<rich_update>[bold cyan]Launching[/]  \u001b[2mView logs: sky api logs -l sky-2025-03-17-21-16-09-044429/provision.log\u001b[0m</rich_update>"</sky-payload>
<sky-payload>"<rich_update>[bold cyan]Launching[/]  \u001b[2mView logs: sky api logs -l sky-2025-03-17-21-16-09-044429/provision.log\u001b[0m</rich_update>"</sky-payload>
I 03-17 21:16:09 cloud_vm_ray_backend.py:1520] [0m⚙︎ Launching on AWS ap-south-1[0m (ap-south-1b).
[2mW 03-17 21:16:38 instance.py:243] create_instances: Attempt failed with An error occurred (InsufficientInstanceCapacity) when calling the RunInstances operation (reached max retries: 0): There is no Spot capacity available that matches your request.[0m
W 03-17 21:16:39 cloud_vm_ray_backend.py:2061] sky.exceptions.ResourcesUnavailableError: Failed to acquire resources in ap-south-1b for {AWS(cpus=4, {'L4': 1}), AWS([Spot], cpus=4, {'L4': 1})}. 
W 03-17 21:16:39 cloud_vm_ray_backend.py:2097] 
W 03-17 21:16:39 cloud_vm_ray_backend.py:2097] [0m[33m↺[0m Trying other potential resources.
<sky-payload>"<rich_update>[bold cyan]Looking for resources[/]  \u001b[2mView logs: sky api logs -l sky-2025-03-17-21-16-09-044429/provision.log\u001b[0m</rich_update>"</sky-payload>
<sky-payload>"<rich_update>[bold cyan]Optimizing[/]</rich_update>"</sky-payload>
<sky-payload>"<rich_start>[bold cyan]Launching[/]</rich_start>"</sky-payload>
I 03-17 21:16:40 optimizer.py:736] [1mTarget:[0m minimizing cost
I 03-17 21:16:40 optimizer.py:749] [1mEstimated cost: [0m$0.2 / hour
I 03-17 21:16:40 optimizer.py:749] 
I 03-17 21:16:40 optimizer.py:884] Considered resources (1 node):
I 03-17 21:16:40 optimizer.py:952] ----------------------------------------------------------------------------------------------
I 03-17 21:16:40 optimizer.py:952]  CLOUD   INSTANCE          vCPUs   Mem(GB)   ACCELERATORS   REGION/ZONE   COST ($)   CHOSEN   
I 03-17 21:16:40 optimizer.py:952] ----------------------------------------------------------------------------------------------
I 03-17 21:16:40 optimizer.py:952]  AWS     g6.xlarge[Spot]   4       16        L4:1           ap-south-1a   0.25       [32m   ✔[0m     
I 03-17 21:16:40 optimizer.py:952]  AWS     g6.xlarge         4       16        L4:1           us-east-1     0.80                
I 03-17 21:16:40 optimizer.py:952] ----------------------------------------------------------------------------------------------
<sky-payload>"<rich_update>[bold cyan]Looking for resources[/]  \u001b[2mView logs: sky api logs -l sky-2025-03-17-21-16-09-044429/provision.log\u001b[0m</rich_update>"</sky-payload>
<sky-payload>"<rich_update>[bold cyan]Launching[/]  \u001b[2mView logs: sky api logs -l sky-2025-03-17-21-16-09-044429/provision.log\u001b[0m</rich_update>"</sky-payload>
I 03-17 21:16:40 cloud_vm_ray_backend.py:1520] [0m⚙︎ Launching on AWS ap-south-1[0m (ap-south-1a).
[2mW 03-17 21:18:18 instance.py:243] create_instances: Attempt failed with An error occurred (MaxSpotInstanceCountExceeded) when calling the RunInstances operation: Max spot instance count exceeded[0m
W 03-17 21:18:19 cloud_vm_ray_backend.py:2061] sky.exceptions.ResourcesUnavailableError: Failed to acquire resources in ap-south-1a for {AWS(cpus=4, {'L4': 1}), AWS([Spot], cpus=4, {'L4': 1})}. 
W 03-17 21:18:19 cloud_vm_ray_backend.py:2097] 
W 03-17 21:18:19 cloud_vm_ray_backend.py:2097] [0m[33m↺[0m Trying other potential resources.
<sky-payload>"<rich_update>[bold cyan]Looking for resources[/]  \u001b[2mView logs: sky api logs -l sky-2025-03-17-21-16-09-044429/provision.log\u001b[0m</rich_update>"</sky-payload>
<sky-payload>"<rich_update>[bold cyan]Optimizing[/]</rich_update>"</sky-payload>
<sky-payload>"<rich_start>[bold cyan]Launching[/]</rich_start>"</sky-payload>
I 03-17 21:18:19 optimizer.py:736] [1mTarget:[0m minimizing cost
I 03-17 21:18:19 optimizer.py:749] [1mEstimated cost: [0m$0.3 / hour
I 03-17 21:18:19 optimizer.py:749] 
I 03-17 21:18:19 optimizer.py:884] Considered resources (1 node):
I 03-17 21:18:19 optimizer.py:952] --------------------------------------------------------------------------------------------------
I 03-17 21:18:19 optimizer.py:952]  CLOUD   INSTANCE          vCPUs   Mem(GB)   ACCELERATORS   REGION/ZONE       COST ($)   CHOSEN   
I 03-17 21:18:19 optimizer.py:952] --------------------------------------------------------------------------------------------------
I 03-17 21:18:19 optimizer.py:952]  AWS     g6.xlarge[Spot]   4       16        L4:1           ap-northeast-2d   0.25       [32m   ✔[0m     
I 03-17 21:18:19 optimizer.py:952]  AWS     g6.xlarge         4       16        L4:1           us-east-1         0.80                
I 03-17 21:18:19 optimizer.py:952] --------------------------------------------------------------------------------------------------
<sky-payload>"<rich_update>[bold cyan]Looking for resources[/]  \u001b[2mView logs: sky api logs -l sky-2025-03-17-21-16-09-044429/provision.log\u001b[0m</rich_update>"</sky-payload>
<sky-payload>"<rich_update>[bold cyan]Launching[/]  \u001b[2mView logs: sky api logs -l sky-2025-03-17-21-16-09-044429/provision.log\u001b[0m</rich_update>"</sky-payload>
I 03-17 21:18:19 cloud_vm_ray_backend.py:1520] [0m⚙︎ Launching on AWS ap-northeast-2[0m (ap-northeast-2d).
<sky-payload>"<rich_update>[bold cyan]Launching - Checking instance status[/]  \u001b[2mView logs: sky api logs -l sky-2025-03-17-21-16-09-044429/provision.log\u001b[0m</rich_update>"</sky-payload>
<sky-payload>"<rich_update>[bold cyan]Launching - Waiting for SSH access[/]  \u001b[2mView logs: sky api logs -l sky-2025-03-17-21-16-09-044429/provision.log\u001b[0m</rich_update>"</sky-payload>
<sky-payload>"<rich_start>[bold cyan]Launching[/]</rich_start>"</sky-payload>
I 03-17 21:18:52 provisioner.py:451] [2m└── [0m[2mInstance is up.[0m
<sky-payload>"<rich_update>[bold cyan]Preparing SkyPilot runtime (1/3 - initializing)[/]  \u001b[2mView logs: sky api logs -l sky-2025-03-17-21-16-09-044429/provision.log\u001b[0m</rich_update>"</sky-payload>
<sky-payload>"<rich_update>[bold cyan]Preparing SkyPilot runtime (2/3 - dependencies)[/]  \u001b[2mView logs: sky api logs -l sky-2025-03-17-21-16-09-044429/provision.log\u001b[0m</rich_update>"</sky-payload>
<sky-payload>"<rich_update>[bold cyan]Preparing SkyPilot runtime (3/3 - runtime)[/]  \u001b[2mView logs: sky api logs -l sky-2025-03-17-21-16-09-044429/provision.log\u001b[0m</rich_update>"</sky-payload>
<sky-payload>"<rich_update>[bold cyan]Launching - Checking instance status[/]  \u001b[2mView logs: sky api logs -l sky-2025-03-17-21-16-09-044429/provision.log\u001b[0m</rich_update>"</sky-payload>
I 03-17 21:19:21 provisioner.py:632] [0m[32m✓ Cluster launched: compute-text-vectors-44.[0m  [2mView logs: sky api logs -l sky-2025-03-17-21-16-09-044429/provision.log[0m
<sky-payload>"<rich_exit></rich_exit>"</sky-payload>
I 03-17 21:19:21 execution.py:332] [0m⚙︎ Syncing files.
<sky-payload>"<rich_init>[bold cyan]Syncing files[/]</rich_init>"</sky-payload>
<sky-payload>"<rich_update>[bold cyan]Syncing files[/]</rich_update>"</sky-payload>
<sky-payload>"<rich_start>[bold cyan]Syncing files[/]</rich_start>"</sky-payload>
<sky-payload>"<rich_update>[bold cyan]Syncing file mounts[/]  \u001b[2mView logs: sky api logs -l sky-2025-03-17-21-16-09-044429/file_mounts.log\u001b[0m</rich_update>"</sky-payload>
I 03-17 21:19:21 backend_utils.py:1315]   [2mSyncing (to 1 node): s3://skypilot-filemounts-root-726f1974-89u2rz6m/job-89u2rz6m/workdir -> ~/sky_workdir[0m
I 03-17 21:19:25 cloud_vm_ray_backend.py:4801] [0m[32m✓ Synced file_mounts.[0m  [2mView logs: sky api logs -l sky-2025-03-17-21-16-09-044429/file_mounts.log[0m
<sky-payload>"<rich_update>[bold cyan]Mounting 1 storage[/]  \u001b[2mView logs: sky api logs -l sky-2025-03-17-21-16-09-044429/storage_mounts.log\u001b[0m</rich_update>"</sky-payload>
I 03-17 21:19:25 backend_utils.py:1315]   [2mMounting (to 1 node): s3://sky-text-embeddings-multi-cluster-final-2 -> /output[0m
I 03-17 21:19:29 cloud_vm_ray_backend.py:4892] [0m[32m✓ Storage mounted.[0m  [2mView logs: sky api logs -l sky-2025-03-17-21-16-09-044429/storage_mounts.log[0m
<sky-payload>"<rich_exit></rich_exit>"</sky-payload>
<sky-payload>"<rich_init>[bold cyan]Running setup[/]</rich_init>"</sky-payload>
<sky-payload>"<rich_update>[bold cyan]Running setup[/]</rich_update>"</sky-payload>
<sky-payload>"<rich_start>[bold cyan]Running setup[/]</rich_start>"</sky-payload>
<sky-payload>"<rich_stop></rich_stop>"</sky-payload>
I 03-17 21:19:33 cloud_vm_ray_backend.py:3357] [0m[32m✓ Setup detached.[0m
<sky-payload>"<rich_exit></rich_exit>"</sky-payload>
<sky-payload>"<rich_init>[bold cyan]Submitting job[/]</rich_init>"</sky-payload>
<sky-payload>"<rich_update>[bold cyan]Submitting job[/]</rich_update>"</sky-payload>
<sky-payload>"<rich_start>[bold cyan]Submitting job[/]</rich_start>"</sky-payload>
I 03-17 21:19:34 cloud_vm_ray_backend.py:3546] Multiple resources are specified for the task, using: AWS([Spot], cpus=4, {'L4': 1})
I 03-17 21:19:36 cloud_vm_ray_backend.py:3460] [0m⚙︎ Job submitted, ID: 1
<sky-payload>"<rich_stop></rich_stop>"</sky-payload>
<sky-payload>"<rich_exit></rich_exit>"</sky-payload>

[?25hI 03-17 21:19:36 recovery_strategy.py:289] Managed job cluster launched.
I 03-17 21:19:40 utils.py:131] === Checking the job status... ===
I 03-17 21:19:41 utils.py:137] Job status: JobStatus.SETTING_UP
I 03-17 21:19:41 utils.py:140] ==================================
I 03-17 21:19:42 state.py:471] Job started.
I 03-17 21:20:02 utils.py:131] === Checking the job status... ===
I 03-17 21:20:03 utils.py:137] Job status: JobStatus.SETTING_UP
I 03-17 21:20:03 utils.py:140] ==================================
I 03-17 21:20:23 utils.py:131] === Checking the job status... ===
I 03-17 21:20:24 utils.py:137] Job status: JobStatus.SETTING_UP
I 03-17 21:20:24 utils.py:140] ==================================
I 03-17 21:20:45 utils.py:131] === Checking the job status... ===
I 03-17 21:20:46 utils.py:137] Job status: JobStatus.SETTING_UP
I 03-17 21:20:46 utils.py:140] ==================================
I 03-17 21:21:06 utils.py:131] === Checking the job status... ===
I 03-17 21:21:07 utils.py:137] Job status: JobStatus.SETTING_UP
I 03-17 21:21:07 utils.py:140] ==================================
I 03-17 21:21:27 utils.py:131] === Checking the job status... ===
I 03-17 21:21:28 utils.py:137] Job status: JobStatus.SETTING_UP
I 03-17 21:21:28 utils.py:140] ==================================
I 03-17 21:21:48 utils.py:131] === Checking the job status... ===
I 03-17 21:21:49 utils.py:137] Job status: JobStatus.RUNNING
I 03-17 21:21:49 utils.py:140] ==================================
I 03-17 21:22:09 utils.py:131] === Checking the job status... ===
I 03-17 21:22:10 utils.py:137] Job status: JobStatus.RUNNING
I 03-17 21:22:10 utils.py:140] ==================================
I 03-17 21:22:30 utils.py:131] === Checking the job status... ===
I 03-17 21:22:31 utils.py:137] Job status: JobStatus.RUNNING
I 03-17 21:22:31 utils.py:140] ==================================
I 03-17 21:22:51 utils.py:131] === Checking the job status... ===
I 03-17 21:22:52 utils.py:137] Job status: JobStatus.RUNNING
I 03-17 21:22:52 utils.py:140] ==================================
I 03-17 21:23:12 utils.py:131] === Checking the job status... ===
I 03-17 21:23:13 utils.py:137] Job status: JobStatus.RUNNING
I 03-17 21:23:13 utils.py:140] ==================================
I 03-17 21:23:34 utils.py:131] === Checking the job status... ===
I 03-17 21:23:35 utils.py:137] Job status: JobStatus.RUNNING
I 03-17 21:23:35 utils.py:140] ==================================
I 03-17 21:23:55 utils.py:131] === Checking the job status... ===
I 03-17 21:23:56 utils.py:137] Job status: JobStatus.RUNNING
I 03-17 21:23:56 utils.py:140] ==================================
I 03-17 21:24:16 utils.py:131] === Checking the job status... ===
I 03-17 21:24:17 utils.py:137] Job status: JobStatus.RUNNING
I 03-17 21:24:17 utils.py:140] ==================================
I 03-17 21:24:37 utils.py:131] === Checking the job status... ===
I 03-17 21:24:39 utils.py:137] Job status: JobStatus.RUNNING
I 03-17 21:24:39 utils.py:140] ==================================
I 03-17 21:24:59 utils.py:131] === Checking the job status... ===
I 03-17 21:25:00 utils.py:137] Job status: JobStatus.RUNNING
I 03-17 21:25:00 utils.py:140] ==================================
I 03-17 21:25:20 utils.py:131] === Checking the job status... ===
I 03-17 21:25:21 utils.py:137] Job status: JobStatus.RUNNING
I 03-17 21:25:21 utils.py:140] ==================================
I 03-17 21:25:41 utils.py:131] === Checking the job status... ===
I 03-17 21:25:44 utils.py:137] Job status: JobStatus.RUNNING
I 03-17 21:25:44 utils.py:140] ==================================
I 03-17 21:26:05 utils.py:131] === Checking the job status... ===
I 03-17 21:26:08 utils.py:137] Job status: JobStatus.RUNNING
I 03-17 21:26:08 utils.py:140] ==================================
I 03-17 21:26:28 utils.py:131] === Checking the job status... ===
I 03-17 21:26:29 utils.py:137] Job status: JobStatus.RUNNING
I 03-17 21:26:29 utils.py:140] ==================================
I 03-17 21:26:50 utils.py:131] === Checking the job status... ===
I 03-17 21:26:51 utils.py:137] Job status: JobStatus.RUNNING
I 03-17 21:26:51 utils.py:140] ==================================
I 03-17 21:27:11 utils.py:131] === Checking the job status... ===
I 03-17 21:27:12 utils.py:137] Job status: JobStatus.RUNNING
I 03-17 21:27:12 utils.py:140] ==================================
I 03-17 21:27:32 utils.py:131] === Checking the job status... ===
I 03-17 21:27:33 utils.py:137] Job status: JobStatus.RUNNING
I 03-17 21:27:33 utils.py:140] ==================================
I 03-17 21:27:53 utils.py:131] === Checking the job status... ===
I 03-17 21:27:54 utils.py:137] Job status: JobStatus.RUNNING
I 03-17 21:27:54 utils.py:140] ==================================
I 03-17 21:28:14 utils.py:131] === Checking the job status... ===
I 03-17 21:28:15 utils.py:137] Job status: JobStatus.RUNNING
I 03-17 21:28:15 utils.py:140] ==================================
I 03-17 21:28:35 utils.py:131] === Checking the job status... ===
I 03-17 21:28:36 utils.py:137] Job status: JobStatus.RUNNING
I 03-17 21:28:36 utils.py:140] ==================================
I 03-17 21:28:56 utils.py:131] === Checking the job status... ===
I 03-17 21:28:57 utils.py:137] Job status: JobStatus.RUNNING
I 03-17 21:28:57 utils.py:140] ==================================
I 03-17 21:29:18 utils.py:131] === Checking the job status... ===
I 03-17 21:29:19 utils.py:137] Job status: JobStatus.RUNNING
I 03-17 21:29:19 utils.py:140] ==================================
I 03-17 21:29:39 utils.py:131] === Checking the job status... ===
I 03-17 21:29:40 utils.py:137] Job status: JobStatus.RUNNING
I 03-17 21:29:40 utils.py:140] ==================================
I 03-17 21:30:00 utils.py:131] === Checking the job status... ===
I 03-17 21:30:01 utils.py:137] Job status: JobStatus.RUNNING
I 03-17 21:30:01 utils.py:140] ==================================
I 03-17 21:30:21 utils.py:131] === Checking the job status... ===
I 03-17 21:30:22 utils.py:137] Job status: JobStatus.RUNNING
I 03-17 21:30:22 utils.py:140] ==================================
I 03-17 21:30:42 utils.py:131] === Checking the job status... ===
I 03-17 21:30:43 utils.py:137] Job status: JobStatus.RUNNING
I 03-17 21:30:43 utils.py:140] ==================================
I 03-17 21:31:03 utils.py:131] === Checking the job status... ===
I 03-17 21:31:04 utils.py:137] Job status: JobStatus.RUNNING
I 03-17 21:31:04 utils.py:140] ==================================
I 03-17 21:31:24 utils.py:131] === Checking the job status... ===
I 03-17 21:31:25 utils.py:137] Job status: JobStatus.RUNNING
I 03-17 21:31:25 utils.py:140] ==================================
I 03-17 21:31:45 utils.py:131] === Checking the job status... ===
I 03-17 21:31:46 utils.py:137] Job status: JobStatus.RUNNING
I 03-17 21:31:46 utils.py:140] ==================================
I 03-17 21:32:06 utils.py:131] === Checking the job status... ===
I 03-17 21:32:07 utils.py:137] Job status: JobStatus.RUNNING
I 03-17 21:32:07 utils.py:140] ==================================
I 03-17 21:32:28 utils.py:131] === Checking the job status... ===
I 03-17 21:32:28 utils.py:137] Job status: JobStatus.RUNNING
I 03-17 21:32:28 utils.py:140] ==================================
I 03-17 21:32:49 utils.py:131] === Checking the job status... ===
I 03-17 21:32:50 utils.py:137] Job status: JobStatus.RUNNING
I 03-17 21:32:50 utils.py:140] ==================================
I 03-17 21:33:10 utils.py:131] === Checking the job status... ===
I 03-17 21:33:11 utils.py:137] Job status: JobStatus.RUNNING
I 03-17 21:33:11 utils.py:140] ==================================
I 03-17 21:33:31 utils.py:131] === Checking the job status... ===
I 03-17 21:33:32 utils.py:137] Job status: JobStatus.RUNNING
I 03-17 21:33:32 utils.py:140] ==================================
I 03-17 21:33:52 utils.py:131] === Checking the job status... ===
I 03-17 21:33:53 utils.py:137] Job status: JobStatus.RUNNING
I 03-17 21:33:53 utils.py:140] ==================================
I 03-17 21:34:13 utils.py:131] === Checking the job status... ===
I 03-17 21:34:14 utils.py:137] Job status: JobStatus.RUNNING
I 03-17 21:34:14 utils.py:140] ==================================
I 03-17 21:34:34 utils.py:131] === Checking the job status... ===
I 03-17 21:34:35 utils.py:137] Job status: JobStatus.RUNNING
I 03-17 21:34:35 utils.py:140] ==================================
I 03-17 21:34:55 utils.py:131] === Checking the job status... ===
I 03-17 21:34:56 utils.py:137] Job status: JobStatus.RUNNING
I 03-17 21:34:56 utils.py:140] ==================================
I 03-17 21:35:16 utils.py:131] === Checking the job status... ===
I 03-17 21:35:17 utils.py:137] Job status: JobStatus.RUNNING
I 03-17 21:35:17 utils.py:140] ==================================
I 03-17 21:35:37 utils.py:131] === Checking the job status... ===
I 03-17 21:35:38 utils.py:137] Job status: JobStatus.RUNNING
I 03-17 21:35:38 utils.py:140] ==================================
I 03-17 21:35:58 utils.py:131] === Checking the job status... ===
I 03-17 21:35:59 utils.py:137] Job status: JobStatus.RUNNING
I 03-17 21:35:59 utils.py:140] ==================================
I 03-17 21:36:20 utils.py:131] === Checking the job status... ===
I 03-17 21:36:21 utils.py:137] Job status: JobStatus.RUNNING
I 03-17 21:36:21 utils.py:140] ==================================
I 03-17 21:36:41 utils.py:131] === Checking the job status... ===
I 03-17 21:36:42 utils.py:137] Job status: JobStatus.RUNNING
I 03-17 21:36:42 utils.py:140] ==================================
I 03-17 21:37:02 utils.py:131] === Checking the job status... ===
I 03-17 21:37:03 utils.py:137] Job status: JobStatus.RUNNING
I 03-17 21:37:03 utils.py:140] ==================================
I 03-17 21:37:23 utils.py:131] === Checking the job status... ===
I 03-17 21:37:24 utils.py:137] Job status: JobStatus.RUNNING
I 03-17 21:37:24 utils.py:140] ==================================
I 03-17 21:37:44 utils.py:131] === Checking the job status... ===
I 03-17 21:37:45 utils.py:137] Job status: JobStatus.RUNNING
I 03-17 21:37:45 utils.py:140] ==================================
I 03-17 21:38:05 utils.py:131] === Checking the job status... ===
I 03-17 21:38:06 utils.py:137] Job status: JobStatus.RUNNING
I 03-17 21:38:06 utils.py:140] ==================================
I 03-17 21:38:26 utils.py:131] === Checking the job status... ===
I 03-17 21:38:27 utils.py:137] Job status: JobStatus.RUNNING
I 03-17 21:38:27 utils.py:140] ==================================
I 03-17 21:38:47 utils.py:131] === Checking the job status... ===
I 03-17 21:38:48 utils.py:137] Job status: JobStatus.RUNNING
I 03-17 21:38:48 utils.py:140] ==================================
I 03-17 21:39:08 utils.py:131] === Checking the job status... ===
I 03-17 21:39:09 utils.py:137] Job status: JobStatus.RUNNING
I 03-17 21:39:09 utils.py:140] ==================================
I 03-17 21:39:30 utils.py:131] === Checking the job status... ===
I 03-17 21:39:31 utils.py:137] Job status: JobStatus.RUNNING
I 03-17 21:39:31 utils.py:140] ==================================
I 03-17 21:39:51 utils.py:131] === Checking the job status... ===
I 03-17 21:39:52 utils.py:137] Job status: JobStatus.RUNNING
I 03-17 21:39:52 utils.py:140] ==================================
I 03-17 21:40:12 utils.py:131] === Checking the job status... ===
I 03-17 21:40:13 utils.py:137] Job status: JobStatus.RUNNING
I 03-17 21:40:13 utils.py:140] ==================================
I 03-17 21:40:33 utils.py:131] === Checking the job status... ===
I 03-17 21:40:34 utils.py:137] Job status: JobStatus.RUNNING
I 03-17 21:40:34 utils.py:140] ==================================
I 03-17 21:40:54 utils.py:131] === Checking the job status... ===
I 03-17 21:40:55 utils.py:137] Job status: JobStatus.RUNNING
I 03-17 21:40:55 utils.py:140] ==================================
I 03-17 21:41:15 utils.py:131] === Checking the job status... ===
I 03-17 21:41:16 utils.py:137] Job status: JobStatus.RUNNING
I 03-17 21:41:16 utils.py:140] ==================================
I 03-17 21:41:36 utils.py:131] === Checking the job status... ===
I 03-17 21:41:37 utils.py:137] Job status: JobStatus.RUNNING
I 03-17 21:41:37 utils.py:140] ==================================
I 03-17 21:41:57 utils.py:131] === Checking the job status... ===
I 03-17 21:41:58 utils.py:137] Job status: JobStatus.RUNNING
I 03-17 21:41:58 utils.py:140] ==================================
I 03-17 21:42:18 utils.py:131] === Checking the job status... ===
I 03-17 21:42:19 utils.py:137] Job status: JobStatus.RUNNING
I 03-17 21:42:19 utils.py:140] ==================================
I 03-17 21:42:39 utils.py:131] === Checking the job status... ===
I 03-17 21:42:40 utils.py:137] Job status: JobStatus.RUNNING
I 03-17 21:42:40 utils.py:140] ==================================
I 03-17 21:43:00 utils.py:131] === Checking the job status... ===
I 03-17 21:43:01 utils.py:137] Job status: JobStatus.RUNNING
I 03-17 21:43:01 utils.py:140] ==================================
I 03-17 21:43:22 utils.py:131] === Checking the job status... ===
I 03-17 21:43:23 utils.py:137] Job status: JobStatus.RUNNING
I 03-17 21:43:23 utils.py:140] ==================================
I 03-17 21:43:43 utils.py:131] === Checking the job status... ===
I 03-17 21:43:44 utils.py:137] Job status: JobStatus.RUNNING
I 03-17 21:43:44 utils.py:140] ==================================
I 03-17 21:44:04 utils.py:131] === Checking the job status... ===
I 03-17 21:44:05 utils.py:137] Job status: JobStatus.RUNNING
I 03-17 21:44:05 utils.py:140] ==================================
I 03-17 21:44:25 utils.py:131] === Checking the job status... ===
I 03-17 21:44:26 utils.py:137] Job status: JobStatus.RUNNING
I 03-17 21:44:26 utils.py:140] ==================================
I 03-17 21:44:46 utils.py:131] === Checking the job status... ===
I 03-17 21:44:47 utils.py:137] Job status: JobStatus.RUNNING
I 03-17 21:44:47 utils.py:140] ==================================
I 03-17 21:45:07 utils.py:131] === Checking the job status... ===
I 03-17 21:45:08 utils.py:137] Job status: JobStatus.RUNNING
I 03-17 21:45:08 utils.py:140] ==================================
I 03-17 21:45:28 utils.py:131] === Checking the job status... ===
I 03-17 21:45:29 utils.py:137] Job status: JobStatus.RUNNING
I 03-17 21:45:29 utils.py:140] ==================================
I 03-17 21:45:49 utils.py:131] === Checking the job status... ===
I 03-17 21:45:50 utils.py:137] Job status: JobStatus.RUNNING
I 03-17 21:45:50 utils.py:140] ==================================
I 03-17 21:46:11 utils.py:131] === Checking the job status... ===
I 03-17 21:46:12 utils.py:137] Job status: JobStatus.RUNNING
I 03-17 21:46:12 utils.py:140] ==================================
I 03-17 21:46:32 utils.py:131] === Checking the job status... ===
I 03-17 21:46:33 utils.py:137] Job status: JobStatus.RUNNING
I 03-17 21:46:33 utils.py:140] ==================================
I 03-17 21:46:53 utils.py:131] === Checking the job status... ===
I 03-17 21:46:54 utils.py:137] Job status: JobStatus.RUNNING
I 03-17 21:46:54 utils.py:140] ==================================
I 03-17 21:47:14 utils.py:131] === Checking the job status... ===
I 03-17 21:47:15 utils.py:137] Job status: JobStatus.RUNNING
I 03-17 21:47:15 utils.py:140] ==================================
I 03-17 21:47:35 utils.py:131] === Checking the job status... ===
I 03-17 21:47:36 utils.py:137] Job status: JobStatus.RUNNING
I 03-17 21:47:36 utils.py:140] ==================================
I 03-17 21:47:56 utils.py:131] === Checking the job status... ===
I 03-17 21:47:57 utils.py:137] Job status: JobStatus.RUNNING
I 03-17 21:47:57 utils.py:140] ==================================
I 03-17 21:48:17 utils.py:131] === Checking the job status... ===
I 03-17 21:48:18 utils.py:137] Job status: JobStatus.RUNNING
I 03-17 21:48:18 utils.py:140] ==================================
I 03-17 21:48:38 utils.py:131] === Checking the job status... ===
I 03-17 21:48:39 utils.py:137] Job status: JobStatus.RUNNING
I 03-17 21:48:39 utils.py:140] ==================================
I 03-17 21:48:59 utils.py:131] === Checking the job status... ===
I 03-17 21:49:00 utils.py:137] Job status: JobStatus.RUNNING
I 03-17 21:49:00 utils.py:140] ==================================
I 03-17 21:49:20 utils.py:131] === Checking the job status... ===
I 03-17 21:49:21 utils.py:137] Job status: JobStatus.RUNNING
I 03-17 21:49:21 utils.py:140] ==================================
I 03-17 21:49:42 utils.py:131] === Checking the job status... ===
I 03-17 21:49:43 utils.py:137] Job status: JobStatus.RUNNING
I 03-17 21:49:43 utils.py:140] ==================================
I 03-17 21:50:03 utils.py:131] === Checking the job status... ===
I 03-17 21:50:04 utils.py:137] Job status: JobStatus.RUNNING
I 03-17 21:50:04 utils.py:140] ==================================
I 03-17 21:50:24 utils.py:131] === Checking the job status... ===
I 03-17 21:50:25 utils.py:137] Job status: JobStatus.RUNNING
I 03-17 21:50:25 utils.py:140] ==================================
I 03-17 21:50:45 utils.py:131] === Checking the job status... ===
I 03-17 21:50:46 utils.py:137] Job status: JobStatus.RUNNING
I 03-17 21:50:46 utils.py:140] ==================================
I 03-17 21:51:06 utils.py:131] === Checking the job status... ===
I 03-17 21:51:07 utils.py:137] Job status: JobStatus.RUNNING
I 03-17 21:51:07 utils.py:140] ==================================
I 03-17 21:51:27 utils.py:131] === Checking the job status... ===
I 03-17 21:51:28 utils.py:137] Job status: JobStatus.RUNNING
I 03-17 21:51:28 utils.py:140] ==================================
I 03-17 21:51:48 utils.py:131] === Checking the job status... ===
I 03-17 21:51:49 utils.py:137] Job status: JobStatus.RUNNING
I 03-17 21:51:49 utils.py:140] ==================================
I 03-17 21:52:09 utils.py:131] === Checking the job status... ===
I 03-17 21:52:10 utils.py:137] Job status: JobStatus.RUNNING
I 03-17 21:52:10 utils.py:140] ==================================
I 03-17 21:52:30 utils.py:131] === Checking the job status... ===
I 03-17 21:52:31 utils.py:137] Job status: JobStatus.RUNNING
I 03-17 21:52:31 utils.py:140] ==================================
I 03-17 21:52:52 utils.py:131] === Checking the job status... ===
I 03-17 21:52:53 utils.py:137] Job status: JobStatus.RUNNING
I 03-17 21:52:53 utils.py:140] ==================================
I 03-17 21:53:13 utils.py:131] === Checking the job status... ===
I 03-17 21:53:14 utils.py:137] Job status: JobStatus.RUNNING
I 03-17 21:53:14 utils.py:140] ==================================
I 03-17 21:53:34 utils.py:131] === Checking the job status... ===
I 03-17 21:53:35 utils.py:137] Job status: JobStatus.RUNNING
I 03-17 21:53:35 utils.py:140] ==================================
I 03-17 21:53:55 utils.py:131] === Checking the job status... ===
I 03-17 21:53:56 utils.py:137] Job status: JobStatus.RUNNING
I 03-17 21:53:56 utils.py:140] ==================================
I 03-17 21:54:16 utils.py:131] === Checking the job status... ===
I 03-17 21:54:17 utils.py:137] Job status: JobStatus.RUNNING
I 03-17 21:54:17 utils.py:140] ==================================
I 03-17 21:54:37 utils.py:131] === Checking the job status... ===
I 03-17 21:54:38 utils.py:137] Job status: JobStatus.RUNNING
I 03-17 21:54:38 utils.py:140] ==================================
I 03-17 21:54:58 utils.py:131] === Checking the job status... ===
I 03-17 21:54:59 utils.py:137] Job status: JobStatus.RUNNING
I 03-17 21:54:59 utils.py:140] ==================================
I 03-17 21:55:19 utils.py:131] === Checking the job status... ===
I 03-17 21:55:20 utils.py:137] Job status: JobStatus.RUNNING
I 03-17 21:55:20 utils.py:140] ==================================
I 03-17 21:55:40 utils.py:131] === Checking the job status... ===
I 03-17 21:55:41 utils.py:137] Job status: JobStatus.RUNNING
I 03-17 21:55:41 utils.py:140] ==================================
I 03-17 21:56:01 utils.py:131] === Checking the job status... ===
I 03-17 21:56:02 utils.py:137] Job status: JobStatus.RUNNING
I 03-17 21:56:02 utils.py:140] ==================================
I 03-17 21:56:23 utils.py:131] === Checking the job status... ===
I 03-17 21:56:24 utils.py:137] Job status: JobStatus.RUNNING
I 03-17 21:56:24 utils.py:140] ==================================
I 03-17 21:56:44 utils.py:131] === Checking the job status... ===
I 03-17 21:56:45 utils.py:137] Job status: JobStatus.RUNNING
I 03-17 21:56:45 utils.py:140] ==================================
I 03-17 21:57:05 utils.py:131] === Checking the job status... ===
I 03-17 21:57:06 utils.py:137] Job status: JobStatus.RUNNING
I 03-17 21:57:06 utils.py:140] ==================================
I 03-17 21:57:26 utils.py:131] === Checking the job status... ===
I 03-17 21:57:27 utils.py:137] Job status: JobStatus.RUNNING
I 03-17 21:57:27 utils.py:140] ==================================
I 03-17 21:57:47 utils.py:131] === Checking the job status... ===
I 03-17 21:57:48 utils.py:137] Job status: JobStatus.RUNNING
I 03-17 21:57:48 utils.py:140] ==================================
I 03-17 21:58:08 utils.py:131] === Checking the job status... ===
I 03-17 21:58:09 utils.py:137] Job status: JobStatus.RUNNING
I 03-17 21:58:09 utils.py:140] ==================================
I 03-17 21:58:29 utils.py:131] === Checking the job status... ===
I 03-17 21:58:30 utils.py:137] Job status: JobStatus.RUNNING
I 03-17 21:58:30 utils.py:140] ==================================
I 03-17 21:58:50 utils.py:131] === Checking the job status... ===
I 03-17 21:58:51 utils.py:137] Job status: JobStatus.RUNNING
I 03-17 21:58:51 utils.py:140] ==================================
I 03-17 21:59:12 utils.py:131] === Checking the job status... ===
I 03-17 21:59:12 utils.py:137] Job status: JobStatus.RUNNING
I 03-17 21:59:12 utils.py:140] ==================================
I 03-17 21:59:33 utils.py:131] === Checking the job status... ===
I 03-17 21:59:34 utils.py:137] Job status: JobStatus.RUNNING
I 03-17 21:59:34 utils.py:140] ==================================
I 03-17 21:59:54 utils.py:131] === Checking the job status... ===
I 03-17 21:59:55 utils.py:137] Job status: JobStatus.RUNNING
I 03-17 21:59:55 utils.py:140] ==================================
I 03-17 22:00:15 utils.py:131] === Checking the job status... ===
I 03-17 22:00:16 utils.py:137] Job status: JobStatus.RUNNING
I 03-17 22:00:16 utils.py:140] ==================================
I 03-17 22:00:36 utils.py:131] === Checking the job status... ===
I 03-17 22:00:37 utils.py:137] Job status: JobStatus.RUNNING
I 03-17 22:00:37 utils.py:140] ==================================
I 03-17 22:00:57 utils.py:131] === Checking the job status... ===
I 03-17 22:00:58 utils.py:137] Job status: JobStatus.RUNNING
I 03-17 22:00:58 utils.py:140] ==================================
I 03-17 22:01:18 utils.py:131] === Checking the job status... ===
I 03-17 22:01:19 utils.py:137] Job status: JobStatus.RUNNING
I 03-17 22:01:19 utils.py:140] ==================================
I 03-17 22:01:39 utils.py:131] === Checking the job status... ===
I 03-17 22:01:40 utils.py:137] Job status: JobStatus.RUNNING
I 03-17 22:01:40 utils.py:140] ==================================
I 03-17 22:02:00 utils.py:131] === Checking the job status... ===
I 03-17 22:02:01 utils.py:137] Job status: JobStatus.RUNNING
I 03-17 22:02:01 utils.py:140] ==================================
I 03-17 22:02:21 utils.py:131] === Checking the job status... ===
I 03-17 22:02:22 utils.py:137] Job status: JobStatus.RUNNING
I 03-17 22:02:22 utils.py:140] ==================================
I 03-17 22:02:42 utils.py:131] === Checking the job status... ===
I 03-17 22:02:43 utils.py:137] Job status: JobStatus.RUNNING
I 03-17 22:02:43 utils.py:140] ==================================
I 03-17 22:03:03 utils.py:131] === Checking the job status... ===
I 03-17 22:03:04 utils.py:137] Job status: JobStatus.RUNNING
I 03-17 22:03:04 utils.py:140] ==================================
I 03-17 22:03:25 utils.py:131] === Checking the job status... ===
I 03-17 22:03:26 utils.py:137] Job status: JobStatus.RUNNING
I 03-17 22:03:26 utils.py:140] ==================================
I 03-17 22:03:46 utils.py:131] === Checking the job status... ===
I 03-17 22:03:47 utils.py:137] Job status: JobStatus.RUNNING
I 03-17 22:03:47 utils.py:140] ==================================
I 03-17 22:04:07 utils.py:131] === Checking the job status... ===
I 03-17 22:04:08 utils.py:137] Job status: JobStatus.RUNNING
I 03-17 22:04:08 utils.py:140] ==================================
I 03-17 22:04:28 utils.py:131] === Checking the job status... ===
I 03-17 22:04:29 utils.py:137] Job status: JobStatus.RUNNING
I 03-17 22:04:29 utils.py:140] ==================================
I 03-17 22:04:49 utils.py:131] === Checking the job status... ===
I 03-17 22:04:50 utils.py:137] Job status: JobStatus.RUNNING
I 03-17 22:04:50 utils.py:140] ==================================
I 03-17 22:05:10 utils.py:131] === Checking the job status... ===
I 03-17 22:05:11 utils.py:137] Job status: JobStatus.RUNNING
I 03-17 22:05:11 utils.py:140] ==================================
I 03-17 22:05:31 utils.py:131] === Checking the job status... ===
I 03-17 22:05:32 utils.py:137] Job status: JobStatus.RUNNING
I 03-17 22:05:32 utils.py:140] ==================================
I 03-17 22:05:52 utils.py:131] === Checking the job status... ===
I 03-17 22:05:53 utils.py:137] Job status: JobStatus.RUNNING
I 03-17 22:05:53 utils.py:140] ==================================
I 03-17 22:06:13 utils.py:131] === Checking the job status... ===
I 03-17 22:06:14 utils.py:137] Job status: JobStatus.RUNNING
I 03-17 22:06:14 utils.py:140] ==================================
I 03-17 22:06:34 utils.py:131] === Checking the job status... ===
I 03-17 22:06:35 utils.py:137] Job status: JobStatus.RUNNING
I 03-17 22:06:35 utils.py:140] ==================================
I 03-17 22:06:55 utils.py:131] === Checking the job status... ===
I 03-17 22:06:56 utils.py:137] Job status: JobStatus.RUNNING
I 03-17 22:06:56 utils.py:140] ==================================
I 03-17 22:07:17 utils.py:131] === Checking the job status... ===
I 03-17 22:07:18 utils.py:137] Job status: JobStatus.RUNNING
I 03-17 22:07:18 utils.py:140] ==================================
I 03-17 22:07:38 utils.py:131] === Checking the job status... ===
I 03-17 22:07:39 utils.py:137] Job status: JobStatus.RUNNING
I 03-17 22:07:39 utils.py:140] ==================================
I 03-17 22:07:59 utils.py:131] === Checking the job status... ===
I 03-17 22:08:00 utils.py:137] Job status: JobStatus.RUNNING
I 03-17 22:08:00 utils.py:140] ==================================
I 03-17 22:08:20 utils.py:131] === Checking the job status... ===
I 03-17 22:08:21 utils.py:137] Job status: JobStatus.RUNNING
I 03-17 22:08:21 utils.py:140] ==================================
I 03-17 22:08:41 utils.py:131] === Checking the job status... ===
I 03-17 22:08:42 utils.py:137] Job status: JobStatus.RUNNING
I 03-17 22:08:42 utils.py:140] ==================================
I 03-17 22:09:02 utils.py:131] === Checking the job status... ===
I 03-17 22:09:03 utils.py:137] Job status: JobStatus.RUNNING
I 03-17 22:09:03 utils.py:140] ==================================
I 03-17 22:09:23 utils.py:131] === Checking the job status... ===
I 03-17 22:09:24 utils.py:137] Job status: JobStatus.RUNNING
I 03-17 22:09:24 utils.py:140] ==================================
I 03-17 22:09:44 utils.py:131] === Checking the job status... ===
I 03-17 22:09:45 utils.py:137] Job status: JobStatus.RUNNING
I 03-17 22:09:45 utils.py:140] ==================================
I 03-17 22:10:05 utils.py:131] === Checking the job status... ===
I 03-17 22:10:06 utils.py:137] Job status: JobStatus.RUNNING
I 03-17 22:10:06 utils.py:140] ==================================
I 03-17 22:10:26 utils.py:131] === Checking the job status... ===
I 03-17 22:10:27 utils.py:137] Job status: JobStatus.RUNNING
I 03-17 22:10:27 utils.py:140] ==================================
I 03-17 22:10:48 utils.py:131] === Checking the job status... ===
I 03-17 22:10:48 utils.py:137] Job status: JobStatus.RUNNING
I 03-17 22:10:48 utils.py:140] ==================================
I 03-17 22:11:09 utils.py:131] === Checking the job status... ===
I 03-17 22:11:10 utils.py:137] Job status: JobStatus.RUNNING
I 03-17 22:11:10 utils.py:140] ==================================
I 03-17 22:11:30 utils.py:131] === Checking the job status... ===
I 03-17 22:11:31 utils.py:137] Job status: JobStatus.RUNNING
I 03-17 22:11:31 utils.py:140] ==================================
I 03-17 22:11:51 utils.py:131] === Checking the job status... ===
I 03-17 22:11:52 utils.py:137] Job status: JobStatus.RUNNING
I 03-17 22:11:52 utils.py:140] ==================================
I 03-17 22:12:12 utils.py:131] === Checking the job status... ===
I 03-17 22:12:13 utils.py:137] Job status: JobStatus.RUNNING
I 03-17 22:12:13 utils.py:140] ==================================
I 03-17 22:12:33 utils.py:131] === Checking the job status... ===
I 03-17 22:12:34 utils.py:137] Job status: JobStatus.RUNNING
I 03-17 22:12:34 utils.py:140] ==================================
I 03-17 22:12:54 utils.py:131] === Checking the job status... ===
I 03-17 22:12:55 utils.py:137] Job status: JobStatus.RUNNING
I 03-17 22:12:55 utils.py:140] ==================================
I 03-17 22:13:15 utils.py:131] === Checking the job status... ===
I 03-17 22:13:16 utils.py:137] Job status: JobStatus.RUNNING
I 03-17 22:13:16 utils.py:140] ==================================
I 03-17 22:13:36 utils.py:131] === Checking the job status... ===
I 03-17 22:13:37 utils.py:137] Job status: JobStatus.RUNNING
I 03-17 22:13:37 utils.py:140] ==================================
I 03-17 22:13:57 utils.py:131] === Checking the job status... ===
I 03-17 22:13:58 utils.py:137] Job status: JobStatus.RUNNING
I 03-17 22:13:58 utils.py:140] ==================================
I 03-17 22:14:18 utils.py:131] === Checking the job status... ===
I 03-17 22:14:19 utils.py:137] Job status: JobStatus.RUNNING
I 03-17 22:14:19 utils.py:140] ==================================
I 03-17 22:14:39 utils.py:131] === Checking the job status... ===
I 03-17 22:14:40 utils.py:137] Job status: JobStatus.RUNNING
I 03-17 22:14:40 utils.py:140] ==================================
I 03-17 22:15:01 utils.py:131] === Checking the job status... ===
I 03-17 22:15:02 utils.py:137] Job status: JobStatus.RUNNING
I 03-17 22:15:02 utils.py:140] ==================================
I 03-17 22:15:22 utils.py:131] === Checking the job status... ===
I 03-17 22:15:23 utils.py:137] Job status: JobStatus.RUNNING
I 03-17 22:15:23 utils.py:140] ==================================
I 03-17 22:15:43 utils.py:131] === Checking the job status... ===
I 03-17 22:15:44 utils.py:137] Job status: JobStatus.RUNNING
I 03-17 22:15:44 utils.py:140] ==================================
I 03-17 22:16:04 utils.py:131] === Checking the job status... ===
I 03-17 22:16:05 utils.py:137] Job status: JobStatus.RUNNING
I 03-17 22:16:05 utils.py:140] ==================================
I 03-17 22:16:25 utils.py:131] === Checking the job status... ===
I 03-17 22:16:26 utils.py:137] Job status: JobStatus.RUNNING
I 03-17 22:16:26 utils.py:140] ==================================
I 03-17 22:16:46 utils.py:131] === Checking the job status... ===
I 03-17 22:16:47 utils.py:137] Job status: JobStatus.RUNNING
I 03-17 22:16:47 utils.py:140] ==================================
I 03-17 22:17:07 utils.py:131] === Checking the job status... ===
I 03-17 22:17:08 utils.py:137] Job status: JobStatus.RUNNING
I 03-17 22:17:08 utils.py:140] ==================================
I 03-17 22:17:28 utils.py:131] === Checking the job status... ===
I 03-17 22:17:29 utils.py:137] Job status: JobStatus.RUNNING
I 03-17 22:17:29 utils.py:140] ==================================
I 03-17 22:17:49 utils.py:131] === Checking the job status... ===
I 03-17 22:17:50 utils.py:137] Job status: JobStatus.RUNNING
I 03-17 22:17:50 utils.py:140] ==================================
I 03-17 22:18:10 utils.py:131] === Checking the job status... ===
I 03-17 22:18:11 utils.py:137] Job status: JobStatus.RUNNING
I 03-17 22:18:11 utils.py:140] ==================================
I 03-17 22:18:32 utils.py:131] === Checking the job status... ===
I 03-17 22:18:33 utils.py:137] Job status: JobStatus.RUNNING
I 03-17 22:18:33 utils.py:140] ==================================
I 03-17 22:18:53 utils.py:131] === Checking the job status... ===
I 03-17 22:18:54 utils.py:137] Job status: JobStatus.RUNNING
I 03-17 22:18:54 utils.py:140] ==================================
I 03-17 22:19:14 utils.py:131] === Checking the job status... ===
I 03-17 22:19:15 utils.py:137] Job status: JobStatus.RUNNING
I 03-17 22:19:15 utils.py:140] ==================================
I 03-17 22:19:35 utils.py:131] === Checking the job status... ===
I 03-17 22:19:36 utils.py:137] Job status: JobStatus.RUNNING
I 03-17 22:19:36 utils.py:140] ==================================
I 03-17 22:19:56 utils.py:131] === Checking the job status... ===
I 03-17 22:19:57 utils.py:137] Job status: JobStatus.RUNNING
I 03-17 22:19:57 utils.py:140] ==================================
I 03-17 22:20:17 utils.py:131] === Checking the job status... ===
I 03-17 22:20:18 utils.py:137] Job status: JobStatus.RUNNING
I 03-17 22:20:18 utils.py:140] ==================================
I 03-17 22:20:38 utils.py:131] === Checking the job status... ===
I 03-17 22:20:39 utils.py:137] Job status: JobStatus.RUNNING
I 03-17 22:20:39 utils.py:140] ==================================
I 03-17 22:20:59 utils.py:131] === Checking the job status... ===
I 03-17 22:21:00 utils.py:137] Job status: JobStatus.RUNNING
I 03-17 22:21:00 utils.py:140] ==================================
I 03-17 22:21:20 utils.py:131] === Checking the job status... ===
I 03-17 22:21:21 utils.py:137] Job status: JobStatus.RUNNING
I 03-17 22:21:21 utils.py:140] ==================================
I 03-17 22:21:41 utils.py:131] === Checking the job status... ===
I 03-17 22:21:42 utils.py:137] Job status: JobStatus.RUNNING
I 03-17 22:21:42 utils.py:140] ==================================
I 03-17 22:22:02 utils.py:131] === Checking the job status... ===
I 03-17 22:22:03 utils.py:137] Job status: JobStatus.RUNNING
I 03-17 22:22:03 utils.py:140] ==================================
I 03-17 22:22:23 utils.py:131] === Checking the job status... ===
I 03-17 22:22:24 utils.py:137] Job status: JobStatus.RUNNING
I 03-17 22:22:24 utils.py:140] ==================================
I 03-17 22:22:45 utils.py:131] === Checking the job status... ===
I 03-17 22:22:45 utils.py:137] Job status: JobStatus.RUNNING
I 03-17 22:22:45 utils.py:140] ==================================
I 03-17 22:23:06 utils.py:131] === Checking the job status... ===
I 03-17 22:23:07 utils.py:137] Job status: JobStatus.RUNNING
I 03-17 22:23:07 utils.py:140] ==================================
I 03-17 22:23:27 utils.py:131] === Checking the job status... ===
I 03-17 22:23:28 utils.py:137] Job status: JobStatus.RUNNING
I 03-17 22:23:28 utils.py:140] ==================================
I 03-17 22:23:48 utils.py:131] === Checking the job status... ===
I 03-17 22:23:49 utils.py:137] Job status: JobStatus.RUNNING
I 03-17 22:23:49 utils.py:140] ==================================
I 03-17 22:24:09 utils.py:131] === Checking the job status... ===
I 03-17 22:24:10 utils.py:137] Job status: JobStatus.RUNNING
I 03-17 22:24:10 utils.py:140] ==================================
I 03-17 22:24:30 utils.py:131] === Checking the job status... ===
I 03-17 22:24:31 utils.py:137] Job status: JobStatus.RUNNING
I 03-17 22:24:31 utils.py:140] ==================================
I 03-17 22:24:51 utils.py:131] === Checking the job status... ===
I 03-17 22:24:52 utils.py:137] Job status: JobStatus.RUNNING
I 03-17 22:24:52 utils.py:140] ==================================
I 03-17 22:25:12 utils.py:131] === Checking the job status... ===
I 03-17 22:25:13 utils.py:137] Job status: JobStatus.RUNNING
I 03-17 22:25:13 utils.py:140] ==================================
I 03-17 22:25:33 utils.py:131] === Checking the job status... ===
I 03-17 22:25:34 utils.py:137] Job status: JobStatus.RUNNING
I 03-17 22:25:34 utils.py:140] ==================================
I 03-17 22:25:54 utils.py:131] === Checking the job status... ===
I 03-17 22:25:55 utils.py:137] Job status: JobStatus.RUNNING
I 03-17 22:25:55 utils.py:140] ==================================
I 03-17 22:26:15 utils.py:131] === Checking the job status... ===
I 03-17 22:26:16 utils.py:137] Job status: JobStatus.RUNNING
I 03-17 22:26:16 utils.py:140] ==================================
I 03-17 22:26:36 utils.py:131] === Checking the job status... ===
I 03-17 22:26:37 utils.py:137] Job status: JobStatus.RUNNING
I 03-17 22:26:37 utils.py:140] ==================================
I 03-17 22:26:58 utils.py:131] === Checking the job status... ===
I 03-17 22:26:59 utils.py:137] Job status: JobStatus.RUNNING
I 03-17 22:26:59 utils.py:140] ==================================
I 03-17 22:27:19 utils.py:131] === Checking the job status... ===
I 03-17 22:27:20 utils.py:137] Job status: JobStatus.RUNNING
I 03-17 22:27:20 utils.py:140] ==================================
I 03-17 22:27:40 utils.py:131] === Checking the job status... ===
I 03-17 22:27:41 utils.py:137] Job status: JobStatus.RUNNING
I 03-17 22:27:41 utils.py:140] ==================================
I 03-17 22:28:01 utils.py:131] === Checking the job status... ===
I 03-17 22:28:02 utils.py:137] Job status: JobStatus.RUNNING
I 03-17 22:28:02 utils.py:140] ==================================
I 03-17 22:28:22 utils.py:131] === Checking the job status... ===
I 03-17 22:28:23 utils.py:137] Job status: JobStatus.RUNNING
I 03-17 22:28:23 utils.py:140] ==================================
I 03-17 22:28:43 utils.py:131] === Checking the job status... ===
I 03-17 22:28:44 utils.py:137] Job status: JobStatus.RUNNING
I 03-17 22:28:44 utils.py:140] ==================================
I 03-17 22:29:04 utils.py:131] === Checking the job status... ===
I 03-17 22:29:05 utils.py:137] Job status: JobStatus.RUNNING
I 03-17 22:29:05 utils.py:140] ==================================
I 03-17 22:29:25 utils.py:131] === Checking the job status... ===
I 03-17 22:29:26 utils.py:137] Job status: JobStatus.RUNNING
I 03-17 22:29:26 utils.py:140] ==================================
I 03-17 22:29:46 utils.py:131] === Checking the job status... ===
I 03-17 22:29:47 utils.py:137] Job status: JobStatus.RUNNING
I 03-17 22:29:47 utils.py:140] ==================================
I 03-17 22:30:08 utils.py:131] === Checking the job status... ===
I 03-17 22:30:09 utils.py:137] Job status: JobStatus.RUNNING
I 03-17 22:30:09 utils.py:140] ==================================
I 03-17 22:30:29 utils.py:131] === Checking the job status... ===
I 03-17 22:30:30 utils.py:137] Job status: JobStatus.RUNNING
I 03-17 22:30:30 utils.py:140] ==================================
I 03-17 22:30:50 utils.py:131] === Checking the job status... ===
I 03-17 22:30:51 utils.py:137] Job status: JobStatus.RUNNING
I 03-17 22:30:51 utils.py:140] ==================================
I 03-17 22:31:11 utils.py:131] === Checking the job status... ===
I 03-17 22:31:12 utils.py:137] Job status: JobStatus.RUNNING
I 03-17 22:31:12 utils.py:140] ==================================
I 03-17 22:31:32 utils.py:131] === Checking the job status... ===
I 03-17 22:31:33 utils.py:137] Job status: JobStatus.RUNNING
I 03-17 22:31:33 utils.py:140] ==================================
I 03-17 22:31:53 utils.py:131] === Checking the job status... ===
I 03-17 22:31:54 utils.py:137] Job status: JobStatus.RUNNING
I 03-17 22:31:54 utils.py:140] ==================================
I 03-17 22:32:14 utils.py:131] === Checking the job status... ===
I 03-17 22:32:15 utils.py:137] Job status: JobStatus.RUNNING
I 03-17 22:32:15 utils.py:140] ==================================
I 03-17 22:32:35 utils.py:131] === Checking the job status... ===
I 03-17 22:32:36 utils.py:137] Job status: JobStatus.RUNNING
I 03-17 22:32:36 utils.py:140] ==================================
I 03-17 22:32:56 utils.py:131] === Checking the job status... ===
I 03-17 22:32:57 utils.py:137] Job status: JobStatus.RUNNING
I 03-17 22:32:57 utils.py:140] ==================================
I 03-17 22:33:17 utils.py:131] === Checking the job status... ===
I 03-17 22:33:18 utils.py:137] Job status: JobStatus.RUNNING
I 03-17 22:33:18 utils.py:140] ==================================
I 03-17 22:33:39 utils.py:131] === Checking the job status... ===
I 03-17 22:33:39 utils.py:137] Job status: JobStatus.RUNNING
I 03-17 22:33:39 utils.py:140] ==================================
I 03-17 22:34:00 utils.py:131] === Checking the job status... ===
I 03-17 22:34:01 utils.py:137] Job status: JobStatus.RUNNING
I 03-17 22:34:01 utils.py:140] ==================================
I 03-17 22:34:21 utils.py:131] === Checking the job status... ===
I 03-17 22:34:22 utils.py:137] Job status: JobStatus.RUNNING
I 03-17 22:34:22 utils.py:140] ==================================
I 03-17 22:34:42 utils.py:131] === Checking the job status... ===
I 03-17 22:34:43 utils.py:137] Job status: JobStatus.RUNNING
I 03-17 22:34:43 utils.py:140] ==================================
I 03-17 22:35:03 utils.py:131] === Checking the job status... ===
I 03-17 22:35:04 utils.py:137] Job status: JobStatus.RUNNING
I 03-17 22:35:04 utils.py:140] ==================================
I 03-17 22:35:24 utils.py:131] === Checking the job status... ===
I 03-17 22:35:25 utils.py:137] Job status: JobStatus.RUNNING
I 03-17 22:35:25 utils.py:140] ==================================
I 03-17 22:35:45 utils.py:131] === Checking the job status... ===
I 03-17 22:35:46 utils.py:137] Job status: JobStatus.RUNNING
I 03-17 22:35:46 utils.py:140] ==================================
I 03-17 22:36:06 utils.py:131] === Checking the job status... ===
I 03-17 22:36:07 utils.py:137] Job status: JobStatus.RUNNING
I 03-17 22:36:07 utils.py:140] ==================================
I 03-17 22:36:27 utils.py:131] === Checking the job status... ===
I 03-17 22:36:28 utils.py:137] Job status: JobStatus.RUNNING
I 03-17 22:36:28 utils.py:140] ==================================
I 03-17 22:36:48 utils.py:131] === Checking the job status... ===
I 03-17 22:36:49 utils.py:137] Job status: JobStatus.RUNNING
I 03-17 22:36:49 utils.py:140] ==================================
I 03-17 22:37:09 utils.py:131] === Checking the job status... ===
I 03-17 22:37:10 utils.py:137] Job status: JobStatus.RUNNING
I 03-17 22:37:10 utils.py:140] ==================================
I 03-17 22:37:30 utils.py:131] === Checking the job status... ===
I 03-17 22:37:31 utils.py:137] Job status: JobStatus.RUNNING
I 03-17 22:37:31 utils.py:140] ==================================
I 03-17 22:37:51 utils.py:131] === Checking the job status... ===
I 03-17 22:37:52 utils.py:137] Job status: JobStatus.RUNNING
I 03-17 22:37:52 utils.py:140] ==================================
I 03-17 22:38:12 utils.py:131] === Checking the job status... ===
I 03-17 22:38:13 utils.py:137] Job status: JobStatus.RUNNING
I 03-17 22:38:13 utils.py:140] ==================================
I 03-17 22:38:33 utils.py:131] === Checking the job status... ===
I 03-17 22:38:34 utils.py:137] Job status: JobStatus.RUNNING
I 03-17 22:38:34 utils.py:140] ==================================
I 03-17 22:38:55 utils.py:131] === Checking the job status... ===
I 03-17 22:38:56 utils.py:137] Job status: JobStatus.RUNNING
I 03-17 22:38:56 utils.py:140] ==================================
I 03-17 22:39:16 utils.py:131] === Checking the job status... ===
I 03-17 22:39:17 utils.py:137] Job status: JobStatus.RUNNING
I 03-17 22:39:17 utils.py:140] ==================================
I 03-17 22:39:37 utils.py:131] === Checking the job status... ===
I 03-17 22:39:38 utils.py:137] Job status: JobStatus.RUNNING
I 03-17 22:39:38 utils.py:140] ==================================
I 03-17 22:39:58 utils.py:131] === Checking the job status... ===
I 03-17 22:39:59 utils.py:137] Job status: JobStatus.RUNNING
I 03-17 22:39:59 utils.py:140] ==================================
I 03-17 22:40:19 utils.py:131] === Checking the job status... ===
I 03-17 22:40:20 utils.py:137] Job status: JobStatus.RUNNING
I 03-17 22:40:20 utils.py:140] ==================================
I 03-17 22:40:40 utils.py:131] === Checking the job status... ===
I 03-17 22:40:41 utils.py:137] Job status: JobStatus.RUNNING
I 03-17 22:40:41 utils.py:140] ==================================
I 03-17 22:41:01 utils.py:131] === Checking the job status... ===
I 03-17 22:41:02 utils.py:137] Job status: JobStatus.RUNNING
I 03-17 22:41:02 utils.py:140] ==================================
I 03-17 22:41:22 utils.py:131] === Checking the job status... ===
I 03-17 22:41:23 utils.py:137] Job status: JobStatus.RUNNING
I 03-17 22:41:23 utils.py:140] ==================================
I 03-17 22:41:43 utils.py:131] === Checking the job status... ===
I 03-17 22:41:44 utils.py:137] Job status: JobStatus.RUNNING
I 03-17 22:41:44 utils.py:140] ==================================
I 03-17 22:42:04 utils.py:131] === Checking the job status... ===
I 03-17 22:42:05 utils.py:137] Job status: JobStatus.RUNNING
I 03-17 22:42:05 utils.py:140] ==================================
I 03-17 22:42:25 utils.py:131] === Checking the job status... ===
I 03-17 22:42:26 utils.py:137] Job status: JobStatus.RUNNING
I 03-17 22:42:26 utils.py:140] ==================================
I 03-17 22:42:46 utils.py:131] === Checking the job status... ===
I 03-17 22:42:47 utils.py:137] Job status: JobStatus.RUNNING
I 03-17 22:42:47 utils.py:140] ==================================
I 03-17 22:43:07 utils.py:131] === Checking the job status... ===
I 03-17 22:43:08 utils.py:137] Job status: JobStatus.RUNNING
I 03-17 22:43:08 utils.py:140] ==================================
I 03-17 22:43:29 utils.py:131] === Checking the job status... ===
I 03-17 22:43:30 utils.py:137] Job status: JobStatus.RUNNING
I 03-17 22:43:30 utils.py:140] ==================================
I 03-17 22:43:50 utils.py:131] === Checking the job status... ===
I 03-17 22:43:51 utils.py:137] Job status: JobStatus.RUNNING
I 03-17 22:43:51 utils.py:140] ==================================
I 03-17 22:44:11 utils.py:131] === Checking the job status... ===
I 03-17 22:44:12 utils.py:137] Job status: JobStatus.RUNNING
I 03-17 22:44:12 utils.py:140] ==================================
I 03-17 22:44:32 utils.py:131] === Checking the job status... ===
I 03-17 22:44:33 utils.py:137] Job status: JobStatus.RUNNING
I 03-17 22:44:33 utils.py:140] ==================================
I 03-17 22:44:53 utils.py:131] === Checking the job status... ===
I 03-17 22:44:54 utils.py:137] Job status: JobStatus.RUNNING
I 03-17 22:44:54 utils.py:140] ==================================
I 03-17 22:45:14 utils.py:131] === Checking the job status... ===
I 03-17 22:45:15 utils.py:137] Job status: JobStatus.RUNNING
I 03-17 22:45:15 utils.py:140] ==================================
I 03-17 22:45:35 utils.py:131] === Checking the job status... ===
I 03-17 22:45:36 utils.py:137] Job status: JobStatus.RUNNING
I 03-17 22:45:36 utils.py:140] ==================================
I 03-17 22:45:56 utils.py:131] === Checking the job status... ===
I 03-17 22:45:57 utils.py:137] Job status: JobStatus.RUNNING
I 03-17 22:45:57 utils.py:140] ==================================
I 03-17 22:46:17 utils.py:131] === Checking the job status... ===
I 03-17 22:46:18 utils.py:137] Job status: JobStatus.RUNNING
I 03-17 22:46:18 utils.py:140] ==================================
I 03-17 22:46:38 utils.py:131] === Checking the job status... ===
I 03-17 22:46:39 utils.py:137] Job status: JobStatus.RUNNING
I 03-17 22:46:39 utils.py:140] ==================================
I 03-17 22:47:00 utils.py:131] === Checking the job status... ===
I 03-17 22:47:01 utils.py:137] Job status: JobStatus.RUNNING
I 03-17 22:47:01 utils.py:140] ==================================
I 03-17 22:47:21 utils.py:131] === Checking the job status... ===
I 03-17 22:47:22 utils.py:137] Job status: JobStatus.RUNNING
I 03-17 22:47:22 utils.py:140] ==================================
I 03-17 22:47:42 utils.py:131] === Checking the job status... ===
I 03-17 22:47:43 utils.py:137] Job status: JobStatus.RUNNING
I 03-17 22:47:43 utils.py:140] ==================================
I 03-17 22:48:03 utils.py:131] === Checking the job status... ===
I 03-17 22:48:04 utils.py:137] Job status: JobStatus.RUNNING
I 03-17 22:48:04 utils.py:140] ==================================
I 03-17 22:48:24 utils.py:131] === Checking the job status... ===
I 03-17 22:48:25 utils.py:137] Job status: JobStatus.RUNNING
I 03-17 22:48:25 utils.py:140] ==================================
I 03-17 22:48:45 utils.py:131] === Checking the job status... ===
I 03-17 22:48:46 utils.py:137] Job status: JobStatus.RUNNING
I 03-17 22:48:46 utils.py:140] ==================================
I 03-17 22:49:06 utils.py:131] === Checking the job status... ===
I 03-17 22:49:07 utils.py:137] Job status: JobStatus.RUNNING
I 03-17 22:49:07 utils.py:140] ==================================
I 03-17 22:49:27 utils.py:131] === Checking the job status... ===
I 03-17 22:49:28 utils.py:137] Job status: JobStatus.RUNNING
I 03-17 22:49:28 utils.py:140] ==================================
I 03-17 22:49:48 utils.py:131] === Checking the job status... ===
I 03-17 22:49:49 utils.py:137] Job status: JobStatus.RUNNING
I 03-17 22:49:49 utils.py:140] ==================================
I 03-17 22:50:10 utils.py:131] === Checking the job status... ===
I 03-17 22:50:11 utils.py:137] Job status: JobStatus.RUNNING
I 03-17 22:50:11 utils.py:140] ==================================
I 03-17 22:50:31 utils.py:131] === Checking the job status... ===
I 03-17 22:50:32 utils.py:137] Job status: JobStatus.RUNNING
I 03-17 22:50:32 utils.py:140] ==================================
I 03-17 22:50:52 utils.py:131] === Checking the job status... ===
I 03-17 22:50:53 utils.py:137] Job status: JobStatus.RUNNING
I 03-17 22:50:53 utils.py:140] ==================================
I 03-17 22:51:13 utils.py:131] === Checking the job status... ===
I 03-17 22:51:14 utils.py:137] Job status: JobStatus.RUNNING
I 03-17 22:51:14 utils.py:140] ==================================
I 03-17 22:51:34 utils.py:131] === Checking the job status... ===
I 03-17 22:51:35 utils.py:137] Job status: JobStatus.RUNNING
I 03-17 22:51:35 utils.py:140] ==================================
I 03-17 22:51:55 utils.py:131] === Checking the job status... ===
I 03-17 22:51:56 utils.py:137] Job status: JobStatus.RUNNING
I 03-17 22:51:56 utils.py:140] ==================================
I 03-17 22:52:16 utils.py:131] === Checking the job status... ===
I 03-17 22:52:17 utils.py:137] Job status: JobStatus.RUNNING
I 03-17 22:52:17 utils.py:140] ==================================
I 03-17 22:52:37 utils.py:131] === Checking the job status... ===
I 03-17 22:52:38 utils.py:137] Job status: JobStatus.RUNNING
I 03-17 22:52:38 utils.py:140] ==================================
I 03-17 22:52:58 utils.py:131] === Checking the job status... ===
I 03-17 22:52:59 utils.py:137] Job status: JobStatus.RUNNING
I 03-17 22:52:59 utils.py:140] ==================================
I 03-17 22:53:19 utils.py:131] === Checking the job status... ===
I 03-17 22:53:20 utils.py:137] Job status: JobStatus.RUNNING
I 03-17 22:53:20 utils.py:140] ==================================
I 03-17 22:53:41 utils.py:131] === Checking the job status... ===
I 03-17 22:53:42 utils.py:137] Job status: JobStatus.RUNNING
I 03-17 22:53:42 utils.py:140] ==================================
I 03-17 22:54:02 utils.py:131] === Checking the job status... ===
I 03-17 22:54:03 utils.py:137] Job status: JobStatus.RUNNING
I 03-17 22:54:03 utils.py:140] ==================================
I 03-17 22:54:23 utils.py:131] === Checking the job status... ===
I 03-17 22:54:24 utils.py:137] Job status: JobStatus.RUNNING
I 03-17 22:54:24 utils.py:140] ==================================
I 03-17 22:54:44 utils.py:131] === Checking the job status... ===
I 03-17 22:54:45 utils.py:137] Job status: JobStatus.RUNNING
I 03-17 22:54:45 utils.py:140] ==================================
I 03-17 22:55:05 utils.py:131] === Checking the job status... ===
I 03-17 22:55:06 utils.py:137] Job status: JobStatus.RUNNING
I 03-17 22:55:06 utils.py:140] ==================================
I 03-17 22:55:26 utils.py:131] === Checking the job status... ===
I 03-17 22:55:27 utils.py:137] Job status: JobStatus.RUNNING
I 03-17 22:55:27 utils.py:140] ==================================
I 03-17 22:55:47 utils.py:131] === Checking the job status... ===
I 03-17 22:55:48 utils.py:137] Job status: JobStatus.RUNNING
I 03-17 22:55:48 utils.py:140] ==================================
I 03-17 22:56:08 utils.py:131] === Checking the job status... ===
I 03-17 22:56:09 utils.py:137] Job status: JobStatus.RUNNING
I 03-17 22:56:09 utils.py:140] ==================================
I 03-17 22:56:29 utils.py:131] === Checking the job status... ===
I 03-17 22:56:30 utils.py:137] Job status: JobStatus.RUNNING
I 03-17 22:56:30 utils.py:140] ==================================
I 03-17 22:56:50 utils.py:131] === Checking the job status... ===
I 03-17 22:56:51 utils.py:137] Job status: JobStatus.RUNNING
I 03-17 22:56:51 utils.py:140] ==================================
I 03-17 22:57:11 utils.py:131] === Checking the job status... ===
I 03-17 22:57:12 utils.py:137] Job status: JobStatus.RUNNING
I 03-17 22:57:12 utils.py:140] ==================================
I 03-17 22:57:32 utils.py:131] === Checking the job status... ===
I 03-17 22:57:33 utils.py:137] Job status: JobStatus.RUNNING
I 03-17 22:57:33 utils.py:140] ==================================
I 03-17 22:57:54 utils.py:131] === Checking the job status... ===
I 03-17 22:57:55 utils.py:137] Job status: JobStatus.RUNNING
I 03-17 22:57:55 utils.py:140] ==================================
I 03-17 22:58:15 utils.py:131] === Checking the job status... ===
I 03-17 22:58:16 utils.py:137] Job status: JobStatus.RUNNING
I 03-17 22:58:16 utils.py:140] ==================================
I 03-17 22:58:36 utils.py:131] === Checking the job status... ===
I 03-17 22:58:37 utils.py:137] Job status: JobStatus.RUNNING
I 03-17 22:58:37 utils.py:140] ==================================
I 03-17 22:58:57 utils.py:131] === Checking the job status... ===
I 03-17 22:58:58 utils.py:137] Job status: JobStatus.RUNNING
I 03-17 22:58:58 utils.py:140] ==================================
I 03-17 22:59:18 utils.py:131] === Checking the job status... ===
I 03-17 22:59:19 utils.py:137] Job status: JobStatus.RUNNING
I 03-17 22:59:19 utils.py:140] ==================================
I 03-17 22:59:39 utils.py:131] === Checking the job status... ===
I 03-17 22:59:40 utils.py:137] Job status: JobStatus.RUNNING
I 03-17 22:59:40 utils.py:140] ==================================
I 03-17 23:00:00 utils.py:131] === Checking the job status... ===
I 03-17 23:00:01 utils.py:137] Job status: JobStatus.RUNNING
I 03-17 23:00:01 utils.py:140] ==================================
I 03-17 23:00:21 utils.py:131] === Checking the job status... ===
I 03-17 23:00:22 utils.py:137] Job status: JobStatus.RUNNING
I 03-17 23:00:22 utils.py:140] ==================================
I 03-17 23:00:42 utils.py:131] === Checking the job status... ===
I 03-17 23:00:43 utils.py:137] Job status: JobStatus.RUNNING
I 03-17 23:00:43 utils.py:140] ==================================
I 03-17 23:01:03 utils.py:131] === Checking the job status... ===
I 03-17 23:01:04 utils.py:137] Job status: JobStatus.RUNNING
I 03-17 23:01:04 utils.py:140] ==================================
I 03-17 23:01:25 utils.py:131] === Checking the job status... ===
I 03-17 23:01:26 utils.py:137] Job status: JobStatus.RUNNING
I 03-17 23:01:26 utils.py:140] ==================================
I 03-17 23:01:46 utils.py:131] === Checking the job status... ===
I 03-17 23:01:47 utils.py:137] Job status: JobStatus.RUNNING
I 03-17 23:01:47 utils.py:140] ==================================
I 03-17 23:02:07 utils.py:131] === Checking the job status... ===
I 03-17 23:02:08 utils.py:137] Job status: JobStatus.RUNNING
I 03-17 23:02:08 utils.py:140] ==================================
I 03-17 23:02:28 utils.py:131] === Checking the job status... ===
I 03-17 23:02:29 utils.py:137] Job status: JobStatus.RUNNING
I 03-17 23:02:29 utils.py:140] ==================================
I 03-17 23:02:49 utils.py:131] === Checking the job status... ===
I 03-17 23:02:50 utils.py:137] Job status: JobStatus.RUNNING
I 03-17 23:02:50 utils.py:140] ==================================
I 03-17 23:03:10 utils.py:131] === Checking the job status... ===
I 03-17 23:03:11 utils.py:137] Job status: JobStatus.RUNNING
I 03-17 23:03:11 utils.py:140] ==================================
I 03-17 23:03:31 utils.py:131] === Checking the job status... ===
I 03-17 23:03:32 utils.py:137] Job status: JobStatus.RUNNING
I 03-17 23:03:32 utils.py:140] ==================================
I 03-17 23:03:52 utils.py:131] === Checking the job status... ===
I 03-17 23:03:53 utils.py:137] Job status: JobStatus.RUNNING
I 03-17 23:03:53 utils.py:140] ==================================
I 03-17 23:04:13 utils.py:131] === Checking the job status... ===
I 03-17 23:04:14 utils.py:137] Job status: JobStatus.RUNNING
I 03-17 23:04:14 utils.py:140] ==================================
I 03-17 23:04:35 utils.py:131] === Checking the job status... ===
I 03-17 23:04:36 utils.py:137] Job status: JobStatus.RUNNING
I 03-17 23:04:36 utils.py:140] ==================================
I 03-17 23:04:56 utils.py:131] === Checking the job status... ===
I 03-17 23:04:57 utils.py:137] Job status: JobStatus.RUNNING
I 03-17 23:04:57 utils.py:140] ==================================
I 03-17 23:05:17 utils.py:131] === Checking the job status... ===
I 03-17 23:05:18 utils.py:137] Job status: JobStatus.RUNNING
I 03-17 23:05:18 utils.py:140] ==================================
I 03-17 23:05:38 utils.py:131] === Checking the job status... ===
I 03-17 23:05:39 utils.py:137] Job status: JobStatus.RUNNING
I 03-17 23:05:39 utils.py:140] ==================================
I 03-17 23:05:59 utils.py:131] === Checking the job status... ===
I 03-17 23:06:00 utils.py:137] Job status: JobStatus.RUNNING
I 03-17 23:06:00 utils.py:140] ==================================
I 03-17 23:06:20 utils.py:131] === Checking the job status... ===
I 03-17 23:06:21 utils.py:137] Job status: JobStatus.RUNNING
I 03-17 23:06:21 utils.py:140] ==================================
I 03-17 23:06:41 utils.py:131] === Checking the job status... ===
I 03-17 23:06:42 utils.py:137] Job status: JobStatus.RUNNING
I 03-17 23:06:42 utils.py:140] ==================================
I 03-17 23:07:02 utils.py:131] === Checking the job status... ===
I 03-17 23:07:03 utils.py:137] Job status: JobStatus.RUNNING
I 03-17 23:07:03 utils.py:140] ==================================
I 03-17 23:07:23 utils.py:131] === Checking the job status... ===
I 03-17 23:07:24 utils.py:137] Job status: JobStatus.RUNNING
I 03-17 23:07:24 utils.py:140] ==================================
I 03-17 23:07:45 utils.py:131] === Checking the job status... ===
I 03-17 23:07:45 utils.py:137] Job status: JobStatus.RUNNING
I 03-17 23:07:45 utils.py:140] ==================================
I 03-17 23:08:06 utils.py:131] === Checking the job status... ===
I 03-17 23:08:07 utils.py:137] Job status: JobStatus.RUNNING
I 03-17 23:08:07 utils.py:140] ==================================
I 03-17 23:08:27 utils.py:131] === Checking the job status... ===
I 03-17 23:08:28 utils.py:137] Job status: JobStatus.RUNNING
I 03-17 23:08:28 utils.py:140] ==================================
I 03-17 23:08:48 utils.py:131] === Checking the job status... ===
I 03-17 23:08:49 utils.py:137] Job status: JobStatus.RUNNING
I 03-17 23:08:49 utils.py:140] ==================================
I 03-17 23:09:09 utils.py:131] === Checking the job status... ===
I 03-17 23:09:10 utils.py:137] Job status: JobStatus.RUNNING
I 03-17 23:09:10 utils.py:140] ==================================
I 03-17 23:09:30 utils.py:131] === Checking the job status... ===
I 03-17 23:09:31 utils.py:137] Job status: JobStatus.RUNNING
I 03-17 23:09:31 utils.py:140] ==================================
I 03-17 23:09:51 utils.py:131] === Checking the job status... ===
I 03-17 23:09:52 utils.py:137] Job status: JobStatus.RUNNING
I 03-17 23:09:52 utils.py:140] ==================================
I 03-17 23:10:12 utils.py:131] === Checking the job status... ===
I 03-17 23:10:13 utils.py:137] Job status: JobStatus.RUNNING
I 03-17 23:10:13 utils.py:140] ==================================
I 03-17 23:10:33 utils.py:131] === Checking the job status... ===
I 03-17 23:10:34 utils.py:137] Job status: JobStatus.RUNNING
I 03-17 23:10:34 utils.py:140] ==================================
I 03-17 23:10:54 utils.py:131] === Checking the job status... ===
I 03-17 23:10:55 utils.py:137] Job status: JobStatus.RUNNING
I 03-17 23:10:55 utils.py:140] ==================================
I 03-17 23:11:15 utils.py:131] === Checking the job status... ===
I 03-17 23:11:16 utils.py:137] Job status: JobStatus.RUNNING
I 03-17 23:11:16 utils.py:140] ==================================
I 03-17 23:11:37 utils.py:131] === Checking the job status... ===
I 03-17 23:11:38 utils.py:137] Job status: JobStatus.RUNNING
I 03-17 23:11:38 utils.py:140] ==================================
I 03-17 23:11:58 utils.py:131] === Checking the job status... ===
I 03-17 23:11:59 utils.py:137] Job status: JobStatus.RUNNING
I 03-17 23:11:59 utils.py:140] ==================================
I 03-17 23:12:19 utils.py:131] === Checking the job status... ===
I 03-17 23:12:20 utils.py:137] Job status: JobStatus.RUNNING
I 03-17 23:12:20 utils.py:140] ==================================
I 03-17 23:12:40 utils.py:131] === Checking the job status... ===
I 03-17 23:12:41 utils.py:137] Job status: JobStatus.RUNNING
I 03-17 23:12:41 utils.py:140] ==================================
I 03-17 23:13:01 utils.py:131] === Checking the job status... ===
I 03-17 23:13:02 utils.py:137] Job status: JobStatus.RUNNING
I 03-17 23:13:02 utils.py:140] ==================================
I 03-17 23:13:22 utils.py:131] === Checking the job status... ===
I 03-17 23:13:23 utils.py:137] Job status: JobStatus.RUNNING
I 03-17 23:13:23 utils.py:140] ==================================
I 03-17 23:13:43 utils.py:131] === Checking the job status... ===
I 03-17 23:13:44 utils.py:137] Job status: JobStatus.RUNNING
I 03-17 23:13:44 utils.py:140] ==================================
I 03-17 23:14:04 utils.py:131] === Checking the job status... ===
I 03-17 23:14:05 utils.py:137] Job status: JobStatus.RUNNING
I 03-17 23:14:05 utils.py:140] ==================================
I 03-17 23:14:25 utils.py:131] === Checking the job status... ===
I 03-17 23:14:26 utils.py:137] Job status: JobStatus.RUNNING
I 03-17 23:14:26 utils.py:140] ==================================
I 03-17 23:14:47 utils.py:131] === Checking the job status... ===
I 03-17 23:14:48 utils.py:137] Job status: JobStatus.RUNNING
I 03-17 23:14:48 utils.py:140] ==================================
I 03-17 23:15:08 utils.py:131] === Checking the job status... ===
I 03-17 23:15:09 utils.py:137] Job status: JobStatus.RUNNING
I 03-17 23:15:09 utils.py:140] ==================================
I 03-17 23:15:29 utils.py:131] === Checking the job status... ===
I 03-17 23:15:30 utils.py:137] Job status: JobStatus.RUNNING
I 03-17 23:15:30 utils.py:140] ==================================
I 03-17 23:15:50 utils.py:131] === Checking the job status... ===
I 03-17 23:15:51 utils.py:137] Job status: JobStatus.RUNNING
I 03-17 23:15:51 utils.py:140] ==================================
I 03-17 23:16:11 utils.py:131] === Checking the job status... ===
I 03-17 23:16:12 utils.py:137] Job status: JobStatus.RUNNING
I 03-17 23:16:12 utils.py:140] ==================================
I 03-17 23:16:32 utils.py:131] === Checking the job status... ===
I 03-17 23:16:33 utils.py:137] Job status: JobStatus.RUNNING
I 03-17 23:16:33 utils.py:140] ==================================
I 03-17 23:16:53 utils.py:131] === Checking the job status... ===
I 03-17 23:16:54 utils.py:137] Job status: JobStatus.RUNNING
I 03-17 23:16:54 utils.py:140] ==================================
I 03-17 23:17:14 utils.py:131] === Checking the job status... ===
I 03-17 23:17:15 utils.py:137] Job status: JobStatus.RUNNING
I 03-17 23:17:15 utils.py:140] ==================================
I 03-17 23:17:36 utils.py:131] === Checking the job status... ===
I 03-17 23:17:36 utils.py:137] Job status: JobStatus.RUNNING
I 03-17 23:17:36 utils.py:140] ==================================
I 03-17 23:17:57 utils.py:131] === Checking the job status... ===
I 03-17 23:17:58 utils.py:137] Job status: JobStatus.RUNNING
I 03-17 23:17:58 utils.py:140] ==================================
I 03-17 23:18:18 utils.py:131] === Checking the job status... ===
I 03-17 23:18:19 utils.py:137] Job status: JobStatus.RUNNING
I 03-17 23:18:19 utils.py:140] ==================================
I 03-17 23:18:39 utils.py:131] === Checking the job status... ===
I 03-17 23:18:40 utils.py:137] Job status: JobStatus.RUNNING
I 03-17 23:18:40 utils.py:140] ==================================
I 03-17 23:19:00 utils.py:131] === Checking the job status... ===
I 03-17 23:19:01 utils.py:137] Job status: JobStatus.RUNNING
I 03-17 23:19:01 utils.py:140] ==================================
I 03-17 23:19:21 utils.py:131] === Checking the job status... ===
I 03-17 23:19:22 utils.py:137] Job status: JobStatus.RUNNING
I 03-17 23:19:22 utils.py:140] ==================================
I 03-17 23:19:42 utils.py:131] === Checking the job status... ===
I 03-17 23:19:43 utils.py:137] Job status: JobStatus.RUNNING
I 03-17 23:19:43 utils.py:140] ==================================
I 03-17 23:20:03 utils.py:131] === Checking the job status... ===
I 03-17 23:20:04 utils.py:137] Job status: JobStatus.RUNNING
I 03-17 23:20:04 utils.py:140] ==================================
I 03-17 23:20:24 utils.py:131] === Checking the job status... ===
I 03-17 23:20:25 utils.py:137] Job status: JobStatus.RUNNING
I 03-17 23:20:25 utils.py:140] ==================================
I 03-17 23:20:46 utils.py:131] === Checking the job status... ===
I 03-17 23:20:47 utils.py:137] Job status: JobStatus.RUNNING
I 03-17 23:20:47 utils.py:140] ==================================
I 03-17 23:21:07 utils.py:131] === Checking the job status... ===
I 03-17 23:21:08 utils.py:137] Job status: JobStatus.RUNNING
I 03-17 23:21:08 utils.py:140] ==================================
I 03-17 23:21:28 utils.py:131] === Checking the job status... ===
I 03-17 23:21:29 utils.py:137] Job status: JobStatus.RUNNING
I 03-17 23:21:29 utils.py:140] ==================================
I 03-17 23:21:49 utils.py:131] === Checking the job status... ===
I 03-17 23:21:50 utils.py:137] Job status: JobStatus.RUNNING
I 03-17 23:21:50 utils.py:140] ==================================
I 03-17 23:22:10 utils.py:131] === Checking the job status... ===
I 03-17 23:22:11 utils.py:137] Job status: JobStatus.RUNNING
I 03-17 23:22:11 utils.py:140] ==================================
I 03-17 23:22:31 utils.py:131] === Checking the job status... ===
I 03-17 23:22:32 utils.py:137] Job status: JobStatus.RUNNING
I 03-17 23:22:32 utils.py:140] ==================================
I 03-17 23:22:52 utils.py:131] === Checking the job status... ===
I 03-17 23:22:53 utils.py:137] Job status: JobStatus.RUNNING
I 03-17 23:22:53 utils.py:140] ==================================
I 03-17 23:23:13 utils.py:131] === Checking the job status... ===
I 03-17 23:23:14 utils.py:137] Job status: JobStatus.RUNNING
I 03-17 23:23:14 utils.py:140] ==================================
I 03-17 23:23:34 utils.py:131] === Checking the job status... ===
I 03-17 23:23:35 utils.py:137] Job status: JobStatus.RUNNING
I 03-17 23:23:35 utils.py:140] ==================================
I 03-17 23:23:56 utils.py:131] === Checking the job status... ===
I 03-17 23:23:57 utils.py:137] Job status: JobStatus.RUNNING
I 03-17 23:23:57 utils.py:140] ==================================
I 03-17 23:24:17 utils.py:131] === Checking the job status... ===
I 03-17 23:24:18 utils.py:137] Job status: JobStatus.RUNNING
I 03-17 23:24:18 utils.py:140] ==================================
I 03-17 23:24:38 utils.py:131] === Checking the job status... ===
I 03-17 23:24:39 utils.py:137] Job status: JobStatus.RUNNING
I 03-17 23:24:39 utils.py:140] ==================================
I 03-17 23:24:59 utils.py:131] === Checking the job status... ===
I 03-17 23:25:00 utils.py:137] Job status: JobStatus.RUNNING
I 03-17 23:25:00 utils.py:140] ==================================
I 03-17 23:25:20 utils.py:131] === Checking the job status... ===
I 03-17 23:25:21 utils.py:137] Job status: JobStatus.RUNNING
I 03-17 23:25:21 utils.py:140] ==================================
I 03-17 23:25:41 utils.py:131] === Checking the job status... ===
I 03-17 23:25:42 utils.py:137] Job status: JobStatus.RUNNING
I 03-17 23:25:42 utils.py:140] ==================================
I 03-17 23:26:02 utils.py:131] === Checking the job status... ===
I 03-17 23:26:03 utils.py:137] Job status: JobStatus.RUNNING
I 03-17 23:26:03 utils.py:140] ==================================
I 03-17 23:26:23 utils.py:131] === Checking the job status... ===
I 03-17 23:26:24 utils.py:137] Job status: JobStatus.RUNNING
I 03-17 23:26:24 utils.py:140] ==================================
I 03-17 23:26:44 utils.py:131] === Checking the job status... ===
I 03-17 23:26:45 utils.py:137] Job status: JobStatus.RUNNING
I 03-17 23:26:45 utils.py:140] ==================================
I 03-17 23:27:05 utils.py:131] === Checking the job status... ===
I 03-17 23:27:06 utils.py:137] Job status: JobStatus.RUNNING
I 03-17 23:27:06 utils.py:140] ==================================
I 03-17 23:27:27 utils.py:131] === Checking the job status... ===
I 03-17 23:27:28 utils.py:137] Job status: JobStatus.RUNNING
I 03-17 23:27:28 utils.py:140] ==================================
I 03-17 23:27:48 utils.py:131] === Checking the job status... ===
I 03-17 23:27:49 utils.py:137] Job status: JobStatus.RUNNING
I 03-17 23:27:49 utils.py:140] ==================================
I 03-17 23:28:09 utils.py:131] === Checking the job status... ===
I 03-17 23:28:10 utils.py:137] Job status: JobStatus.RUNNING
I 03-17 23:28:10 utils.py:140] ==================================
I 03-17 23:28:30 utils.py:131] === Checking the job status... ===
I 03-17 23:28:31 utils.py:137] Job status: JobStatus.RUNNING
I 03-17 23:28:31 utils.py:140] ==================================
I 03-17 23:28:51 utils.py:131] === Checking the job status... ===
I 03-17 23:28:52 utils.py:137] Job status: JobStatus.RUNNING
I 03-17 23:28:52 utils.py:140] ==================================
I 03-17 23:29:12 utils.py:131] === Checking the job status... ===
I 03-17 23:29:13 utils.py:137] Job status: JobStatus.RUNNING
I 03-17 23:29:13 utils.py:140] ==================================
I 03-17 23:29:33 utils.py:131] === Checking the job status... ===
I 03-17 23:29:34 utils.py:137] Job status: JobStatus.RUNNING
I 03-17 23:29:34 utils.py:140] ==================================
I 03-17 23:29:54 utils.py:131] === Checking the job status... ===
I 03-17 23:29:55 utils.py:137] Job status: JobStatus.RUNNING
I 03-17 23:29:55 utils.py:140] ==================================
I 03-17 23:30:15 utils.py:131] === Checking the job status... ===
I 03-17 23:30:16 utils.py:137] Job status: JobStatus.RUNNING
I 03-17 23:30:16 utils.py:140] ==================================
I 03-17 23:30:36 utils.py:131] === Checking the job status... ===
I 03-17 23:30:37 utils.py:137] Job status: JobStatus.RUNNING
I 03-17 23:30:37 utils.py:140] ==================================
I 03-17 23:30:58 utils.py:131] === Checking the job status... ===
I 03-17 23:30:58 utils.py:137] Job status: JobStatus.RUNNING
I 03-17 23:30:58 utils.py:140] ==================================
I 03-17 23:31:19 utils.py:131] === Checking the job status... ===
I 03-17 23:31:20 utils.py:137] Job status: JobStatus.RUNNING
I 03-17 23:31:20 utils.py:140] ==================================
I 03-17 23:31:40 utils.py:131] === Checking the job status... ===
I 03-17 23:31:41 utils.py:137] Job status: JobStatus.RUNNING
I 03-17 23:31:41 utils.py:140] ==================================
I 03-17 23:32:01 utils.py:131] === Checking the job status... ===
I 03-17 23:32:02 utils.py:137] Job status: JobStatus.RUNNING
I 03-17 23:32:02 utils.py:140] ==================================
I 03-17 23:32:22 utils.py:131] === Checking the job status... ===
I 03-17 23:32:23 utils.py:137] Job status: JobStatus.RUNNING
I 03-17 23:32:23 utils.py:140] ==================================
I 03-17 23:32:43 utils.py:131] === Checking the job status... ===
I 03-17 23:32:44 utils.py:137] Job status: JobStatus.RUNNING
I 03-17 23:32:44 utils.py:140] ==================================
I 03-17 23:33:04 utils.py:131] === Checking the job status... ===
I 03-17 23:33:05 utils.py:137] Job status: JobStatus.RUNNING
I 03-17 23:33:05 utils.py:140] ==================================
I 03-17 23:33:25 utils.py:131] === Checking the job status... ===
I 03-17 23:33:26 utils.py:137] Job status: JobStatus.RUNNING
I 03-17 23:33:26 utils.py:140] ==================================
I 03-17 23:33:46 utils.py:131] === Checking the job status... ===
I 03-17 23:33:47 utils.py:137] Job status: JobStatus.RUNNING
I 03-17 23:33:47 utils.py:140] ==================================
I 03-17 23:34:08 utils.py:131] === Checking the job status... ===
I 03-17 23:34:09 utils.py:137] Job status: JobStatus.RUNNING
I 03-17 23:34:09 utils.py:140] ==================================
I 03-17 23:34:29 utils.py:131] === Checking the job status... ===
I 03-17 23:34:30 utils.py:137] Job status: JobStatus.RUNNING
I 03-17 23:34:30 utils.py:140] ==================================
I 03-17 23:34:50 utils.py:131] === Checking the job status... ===
I 03-17 23:34:51 utils.py:137] Job status: JobStatus.RUNNING
I 03-17 23:34:51 utils.py:140] ==================================
I 03-17 23:35:11 utils.py:131] === Checking the job status... ===
I 03-17 23:35:12 utils.py:137] Job status: JobStatus.RUNNING
I 03-17 23:35:12 utils.py:140] ==================================
I 03-17 23:35:32 utils.py:131] === Checking the job status... ===
I 03-17 23:35:33 utils.py:137] Job status: JobStatus.RUNNING
I 03-17 23:35:33 utils.py:140] ==================================
I 03-17 23:35:53 utils.py:131] === Checking the job status... ===
I 03-17 23:35:54 utils.py:137] Job status: JobStatus.RUNNING
I 03-17 23:35:54 utils.py:140] ==================================
I 03-17 23:36:14 utils.py:131] === Checking the job status... ===
I 03-17 23:36:15 utils.py:137] Job status: JobStatus.RUNNING
I 03-17 23:36:15 utils.py:140] ==================================
I 03-17 23:36:35 utils.py:131] === Checking the job status... ===
I 03-17 23:36:36 utils.py:137] Job status: JobStatus.RUNNING
I 03-17 23:36:36 utils.py:140] ==================================
I 03-17 23:36:56 utils.py:131] === Checking the job status... ===
I 03-17 23:36:57 utils.py:137] Job status: JobStatus.RUNNING
I 03-17 23:36:57 utils.py:140] ==================================
I 03-17 23:37:17 utils.py:131] === Checking the job status... ===
I 03-17 23:37:18 utils.py:137] Job status: JobStatus.RUNNING
I 03-17 23:37:18 utils.py:140] ==================================
I 03-17 23:37:39 utils.py:131] === Checking the job status... ===
I 03-17 23:37:40 utils.py:137] Job status: JobStatus.RUNNING
I 03-17 23:37:40 utils.py:140] ==================================
I 03-17 23:38:00 utils.py:131] === Checking the job status... ===
I 03-17 23:38:01 utils.py:137] Job status: JobStatus.RUNNING
I 03-17 23:38:01 utils.py:140] ==================================
I 03-17 23:38:21 utils.py:131] === Checking the job status... ===
I 03-17 23:38:22 utils.py:137] Job status: JobStatus.RUNNING
I 03-17 23:38:22 utils.py:140] ==================================
I 03-17 23:38:42 utils.py:131] === Checking the job status... ===
I 03-17 23:38:43 utils.py:137] Job status: JobStatus.RUNNING
I 03-17 23:38:43 utils.py:140] ==================================
I 03-17 23:39:03 utils.py:131] === Checking the job status... ===
I 03-17 23:39:04 utils.py:137] Job status: JobStatus.RUNNING
I 03-17 23:39:04 utils.py:140] ==================================
I 03-17 23:39:24 utils.py:131] === Checking the job status... ===
I 03-17 23:39:25 utils.py:137] Job status: JobStatus.RUNNING
I 03-17 23:39:25 utils.py:140] ==================================
I 03-17 23:39:45 utils.py:131] === Checking the job status... ===
I 03-17 23:39:46 utils.py:137] Job status: JobStatus.RUNNING
I 03-17 23:39:46 utils.py:140] ==================================
I 03-17 23:40:06 utils.py:131] === Checking the job status... ===
I 03-17 23:40:07 utils.py:137] Job status: JobStatus.RUNNING
I 03-17 23:40:07 utils.py:140] ==================================
I 03-17 23:40:27 utils.py:131] === Checking the job status... ===
I 03-17 23:40:28 utils.py:137] Job status: JobStatus.RUNNING
I 03-17 23:40:28 utils.py:140] ==================================
I 03-17 23:40:48 utils.py:131] === Checking the job status... ===
I 03-17 23:40:49 utils.py:137] Job status: JobStatus.RUNNING
I 03-17 23:40:49 utils.py:140] ==================================
I 03-17 23:41:09 utils.py:131] === Checking the job status... ===
I 03-17 23:41:10 utils.py:137] Job status: JobStatus.RUNNING
I 03-17 23:41:10 utils.py:140] ==================================
I 03-17 23:41:31 utils.py:131] === Checking the job status... ===
I 03-17 23:41:32 utils.py:137] Job status: JobStatus.RUNNING
I 03-17 23:41:32 utils.py:140] ==================================
I 03-17 23:41:52 utils.py:131] === Checking the job status... ===
I 03-17 23:41:53 utils.py:137] Job status: JobStatus.RUNNING
I 03-17 23:41:53 utils.py:140] ==================================
I 03-17 23:42:13 utils.py:131] === Checking the job status... ===
I 03-17 23:42:14 utils.py:137] Job status: JobStatus.RUNNING
I 03-17 23:42:14 utils.py:140] ==================================
I 03-17 23:42:34 utils.py:131] === Checking the job status... ===
I 03-17 23:42:35 utils.py:137] Job status: JobStatus.RUNNING
I 03-17 23:42:35 utils.py:140] ==================================
I 03-17 23:42:55 utils.py:131] === Checking the job status... ===
I 03-17 23:42:56 utils.py:137] Job status: JobStatus.RUNNING
I 03-17 23:42:56 utils.py:140] ==================================
I 03-17 23:43:16 utils.py:131] === Checking the job status... ===
I 03-17 23:43:17 utils.py:137] Job status: JobStatus.RUNNING
I 03-17 23:43:17 utils.py:140] ==================================
I 03-17 23:43:37 utils.py:131] === Checking the job status... ===
I 03-17 23:43:38 utils.py:137] Job status: JobStatus.RUNNING
I 03-17 23:43:38 utils.py:140] ==================================
I 03-17 23:43:58 utils.py:131] === Checking the job status... ===
I 03-17 23:43:59 utils.py:137] Job status: JobStatus.RUNNING
I 03-17 23:43:59 utils.py:140] ==================================
I 03-17 23:44:19 utils.py:131] === Checking the job status... ===
I 03-17 23:44:20 utils.py:137] Job status: JobStatus.RUNNING
I 03-17 23:44:20 utils.py:140] ==================================
I 03-17 23:44:40 utils.py:131] === Checking the job status... ===
I 03-17 23:44:41 utils.py:137] Job status: JobStatus.RUNNING
I 03-17 23:44:41 utils.py:140] ==================================
I 03-17 23:45:01 utils.py:131] === Checking the job status... ===
I 03-17 23:45:02 utils.py:137] Job status: JobStatus.RUNNING
I 03-17 23:45:02 utils.py:140] ==================================
I 03-17 23:45:23 utils.py:131] === Checking the job status... ===
I 03-17 23:45:24 utils.py:137] Job status: JobStatus.RUNNING
I 03-17 23:45:24 utils.py:140] ==================================
I 03-17 23:45:44 utils.py:131] === Checking the job status... ===
I 03-17 23:45:45 utils.py:137] Job status: JobStatus.RUNNING
I 03-17 23:45:45 utils.py:140] ==================================
I 03-17 23:46:05 utils.py:131] === Checking the job status... ===
I 03-17 23:46:06 utils.py:137] Job status: JobStatus.RUNNING
I 03-17 23:46:06 utils.py:140] ==================================
I 03-17 23:46:26 utils.py:131] === Checking the job status... ===
I 03-17 23:46:27 utils.py:137] Job status: JobStatus.RUNNING
I 03-17 23:46:27 utils.py:140] ==================================
I 03-17 23:46:47 utils.py:131] === Checking the job status... ===
I 03-17 23:46:48 utils.py:137] Job status: JobStatus.RUNNING
I 03-17 23:46:48 utils.py:140] ==================================
