I 03-17 21:16:41 controller.py:59] DAG:
I 03-17 21:16:41 controller.py:59] [Task<name=compute-text-vectors>(run='# Initialize and dow...')
I 03-17 21:16:41 controller.py:59]   resources: {AWS(cpus=4, {'L4': 1}), AWS([Spot], cpus=4, {'L4': 1})}]
I 03-17 21:16:41 controller.py:195] Submitted managed job 69 (task: 0, name: 'compute-text-vectors'); SKYPILOT_TASK_ID: sky-managed-2025-03-17-21-16-41-844875_compute-text-vectors_69-0
I 03-17 21:16:41 controller.py:199] Started monitoring.
I 03-17 21:16:41 state.py:451] Launching the spot cluster...
I 03-17 21:16:42 storage.py:1058] Storage type StoreType.S3 already exists.
<sky-payload>"<rich_init>[bold cyan]Optimizing[/]</rich_init>"</sky-payload>
<sky-payload>"<rich_update>[bold cyan]Optimizing[/]</rich_update>"</sky-payload>
<sky-payload>"<rich_start>[bold cyan]Optimizing[/]</rich_start>"</sky-payload>
I 03-17 21:16:43 optimizer.py:736] [1mTarget:[0m minimizing cost
I 03-17 21:16:43 optimizer.py:749] [1mEstimated cost: [0m$0.2 / hour
I 03-17 21:16:43 optimizer.py:749] 
I 03-17 21:16:43 optimizer.py:884] Considered resources (1 node):
I 03-17 21:16:43 optimizer.py:952] ----------------------------------------------------------------------------------------------
I 03-17 21:16:43 optimizer.py:952]  CLOUD   INSTANCE          vCPUs   Mem(GB)   ACCELERATORS   REGION/ZONE   COST ($)   CHOSEN   
I 03-17 21:16:43 optimizer.py:952] ----------------------------------------------------------------------------------------------
I 03-17 21:16:43 optimizer.py:952]  AWS     g6.xlarge[Spot]   4       16        L4:1           ap-south-1b   0.22       [32m   ✔[0m     
I 03-17 21:16:43 optimizer.py:952]  AWS     g6.xlarge         4       16        L4:1           us-east-1     0.80                
I 03-17 21:16:43 optimizer.py:952] ----------------------------------------------------------------------------------------------
<sky-payload>"<rich_exit></rich_exit>"</sky-payload>
<sky-payload>"<rich_init>[bold cyan]Launching[/]</rich_init>"</sky-payload>
<sky-payload>"<rich_update>[bold cyan]Launching[/]</rich_update>"</sky-payload>
<sky-payload>"<rich_start>[bold cyan]Launching[/]</rich_start>"</sky-payload>
<sky-payload>"<rich_update>[bold cyan]Launching[/]  \u001b[2mView logs: sky api logs -l sky-2025-03-17-21-16-42-481620/provision.log\u001b[0m</rich_update>"</sky-payload>
<sky-payload>"<rich_update>[bold cyan]Launching[/]  \u001b[2mView logs: sky api logs -l sky-2025-03-17-21-16-42-481620/provision.log\u001b[0m</rich_update>"</sky-payload>
I 03-17 21:16:43 cloud_vm_ray_backend.py:1520] [0m⚙︎ Launching on AWS ap-south-1[0m (ap-south-1b).
[2mW 03-17 21:22:01 instance.py:243] create_instances: Attempt failed with An error occurred (InsufficientInstanceCapacity) when calling the RunInstances operation (reached max retries: 0): We currently do not have sufficient g6.xlarge capacity in the Availability Zone you requested (ap-south-1b). Our system will be working on provisioning additional capacity. You can currently get g6.xlarge capacity by not specifying an Availability Zone in your request or choosing ap-south-1a.[0m
W 03-17 21:22:02 cloud_vm_ray_backend.py:2061] sky.exceptions.ResourcesUnavailableError: Failed to acquire resources in ap-south-1b for {AWS(cpus=4, {'L4': 1}), AWS([Spot], cpus=4, {'L4': 1})}. 
W 03-17 21:22:02 cloud_vm_ray_backend.py:2097] 
W 03-17 21:22:02 cloud_vm_ray_backend.py:2097] [0m[33m↺[0m Trying other potential resources.
<sky-payload>"<rich_update>[bold cyan]Looking for resources[/]  \u001b[2mView logs: sky api logs -l sky-2025-03-17-21-16-42-481620/provision.log\u001b[0m</rich_update>"</sky-payload>
<sky-payload>"<rich_update>[bold cyan]Optimizing[/]</rich_update>"</sky-payload>
<sky-payload>"<rich_start>[bold cyan]Launching[/]</rich_start>"</sky-payload>
I 03-17 21:22:03 optimizer.py:736] [1mTarget:[0m minimizing cost
I 03-17 21:22:03 optimizer.py:749] [1mEstimated cost: [0m$0.2 / hour
I 03-17 21:22:03 optimizer.py:749] 
I 03-17 21:22:03 optimizer.py:884] Considered resources (1 node):
I 03-17 21:22:03 optimizer.py:952] ----------------------------------------------------------------------------------------------
I 03-17 21:22:03 optimizer.py:952]  CLOUD   INSTANCE          vCPUs   Mem(GB)   ACCELERATORS   REGION/ZONE   COST ($)   CHOSEN   
I 03-17 21:22:03 optimizer.py:952] ----------------------------------------------------------------------------------------------
I 03-17 21:22:03 optimizer.py:952]  AWS     g6.xlarge[Spot]   4       16        L4:1           ap-south-1a   0.25       [32m   ✔[0m     
I 03-17 21:22:03 optimizer.py:952]  AWS     g6.xlarge         4       16        L4:1           us-east-1     0.80                
I 03-17 21:22:03 optimizer.py:952] ----------------------------------------------------------------------------------------------
<sky-payload>"<rich_update>[bold cyan]Looking for resources[/]  \u001b[2mView logs: sky api logs -l sky-2025-03-17-21-16-42-481620/provision.log\u001b[0m</rich_update>"</sky-payload>
<sky-payload>"<rich_update>[bold cyan]Launching[/]  \u001b[2mView logs: sky api logs -l sky-2025-03-17-21-16-42-481620/provision.log\u001b[0m</rich_update>"</sky-payload>
I 03-17 21:22:03 cloud_vm_ray_backend.py:1520] [0m⚙︎ Launching on AWS ap-south-1[0m (ap-south-1a).
[2mW 03-17 21:28:36 instance.py:243] create_instances: Attempt failed with An error occurred (MaxSpotInstanceCountExceeded) when calling the RunInstances operation: Max spot instance count exceeded[0m
W 03-17 21:28:37 cloud_vm_ray_backend.py:2061] sky.exceptions.ResourcesUnavailableError: Failed to acquire resources in ap-south-1a for {AWS(cpus=4, {'L4': 1}), AWS([Spot], cpus=4, {'L4': 1})}. 
W 03-17 21:28:37 cloud_vm_ray_backend.py:2097] 
W 03-17 21:28:37 cloud_vm_ray_backend.py:2097] [0m[33m↺[0m Trying other potential resources.
<sky-payload>"<rich_update>[bold cyan]Looking for resources[/]  \u001b[2mView logs: sky api logs -l sky-2025-03-17-21-16-42-481620/provision.log\u001b[0m</rich_update>"</sky-payload>
<sky-payload>"<rich_update>[bold cyan]Optimizing[/]</rich_update>"</sky-payload>
<sky-payload>"<rich_start>[bold cyan]Launching[/]</rich_start>"</sky-payload>
I 03-17 21:28:38 optimizer.py:736] [1mTarget:[0m minimizing cost
I 03-17 21:28:38 optimizer.py:749] [1mEstimated cost: [0m$0.3 / hour
I 03-17 21:28:38 optimizer.py:749] 
I 03-17 21:28:38 optimizer.py:884] Considered resources (1 node):
I 03-17 21:28:38 optimizer.py:952] --------------------------------------------------------------------------------------------------
I 03-17 21:28:38 optimizer.py:952]  CLOUD   INSTANCE          vCPUs   Mem(GB)   ACCELERATORS   REGION/ZONE       COST ($)   CHOSEN   
I 03-17 21:28:38 optimizer.py:952] --------------------------------------------------------------------------------------------------
I 03-17 21:28:38 optimizer.py:952]  AWS     g6.xlarge[Spot]   4       16        L4:1           ap-northeast-2d   0.25       [32m   ✔[0m     
I 03-17 21:28:38 optimizer.py:952]  AWS     g6.xlarge         4       16        L4:1           us-east-1         0.80                
I 03-17 21:28:38 optimizer.py:952] --------------------------------------------------------------------------------------------------
<sky-payload>"<rich_update>[bold cyan]Looking for resources[/]  \u001b[2mView logs: sky api logs -l sky-2025-03-17-21-16-42-481620/provision.log\u001b[0m</rich_update>"</sky-payload>
<sky-payload>"<rich_update>[bold cyan]Launching[/]  \u001b[2mView logs: sky api logs -l sky-2025-03-17-21-16-42-481620/provision.log\u001b[0m</rich_update>"</sky-payload>
I 03-17 21:28:38 cloud_vm_ray_backend.py:1520] [0m⚙︎ Launching on AWS ap-northeast-2[0m (ap-northeast-2d).
[2mW 03-17 21:28:51 instance.py:243] create_instances: Attempt failed with An error occurred (InsufficientInstanceCapacity) when calling the RunInstances operation (reached max retries: 0): There is no Spot capacity available that matches your request.[0m
W 03-17 21:28:52 cloud_vm_ray_backend.py:2061] sky.exceptions.ResourcesUnavailableError: Failed to acquire resources in ap-northeast-2d for {AWS(cpus=4, {'L4': 1}), AWS([Spot], cpus=4, {'L4': 1})}. 
W 03-17 21:28:52 cloud_vm_ray_backend.py:2097] 
W 03-17 21:28:52 cloud_vm_ray_backend.py:2097] [0m[33m↺[0m Trying other potential resources.
<sky-payload>"<rich_update>[bold cyan]Looking for resources[/]  \u001b[2mView logs: sky api logs -l sky-2025-03-17-21-16-42-481620/provision.log\u001b[0m</rich_update>"</sky-payload>
<sky-payload>"<rich_update>[bold cyan]Optimizing[/]</rich_update>"</sky-payload>
<sky-payload>"<rich_start>[bold cyan]Launching[/]</rich_start>"</sky-payload>
I 03-17 21:28:53 optimizer.py:736] [1mTarget:[0m minimizing cost
I 03-17 21:28:53 optimizer.py:749] [1mEstimated cost: [0m$0.3 / hour
I 03-17 21:28:53 optimizer.py:749] 
I 03-17 21:28:53 optimizer.py:884] Considered resources (1 node):
I 03-17 21:28:53 optimizer.py:952] --------------------------------------------------------------------------------------------------
I 03-17 21:28:53 optimizer.py:952]  CLOUD   INSTANCE          vCPUs   Mem(GB)   ACCELERATORS   REGION/ZONE       COST ($)   CHOSEN   
I 03-17 21:28:53 optimizer.py:952] --------------------------------------------------------------------------------------------------
I 03-17 21:28:53 optimizer.py:952]  AWS     g6.xlarge[Spot]   4       16        L4:1           ap-northeast-2a   0.27       [32m   ✔[0m     
I 03-17 21:28:53 optimizer.py:952]  AWS     g6.xlarge         4       16        L4:1           us-east-1         0.80                
I 03-17 21:28:53 optimizer.py:952] --------------------------------------------------------------------------------------------------
<sky-payload>"<rich_update>[bold cyan]Looking for resources[/]  \u001b[2mView logs: sky api logs -l sky-2025-03-17-21-16-42-481620/provision.log\u001b[0m</rich_update>"</sky-payload>
<sky-payload>"<rich_update>[bold cyan]Launching[/]  \u001b[2mView logs: sky api logs -l sky-2025-03-17-21-16-42-481620/provision.log\u001b[0m</rich_update>"</sky-payload>
I 03-17 21:28:53 cloud_vm_ray_backend.py:1520] [0m⚙︎ Launching on AWS ap-northeast-2[0m (ap-northeast-2a).
[2mW 03-17 21:29:06 instance.py:243] create_instances: Attempt failed with An error occurred (InsufficientInstanceCapacity) when calling the RunInstances operation (reached max retries: 0): There is no Spot capacity available that matches your request.[0m
W 03-17 21:29:07 cloud_vm_ray_backend.py:2061] sky.exceptions.ResourcesUnavailableError: Failed to acquire resources in ap-northeast-2a for {AWS(cpus=4, {'L4': 1}), AWS([Spot], cpus=4, {'L4': 1})}. 
W 03-17 21:29:07 cloud_vm_ray_backend.py:2097] 
W 03-17 21:29:07 cloud_vm_ray_backend.py:2097] [0m[33m↺[0m Trying other potential resources.
<sky-payload>"<rich_update>[bold cyan]Looking for resources[/]  \u001b[2mView logs: sky api logs -l sky-2025-03-17-21-16-42-481620/provision.log\u001b[0m</rich_update>"</sky-payload>
<sky-payload>"<rich_update>[bold cyan]Optimizing[/]</rich_update>"</sky-payload>
<sky-payload>"<rich_start>[bold cyan]Launching[/]</rich_start>"</sky-payload>
I 03-17 21:29:07 optimizer.py:736] [1mTarget:[0m minimizing cost
I 03-17 21:29:07 optimizer.py:749] [1mEstimated cost: [0m$0.3 / hour
I 03-17 21:29:07 optimizer.py:749] 
I 03-17 21:29:07 optimizer.py:884] Considered resources (1 node):
I 03-17 21:29:07 optimizer.py:952] ----------------------------------------------------------------------------------------------
I 03-17 21:29:07 optimizer.py:952]  CLOUD   INSTANCE          vCPUs   Mem(GB)   ACCELERATORS   REGION/ZONE   COST ($)   CHOSEN   
I 03-17 21:29:07 optimizer.py:952] ----------------------------------------------------------------------------------------------
I 03-17 21:29:07 optimizer.py:952]  AWS     g6.xlarge[Spot]   4       16        L4:1           us-east-1b    0.30       [32m   ✔[0m     
I 03-17 21:29:07 optimizer.py:952]  AWS     g6.xlarge         4       16        L4:1           us-east-1     0.80                
I 03-17 21:29:07 optimizer.py:952] ----------------------------------------------------------------------------------------------
<sky-payload>"<rich_update>[bold cyan]Looking for resources[/]  \u001b[2mView logs: sky api logs -l sky-2025-03-17-21-16-42-481620/provision.log\u001b[0m</rich_update>"</sky-payload>
<sky-payload>"<rich_update>[bold cyan]Launching[/]  \u001b[2mView logs: sky api logs -l sky-2025-03-17-21-16-42-481620/provision.log\u001b[0m</rich_update>"</sky-payload>
I 03-17 21:29:07 cloud_vm_ray_backend.py:1520] [0m⚙︎ Launching on AWS us-east-1[0m (us-east-1b).
[2mW 03-17 21:29:14 instance.py:243] create_instances: Attempt failed with An error occurred (InsufficientInstanceCapacity) when calling the RunInstances operation (reached max retries: 0): We currently do not have sufficient g6.xlarge capacity in the Availability Zone you requested (us-east-1b). Our system will be working on provisioning additional capacity. You can currently get g6.xlarge capacity by not specifying an Availability Zone in your request or choosing us-east-1a, us-east-1c, us-east-1d.[0m
W 03-17 21:29:14 cloud_vm_ray_backend.py:2061] sky.exceptions.ResourcesUnavailableError: Failed to acquire resources in us-east-1b for {AWS(cpus=4, {'L4': 1}), AWS([Spot], cpus=4, {'L4': 1})}. 
W 03-17 21:29:14 cloud_vm_ray_backend.py:2097] 
W 03-17 21:29:14 cloud_vm_ray_backend.py:2097] [0m[33m↺[0m Trying other potential resources.
<sky-payload>"<rich_update>[bold cyan]Looking for resources[/]  \u001b[2mView logs: sky api logs -l sky-2025-03-17-21-16-42-481620/provision.log\u001b[0m</rich_update>"</sky-payload>
<sky-payload>"<rich_update>[bold cyan]Optimizing[/]</rich_update>"</sky-payload>
<sky-payload>"<rich_start>[bold cyan]Launching[/]</rich_start>"</sky-payload>
I 03-17 21:29:14 optimizer.py:736] [1mTarget:[0m minimizing cost
I 03-17 21:29:14 optimizer.py:749] [1mEstimated cost: [0m$0.3 / hour
I 03-17 21:29:14 optimizer.py:749] 
I 03-17 21:29:14 optimizer.py:884] Considered resources (1 node):
I 03-17 21:29:14 optimizer.py:952] ----------------------------------------------------------------------------------------------
I 03-17 21:29:14 optimizer.py:952]  CLOUD   INSTANCE          vCPUs   Mem(GB)   ACCELERATORS   REGION/ZONE   COST ($)   CHOSEN   
I 03-17 21:29:14 optimizer.py:952] ----------------------------------------------------------------------------------------------
I 03-17 21:29:14 optimizer.py:952]  AWS     g6.xlarge[Spot]   4       16        L4:1           us-east-2c    0.31       [32m   ✔[0m     
I 03-17 21:29:14 optimizer.py:952]  AWS     g6.xlarge         4       16        L4:1           us-east-1     0.80                
I 03-17 21:29:14 optimizer.py:952] ----------------------------------------------------------------------------------------------
<sky-payload>"<rich_update>[bold cyan]Looking for resources[/]  \u001b[2mView logs: sky api logs -l sky-2025-03-17-21-16-42-481620/provision.log\u001b[0m</rich_update>"</sky-payload>
<sky-payload>"<rich_update>[bold cyan]Launching[/]  \u001b[2mView logs: sky api logs -l sky-2025-03-17-21-16-42-481620/provision.log\u001b[0m</rich_update>"</sky-payload>
I 03-17 21:29:15 cloud_vm_ray_backend.py:1520] [0m⚙︎ Launching on AWS us-east-2[0m (us-east-2c).
[2mW 03-17 21:29:22 instance.py:243] create_instances: Attempt failed with An error occurred (InsufficientInstanceCapacity) when calling the RunInstances operation (reached max retries: 0): We currently do not have sufficient g6.xlarge capacity in the Availability Zone you requested (us-east-2c). Our system will be working on provisioning additional capacity. You can currently get g6.xlarge capacity by not specifying an Availability Zone in your request or choosing us-east-2a, us-east-2b.[0m
W 03-17 21:29:22 cloud_vm_ray_backend.py:2061] sky.exceptions.ResourcesUnavailableError: Failed to acquire resources in us-east-2c for {AWS(cpus=4, {'L4': 1}), AWS([Spot], cpus=4, {'L4': 1})}. 
W 03-17 21:29:22 cloud_vm_ray_backend.py:2097] 
W 03-17 21:29:22 cloud_vm_ray_backend.py:2097] [0m[33m↺[0m Trying other potential resources.
<sky-payload>"<rich_update>[bold cyan]Looking for resources[/]  \u001b[2mView logs: sky api logs -l sky-2025-03-17-21-16-42-481620/provision.log\u001b[0m</rich_update>"</sky-payload>
<sky-payload>"<rich_update>[bold cyan]Optimizing[/]</rich_update>"</sky-payload>
<sky-payload>"<rich_start>[bold cyan]Launching[/]</rich_start>"</sky-payload>
I 03-17 21:29:22 optimizer.py:736] [1mTarget:[0m minimizing cost
I 03-17 21:29:22 optimizer.py:749] [1mEstimated cost: [0m$0.3 / hour
I 03-17 21:29:22 optimizer.py:749] 
I 03-17 21:29:22 optimizer.py:884] Considered resources (1 node):
I 03-17 21:29:22 optimizer.py:952] ----------------------------------------------------------------------------------------------
I 03-17 21:29:22 optimizer.py:952]  CLOUD   INSTANCE          vCPUs   Mem(GB)   ACCELERATORS   REGION/ZONE   COST ($)   CHOSEN   
I 03-17 21:29:22 optimizer.py:952] ----------------------------------------------------------------------------------------------
I 03-17 21:29:22 optimizer.py:952]  AWS     g6.xlarge[Spot]   4       16        L4:1           us-east-2b    0.32       [32m   ✔[0m     
I 03-17 21:29:22 optimizer.py:952]  AWS     g6.xlarge         4       16        L4:1           us-east-1     0.80                
I 03-17 21:29:22 optimizer.py:952] ----------------------------------------------------------------------------------------------
<sky-payload>"<rich_update>[bold cyan]Looking for resources[/]  \u001b[2mView logs: sky api logs -l sky-2025-03-17-21-16-42-481620/provision.log\u001b[0m</rich_update>"</sky-payload>
<sky-payload>"<rich_update>[bold cyan]Launching[/]  \u001b[2mView logs: sky api logs -l sky-2025-03-17-21-16-42-481620/provision.log\u001b[0m</rich_update>"</sky-payload>
I 03-17 21:29:23 cloud_vm_ray_backend.py:1520] [0m⚙︎ Launching on AWS us-east-2[0m (us-east-2b).
[2mW 03-17 21:29:29 instance.py:243] create_instances: Attempt failed with An error occurred (InsufficientInstanceCapacity) when calling the RunInstances operation (reached max retries: 0): We currently do not have sufficient g6.xlarge capacity in the Availability Zone you requested (us-east-2b). Our system will be working on provisioning additional capacity. You can currently get g6.xlarge capacity by not specifying an Availability Zone in your request or choosing us-east-2a, us-east-2c.[0m
W 03-17 21:29:29 cloud_vm_ray_backend.py:2061] sky.exceptions.ResourcesUnavailableError: Failed to acquire resources in us-east-2b for {AWS(cpus=4, {'L4': 1}), AWS([Spot], cpus=4, {'L4': 1})}. 
W 03-17 21:29:29 cloud_vm_ray_backend.py:2097] 
W 03-17 21:29:29 cloud_vm_ray_backend.py:2097] [0m[33m↺[0m Trying other potential resources.
<sky-payload>"<rich_update>[bold cyan]Looking for resources[/]  \u001b[2mView logs: sky api logs -l sky-2025-03-17-21-16-42-481620/provision.log\u001b[0m</rich_update>"</sky-payload>
<sky-payload>"<rich_update>[bold cyan]Optimizing[/]</rich_update>"</sky-payload>
<sky-payload>"<rich_start>[bold cyan]Launching[/]</rich_start>"</sky-payload>
I 03-17 21:29:30 optimizer.py:736] [1mTarget:[0m minimizing cost
I 03-17 21:29:30 optimizer.py:749] [1mEstimated cost: [0m$0.3 / hour
I 03-17 21:29:30 optimizer.py:749] 
I 03-17 21:29:30 optimizer.py:884] Considered resources (1 node):
I 03-17 21:29:30 optimizer.py:952] ------------------------------------------------------------------------------------------------
I 03-17 21:29:30 optimizer.py:952]  CLOUD   INSTANCE          vCPUs   Mem(GB)   ACCELERATORS   REGION/ZONE     COST ($)   CHOSEN   
I 03-17 21:29:30 optimizer.py:952] ------------------------------------------------------------------------------------------------
I 03-17 21:29:30 optimizer.py:952]  AWS     g6.xlarge[Spot]   4       16        L4:1           ca-central-1a   0.33       [32m   ✔[0m     
I 03-17 21:29:30 optimizer.py:952]  AWS     g6.xlarge         4       16        L4:1           us-east-1       0.80                
I 03-17 21:29:30 optimizer.py:952] ------------------------------------------------------------------------------------------------
<sky-payload>"<rich_update>[bold cyan]Looking for resources[/]  \u001b[2mView logs: sky api logs -l sky-2025-03-17-21-16-42-481620/provision.log\u001b[0m</rich_update>"</sky-payload>
<sky-payload>"<rich_update>[bold cyan]Launching[/]  \u001b[2mView logs: sky api logs -l sky-2025-03-17-21-16-42-481620/provision.log\u001b[0m</rich_update>"</sky-payload>
I 03-17 21:29:30 cloud_vm_ray_backend.py:1520] [0m⚙︎ Launching on AWS ca-central-1[0m (ca-central-1a).
[2mW 03-17 21:29:35 instance.py:243] create_instances: Attempt failed with An error occurred (InsufficientInstanceCapacity) when calling the RunInstances operation (reached max retries: 0): There is no Spot capacity available that matches your request.[0m
W 03-17 21:29:36 cloud_vm_ray_backend.py:2061] sky.exceptions.ResourcesUnavailableError: Failed to acquire resources in ca-central-1a for {AWS(cpus=4, {'L4': 1}), AWS([Spot], cpus=4, {'L4': 1})}. 
W 03-17 21:29:36 cloud_vm_ray_backend.py:2097] 
W 03-17 21:29:36 cloud_vm_ray_backend.py:2097] [0m[33m↺[0m Trying other potential resources.
<sky-payload>"<rich_update>[bold cyan]Looking for resources[/]  \u001b[2mView logs: sky api logs -l sky-2025-03-17-21-16-42-481620/provision.log\u001b[0m</rich_update>"</sky-payload>
<sky-payload>"<rich_update>[bold cyan]Optimizing[/]</rich_update>"</sky-payload>
<sky-payload>"<rich_start>[bold cyan]Launching[/]</rich_start>"</sky-payload>
I 03-17 21:29:36 optimizer.py:736] [1mTarget:[0m minimizing cost
I 03-17 21:29:36 optimizer.py:749] [1mEstimated cost: [0m$0.3 / hour
I 03-17 21:29:36 optimizer.py:749] 
I 03-17 21:29:36 optimizer.py:884] Considered resources (1 node):
I 03-17 21:29:36 optimizer.py:952] ----------------------------------------------------------------------------------------------
I 03-17 21:29:36 optimizer.py:952]  CLOUD   INSTANCE          vCPUs   Mem(GB)   ACCELERATORS   REGION/ZONE   COST ($)   CHOSEN   
I 03-17 21:29:36 optimizer.py:952] ----------------------------------------------------------------------------------------------
I 03-17 21:29:36 optimizer.py:952]  AWS     g6.xlarge[Spot]   4       16        L4:1           us-east-1c    0.34       [32m   ✔[0m     
I 03-17 21:29:36 optimizer.py:952]  AWS     g6.xlarge         4       16        L4:1           us-east-1     0.80                
I 03-17 21:29:36 optimizer.py:952] ----------------------------------------------------------------------------------------------
<sky-payload>"<rich_update>[bold cyan]Looking for resources[/]  \u001b[2mView logs: sky api logs -l sky-2025-03-17-21-16-42-481620/provision.log\u001b[0m</rich_update>"</sky-payload>
<sky-payload>"<rich_update>[bold cyan]Launching[/]  \u001b[2mView logs: sky api logs -l sky-2025-03-17-21-16-42-481620/provision.log\u001b[0m</rich_update>"</sky-payload>
I 03-17 21:29:36 cloud_vm_ray_backend.py:1520] [0m⚙︎ Launching on AWS us-east-1[0m (us-east-1c).
[2mE 03-17 21:29:37 config.py:46] SKYPILOT_ERROR_NO_NODES_LAUNCHED: No usable subnets matching availability zone ['us-east-1c'] found. Choose a different availability zone or try manually creating an instance in your specified region to populate the list of subnets and trying this again. If you have set `use_internal_ips`, check that this zone has a subnet that (1) has the substring 'private' in its name tag and (2) does not assign public IPs (`map_public_ip_on_launch` is False).[0m
W 03-17 21:29:37 cloud_vm_ray_backend.py:2061] sky.exceptions.ResourcesUnavailableError: Failed to acquire resources in us-east-1c for {AWS(cpus=4, {'L4': 1}), AWS([Spot], cpus=4, {'L4': 1})}. 
W 03-17 21:29:37 cloud_vm_ray_backend.py:2097] 
W 03-17 21:29:37 cloud_vm_ray_backend.py:2097] [0m[33m↺[0m Trying other potential resources.
<sky-payload>"<rich_update>[bold cyan]Looking for resources[/]  \u001b[2mView logs: sky api logs -l sky-2025-03-17-21-16-42-481620/provision.log\u001b[0m</rich_update>"</sky-payload>
<sky-payload>"<rich_update>[bold cyan]Optimizing[/]</rich_update>"</sky-payload>
<sky-payload>"<rich_start>[bold cyan]Launching[/]</rich_start>"</sky-payload>
I 03-17 21:29:38 optimizer.py:736] [1mTarget:[0m minimizing cost
I 03-17 21:29:38 optimizer.py:749] [1mEstimated cost: [0m$0.3 / hour
I 03-17 21:29:38 optimizer.py:749] 
I 03-17 21:29:38 optimizer.py:884] Considered resources (1 node):
I 03-17 21:29:38 optimizer.py:952] ------------------------------------------------------------------------------------------------
I 03-17 21:29:38 optimizer.py:952]  CLOUD   INSTANCE          vCPUs   Mem(GB)   ACCELERATORS   REGION/ZONE     COST ($)   CHOSEN   
I 03-17 21:29:38 optimizer.py:952] ------------------------------------------------------------------------------------------------
I 03-17 21:29:38 optimizer.py:952]  AWS     g6.xlarge[Spot]   4       16        L4:1           ca-central-1b   0.34       [32m   ✔[0m     
I 03-17 21:29:38 optimizer.py:952]  AWS     g6.xlarge         4       16        L4:1           us-east-1       0.80                
I 03-17 21:29:38 optimizer.py:952] ------------------------------------------------------------------------------------------------
<sky-payload>"<rich_update>[bold cyan]Looking for resources[/]  \u001b[2mView logs: sky api logs -l sky-2025-03-17-21-16-42-481620/provision.log\u001b[0m</rich_update>"</sky-payload>
<sky-payload>"<rich_update>[bold cyan]Launching[/]  \u001b[2mView logs: sky api logs -l sky-2025-03-17-21-16-42-481620/provision.log\u001b[0m</rich_update>"</sky-payload>
I 03-17 21:29:38 cloud_vm_ray_backend.py:1520] [0m⚙︎ Launching on AWS ca-central-1[0m (ca-central-1b).
<sky-payload>"<rich_update>[bold cyan]Launching - Checking instance status[/]  \u001b[2mView logs: sky api logs -l sky-2025-03-17-21-16-42-481620/provision.log\u001b[0m</rich_update>"</sky-payload>
<sky-payload>"<rich_update>[bold cyan]Launching - Waiting for SSH access[/]  \u001b[2mView logs: sky api logs -l sky-2025-03-17-21-16-42-481620/provision.log\u001b[0m</rich_update>"</sky-payload>
<sky-payload>"<rich_start>[bold cyan]Launching[/]</rich_start>"</sky-payload>
I 03-17 21:30:01 provisioner.py:451] [2m└── [0m[2mInstance is up.[0m
<sky-payload>"<rich_update>[bold cyan]Preparing SkyPilot runtime (1/3 - initializing)[/]  \u001b[2mView logs: sky api logs -l sky-2025-03-17-21-16-42-481620/provision.log\u001b[0m</rich_update>"</sky-payload>
<sky-payload>"<rich_update>[bold cyan]Preparing SkyPilot runtime (2/3 - dependencies)[/]  \u001b[2mView logs: sky api logs -l sky-2025-03-17-21-16-42-481620/provision.log\u001b[0m</rich_update>"</sky-payload>
<sky-payload>"<rich_update>[bold cyan]Preparing SkyPilot runtime (3/3 - runtime)[/]  \u001b[2mView logs: sky api logs -l sky-2025-03-17-21-16-42-481620/provision.log\u001b[0m</rich_update>"</sky-payload>
<sky-payload>"<rich_update>[bold cyan]Launching - Checking instance status[/]  \u001b[2mView logs: sky api logs -l sky-2025-03-17-21-16-42-481620/provision.log\u001b[0m</rich_update>"</sky-payload>
I 03-17 21:30:35 provisioner.py:632] [0m[32m✓ Cluster launched: compute-text-vectors-69.[0m  [2mView logs: sky api logs -l sky-2025-03-17-21-16-42-481620/provision.log[0m
<sky-payload>"<rich_exit></rich_exit>"</sky-payload>
I 03-17 21:30:36 execution.py:332] [0m⚙︎ Syncing files.
<sky-payload>"<rich_init>[bold cyan]Syncing files[/]</rich_init>"</sky-payload>
<sky-payload>"<rich_update>[bold cyan]Syncing files[/]</rich_update>"</sky-payload>
<sky-payload>"<rich_start>[bold cyan]Syncing files[/]</rich_start>"</sky-payload>
<sky-payload>"<rich_update>[bold cyan]Syncing file mounts[/]  \u001b[2mView logs: sky api logs -l sky-2025-03-17-21-16-42-481620/file_mounts.log\u001b[0m</rich_update>"</sky-payload>
I 03-17 21:30:36 backend_utils.py:1315]   [2mSyncing (to 1 node): s3://skypilot-filemounts-root-726f1974-6i6ac1w8/job-6i6ac1w8/workdir -> ~/sky_workdir[0m
I 03-17 21:30:39 cloud_vm_ray_backend.py:4801] [0m[32m✓ Synced file_mounts.[0m  [2mView logs: sky api logs -l sky-2025-03-17-21-16-42-481620/file_mounts.log[0m
<sky-payload>"<rich_update>[bold cyan]Mounting 1 storage[/]  \u001b[2mView logs: sky api logs -l sky-2025-03-17-21-16-42-481620/storage_mounts.log\u001b[0m</rich_update>"</sky-payload>
I 03-17 21:30:39 backend_utils.py:1315]   [2mMounting (to 1 node): s3://sky-text-embeddings-multi-cluster-final-2 -> /output[0m
I 03-17 21:30:41 cloud_vm_ray_backend.py:4892] [0m[32m✓ Storage mounted.[0m  [2mView logs: sky api logs -l sky-2025-03-17-21-16-42-481620/storage_mounts.log[0m
<sky-payload>"<rich_exit></rich_exit>"</sky-payload>
<sky-payload>"<rich_init>[bold cyan]Running setup[/]</rich_init>"</sky-payload>
<sky-payload>"<rich_update>[bold cyan]Running setup[/]</rich_update>"</sky-payload>
<sky-payload>"<rich_start>[bold cyan]Running setup[/]</rich_start>"</sky-payload>
<sky-payload>"<rich_stop></rich_stop>"</sky-payload>
I 03-17 21:30:41 cloud_vm_ray_backend.py:3357] [0m[32m✓ Setup detached.[0m
<sky-payload>"<rich_exit></rich_exit>"</sky-payload>
<sky-payload>"<rich_init>[bold cyan]Submitting job[/]</rich_init>"</sky-payload>
<sky-payload>"<rich_update>[bold cyan]Submitting job[/]</rich_update>"</sky-payload>
<sky-payload>"<rich_start>[bold cyan]Submitting job[/]</rich_start>"</sky-payload>
I 03-17 21:30:42 cloud_vm_ray_backend.py:3546] Multiple resources are specified for the task, using: AWS([Spot], cpus=4, {'L4': 1})
I 03-17 21:30:43 cloud_vm_ray_backend.py:3460] [0m⚙︎ Job submitted, ID: 1
<sky-payload>"<rich_stop></rich_stop>"</sky-payload>
<sky-payload>"<rich_exit></rich_exit>"</sky-payload>

[?25hI 03-17 21:30:44 recovery_strategy.py:289] Managed job cluster launched.
I 03-17 21:30:47 utils.py:131] === Checking the job status... ===
I 03-17 21:30:48 utils.py:137] Job status: JobStatus.SETTING_UP
I 03-17 21:30:48 utils.py:140] ==================================
I 03-17 21:30:48 state.py:471] Job started.
I 03-17 21:31:08 utils.py:131] === Checking the job status... ===
I 03-17 21:31:09 utils.py:137] Job status: JobStatus.SETTING_UP
I 03-17 21:31:09 utils.py:140] ==================================
I 03-17 21:31:29 utils.py:131] === Checking the job status... ===
I 03-17 21:31:30 utils.py:137] Job status: JobStatus.SETTING_UP
I 03-17 21:31:30 utils.py:140] ==================================
I 03-17 21:31:50 utils.py:131] === Checking the job status... ===
I 03-17 21:31:51 utils.py:137] Job status: JobStatus.SETTING_UP
I 03-17 21:31:51 utils.py:140] ==================================
I 03-17 21:32:11 utils.py:131] === Checking the job status... ===
I 03-17 21:32:12 utils.py:137] Job status: JobStatus.SETTING_UP
I 03-17 21:32:12 utils.py:140] ==================================
I 03-17 21:32:32 utils.py:131] === Checking the job status... ===
I 03-17 21:32:32 utils.py:137] Job status: JobStatus.SETTING_UP
I 03-17 21:32:32 utils.py:140] ==================================
I 03-17 21:32:52 utils.py:131] === Checking the job status... ===
I 03-17 21:32:53 utils.py:137] Job status: JobStatus.SETTING_UP
I 03-17 21:32:53 utils.py:140] ==================================
I 03-17 21:33:13 utils.py:131] === Checking the job status... ===
I 03-17 21:33:14 utils.py:137] Job status: JobStatus.RUNNING
I 03-17 21:33:14 utils.py:140] ==================================
I 03-17 21:33:34 utils.py:131] === Checking the job status... ===
I 03-17 21:33:35 utils.py:137] Job status: JobStatus.RUNNING
I 03-17 21:33:35 utils.py:140] ==================================
I 03-17 21:33:55 utils.py:131] === Checking the job status... ===
I 03-17 21:33:56 utils.py:137] Job status: JobStatus.RUNNING
I 03-17 21:33:56 utils.py:140] ==================================
I 03-17 21:34:16 utils.py:131] === Checking the job status... ===
I 03-17 21:34:17 utils.py:137] Job status: JobStatus.RUNNING
I 03-17 21:34:17 utils.py:140] ==================================
I 03-17 21:34:37 utils.py:131] === Checking the job status... ===
I 03-17 21:34:38 utils.py:137] Job status: JobStatus.RUNNING
I 03-17 21:34:38 utils.py:140] ==================================
I 03-17 21:34:58 utils.py:131] === Checking the job status... ===
I 03-17 21:34:59 utils.py:137] Job status: JobStatus.RUNNING
I 03-17 21:34:59 utils.py:140] ==================================
I 03-17 21:35:19 utils.py:131] === Checking the job status... ===
I 03-17 21:35:19 utils.py:137] Job status: JobStatus.RUNNING
I 03-17 21:35:19 utils.py:140] ==================================
I 03-17 21:35:40 utils.py:131] === Checking the job status... ===
I 03-17 21:35:40 utils.py:137] Job status: JobStatus.RUNNING
I 03-17 21:35:40 utils.py:140] ==================================
I 03-17 21:36:00 utils.py:131] === Checking the job status... ===
I 03-17 21:36:01 utils.py:137] Job status: JobStatus.RUNNING
I 03-17 21:36:01 utils.py:140] ==================================
I 03-17 21:36:21 utils.py:131] === Checking the job status... ===
I 03-17 21:36:22 utils.py:137] Job status: JobStatus.RUNNING
I 03-17 21:36:22 utils.py:140] ==================================
I 03-17 21:36:42 utils.py:131] === Checking the job status... ===
I 03-17 21:36:46 utils.py:137] Job status: JobStatus.RUNNING
I 03-17 21:36:46 utils.py:140] ==================================
I 03-17 21:37:06 utils.py:131] === Checking the job status... ===
I 03-17 21:37:09 utils.py:137] Job status: JobStatus.RUNNING
I 03-17 21:37:09 utils.py:140] ==================================
I 03-17 21:37:29 utils.py:131] === Checking the job status... ===
I 03-17 21:37:30 utils.py:137] Job status: JobStatus.RUNNING
I 03-17 21:37:30 utils.py:140] ==================================
I 03-17 21:37:50 utils.py:131] === Checking the job status... ===
I 03-17 21:37:51 utils.py:137] Job status: JobStatus.RUNNING
I 03-17 21:37:51 utils.py:140] ==================================
I 03-17 21:38:11 utils.py:131] === Checking the job status... ===
I 03-17 21:38:11 utils.py:137] Job status: JobStatus.RUNNING
I 03-17 21:38:11 utils.py:140] ==================================
I 03-17 21:38:32 utils.py:131] === Checking the job status... ===
I 03-17 21:38:32 utils.py:137] Job status: JobStatus.RUNNING
I 03-17 21:38:32 utils.py:140] ==================================
I 03-17 21:38:52 utils.py:131] === Checking the job status... ===
I 03-17 21:38:53 utils.py:137] Job status: JobStatus.RUNNING
I 03-17 21:38:53 utils.py:140] ==================================
I 03-17 21:39:13 utils.py:131] === Checking the job status... ===
I 03-17 21:39:14 utils.py:137] Job status: JobStatus.RUNNING
I 03-17 21:39:14 utils.py:140] ==================================
I 03-17 21:39:34 utils.py:131] === Checking the job status... ===
I 03-17 21:39:35 utils.py:137] Job status: JobStatus.RUNNING
I 03-17 21:39:35 utils.py:140] ==================================
I 03-17 21:39:55 utils.py:131] === Checking the job status... ===
I 03-17 21:39:55 utils.py:137] Job status: JobStatus.RUNNING
I 03-17 21:39:55 utils.py:140] ==================================
I 03-17 21:40:15 utils.py:131] === Checking the job status... ===
I 03-17 21:40:16 utils.py:137] Job status: JobStatus.RUNNING
I 03-17 21:40:16 utils.py:140] ==================================
I 03-17 21:40:36 utils.py:131] === Checking the job status... ===
I 03-17 21:40:37 utils.py:137] Job status: JobStatus.RUNNING
I 03-17 21:40:37 utils.py:140] ==================================
I 03-17 21:40:57 utils.py:131] === Checking the job status... ===
I 03-17 21:40:58 utils.py:137] Job status: JobStatus.RUNNING
I 03-17 21:40:58 utils.py:140] ==================================
I 03-17 21:41:18 utils.py:131] === Checking the job status... ===
I 03-17 21:41:18 utils.py:137] Job status: JobStatus.RUNNING
I 03-17 21:41:18 utils.py:140] ==================================
I 03-17 21:41:38 utils.py:131] === Checking the job status... ===
I 03-17 21:41:39 utils.py:137] Job status: JobStatus.RUNNING
I 03-17 21:41:39 utils.py:140] ==================================
I 03-17 21:41:59 utils.py:131] === Checking the job status... ===
I 03-17 21:42:00 utils.py:137] Job status: JobStatus.RUNNING
I 03-17 21:42:00 utils.py:140] ==================================
I 03-17 21:42:20 utils.py:131] === Checking the job status... ===
I 03-17 21:42:21 utils.py:137] Job status: JobStatus.RUNNING
I 03-17 21:42:21 utils.py:140] ==================================
I 03-17 21:42:41 utils.py:131] === Checking the job status... ===
I 03-17 21:42:41 utils.py:137] Job status: JobStatus.RUNNING
I 03-17 21:42:41 utils.py:140] ==================================
I 03-17 21:43:01 utils.py:131] === Checking the job status... ===
I 03-17 21:43:02 utils.py:137] Job status: JobStatus.RUNNING
I 03-17 21:43:02 utils.py:140] ==================================
I 03-17 21:43:22 utils.py:131] === Checking the job status... ===
I 03-17 21:43:23 utils.py:137] Job status: JobStatus.RUNNING
I 03-17 21:43:23 utils.py:140] ==================================
I 03-17 21:43:43 utils.py:131] === Checking the job status... ===
I 03-17 21:43:44 utils.py:137] Job status: JobStatus.RUNNING
I 03-17 21:43:44 utils.py:140] ==================================
I 03-17 21:44:04 utils.py:131] === Checking the job status... ===
I 03-17 21:44:05 utils.py:137] Job status: JobStatus.RUNNING
I 03-17 21:44:05 utils.py:140] ==================================
I 03-17 21:44:25 utils.py:131] === Checking the job status... ===
I 03-17 21:44:25 utils.py:137] Job status: JobStatus.RUNNING
I 03-17 21:44:25 utils.py:140] ==================================
I 03-17 21:44:45 utils.py:131] === Checking the job status... ===
I 03-17 21:44:46 utils.py:137] Job status: JobStatus.RUNNING
I 03-17 21:44:46 utils.py:140] ==================================
I 03-17 21:45:06 utils.py:131] === Checking the job status... ===
I 03-17 21:45:07 utils.py:137] Job status: JobStatus.RUNNING
I 03-17 21:45:07 utils.py:140] ==================================
I 03-17 21:45:27 utils.py:131] === Checking the job status... ===
I 03-17 21:45:27 utils.py:137] Job status: JobStatus.RUNNING
I 03-17 21:45:27 utils.py:140] ==================================
I 03-17 21:45:48 utils.py:131] === Checking the job status... ===
I 03-17 21:45:48 utils.py:137] Job status: JobStatus.RUNNING
I 03-17 21:45:48 utils.py:140] ==================================
I 03-17 21:46:08 utils.py:131] === Checking the job status... ===
I 03-17 21:46:09 utils.py:137] Job status: JobStatus.RUNNING
I 03-17 21:46:09 utils.py:140] ==================================
I 03-17 21:46:29 utils.py:131] === Checking the job status... ===
I 03-17 21:46:30 utils.py:137] Job status: JobStatus.RUNNING
I 03-17 21:46:30 utils.py:140] ==================================
I 03-17 21:46:50 utils.py:131] === Checking the job status... ===
I 03-17 21:46:50 utils.py:137] Job status: JobStatus.RUNNING
I 03-17 21:46:50 utils.py:140] ==================================
I 03-17 21:47:11 utils.py:131] === Checking the job status... ===
I 03-17 21:47:11 utils.py:137] Job status: JobStatus.RUNNING
I 03-17 21:47:11 utils.py:140] ==================================
I 03-17 21:47:31 utils.py:131] === Checking the job status... ===
I 03-17 21:47:32 utils.py:137] Job status: JobStatus.RUNNING
I 03-17 21:47:32 utils.py:140] ==================================
I 03-17 21:47:52 utils.py:131] === Checking the job status... ===
I 03-17 21:47:53 utils.py:137] Job status: JobStatus.RUNNING
I 03-17 21:47:53 utils.py:140] ==================================
I 03-17 21:48:13 utils.py:131] === Checking the job status... ===
I 03-17 21:48:14 utils.py:137] Job status: JobStatus.RUNNING
I 03-17 21:48:14 utils.py:140] ==================================
I 03-17 21:48:34 utils.py:131] === Checking the job status... ===
I 03-17 21:48:34 utils.py:137] Job status: JobStatus.RUNNING
I 03-17 21:48:34 utils.py:140] ==================================
I 03-17 21:48:54 utils.py:131] === Checking the job status... ===
I 03-17 21:48:55 utils.py:137] Job status: JobStatus.RUNNING
I 03-17 21:48:55 utils.py:140] ==================================
I 03-17 21:49:15 utils.py:131] === Checking the job status... ===
I 03-17 21:49:16 utils.py:137] Job status: JobStatus.RUNNING
I 03-17 21:49:16 utils.py:140] ==================================
I 03-17 21:49:36 utils.py:131] === Checking the job status... ===
I 03-17 21:49:37 utils.py:137] Job status: JobStatus.RUNNING
I 03-17 21:49:37 utils.py:140] ==================================
I 03-17 21:49:57 utils.py:131] === Checking the job status... ===
I 03-17 21:49:57 utils.py:137] Job status: JobStatus.RUNNING
I 03-17 21:49:57 utils.py:140] ==================================
I 03-17 21:50:17 utils.py:131] === Checking the job status... ===
I 03-17 21:50:18 utils.py:137] Job status: JobStatus.RUNNING
I 03-17 21:50:18 utils.py:140] ==================================
I 03-17 21:50:38 utils.py:131] === Checking the job status... ===
I 03-17 21:50:39 utils.py:137] Job status: JobStatus.RUNNING
I 03-17 21:50:39 utils.py:140] ==================================
I 03-17 21:50:59 utils.py:131] === Checking the job status... ===
I 03-17 21:51:00 utils.py:137] Job status: JobStatus.RUNNING
I 03-17 21:51:00 utils.py:140] ==================================
I 03-17 21:51:20 utils.py:131] === Checking the job status... ===
I 03-17 21:51:20 utils.py:137] Job status: JobStatus.RUNNING
I 03-17 21:51:20 utils.py:140] ==================================
I 03-17 21:51:41 utils.py:131] === Checking the job status... ===
I 03-17 21:51:41 utils.py:137] Job status: JobStatus.RUNNING
I 03-17 21:51:41 utils.py:140] ==================================
I 03-17 21:52:01 utils.py:131] === Checking the job status... ===
I 03-17 21:52:02 utils.py:137] Job status: JobStatus.RUNNING
I 03-17 21:52:02 utils.py:140] ==================================
I 03-17 21:52:22 utils.py:131] === Checking the job status... ===
I 03-17 21:52:23 utils.py:137] Job status: JobStatus.RUNNING
I 03-17 21:52:23 utils.py:140] ==================================
I 03-17 21:52:43 utils.py:131] === Checking the job status... ===
I 03-17 21:52:43 utils.py:137] Job status: JobStatus.RUNNING
I 03-17 21:52:43 utils.py:140] ==================================
I 03-17 21:53:04 utils.py:131] === Checking the job status... ===
I 03-17 21:53:04 utils.py:137] Job status: JobStatus.RUNNING
I 03-17 21:53:04 utils.py:140] ==================================
I 03-17 21:53:24 utils.py:131] === Checking the job status... ===
I 03-17 21:53:25 utils.py:137] Job status: JobStatus.RUNNING
I 03-17 21:53:25 utils.py:140] ==================================
I 03-17 21:53:45 utils.py:131] === Checking the job status... ===
I 03-17 21:53:46 utils.py:137] Job status: JobStatus.RUNNING
I 03-17 21:53:46 utils.py:140] ==================================
I 03-17 21:54:06 utils.py:131] === Checking the job status... ===
I 03-17 21:54:07 utils.py:137] Job status: JobStatus.RUNNING
I 03-17 21:54:07 utils.py:140] ==================================
I 03-17 21:54:27 utils.py:131] === Checking the job status... ===
I 03-17 21:54:27 utils.py:137] Job status: JobStatus.RUNNING
I 03-17 21:54:27 utils.py:140] ==================================
I 03-17 21:54:47 utils.py:131] === Checking the job status... ===
I 03-17 21:54:48 utils.py:137] Job status: JobStatus.RUNNING
I 03-17 21:54:48 utils.py:140] ==================================
I 03-17 21:55:08 utils.py:131] === Checking the job status... ===
I 03-17 21:55:09 utils.py:137] Job status: JobStatus.RUNNING
I 03-17 21:55:09 utils.py:140] ==================================
I 03-17 21:55:29 utils.py:131] === Checking the job status... ===
I 03-17 21:55:30 utils.py:137] Job status: JobStatus.RUNNING
I 03-17 21:55:30 utils.py:140] ==================================
I 03-17 21:55:50 utils.py:131] === Checking the job status... ===
I 03-17 21:55:50 utils.py:137] Job status: JobStatus.RUNNING
I 03-17 21:55:50 utils.py:140] ==================================
I 03-17 21:56:11 utils.py:131] === Checking the job status... ===
I 03-17 21:56:11 utils.py:137] Job status: JobStatus.RUNNING
I 03-17 21:56:11 utils.py:140] ==================================
I 03-17 21:56:31 utils.py:131] === Checking the job status... ===
I 03-17 21:56:32 utils.py:137] Job status: JobStatus.RUNNING
I 03-17 21:56:32 utils.py:140] ==================================
I 03-17 21:56:52 utils.py:131] === Checking the job status... ===
I 03-17 21:56:53 utils.py:137] Job status: JobStatus.RUNNING
I 03-17 21:56:53 utils.py:140] ==================================
I 03-17 21:57:13 utils.py:131] === Checking the job status... ===
I 03-17 21:57:14 utils.py:137] Job status: JobStatus.RUNNING
I 03-17 21:57:14 utils.py:140] ==================================
I 03-17 21:57:34 utils.py:131] === Checking the job status... ===
I 03-17 21:57:34 utils.py:137] Job status: JobStatus.RUNNING
I 03-17 21:57:34 utils.py:140] ==================================
I 03-17 21:57:54 utils.py:131] === Checking the job status... ===
I 03-17 21:57:55 utils.py:137] Job status: JobStatus.RUNNING
I 03-17 21:57:55 utils.py:140] ==================================
I 03-17 21:58:15 utils.py:131] === Checking the job status... ===
I 03-17 21:58:16 utils.py:137] Job status: JobStatus.RUNNING
I 03-17 21:58:16 utils.py:140] ==================================
I 03-17 21:58:36 utils.py:131] === Checking the job status... ===
I 03-17 21:58:37 utils.py:137] Job status: JobStatus.RUNNING
I 03-17 21:58:37 utils.py:140] ==================================
I 03-17 21:58:57 utils.py:131] === Checking the job status... ===
I 03-17 21:58:57 utils.py:137] Job status: JobStatus.RUNNING
I 03-17 21:58:57 utils.py:140] ==================================
I 03-17 21:59:17 utils.py:131] === Checking the job status... ===
I 03-17 21:59:18 utils.py:137] Job status: JobStatus.RUNNING
I 03-17 21:59:18 utils.py:140] ==================================
I 03-17 21:59:38 utils.py:131] === Checking the job status... ===
I 03-17 21:59:39 utils.py:137] Job status: JobStatus.RUNNING
I 03-17 21:59:39 utils.py:140] ==================================
I 03-17 21:59:59 utils.py:131] === Checking the job status... ===
I 03-17 22:00:00 utils.py:137] Job status: JobStatus.RUNNING
I 03-17 22:00:00 utils.py:140] ==================================
I 03-17 22:00:20 utils.py:131] === Checking the job status... ===
I 03-17 22:00:21 utils.py:137] Job status: JobStatus.RUNNING
I 03-17 22:00:21 utils.py:140] ==================================
I 03-17 22:00:41 utils.py:131] === Checking the job status... ===
I 03-17 22:00:41 utils.py:137] Job status: JobStatus.RUNNING
I 03-17 22:00:41 utils.py:140] ==================================
I 03-17 22:01:01 utils.py:131] === Checking the job status... ===
I 03-17 22:01:02 utils.py:137] Job status: JobStatus.RUNNING
I 03-17 22:01:02 utils.py:140] ==================================
I 03-17 22:01:22 utils.py:131] === Checking the job status... ===
I 03-17 22:01:23 utils.py:137] Job status: JobStatus.RUNNING
I 03-17 22:01:23 utils.py:140] ==================================
I 03-17 22:01:43 utils.py:131] === Checking the job status... ===
I 03-17 22:01:44 utils.py:137] Job status: JobStatus.RUNNING
I 03-17 22:01:44 utils.py:140] ==================================
I 03-17 22:02:04 utils.py:131] === Checking the job status... ===
I 03-17 22:02:04 utils.py:137] Job status: JobStatus.RUNNING
I 03-17 22:02:04 utils.py:140] ==================================
I 03-17 22:02:25 utils.py:131] === Checking the job status... ===
I 03-17 22:02:25 utils.py:137] Job status: JobStatus.RUNNING
I 03-17 22:02:25 utils.py:140] ==================================
I 03-17 22:02:45 utils.py:131] === Checking the job status... ===
I 03-17 22:02:46 utils.py:137] Job status: JobStatus.RUNNING
I 03-17 22:02:46 utils.py:140] ==================================
I 03-17 22:03:06 utils.py:131] === Checking the job status... ===
I 03-17 22:03:07 utils.py:137] Job status: JobStatus.RUNNING
I 03-17 22:03:07 utils.py:140] ==================================
I 03-17 22:03:27 utils.py:131] === Checking the job status... ===
I 03-17 22:03:28 utils.py:137] Job status: JobStatus.RUNNING
I 03-17 22:03:28 utils.py:140] ==================================
I 03-17 22:03:48 utils.py:131] === Checking the job status... ===
I 03-17 22:03:48 utils.py:137] Job status: JobStatus.RUNNING
I 03-17 22:03:48 utils.py:140] ==================================
I 03-17 22:04:08 utils.py:131] === Checking the job status... ===
I 03-17 22:04:09 utils.py:137] Job status: JobStatus.RUNNING
I 03-17 22:04:09 utils.py:140] ==================================
I 03-17 22:04:29 utils.py:131] === Checking the job status... ===
I 03-17 22:04:30 utils.py:137] Job status: JobStatus.RUNNING
I 03-17 22:04:30 utils.py:140] ==================================
I 03-17 22:04:50 utils.py:131] === Checking the job status... ===
I 03-17 22:04:51 utils.py:137] Job status: JobStatus.RUNNING
I 03-17 22:04:51 utils.py:140] ==================================
I 03-17 22:05:11 utils.py:131] === Checking the job status... ===
I 03-17 22:05:11 utils.py:137] Job status: JobStatus.RUNNING
I 03-17 22:05:11 utils.py:140] ==================================
I 03-17 22:05:31 utils.py:131] === Checking the job status... ===
I 03-17 22:05:32 utils.py:137] Job status: JobStatus.RUNNING
I 03-17 22:05:32 utils.py:140] ==================================
I 03-17 22:05:52 utils.py:131] === Checking the job status... ===
I 03-17 22:05:53 utils.py:137] Job status: JobStatus.RUNNING
I 03-17 22:05:53 utils.py:140] ==================================
I 03-17 22:06:13 utils.py:131] === Checking the job status... ===
I 03-17 22:06:14 utils.py:137] Job status: JobStatus.RUNNING
I 03-17 22:06:14 utils.py:140] ==================================
I 03-17 22:06:34 utils.py:131] === Checking the job status... ===
I 03-17 22:06:34 utils.py:137] Job status: JobStatus.RUNNING
I 03-17 22:06:34 utils.py:140] ==================================
I 03-17 22:06:54 utils.py:131] === Checking the job status... ===
I 03-17 22:06:55 utils.py:137] Job status: JobStatus.RUNNING
I 03-17 22:06:55 utils.py:140] ==================================
I 03-17 22:07:15 utils.py:131] === Checking the job status... ===
I 03-17 22:07:16 utils.py:137] Job status: JobStatus.RUNNING
I 03-17 22:07:16 utils.py:140] ==================================
I 03-17 22:07:36 utils.py:131] === Checking the job status... ===
I 03-17 22:07:36 utils.py:137] Job status: JobStatus.RUNNING
I 03-17 22:07:36 utils.py:140] ==================================
I 03-17 22:07:57 utils.py:131] === Checking the job status... ===
I 03-17 22:07:57 utils.py:137] Job status: JobStatus.RUNNING
I 03-17 22:07:57 utils.py:140] ==================================
I 03-17 22:08:17 utils.py:131] === Checking the job status... ===
I 03-17 22:08:18 utils.py:137] Job status: JobStatus.RUNNING
I 03-17 22:08:18 utils.py:140] ==================================
I 03-17 22:08:38 utils.py:131] === Checking the job status... ===
I 03-17 22:08:39 utils.py:137] Job status: JobStatus.RUNNING
I 03-17 22:08:39 utils.py:140] ==================================
I 03-17 22:08:59 utils.py:131] === Checking the job status... ===
I 03-17 22:08:59 utils.py:137] Job status: JobStatus.RUNNING
I 03-17 22:08:59 utils.py:140] ==================================
I 03-17 22:09:19 utils.py:131] === Checking the job status... ===
I 03-17 22:09:20 utils.py:137] Job status: JobStatus.RUNNING
I 03-17 22:09:20 utils.py:140] ==================================
I 03-17 22:09:40 utils.py:131] === Checking the job status... ===
I 03-17 22:09:41 utils.py:137] Job status: JobStatus.RUNNING
I 03-17 22:09:41 utils.py:140] ==================================
I 03-17 22:10:01 utils.py:131] === Checking the job status... ===
I 03-17 22:10:02 utils.py:137] Job status: JobStatus.RUNNING
I 03-17 22:10:02 utils.py:140] ==================================
I 03-17 22:10:22 utils.py:131] === Checking the job status... ===
I 03-17 22:10:22 utils.py:137] Job status: JobStatus.RUNNING
I 03-17 22:10:22 utils.py:140] ==================================
I 03-17 22:10:43 utils.py:131] === Checking the job status... ===
I 03-17 22:10:43 utils.py:137] Job status: JobStatus.RUNNING
I 03-17 22:10:43 utils.py:140] ==================================
I 03-17 22:11:03 utils.py:131] === Checking the job status... ===
I 03-17 22:11:04 utils.py:137] Job status: JobStatus.RUNNING
I 03-17 22:11:04 utils.py:140] ==================================
I 03-17 22:11:24 utils.py:131] === Checking the job status... ===
I 03-17 22:11:25 utils.py:137] Job status: JobStatus.RUNNING
I 03-17 22:11:25 utils.py:140] ==================================
I 03-17 22:11:45 utils.py:131] === Checking the job status... ===
I 03-17 22:11:45 utils.py:137] Job status: JobStatus.RUNNING
I 03-17 22:11:45 utils.py:140] ==================================
I 03-17 22:12:05 utils.py:131] === Checking the job status... ===
I 03-17 22:12:06 utils.py:137] Job status: JobStatus.RUNNING
I 03-17 22:12:06 utils.py:140] ==================================
I 03-17 22:12:26 utils.py:131] === Checking the job status... ===
I 03-17 22:12:27 utils.py:137] Job status: JobStatus.RUNNING
I 03-17 22:12:27 utils.py:140] ==================================
I 03-17 22:12:47 utils.py:131] === Checking the job status... ===
I 03-17 22:12:48 utils.py:137] Job status: JobStatus.RUNNING
I 03-17 22:12:48 utils.py:140] ==================================
I 03-17 22:13:08 utils.py:131] === Checking the job status... ===
I 03-17 22:13:08 utils.py:137] Job status: JobStatus.RUNNING
I 03-17 22:13:08 utils.py:140] ==================================
I 03-17 22:13:29 utils.py:131] === Checking the job status... ===
I 03-17 22:13:29 utils.py:137] Job status: JobStatus.RUNNING
I 03-17 22:13:29 utils.py:140] ==================================
I 03-17 22:13:49 utils.py:131] === Checking the job status... ===
I 03-17 22:13:50 utils.py:137] Job status: JobStatus.RUNNING
I 03-17 22:13:50 utils.py:140] ==================================
I 03-17 22:14:10 utils.py:131] === Checking the job status... ===
I 03-17 22:14:11 utils.py:137] Job status: JobStatus.RUNNING
I 03-17 22:14:11 utils.py:140] ==================================
I 03-17 22:14:31 utils.py:131] === Checking the job status... ===
I 03-17 22:14:31 utils.py:137] Job status: JobStatus.RUNNING
I 03-17 22:14:31 utils.py:140] ==================================
I 03-17 22:14:52 utils.py:131] === Checking the job status... ===
I 03-17 22:14:52 utils.py:137] Job status: JobStatus.RUNNING
I 03-17 22:14:52 utils.py:140] ==================================
I 03-17 22:15:12 utils.py:131] === Checking the job status... ===
I 03-17 22:15:13 utils.py:137] Job status: JobStatus.RUNNING
I 03-17 22:15:13 utils.py:140] ==================================
I 03-17 22:15:33 utils.py:131] === Checking the job status... ===
I 03-17 22:15:34 utils.py:137] Job status: JobStatus.RUNNING
I 03-17 22:15:34 utils.py:140] ==================================
I 03-17 22:15:54 utils.py:131] === Checking the job status... ===
I 03-17 22:15:55 utils.py:137] Job status: JobStatus.RUNNING
I 03-17 22:15:55 utils.py:140] ==================================
I 03-17 22:16:15 utils.py:131] === Checking the job status... ===
I 03-17 22:16:15 utils.py:137] Job status: JobStatus.RUNNING
I 03-17 22:16:15 utils.py:140] ==================================
I 03-17 22:16:35 utils.py:131] === Checking the job status... ===
I 03-17 22:16:36 utils.py:137] Job status: JobStatus.RUNNING
I 03-17 22:16:36 utils.py:140] ==================================
I 03-17 22:16:56 utils.py:131] === Checking the job status... ===
I 03-17 22:16:57 utils.py:137] Job status: JobStatus.RUNNING
I 03-17 22:16:57 utils.py:140] ==================================
I 03-17 22:17:17 utils.py:131] === Checking the job status... ===
I 03-17 22:17:18 utils.py:137] Job status: JobStatus.RUNNING
I 03-17 22:17:18 utils.py:140] ==================================
I 03-17 22:17:38 utils.py:131] === Checking the job status... ===
I 03-17 22:17:38 utils.py:137] Job status: JobStatus.RUNNING
I 03-17 22:17:38 utils.py:140] ==================================
I 03-17 22:17:59 utils.py:131] === Checking the job status... ===
I 03-17 22:17:59 utils.py:137] Job status: JobStatus.RUNNING
I 03-17 22:17:59 utils.py:140] ==================================
I 03-17 22:18:19 utils.py:131] === Checking the job status... ===
I 03-17 22:18:20 utils.py:137] Job status: JobStatus.RUNNING
I 03-17 22:18:20 utils.py:140] ==================================
I 03-17 22:18:40 utils.py:131] === Checking the job status... ===
I 03-17 22:18:41 utils.py:137] Job status: JobStatus.RUNNING
I 03-17 22:18:41 utils.py:140] ==================================
I 03-17 22:19:01 utils.py:131] === Checking the job status... ===
I 03-17 22:19:02 utils.py:137] Job status: JobStatus.RUNNING
I 03-17 22:19:02 utils.py:140] ==================================
I 03-17 22:19:22 utils.py:131] === Checking the job status... ===
I 03-17 22:19:22 utils.py:137] Job status: JobStatus.RUNNING
I 03-17 22:19:22 utils.py:140] ==================================
I 03-17 22:19:42 utils.py:131] === Checking the job status... ===
I 03-17 22:19:43 utils.py:137] Job status: JobStatus.RUNNING
I 03-17 22:19:43 utils.py:140] ==================================
I 03-17 22:20:03 utils.py:131] === Checking the job status... ===
I 03-17 22:20:04 utils.py:137] Job status: JobStatus.RUNNING
I 03-17 22:20:04 utils.py:140] ==================================
I 03-17 22:20:24 utils.py:131] === Checking the job status... ===
I 03-17 22:20:24 utils.py:137] Job status: JobStatus.RUNNING
I 03-17 22:20:24 utils.py:140] ==================================
I 03-17 22:20:45 utils.py:131] === Checking the job status... ===
I 03-17 22:20:45 utils.py:137] Job status: JobStatus.RUNNING
I 03-17 22:20:45 utils.py:140] ==================================
I 03-17 22:21:05 utils.py:131] === Checking the job status... ===
I 03-17 22:21:06 utils.py:137] Job status: JobStatus.RUNNING
I 03-17 22:21:06 utils.py:140] ==================================
I 03-17 22:21:26 utils.py:131] === Checking the job status... ===
I 03-17 22:21:27 utils.py:137] Job status: JobStatus.RUNNING
I 03-17 22:21:27 utils.py:140] ==================================
I 03-17 22:21:47 utils.py:131] === Checking the job status... ===
I 03-17 22:21:47 utils.py:137] Job status: JobStatus.RUNNING
I 03-17 22:21:47 utils.py:140] ==================================
I 03-17 22:22:08 utils.py:131] === Checking the job status... ===
I 03-17 22:22:08 utils.py:137] Job status: JobStatus.RUNNING
I 03-17 22:22:08 utils.py:140] ==================================
I 03-17 22:22:28 utils.py:131] === Checking the job status... ===
I 03-17 22:22:29 utils.py:137] Job status: JobStatus.RUNNING
I 03-17 22:22:29 utils.py:140] ==================================
I 03-17 22:22:49 utils.py:131] === Checking the job status... ===
I 03-17 22:22:50 utils.py:137] Job status: JobStatus.RUNNING
I 03-17 22:22:50 utils.py:140] ==================================
I 03-17 22:23:10 utils.py:131] === Checking the job status... ===
I 03-17 22:23:11 utils.py:137] Job status: JobStatus.RUNNING
I 03-17 22:23:11 utils.py:140] ==================================
I 03-17 22:23:31 utils.py:131] === Checking the job status... ===
I 03-17 22:23:31 utils.py:137] Job status: JobStatus.RUNNING
I 03-17 22:23:31 utils.py:140] ==================================
I 03-17 22:23:51 utils.py:131] === Checking the job status... ===
I 03-17 22:23:52 utils.py:137] Job status: JobStatus.RUNNING
I 03-17 22:23:52 utils.py:140] ==================================
I 03-17 22:24:12 utils.py:131] === Checking the job status... ===
I 03-17 22:24:13 utils.py:137] Job status: JobStatus.RUNNING
I 03-17 22:24:13 utils.py:140] ==================================
I 03-17 22:24:33 utils.py:131] === Checking the job status... ===
I 03-17 22:24:33 utils.py:137] Job status: JobStatus.RUNNING
I 03-17 22:24:33 utils.py:140] ==================================
I 03-17 22:24:54 utils.py:131] === Checking the job status... ===
I 03-17 22:24:54 utils.py:137] Job status: JobStatus.RUNNING
I 03-17 22:24:54 utils.py:140] ==================================
I 03-17 22:25:14 utils.py:131] === Checking the job status... ===
I 03-17 22:25:15 utils.py:137] Job status: JobStatus.RUNNING
I 03-17 22:25:15 utils.py:140] ==================================
I 03-17 22:25:35 utils.py:131] === Checking the job status... ===
I 03-17 22:25:36 utils.py:137] Job status: JobStatus.RUNNING
I 03-17 22:25:36 utils.py:140] ==================================
I 03-17 22:25:56 utils.py:131] === Checking the job status... ===
I 03-17 22:25:56 utils.py:137] Job status: JobStatus.RUNNING
I 03-17 22:25:56 utils.py:140] ==================================
I 03-17 22:26:17 utils.py:131] === Checking the job status... ===
I 03-17 22:26:17 utils.py:137] Job status: JobStatus.RUNNING
I 03-17 22:26:17 utils.py:140] ==================================
I 03-17 22:26:37 utils.py:131] === Checking the job status... ===
I 03-17 22:26:38 utils.py:137] Job status: JobStatus.RUNNING
I 03-17 22:26:38 utils.py:140] ==================================
I 03-17 22:26:58 utils.py:131] === Checking the job status... ===
I 03-17 22:26:59 utils.py:137] Job status: JobStatus.RUNNING
I 03-17 22:26:59 utils.py:140] ==================================
I 03-17 22:27:19 utils.py:131] === Checking the job status... ===
I 03-17 22:27:19 utils.py:137] Job status: JobStatus.RUNNING
I 03-17 22:27:19 utils.py:140] ==================================
I 03-17 22:27:39 utils.py:131] === Checking the job status... ===
I 03-17 22:27:40 utils.py:137] Job status: JobStatus.RUNNING
I 03-17 22:27:40 utils.py:140] ==================================
I 03-17 22:28:00 utils.py:131] === Checking the job status... ===
I 03-17 22:28:01 utils.py:137] Job status: JobStatus.RUNNING
I 03-17 22:28:01 utils.py:140] ==================================
I 03-17 22:28:21 utils.py:131] === Checking the job status... ===
I 03-17 22:28:22 utils.py:137] Job status: JobStatus.RUNNING
I 03-17 22:28:22 utils.py:140] ==================================
I 03-17 22:28:42 utils.py:131] === Checking the job status... ===
I 03-17 22:28:42 utils.py:137] Job status: JobStatus.RUNNING
I 03-17 22:28:42 utils.py:140] ==================================
I 03-17 22:29:02 utils.py:131] === Checking the job status... ===
I 03-17 22:29:03 utils.py:137] Job status: JobStatus.RUNNING
I 03-17 22:29:03 utils.py:140] ==================================
I 03-17 22:29:23 utils.py:131] === Checking the job status... ===
I 03-17 22:29:24 utils.py:137] Job status: JobStatus.RUNNING
I 03-17 22:29:24 utils.py:140] ==================================
I 03-17 22:29:44 utils.py:131] === Checking the job status... ===
I 03-17 22:29:45 utils.py:137] Job status: JobStatus.RUNNING
I 03-17 22:29:45 utils.py:140] ==================================
I 03-17 22:30:05 utils.py:131] === Checking the job status... ===
I 03-17 22:30:05 utils.py:137] Job status: JobStatus.RUNNING
I 03-17 22:30:05 utils.py:140] ==================================
I 03-17 22:30:25 utils.py:131] === Checking the job status... ===
I 03-17 22:30:26 utils.py:137] Job status: JobStatus.RUNNING
I 03-17 22:30:26 utils.py:140] ==================================
I 03-17 22:30:46 utils.py:131] === Checking the job status... ===
I 03-17 22:30:47 utils.py:137] Job status: JobStatus.RUNNING
I 03-17 22:30:47 utils.py:140] ==================================
I 03-17 22:31:07 utils.py:131] === Checking the job status... ===
I 03-17 22:31:08 utils.py:137] Job status: JobStatus.RUNNING
I 03-17 22:31:08 utils.py:140] ==================================
I 03-17 22:31:28 utils.py:131] === Checking the job status... ===
I 03-17 22:31:28 utils.py:137] Job status: JobStatus.RUNNING
I 03-17 22:31:28 utils.py:140] ==================================
I 03-17 22:31:49 utils.py:131] === Checking the job status... ===
I 03-17 22:31:49 utils.py:137] Job status: JobStatus.RUNNING
I 03-17 22:31:49 utils.py:140] ==================================
I 03-17 22:32:09 utils.py:131] === Checking the job status... ===
I 03-17 22:32:10 utils.py:137] Job status: JobStatus.RUNNING
I 03-17 22:32:10 utils.py:140] ==================================
I 03-17 22:32:30 utils.py:131] === Checking the job status... ===
I 03-17 22:32:31 utils.py:137] Job status: JobStatus.RUNNING
I 03-17 22:32:31 utils.py:140] ==================================
I 03-17 22:32:51 utils.py:131] === Checking the job status... ===
I 03-17 22:32:51 utils.py:137] Job status: JobStatus.RUNNING
I 03-17 22:32:51 utils.py:140] ==================================
I 03-17 22:33:12 utils.py:131] === Checking the job status... ===
I 03-17 22:33:12 utils.py:137] Job status: JobStatus.RUNNING
I 03-17 22:33:12 utils.py:140] ==================================
I 03-17 22:33:32 utils.py:131] === Checking the job status... ===
I 03-17 22:33:33 utils.py:137] Job status: JobStatus.RUNNING
I 03-17 22:33:33 utils.py:140] ==================================
I 03-17 22:33:53 utils.py:131] === Checking the job status... ===
I 03-17 22:33:54 utils.py:137] Job status: JobStatus.RUNNING
I 03-17 22:33:54 utils.py:140] ==================================
I 03-17 22:34:14 utils.py:131] === Checking the job status... ===
I 03-17 22:34:15 utils.py:137] Job status: JobStatus.RUNNING
I 03-17 22:34:15 utils.py:140] ==================================
I 03-17 22:34:35 utils.py:131] === Checking the job status... ===
I 03-17 22:34:35 utils.py:137] Job status: JobStatus.RUNNING
I 03-17 22:34:35 utils.py:140] ==================================
I 03-17 22:34:55 utils.py:131] === Checking the job status... ===
I 03-17 22:34:56 utils.py:137] Job status: JobStatus.RUNNING
I 03-17 22:34:56 utils.py:140] ==================================
I 03-17 22:35:16 utils.py:131] === Checking the job status... ===
I 03-17 22:35:17 utils.py:137] Job status: JobStatus.RUNNING
I 03-17 22:35:17 utils.py:140] ==================================
I 03-17 22:35:37 utils.py:131] === Checking the job status... ===
I 03-17 22:35:38 utils.py:137] Job status: JobStatus.RUNNING
I 03-17 22:35:38 utils.py:140] ==================================
I 03-17 22:35:58 utils.py:131] === Checking the job status... ===
I 03-17 22:35:58 utils.py:137] Job status: JobStatus.RUNNING
I 03-17 22:35:58 utils.py:140] ==================================
I 03-17 22:36:18 utils.py:131] === Checking the job status... ===
I 03-17 22:36:19 utils.py:137] Job status: JobStatus.RUNNING
I 03-17 22:36:19 utils.py:140] ==================================
I 03-17 22:36:39 utils.py:131] === Checking the job status... ===
I 03-17 22:36:40 utils.py:137] Job status: JobStatus.RUNNING
I 03-17 22:36:40 utils.py:140] ==================================
I 03-17 22:37:00 utils.py:131] === Checking the job status... ===
I 03-17 22:37:01 utils.py:137] Job status: JobStatus.RUNNING
I 03-17 22:37:01 utils.py:140] ==================================
I 03-17 22:37:21 utils.py:131] === Checking the job status... ===
I 03-17 22:37:21 utils.py:137] Job status: JobStatus.RUNNING
I 03-17 22:37:21 utils.py:140] ==================================
I 03-17 22:37:42 utils.py:131] === Checking the job status... ===
I 03-17 22:37:42 utils.py:137] Job status: JobStatus.RUNNING
I 03-17 22:37:42 utils.py:140] ==================================
I 03-17 22:38:02 utils.py:131] === Checking the job status... ===
I 03-17 22:38:03 utils.py:137] Job status: JobStatus.RUNNING
I 03-17 22:38:03 utils.py:140] ==================================
I 03-17 22:38:23 utils.py:131] === Checking the job status... ===
I 03-17 22:38:24 utils.py:137] Job status: JobStatus.RUNNING
I 03-17 22:38:24 utils.py:140] ==================================
I 03-17 22:38:44 utils.py:131] === Checking the job status... ===
I 03-17 22:38:45 utils.py:137] Job status: JobStatus.RUNNING
I 03-17 22:38:45 utils.py:140] ==================================
I 03-17 22:39:05 utils.py:131] === Checking the job status... ===
I 03-17 22:39:05 utils.py:137] Job status: JobStatus.RUNNING
I 03-17 22:39:05 utils.py:140] ==================================
I 03-17 22:39:25 utils.py:131] === Checking the job status... ===
I 03-17 22:39:26 utils.py:137] Job status: JobStatus.RUNNING
I 03-17 22:39:26 utils.py:140] ==================================
I 03-17 22:39:46 utils.py:131] === Checking the job status... ===
I 03-17 22:39:47 utils.py:137] Job status: JobStatus.RUNNING
I 03-17 22:39:47 utils.py:140] ==================================
I 03-17 22:40:07 utils.py:131] === Checking the job status... ===
I 03-17 22:40:08 utils.py:137] Job status: JobStatus.RUNNING
I 03-17 22:40:08 utils.py:140] ==================================
I 03-17 22:40:28 utils.py:131] === Checking the job status... ===
I 03-17 22:40:28 utils.py:137] Job status: JobStatus.RUNNING
I 03-17 22:40:28 utils.py:140] ==================================
I 03-17 22:40:48 utils.py:131] === Checking the job status... ===
I 03-17 22:40:49 utils.py:137] Job status: JobStatus.RUNNING
I 03-17 22:40:49 utils.py:140] ==================================
I 03-17 22:41:09 utils.py:131] === Checking the job status... ===
I 03-17 22:41:10 utils.py:137] Job status: JobStatus.RUNNING
I 03-17 22:41:10 utils.py:140] ==================================
I 03-17 22:41:30 utils.py:131] === Checking the job status... ===
I 03-17 22:41:31 utils.py:137] Job status: JobStatus.RUNNING
I 03-17 22:41:31 utils.py:140] ==================================
I 03-17 22:41:51 utils.py:131] === Checking the job status... ===
I 03-17 22:41:51 utils.py:137] Job status: JobStatus.RUNNING
I 03-17 22:41:51 utils.py:140] ==================================
I 03-17 22:42:12 utils.py:131] === Checking the job status... ===
I 03-17 22:42:12 utils.py:137] Job status: JobStatus.RUNNING
I 03-17 22:42:12 utils.py:140] ==================================
I 03-17 22:42:32 utils.py:131] === Checking the job status... ===
I 03-17 22:42:33 utils.py:137] Job status: JobStatus.RUNNING
I 03-17 22:42:33 utils.py:140] ==================================
I 03-17 22:42:53 utils.py:131] === Checking the job status... ===
I 03-17 22:42:54 utils.py:137] Job status: JobStatus.RUNNING
I 03-17 22:42:54 utils.py:140] ==================================
I 03-17 22:43:14 utils.py:131] === Checking the job status... ===
I 03-17 22:43:14 utils.py:137] Job status: JobStatus.RUNNING
I 03-17 22:43:14 utils.py:140] ==================================
I 03-17 22:43:35 utils.py:131] === Checking the job status... ===
I 03-17 22:43:35 utils.py:137] Job status: JobStatus.RUNNING
I 03-17 22:43:35 utils.py:140] ==================================
I 03-17 22:43:55 utils.py:131] === Checking the job status... ===
I 03-17 22:43:56 utils.py:137] Job status: JobStatus.RUNNING
I 03-17 22:43:56 utils.py:140] ==================================
I 03-17 22:44:16 utils.py:131] === Checking the job status... ===
I 03-17 22:44:17 utils.py:137] Job status: JobStatus.RUNNING
I 03-17 22:44:17 utils.py:140] ==================================
I 03-17 22:44:37 utils.py:131] === Checking the job status... ===
I 03-17 22:44:37 utils.py:137] Job status: JobStatus.RUNNING
I 03-17 22:44:37 utils.py:140] ==================================
I 03-17 22:44:58 utils.py:131] === Checking the job status... ===
I 03-17 22:44:58 utils.py:137] Job status: JobStatus.RUNNING
I 03-17 22:44:58 utils.py:140] ==================================
I 03-17 22:45:18 utils.py:131] === Checking the job status... ===
I 03-17 22:45:19 utils.py:137] Job status: JobStatus.RUNNING
I 03-17 22:45:19 utils.py:140] ==================================
I 03-17 22:45:39 utils.py:131] === Checking the job status... ===
I 03-17 22:45:40 utils.py:137] Job status: JobStatus.RUNNING
I 03-17 22:45:40 utils.py:140] ==================================
I 03-17 22:46:00 utils.py:131] === Checking the job status... ===
I 03-17 22:46:01 utils.py:137] Job status: JobStatus.RUNNING
I 03-17 22:46:01 utils.py:140] ==================================
I 03-17 22:46:21 utils.py:131] === Checking the job status... ===
I 03-17 22:46:21 utils.py:137] Job status: JobStatus.RUNNING
I 03-17 22:46:21 utils.py:140] ==================================
I 03-17 22:46:42 utils.py:131] === Checking the job status... ===
I 03-17 22:46:42 utils.py:137] Job status: JobStatus.RUNNING
I 03-17 22:46:42 utils.py:140] ==================================
I 03-17 22:47:02 utils.py:131] === Checking the job status... ===
I 03-17 22:47:03 utils.py:137] Job status: JobStatus.RUNNING
I 03-17 22:47:03 utils.py:140] ==================================
I 03-17 22:47:23 utils.py:131] === Checking the job status... ===
I 03-17 22:47:24 utils.py:137] Job status: JobStatus.RUNNING
I 03-17 22:47:24 utils.py:140] ==================================
I 03-17 22:47:44 utils.py:131] === Checking the job status... ===
I 03-17 22:47:44 utils.py:137] Job status: JobStatus.RUNNING
I 03-17 22:47:44 utils.py:140] ==================================
I 03-17 22:48:05 utils.py:131] === Checking the job status... ===
I 03-17 22:48:05 utils.py:137] Job status: JobStatus.RUNNING
I 03-17 22:48:05 utils.py:140] ==================================
I 03-17 22:48:25 utils.py:131] === Checking the job status... ===
I 03-17 22:48:26 utils.py:137] Job status: JobStatus.RUNNING
I 03-17 22:48:26 utils.py:140] ==================================
I 03-17 22:48:46 utils.py:131] === Checking the job status... ===
I 03-17 22:48:47 utils.py:137] Job status: JobStatus.RUNNING
I 03-17 22:48:47 utils.py:140] ==================================
I 03-17 22:49:07 utils.py:131] === Checking the job status... ===
I 03-17 22:49:08 utils.py:137] Job status: JobStatus.RUNNING
I 03-17 22:49:08 utils.py:140] ==================================
I 03-17 22:49:28 utils.py:131] === Checking the job status... ===
I 03-17 22:49:28 utils.py:137] Job status: JobStatus.RUNNING
I 03-17 22:49:28 utils.py:140] ==================================
I 03-17 22:49:49 utils.py:131] === Checking the job status... ===
I 03-17 22:49:49 utils.py:137] Job status: JobStatus.RUNNING
I 03-17 22:49:49 utils.py:140] ==================================
I 03-17 22:50:09 utils.py:131] === Checking the job status... ===
I 03-17 22:50:10 utils.py:137] Job status: JobStatus.RUNNING
I 03-17 22:50:10 utils.py:140] ==================================
I 03-17 22:50:30 utils.py:131] === Checking the job status... ===
I 03-17 22:50:31 utils.py:137] Job status: JobStatus.RUNNING
I 03-17 22:50:31 utils.py:140] ==================================
I 03-17 22:50:51 utils.py:131] === Checking the job status... ===
I 03-17 22:50:52 utils.py:137] Job status: JobStatus.RUNNING
I 03-17 22:50:52 utils.py:140] ==================================
I 03-17 22:51:12 utils.py:131] === Checking the job status... ===
I 03-17 22:51:12 utils.py:137] Job status: JobStatus.RUNNING
I 03-17 22:51:12 utils.py:140] ==================================
I 03-17 22:51:32 utils.py:131] === Checking the job status... ===
I 03-17 22:51:33 utils.py:137] Job status: JobStatus.RUNNING
I 03-17 22:51:33 utils.py:140] ==================================
I 03-17 22:51:53 utils.py:131] === Checking the job status... ===
I 03-17 22:51:54 utils.py:137] Job status: JobStatus.RUNNING
I 03-17 22:51:54 utils.py:140] ==================================
I 03-17 22:52:14 utils.py:131] === Checking the job status... ===
I 03-17 22:52:15 utils.py:137] Job status: JobStatus.RUNNING
I 03-17 22:52:15 utils.py:140] ==================================
I 03-17 22:52:35 utils.py:131] === Checking the job status... ===
I 03-17 22:52:35 utils.py:137] Job status: JobStatus.RUNNING
I 03-17 22:52:35 utils.py:140] ==================================
I 03-17 22:52:56 utils.py:131] === Checking the job status... ===
I 03-17 22:52:56 utils.py:137] Job status: JobStatus.RUNNING
I 03-17 22:52:56 utils.py:140] ==================================
I 03-17 22:53:16 utils.py:131] === Checking the job status... ===
I 03-17 22:53:17 utils.py:137] Job status: JobStatus.RUNNING
I 03-17 22:53:17 utils.py:140] ==================================
I 03-17 22:53:37 utils.py:131] === Checking the job status... ===
I 03-17 22:53:38 utils.py:137] Job status: JobStatus.RUNNING
I 03-17 22:53:38 utils.py:140] ==================================
I 03-17 22:53:58 utils.py:131] === Checking the job status... ===
I 03-17 22:53:59 utils.py:137] Job status: JobStatus.RUNNING
I 03-17 22:53:59 utils.py:140] ==================================
I 03-17 22:54:19 utils.py:131] === Checking the job status... ===
I 03-17 22:54:19 utils.py:137] Job status: JobStatus.RUNNING
I 03-17 22:54:19 utils.py:140] ==================================
I 03-17 22:54:40 utils.py:131] === Checking the job status... ===
I 03-17 22:54:40 utils.py:137] Job status: JobStatus.RUNNING
I 03-17 22:54:40 utils.py:140] ==================================
I 03-17 22:55:00 utils.py:131] === Checking the job status... ===
I 03-17 22:55:01 utils.py:137] Job status: JobStatus.RUNNING
I 03-17 22:55:01 utils.py:140] ==================================
I 03-17 22:55:21 utils.py:131] === Checking the job status... ===
I 03-17 22:55:22 utils.py:137] Job status: JobStatus.RUNNING
I 03-17 22:55:22 utils.py:140] ==================================
I 03-17 22:55:42 utils.py:131] === Checking the job status... ===
I 03-17 22:55:42 utils.py:137] Job status: JobStatus.RUNNING
I 03-17 22:55:42 utils.py:140] ==================================
I 03-17 22:56:03 utils.py:131] === Checking the job status... ===
I 03-17 22:56:03 utils.py:137] Job status: JobStatus.RUNNING
I 03-17 22:56:03 utils.py:140] ==================================
I 03-17 22:56:23 utils.py:131] === Checking the job status... ===
I 03-17 22:56:24 utils.py:137] Job status: JobStatus.RUNNING
I 03-17 22:56:24 utils.py:140] ==================================
I 03-17 22:56:44 utils.py:131] === Checking the job status... ===
I 03-17 22:56:45 utils.py:137] Job status: JobStatus.RUNNING
I 03-17 22:56:45 utils.py:140] ==================================
I 03-17 22:57:05 utils.py:131] === Checking the job status... ===
I 03-17 22:57:05 utils.py:137] Job status: JobStatus.RUNNING
I 03-17 22:57:05 utils.py:140] ==================================
I 03-17 22:57:26 utils.py:131] === Checking the job status... ===
I 03-17 22:57:26 utils.py:137] Job status: JobStatus.RUNNING
I 03-17 22:57:26 utils.py:140] ==================================
I 03-17 22:57:46 utils.py:131] === Checking the job status... ===
I 03-17 22:57:47 utils.py:137] Job status: JobStatus.RUNNING
I 03-17 22:57:47 utils.py:140] ==================================
I 03-17 22:58:07 utils.py:131] === Checking the job status... ===
I 03-17 22:58:08 utils.py:137] Job status: JobStatus.RUNNING
I 03-17 22:58:08 utils.py:140] ==================================
I 03-17 22:58:28 utils.py:131] === Checking the job status... ===
I 03-17 22:58:29 utils.py:137] Job status: JobStatus.RUNNING
I 03-17 22:58:29 utils.py:140] ==================================
I 03-17 22:58:49 utils.py:131] === Checking the job status... ===
I 03-17 22:58:49 utils.py:137] Job status: JobStatus.RUNNING
I 03-17 22:58:49 utils.py:140] ==================================
I 03-17 22:59:09 utils.py:131] === Checking the job status... ===
I 03-17 22:59:10 utils.py:137] Job status: JobStatus.RUNNING
I 03-17 22:59:10 utils.py:140] ==================================
I 03-17 22:59:30 utils.py:131] === Checking the job status... ===
I 03-17 22:59:31 utils.py:137] Job status: JobStatus.RUNNING
I 03-17 22:59:31 utils.py:140] ==================================
I 03-17 22:59:51 utils.py:131] === Checking the job status... ===
I 03-17 22:59:52 utils.py:137] Job status: JobStatus.RUNNING
I 03-17 22:59:52 utils.py:140] ==================================
I 03-17 23:00:12 utils.py:131] === Checking the job status... ===
I 03-17 23:00:12 utils.py:137] Job status: JobStatus.RUNNING
I 03-17 23:00:12 utils.py:140] ==================================
I 03-17 23:00:33 utils.py:131] === Checking the job status... ===
I 03-17 23:00:33 utils.py:137] Job status: JobStatus.RUNNING
I 03-17 23:00:33 utils.py:140] ==================================
I 03-17 23:00:53 utils.py:131] === Checking the job status... ===
I 03-17 23:00:54 utils.py:137] Job status: JobStatus.RUNNING
I 03-17 23:00:54 utils.py:140] ==================================
I 03-17 23:01:14 utils.py:131] === Checking the job status... ===
I 03-17 23:01:15 utils.py:137] Job status: JobStatus.RUNNING
I 03-17 23:01:15 utils.py:140] ==================================
I 03-17 23:01:35 utils.py:131] === Checking the job status... ===
I 03-17 23:01:36 utils.py:137] Job status: JobStatus.RUNNING
I 03-17 23:01:36 utils.py:140] ==================================
I 03-17 23:01:56 utils.py:131] === Checking the job status... ===
I 03-17 23:01:56 utils.py:137] Job status: JobStatus.RUNNING
I 03-17 23:01:56 utils.py:140] ==================================
I 03-17 23:02:16 utils.py:131] === Checking the job status... ===
I 03-17 23:02:17 utils.py:137] Job status: JobStatus.RUNNING
I 03-17 23:02:17 utils.py:140] ==================================
I 03-17 23:02:37 utils.py:131] === Checking the job status... ===
I 03-17 23:02:38 utils.py:137] Job status: JobStatus.RUNNING
I 03-17 23:02:38 utils.py:140] ==================================
I 03-17 23:02:58 utils.py:131] === Checking the job status... ===
I 03-17 23:02:59 utils.py:137] Job status: JobStatus.RUNNING
I 03-17 23:02:59 utils.py:140] ==================================
I 03-17 23:03:19 utils.py:131] === Checking the job status... ===
I 03-17 23:03:19 utils.py:137] Job status: JobStatus.RUNNING
I 03-17 23:03:19 utils.py:140] ==================================
I 03-17 23:03:40 utils.py:131] === Checking the job status... ===
I 03-17 23:03:40 utils.py:137] Job status: JobStatus.RUNNING
I 03-17 23:03:40 utils.py:140] ==================================
I 03-17 23:04:00 utils.py:131] === Checking the job status... ===
I 03-17 23:04:01 utils.py:137] Job status: JobStatus.SUCCEEDED
I 03-17 23:04:01 utils.py:140] ==================================
I 03-17 23:04:02 state.py:561] Job succeeded.
I 03-17 23:04:02 controller.py:238] Managed job 69 (task: 0) SUCCEEDED. Cleaning up the cluster compute-text-vectors-69.
E 03-17 23:04:02 controller_utils.py:376] Failed to find the logs for the user program at ~/sky_logs/managed_jobs/sky-2025-03-17-21-16-42-481620/run.log.
I 03-17 23:04:02 controller.py:117] 
I 03-17 23:04:02 controller.py:117] == End of logs (ID: 69) ==
I 03-17 23:04:09 state.py:656] Cancellation skipped, job is already terminal
I 03-17 23:04:09 state.py:677] Cancellation skipped, job is not CANCELLING
I 03-17 23:04:09 controller.py:552] Killing controller process 32907.
I 03-17 23:04:09 controller.py:560] Controller process 32907 killed.
I 03-17 23:04:09 controller.py:562] Cleaning up any cluster for job 69.
I 03-17 23:04:10 storage.py:699] Verifying bucket for storage skypilot-filemounts-root-726f1974-6i6ac1w8
<sky-payload>"<rich_init>[bold cyan]Deleting S3 bucket [green]skypilot-filemounts-root-726f1974-6i6ac1w8[/][/]</rich_init>"</sky-payload>
<sky-payload>"<rich_update>[bold cyan]Deleting S3 bucket [green]skypilot-filemounts-root-726f1974-6i6ac1w8[/][/]</rich_update>"</sky-payload>
<sky-payload>"<rich_start>[bold cyan]Deleting S3 bucket [green]skypilot-filemounts-root-726f1974-6i6ac1w8[/][/]</rich_start>"</sky-payload>
<sky-payload>"<rich_exit></rich_exit>"</sky-payload>
I 03-17 23:04:11 storage.py:1505] [32mDeleted S3 bucket skypilot-filemounts-root-726f1974-6i6ac1w8.[0m
I 03-17 23:04:11 controller.py:571] Cluster of managed job 69 has been cleaned up.
