I 03-17 21:15:19 controller.py:59] DAG:
I 03-17 21:15:19 controller.py:59] [Task<name=compute-text-vectors>(run='# Initialize and dow...')
I 03-17 21:15:19 controller.py:59]   resources: {AWS(cpus=4, {'L4': 1}), AWS([Spot], cpus=4, {'L4': 1})}]
I 03-17 21:15:19 controller.py:195] Submitted managed job 9 (task: 0, name: 'compute-text-vectors'); SKYPILOT_TASK_ID: sky-managed-2025-03-17-21-15-19-410358_compute-text-vectors_9-0
I 03-17 21:15:19 controller.py:199] Started monitoring.
I 03-17 21:15:19 state.py:451] Launching the spot cluster...
I 03-17 21:15:19 storage.py:1058] Storage type StoreType.S3 already exists.
<sky-payload>"<rich_init>[bold cyan]Optimizing[/]</rich_init>"</sky-payload>
<sky-payload>"<rich_update>[bold cyan]Optimizing[/]</rich_update>"</sky-payload>
<sky-payload>"<rich_start>[bold cyan]Optimizing[/]</rich_start>"</sky-payload>
I 03-17 21:15:20 optimizer.py:736] [1mTarget:[0m minimizing cost
I 03-17 21:15:20 optimizer.py:749] [1mEstimated cost: [0m$0.2 / hour
I 03-17 21:15:20 optimizer.py:749] 
I 03-17 21:15:20 optimizer.py:884] Considered resources (1 node):
I 03-17 21:15:20 optimizer.py:952] ----------------------------------------------------------------------------------------------
I 03-17 21:15:20 optimizer.py:952]  CLOUD   INSTANCE          vCPUs   Mem(GB)   ACCELERATORS   REGION/ZONE   COST ($)   CHOSEN   
I 03-17 21:15:20 optimizer.py:952] ----------------------------------------------------------------------------------------------
I 03-17 21:15:20 optimizer.py:952]  AWS     g6.xlarge[Spot]   4       16        L4:1           ap-south-1b   0.22       [32m   ✔[0m     
I 03-17 21:15:20 optimizer.py:952]  AWS     g6.xlarge         4       16        L4:1           us-east-1     0.80                
I 03-17 21:15:20 optimizer.py:952] ----------------------------------------------------------------------------------------------
<sky-payload>"<rich_exit></rich_exit>"</sky-payload>
<sky-payload>"<rich_init>[bold cyan]Launching[/]</rich_init>"</sky-payload>
<sky-payload>"<rich_update>[bold cyan]Launching[/]</rich_update>"</sky-payload>
<sky-payload>"<rich_start>[bold cyan]Launching[/]</rich_start>"</sky-payload>
<sky-payload>"<rich_update>[bold cyan]Launching[/]  \u001b[2mView logs: sky api logs -l sky-2025-03-17-21-15-20-063890/provision.log\u001b[0m</rich_update>"</sky-payload>
<sky-payload>"<rich_update>[bold cyan]Launching[/]  \u001b[2mView logs: sky api logs -l sky-2025-03-17-21-15-20-063890/provision.log\u001b[0m</rich_update>"</sky-payload>
I 03-17 21:15:20 cloud_vm_ray_backend.py:1520] [0m⚙︎ Launching on AWS ap-south-1[0m (ap-south-1b).
[2mW 03-17 21:15:25 config.py:590] sky-sg-ubuntu-1362 already exists when creating.[0m
[2mW 03-17 21:15:43 instance.py:243] create_instances: Attempt failed with An error occurred (InsufficientInstanceCapacity) when calling the RunInstances operation (reached max retries: 0): There is no Spot capacity available that matches your request.[0m
W 03-17 21:15:44 cloud_vm_ray_backend.py:2061] sky.exceptions.ResourcesUnavailableError: Failed to acquire resources in ap-south-1b for {AWS(cpus=4, {'L4': 1}), AWS([Spot], cpus=4, {'L4': 1})}. 
W 03-17 21:15:44 cloud_vm_ray_backend.py:2097] 
W 03-17 21:15:44 cloud_vm_ray_backend.py:2097] [0m[33m↺[0m Trying other potential resources.
<sky-payload>"<rich_update>[bold cyan]Looking for resources[/]  \u001b[2mView logs: sky api logs -l sky-2025-03-17-21-15-20-063890/provision.log\u001b[0m</rich_update>"</sky-payload>
<sky-payload>"<rich_update>[bold cyan]Optimizing[/]</rich_update>"</sky-payload>
<sky-payload>"<rich_start>[bold cyan]Launching[/]</rich_start>"</sky-payload>
I 03-17 21:15:44 optimizer.py:736] [1mTarget:[0m minimizing cost
I 03-17 21:15:44 optimizer.py:749] [1mEstimated cost: [0m$0.2 / hour
I 03-17 21:15:44 optimizer.py:749] 
I 03-17 21:15:44 optimizer.py:884] Considered resources (1 node):
I 03-17 21:15:44 optimizer.py:952] ----------------------------------------------------------------------------------------------
I 03-17 21:15:44 optimizer.py:952]  CLOUD   INSTANCE          vCPUs   Mem(GB)   ACCELERATORS   REGION/ZONE   COST ($)   CHOSEN   
I 03-17 21:15:44 optimizer.py:952] ----------------------------------------------------------------------------------------------
I 03-17 21:15:44 optimizer.py:952]  AWS     g6.xlarge[Spot]   4       16        L4:1           ap-south-1a   0.25       [32m   ✔[0m     
I 03-17 21:15:44 optimizer.py:952]  AWS     g6.xlarge         4       16        L4:1           us-east-1     0.80                
I 03-17 21:15:44 optimizer.py:952] ----------------------------------------------------------------------------------------------
<sky-payload>"<rich_update>[bold cyan]Looking for resources[/]  \u001b[2mView logs: sky api logs -l sky-2025-03-17-21-15-20-063890/provision.log\u001b[0m</rich_update>"</sky-payload>
<sky-payload>"<rich_update>[bold cyan]Launching[/]  \u001b[2mView logs: sky api logs -l sky-2025-03-17-21-15-20-063890/provision.log\u001b[0m</rich_update>"</sky-payload>
I 03-17 21:15:44 cloud_vm_ray_backend.py:1520] [0m⚙︎ Launching on AWS ap-south-1[0m (ap-south-1a).
<sky-payload>"<rich_update>[bold cyan]Launching - Checking instance status[/]  \u001b[2mView logs: sky api logs -l sky-2025-03-17-21-15-20-063890/provision.log\u001b[0m</rich_update>"</sky-payload>
<sky-payload>"<rich_update>[bold cyan]Launching - Waiting for SSH access[/]  \u001b[2mView logs: sky api logs -l sky-2025-03-17-21-15-20-063890/provision.log\u001b[0m</rich_update>"</sky-payload>
<sky-payload>"<rich_start>[bold cyan]Launching[/]</rich_start>"</sky-payload>
I 03-17 21:16:21 provisioner.py:451] [2m└── [0m[2mInstance is up.[0m
<sky-payload>"<rich_update>[bold cyan]Preparing SkyPilot runtime (1/3 - initializing)[/]  \u001b[2mView logs: sky api logs -l sky-2025-03-17-21-15-20-063890/provision.log\u001b[0m</rich_update>"</sky-payload>
<sky-payload>"<rich_update>[bold cyan]Preparing SkyPilot runtime (2/3 - dependencies)[/]  \u001b[2mView logs: sky api logs -l sky-2025-03-17-21-15-20-063890/provision.log\u001b[0m</rich_update>"</sky-payload>
<sky-payload>"<rich_update>[bold cyan]Preparing SkyPilot runtime (3/3 - runtime)[/]  \u001b[2mView logs: sky api logs -l sky-2025-03-17-21-15-20-063890/provision.log\u001b[0m</rich_update>"</sky-payload>
<sky-payload>"<rich_update>[bold cyan]Launching - Checking instance status[/]  \u001b[2mView logs: sky api logs -l sky-2025-03-17-21-15-20-063890/provision.log\u001b[0m</rich_update>"</sky-payload>
I 03-17 21:16:48 provisioner.py:632] [0m[32m✓ Cluster launched: compute-text-vectors-9.[0m  [2mView logs: sky api logs -l sky-2025-03-17-21-15-20-063890/provision.log[0m
<sky-payload>"<rich_exit></rich_exit>"</sky-payload>
I 03-17 21:16:48 execution.py:332] [0m⚙︎ Syncing files.
<sky-payload>"<rich_init>[bold cyan]Syncing files[/]</rich_init>"</sky-payload>
<sky-payload>"<rich_update>[bold cyan]Syncing files[/]</rich_update>"</sky-payload>
<sky-payload>"<rich_start>[bold cyan]Syncing files[/]</rich_start>"</sky-payload>
<sky-payload>"<rich_update>[bold cyan]Syncing file mounts[/]  \u001b[2mView logs: sky api logs -l sky-2025-03-17-21-15-20-063890/file_mounts.log\u001b[0m</rich_update>"</sky-payload>
I 03-17 21:16:49 backend_utils.py:1315]   [2mSyncing (to 1 node): s3://skypilot-filemounts-root-726f1974-a38b4ycd/job-a38b4ycd/workdir -> ~/sky_workdir[0m
I 03-17 21:16:52 cloud_vm_ray_backend.py:4801] [0m[32m✓ Synced file_mounts.[0m  [2mView logs: sky api logs -l sky-2025-03-17-21-15-20-063890/file_mounts.log[0m
<sky-payload>"<rich_update>[bold cyan]Mounting 1 storage[/]  \u001b[2mView logs: sky api logs -l sky-2025-03-17-21-15-20-063890/storage_mounts.log\u001b[0m</rich_update>"</sky-payload>
I 03-17 21:16:52 backend_utils.py:1315]   [2mMounting (to 1 node): s3://sky-text-embeddings-multi-cluster-final-2 -> /output[0m
I 03-17 21:16:56 cloud_vm_ray_backend.py:4892] [0m[32m✓ Storage mounted.[0m  [2mView logs: sky api logs -l sky-2025-03-17-21-15-20-063890/storage_mounts.log[0m
<sky-payload>"<rich_exit></rich_exit>"</sky-payload>
<sky-payload>"<rich_init>[bold cyan]Running setup[/]</rich_init>"</sky-payload>
<sky-payload>"<rich_update>[bold cyan]Running setup[/]</rich_update>"</sky-payload>
<sky-payload>"<rich_start>[bold cyan]Running setup[/]</rich_start>"</sky-payload>
<sky-payload>"<rich_stop></rich_stop>"</sky-payload>
I 03-17 21:16:59 cloud_vm_ray_backend.py:3357] [0m[32m✓ Setup detached.[0m
<sky-payload>"<rich_exit></rich_exit>"</sky-payload>
<sky-payload>"<rich_init>[bold cyan]Submitting job[/]</rich_init>"</sky-payload>
<sky-payload>"<rich_update>[bold cyan]Submitting job[/]</rich_update>"</sky-payload>
<sky-payload>"<rich_start>[bold cyan]Submitting job[/]</rich_start>"</sky-payload>
I 03-17 21:17:00 cloud_vm_ray_backend.py:3546] Multiple resources are specified for the task, using: AWS([Spot], cpus=4, {'L4': 1})
I 03-17 21:17:02 cloud_vm_ray_backend.py:3460] [0m⚙︎ Job submitted, ID: 1
<sky-payload>"<rich_stop></rich_stop>"</sky-payload>
<sky-payload>"<rich_exit></rich_exit>"</sky-payload>

[?25hI 03-17 21:17:02 recovery_strategy.py:289] Managed job cluster launched.
I 03-17 21:17:06 utils.py:131] === Checking the job status... ===
I 03-17 21:17:07 utils.py:137] Job status: JobStatus.SETTING_UP
I 03-17 21:17:07 utils.py:140] ==================================
I 03-17 21:17:08 state.py:471] Job started.
I 03-17 21:17:29 utils.py:131] === Checking the job status... ===
I 03-17 21:17:30 utils.py:137] Job status: JobStatus.SETTING_UP
I 03-17 21:17:30 utils.py:140] ==================================
I 03-17 21:17:50 utils.py:131] === Checking the job status... ===
I 03-17 21:17:51 utils.py:137] Job status: JobStatus.SETTING_UP
I 03-17 21:17:51 utils.py:140] ==================================
I 03-17 21:18:11 utils.py:131] === Checking the job status... ===
I 03-17 21:18:12 utils.py:137] Job status: JobStatus.SETTING_UP
I 03-17 21:18:12 utils.py:140] ==================================
I 03-17 21:18:32 utils.py:131] === Checking the job status... ===
I 03-17 21:18:33 utils.py:137] Job status: JobStatus.SETTING_UP
I 03-17 21:18:33 utils.py:140] ==================================
I 03-17 21:18:53 utils.py:131] === Checking the job status... ===
I 03-17 21:18:54 utils.py:137] Job status: JobStatus.SETTING_UP
I 03-17 21:18:54 utils.py:140] ==================================
I 03-17 21:19:14 utils.py:131] === Checking the job status... ===
I 03-17 21:19:15 utils.py:137] Job status: JobStatus.RUNNING
I 03-17 21:19:15 utils.py:140] ==================================
I 03-17 21:19:35 utils.py:131] === Checking the job status... ===
I 03-17 21:19:36 utils.py:137] Job status: JobStatus.RUNNING
I 03-17 21:19:36 utils.py:140] ==================================
I 03-17 21:19:56 utils.py:131] === Checking the job status... ===
I 03-17 21:19:57 utils.py:137] Job status: JobStatus.RUNNING
I 03-17 21:19:57 utils.py:140] ==================================
I 03-17 21:20:17 utils.py:131] === Checking the job status... ===
I 03-17 21:20:18 utils.py:137] Job status: JobStatus.RUNNING
I 03-17 21:20:18 utils.py:140] ==================================
I 03-17 21:20:38 utils.py:131] === Checking the job status... ===
I 03-17 21:20:40 utils.py:137] Job status: JobStatus.RUNNING
I 03-17 21:20:40 utils.py:140] ==================================
I 03-17 21:21:00 utils.py:131] === Checking the job status... ===
I 03-17 21:21:01 utils.py:137] Job status: JobStatus.RUNNING
I 03-17 21:21:01 utils.py:140] ==================================
I 03-17 21:21:21 utils.py:131] === Checking the job status... ===
I 03-17 21:21:22 utils.py:137] Job status: JobStatus.RUNNING
I 03-17 21:21:22 utils.py:140] ==================================
I 03-17 21:21:42 utils.py:131] === Checking the job status... ===
I 03-17 21:21:43 utils.py:137] Job status: JobStatus.RUNNING
I 03-17 21:21:43 utils.py:140] ==================================
I 03-17 21:22:03 utils.py:131] === Checking the job status... ===
I 03-17 21:22:04 utils.py:137] Job status: JobStatus.RUNNING
I 03-17 21:22:04 utils.py:140] ==================================
I 03-17 21:22:24 utils.py:131] === Checking the job status... ===
I 03-17 21:22:25 utils.py:137] Job status: JobStatus.RUNNING
I 03-17 21:22:25 utils.py:140] ==================================
I 03-17 21:22:46 utils.py:131] === Checking the job status... ===
I 03-17 21:22:47 utils.py:137] Job status: JobStatus.RUNNING
I 03-17 21:22:47 utils.py:140] ==================================
I 03-17 21:23:07 utils.py:131] === Checking the job status... ===
I 03-17 21:23:09 utils.py:137] Job status: JobStatus.RUNNING
I 03-17 21:23:09 utils.py:140] ==================================
I 03-17 21:23:29 utils.py:131] === Checking the job status... ===
I 03-17 21:23:31 utils.py:137] Job status: JobStatus.RUNNING
I 03-17 21:23:31 utils.py:140] ==================================
I 03-17 21:23:51 utils.py:131] === Checking the job status... ===
I 03-17 21:23:53 utils.py:137] Job status: JobStatus.RUNNING
I 03-17 21:23:53 utils.py:140] ==================================
I 03-17 21:24:13 utils.py:131] === Checking the job status... ===
I 03-17 21:24:14 utils.py:137] Job status: JobStatus.RUNNING
I 03-17 21:24:14 utils.py:140] ==================================
I 03-17 21:24:34 utils.py:131] === Checking the job status... ===
I 03-17 21:24:35 utils.py:137] Job status: JobStatus.RUNNING
I 03-17 21:24:35 utils.py:140] ==================================
I 03-17 21:24:56 utils.py:131] === Checking the job status... ===
I 03-17 21:24:57 utils.py:137] Job status: JobStatus.RUNNING
I 03-17 21:24:57 utils.py:140] ==================================
I 03-17 21:25:17 utils.py:131] === Checking the job status... ===
I 03-17 21:25:18 utils.py:137] Job status: JobStatus.RUNNING
I 03-17 21:25:18 utils.py:140] ==================================
I 03-17 21:25:38 utils.py:131] === Checking the job status... ===
I 03-17 21:25:39 utils.py:137] Job status: JobStatus.RUNNING
I 03-17 21:25:39 utils.py:140] ==================================
I 03-17 21:25:59 utils.py:131] === Checking the job status... ===
I 03-17 21:26:00 utils.py:137] Job status: JobStatus.RUNNING
I 03-17 21:26:00 utils.py:140] ==================================
I 03-17 21:26:20 utils.py:131] === Checking the job status... ===
I 03-17 21:26:21 utils.py:137] Job status: JobStatus.RUNNING
I 03-17 21:26:21 utils.py:140] ==================================
I 03-17 21:26:41 utils.py:131] === Checking the job status... ===
I 03-17 21:26:42 utils.py:137] Job status: JobStatus.RUNNING
I 03-17 21:26:42 utils.py:140] ==================================
I 03-17 21:27:02 utils.py:131] === Checking the job status... ===
I 03-17 21:27:03 utils.py:137] Job status: JobStatus.RUNNING
I 03-17 21:27:03 utils.py:140] ==================================
I 03-17 21:27:23 utils.py:131] === Checking the job status... ===
I 03-17 21:27:24 utils.py:137] Job status: JobStatus.RUNNING
I 03-17 21:27:24 utils.py:140] ==================================
I 03-17 21:27:44 utils.py:131] === Checking the job status... ===
I 03-17 21:27:45 utils.py:137] Job status: JobStatus.RUNNING
I 03-17 21:27:45 utils.py:140] ==================================
I 03-17 21:28:05 utils.py:131] === Checking the job status... ===
I 03-17 21:28:06 utils.py:137] Job status: JobStatus.RUNNING
I 03-17 21:28:06 utils.py:140] ==================================
I 03-17 21:28:26 utils.py:131] === Checking the job status... ===
I 03-17 21:28:27 utils.py:137] Job status: JobStatus.RUNNING
I 03-17 21:28:27 utils.py:140] ==================================
I 03-17 21:28:48 utils.py:131] === Checking the job status... ===
I 03-17 21:28:49 utils.py:137] Job status: JobStatus.RUNNING
I 03-17 21:28:49 utils.py:140] ==================================
I 03-17 21:29:09 utils.py:131] === Checking the job status... ===
I 03-17 21:29:10 utils.py:137] Job status: JobStatus.RUNNING
I 03-17 21:29:10 utils.py:140] ==================================
I 03-17 21:29:30 utils.py:131] === Checking the job status... ===
I 03-17 21:29:31 utils.py:137] Job status: JobStatus.RUNNING
I 03-17 21:29:31 utils.py:140] ==================================
I 03-17 21:29:51 utils.py:131] === Checking the job status... ===
I 03-17 21:29:52 utils.py:137] Job status: JobStatus.RUNNING
I 03-17 21:29:52 utils.py:140] ==================================
I 03-17 21:30:12 utils.py:131] === Checking the job status... ===
I 03-17 21:30:13 utils.py:137] Job status: JobStatus.RUNNING
I 03-17 21:30:13 utils.py:140] ==================================
I 03-17 21:30:33 utils.py:131] === Checking the job status... ===
I 03-17 21:30:34 utils.py:137] Job status: JobStatus.RUNNING
I 03-17 21:30:34 utils.py:140] ==================================
I 03-17 21:30:54 utils.py:131] === Checking the job status... ===
I 03-17 21:30:55 utils.py:137] Job status: JobStatus.RUNNING
I 03-17 21:30:55 utils.py:140] ==================================
I 03-17 21:31:15 utils.py:131] === Checking the job status... ===
I 03-17 21:31:16 utils.py:137] Job status: JobStatus.RUNNING
I 03-17 21:31:16 utils.py:140] ==================================
I 03-17 21:31:36 utils.py:131] === Checking the job status... ===
I 03-17 21:31:37 utils.py:137] Job status: JobStatus.RUNNING
I 03-17 21:31:37 utils.py:140] ==================================
I 03-17 21:31:57 utils.py:131] === Checking the job status... ===
I 03-17 21:31:58 utils.py:137] Job status: JobStatus.RUNNING
I 03-17 21:31:58 utils.py:140] ==================================
I 03-17 21:32:19 utils.py:131] === Checking the job status... ===
I 03-17 21:32:20 utils.py:137] Job status: JobStatus.RUNNING
I 03-17 21:32:20 utils.py:140] ==================================
I 03-17 21:32:40 utils.py:131] === Checking the job status... ===
I 03-17 21:32:41 utils.py:137] Job status: JobStatus.RUNNING
I 03-17 21:32:41 utils.py:140] ==================================
I 03-17 21:33:01 utils.py:131] === Checking the job status... ===
I 03-17 21:33:02 utils.py:137] Job status: JobStatus.RUNNING
I 03-17 21:33:02 utils.py:140] ==================================
I 03-17 21:33:22 utils.py:131] === Checking the job status... ===
I 03-17 21:33:23 utils.py:137] Job status: JobStatus.RUNNING
I 03-17 21:33:23 utils.py:140] ==================================
I 03-17 21:33:43 utils.py:131] === Checking the job status... ===
I 03-17 21:33:44 utils.py:137] Job status: JobStatus.RUNNING
I 03-17 21:33:44 utils.py:140] ==================================
I 03-17 21:34:04 utils.py:131] === Checking the job status... ===
I 03-17 21:34:05 utils.py:137] Job status: JobStatus.RUNNING
I 03-17 21:34:05 utils.py:140] ==================================
I 03-17 21:34:25 utils.py:131] === Checking the job status... ===
I 03-17 21:34:26 utils.py:137] Job status: JobStatus.RUNNING
I 03-17 21:34:26 utils.py:140] ==================================
I 03-17 21:34:46 utils.py:131] === Checking the job status... ===
I 03-17 21:34:47 utils.py:137] Job status: JobStatus.RUNNING
I 03-17 21:34:47 utils.py:140] ==================================
I 03-17 21:35:07 utils.py:131] === Checking the job status... ===
I 03-17 21:35:08 utils.py:137] Job status: JobStatus.RUNNING
I 03-17 21:35:08 utils.py:140] ==================================
I 03-17 21:35:29 utils.py:131] === Checking the job status... ===
I 03-17 21:35:30 utils.py:137] Job status: JobStatus.RUNNING
I 03-17 21:35:30 utils.py:140] ==================================
I 03-17 21:35:50 utils.py:131] === Checking the job status... ===
I 03-17 21:35:51 utils.py:137] Job status: JobStatus.RUNNING
I 03-17 21:35:51 utils.py:140] ==================================
I 03-17 21:36:11 utils.py:131] === Checking the job status... ===
I 03-17 21:36:12 utils.py:137] Job status: JobStatus.RUNNING
I 03-17 21:36:12 utils.py:140] ==================================
I 03-17 21:36:32 utils.py:131] === Checking the job status... ===
I 03-17 21:36:33 utils.py:137] Job status: JobStatus.RUNNING
I 03-17 21:36:33 utils.py:140] ==================================
I 03-17 21:36:53 utils.py:131] === Checking the job status... ===
I 03-17 21:36:54 utils.py:137] Job status: JobStatus.RUNNING
I 03-17 21:36:54 utils.py:140] ==================================
I 03-17 21:37:14 utils.py:131] === Checking the job status... ===
I 03-17 21:37:15 utils.py:137] Job status: JobStatus.RUNNING
I 03-17 21:37:15 utils.py:140] ==================================
I 03-17 21:37:35 utils.py:131] === Checking the job status... ===
I 03-17 21:37:36 utils.py:137] Job status: JobStatus.RUNNING
I 03-17 21:37:36 utils.py:140] ==================================
I 03-17 21:37:56 utils.py:131] === Checking the job status... ===
I 03-17 21:37:57 utils.py:137] Job status: JobStatus.RUNNING
I 03-17 21:37:57 utils.py:140] ==================================
I 03-17 21:38:17 utils.py:131] === Checking the job status... ===
I 03-17 21:38:18 utils.py:137] Job status: JobStatus.RUNNING
I 03-17 21:38:18 utils.py:140] ==================================
I 03-17 21:38:39 utils.py:131] === Checking the job status... ===
I 03-17 21:38:40 utils.py:137] Job status: JobStatus.RUNNING
I 03-17 21:38:40 utils.py:140] ==================================
I 03-17 21:39:00 utils.py:131] === Checking the job status... ===
I 03-17 21:39:01 utils.py:137] Job status: JobStatus.RUNNING
I 03-17 21:39:01 utils.py:140] ==================================
I 03-17 21:39:21 utils.py:131] === Checking the job status... ===
I 03-17 21:39:22 utils.py:137] Job status: JobStatus.RUNNING
I 03-17 21:39:22 utils.py:140] ==================================
I 03-17 21:39:42 utils.py:131] === Checking the job status... ===
I 03-17 21:39:43 utils.py:137] Job status: JobStatus.RUNNING
I 03-17 21:39:43 utils.py:140] ==================================
I 03-17 21:40:03 utils.py:131] === Checking the job status... ===
I 03-17 21:40:04 utils.py:137] Job status: JobStatus.RUNNING
I 03-17 21:40:04 utils.py:140] ==================================
I 03-17 21:40:24 utils.py:131] === Checking the job status... ===
I 03-17 21:40:25 utils.py:137] Job status: JobStatus.RUNNING
I 03-17 21:40:25 utils.py:140] ==================================
I 03-17 21:40:45 utils.py:131] === Checking the job status... ===
I 03-17 21:40:46 utils.py:137] Job status: JobStatus.RUNNING
I 03-17 21:40:46 utils.py:140] ==================================
I 03-17 21:41:06 utils.py:131] === Checking the job status... ===
I 03-17 21:41:07 utils.py:137] Job status: JobStatus.RUNNING
I 03-17 21:41:07 utils.py:140] ==================================
I 03-17 21:41:27 utils.py:131] === Checking the job status... ===
I 03-17 21:41:28 utils.py:137] Job status: JobStatus.RUNNING
I 03-17 21:41:28 utils.py:140] ==================================
I 03-17 21:41:49 utils.py:131] === Checking the job status... ===
I 03-17 21:41:50 utils.py:137] Job status: JobStatus.RUNNING
I 03-17 21:41:50 utils.py:140] ==================================
I 03-17 21:42:10 utils.py:131] === Checking the job status... ===
I 03-17 21:42:11 utils.py:137] Job status: JobStatus.RUNNING
I 03-17 21:42:11 utils.py:140] ==================================
I 03-17 21:42:31 utils.py:131] === Checking the job status... ===
I 03-17 21:42:32 utils.py:137] Job status: JobStatus.RUNNING
I 03-17 21:42:32 utils.py:140] ==================================
I 03-17 21:42:52 utils.py:131] === Checking the job status... ===
I 03-17 21:42:53 utils.py:137] Job status: JobStatus.RUNNING
I 03-17 21:42:53 utils.py:140] ==================================
I 03-17 21:43:13 utils.py:131] === Checking the job status... ===
I 03-17 21:43:14 utils.py:137] Job status: JobStatus.RUNNING
I 03-17 21:43:14 utils.py:140] ==================================
I 03-17 21:43:34 utils.py:131] === Checking the job status... ===
I 03-17 21:43:35 utils.py:137] Job status: JobStatus.RUNNING
I 03-17 21:43:35 utils.py:140] ==================================
I 03-17 21:43:55 utils.py:131] === Checking the job status... ===
I 03-17 21:43:56 utils.py:137] Job status: JobStatus.RUNNING
I 03-17 21:43:56 utils.py:140] ==================================
I 03-17 21:44:16 utils.py:131] === Checking the job status... ===
I 03-17 21:44:17 utils.py:137] Job status: JobStatus.RUNNING
I 03-17 21:44:17 utils.py:140] ==================================
I 03-17 21:44:37 utils.py:131] === Checking the job status... ===
I 03-17 21:44:38 utils.py:137] Job status: JobStatus.RUNNING
I 03-17 21:44:38 utils.py:140] ==================================
I 03-17 21:44:59 utils.py:131] === Checking the job status... ===
I 03-17 21:44:59 utils.py:137] Job status: JobStatus.RUNNING
I 03-17 21:44:59 utils.py:140] ==================================
I 03-17 21:45:20 utils.py:131] === Checking the job status... ===
I 03-17 21:45:21 utils.py:137] Job status: JobStatus.RUNNING
I 03-17 21:45:21 utils.py:140] ==================================
I 03-17 21:45:41 utils.py:131] === Checking the job status... ===
I 03-17 21:45:42 utils.py:137] Job status: JobStatus.RUNNING
I 03-17 21:45:42 utils.py:140] ==================================
I 03-17 21:46:02 utils.py:131] === Checking the job status... ===
I 03-17 21:46:03 utils.py:137] Job status: JobStatus.RUNNING
I 03-17 21:46:03 utils.py:140] ==================================
I 03-17 21:46:23 utils.py:131] === Checking the job status... ===
I 03-17 21:46:24 utils.py:137] Job status: JobStatus.RUNNING
I 03-17 21:46:24 utils.py:140] ==================================
I 03-17 21:46:44 utils.py:131] === Checking the job status... ===
I 03-17 21:46:45 utils.py:137] Job status: JobStatus.RUNNING
I 03-17 21:46:45 utils.py:140] ==================================
I 03-17 21:47:05 utils.py:131] === Checking the job status... ===
I 03-17 21:47:06 utils.py:137] Job status: JobStatus.RUNNING
I 03-17 21:47:06 utils.py:140] ==================================
I 03-17 21:47:26 utils.py:131] === Checking the job status... ===
I 03-17 21:47:27 utils.py:137] Job status: JobStatus.RUNNING
I 03-17 21:47:27 utils.py:140] ==================================
I 03-17 21:47:47 utils.py:131] === Checking the job status... ===
I 03-17 21:47:48 utils.py:137] Job status: JobStatus.RUNNING
I 03-17 21:47:48 utils.py:140] ==================================
I 03-17 21:48:08 utils.py:131] === Checking the job status... ===
I 03-17 21:48:09 utils.py:137] Job status: JobStatus.RUNNING
I 03-17 21:48:09 utils.py:140] ==================================
I 03-17 21:48:29 utils.py:131] === Checking the job status... ===
I 03-17 21:48:30 utils.py:137] Job status: JobStatus.RUNNING
I 03-17 21:48:30 utils.py:140] ==================================
I 03-17 21:48:51 utils.py:131] === Checking the job status... ===
I 03-17 21:48:52 utils.py:137] Job status: JobStatus.RUNNING
I 03-17 21:48:52 utils.py:140] ==================================
I 03-17 21:49:12 utils.py:131] === Checking the job status... ===
I 03-17 21:49:13 utils.py:137] Job status: JobStatus.RUNNING
I 03-17 21:49:13 utils.py:140] ==================================
I 03-17 21:49:33 utils.py:131] === Checking the job status... ===
I 03-17 21:49:34 utils.py:137] Job status: JobStatus.RUNNING
I 03-17 21:49:34 utils.py:140] ==================================
I 03-17 21:49:54 utils.py:131] === Checking the job status... ===
I 03-17 21:49:55 utils.py:137] Job status: JobStatus.RUNNING
I 03-17 21:49:55 utils.py:140] ==================================
I 03-17 21:50:15 utils.py:131] === Checking the job status... ===
I 03-17 21:50:16 utils.py:137] Job status: JobStatus.RUNNING
I 03-17 21:50:16 utils.py:140] ==================================
I 03-17 21:50:36 utils.py:131] === Checking the job status... ===
I 03-17 21:50:37 utils.py:137] Job status: JobStatus.RUNNING
I 03-17 21:50:37 utils.py:140] ==================================
I 03-17 21:50:57 utils.py:131] === Checking the job status... ===
I 03-17 21:50:58 utils.py:137] Job status: JobStatus.RUNNING
I 03-17 21:50:58 utils.py:140] ==================================
I 03-17 21:51:18 utils.py:131] === Checking the job status... ===
I 03-17 21:51:19 utils.py:137] Job status: JobStatus.RUNNING
I 03-17 21:51:19 utils.py:140] ==================================
I 03-17 21:51:39 utils.py:131] === Checking the job status... ===
I 03-17 21:51:40 utils.py:137] Job status: JobStatus.RUNNING
I 03-17 21:51:40 utils.py:140] ==================================
I 03-17 21:52:00 utils.py:131] === Checking the job status... ===
I 03-17 21:52:01 utils.py:137] Job status: JobStatus.RUNNING
I 03-17 21:52:01 utils.py:140] ==================================
I 03-17 21:52:22 utils.py:131] === Checking the job status... ===
I 03-17 21:52:23 utils.py:137] Job status: JobStatus.RUNNING
I 03-17 21:52:23 utils.py:140] ==================================
I 03-17 21:52:43 utils.py:131] === Checking the job status... ===
I 03-17 21:52:44 utils.py:137] Job status: JobStatus.RUNNING
I 03-17 21:52:44 utils.py:140] ==================================
I 03-17 21:53:04 utils.py:131] === Checking the job status... ===
I 03-17 21:53:05 utils.py:137] Job status: JobStatus.RUNNING
I 03-17 21:53:05 utils.py:140] ==================================
I 03-17 21:53:25 utils.py:131] === Checking the job status... ===
I 03-17 21:53:26 utils.py:137] Job status: JobStatus.RUNNING
I 03-17 21:53:26 utils.py:140] ==================================
I 03-17 21:53:46 utils.py:131] === Checking the job status... ===
I 03-17 21:53:47 utils.py:137] Job status: JobStatus.RUNNING
I 03-17 21:53:47 utils.py:140] ==================================
I 03-17 21:54:07 utils.py:131] === Checking the job status... ===
I 03-17 21:54:08 utils.py:137] Job status: JobStatus.RUNNING
I 03-17 21:54:08 utils.py:140] ==================================
I 03-17 21:54:28 utils.py:131] === Checking the job status... ===
I 03-17 21:54:29 utils.py:137] Job status: JobStatus.RUNNING
I 03-17 21:54:29 utils.py:140] ==================================
I 03-17 21:54:49 utils.py:131] === Checking the job status... ===
I 03-17 21:54:50 utils.py:137] Job status: JobStatus.RUNNING
I 03-17 21:54:50 utils.py:140] ==================================
I 03-17 21:55:11 utils.py:131] === Checking the job status... ===
I 03-17 21:55:12 utils.py:137] Job status: JobStatus.RUNNING
I 03-17 21:55:12 utils.py:140] ==================================
I 03-17 21:55:32 utils.py:131] === Checking the job status... ===
I 03-17 21:55:33 utils.py:137] Job status: JobStatus.RUNNING
I 03-17 21:55:33 utils.py:140] ==================================
I 03-17 21:55:53 utils.py:131] === Checking the job status... ===
I 03-17 21:55:54 utils.py:137] Job status: JobStatus.RUNNING
I 03-17 21:55:54 utils.py:140] ==================================
I 03-17 21:56:14 utils.py:131] === Checking the job status... ===
I 03-17 21:56:15 utils.py:137] Job status: JobStatus.RUNNING
I 03-17 21:56:15 utils.py:140] ==================================
I 03-17 21:56:35 utils.py:131] === Checking the job status... ===
I 03-17 21:56:36 utils.py:137] Job status: JobStatus.RUNNING
I 03-17 21:56:36 utils.py:140] ==================================
I 03-17 21:56:56 utils.py:131] === Checking the job status... ===
I 03-17 21:56:57 utils.py:137] Job status: JobStatus.RUNNING
I 03-17 21:56:57 utils.py:140] ==================================
I 03-17 21:57:17 utils.py:131] === Checking the job status... ===
I 03-17 21:57:18 utils.py:137] Job status: JobStatus.RUNNING
I 03-17 21:57:18 utils.py:140] ==================================
I 03-17 21:57:38 utils.py:131] === Checking the job status... ===
I 03-17 21:57:39 utils.py:137] Job status: JobStatus.RUNNING
I 03-17 21:57:39 utils.py:140] ==================================
I 03-17 21:57:59 utils.py:131] === Checking the job status... ===
I 03-17 21:58:00 utils.py:137] Job status: JobStatus.RUNNING
I 03-17 21:58:00 utils.py:140] ==================================
I 03-17 21:58:20 utils.py:131] === Checking the job status... ===
I 03-17 21:58:21 utils.py:137] Job status: JobStatus.RUNNING
I 03-17 21:58:21 utils.py:140] ==================================
I 03-17 21:58:42 utils.py:131] === Checking the job status... ===
I 03-17 21:58:43 utils.py:137] Job status: JobStatus.RUNNING
I 03-17 21:58:43 utils.py:140] ==================================
I 03-17 21:59:03 utils.py:131] === Checking the job status... ===
I 03-17 21:59:04 utils.py:137] Job status: JobStatus.RUNNING
I 03-17 21:59:04 utils.py:140] ==================================
I 03-17 21:59:24 utils.py:131] === Checking the job status... ===
I 03-17 21:59:25 utils.py:137] Job status: JobStatus.RUNNING
I 03-17 21:59:25 utils.py:140] ==================================
I 03-17 21:59:45 utils.py:131] === Checking the job status... ===
I 03-17 21:59:46 utils.py:137] Job status: JobStatus.RUNNING
I 03-17 21:59:46 utils.py:140] ==================================
I 03-17 22:00:06 utils.py:131] === Checking the job status... ===
I 03-17 22:00:07 utils.py:137] Job status: JobStatus.RUNNING
I 03-17 22:00:07 utils.py:140] ==================================
I 03-17 22:00:27 utils.py:131] === Checking the job status... ===
I 03-17 22:00:28 utils.py:137] Job status: JobStatus.RUNNING
I 03-17 22:00:28 utils.py:140] ==================================
I 03-17 22:00:48 utils.py:131] === Checking the job status... ===
I 03-17 22:00:49 utils.py:137] Job status: JobStatus.RUNNING
I 03-17 22:00:49 utils.py:140] ==================================
I 03-17 22:01:09 utils.py:131] === Checking the job status... ===
I 03-17 22:01:10 utils.py:137] Job status: JobStatus.RUNNING
I 03-17 22:01:10 utils.py:140] ==================================
I 03-17 22:01:30 utils.py:131] === Checking the job status... ===
I 03-17 22:01:31 utils.py:137] Job status: JobStatus.RUNNING
I 03-17 22:01:31 utils.py:140] ==================================
I 03-17 22:01:51 utils.py:131] === Checking the job status... ===
I 03-17 22:01:52 utils.py:137] Job status: JobStatus.RUNNING
I 03-17 22:01:52 utils.py:140] ==================================
I 03-17 22:02:12 utils.py:131] === Checking the job status... ===
I 03-17 22:02:13 utils.py:137] Job status: JobStatus.RUNNING
I 03-17 22:02:13 utils.py:140] ==================================
I 03-17 22:02:34 utils.py:131] === Checking the job status... ===
I 03-17 22:02:35 utils.py:137] Job status: JobStatus.RUNNING
I 03-17 22:02:35 utils.py:140] ==================================
I 03-17 22:02:55 utils.py:131] === Checking the job status... ===
I 03-17 22:02:56 utils.py:137] Job status: JobStatus.RUNNING
I 03-17 22:02:56 utils.py:140] ==================================
I 03-17 22:03:16 utils.py:131] === Checking the job status... ===
I 03-17 22:03:17 utils.py:137] Job status: JobStatus.RUNNING
I 03-17 22:03:17 utils.py:140] ==================================
I 03-17 22:03:37 utils.py:131] === Checking the job status... ===
I 03-17 22:03:38 utils.py:137] Job status: JobStatus.RUNNING
I 03-17 22:03:38 utils.py:140] ==================================
I 03-17 22:03:58 utils.py:131] === Checking the job status... ===
I 03-17 22:03:59 utils.py:137] Job status: JobStatus.RUNNING
I 03-17 22:03:59 utils.py:140] ==================================
I 03-17 22:04:19 utils.py:131] === Checking the job status... ===
I 03-17 22:04:20 utils.py:137] Job status: JobStatus.RUNNING
I 03-17 22:04:20 utils.py:140] ==================================
I 03-17 22:04:40 utils.py:131] === Checking the job status... ===
I 03-17 22:04:41 utils.py:137] Job status: JobStatus.RUNNING
I 03-17 22:04:41 utils.py:140] ==================================
I 03-17 22:05:01 utils.py:131] === Checking the job status... ===
I 03-17 22:05:02 utils.py:137] Job status: JobStatus.RUNNING
I 03-17 22:05:02 utils.py:140] ==================================
I 03-17 22:05:23 utils.py:131] === Checking the job status... ===
I 03-17 22:05:24 utils.py:137] Job status: JobStatus.RUNNING
I 03-17 22:05:24 utils.py:140] ==================================
I 03-17 22:05:44 utils.py:131] === Checking the job status... ===
I 03-17 22:05:45 utils.py:137] Job status: JobStatus.RUNNING
I 03-17 22:05:45 utils.py:140] ==================================
I 03-17 22:06:05 utils.py:131] === Checking the job status... ===
I 03-17 22:06:06 utils.py:137] Job status: JobStatus.RUNNING
I 03-17 22:06:06 utils.py:140] ==================================
I 03-17 22:06:26 utils.py:131] === Checking the job status... ===
I 03-17 22:06:27 utils.py:137] Job status: JobStatus.RUNNING
I 03-17 22:06:27 utils.py:140] ==================================
I 03-17 22:06:47 utils.py:131] === Checking the job status... ===
I 03-17 22:06:48 utils.py:137] Job status: JobStatus.RUNNING
I 03-17 22:06:48 utils.py:140] ==================================
I 03-17 22:07:08 utils.py:131] === Checking the job status... ===
I 03-17 22:07:09 utils.py:137] Job status: JobStatus.RUNNING
I 03-17 22:07:09 utils.py:140] ==================================
I 03-17 22:07:29 utils.py:131] === Checking the job status... ===
I 03-17 22:07:30 utils.py:137] Job status: JobStatus.RUNNING
I 03-17 22:07:30 utils.py:140] ==================================
I 03-17 22:07:50 utils.py:131] === Checking the job status... ===
I 03-17 22:07:51 utils.py:137] Job status: JobStatus.RUNNING
I 03-17 22:07:51 utils.py:140] ==================================
I 03-17 22:08:11 utils.py:131] === Checking the job status... ===
I 03-17 22:08:12 utils.py:137] Job status: JobStatus.RUNNING
I 03-17 22:08:12 utils.py:140] ==================================
I 03-17 22:08:32 utils.py:131] === Checking the job status... ===
I 03-17 22:08:33 utils.py:137] Job status: JobStatus.RUNNING
I 03-17 22:08:33 utils.py:140] ==================================
I 03-17 22:08:54 utils.py:131] === Checking the job status... ===
I 03-17 22:08:55 utils.py:137] Job status: JobStatus.RUNNING
I 03-17 22:08:55 utils.py:140] ==================================
I 03-17 22:09:15 utils.py:131] === Checking the job status... ===
I 03-17 22:09:16 utils.py:137] Job status: JobStatus.RUNNING
I 03-17 22:09:16 utils.py:140] ==================================
I 03-17 22:09:36 utils.py:131] === Checking the job status... ===
I 03-17 22:09:37 utils.py:137] Job status: JobStatus.RUNNING
I 03-17 22:09:37 utils.py:140] ==================================
I 03-17 22:09:57 utils.py:131] === Checking the job status... ===
I 03-17 22:09:58 utils.py:137] Job status: JobStatus.RUNNING
I 03-17 22:09:58 utils.py:140] ==================================
I 03-17 22:10:18 utils.py:131] === Checking the job status... ===
I 03-17 22:10:19 utils.py:137] Job status: JobStatus.RUNNING
I 03-17 22:10:19 utils.py:140] ==================================
I 03-17 22:10:39 utils.py:131] === Checking the job status... ===
I 03-17 22:10:40 utils.py:137] Job status: JobStatus.RUNNING
I 03-17 22:10:40 utils.py:140] ==================================
I 03-17 22:11:00 utils.py:131] === Checking the job status... ===
I 03-17 22:11:01 utils.py:137] Job status: JobStatus.RUNNING
I 03-17 22:11:01 utils.py:140] ==================================
I 03-17 22:11:21 utils.py:131] === Checking the job status... ===
I 03-17 22:11:22 utils.py:137] Job status: JobStatus.RUNNING
I 03-17 22:11:22 utils.py:140] ==================================
I 03-17 22:11:42 utils.py:131] === Checking the job status... ===
I 03-17 22:11:43 utils.py:137] Job status: JobStatus.RUNNING
I 03-17 22:11:43 utils.py:140] ==================================
I 03-17 22:12:03 utils.py:131] === Checking the job status... ===
I 03-17 22:12:04 utils.py:137] Job status: JobStatus.RUNNING
I 03-17 22:12:04 utils.py:140] ==================================
I 03-17 22:12:25 utils.py:131] === Checking the job status... ===
I 03-17 22:12:26 utils.py:137] Job status: JobStatus.RUNNING
I 03-17 22:12:26 utils.py:140] ==================================
I 03-17 22:12:46 utils.py:131] === Checking the job status... ===
I 03-17 22:12:47 utils.py:137] Job status: JobStatus.RUNNING
I 03-17 22:12:47 utils.py:140] ==================================
I 03-17 22:13:07 utils.py:131] === Checking the job status... ===
I 03-17 22:13:08 utils.py:137] Job status: JobStatus.RUNNING
I 03-17 22:13:08 utils.py:140] ==================================
I 03-17 22:13:28 utils.py:131] === Checking the job status... ===
I 03-17 22:13:29 utils.py:137] Job status: JobStatus.RUNNING
I 03-17 22:13:29 utils.py:140] ==================================
I 03-17 22:13:49 utils.py:131] === Checking the job status... ===
I 03-17 22:13:50 utils.py:137] Job status: JobStatus.RUNNING
I 03-17 22:13:50 utils.py:140] ==================================
I 03-17 22:14:10 utils.py:131] === Checking the job status... ===
I 03-17 22:14:11 utils.py:137] Job status: JobStatus.RUNNING
I 03-17 22:14:11 utils.py:140] ==================================
I 03-17 22:14:31 utils.py:131] === Checking the job status... ===
I 03-17 22:14:32 utils.py:137] Job status: JobStatus.RUNNING
I 03-17 22:14:32 utils.py:140] ==================================
I 03-17 22:14:52 utils.py:131] === Checking the job status... ===
I 03-17 22:14:53 utils.py:137] Job status: JobStatus.RUNNING
I 03-17 22:14:53 utils.py:140] ==================================
I 03-17 22:15:13 utils.py:131] === Checking the job status... ===
I 03-17 22:15:14 utils.py:137] Job status: JobStatus.RUNNING
I 03-17 22:15:14 utils.py:140] ==================================
I 03-17 22:15:35 utils.py:131] === Checking the job status... ===
I 03-17 22:15:36 utils.py:137] Job status: JobStatus.RUNNING
I 03-17 22:15:36 utils.py:140] ==================================
I 03-17 22:15:56 utils.py:131] === Checking the job status... ===
I 03-17 22:15:57 utils.py:137] Job status: JobStatus.RUNNING
I 03-17 22:15:57 utils.py:140] ==================================
I 03-17 22:16:17 utils.py:131] === Checking the job status... ===
I 03-17 22:16:18 utils.py:137] Job status: JobStatus.RUNNING
I 03-17 22:16:18 utils.py:140] ==================================
I 03-17 22:16:38 utils.py:131] === Checking the job status... ===
I 03-17 22:16:39 utils.py:137] Job status: JobStatus.RUNNING
I 03-17 22:16:39 utils.py:140] ==================================
I 03-17 22:16:59 utils.py:131] === Checking the job status... ===
I 03-17 22:17:00 utils.py:137] Job status: JobStatus.RUNNING
I 03-17 22:17:00 utils.py:140] ==================================
I 03-17 22:17:20 utils.py:131] === Checking the job status... ===
I 03-17 22:17:21 utils.py:137] Job status: JobStatus.RUNNING
I 03-17 22:17:21 utils.py:140] ==================================
I 03-17 22:17:41 utils.py:131] === Checking the job status... ===
I 03-17 22:17:42 utils.py:137] Job status: JobStatus.RUNNING
I 03-17 22:17:42 utils.py:140] ==================================
I 03-17 22:18:02 utils.py:131] === Checking the job status... ===
I 03-17 22:18:03 utils.py:137] Job status: JobStatus.RUNNING
I 03-17 22:18:03 utils.py:140] ==================================
I 03-17 22:18:24 utils.py:131] === Checking the job status... ===
I 03-17 22:18:25 utils.py:137] Job status: JobStatus.RUNNING
I 03-17 22:18:25 utils.py:140] ==================================
I 03-17 22:18:45 utils.py:131] === Checking the job status... ===
I 03-17 22:18:46 utils.py:137] Job status: JobStatus.RUNNING
I 03-17 22:18:46 utils.py:140] ==================================
I 03-17 22:19:06 utils.py:131] === Checking the job status... ===
I 03-17 22:19:07 utils.py:137] Job status: JobStatus.RUNNING
I 03-17 22:19:07 utils.py:140] ==================================
I 03-17 22:19:27 utils.py:131] === Checking the job status... ===
I 03-17 22:19:28 utils.py:137] Job status: JobStatus.RUNNING
I 03-17 22:19:28 utils.py:140] ==================================
I 03-17 22:19:48 utils.py:131] === Checking the job status... ===
I 03-17 22:19:49 utils.py:137] Job status: JobStatus.RUNNING
I 03-17 22:19:49 utils.py:140] ==================================
I 03-17 22:20:09 utils.py:131] === Checking the job status... ===
I 03-17 22:20:10 utils.py:137] Job status: JobStatus.RUNNING
I 03-17 22:20:10 utils.py:140] ==================================
I 03-17 22:20:30 utils.py:131] === Checking the job status... ===
I 03-17 22:20:31 utils.py:137] Job status: JobStatus.RUNNING
I 03-17 22:20:31 utils.py:140] ==================================
I 03-17 22:20:51 utils.py:131] === Checking the job status... ===
I 03-17 22:20:52 utils.py:137] Job status: JobStatus.RUNNING
I 03-17 22:20:52 utils.py:140] ==================================
I 03-17 22:21:12 utils.py:131] === Checking the job status... ===
I 03-17 22:21:13 utils.py:137] Job status: JobStatus.RUNNING
I 03-17 22:21:13 utils.py:140] ==================================
I 03-17 22:21:34 utils.py:131] === Checking the job status... ===
I 03-17 22:21:34 utils.py:137] Job status: JobStatus.RUNNING
I 03-17 22:21:34 utils.py:140] ==================================
I 03-17 22:21:55 utils.py:131] === Checking the job status... ===
I 03-17 22:21:56 utils.py:137] Job status: JobStatus.RUNNING
I 03-17 22:21:56 utils.py:140] ==================================
I 03-17 22:22:16 utils.py:131] === Checking the job status... ===
I 03-17 22:22:17 utils.py:137] Job status: JobStatus.RUNNING
I 03-17 22:22:17 utils.py:140] ==================================
I 03-17 22:22:37 utils.py:131] === Checking the job status... ===
I 03-17 22:22:38 utils.py:137] Job status: JobStatus.RUNNING
I 03-17 22:22:38 utils.py:140] ==================================
I 03-17 22:22:58 utils.py:131] === Checking the job status... ===
I 03-17 22:22:59 utils.py:137] Job status: JobStatus.RUNNING
I 03-17 22:22:59 utils.py:140] ==================================
I 03-17 22:23:19 utils.py:131] === Checking the job status... ===
I 03-17 22:23:20 utils.py:137] Job status: JobStatus.RUNNING
I 03-17 22:23:20 utils.py:140] ==================================
I 03-17 22:23:40 utils.py:131] === Checking the job status... ===
I 03-17 22:23:41 utils.py:137] Job status: JobStatus.RUNNING
I 03-17 22:23:41 utils.py:140] ==================================
I 03-17 22:24:01 utils.py:131] === Checking the job status... ===
I 03-17 22:24:02 utils.py:137] Job status: JobStatus.RUNNING
I 03-17 22:24:02 utils.py:140] ==================================
I 03-17 22:24:22 utils.py:131] === Checking the job status... ===
I 03-17 22:24:23 utils.py:137] Job status: JobStatus.RUNNING
I 03-17 22:24:23 utils.py:140] ==================================
I 03-17 22:24:43 utils.py:131] === Checking the job status... ===
I 03-17 22:24:44 utils.py:137] Job status: JobStatus.RUNNING
I 03-17 22:24:44 utils.py:140] ==================================
I 03-17 22:25:04 utils.py:131] === Checking the job status... ===
I 03-17 22:25:05 utils.py:137] Job status: JobStatus.RUNNING
I 03-17 22:25:05 utils.py:140] ==================================
I 03-17 22:25:25 utils.py:131] === Checking the job status... ===
I 03-17 22:25:26 utils.py:137] Job status: JobStatus.RUNNING
I 03-17 22:25:26 utils.py:140] ==================================
I 03-17 22:25:47 utils.py:131] === Checking the job status... ===
I 03-17 22:25:48 utils.py:137] Job status: JobStatus.RUNNING
I 03-17 22:25:48 utils.py:140] ==================================
I 03-17 22:26:08 utils.py:131] === Checking the job status... ===
I 03-17 22:26:09 utils.py:137] Job status: JobStatus.RUNNING
I 03-17 22:26:09 utils.py:140] ==================================
I 03-17 22:26:29 utils.py:131] === Checking the job status... ===
I 03-17 22:26:30 utils.py:137] Job status: JobStatus.RUNNING
I 03-17 22:26:30 utils.py:140] ==================================
I 03-17 22:26:50 utils.py:131] === Checking the job status... ===
I 03-17 22:26:51 utils.py:137] Job status: JobStatus.RUNNING
I 03-17 22:26:51 utils.py:140] ==================================
I 03-17 22:27:11 utils.py:131] === Checking the job status... ===
I 03-17 22:27:12 utils.py:137] Job status: JobStatus.RUNNING
I 03-17 22:27:12 utils.py:140] ==================================
I 03-17 22:27:32 utils.py:131] === Checking the job status... ===
I 03-17 22:27:33 utils.py:137] Job status: JobStatus.RUNNING
I 03-17 22:27:33 utils.py:140] ==================================
I 03-17 22:27:53 utils.py:131] === Checking the job status... ===
I 03-17 22:27:54 utils.py:137] Job status: JobStatus.RUNNING
I 03-17 22:27:54 utils.py:140] ==================================
I 03-17 22:28:14 utils.py:131] === Checking the job status... ===
I 03-17 22:28:15 utils.py:137] Job status: JobStatus.RUNNING
I 03-17 22:28:15 utils.py:140] ==================================
I 03-17 22:28:35 utils.py:131] === Checking the job status... ===
I 03-17 22:28:36 utils.py:137] Job status: JobStatus.RUNNING
I 03-17 22:28:36 utils.py:140] ==================================
I 03-17 22:28:56 utils.py:131] === Checking the job status... ===
I 03-17 22:28:57 utils.py:137] Job status: JobStatus.RUNNING
I 03-17 22:28:57 utils.py:140] ==================================
I 03-17 22:29:18 utils.py:131] === Checking the job status... ===
I 03-17 22:29:19 utils.py:137] Job status: JobStatus.RUNNING
I 03-17 22:29:19 utils.py:140] ==================================
I 03-17 22:29:39 utils.py:131] === Checking the job status... ===
I 03-17 22:29:40 utils.py:137] Job status: JobStatus.RUNNING
I 03-17 22:29:40 utils.py:140] ==================================
I 03-17 22:30:00 utils.py:131] === Checking the job status... ===
I 03-17 22:30:01 utils.py:137] Job status: JobStatus.RUNNING
I 03-17 22:30:01 utils.py:140] ==================================
I 03-17 22:30:21 utils.py:131] === Checking the job status... ===
I 03-17 22:30:22 utils.py:137] Job status: JobStatus.RUNNING
I 03-17 22:30:22 utils.py:140] ==================================
I 03-17 22:30:42 utils.py:131] === Checking the job status... ===
I 03-17 22:30:43 utils.py:137] Job status: JobStatus.RUNNING
I 03-17 22:30:43 utils.py:140] ==================================
I 03-17 22:31:03 utils.py:131] === Checking the job status... ===
I 03-17 22:31:04 utils.py:137] Job status: JobStatus.RUNNING
I 03-17 22:31:04 utils.py:140] ==================================
I 03-17 22:31:24 utils.py:131] === Checking the job status... ===
I 03-17 22:31:25 utils.py:137] Job status: JobStatus.RUNNING
I 03-17 22:31:25 utils.py:140] ==================================
I 03-17 22:31:45 utils.py:131] === Checking the job status... ===
I 03-17 22:31:46 utils.py:137] Job status: JobStatus.RUNNING
I 03-17 22:31:46 utils.py:140] ==================================
I 03-17 22:32:06 utils.py:131] === Checking the job status... ===
I 03-17 22:32:07 utils.py:137] Job status: JobStatus.RUNNING
I 03-17 22:32:07 utils.py:140] ==================================
I 03-17 22:32:27 utils.py:131] === Checking the job status... ===
I 03-17 22:32:28 utils.py:137] Job status: JobStatus.RUNNING
I 03-17 22:32:28 utils.py:140] ==================================
I 03-17 22:32:48 utils.py:131] === Checking the job status... ===
I 03-17 22:32:49 utils.py:137] Job status: JobStatus.RUNNING
I 03-17 22:32:49 utils.py:140] ==================================
I 03-17 22:33:10 utils.py:131] === Checking the job status... ===
I 03-17 22:33:11 utils.py:137] Job status: JobStatus.RUNNING
I 03-17 22:33:11 utils.py:140] ==================================
I 03-17 22:33:31 utils.py:131] === Checking the job status... ===
I 03-17 22:33:32 utils.py:137] Job status: JobStatus.RUNNING
I 03-17 22:33:32 utils.py:140] ==================================
I 03-17 22:33:52 utils.py:131] === Checking the job status... ===
I 03-17 22:33:53 utils.py:137] Job status: JobStatus.RUNNING
I 03-17 22:33:53 utils.py:140] ==================================
I 03-17 22:34:13 utils.py:131] === Checking the job status... ===
I 03-17 22:34:14 utils.py:137] Job status: JobStatus.RUNNING
I 03-17 22:34:14 utils.py:140] ==================================
I 03-17 22:34:34 utils.py:131] === Checking the job status... ===
I 03-17 22:34:35 utils.py:137] Job status: JobStatus.RUNNING
I 03-17 22:34:35 utils.py:140] ==================================
I 03-17 22:34:55 utils.py:131] === Checking the job status... ===
I 03-17 22:34:56 utils.py:137] Job status: JobStatus.RUNNING
I 03-17 22:34:56 utils.py:140] ==================================
I 03-17 22:35:16 utils.py:131] === Checking the job status... ===
I 03-17 22:35:17 utils.py:137] Job status: JobStatus.RUNNING
I 03-17 22:35:17 utils.py:140] ==================================
I 03-17 22:35:37 utils.py:131] === Checking the job status... ===
I 03-17 22:35:38 utils.py:137] Job status: JobStatus.RUNNING
I 03-17 22:35:38 utils.py:140] ==================================
I 03-17 22:35:58 utils.py:131] === Checking the job status... ===
I 03-17 22:35:59 utils.py:137] Job status: JobStatus.RUNNING
I 03-17 22:35:59 utils.py:140] ==================================
I 03-17 22:36:19 utils.py:131] === Checking the job status... ===
I 03-17 22:36:20 utils.py:137] Job status: JobStatus.RUNNING
I 03-17 22:36:20 utils.py:140] ==================================
I 03-17 22:36:41 utils.py:131] === Checking the job status... ===
I 03-17 22:36:42 utils.py:137] Job status: JobStatus.RUNNING
I 03-17 22:36:42 utils.py:140] ==================================
I 03-17 22:37:02 utils.py:131] === Checking the job status... ===
I 03-17 22:37:03 utils.py:137] Job status: JobStatus.RUNNING
I 03-17 22:37:03 utils.py:140] ==================================
I 03-17 22:37:23 utils.py:131] === Checking the job status... ===
I 03-17 22:37:24 utils.py:137] Job status: JobStatus.RUNNING
I 03-17 22:37:24 utils.py:140] ==================================
I 03-17 22:37:44 utils.py:131] === Checking the job status... ===
I 03-17 22:37:45 utils.py:137] Job status: JobStatus.RUNNING
I 03-17 22:37:45 utils.py:140] ==================================
I 03-17 22:38:05 utils.py:131] === Checking the job status... ===
I 03-17 22:38:06 utils.py:137] Job status: JobStatus.RUNNING
I 03-17 22:38:06 utils.py:140] ==================================
I 03-17 22:38:26 utils.py:131] === Checking the job status... ===
I 03-17 22:38:27 utils.py:137] Job status: JobStatus.RUNNING
I 03-17 22:38:27 utils.py:140] ==================================
I 03-17 22:38:47 utils.py:131] === Checking the job status... ===
I 03-17 22:38:48 utils.py:137] Job status: JobStatus.RUNNING
I 03-17 22:38:48 utils.py:140] ==================================
I 03-17 22:39:08 utils.py:131] === Checking the job status... ===
I 03-17 22:39:09 utils.py:137] Job status: JobStatus.RUNNING
I 03-17 22:39:09 utils.py:140] ==================================
I 03-17 22:39:30 utils.py:131] === Checking the job status... ===
I 03-17 22:39:31 utils.py:137] Job status: JobStatus.RUNNING
I 03-17 22:39:31 utils.py:140] ==================================
I 03-17 22:39:51 utils.py:131] === Checking the job status... ===
I 03-17 22:39:52 utils.py:137] Job status: JobStatus.RUNNING
I 03-17 22:39:52 utils.py:140] ==================================
I 03-17 22:40:12 utils.py:131] === Checking the job status... ===
I 03-17 22:40:13 utils.py:137] Job status: JobStatus.RUNNING
I 03-17 22:40:13 utils.py:140] ==================================
I 03-17 22:40:33 utils.py:131] === Checking the job status... ===
I 03-17 22:40:34 utils.py:137] Job status: JobStatus.RUNNING
I 03-17 22:40:34 utils.py:140] ==================================
I 03-17 22:40:54 utils.py:131] === Checking the job status... ===
I 03-17 22:40:55 utils.py:137] Job status: JobStatus.RUNNING
I 03-17 22:40:55 utils.py:140] ==================================
I 03-17 22:41:15 utils.py:131] === Checking the job status... ===
I 03-17 22:41:16 utils.py:137] Job status: JobStatus.RUNNING
I 03-17 22:41:16 utils.py:140] ==================================
I 03-17 22:41:36 utils.py:131] === Checking the job status... ===
I 03-17 22:41:37 utils.py:137] Job status: JobStatus.RUNNING
I 03-17 22:41:37 utils.py:140] ==================================
I 03-17 22:41:57 utils.py:131] === Checking the job status... ===
I 03-17 22:41:58 utils.py:137] Job status: JobStatus.RUNNING
I 03-17 22:41:58 utils.py:140] ==================================
I 03-17 22:42:18 utils.py:131] === Checking the job status... ===
I 03-17 22:42:19 utils.py:137] Job status: JobStatus.RUNNING
I 03-17 22:42:19 utils.py:140] ==================================
I 03-17 22:42:39 utils.py:131] === Checking the job status... ===
I 03-17 22:42:40 utils.py:137] Job status: JobStatus.RUNNING
I 03-17 22:42:40 utils.py:140] ==================================
I 03-17 22:43:01 utils.py:131] === Checking the job status... ===
I 03-17 22:43:02 utils.py:137] Job status: JobStatus.RUNNING
I 03-17 22:43:02 utils.py:140] ==================================
I 03-17 22:43:22 utils.py:131] === Checking the job status... ===
I 03-17 22:43:23 utils.py:137] Job status: JobStatus.RUNNING
I 03-17 22:43:23 utils.py:140] ==================================
I 03-17 22:43:43 utils.py:131] === Checking the job status... ===
I 03-17 22:43:44 utils.py:137] Job status: JobStatus.RUNNING
I 03-17 22:43:44 utils.py:140] ==================================
I 03-17 22:44:04 utils.py:131] === Checking the job status... ===
I 03-17 22:44:05 utils.py:137] Job status: JobStatus.RUNNING
I 03-17 22:44:05 utils.py:140] ==================================
I 03-17 22:44:25 utils.py:131] === Checking the job status... ===
I 03-17 22:44:26 utils.py:137] Job status: JobStatus.RUNNING
I 03-17 22:44:26 utils.py:140] ==================================
I 03-17 22:44:46 utils.py:131] === Checking the job status... ===
I 03-17 22:44:47 utils.py:137] Job status: JobStatus.RUNNING
I 03-17 22:44:47 utils.py:140] ==================================
I 03-17 22:45:07 utils.py:131] === Checking the job status... ===
I 03-17 22:45:08 utils.py:137] Job status: JobStatus.RUNNING
I 03-17 22:45:08 utils.py:140] ==================================
I 03-17 22:45:28 utils.py:131] === Checking the job status... ===
I 03-17 22:45:29 utils.py:137] Job status: JobStatus.RUNNING
I 03-17 22:45:29 utils.py:140] ==================================
I 03-17 22:45:49 utils.py:131] === Checking the job status... ===
I 03-17 22:45:50 utils.py:137] Job status: JobStatus.RUNNING
I 03-17 22:45:50 utils.py:140] ==================================
I 03-17 22:46:11 utils.py:131] === Checking the job status... ===
I 03-17 22:46:12 utils.py:137] Job status: JobStatus.RUNNING
I 03-17 22:46:12 utils.py:140] ==================================
I 03-17 22:46:32 utils.py:131] === Checking the job status... ===
I 03-17 22:46:33 utils.py:137] Job status: JobStatus.RUNNING
I 03-17 22:46:33 utils.py:140] ==================================
I 03-17 22:46:53 utils.py:131] === Checking the job status... ===
I 03-17 22:46:54 utils.py:137] Job status: JobStatus.RUNNING
I 03-17 22:46:54 utils.py:140] ==================================
I 03-17 22:47:14 utils.py:131] === Checking the job status... ===
I 03-17 22:47:15 utils.py:137] Job status: JobStatus.RUNNING
I 03-17 22:47:15 utils.py:140] ==================================
I 03-17 22:47:35 utils.py:131] === Checking the job status... ===
I 03-17 22:47:36 utils.py:137] Job status: JobStatus.RUNNING
I 03-17 22:47:36 utils.py:140] ==================================
I 03-17 22:47:56 utils.py:131] === Checking the job status... ===
I 03-17 22:47:57 utils.py:137] Job status: JobStatus.RUNNING
I 03-17 22:47:57 utils.py:140] ==================================
I 03-17 22:48:17 utils.py:131] === Checking the job status... ===
I 03-17 22:48:18 utils.py:137] Job status: JobStatus.RUNNING
I 03-17 22:48:18 utils.py:140] ==================================
I 03-17 22:48:38 utils.py:131] === Checking the job status... ===
I 03-17 22:48:39 utils.py:137] Job status: JobStatus.RUNNING
I 03-17 22:48:39 utils.py:140] ==================================
I 03-17 22:48:59 utils.py:131] === Checking the job status... ===
I 03-17 22:49:00 utils.py:137] Job status: JobStatus.RUNNING
I 03-17 22:49:00 utils.py:140] ==================================
I 03-17 22:49:20 utils.py:131] === Checking the job status... ===
I 03-17 22:49:21 utils.py:137] Job status: JobStatus.RUNNING
I 03-17 22:49:21 utils.py:140] ==================================
I 03-17 22:49:42 utils.py:131] === Checking the job status... ===
I 03-17 22:49:43 utils.py:137] Job status: JobStatus.RUNNING
I 03-17 22:49:43 utils.py:140] ==================================
I 03-17 22:50:03 utils.py:131] === Checking the job status... ===
I 03-17 22:50:04 utils.py:137] Job status: JobStatus.RUNNING
I 03-17 22:50:04 utils.py:140] ==================================
I 03-17 22:50:24 utils.py:131] === Checking the job status... ===
I 03-17 22:50:25 utils.py:137] Job status: JobStatus.RUNNING
I 03-17 22:50:25 utils.py:140] ==================================
I 03-17 22:50:45 utils.py:131] === Checking the job status... ===
I 03-17 22:50:46 utils.py:137] Job status: JobStatus.RUNNING
I 03-17 22:50:46 utils.py:140] ==================================
I 03-17 22:51:06 utils.py:131] === Checking the job status... ===
I 03-17 22:51:07 utils.py:137] Job status: JobStatus.RUNNING
I 03-17 22:51:07 utils.py:140] ==================================
I 03-17 22:51:27 utils.py:131] === Checking the job status... ===
I 03-17 22:51:28 utils.py:137] Job status: JobStatus.RUNNING
I 03-17 22:51:28 utils.py:140] ==================================
I 03-17 22:51:48 utils.py:131] === Checking the job status... ===
I 03-17 22:51:49 utils.py:137] Job status: JobStatus.RUNNING
I 03-17 22:51:49 utils.py:140] ==================================
I 03-17 22:52:09 utils.py:131] === Checking the job status... ===
I 03-17 22:52:10 utils.py:137] Job status: JobStatus.RUNNING
I 03-17 22:52:10 utils.py:140] ==================================
I 03-17 22:52:30 utils.py:131] === Checking the job status... ===
I 03-17 22:52:31 utils.py:137] Job status: JobStatus.RUNNING
I 03-17 22:52:31 utils.py:140] ==================================
I 03-17 22:52:51 utils.py:131] === Checking the job status... ===
I 03-17 22:52:52 utils.py:137] Job status: JobStatus.RUNNING
I 03-17 22:52:52 utils.py:140] ==================================
I 03-17 22:53:12 utils.py:131] === Checking the job status... ===
I 03-17 22:53:13 utils.py:137] Job status: JobStatus.RUNNING
I 03-17 22:53:13 utils.py:140] ==================================
I 03-17 22:53:33 utils.py:131] === Checking the job status... ===
I 03-17 22:53:34 utils.py:137] Job status: JobStatus.RUNNING
I 03-17 22:53:34 utils.py:140] ==================================
I 03-17 22:53:54 utils.py:131] === Checking the job status... ===
I 03-17 22:53:55 utils.py:137] Job status: JobStatus.RUNNING
I 03-17 22:53:55 utils.py:140] ==================================
I 03-17 22:54:16 utils.py:131] === Checking the job status... ===
I 03-17 22:54:17 utils.py:137] Job status: JobStatus.RUNNING
I 03-17 22:54:17 utils.py:140] ==================================
I 03-17 22:54:37 utils.py:131] === Checking the job status... ===
I 03-17 22:54:38 utils.py:137] Job status: JobStatus.RUNNING
I 03-17 22:54:38 utils.py:140] ==================================
I 03-17 22:54:58 utils.py:131] === Checking the job status... ===
I 03-17 22:54:59 utils.py:137] Job status: JobStatus.RUNNING
I 03-17 22:54:59 utils.py:140] ==================================
I 03-17 22:55:19 utils.py:131] === Checking the job status... ===
I 03-17 22:55:20 utils.py:137] Job status: JobStatus.RUNNING
I 03-17 22:55:20 utils.py:140] ==================================
I 03-17 22:55:40 utils.py:131] === Checking the job status... ===
I 03-17 22:55:41 utils.py:137] Job status: JobStatus.RUNNING
I 03-17 22:55:41 utils.py:140] ==================================
I 03-17 22:56:01 utils.py:131] === Checking the job status... ===
I 03-17 22:56:02 utils.py:137] Job status: JobStatus.RUNNING
I 03-17 22:56:02 utils.py:140] ==================================
I 03-17 22:56:22 utils.py:131] === Checking the job status... ===
I 03-17 22:56:23 utils.py:137] Job status: JobStatus.RUNNING
I 03-17 22:56:23 utils.py:140] ==================================
I 03-17 22:56:43 utils.py:131] === Checking the job status... ===
I 03-17 22:56:44 utils.py:137] Job status: JobStatus.RUNNING
I 03-17 22:56:44 utils.py:140] ==================================
I 03-17 22:57:04 utils.py:131] === Checking the job status... ===
I 03-17 22:57:05 utils.py:137] Job status: JobStatus.RUNNING
I 03-17 22:57:05 utils.py:140] ==================================
I 03-17 22:57:25 utils.py:131] === Checking the job status... ===
I 03-17 22:57:26 utils.py:137] Job status: JobStatus.RUNNING
I 03-17 22:57:26 utils.py:140] ==================================
I 03-17 22:57:47 utils.py:131] === Checking the job status... ===
I 03-17 22:57:47 utils.py:137] Job status: JobStatus.RUNNING
I 03-17 22:57:47 utils.py:140] ==================================
I 03-17 22:58:08 utils.py:131] === Checking the job status... ===
I 03-17 22:58:09 utils.py:137] Job status: JobStatus.RUNNING
I 03-17 22:58:09 utils.py:140] ==================================
I 03-17 22:58:29 utils.py:131] === Checking the job status... ===
I 03-17 22:58:30 utils.py:137] Job status: JobStatus.RUNNING
I 03-17 22:58:30 utils.py:140] ==================================
I 03-17 22:58:50 utils.py:131] === Checking the job status... ===
I 03-17 22:58:51 utils.py:137] Job status: JobStatus.RUNNING
I 03-17 22:58:51 utils.py:140] ==================================
I 03-17 22:59:11 utils.py:131] === Checking the job status... ===
I 03-17 22:59:12 utils.py:137] Job status: JobStatus.RUNNING
I 03-17 22:59:12 utils.py:140] ==================================
I 03-17 22:59:32 utils.py:131] === Checking the job status... ===
I 03-17 22:59:33 utils.py:137] Job status: JobStatus.RUNNING
I 03-17 22:59:33 utils.py:140] ==================================
I 03-17 22:59:53 utils.py:131] === Checking the job status... ===
I 03-17 22:59:54 utils.py:137] Job status: JobStatus.RUNNING
I 03-17 22:59:54 utils.py:140] ==================================
I 03-17 23:00:14 utils.py:131] === Checking the job status... ===
I 03-17 23:00:15 utils.py:137] Job status: JobStatus.RUNNING
I 03-17 23:00:15 utils.py:140] ==================================
I 03-17 23:00:35 utils.py:131] === Checking the job status... ===
I 03-17 23:00:36 utils.py:137] Job status: JobStatus.RUNNING
I 03-17 23:00:36 utils.py:140] ==================================
I 03-17 23:00:56 utils.py:131] === Checking the job status... ===
I 03-17 23:00:57 utils.py:137] Job status: JobStatus.RUNNING
I 03-17 23:00:57 utils.py:140] ==================================
I 03-17 23:01:17 utils.py:131] === Checking the job status... ===
I 03-17 23:01:18 utils.py:137] Job status: JobStatus.RUNNING
I 03-17 23:01:18 utils.py:140] ==================================
I 03-17 23:01:39 utils.py:131] === Checking the job status... ===
I 03-17 23:01:39 utils.py:137] Job status: JobStatus.RUNNING
I 03-17 23:01:39 utils.py:140] ==================================
I 03-17 23:02:00 utils.py:131] === Checking the job status... ===
I 03-17 23:02:01 utils.py:137] Job status: JobStatus.RUNNING
I 03-17 23:02:01 utils.py:140] ==================================
I 03-17 23:02:21 utils.py:131] === Checking the job status... ===
I 03-17 23:02:22 utils.py:137] Job status: JobStatus.RUNNING
I 03-17 23:02:22 utils.py:140] ==================================
I 03-17 23:02:42 utils.py:131] === Checking the job status... ===
I 03-17 23:02:43 utils.py:137] Job status: JobStatus.RUNNING
I 03-17 23:02:43 utils.py:140] ==================================
I 03-17 23:03:03 utils.py:131] === Checking the job status... ===
I 03-17 23:03:04 utils.py:137] Job status: JobStatus.RUNNING
I 03-17 23:03:04 utils.py:140] ==================================
I 03-17 23:03:24 utils.py:131] === Checking the job status... ===
I 03-17 23:03:25 utils.py:137] Job status: JobStatus.RUNNING
I 03-17 23:03:25 utils.py:140] ==================================
I 03-17 23:03:45 utils.py:131] === Checking the job status... ===
I 03-17 23:03:46 utils.py:137] Job status: JobStatus.RUNNING
I 03-17 23:03:46 utils.py:140] ==================================
I 03-17 23:04:06 utils.py:131] === Checking the job status... ===
I 03-17 23:04:07 utils.py:137] Job status: JobStatus.RUNNING
I 03-17 23:04:07 utils.py:140] ==================================
I 03-17 23:04:27 utils.py:131] === Checking the job status... ===
I 03-17 23:04:28 utils.py:137] Job status: JobStatus.RUNNING
I 03-17 23:04:28 utils.py:140] ==================================
I 03-17 23:04:48 utils.py:131] === Checking the job status... ===
I 03-17 23:04:49 utils.py:137] Job status: JobStatus.RUNNING
I 03-17 23:04:49 utils.py:140] ==================================
I 03-17 23:05:10 utils.py:131] === Checking the job status... ===
I 03-17 23:05:11 utils.py:137] Job status: JobStatus.RUNNING
I 03-17 23:05:11 utils.py:140] ==================================
I 03-17 23:05:31 utils.py:131] === Checking the job status... ===
I 03-17 23:05:32 utils.py:137] Job status: JobStatus.RUNNING
I 03-17 23:05:32 utils.py:140] ==================================
I 03-17 23:05:52 utils.py:131] === Checking the job status... ===
I 03-17 23:05:53 utils.py:137] Job status: JobStatus.RUNNING
I 03-17 23:05:53 utils.py:140] ==================================
I 03-17 23:06:13 utils.py:131] === Checking the job status... ===
I 03-17 23:06:14 utils.py:137] Job status: JobStatus.RUNNING
I 03-17 23:06:14 utils.py:140] ==================================
I 03-17 23:06:34 utils.py:131] === Checking the job status... ===
I 03-17 23:06:35 utils.py:137] Job status: JobStatus.RUNNING
I 03-17 23:06:35 utils.py:140] ==================================
I 03-17 23:06:55 utils.py:131] === Checking the job status... ===
I 03-17 23:06:56 utils.py:137] Job status: JobStatus.RUNNING
I 03-17 23:06:56 utils.py:140] ==================================
I 03-17 23:07:16 utils.py:131] === Checking the job status... ===
I 03-17 23:07:17 utils.py:137] Job status: JobStatus.RUNNING
I 03-17 23:07:17 utils.py:140] ==================================
I 03-17 23:07:37 utils.py:131] === Checking the job status... ===
I 03-17 23:07:38 utils.py:137] Job status: JobStatus.RUNNING
I 03-17 23:07:38 utils.py:140] ==================================
I 03-17 23:07:58 utils.py:131] === Checking the job status... ===
I 03-17 23:07:59 utils.py:137] Job status: JobStatus.RUNNING
I 03-17 23:07:59 utils.py:140] ==================================
I 03-17 23:08:19 utils.py:131] === Checking the job status... ===
I 03-17 23:08:20 utils.py:137] Job status: JobStatus.RUNNING
I 03-17 23:08:20 utils.py:140] ==================================
I 03-17 23:08:41 utils.py:131] === Checking the job status... ===
I 03-17 23:08:42 utils.py:137] Job status: JobStatus.RUNNING
I 03-17 23:08:42 utils.py:140] ==================================
I 03-17 23:09:02 utils.py:131] === Checking the job status... ===
I 03-17 23:09:03 utils.py:137] Job status: JobStatus.RUNNING
I 03-17 23:09:03 utils.py:140] ==================================
I 03-17 23:09:23 utils.py:131] === Checking the job status... ===
I 03-17 23:09:24 utils.py:137] Job status: JobStatus.RUNNING
I 03-17 23:09:24 utils.py:140] ==================================
I 03-17 23:09:44 utils.py:131] === Checking the job status... ===
I 03-17 23:09:45 utils.py:137] Job status: JobStatus.RUNNING
I 03-17 23:09:45 utils.py:140] ==================================
I 03-17 23:10:05 utils.py:131] === Checking the job status... ===
I 03-17 23:10:06 utils.py:137] Job status: JobStatus.RUNNING
I 03-17 23:10:06 utils.py:140] ==================================
I 03-17 23:10:26 utils.py:131] === Checking the job status... ===
I 03-17 23:10:27 utils.py:137] Job status: JobStatus.RUNNING
I 03-17 23:10:27 utils.py:140] ==================================
I 03-17 23:10:47 utils.py:131] === Checking the job status... ===
I 03-17 23:10:48 utils.py:137] Job status: JobStatus.RUNNING
I 03-17 23:10:48 utils.py:140] ==================================
I 03-17 23:11:08 utils.py:131] === Checking the job status... ===
I 03-17 23:11:09 utils.py:137] Job status: JobStatus.RUNNING
I 03-17 23:11:09 utils.py:140] ==================================
I 03-17 23:11:29 utils.py:131] === Checking the job status... ===
I 03-17 23:11:30 utils.py:137] Job status: JobStatus.RUNNING
I 03-17 23:11:30 utils.py:140] ==================================
I 03-17 23:11:50 utils.py:131] === Checking the job status... ===
I 03-17 23:11:51 utils.py:137] Job status: JobStatus.RUNNING
I 03-17 23:11:51 utils.py:140] ==================================
I 03-17 23:12:11 utils.py:131] === Checking the job status... ===
I 03-17 23:12:12 utils.py:137] Job status: JobStatus.RUNNING
I 03-17 23:12:12 utils.py:140] ==================================
I 03-17 23:12:33 utils.py:131] === Checking the job status... ===
I 03-17 23:12:34 utils.py:137] Job status: JobStatus.RUNNING
I 03-17 23:12:34 utils.py:140] ==================================
I 03-17 23:12:54 utils.py:131] === Checking the job status... ===
I 03-17 23:12:55 utils.py:137] Job status: JobStatus.RUNNING
I 03-17 23:12:55 utils.py:140] ==================================
I 03-17 23:13:15 utils.py:131] === Checking the job status... ===
I 03-17 23:13:16 utils.py:137] Job status: JobStatus.RUNNING
I 03-17 23:13:16 utils.py:140] ==================================
I 03-17 23:13:36 utils.py:131] === Checking the job status... ===
I 03-17 23:13:37 utils.py:137] Job status: JobStatus.RUNNING
I 03-17 23:13:37 utils.py:140] ==================================
I 03-17 23:13:57 utils.py:131] === Checking the job status... ===
I 03-17 23:13:58 utils.py:137] Job status: JobStatus.RUNNING
I 03-17 23:13:58 utils.py:140] ==================================
I 03-17 23:14:18 utils.py:131] === Checking the job status... ===
I 03-17 23:14:19 utils.py:137] Job status: JobStatus.RUNNING
I 03-17 23:14:19 utils.py:140] ==================================
I 03-17 23:14:39 utils.py:131] === Checking the job status... ===
I 03-17 23:14:40 utils.py:137] Job status: JobStatus.RUNNING
I 03-17 23:14:40 utils.py:140] ==================================
I 03-17 23:15:00 utils.py:131] === Checking the job status... ===
I 03-17 23:15:01 utils.py:137] Job status: JobStatus.RUNNING
I 03-17 23:15:01 utils.py:140] ==================================
I 03-17 23:15:21 utils.py:131] === Checking the job status... ===
I 03-17 23:15:22 utils.py:137] Job status: JobStatus.RUNNING
I 03-17 23:15:22 utils.py:140] ==================================
I 03-17 23:15:42 utils.py:131] === Checking the job status... ===
I 03-17 23:15:43 utils.py:137] Job status: JobStatus.RUNNING
I 03-17 23:15:43 utils.py:140] ==================================
I 03-17 23:16:03 utils.py:131] === Checking the job status... ===
I 03-17 23:16:04 utils.py:137] Job status: JobStatus.RUNNING
I 03-17 23:16:04 utils.py:140] ==================================
I 03-17 23:16:25 utils.py:131] === Checking the job status... ===
I 03-17 23:16:26 utils.py:137] Job status: JobStatus.RUNNING
I 03-17 23:16:26 utils.py:140] ==================================
I 03-17 23:16:46 utils.py:131] === Checking the job status... ===
I 03-17 23:16:47 utils.py:137] Job status: JobStatus.RUNNING
I 03-17 23:16:47 utils.py:140] ==================================
I 03-17 23:17:07 utils.py:131] === Checking the job status... ===
I 03-17 23:17:08 utils.py:137] Job status: JobStatus.RUNNING
I 03-17 23:17:08 utils.py:140] ==================================
I 03-17 23:17:28 utils.py:131] === Checking the job status... ===
I 03-17 23:17:29 utils.py:137] Job status: JobStatus.RUNNING
I 03-17 23:17:29 utils.py:140] ==================================
I 03-17 23:17:49 utils.py:131] === Checking the job status... ===
I 03-17 23:17:50 utils.py:137] Job status: JobStatus.RUNNING
I 03-17 23:17:50 utils.py:140] ==================================
I 03-17 23:18:10 utils.py:131] === Checking the job status... ===
I 03-17 23:18:11 utils.py:137] Job status: JobStatus.RUNNING
I 03-17 23:18:11 utils.py:140] ==================================
I 03-17 23:18:31 utils.py:131] === Checking the job status... ===
I 03-17 23:18:32 utils.py:137] Job status: JobStatus.RUNNING
I 03-17 23:18:32 utils.py:140] ==================================
I 03-17 23:18:52 utils.py:131] === Checking the job status... ===
I 03-17 23:18:53 utils.py:137] Job status: JobStatus.RUNNING
I 03-17 23:18:53 utils.py:140] ==================================
I 03-17 23:19:13 utils.py:131] === Checking the job status... ===
I 03-17 23:19:14 utils.py:137] Job status: JobStatus.RUNNING
I 03-17 23:19:14 utils.py:140] ==================================
I 03-17 23:19:34 utils.py:131] === Checking the job status... ===
I 03-17 23:19:35 utils.py:137] Job status: JobStatus.RUNNING
I 03-17 23:19:35 utils.py:140] ==================================
I 03-17 23:19:55 utils.py:131] === Checking the job status... ===
I 03-17 23:19:56 utils.py:137] Job status: JobStatus.RUNNING
I 03-17 23:19:56 utils.py:140] ==================================
I 03-17 23:20:17 utils.py:131] === Checking the job status... ===
I 03-17 23:20:18 utils.py:137] Job status: JobStatus.RUNNING
I 03-17 23:20:18 utils.py:140] ==================================
I 03-17 23:20:38 utils.py:131] === Checking the job status... ===
I 03-17 23:20:39 utils.py:137] Job status: JobStatus.RUNNING
I 03-17 23:20:39 utils.py:140] ==================================
I 03-17 23:20:59 utils.py:131] === Checking the job status... ===
I 03-17 23:21:00 utils.py:137] Job status: JobStatus.RUNNING
I 03-17 23:21:00 utils.py:140] ==================================
I 03-17 23:21:20 utils.py:131] === Checking the job status... ===
I 03-17 23:21:21 utils.py:137] Job status: JobStatus.RUNNING
I 03-17 23:21:21 utils.py:140] ==================================
I 03-17 23:21:41 utils.py:131] === Checking the job status... ===
I 03-17 23:21:42 utils.py:137] Job status: JobStatus.RUNNING
I 03-17 23:21:42 utils.py:140] ==================================
I 03-17 23:22:02 utils.py:131] === Checking the job status... ===
I 03-17 23:22:03 utils.py:137] Job status: JobStatus.RUNNING
I 03-17 23:22:03 utils.py:140] ==================================
I 03-17 23:22:23 utils.py:131] === Checking the job status... ===
I 03-17 23:22:24 utils.py:137] Job status: JobStatus.RUNNING
I 03-17 23:22:24 utils.py:140] ==================================
I 03-17 23:22:44 utils.py:131] === Checking the job status... ===
I 03-17 23:22:45 utils.py:137] Job status: JobStatus.RUNNING
I 03-17 23:22:45 utils.py:140] ==================================
I 03-17 23:23:05 utils.py:131] === Checking the job status... ===
I 03-17 23:23:06 utils.py:137] Job status: JobStatus.RUNNING
I 03-17 23:23:06 utils.py:140] ==================================
I 03-17 23:23:26 utils.py:131] === Checking the job status... ===
I 03-17 23:23:27 utils.py:137] Job status: JobStatus.RUNNING
I 03-17 23:23:27 utils.py:140] ==================================
I 03-17 23:23:47 utils.py:131] === Checking the job status... ===
I 03-17 23:23:48 utils.py:137] Job status: JobStatus.RUNNING
I 03-17 23:23:48 utils.py:140] ==================================
I 03-17 23:24:08 utils.py:131] === Checking the job status... ===
I 03-17 23:24:09 utils.py:137] Job status: JobStatus.RUNNING
I 03-17 23:24:09 utils.py:140] ==================================
I 03-17 23:24:30 utils.py:131] === Checking the job status... ===
I 03-17 23:24:31 utils.py:137] Job status: JobStatus.RUNNING
I 03-17 23:24:31 utils.py:140] ==================================
I 03-17 23:24:51 utils.py:131] === Checking the job status... ===
I 03-17 23:24:52 utils.py:137] Job status: JobStatus.RUNNING
I 03-17 23:24:52 utils.py:140] ==================================
I 03-17 23:25:12 utils.py:131] === Checking the job status... ===
I 03-17 23:25:13 utils.py:137] Job status: JobStatus.RUNNING
I 03-17 23:25:13 utils.py:140] ==================================
I 03-17 23:25:33 utils.py:131] === Checking the job status... ===
I 03-17 23:25:34 utils.py:137] Job status: JobStatus.RUNNING
I 03-17 23:25:34 utils.py:140] ==================================
I 03-17 23:25:54 utils.py:131] === Checking the job status... ===
I 03-17 23:25:55 utils.py:137] Job status: JobStatus.RUNNING
I 03-17 23:25:55 utils.py:140] ==================================
I 03-17 23:26:15 utils.py:131] === Checking the job status... ===
I 03-17 23:26:16 utils.py:137] Job status: JobStatus.RUNNING
I 03-17 23:26:16 utils.py:140] ==================================
I 03-17 23:26:36 utils.py:131] === Checking the job status... ===
I 03-17 23:26:37 utils.py:137] Job status: JobStatus.RUNNING
I 03-17 23:26:37 utils.py:140] ==================================
I 03-17 23:26:57 utils.py:131] === Checking the job status... ===
I 03-17 23:26:58 utils.py:137] Job status: JobStatus.RUNNING
I 03-17 23:26:58 utils.py:140] ==================================
I 03-17 23:27:18 utils.py:131] === Checking the job status... ===
I 03-17 23:27:19 utils.py:137] Job status: JobStatus.RUNNING
I 03-17 23:27:19 utils.py:140] ==================================
I 03-17 23:27:39 utils.py:131] === Checking the job status... ===
I 03-17 23:27:40 utils.py:137] Job status: JobStatus.RUNNING
I 03-17 23:27:40 utils.py:140] ==================================
I 03-17 23:28:00 utils.py:131] === Checking the job status... ===
I 03-17 23:28:01 utils.py:137] Job status: JobStatus.RUNNING
I 03-17 23:28:01 utils.py:140] ==================================
I 03-17 23:28:22 utils.py:131] === Checking the job status... ===
I 03-17 23:28:23 utils.py:137] Job status: JobStatus.RUNNING
I 03-17 23:28:23 utils.py:140] ==================================
I 03-17 23:28:43 utils.py:131] === Checking the job status... ===
I 03-17 23:28:44 utils.py:137] Job status: JobStatus.RUNNING
I 03-17 23:28:44 utils.py:140] ==================================
I 03-17 23:29:04 utils.py:131] === Checking the job status... ===
I 03-17 23:29:05 utils.py:137] Job status: JobStatus.RUNNING
I 03-17 23:29:05 utils.py:140] ==================================
I 03-17 23:29:25 utils.py:131] === Checking the job status... ===
I 03-17 23:29:26 utils.py:137] Job status: JobStatus.RUNNING
I 03-17 23:29:26 utils.py:140] ==================================
I 03-17 23:29:46 utils.py:131] === Checking the job status... ===
I 03-17 23:29:47 utils.py:137] Job status: JobStatus.RUNNING
I 03-17 23:29:47 utils.py:140] ==================================
I 03-17 23:30:07 utils.py:131] === Checking the job status... ===
I 03-17 23:30:08 utils.py:137] Job status: JobStatus.RUNNING
I 03-17 23:30:08 utils.py:140] ==================================
I 03-17 23:30:28 utils.py:131] === Checking the job status... ===
I 03-17 23:30:29 utils.py:137] Job status: JobStatus.RUNNING
I 03-17 23:30:29 utils.py:140] ==================================
I 03-17 23:30:49 utils.py:131] === Checking the job status... ===
I 03-17 23:30:50 utils.py:137] Job status: JobStatus.RUNNING
I 03-17 23:30:50 utils.py:140] ==================================
I 03-17 23:31:10 utils.py:131] === Checking the job status... ===
I 03-17 23:31:11 utils.py:137] Job status: JobStatus.RUNNING
I 03-17 23:31:11 utils.py:140] ==================================
I 03-17 23:31:31 utils.py:131] === Checking the job status... ===
I 03-17 23:31:32 utils.py:137] Job status: JobStatus.RUNNING
I 03-17 23:31:32 utils.py:140] ==================================
I 03-17 23:31:53 utils.py:131] === Checking the job status... ===
I 03-17 23:31:54 utils.py:137] Job status: JobStatus.RUNNING
I 03-17 23:31:54 utils.py:140] ==================================
I 03-17 23:32:14 utils.py:131] === Checking the job status... ===
I 03-17 23:32:15 utils.py:137] Job status: JobStatus.RUNNING
I 03-17 23:32:15 utils.py:140] ==================================
I 03-17 23:32:35 utils.py:131] === Checking the job status... ===
I 03-17 23:32:36 utils.py:137] Job status: JobStatus.RUNNING
I 03-17 23:32:36 utils.py:140] ==================================
I 03-17 23:32:56 utils.py:131] === Checking the job status... ===
I 03-17 23:32:57 utils.py:137] Job status: JobStatus.RUNNING
I 03-17 23:32:57 utils.py:140] ==================================
I 03-17 23:33:17 utils.py:131] === Checking the job status... ===
I 03-17 23:33:18 utils.py:137] Job status: JobStatus.RUNNING
I 03-17 23:33:18 utils.py:140] ==================================
I 03-17 23:33:38 utils.py:131] === Checking the job status... ===
I 03-17 23:33:39 utils.py:137] Job status: JobStatus.RUNNING
I 03-17 23:33:39 utils.py:140] ==================================
I 03-17 23:33:59 utils.py:131] === Checking the job status... ===
I 03-17 23:34:00 utils.py:137] Job status: JobStatus.RUNNING
I 03-17 23:34:00 utils.py:140] ==================================
I 03-17 23:34:20 utils.py:131] === Checking the job status... ===
I 03-17 23:34:21 utils.py:137] Job status: JobStatus.RUNNING
I 03-17 23:34:21 utils.py:140] ==================================
I 03-17 23:34:41 utils.py:131] === Checking the job status... ===
I 03-17 23:34:42 utils.py:137] Job status: JobStatus.RUNNING
I 03-17 23:34:42 utils.py:140] ==================================
I 03-17 23:35:02 utils.py:131] === Checking the job status... ===
I 03-17 23:35:03 utils.py:137] Job status: JobStatus.RUNNING
I 03-17 23:35:03 utils.py:140] ==================================
I 03-17 23:35:23 utils.py:131] === Checking the job status... ===
I 03-17 23:35:24 utils.py:137] Job status: JobStatus.RUNNING
I 03-17 23:35:24 utils.py:140] ==================================
I 03-17 23:35:45 utils.py:131] === Checking the job status... ===
I 03-17 23:35:46 utils.py:137] Job status: JobStatus.RUNNING
I 03-17 23:35:46 utils.py:140] ==================================
I 03-17 23:36:06 utils.py:131] === Checking the job status... ===
I 03-17 23:36:07 utils.py:137] Job status: JobStatus.RUNNING
I 03-17 23:36:07 utils.py:140] ==================================
I 03-17 23:36:27 utils.py:131] === Checking the job status... ===
I 03-17 23:36:28 utils.py:137] Job status: JobStatus.RUNNING
I 03-17 23:36:28 utils.py:140] ==================================
I 03-17 23:36:48 utils.py:131] === Checking the job status... ===
I 03-17 23:36:49 utils.py:137] Job status: JobStatus.RUNNING
I 03-17 23:36:49 utils.py:140] ==================================
I 03-17 23:37:09 utils.py:131] === Checking the job status... ===
I 03-17 23:37:10 utils.py:137] Job status: JobStatus.RUNNING
I 03-17 23:37:10 utils.py:140] ==================================
I 03-17 23:37:30 utils.py:131] === Checking the job status... ===
I 03-17 23:37:31 utils.py:137] Job status: JobStatus.RUNNING
I 03-17 23:37:31 utils.py:140] ==================================
I 03-17 23:37:51 utils.py:131] === Checking the job status... ===
I 03-17 23:37:52 utils.py:137] Job status: JobStatus.RUNNING
I 03-17 23:37:52 utils.py:140] ==================================
I 03-17 23:38:12 utils.py:131] === Checking the job status... ===
I 03-17 23:38:13 utils.py:137] Job status: JobStatus.RUNNING
I 03-17 23:38:13 utils.py:140] ==================================
I 03-17 23:38:33 utils.py:131] === Checking the job status... ===
I 03-17 23:38:34 utils.py:137] Job status: JobStatus.RUNNING
I 03-17 23:38:34 utils.py:140] ==================================
I 03-17 23:38:54 utils.py:131] === Checking the job status... ===
I 03-17 23:38:55 utils.py:137] Job status: JobStatus.RUNNING
I 03-17 23:38:55 utils.py:140] ==================================
I 03-17 23:39:16 utils.py:131] === Checking the job status... ===
I 03-17 23:39:17 utils.py:137] Job status: JobStatus.RUNNING
I 03-17 23:39:17 utils.py:140] ==================================
I 03-17 23:39:37 utils.py:131] === Checking the job status... ===
I 03-17 23:39:38 utils.py:137] Job status: JobStatus.RUNNING
I 03-17 23:39:38 utils.py:140] ==================================
I 03-17 23:39:58 utils.py:131] === Checking the job status... ===
I 03-17 23:39:59 utils.py:137] Job status: JobStatus.RUNNING
I 03-17 23:39:59 utils.py:140] ==================================
I 03-17 23:40:19 utils.py:131] === Checking the job status... ===
I 03-17 23:40:20 utils.py:137] Job status: JobStatus.RUNNING
I 03-17 23:40:20 utils.py:140] ==================================
I 03-17 23:40:40 utils.py:131] === Checking the job status... ===
I 03-17 23:40:41 utils.py:137] Job status: JobStatus.RUNNING
I 03-17 23:40:41 utils.py:140] ==================================
I 03-17 23:41:01 utils.py:131] === Checking the job status... ===
I 03-17 23:41:02 utils.py:137] Job status: JobStatus.RUNNING
I 03-17 23:41:02 utils.py:140] ==================================
I 03-17 23:41:22 utils.py:131] === Checking the job status... ===
I 03-17 23:41:23 utils.py:137] Job status: JobStatus.RUNNING
I 03-17 23:41:23 utils.py:140] ==================================
I 03-17 23:41:43 utils.py:131] === Checking the job status... ===
I 03-17 23:41:44 utils.py:137] Job status: JobStatus.RUNNING
I 03-17 23:41:44 utils.py:140] ==================================
I 03-17 23:42:04 utils.py:131] === Checking the job status... ===
I 03-17 23:42:05 utils.py:137] Job status: JobStatus.RUNNING
I 03-17 23:42:05 utils.py:140] ==================================
I 03-17 23:42:26 utils.py:131] === Checking the job status... ===
I 03-17 23:42:26 utils.py:137] Job status: JobStatus.RUNNING
I 03-17 23:42:26 utils.py:140] ==================================
I 03-17 23:42:47 utils.py:131] === Checking the job status... ===
I 03-17 23:42:48 utils.py:137] Job status: JobStatus.RUNNING
I 03-17 23:42:48 utils.py:140] ==================================
I 03-17 23:43:08 utils.py:131] === Checking the job status... ===
I 03-17 23:43:09 utils.py:137] Job status: JobStatus.RUNNING
I 03-17 23:43:09 utils.py:140] ==================================
I 03-17 23:43:29 utils.py:131] === Checking the job status... ===
I 03-17 23:43:30 utils.py:137] Job status: JobStatus.RUNNING
I 03-17 23:43:30 utils.py:140] ==================================
I 03-17 23:43:50 utils.py:131] === Checking the job status... ===
I 03-17 23:43:51 utils.py:137] Job status: JobStatus.RUNNING
I 03-17 23:43:51 utils.py:140] ==================================
I 03-17 23:44:11 utils.py:131] === Checking the job status... ===
I 03-17 23:44:12 utils.py:137] Job status: JobStatus.RUNNING
I 03-17 23:44:12 utils.py:140] ==================================
I 03-17 23:44:32 utils.py:131] === Checking the job status... ===
I 03-17 23:44:33 utils.py:137] Job status: JobStatus.RUNNING
I 03-17 23:44:33 utils.py:140] ==================================
I 03-17 23:44:53 utils.py:131] === Checking the job status... ===
I 03-17 23:44:54 utils.py:137] Job status: JobStatus.RUNNING
I 03-17 23:44:54 utils.py:140] ==================================
I 03-17 23:45:14 utils.py:131] === Checking the job status... ===
I 03-17 23:45:15 utils.py:137] Job status: JobStatus.RUNNING
I 03-17 23:45:15 utils.py:140] ==================================
I 03-17 23:45:35 utils.py:131] === Checking the job status... ===
I 03-17 23:45:36 utils.py:137] Job status: JobStatus.RUNNING
I 03-17 23:45:36 utils.py:140] ==================================
I 03-17 23:45:56 utils.py:131] === Checking the job status... ===
I 03-17 23:45:57 utils.py:137] Job status: JobStatus.RUNNING
I 03-17 23:45:57 utils.py:140] ==================================
