I 03-17 18:32:38 controller.py:59] DAG:
I 03-17 18:32:38 controller.py:59] [Task<name=compute-text-vectors>(run='# Initialize and dow...')
I 03-17 18:32:38 controller.py:59]   resources: AWS(cpus=4, {'L4': 1}, region=ap-northeast-2)]
I 03-17 18:32:38 controller.py:195] Submitted managed job 34 (task: 0, name: 'compute-text-vectors'); SKYPILOT_TASK_ID: sky-managed-2025-03-17-18-32-38-441745_compute-text-vectors_34-0
I 03-17 18:32:38 controller.py:199] Started monitoring.
I 03-17 18:32:38 state.py:451] Launching the spot cluster...
I 03-17 18:32:39 storage.py:1058] Storage type StoreType.S3 already exists.
<sky-payload>"<rich_init>[bold cyan]Optimizing[/]</rich_init>"</sky-payload>
<sky-payload>"<rich_update>[bold cyan]Optimizing[/]</rich_update>"</sky-payload>
<sky-payload>"<rich_start>[bold cyan]Optimizing[/]</rich_start>"</sky-payload>
I 03-17 18:32:40 optimizer.py:749] [1mEstimated cost: [0m$1.0 / hour
I 03-17 18:32:40 optimizer.py:749] 
I 03-17 18:32:40 optimizer.py:884] Considered resources (1 node):
I 03-17 18:32:40 optimizer.py:952] -------------------------------------------------------------------------------------------
I 03-17 18:32:40 optimizer.py:952]  CLOUD   INSTANCE    vCPUs   Mem(GB)   ACCELERATORS   REGION/ZONE      COST ($)   CHOSEN   
I 03-17 18:32:40 optimizer.py:952] -------------------------------------------------------------------------------------------
I 03-17 18:32:40 optimizer.py:952]  AWS     g6.xlarge   4       16        L4:1           ap-northeast-2   0.99       [32m   ✔[0m     
I 03-17 18:32:40 optimizer.py:952] -------------------------------------------------------------------------------------------
<sky-payload>"<rich_exit></rich_exit>"</sky-payload>
<sky-payload>"<rich_init>[bold cyan]Launching[/]</rich_init>"</sky-payload>
<sky-payload>"<rich_update>[bold cyan]Launching[/]</rich_update>"</sky-payload>
<sky-payload>"<rich_start>[bold cyan]Launching[/]</rich_start>"</sky-payload>
<sky-payload>"<rich_update>[bold cyan]Launching[/]  \u001b[2mView logs: sky api logs -l sky-2025-03-17-18-32-40-538257/provision.log\u001b[0m</rich_update>"</sky-payload>
<sky-payload>"<rich_update>[bold cyan]Launching[/]  \u001b[2mView logs: sky api logs -l sky-2025-03-17-18-32-40-538257/provision.log\u001b[0m</rich_update>"</sky-payload>
I 03-17 18:32:40 cloud_vm_ray_backend.py:1520] [0m⚙︎ Launching on AWS ap-northeast-2[0m (ap-northeast-2a,ap-northeast-2d).
[2mW 03-17 18:32:43 instance.py:243] create_instances: Attempt failed with An error occurred (InsufficientInstanceCapacity) when calling the RunInstances operation (reached max retries: 0): We currently do not have sufficient g6.xlarge capacity in the Availability Zone you requested (ap-northeast-2a). Our system will be working on provisioning additional capacity. You can currently get g6.xlarge capacity by not specifying an Availability Zone in your request or choosing ap-northeast-2d.[0m
<sky-payload>"<rich_update>[bold cyan]Launching - Checking instance status[/]  \u001b[2mView logs: sky api logs -l sky-2025-03-17-18-32-40-538257/provision.log\u001b[0m</rich_update>"</sky-payload>
<sky-payload>"<rich_update>[bold cyan]Launching - Waiting for SSH access[/]  \u001b[2mView logs: sky api logs -l sky-2025-03-17-18-32-40-538257/provision.log\u001b[0m</rich_update>"</sky-payload>
<sky-payload>"<rich_start>[bold cyan]Launching[/]</rich_start>"</sky-payload>
I 03-17 18:33:12 provisioner.py:451] [2m└── [0m[2mInstance is up.[0m
<sky-payload>"<rich_update>[bold cyan]Preparing SkyPilot runtime (1/3 - initializing)[/]  \u001b[2mView logs: sky api logs -l sky-2025-03-17-18-32-40-538257/provision.log\u001b[0m</rich_update>"</sky-payload>
<sky-payload>"<rich_update>[bold cyan]Preparing SkyPilot runtime (2/3 - dependencies)[/]  \u001b[2mView logs: sky api logs -l sky-2025-03-17-18-32-40-538257/provision.log\u001b[0m</rich_update>"</sky-payload>
<sky-payload>"<rich_update>[bold cyan]Preparing SkyPilot runtime (3/3 - runtime)[/]  \u001b[2mView logs: sky api logs -l sky-2025-03-17-18-32-40-538257/provision.log\u001b[0m</rich_update>"</sky-payload>
<sky-payload>"<rich_update>[bold cyan]Launching - Checking instance status[/]  \u001b[2mView logs: sky api logs -l sky-2025-03-17-18-32-40-538257/provision.log\u001b[0m</rich_update>"</sky-payload>
I 03-17 18:33:34 provisioner.py:632] [0m[32m✓ Cluster launched: compute-text-vectors-34.[0m  [2mView logs: sky api logs -l sky-2025-03-17-18-32-40-538257/provision.log[0m
<sky-payload>"<rich_exit></rich_exit>"</sky-payload>
I 03-17 18:33:34 execution.py:332] [0m⚙︎ Syncing files.
<sky-payload>"<rich_init>[bold cyan]Syncing files[/]</rich_init>"</sky-payload>
<sky-payload>"<rich_update>[bold cyan]Syncing files[/]</rich_update>"</sky-payload>
<sky-payload>"<rich_start>[bold cyan]Syncing files[/]</rich_start>"</sky-payload>
<sky-payload>"<rich_update>[bold cyan]Syncing file mounts[/]  \u001b[2mView logs: sky api logs -l sky-2025-03-17-18-32-40-538257/file_mounts.log\u001b[0m</rich_update>"</sky-payload>
I 03-17 18:33:35 backend_utils.py:1315]   [2mSyncing (to 1 node): s3://skypilot-filemounts-root-726f1974-excbpvk4/job-excbpvk4/workdir -> ~/sky_workdir[0m
I 03-17 18:33:38 cloud_vm_ray_backend.py:4801] [0m[32m✓ Synced file_mounts.[0m  [2mView logs: sky api logs -l sky-2025-03-17-18-32-40-538257/file_mounts.log[0m
<sky-payload>"<rich_update>[bold cyan]Mounting 1 storage[/]  \u001b[2mView logs: sky api logs -l sky-2025-03-17-18-32-40-538257/storage_mounts.log\u001b[0m</rich_update>"</sky-payload>
I 03-17 18:33:38 backend_utils.py:1315]   [2mMounting (to 1 node): s3://sky-text-embeddings-single-cluster-final -> /output[0m
I 03-17 18:33:41 cloud_vm_ray_backend.py:4892] [0m[32m✓ Storage mounted.[0m  [2mView logs: sky api logs -l sky-2025-03-17-18-32-40-538257/storage_mounts.log[0m
<sky-payload>"<rich_exit></rich_exit>"</sky-payload>
<sky-payload>"<rich_init>[bold cyan]Running setup[/]</rich_init>"</sky-payload>
<sky-payload>"<rich_update>[bold cyan]Running setup[/]</rich_update>"</sky-payload>
<sky-payload>"<rich_start>[bold cyan]Running setup[/]</rich_start>"</sky-payload>
<sky-payload>"<rich_stop></rich_stop>"</sky-payload>
I 03-17 18:33:42 cloud_vm_ray_backend.py:3357] [0m[32m✓ Setup detached.[0m
<sky-payload>"<rich_exit></rich_exit>"</sky-payload>
<sky-payload>"<rich_init>[bold cyan]Submitting job[/]</rich_init>"</sky-payload>
<sky-payload>"<rich_update>[bold cyan]Submitting job[/]</rich_update>"</sky-payload>
<sky-payload>"<rich_start>[bold cyan]Submitting job[/]</rich_start>"</sky-payload>
I 03-17 18:33:43 cloud_vm_ray_backend.py:3460] [0m⚙︎ Job submitted, ID: 1
<sky-payload>"<rich_stop></rich_stop>"</sky-payload>
<sky-payload>"<rich_exit></rich_exit>"</sky-payload>

[?25hI 03-17 18:33:44 recovery_strategy.py:289] Managed job cluster launched.
I 03-17 18:33:47 utils.py:131] === Checking the job status... ===
I 03-17 18:33:47 utils.py:137] Job status: JobStatus.SETTING_UP
I 03-17 18:33:47 utils.py:140] ==================================
I 03-17 18:33:48 state.py:471] Job started.
I 03-17 18:34:08 utils.py:131] === Checking the job status... ===
I 03-17 18:34:09 utils.py:137] Job status: JobStatus.SETTING_UP
I 03-17 18:34:09 utils.py:140] ==================================
I 03-17 18:34:29 utils.py:131] === Checking the job status... ===
I 03-17 18:34:30 utils.py:137] Job status: JobStatus.SETTING_UP
I 03-17 18:34:30 utils.py:140] ==================================
I 03-17 18:34:50 utils.py:131] === Checking the job status... ===
I 03-17 18:34:50 utils.py:137] Job status: JobStatus.SETTING_UP
I 03-17 18:34:50 utils.py:140] ==================================
I 03-17 18:35:10 utils.py:131] === Checking the job status... ===
I 03-17 18:35:11 utils.py:137] Job status: JobStatus.SETTING_UP
I 03-17 18:35:11 utils.py:140] ==================================
I 03-17 18:35:31 utils.py:131] === Checking the job status... ===
I 03-17 18:35:32 utils.py:137] Job status: JobStatus.SETTING_UP
I 03-17 18:35:32 utils.py:140] ==================================
I 03-17 18:35:52 utils.py:131] === Checking the job status... ===
I 03-17 18:35:52 utils.py:137] Job status: JobStatus.SETTING_UP
I 03-17 18:35:52 utils.py:140] ==================================
I 03-17 18:36:13 utils.py:131] === Checking the job status... ===
I 03-17 18:36:13 utils.py:137] Job status: JobStatus.RUNNING
I 03-17 18:36:13 utils.py:140] ==================================
I 03-17 18:36:33 utils.py:131] === Checking the job status... ===
I 03-17 18:36:34 utils.py:137] Job status: JobStatus.RUNNING
I 03-17 18:36:34 utils.py:140] ==================================
I 03-17 18:36:54 utils.py:131] === Checking the job status... ===
I 03-17 18:36:55 utils.py:137] Job status: JobStatus.RUNNING
I 03-17 18:36:55 utils.py:140] ==================================
I 03-17 18:37:15 utils.py:131] === Checking the job status... ===
I 03-17 18:37:16 utils.py:137] Job status: JobStatus.RUNNING
I 03-17 18:37:16 utils.py:140] ==================================
I 03-17 18:37:36 utils.py:131] === Checking the job status... ===
I 03-17 18:37:37 utils.py:137] Job status: JobStatus.RUNNING
I 03-17 18:37:37 utils.py:140] ==================================
I 03-17 18:37:57 utils.py:131] === Checking the job status... ===
I 03-17 18:37:58 utils.py:137] Job status: JobStatus.RUNNING
I 03-17 18:37:58 utils.py:140] ==================================
I 03-17 18:38:18 utils.py:131] === Checking the job status... ===
I 03-17 18:38:18 utils.py:137] Job status: JobStatus.RUNNING
I 03-17 18:38:18 utils.py:140] ==================================
I 03-17 18:38:38 utils.py:131] === Checking the job status... ===
I 03-17 18:38:39 utils.py:137] Job status: JobStatus.RUNNING
I 03-17 18:38:39 utils.py:140] ==================================
I 03-17 18:38:59 utils.py:131] === Checking the job status... ===
I 03-17 18:39:00 utils.py:137] Job status: JobStatus.RUNNING
I 03-17 18:39:00 utils.py:140] ==================================
I 03-17 18:39:20 utils.py:131] === Checking the job status... ===
I 03-17 18:39:21 utils.py:137] Job status: JobStatus.RUNNING
I 03-17 18:39:21 utils.py:140] ==================================
I 03-17 18:39:41 utils.py:131] === Checking the job status... ===
I 03-17 18:39:44 utils.py:137] Job status: JobStatus.RUNNING
I 03-17 18:39:44 utils.py:140] ==================================
I 03-17 18:40:04 utils.py:131] === Checking the job status... ===
I 03-17 18:40:08 utils.py:137] Job status: JobStatus.RUNNING
I 03-17 18:40:08 utils.py:140] ==================================
I 03-17 18:40:28 utils.py:131] === Checking the job status... ===
I 03-17 18:40:29 utils.py:137] Job status: JobStatus.RUNNING
I 03-17 18:40:29 utils.py:140] ==================================
I 03-17 18:40:49 utils.py:131] === Checking the job status... ===
I 03-17 18:40:50 utils.py:137] Job status: JobStatus.RUNNING
I 03-17 18:40:50 utils.py:140] ==================================
I 03-17 18:41:10 utils.py:131] === Checking the job status... ===
I 03-17 18:41:10 utils.py:137] Job status: JobStatus.RUNNING
I 03-17 18:41:10 utils.py:140] ==================================
I 03-17 18:41:30 utils.py:131] === Checking the job status... ===
I 03-17 18:41:31 utils.py:137] Job status: JobStatus.RUNNING
I 03-17 18:41:31 utils.py:140] ==================================
I 03-17 18:41:51 utils.py:131] === Checking the job status... ===
I 03-17 18:41:52 utils.py:137] Job status: JobStatus.RUNNING
I 03-17 18:41:52 utils.py:140] ==================================
I 03-17 18:42:12 utils.py:131] === Checking the job status... ===
I 03-17 18:42:12 utils.py:137] Job status: JobStatus.RUNNING
I 03-17 18:42:12 utils.py:140] ==================================
I 03-17 18:42:33 utils.py:131] === Checking the job status... ===
I 03-17 18:42:33 utils.py:137] Job status: JobStatus.RUNNING
I 03-17 18:42:33 utils.py:140] ==================================
I 03-17 18:42:53 utils.py:131] === Checking the job status... ===
I 03-17 18:42:54 utils.py:137] Job status: JobStatus.RUNNING
I 03-17 18:42:54 utils.py:140] ==================================
I 03-17 18:43:14 utils.py:131] === Checking the job status... ===
I 03-17 18:43:15 utils.py:137] Job status: JobStatus.RUNNING
I 03-17 18:43:15 utils.py:140] ==================================
I 03-17 18:43:35 utils.py:131] === Checking the job status... ===
I 03-17 18:43:35 utils.py:137] Job status: JobStatus.RUNNING
I 03-17 18:43:35 utils.py:140] ==================================
I 03-17 18:43:55 utils.py:131] === Checking the job status... ===
I 03-17 18:43:56 utils.py:137] Job status: JobStatus.RUNNING
I 03-17 18:43:56 utils.py:140] ==================================
I 03-17 18:44:16 utils.py:131] === Checking the job status... ===
I 03-17 18:44:17 utils.py:137] Job status: JobStatus.RUNNING
I 03-17 18:44:17 utils.py:140] ==================================
I 03-17 18:44:37 utils.py:131] === Checking the job status... ===
I 03-17 18:44:38 utils.py:137] Job status: JobStatus.RUNNING
I 03-17 18:44:38 utils.py:140] ==================================
I 03-17 18:44:58 utils.py:131] === Checking the job status... ===
I 03-17 18:44:58 utils.py:137] Job status: JobStatus.RUNNING
I 03-17 18:44:58 utils.py:140] ==================================
I 03-17 18:45:18 utils.py:131] === Checking the job status... ===
I 03-17 18:45:19 utils.py:137] Job status: JobStatus.RUNNING
I 03-17 18:45:19 utils.py:140] ==================================
I 03-17 18:45:39 utils.py:131] === Checking the job status... ===
I 03-17 18:45:40 utils.py:137] Job status: JobStatus.RUNNING
I 03-17 18:45:40 utils.py:140] ==================================
I 03-17 18:46:00 utils.py:131] === Checking the job status... ===
I 03-17 18:46:00 utils.py:137] Job status: JobStatus.RUNNING
I 03-17 18:46:00 utils.py:140] ==================================
I 03-17 18:46:20 utils.py:131] === Checking the job status... ===
I 03-17 18:46:21 utils.py:137] Job status: JobStatus.RUNNING
I 03-17 18:46:21 utils.py:140] ==================================
I 03-17 18:46:41 utils.py:131] === Checking the job status... ===
I 03-17 18:46:42 utils.py:137] Job status: JobStatus.RUNNING
I 03-17 18:46:42 utils.py:140] ==================================
I 03-17 18:47:02 utils.py:131] === Checking the job status... ===
I 03-17 18:47:02 utils.py:137] Job status: JobStatus.RUNNING
I 03-17 18:47:02 utils.py:140] ==================================
I 03-17 18:47:22 utils.py:131] === Checking the job status... ===
I 03-17 18:47:23 utils.py:137] Job status: JobStatus.RUNNING
I 03-17 18:47:23 utils.py:140] ==================================
I 03-17 18:47:43 utils.py:131] === Checking the job status... ===
I 03-17 18:47:44 utils.py:137] Job status: JobStatus.RUNNING
I 03-17 18:47:44 utils.py:140] ==================================
I 03-17 18:48:04 utils.py:131] === Checking the job status... ===
I 03-17 18:48:04 utils.py:137] Job status: JobStatus.RUNNING
I 03-17 18:48:04 utils.py:140] ==================================
I 03-17 18:48:24 utils.py:131] === Checking the job status... ===
I 03-17 18:48:25 utils.py:137] Job status: JobStatus.RUNNING
I 03-17 18:48:25 utils.py:140] ==================================
I 03-17 18:48:45 utils.py:131] === Checking the job status... ===
I 03-17 18:48:46 utils.py:137] Job status: JobStatus.RUNNING
I 03-17 18:48:46 utils.py:140] ==================================
I 03-17 18:49:06 utils.py:131] === Checking the job status... ===
I 03-17 18:49:06 utils.py:137] Job status: JobStatus.RUNNING
I 03-17 18:49:06 utils.py:140] ==================================
I 03-17 18:49:27 utils.py:131] === Checking the job status... ===
I 03-17 18:49:27 utils.py:137] Job status: JobStatus.RUNNING
I 03-17 18:49:27 utils.py:140] ==================================
I 03-17 18:49:47 utils.py:131] === Checking the job status... ===
I 03-17 18:49:48 utils.py:137] Job status: JobStatus.RUNNING
I 03-17 18:49:48 utils.py:140] ==================================
I 03-17 18:50:08 utils.py:131] === Checking the job status... ===
I 03-17 18:50:09 utils.py:137] Job status: JobStatus.RUNNING
I 03-17 18:50:09 utils.py:140] ==================================
I 03-17 18:50:29 utils.py:131] === Checking the job status... ===
I 03-17 18:50:29 utils.py:137] Job status: JobStatus.RUNNING
I 03-17 18:50:29 utils.py:140] ==================================
I 03-17 18:50:49 utils.py:131] === Checking the job status... ===
I 03-17 18:50:50 utils.py:137] Job status: JobStatus.RUNNING
I 03-17 18:50:50 utils.py:140] ==================================
I 03-17 18:51:10 utils.py:131] === Checking the job status... ===
I 03-17 18:51:11 utils.py:137] Job status: JobStatus.RUNNING
I 03-17 18:51:11 utils.py:140] ==================================
I 03-17 18:51:31 utils.py:131] === Checking the job status... ===
I 03-17 18:51:31 utils.py:137] Job status: JobStatus.RUNNING
I 03-17 18:51:31 utils.py:140] ==================================
I 03-17 18:51:51 utils.py:131] === Checking the job status... ===
I 03-17 18:51:52 utils.py:137] Job status: JobStatus.RUNNING
I 03-17 18:51:52 utils.py:140] ==================================
I 03-17 18:52:12 utils.py:131] === Checking the job status... ===
I 03-17 18:52:13 utils.py:137] Job status: JobStatus.RUNNING
I 03-17 18:52:13 utils.py:140] ==================================
I 03-17 18:52:33 utils.py:131] === Checking the job status... ===
I 03-17 18:52:33 utils.py:137] Job status: JobStatus.RUNNING
I 03-17 18:52:33 utils.py:140] ==================================
I 03-17 18:52:53 utils.py:131] === Checking the job status... ===
I 03-17 18:52:54 utils.py:137] Job status: JobStatus.RUNNING
I 03-17 18:52:54 utils.py:140] ==================================
I 03-17 18:53:14 utils.py:131] === Checking the job status... ===
I 03-17 18:53:15 utils.py:137] Job status: JobStatus.RUNNING
I 03-17 18:53:15 utils.py:140] ==================================
I 03-17 18:53:35 utils.py:131] === Checking the job status... ===
I 03-17 18:53:35 utils.py:137] Job status: JobStatus.RUNNING
I 03-17 18:53:35 utils.py:140] ==================================
I 03-17 18:53:55 utils.py:131] === Checking the job status... ===
I 03-17 18:53:56 utils.py:137] Job status: JobStatus.RUNNING
I 03-17 18:53:56 utils.py:140] ==================================
I 03-17 18:54:16 utils.py:131] === Checking the job status... ===
I 03-17 18:54:17 utils.py:137] Job status: JobStatus.RUNNING
I 03-17 18:54:17 utils.py:140] ==================================
I 03-17 18:54:37 utils.py:131] === Checking the job status... ===
I 03-17 18:54:37 utils.py:137] Job status: JobStatus.RUNNING
I 03-17 18:54:37 utils.py:140] ==================================
I 03-17 18:54:58 utils.py:131] === Checking the job status... ===
I 03-17 18:54:58 utils.py:137] Job status: JobStatus.RUNNING
I 03-17 18:54:58 utils.py:140] ==================================
I 03-17 18:55:18 utils.py:131] === Checking the job status... ===
I 03-17 18:55:19 utils.py:137] Job status: JobStatus.RUNNING
I 03-17 18:55:19 utils.py:140] ==================================
I 03-17 18:55:39 utils.py:131] === Checking the job status... ===
I 03-17 18:55:40 utils.py:137] Job status: JobStatus.RUNNING
I 03-17 18:55:40 utils.py:140] ==================================
I 03-17 18:56:00 utils.py:131] === Checking the job status... ===
I 03-17 18:56:00 utils.py:137] Job status: JobStatus.RUNNING
I 03-17 18:56:00 utils.py:140] ==================================
I 03-17 18:56:20 utils.py:131] === Checking the job status... ===
I 03-17 18:56:21 utils.py:137] Job status: JobStatus.RUNNING
I 03-17 18:56:21 utils.py:140] ==================================
I 03-17 18:56:41 utils.py:131] === Checking the job status... ===
I 03-17 18:56:42 utils.py:137] Job status: JobStatus.RUNNING
I 03-17 18:56:42 utils.py:140] ==================================
I 03-17 18:57:02 utils.py:131] === Checking the job status... ===
I 03-17 18:57:02 utils.py:137] Job status: JobStatus.RUNNING
I 03-17 18:57:02 utils.py:140] ==================================
I 03-17 18:57:22 utils.py:131] === Checking the job status... ===
I 03-17 18:57:23 utils.py:137] Job status: JobStatus.RUNNING
I 03-17 18:57:23 utils.py:140] ==================================
I 03-17 18:57:43 utils.py:131] === Checking the job status... ===
I 03-17 18:57:44 utils.py:137] Job status: JobStatus.RUNNING
I 03-17 18:57:44 utils.py:140] ==================================
I 03-17 18:58:04 utils.py:131] === Checking the job status... ===
I 03-17 18:58:04 utils.py:137] Job status: JobStatus.RUNNING
I 03-17 18:58:04 utils.py:140] ==================================
I 03-17 18:58:24 utils.py:131] === Checking the job status... ===
I 03-17 18:58:25 utils.py:137] Job status: JobStatus.RUNNING
I 03-17 18:58:25 utils.py:140] ==================================
I 03-17 18:58:45 utils.py:131] === Checking the job status... ===
I 03-17 18:58:46 utils.py:137] Job status: JobStatus.RUNNING
I 03-17 18:58:46 utils.py:140] ==================================
I 03-17 18:59:06 utils.py:131] === Checking the job status... ===
I 03-17 18:59:06 utils.py:137] Job status: JobStatus.RUNNING
I 03-17 18:59:06 utils.py:140] ==================================
I 03-17 18:59:27 utils.py:131] === Checking the job status... ===
I 03-17 18:59:27 utils.py:137] Job status: JobStatus.RUNNING
I 03-17 18:59:27 utils.py:140] ==================================
I 03-17 18:59:47 utils.py:131] === Checking the job status... ===
I 03-17 18:59:48 utils.py:137] Job status: JobStatus.RUNNING
I 03-17 18:59:48 utils.py:140] ==================================
I 03-17 19:00:08 utils.py:131] === Checking the job status... ===
I 03-17 19:00:09 utils.py:137] Job status: JobStatus.RUNNING
I 03-17 19:00:09 utils.py:140] ==================================
I 03-17 19:00:29 utils.py:131] === Checking the job status... ===
I 03-17 19:00:29 utils.py:137] Job status: JobStatus.RUNNING
I 03-17 19:00:29 utils.py:140] ==================================
I 03-17 19:00:49 utils.py:131] === Checking the job status... ===
I 03-17 19:00:50 utils.py:137] Job status: JobStatus.RUNNING
I 03-17 19:00:50 utils.py:140] ==================================
I 03-17 19:01:10 utils.py:131] === Checking the job status... ===
I 03-17 19:01:11 utils.py:137] Job status: JobStatus.RUNNING
I 03-17 19:01:11 utils.py:140] ==================================
I 03-17 19:01:31 utils.py:131] === Checking the job status... ===
I 03-17 19:01:32 utils.py:137] Job status: JobStatus.RUNNING
I 03-17 19:01:32 utils.py:140] ==================================
I 03-17 19:01:52 utils.py:131] === Checking the job status... ===
I 03-17 19:01:52 utils.py:137] Job status: JobStatus.RUNNING
I 03-17 19:01:52 utils.py:140] ==================================
I 03-17 19:02:12 utils.py:131] === Checking the job status... ===
I 03-17 19:02:13 utils.py:137] Job status: JobStatus.RUNNING
I 03-17 19:02:13 utils.py:140] ==================================
I 03-17 19:02:33 utils.py:131] === Checking the job status... ===
I 03-17 19:02:34 utils.py:137] Job status: JobStatus.RUNNING
I 03-17 19:02:34 utils.py:140] ==================================
I 03-17 19:02:54 utils.py:131] === Checking the job status... ===
I 03-17 19:02:54 utils.py:137] Job status: JobStatus.RUNNING
I 03-17 19:02:54 utils.py:140] ==================================
I 03-17 19:03:14 utils.py:131] === Checking the job status... ===
I 03-17 19:03:15 utils.py:137] Job status: JobStatus.RUNNING
I 03-17 19:03:15 utils.py:140] ==================================
I 03-17 19:03:35 utils.py:131] === Checking the job status... ===
I 03-17 19:03:36 utils.py:137] Job status: JobStatus.RUNNING
I 03-17 19:03:36 utils.py:140] ==================================
I 03-17 19:03:56 utils.py:131] === Checking the job status... ===
I 03-17 19:03:56 utils.py:137] Job status: JobStatus.RUNNING
I 03-17 19:03:56 utils.py:140] ==================================
I 03-17 19:04:17 utils.py:131] === Checking the job status... ===
I 03-17 19:04:17 utils.py:137] Job status: JobStatus.RUNNING
I 03-17 19:04:17 utils.py:140] ==================================
I 03-17 19:04:37 utils.py:131] === Checking the job status... ===
I 03-17 19:04:38 utils.py:137] Job status: JobStatus.RUNNING
I 03-17 19:04:38 utils.py:140] ==================================
I 03-17 19:04:58 utils.py:131] === Checking the job status... ===
I 03-17 19:04:59 utils.py:137] Job status: JobStatus.RUNNING
I 03-17 19:04:59 utils.py:140] ==================================
I 03-17 19:05:19 utils.py:131] === Checking the job status... ===
I 03-17 19:05:19 utils.py:137] Job status: JobStatus.RUNNING
I 03-17 19:05:19 utils.py:140] ==================================
I 03-17 19:05:39 utils.py:131] === Checking the job status... ===
I 03-17 19:05:40 utils.py:137] Job status: JobStatus.RUNNING
I 03-17 19:05:40 utils.py:140] ==================================
I 03-17 19:06:00 utils.py:131] === Checking the job status... ===
I 03-17 19:06:01 utils.py:137] Job status: JobStatus.RUNNING
I 03-17 19:06:01 utils.py:140] ==================================
I 03-17 19:06:21 utils.py:131] === Checking the job status... ===
I 03-17 19:06:21 utils.py:137] Job status: JobStatus.RUNNING
I 03-17 19:06:21 utils.py:140] ==================================
I 03-17 19:06:41 utils.py:131] === Checking the job status... ===
I 03-17 19:06:42 utils.py:137] Job status: JobStatus.RUNNING
I 03-17 19:06:42 utils.py:140] ==================================
I 03-17 19:07:02 utils.py:131] === Checking the job status... ===
I 03-17 19:07:03 utils.py:137] Job status: JobStatus.RUNNING
I 03-17 19:07:03 utils.py:140] ==================================
I 03-17 19:07:23 utils.py:131] === Checking the job status... ===
I 03-17 19:07:23 utils.py:137] Job status: JobStatus.RUNNING
I 03-17 19:07:23 utils.py:140] ==================================
I 03-17 19:07:44 utils.py:131] === Checking the job status... ===
I 03-17 19:07:44 utils.py:137] Job status: JobStatus.RUNNING
I 03-17 19:07:44 utils.py:140] ==================================
I 03-17 19:08:04 utils.py:131] === Checking the job status... ===
I 03-17 19:08:05 utils.py:137] Job status: JobStatus.RUNNING
I 03-17 19:08:05 utils.py:140] ==================================
I 03-17 19:08:25 utils.py:131] === Checking the job status... ===
I 03-17 19:08:25 utils.py:137] Job status: JobStatus.RUNNING
I 03-17 19:08:25 utils.py:140] ==================================
I 03-17 19:08:46 utils.py:131] === Checking the job status... ===
I 03-17 19:08:46 utils.py:137] Job status: JobStatus.RUNNING
I 03-17 19:08:46 utils.py:140] ==================================
I 03-17 19:09:06 utils.py:131] === Checking the job status... ===
I 03-17 19:09:07 utils.py:137] Job status: JobStatus.RUNNING
I 03-17 19:09:07 utils.py:140] ==================================
I 03-17 19:09:27 utils.py:131] === Checking the job status... ===
I 03-17 19:09:28 utils.py:137] Job status: JobStatus.RUNNING
I 03-17 19:09:28 utils.py:140] ==================================
I 03-17 19:09:48 utils.py:131] === Checking the job status... ===
I 03-17 19:09:48 utils.py:137] Job status: JobStatus.RUNNING
I 03-17 19:09:48 utils.py:140] ==================================
I 03-17 19:10:09 utils.py:131] === Checking the job status... ===
I 03-17 19:10:09 utils.py:137] Job status: JobStatus.RUNNING
I 03-17 19:10:09 utils.py:140] ==================================
I 03-17 19:10:29 utils.py:131] === Checking the job status... ===
I 03-17 19:10:30 utils.py:137] Job status: JobStatus.RUNNING
I 03-17 19:10:30 utils.py:140] ==================================
I 03-17 19:10:50 utils.py:131] === Checking the job status... ===
I 03-17 19:10:50 utils.py:137] Job status: JobStatus.RUNNING
I 03-17 19:10:50 utils.py:140] ==================================
I 03-17 19:11:11 utils.py:131] === Checking the job status... ===
I 03-17 19:11:11 utils.py:137] Job status: JobStatus.RUNNING
I 03-17 19:11:11 utils.py:140] ==================================
I 03-17 19:11:31 utils.py:131] === Checking the job status... ===
I 03-17 19:11:32 utils.py:137] Job status: JobStatus.RUNNING
I 03-17 19:11:32 utils.py:140] ==================================
I 03-17 19:11:52 utils.py:131] === Checking the job status... ===
I 03-17 19:11:53 utils.py:137] Job status: JobStatus.RUNNING
I 03-17 19:11:53 utils.py:140] ==================================
I 03-17 19:12:13 utils.py:131] === Checking the job status... ===
I 03-17 19:12:13 utils.py:137] Job status: JobStatus.RUNNING
I 03-17 19:12:13 utils.py:140] ==================================
I 03-17 19:12:33 utils.py:131] === Checking the job status... ===
I 03-17 19:12:34 utils.py:137] Job status: JobStatus.RUNNING
I 03-17 19:12:34 utils.py:140] ==================================
I 03-17 19:12:54 utils.py:131] === Checking the job status... ===
I 03-17 19:12:55 utils.py:137] Job status: JobStatus.RUNNING
I 03-17 19:12:55 utils.py:140] ==================================
I 03-17 19:13:15 utils.py:131] === Checking the job status... ===
I 03-17 19:13:15 utils.py:137] Job status: JobStatus.RUNNING
I 03-17 19:13:15 utils.py:140] ==================================
I 03-17 19:13:36 utils.py:131] === Checking the job status... ===
I 03-17 19:13:36 utils.py:137] Job status: JobStatus.RUNNING
I 03-17 19:13:36 utils.py:140] ==================================
I 03-17 19:13:56 utils.py:131] === Checking the job status... ===
I 03-17 19:13:57 utils.py:137] Job status: JobStatus.RUNNING
I 03-17 19:13:57 utils.py:140] ==================================
I 03-17 19:14:17 utils.py:131] === Checking the job status... ===
I 03-17 19:14:18 utils.py:137] Job status: JobStatus.RUNNING
I 03-17 19:14:18 utils.py:140] ==================================
I 03-17 19:14:38 utils.py:131] === Checking the job status... ===
I 03-17 19:14:38 utils.py:137] Job status: JobStatus.RUNNING
I 03-17 19:14:38 utils.py:140] ==================================
I 03-17 19:14:58 utils.py:131] === Checking the job status... ===
I 03-17 19:14:59 utils.py:137] Job status: JobStatus.RUNNING
I 03-17 19:14:59 utils.py:140] ==================================
I 03-17 19:15:19 utils.py:131] === Checking the job status... ===
I 03-17 19:15:20 utils.py:137] Job status: JobStatus.RUNNING
I 03-17 19:15:20 utils.py:140] ==================================
I 03-17 19:15:40 utils.py:131] === Checking the job status... ===
I 03-17 19:15:40 utils.py:137] Job status: JobStatus.RUNNING
I 03-17 19:15:40 utils.py:140] ==================================
I 03-17 19:16:01 utils.py:131] === Checking the job status... ===
I 03-17 19:16:01 utils.py:137] Job status: JobStatus.RUNNING
I 03-17 19:16:01 utils.py:140] ==================================
I 03-17 19:16:21 utils.py:131] === Checking the job status... ===
I 03-17 19:16:22 utils.py:137] Job status: JobStatus.RUNNING
I 03-17 19:16:22 utils.py:140] ==================================
I 03-17 19:16:42 utils.py:131] === Checking the job status... ===
I 03-17 19:16:43 utils.py:137] Job status: JobStatus.RUNNING
I 03-17 19:16:43 utils.py:140] ==================================
I 03-17 19:17:03 utils.py:131] === Checking the job status... ===
I 03-17 19:17:03 utils.py:137] Job status: JobStatus.RUNNING
I 03-17 19:17:03 utils.py:140] ==================================
I 03-17 19:17:23 utils.py:131] === Checking the job status... ===
I 03-17 19:17:24 utils.py:137] Job status: JobStatus.RUNNING
I 03-17 19:17:24 utils.py:140] ==================================
I 03-17 19:17:44 utils.py:131] === Checking the job status... ===
I 03-17 19:17:45 utils.py:137] Job status: JobStatus.RUNNING
I 03-17 19:17:45 utils.py:140] ==================================
I 03-17 19:18:05 utils.py:131] === Checking the job status... ===
I 03-17 19:18:05 utils.py:137] Job status: JobStatus.RUNNING
I 03-17 19:18:05 utils.py:140] ==================================
I 03-17 19:18:26 utils.py:131] === Checking the job status... ===
I 03-17 19:18:26 utils.py:137] Job status: JobStatus.RUNNING
I 03-17 19:18:26 utils.py:140] ==================================
I 03-17 19:18:46 utils.py:131] === Checking the job status... ===
I 03-17 19:18:47 utils.py:137] Job status: JobStatus.RUNNING
I 03-17 19:18:47 utils.py:140] ==================================
I 03-17 19:19:07 utils.py:131] === Checking the job status... ===
I 03-17 19:19:08 utils.py:137] Job status: JobStatus.RUNNING
I 03-17 19:19:08 utils.py:140] ==================================
I 03-17 19:19:28 utils.py:131] === Checking the job status... ===
I 03-17 19:19:28 utils.py:137] Job status: JobStatus.RUNNING
I 03-17 19:19:28 utils.py:140] ==================================
I 03-17 19:19:48 utils.py:131] === Checking the job status... ===
I 03-17 19:19:49 utils.py:137] Job status: JobStatus.RUNNING
I 03-17 19:19:49 utils.py:140] ==================================
I 03-17 19:20:09 utils.py:131] === Checking the job status... ===
I 03-17 19:20:10 utils.py:137] Job status: JobStatus.RUNNING
I 03-17 19:20:10 utils.py:140] ==================================
I 03-17 19:20:30 utils.py:131] === Checking the job status... ===
I 03-17 19:20:31 utils.py:137] Job status: JobStatus.RUNNING
I 03-17 19:20:31 utils.py:140] ==================================
I 03-17 19:20:51 utils.py:131] === Checking the job status... ===
I 03-17 19:20:51 utils.py:137] Job status: JobStatus.RUNNING
I 03-17 19:20:51 utils.py:140] ==================================
I 03-17 19:21:11 utils.py:131] === Checking the job status... ===
I 03-17 19:21:12 utils.py:137] Job status: JobStatus.RUNNING
I 03-17 19:21:12 utils.py:140] ==================================
I 03-17 19:21:32 utils.py:131] === Checking the job status... ===
I 03-17 19:21:33 utils.py:137] Job status: JobStatus.RUNNING
I 03-17 19:21:33 utils.py:140] ==================================
I 03-17 19:21:53 utils.py:131] === Checking the job status... ===
I 03-17 19:21:53 utils.py:137] Job status: JobStatus.RUNNING
I 03-17 19:21:53 utils.py:140] ==================================
I 03-17 19:22:14 utils.py:131] === Checking the job status... ===
I 03-17 19:22:14 utils.py:137] Job status: JobStatus.RUNNING
I 03-17 19:22:14 utils.py:140] ==================================
I 03-17 19:22:34 utils.py:131] === Checking the job status... ===
I 03-17 19:22:35 utils.py:137] Job status: JobStatus.RUNNING
I 03-17 19:22:35 utils.py:140] ==================================
I 03-17 19:22:55 utils.py:131] === Checking the job status... ===
I 03-17 19:22:56 utils.py:137] Job status: JobStatus.RUNNING
I 03-17 19:22:56 utils.py:140] ==================================
I 03-17 19:23:16 utils.py:131] === Checking the job status... ===
I 03-17 19:23:16 utils.py:137] Job status: JobStatus.RUNNING
I 03-17 19:23:16 utils.py:140] ==================================
I 03-17 19:23:36 utils.py:131] === Checking the job status... ===
I 03-17 19:23:37 utils.py:137] Job status: JobStatus.RUNNING
I 03-17 19:23:37 utils.py:140] ==================================
I 03-17 19:23:57 utils.py:131] === Checking the job status... ===
I 03-17 19:23:58 utils.py:137] Job status: JobStatus.RUNNING
I 03-17 19:23:58 utils.py:140] ==================================
I 03-17 19:24:18 utils.py:131] === Checking the job status... ===
I 03-17 19:24:18 utils.py:137] Job status: JobStatus.RUNNING
I 03-17 19:24:18 utils.py:140] ==================================
I 03-17 19:24:39 utils.py:131] === Checking the job status... ===
I 03-17 19:24:39 utils.py:137] Job status: JobStatus.RUNNING
I 03-17 19:24:39 utils.py:140] ==================================
I 03-17 19:24:59 utils.py:131] === Checking the job status... ===
I 03-17 19:25:00 utils.py:137] Job status: JobStatus.RUNNING
I 03-17 19:25:00 utils.py:140] ==================================
I 03-17 19:25:20 utils.py:131] === Checking the job status... ===
I 03-17 19:25:21 utils.py:137] Job status: JobStatus.RUNNING
I 03-17 19:25:21 utils.py:140] ==================================
I 03-17 19:25:41 utils.py:131] === Checking the job status... ===
I 03-17 19:25:41 utils.py:137] Job status: JobStatus.RUNNING
I 03-17 19:25:41 utils.py:140] ==================================
I 03-17 19:26:01 utils.py:131] === Checking the job status... ===
I 03-17 19:26:02 utils.py:137] Job status: JobStatus.RUNNING
I 03-17 19:26:02 utils.py:140] ==================================
I 03-17 19:26:22 utils.py:131] === Checking the job status... ===
I 03-17 19:26:23 utils.py:137] Job status: JobStatus.RUNNING
I 03-17 19:26:23 utils.py:140] ==================================
I 03-17 19:26:43 utils.py:131] === Checking the job status... ===
I 03-17 19:26:44 utils.py:137] Job status: JobStatus.RUNNING
I 03-17 19:26:44 utils.py:140] ==================================
I 03-17 19:27:04 utils.py:131] === Checking the job status... ===
I 03-17 19:27:04 utils.py:137] Job status: JobStatus.RUNNING
I 03-17 19:27:04 utils.py:140] ==================================
I 03-17 19:27:24 utils.py:131] === Checking the job status... ===
I 03-17 19:27:25 utils.py:137] Job status: JobStatus.RUNNING
I 03-17 19:27:25 utils.py:140] ==================================
I 03-17 19:27:45 utils.py:131] === Checking the job status... ===
I 03-17 19:27:46 utils.py:137] Job status: JobStatus.RUNNING
I 03-17 19:27:46 utils.py:140] ==================================
I 03-17 19:28:06 utils.py:131] === Checking the job status... ===
I 03-17 19:28:06 utils.py:137] Job status: JobStatus.RUNNING
I 03-17 19:28:06 utils.py:140] ==================================
I 03-17 19:28:26 utils.py:131] === Checking the job status... ===
I 03-17 19:28:27 utils.py:137] Job status: JobStatus.RUNNING
I 03-17 19:28:27 utils.py:140] ==================================
I 03-17 19:28:47 utils.py:131] === Checking the job status... ===
I 03-17 19:28:48 utils.py:137] Job status: JobStatus.RUNNING
I 03-17 19:28:48 utils.py:140] ==================================
I 03-17 19:29:08 utils.py:131] === Checking the job status... ===
I 03-17 19:29:08 utils.py:137] Job status: JobStatus.RUNNING
I 03-17 19:29:08 utils.py:140] ==================================
I 03-17 19:29:28 utils.py:131] === Checking the job status... ===
I 03-17 19:29:29 utils.py:137] Job status: JobStatus.RUNNING
I 03-17 19:29:29 utils.py:140] ==================================
I 03-17 19:29:49 utils.py:131] === Checking the job status... ===
I 03-17 19:29:50 utils.py:137] Job status: JobStatus.RUNNING
I 03-17 19:29:50 utils.py:140] ==================================
I 03-17 19:30:10 utils.py:131] === Checking the job status... ===
I 03-17 19:30:10 utils.py:137] Job status: JobStatus.RUNNING
I 03-17 19:30:10 utils.py:140] ==================================
I 03-17 19:30:31 utils.py:131] === Checking the job status... ===
I 03-17 19:30:31 utils.py:137] Job status: JobStatus.RUNNING
I 03-17 19:30:31 utils.py:140] ==================================
I 03-17 19:30:51 utils.py:131] === Checking the job status... ===
I 03-17 19:30:52 utils.py:137] Job status: JobStatus.RUNNING
I 03-17 19:30:52 utils.py:140] ==================================
I 03-17 19:31:12 utils.py:131] === Checking the job status... ===
I 03-17 19:31:13 utils.py:137] Job status: JobStatus.RUNNING
I 03-17 19:31:13 utils.py:140] ==================================
I 03-17 19:31:33 utils.py:131] === Checking the job status... ===
I 03-17 19:31:33 utils.py:137] Job status: JobStatus.RUNNING
I 03-17 19:31:33 utils.py:140] ==================================
I 03-17 19:31:53 utils.py:131] === Checking the job status... ===
I 03-17 19:31:54 utils.py:137] Job status: JobStatus.RUNNING
I 03-17 19:31:54 utils.py:140] ==================================
I 03-17 19:32:14 utils.py:131] === Checking the job status... ===
I 03-17 19:32:15 utils.py:137] Job status: JobStatus.RUNNING
I 03-17 19:32:15 utils.py:140] ==================================
I 03-17 19:32:35 utils.py:131] === Checking the job status... ===
I 03-17 19:32:35 utils.py:137] Job status: JobStatus.RUNNING
I 03-17 19:32:35 utils.py:140] ==================================
I 03-17 19:32:56 utils.py:131] === Checking the job status... ===
I 03-17 19:32:56 utils.py:137] Job status: JobStatus.RUNNING
I 03-17 19:32:56 utils.py:140] ==================================
I 03-17 19:33:16 utils.py:131] === Checking the job status... ===
I 03-17 19:33:17 utils.py:137] Job status: JobStatus.RUNNING
I 03-17 19:33:17 utils.py:140] ==================================
I 03-17 19:33:37 utils.py:131] === Checking the job status... ===
I 03-17 19:33:38 utils.py:137] Job status: JobStatus.RUNNING
I 03-17 19:33:38 utils.py:140] ==================================
I 03-17 19:33:58 utils.py:131] === Checking the job status... ===
I 03-17 19:33:58 utils.py:137] Job status: JobStatus.RUNNING
I 03-17 19:33:58 utils.py:140] ==================================
I 03-17 19:34:18 utils.py:131] === Checking the job status... ===
I 03-17 19:34:19 utils.py:137] Job status: JobStatus.RUNNING
I 03-17 19:34:19 utils.py:140] ==================================
I 03-17 19:34:39 utils.py:131] === Checking the job status... ===
I 03-17 19:34:40 utils.py:137] Job status: JobStatus.RUNNING
I 03-17 19:34:40 utils.py:140] ==================================
I 03-17 19:35:00 utils.py:131] === Checking the job status... ===
I 03-17 19:35:00 utils.py:137] Job status: JobStatus.RUNNING
I 03-17 19:35:00 utils.py:140] ==================================
I 03-17 19:35:20 utils.py:131] === Checking the job status... ===
I 03-17 19:35:21 utils.py:137] Job status: JobStatus.RUNNING
I 03-17 19:35:21 utils.py:140] ==================================
I 03-17 19:35:41 utils.py:131] === Checking the job status... ===
I 03-17 19:35:42 utils.py:137] Job status: JobStatus.RUNNING
I 03-17 19:35:42 utils.py:140] ==================================
I 03-17 19:36:02 utils.py:131] === Checking the job status... ===
I 03-17 19:36:02 utils.py:137] Job status: JobStatus.RUNNING
I 03-17 19:36:02 utils.py:140] ==================================
I 03-17 19:36:22 utils.py:131] === Checking the job status... ===
I 03-17 19:36:23 utils.py:137] Job status: JobStatus.RUNNING
I 03-17 19:36:23 utils.py:140] ==================================
I 03-17 19:36:43 utils.py:131] === Checking the job status... ===
I 03-17 19:36:44 utils.py:137] Job status: JobStatus.RUNNING
I 03-17 19:36:44 utils.py:140] ==================================
I 03-17 19:37:04 utils.py:131] === Checking the job status... ===
I 03-17 19:37:05 utils.py:137] Job status: JobStatus.RUNNING
I 03-17 19:37:05 utils.py:140] ==================================
I 03-17 19:37:25 utils.py:131] === Checking the job status... ===
I 03-17 19:37:25 utils.py:137] Job status: JobStatus.RUNNING
I 03-17 19:37:25 utils.py:140] ==================================
I 03-17 19:37:45 utils.py:131] === Checking the job status... ===
I 03-17 19:37:46 utils.py:137] Job status: JobStatus.RUNNING
I 03-17 19:37:46 utils.py:140] ==================================
I 03-17 19:38:06 utils.py:131] === Checking the job status... ===
I 03-17 19:38:07 utils.py:137] Job status: JobStatus.RUNNING
I 03-17 19:38:07 utils.py:140] ==================================
I 03-17 19:38:27 utils.py:131] === Checking the job status... ===
I 03-17 19:38:27 utils.py:137] Job status: JobStatus.RUNNING
I 03-17 19:38:27 utils.py:140] ==================================
I 03-17 19:38:48 utils.py:131] === Checking the job status... ===
I 03-17 19:38:48 utils.py:137] Job status: JobStatus.RUNNING
I 03-17 19:38:48 utils.py:140] ==================================
I 03-17 19:39:08 utils.py:131] === Checking the job status... ===
I 03-17 19:39:09 utils.py:137] Job status: JobStatus.RUNNING
I 03-17 19:39:09 utils.py:140] ==================================
I 03-17 19:39:29 utils.py:131] === Checking the job status... ===
I 03-17 19:39:30 utils.py:137] Job status: JobStatus.RUNNING
I 03-17 19:39:30 utils.py:140] ==================================
I 03-17 19:39:50 utils.py:131] === Checking the job status... ===
I 03-17 19:39:50 utils.py:137] Job status: JobStatus.RUNNING
I 03-17 19:39:50 utils.py:140] ==================================
I 03-17 19:40:10 utils.py:131] === Checking the job status... ===
I 03-17 19:40:11 utils.py:137] Job status: JobStatus.RUNNING
I 03-17 19:40:11 utils.py:140] ==================================
I 03-17 19:40:31 utils.py:131] === Checking the job status... ===
I 03-17 19:40:32 utils.py:137] Job status: JobStatus.RUNNING
I 03-17 19:40:32 utils.py:140] ==================================
I 03-17 19:40:52 utils.py:131] === Checking the job status... ===
I 03-17 19:40:52 utils.py:137] Job status: JobStatus.RUNNING
I 03-17 19:40:52 utils.py:140] ==================================
I 03-17 19:41:12 utils.py:131] === Checking the job status... ===
I 03-17 19:41:13 utils.py:137] Job status: JobStatus.RUNNING
I 03-17 19:41:13 utils.py:140] ==================================
I 03-17 19:41:33 utils.py:131] === Checking the job status... ===
I 03-17 19:41:34 utils.py:137] Job status: JobStatus.RUNNING
I 03-17 19:41:34 utils.py:140] ==================================
I 03-17 19:41:54 utils.py:131] === Checking the job status... ===
I 03-17 19:41:54 utils.py:137] Job status: JobStatus.RUNNING
I 03-17 19:41:54 utils.py:140] ==================================
I 03-17 19:42:14 utils.py:131] === Checking the job status... ===
I 03-17 19:42:15 utils.py:137] Job status: JobStatus.RUNNING
I 03-17 19:42:15 utils.py:140] ==================================
I 03-17 19:42:35 utils.py:131] === Checking the job status... ===
I 03-17 19:42:36 utils.py:137] Job status: JobStatus.RUNNING
I 03-17 19:42:36 utils.py:140] ==================================
I 03-17 19:42:56 utils.py:131] === Checking the job status... ===
I 03-17 19:42:56 utils.py:137] Job status: JobStatus.RUNNING
I 03-17 19:42:56 utils.py:140] ==================================
I 03-17 19:43:17 utils.py:131] === Checking the job status... ===
I 03-17 19:43:17 utils.py:137] Job status: JobStatus.RUNNING
I 03-17 19:43:17 utils.py:140] ==================================
I 03-17 19:43:37 utils.py:131] === Checking the job status... ===
I 03-17 19:43:38 utils.py:137] Job status: JobStatus.RUNNING
I 03-17 19:43:38 utils.py:140] ==================================
I 03-17 19:43:58 utils.py:131] === Checking the job status... ===
I 03-17 19:43:59 utils.py:137] Job status: JobStatus.RUNNING
I 03-17 19:43:59 utils.py:140] ==================================
I 03-17 19:44:19 utils.py:131] === Checking the job status... ===
I 03-17 19:44:19 utils.py:137] Job status: JobStatus.RUNNING
I 03-17 19:44:19 utils.py:140] ==================================
I 03-17 19:44:39 utils.py:131] === Checking the job status... ===
I 03-17 19:44:40 utils.py:137] Job status: JobStatus.RUNNING
I 03-17 19:44:40 utils.py:140] ==================================
I 03-17 19:45:00 utils.py:131] === Checking the job status... ===
I 03-17 19:45:01 utils.py:137] Job status: JobStatus.RUNNING
I 03-17 19:45:01 utils.py:140] ==================================
I 03-17 19:45:21 utils.py:131] === Checking the job status... ===
I 03-17 19:45:21 utils.py:137] Job status: JobStatus.RUNNING
I 03-17 19:45:21 utils.py:140] ==================================
I 03-17 19:45:42 utils.py:131] === Checking the job status... ===
I 03-17 19:45:42 utils.py:137] Job status: JobStatus.RUNNING
I 03-17 19:45:42 utils.py:140] ==================================
I 03-17 19:46:02 utils.py:131] === Checking the job status... ===
I 03-17 19:46:03 utils.py:137] Job status: JobStatus.RUNNING
I 03-17 19:46:03 utils.py:140] ==================================
I 03-17 19:46:23 utils.py:131] === Checking the job status... ===
I 03-17 19:46:24 utils.py:137] Job status: JobStatus.RUNNING
I 03-17 19:46:24 utils.py:140] ==================================
I 03-17 19:46:44 utils.py:131] === Checking the job status... ===
I 03-17 19:46:44 utils.py:137] Job status: JobStatus.RUNNING
I 03-17 19:46:44 utils.py:140] ==================================
I 03-17 19:47:04 utils.py:131] === Checking the job status... ===
I 03-17 19:47:05 utils.py:137] Job status: JobStatus.RUNNING
I 03-17 19:47:05 utils.py:140] ==================================
I 03-17 19:47:25 utils.py:131] === Checking the job status... ===
I 03-17 19:47:26 utils.py:137] Job status: JobStatus.RUNNING
I 03-17 19:47:26 utils.py:140] ==================================
I 03-17 19:47:46 utils.py:131] === Checking the job status... ===
I 03-17 19:47:46 utils.py:137] Job status: JobStatus.RUNNING
I 03-17 19:47:46 utils.py:140] ==================================
I 03-17 19:48:07 utils.py:131] === Checking the job status... ===
I 03-17 19:48:07 utils.py:137] Job status: JobStatus.RUNNING
I 03-17 19:48:07 utils.py:140] ==================================
I 03-17 19:48:27 utils.py:131] === Checking the job status... ===
I 03-17 19:48:28 utils.py:137] Job status: JobStatus.RUNNING
I 03-17 19:48:28 utils.py:140] ==================================
I 03-17 19:48:48 utils.py:131] === Checking the job status... ===
I 03-17 19:48:48 utils.py:137] Job status: JobStatus.RUNNING
I 03-17 19:48:48 utils.py:140] ==================================
I 03-17 19:49:09 utils.py:131] === Checking the job status... ===
I 03-17 19:49:09 utils.py:137] Job status: JobStatus.RUNNING
I 03-17 19:49:09 utils.py:140] ==================================
I 03-17 19:49:29 utils.py:131] === Checking the job status... ===
I 03-17 19:49:30 utils.py:137] Job status: JobStatus.RUNNING
I 03-17 19:49:30 utils.py:140] ==================================
I 03-17 19:49:50 utils.py:131] === Checking the job status... ===
I 03-17 19:49:51 utils.py:137] Job status: JobStatus.RUNNING
I 03-17 19:49:51 utils.py:140] ==================================
I 03-17 19:50:11 utils.py:131] === Checking the job status... ===
I 03-17 19:50:11 utils.py:137] Job status: JobStatus.RUNNING
I 03-17 19:50:11 utils.py:140] ==================================
I 03-17 19:50:31 utils.py:131] === Checking the job status... ===
I 03-17 19:50:32 utils.py:137] Job status: JobStatus.RUNNING
I 03-17 19:50:32 utils.py:140] ==================================
I 03-17 19:50:52 utils.py:131] === Checking the job status... ===
I 03-17 19:50:53 utils.py:137] Job status: JobStatus.RUNNING
I 03-17 19:50:53 utils.py:140] ==================================
I 03-17 19:51:13 utils.py:131] === Checking the job status... ===
I 03-17 19:51:13 utils.py:137] Job status: JobStatus.RUNNING
I 03-17 19:51:13 utils.py:140] ==================================
I 03-17 19:51:33 utils.py:131] === Checking the job status... ===
I 03-17 19:51:34 utils.py:137] Job status: JobStatus.RUNNING
I 03-17 19:51:34 utils.py:140] ==================================
I 03-17 19:51:54 utils.py:131] === Checking the job status... ===
I 03-17 19:51:55 utils.py:137] Job status: JobStatus.RUNNING
I 03-17 19:51:55 utils.py:140] ==================================
I 03-17 19:52:15 utils.py:131] === Checking the job status... ===
I 03-17 19:52:16 utils.py:137] Job status: JobStatus.RUNNING
I 03-17 19:52:16 utils.py:140] ==================================
I 03-17 19:52:36 utils.py:131] === Checking the job status... ===
I 03-17 19:52:36 utils.py:137] Job status: JobStatus.RUNNING
I 03-17 19:52:36 utils.py:140] ==================================
I 03-17 19:52:56 utils.py:131] === Checking the job status... ===
I 03-17 19:52:57 utils.py:137] Job status: JobStatus.RUNNING
I 03-17 19:52:57 utils.py:140] ==================================
I 03-17 19:53:17 utils.py:131] === Checking the job status... ===
I 03-17 19:53:18 utils.py:137] Job status: JobStatus.RUNNING
I 03-17 19:53:18 utils.py:140] ==================================
