I 03-17 18:35:22 controller.py:59] DAG:
I 03-17 18:35:22 controller.py:59] [Task<name=compute-text-vectors>(run='# Initialize and dow...')
I 03-17 18:35:22 controller.py:59]   resources: AWS(cpus=4, {'L4': 1}, region=ap-northeast-2)]
I 03-17 18:35:22 controller.py:195] Submitted managed job 113 (task: 0, name: 'compute-text-vectors'); SKYPILOT_TASK_ID: sky-managed-2025-03-17-18-35-22-003067_compute-text-vectors_113-0
I 03-17 18:35:22 controller.py:199] Started monitoring.
I 03-17 18:35:22 state.py:451] Launching the spot cluster...
I 03-17 18:35:23 storage.py:1058] Storage type StoreType.S3 already exists.
<sky-payload>"<rich_init>[bold cyan]Optimizing[/]</rich_init>"</sky-payload>
<sky-payload>"<rich_update>[bold cyan]Optimizing[/]</rich_update>"</sky-payload>
<sky-payload>"<rich_start>[bold cyan]Optimizing[/]</rich_start>"</sky-payload>
I 03-17 18:35:24 optimizer.py:749] [1mEstimated cost: [0m$1.0 / hour
I 03-17 18:35:24 optimizer.py:749] 
I 03-17 18:35:24 optimizer.py:884] Considered resources (1 node):
I 03-17 18:35:24 optimizer.py:952] -------------------------------------------------------------------------------------------
I 03-17 18:35:24 optimizer.py:952]  CLOUD   INSTANCE    vCPUs   Mem(GB)   ACCELERATORS   REGION/ZONE      COST ($)   CHOSEN   
I 03-17 18:35:24 optimizer.py:952] -------------------------------------------------------------------------------------------
I 03-17 18:35:24 optimizer.py:952]  AWS     g6.xlarge   4       16        L4:1           ap-northeast-2   0.99       [32m   ✔[0m     
I 03-17 18:35:24 optimizer.py:952] -------------------------------------------------------------------------------------------
<sky-payload>"<rich_exit></rich_exit>"</sky-payload>
<sky-payload>"<rich_init>[bold cyan]Launching[/]</rich_init>"</sky-payload>
<sky-payload>"<rich_update>[bold cyan]Launching[/]</rich_update>"</sky-payload>
<sky-payload>"<rich_start>[bold cyan]Launching[/]</rich_start>"</sky-payload>
<sky-payload>"<rich_update>[bold cyan]Launching[/]  \u001b[2mView logs: sky api logs -l sky-2025-03-17-18-35-24-010943/provision.log\u001b[0m</rich_update>"</sky-payload>
<sky-payload>"<rich_update>[bold cyan]Launching[/]  \u001b[2mView logs: sky api logs -l sky-2025-03-17-18-35-24-010943/provision.log\u001b[0m</rich_update>"</sky-payload>
I 03-17 18:35:24 cloud_vm_ray_backend.py:1520] [0m⚙︎ Launching on AWS ap-northeast-2[0m (ap-northeast-2a,ap-northeast-2d).
[2mW 03-17 18:35:31 instance.py:243] create_instances: Attempt failed with An error occurred (InsufficientInstanceCapacity) when calling the RunInstances operation (reached max retries: 0): We currently do not have sufficient g6.xlarge capacity in the Availability Zone you requested (ap-northeast-2a). Our system will be working on provisioning additional capacity. You can currently get g6.xlarge capacity by not specifying an Availability Zone in your request or choosing ap-northeast-2d.[0m
[2mW 03-17 18:36:07 instance.py:243] create_instances: Attempt failed with An error occurred (InsufficientInstanceCapacity) when calling the RunInstances operation (reached max retries: 0): We currently do not have sufficient g6.xlarge capacity in the Availability Zone you requested (ap-northeast-2d). Our system will be working on provisioning additional capacity. You can currently get g6.xlarge capacity by not specifying an Availability Zone in your request or choosing ap-northeast-2a.[0m
W 03-17 18:36:07 cloud_vm_ray_backend.py:2061] sky.exceptions.ResourcesUnavailableError: Failed to acquire resources in all zones in ap-northeast-2 for {AWS(cpus=4, {'L4': 1})}. 
W 03-17 18:36:07 cloud_vm_ray_backend.py:2097] 
W 03-17 18:36:07 cloud_vm_ray_backend.py:2097] [0m[33m↺[0m Trying other potential resources.
<sky-payload>"<rich_update>[bold cyan]Looking for resources[/]  \u001b[2mView logs: sky api logs -l sky-2025-03-17-18-35-24-010943/provision.log\u001b[0m</rich_update>"</sky-payload>
<sky-payload>"<rich_update>[bold cyan]Optimizing[/]</rich_update>"</sky-payload>
<sky-payload>"<rich_start>[bold cyan]Launching[/]</rich_start>"</sky-payload>
<sky-payload>"<rich_update>[bold cyan]Looking for resources[/]  \u001b[2mView logs: sky api logs -l sky-2025-03-17-18-35-24-010943/provision.log\u001b[0m</rich_update>"</sky-payload>
E 03-17 18:36:07 cloud_vm_ray_backend.py:2904] [0m[31m⨯[0m Failed to provision resources. [2mView logs: sky api logs -l sky-2025-03-17-18-35-24-010943/provision.log[0m
<sky-payload>"<rich_exit></rich_exit>"</sky-payload>

[?25hI 03-17 18:36:07 recovery_strategy.py:326] Failed to launch a cluster with error: sky.exceptions.ResourcesUnavailableError: [31mFailed to provision all possible launchable resources.[0m Relax the task's resource requirements: 1x AWS(cpus=4, {'L4': 1})
I 03-17 18:36:07 recovery_strategy.py:326] To keep retrying until the cluster is up, use the `--retry-until-up` flag.
I 03-17 18:36:07 recovery_strategy.py:326] Reasons for provision failures (for details, please check the log above):
I 03-17 18:36:07 recovery_strategy.py:326] Resource          Reason                                                     
I 03-17 18:36:07 recovery_strategy.py:326] AWS(g6.xlarge,    Failed to acquire resources in all zones in ap-            
I 03-17 18:36:07 recovery_strategy.py:326] {'L4': 1})        northeast-2 for {AWS(cpus=4, {'L4': 1})}.                  )
I 03-17 18:36:08 recovery_strategy.py:364] Retrying to launch the cluster in 60.8 seconds.
I 03-17 18:37:09 storage.py:699] Verifying bucket for storage skypilot-filemounts-root-726f1974-8t5mbkle
<sky-payload>"<rich_init>[bold cyan]Optimizing[/]</rich_init>"</sky-payload>
<sky-payload>"<rich_update>[bold cyan]Optimizing[/]</rich_update>"</sky-payload>
<sky-payload>"<rich_start>[bold cyan]Optimizing[/]</rich_start>"</sky-payload>
I 03-17 18:37:10 optimizer.py:749] [1mEstimated cost: [0m$1.0 / hour
I 03-17 18:37:10 optimizer.py:749] 
I 03-17 18:37:10 optimizer.py:884] Considered resources (1 node):
I 03-17 18:37:10 optimizer.py:952] -------------------------------------------------------------------------------------------
I 03-17 18:37:10 optimizer.py:952]  CLOUD   INSTANCE    vCPUs   Mem(GB)   ACCELERATORS   REGION/ZONE      COST ($)   CHOSEN   
I 03-17 18:37:10 optimizer.py:952] -------------------------------------------------------------------------------------------
I 03-17 18:37:10 optimizer.py:952]  AWS     g6.xlarge   4       16        L4:1           ap-northeast-2   0.99       [32m   ✔[0m     
I 03-17 18:37:10 optimizer.py:952] -------------------------------------------------------------------------------------------
<sky-payload>"<rich_exit></rich_exit>"</sky-payload>
<sky-payload>"<rich_init>[bold cyan]Launching[/]</rich_init>"</sky-payload>
<sky-payload>"<rich_update>[bold cyan]Launching[/]</rich_update>"</sky-payload>
<sky-payload>"<rich_start>[bold cyan]Launching[/]</rich_start>"</sky-payload>
<sky-payload>"<rich_update>[bold cyan]Launching[/]  \u001b[2mView logs: sky api logs -l sky-2025-03-17-18-37-10-758458/provision.log\u001b[0m</rich_update>"</sky-payload>
<sky-payload>"<rich_update>[bold cyan]Launching[/]  \u001b[2mView logs: sky api logs -l sky-2025-03-17-18-37-10-758458/provision.log\u001b[0m</rich_update>"</sky-payload>
I 03-17 18:37:10 cloud_vm_ray_backend.py:1520] [0m⚙︎ Launching on AWS ap-northeast-2[0m (ap-northeast-2a,ap-northeast-2d).
[2mW 03-17 18:37:14 instance.py:243] create_instances: Attempt failed with An error occurred (InsufficientInstanceCapacity) when calling the RunInstances operation (reached max retries: 0): We currently do not have sufficient g6.xlarge capacity in the Availability Zone you requested (ap-northeast-2a). Our system will be working on provisioning additional capacity. You can currently get g6.xlarge capacity by not specifying an Availability Zone in your request or choosing ap-northeast-2d.[0m
[2mW 03-17 18:37:28 instance.py:243] create_instances: Attempt failed with An error occurred (InsufficientInstanceCapacity) when calling the RunInstances operation (reached max retries: 0): We currently do not have sufficient g6.xlarge capacity in the Availability Zone you requested (ap-northeast-2d). Our system will be working on provisioning additional capacity. You can currently get g6.xlarge capacity by not specifying an Availability Zone in your request or choosing ap-northeast-2a.[0m
W 03-17 18:37:28 cloud_vm_ray_backend.py:2061] sky.exceptions.ResourcesUnavailableError: Failed to acquire resources in all zones in ap-northeast-2 for {AWS(cpus=4, {'L4': 1})}. 
W 03-17 18:37:28 cloud_vm_ray_backend.py:2097] 
W 03-17 18:37:28 cloud_vm_ray_backend.py:2097] [0m[33m↺[0m Trying other potential resources.
<sky-payload>"<rich_update>[bold cyan]Looking for resources[/]  \u001b[2mView logs: sky api logs -l sky-2025-03-17-18-37-10-758458/provision.log\u001b[0m</rich_update>"</sky-payload>
<sky-payload>"<rich_update>[bold cyan]Optimizing[/]</rich_update>"</sky-payload>
<sky-payload>"<rich_start>[bold cyan]Launching[/]</rich_start>"</sky-payload>
<sky-payload>"<rich_update>[bold cyan]Looking for resources[/]  \u001b[2mView logs: sky api logs -l sky-2025-03-17-18-37-10-758458/provision.log\u001b[0m</rich_update>"</sky-payload>
E 03-17 18:37:28 cloud_vm_ray_backend.py:2904] [0m[31m⨯[0m Failed to provision resources. [2mView logs: sky api logs -l sky-2025-03-17-18-37-10-758458/provision.log[0m
<sky-payload>"<rich_exit></rich_exit>"</sky-payload>

[?25hI 03-17 18:37:29 recovery_strategy.py:326] Failed to launch a cluster with error: sky.exceptions.ResourcesUnavailableError: [31mFailed to provision all possible launchable resources.[0m Relax the task's resource requirements: 1x AWS(cpus=4, {'L4': 1})
I 03-17 18:37:29 recovery_strategy.py:326] To keep retrying until the cluster is up, use the `--retry-until-up` flag.
I 03-17 18:37:29 recovery_strategy.py:326] Reasons for provision failures (for details, please check the log above):
I 03-17 18:37:29 recovery_strategy.py:326] Resource          Reason                                                     
I 03-17 18:37:29 recovery_strategy.py:326] AWS(g6.xlarge,    Failed to acquire resources in all zones in ap-            
I 03-17 18:37:29 recovery_strategy.py:326] {'L4': 1})        northeast-2 for {AWS(cpus=4, {'L4': 1})}.                  )
I 03-17 18:37:29 recovery_strategy.py:364] Retrying to launch the cluster in 72.9 seconds.
I 03-17 18:38:43 storage.py:699] Verifying bucket for storage skypilot-filemounts-root-726f1974-8t5mbkle
<sky-payload>"<rich_init>[bold cyan]Optimizing[/]</rich_init>"</sky-payload>
<sky-payload>"<rich_update>[bold cyan]Optimizing[/]</rich_update>"</sky-payload>
<sky-payload>"<rich_start>[bold cyan]Optimizing[/]</rich_start>"</sky-payload>
I 03-17 18:38:44 optimizer.py:749] [1mEstimated cost: [0m$1.0 / hour
I 03-17 18:38:44 optimizer.py:749] 
I 03-17 18:38:44 optimizer.py:884] Considered resources (1 node):
I 03-17 18:38:44 optimizer.py:952] -------------------------------------------------------------------------------------------
I 03-17 18:38:44 optimizer.py:952]  CLOUD   INSTANCE    vCPUs   Mem(GB)   ACCELERATORS   REGION/ZONE      COST ($)   CHOSEN   
I 03-17 18:38:44 optimizer.py:952] -------------------------------------------------------------------------------------------
I 03-17 18:38:44 optimizer.py:952]  AWS     g6.xlarge   4       16        L4:1           ap-northeast-2   0.99       [32m   ✔[0m     
I 03-17 18:38:44 optimizer.py:952] -------------------------------------------------------------------------------------------
<sky-payload>"<rich_exit></rich_exit>"</sky-payload>
<sky-payload>"<rich_init>[bold cyan]Launching[/]</rich_init>"</sky-payload>
<sky-payload>"<rich_update>[bold cyan]Launching[/]</rich_update>"</sky-payload>
<sky-payload>"<rich_start>[bold cyan]Launching[/]</rich_start>"</sky-payload>
<sky-payload>"<rich_update>[bold cyan]Launching[/]  \u001b[2mView logs: sky api logs -l sky-2025-03-17-18-38-43-963252/provision.log\u001b[0m</rich_update>"</sky-payload>
<sky-payload>"<rich_update>[bold cyan]Launching[/]  \u001b[2mView logs: sky api logs -l sky-2025-03-17-18-38-43-963252/provision.log\u001b[0m</rich_update>"</sky-payload>
I 03-17 18:38:44 cloud_vm_ray_backend.py:1520] [0m⚙︎ Launching on AWS ap-northeast-2[0m (ap-northeast-2a,ap-northeast-2d).
[2mW 03-17 18:38:53 instance.py:243] create_instances: Attempt failed with An error occurred (InsufficientInstanceCapacity) when calling the RunInstances operation (reached max retries: 0): We currently do not have sufficient g6.xlarge capacity in the Availability Zone you requested (ap-northeast-2a). Our system will be working on provisioning additional capacity. You can currently get g6.xlarge capacity by not specifying an Availability Zone in your request or choosing ap-northeast-2d.[0m
[2mW 03-17 18:38:57 instance.py:243] create_instances: Attempt failed with An error occurred (InsufficientInstanceCapacity) when calling the RunInstances operation (reached max retries: 0): We currently do not have sufficient g6.xlarge capacity in the Availability Zone you requested (ap-northeast-2d). Our system will be working on provisioning additional capacity. You can currently get g6.xlarge capacity by not specifying an Availability Zone in your request or choosing ap-northeast-2a.[0m
W 03-17 18:38:57 cloud_vm_ray_backend.py:2061] sky.exceptions.ResourcesUnavailableError: Failed to acquire resources in all zones in ap-northeast-2 for {AWS(cpus=4, {'L4': 1})}. 
W 03-17 18:38:57 cloud_vm_ray_backend.py:2097] 
W 03-17 18:38:57 cloud_vm_ray_backend.py:2097] [0m[33m↺[0m Trying other potential resources.
<sky-payload>"<rich_update>[bold cyan]Looking for resources[/]  \u001b[2mView logs: sky api logs -l sky-2025-03-17-18-38-43-963252/provision.log\u001b[0m</rich_update>"</sky-payload>
<sky-payload>"<rich_update>[bold cyan]Optimizing[/]</rich_update>"</sky-payload>
<sky-payload>"<rich_start>[bold cyan]Launching[/]</rich_start>"</sky-payload>
<sky-payload>"<rich_update>[bold cyan]Looking for resources[/]  \u001b[2mView logs: sky api logs -l sky-2025-03-17-18-38-43-963252/provision.log\u001b[0m</rich_update>"</sky-payload>
E 03-17 18:38:57 cloud_vm_ray_backend.py:2904] [0m[31m⨯[0m Failed to provision resources. [2mView logs: sky api logs -l sky-2025-03-17-18-38-43-963252/provision.log[0m
<sky-payload>"<rich_exit></rich_exit>"</sky-payload>

[?25hI 03-17 18:38:58 recovery_strategy.py:326] Failed to launch a cluster with error: sky.exceptions.ResourcesUnavailableError: [31mFailed to provision all possible launchable resources.[0m Relax the task's resource requirements: 1x AWS(cpus=4, {'L4': 1})
I 03-17 18:38:58 recovery_strategy.py:326] To keep retrying until the cluster is up, use the `--retry-until-up` flag.
I 03-17 18:38:58 recovery_strategy.py:326] Reasons for provision failures (for details, please check the log above):
I 03-17 18:38:58 recovery_strategy.py:326] Resource          Reason                                                     
I 03-17 18:38:58 recovery_strategy.py:326] AWS(g6.xlarge,    Failed to acquire resources in all zones in ap-            
I 03-17 18:38:58 recovery_strategy.py:326] {'L4': 1})        northeast-2 for {AWS(cpus=4, {'L4': 1})}.                  )
I 03-17 18:38:58 recovery_strategy.py:364] Retrying to launch the cluster in 86.9 seconds.
I 03-17 18:40:26 storage.py:699] Verifying bucket for storage skypilot-filemounts-root-726f1974-8t5mbkle
<sky-payload>"<rich_init>[bold cyan]Optimizing[/]</rich_init>"</sky-payload>
<sky-payload>"<rich_update>[bold cyan]Optimizing[/]</rich_update>"</sky-payload>
<sky-payload>"<rich_start>[bold cyan]Optimizing[/]</rich_start>"</sky-payload>
I 03-17 18:40:27 optimizer.py:749] [1mEstimated cost: [0m$1.0 / hour
I 03-17 18:40:27 optimizer.py:749] 
I 03-17 18:40:27 optimizer.py:884] Considered resources (1 node):
I 03-17 18:40:27 optimizer.py:952] -------------------------------------------------------------------------------------------
I 03-17 18:40:27 optimizer.py:952]  CLOUD   INSTANCE    vCPUs   Mem(GB)   ACCELERATORS   REGION/ZONE      COST ($)   CHOSEN   
I 03-17 18:40:27 optimizer.py:952] -------------------------------------------------------------------------------------------
I 03-17 18:40:27 optimizer.py:952]  AWS     g6.xlarge   4       16        L4:1           ap-northeast-2   0.99       [32m   ✔[0m     
I 03-17 18:40:27 optimizer.py:952] -------------------------------------------------------------------------------------------
<sky-payload>"<rich_exit></rich_exit>"</sky-payload>
<sky-payload>"<rich_init>[bold cyan]Launching[/]</rich_init>"</sky-payload>
<sky-payload>"<rich_update>[bold cyan]Launching[/]</rich_update>"</sky-payload>
<sky-payload>"<rich_start>[bold cyan]Launching[/]</rich_start>"</sky-payload>
<sky-payload>"<rich_update>[bold cyan]Launching[/]  \u001b[2mView logs: sky api logs -l sky-2025-03-17-18-40-27-264807/provision.log\u001b[0m</rich_update>"</sky-payload>
<sky-payload>"<rich_update>[bold cyan]Launching[/]  \u001b[2mView logs: sky api logs -l sky-2025-03-17-18-40-27-264807/provision.log\u001b[0m</rich_update>"</sky-payload>
I 03-17 18:40:27 cloud_vm_ray_backend.py:1520] [0m⚙︎ Launching on AWS ap-northeast-2[0m (ap-northeast-2a,ap-northeast-2d).
[2mW 03-17 18:40:30 instance.py:243] create_instances: Attempt failed with An error occurred (InsufficientInstanceCapacity) when calling the RunInstances operation (reached max retries: 0): We currently do not have sufficient g6.xlarge capacity in the Availability Zone you requested (ap-northeast-2a). Our system will be working on provisioning additional capacity. You can currently get g6.xlarge capacity by not specifying an Availability Zone in your request or choosing ap-northeast-2d.[0m
[2mW 03-17 18:40:31 instance.py:243] create_instances: Attempt failed with An error occurred (InsufficientInstanceCapacity) when calling the RunInstances operation (reached max retries: 0): We currently do not have sufficient g6.xlarge capacity in the Availability Zone you requested (ap-northeast-2d). Our system will be working on provisioning additional capacity. You can currently get g6.xlarge capacity by not specifying an Availability Zone in your request or choosing ap-northeast-2a.[0m
W 03-17 18:40:31 cloud_vm_ray_backend.py:2061] sky.exceptions.ResourcesUnavailableError: Failed to acquire resources in all zones in ap-northeast-2 for {AWS(cpus=4, {'L4': 1})}. 
W 03-17 18:40:31 cloud_vm_ray_backend.py:2097] 
W 03-17 18:40:31 cloud_vm_ray_backend.py:2097] [0m[33m↺[0m Trying other potential resources.
<sky-payload>"<rich_update>[bold cyan]Looking for resources[/]  \u001b[2mView logs: sky api logs -l sky-2025-03-17-18-40-27-264807/provision.log\u001b[0m</rich_update>"</sky-payload>
<sky-payload>"<rich_update>[bold cyan]Optimizing[/]</rich_update>"</sky-payload>
<sky-payload>"<rich_start>[bold cyan]Launching[/]</rich_start>"</sky-payload>
<sky-payload>"<rich_update>[bold cyan]Looking for resources[/]  \u001b[2mView logs: sky api logs -l sky-2025-03-17-18-40-27-264807/provision.log\u001b[0m</rich_update>"</sky-payload>
E 03-17 18:40:31 cloud_vm_ray_backend.py:2904] [0m[31m⨯[0m Failed to provision resources. [2mView logs: sky api logs -l sky-2025-03-17-18-40-27-264807/provision.log[0m
<sky-payload>"<rich_exit></rich_exit>"</sky-payload>

[?25hI 03-17 18:40:32 recovery_strategy.py:326] Failed to launch a cluster with error: sky.exceptions.ResourcesUnavailableError: [31mFailed to provision all possible launchable resources.[0m Relax the task's resource requirements: 1x AWS(cpus=4, {'L4': 1})
I 03-17 18:40:32 recovery_strategy.py:326] To keep retrying until the cluster is up, use the `--retry-until-up` flag.
I 03-17 18:40:32 recovery_strategy.py:326] Reasons for provision failures (for details, please check the log above):
I 03-17 18:40:32 recovery_strategy.py:326] Resource          Reason                                                     
I 03-17 18:40:32 recovery_strategy.py:326] AWS(g6.xlarge,    Failed to acquire resources in all zones in ap-            
I 03-17 18:40:32 recovery_strategy.py:326] {'L4': 1})        northeast-2 for {AWS(cpus=4, {'L4': 1})}.                  )
I 03-17 18:40:32 recovery_strategy.py:364] Retrying to launch the cluster in 121.2 seconds.
I 03-17 18:42:34 storage.py:699] Verifying bucket for storage skypilot-filemounts-root-726f1974-8t5mbkle
<sky-payload>"<rich_init>[bold cyan]Optimizing[/]</rich_init>"</sky-payload>
<sky-payload>"<rich_update>[bold cyan]Optimizing[/]</rich_update>"</sky-payload>
<sky-payload>"<rich_start>[bold cyan]Optimizing[/]</rich_start>"</sky-payload>
I 03-17 18:42:35 optimizer.py:749] [1mEstimated cost: [0m$1.0 / hour
I 03-17 18:42:35 optimizer.py:749] 
I 03-17 18:42:35 optimizer.py:884] Considered resources (1 node):
I 03-17 18:42:35 optimizer.py:952] -------------------------------------------------------------------------------------------
I 03-17 18:42:35 optimizer.py:952]  CLOUD   INSTANCE    vCPUs   Mem(GB)   ACCELERATORS   REGION/ZONE      COST ($)   CHOSEN   
I 03-17 18:42:35 optimizer.py:952] -------------------------------------------------------------------------------------------
I 03-17 18:42:35 optimizer.py:952]  AWS     g6.xlarge   4       16        L4:1           ap-northeast-2   0.99       [32m   ✔[0m     
I 03-17 18:42:35 optimizer.py:952] -------------------------------------------------------------------------------------------
<sky-payload>"<rich_exit></rich_exit>"</sky-payload>
<sky-payload>"<rich_init>[bold cyan]Launching[/]</rich_init>"</sky-payload>
<sky-payload>"<rich_update>[bold cyan]Launching[/]</rich_update>"</sky-payload>
<sky-payload>"<rich_start>[bold cyan]Launching[/]</rich_start>"</sky-payload>
<sky-payload>"<rich_update>[bold cyan]Launching[/]  \u001b[2mView logs: sky api logs -l sky-2025-03-17-18-42-35-526503/provision.log\u001b[0m</rich_update>"</sky-payload>
<sky-payload>"<rich_update>[bold cyan]Launching[/]  \u001b[2mView logs: sky api logs -l sky-2025-03-17-18-42-35-526503/provision.log\u001b[0m</rich_update>"</sky-payload>
I 03-17 18:42:35 cloud_vm_ray_backend.py:1520] [0m⚙︎ Launching on AWS ap-northeast-2[0m (ap-northeast-2a,ap-northeast-2d).
[2mW 03-17 18:42:45 instance.py:243] create_instances: Attempt failed with An error occurred (InsufficientInstanceCapacity) when calling the RunInstances operation (reached max retries: 0): We currently do not have sufficient g6.xlarge capacity in the Availability Zone you requested (ap-northeast-2a). Our system will be working on provisioning additional capacity. You can currently get g6.xlarge capacity by not specifying an Availability Zone in your request or choosing ap-northeast-2d.[0m
[2mW 03-17 18:42:57 instance.py:243] create_instances: Attempt failed with An error occurred (InsufficientInstanceCapacity) when calling the RunInstances operation (reached max retries: 0): We currently do not have sufficient g6.xlarge capacity in the Availability Zone you requested (ap-northeast-2d). Our system will be working on provisioning additional capacity. You can currently get g6.xlarge capacity by not specifying an Availability Zone in your request or choosing ap-northeast-2a.[0m
W 03-17 18:42:57 cloud_vm_ray_backend.py:2061] sky.exceptions.ResourcesUnavailableError: Failed to acquire resources in all zones in ap-northeast-2 for {AWS(cpus=4, {'L4': 1})}. 
W 03-17 18:42:57 cloud_vm_ray_backend.py:2097] 
W 03-17 18:42:57 cloud_vm_ray_backend.py:2097] [0m[33m↺[0m Trying other potential resources.
<sky-payload>"<rich_update>[bold cyan]Looking for resources[/]  \u001b[2mView logs: sky api logs -l sky-2025-03-17-18-42-35-526503/provision.log\u001b[0m</rich_update>"</sky-payload>
<sky-payload>"<rich_update>[bold cyan]Optimizing[/]</rich_update>"</sky-payload>
<sky-payload>"<rich_start>[bold cyan]Launching[/]</rich_start>"</sky-payload>
<sky-payload>"<rich_update>[bold cyan]Looking for resources[/]  \u001b[2mView logs: sky api logs -l sky-2025-03-17-18-42-35-526503/provision.log\u001b[0m</rich_update>"</sky-payload>
E 03-17 18:42:57 cloud_vm_ray_backend.py:2904] [0m[31m⨯[0m Failed to provision resources. [2mView logs: sky api logs -l sky-2025-03-17-18-42-35-526503/provision.log[0m
<sky-payload>"<rich_exit></rich_exit>"</sky-payload>

[?25hI 03-17 18:42:57 recovery_strategy.py:326] Failed to launch a cluster with error: sky.exceptions.ResourcesUnavailableError: [31mFailed to provision all possible launchable resources.[0m Relax the task's resource requirements: 1x AWS(cpus=4, {'L4': 1})
I 03-17 18:42:57 recovery_strategy.py:326] To keep retrying until the cluster is up, use the `--retry-until-up` flag.
I 03-17 18:42:57 recovery_strategy.py:326] Reasons for provision failures (for details, please check the log above):
I 03-17 18:42:57 recovery_strategy.py:326] Resource          Reason                                                     
I 03-17 18:42:57 recovery_strategy.py:326] AWS(g6.xlarge,    Failed to acquire resources in all zones in ap-            
I 03-17 18:42:57 recovery_strategy.py:326] {'L4': 1})        northeast-2 for {AWS(cpus=4, {'L4': 1})}.                  )
I 03-17 18:42:58 recovery_strategy.py:364] Retrying to launch the cluster in 241.7 seconds.
I 03-17 18:47:00 storage.py:699] Verifying bucket for storage skypilot-filemounts-root-726f1974-8t5mbkle
<sky-payload>"<rich_init>[bold cyan]Optimizing[/]</rich_init>"</sky-payload>
<sky-payload>"<rich_update>[bold cyan]Optimizing[/]</rich_update>"</sky-payload>
<sky-payload>"<rich_start>[bold cyan]Optimizing[/]</rich_start>"</sky-payload>
I 03-17 18:47:01 optimizer.py:749] [1mEstimated cost: [0m$1.0 / hour
I 03-17 18:47:01 optimizer.py:749] 
I 03-17 18:47:01 optimizer.py:884] Considered resources (1 node):
I 03-17 18:47:01 optimizer.py:952] -------------------------------------------------------------------------------------------
I 03-17 18:47:01 optimizer.py:952]  CLOUD   INSTANCE    vCPUs   Mem(GB)   ACCELERATORS   REGION/ZONE      COST ($)   CHOSEN   
I 03-17 18:47:01 optimizer.py:952] -------------------------------------------------------------------------------------------
I 03-17 18:47:01 optimizer.py:952]  AWS     g6.xlarge   4       16        L4:1           ap-northeast-2   0.99       [32m   ✔[0m     
I 03-17 18:47:01 optimizer.py:952] -------------------------------------------------------------------------------------------
<sky-payload>"<rich_exit></rich_exit>"</sky-payload>
<sky-payload>"<rich_init>[bold cyan]Launching[/]</rich_init>"</sky-payload>
<sky-payload>"<rich_update>[bold cyan]Launching[/]</rich_update>"</sky-payload>
<sky-payload>"<rich_start>[bold cyan]Launching[/]</rich_start>"</sky-payload>
<sky-payload>"<rich_update>[bold cyan]Launching[/]  \u001b[2mView logs: sky api logs -l sky-2025-03-17-18-47-01-704847/provision.log\u001b[0m</rich_update>"</sky-payload>
<sky-payload>"<rich_update>[bold cyan]Launching[/]  \u001b[2mView logs: sky api logs -l sky-2025-03-17-18-47-01-704847/provision.log\u001b[0m</rich_update>"</sky-payload>
I 03-17 18:47:01 cloud_vm_ray_backend.py:1520] [0m⚙︎ Launching on AWS ap-northeast-2[0m (ap-northeast-2a,ap-northeast-2d).
[2mW 03-17 18:47:04 instance.py:243] create_instances: Attempt failed with An error occurred (InsufficientInstanceCapacity) when calling the RunInstances operation (reached max retries: 0): We currently do not have sufficient g6.xlarge capacity in the Availability Zone you requested (ap-northeast-2a). Our system will be working on provisioning additional capacity. You can currently get g6.xlarge capacity by not specifying an Availability Zone in your request or choosing ap-northeast-2d.[0m
[2mW 03-17 18:47:06 instance.py:243] create_instances: Attempt failed with An error occurred (InsufficientInstanceCapacity) when calling the RunInstances operation (reached max retries: 0): We currently do not have sufficient g6.xlarge capacity in the Availability Zone you requested (ap-northeast-2d). Our system will be working on provisioning additional capacity. You can currently get g6.xlarge capacity by not specifying an Availability Zone in your request or choosing ap-northeast-2a.[0m
W 03-17 18:47:06 cloud_vm_ray_backend.py:2061] sky.exceptions.ResourcesUnavailableError: Failed to acquire resources in all zones in ap-northeast-2 for {AWS(cpus=4, {'L4': 1})}. 
W 03-17 18:47:06 cloud_vm_ray_backend.py:2097] 
W 03-17 18:47:06 cloud_vm_ray_backend.py:2097] [0m[33m↺[0m Trying other potential resources.
<sky-payload>"<rich_update>[bold cyan]Looking for resources[/]  \u001b[2mView logs: sky api logs -l sky-2025-03-17-18-47-01-704847/provision.log\u001b[0m</rich_update>"</sky-payload>
<sky-payload>"<rich_update>[bold cyan]Optimizing[/]</rich_update>"</sky-payload>
<sky-payload>"<rich_start>[bold cyan]Launching[/]</rich_start>"</sky-payload>
<sky-payload>"<rich_update>[bold cyan]Looking for resources[/]  \u001b[2mView logs: sky api logs -l sky-2025-03-17-18-47-01-704847/provision.log\u001b[0m</rich_update>"</sky-payload>
E 03-17 18:47:06 cloud_vm_ray_backend.py:2904] [0m[31m⨯[0m Failed to provision resources. [2mView logs: sky api logs -l sky-2025-03-17-18-47-01-704847/provision.log[0m
<sky-payload>"<rich_exit></rich_exit>"</sky-payload>

[?25hI 03-17 18:47:06 recovery_strategy.py:326] Failed to launch a cluster with error: sky.exceptions.ResourcesUnavailableError: [31mFailed to provision all possible launchable resources.[0m Relax the task's resource requirements: 1x AWS(cpus=4, {'L4': 1})
I 03-17 18:47:06 recovery_strategy.py:326] To keep retrying until the cluster is up, use the `--retry-until-up` flag.
I 03-17 18:47:06 recovery_strategy.py:326] Reasons for provision failures (for details, please check the log above):
I 03-17 18:47:06 recovery_strategy.py:326] Resource          Reason                                                     
I 03-17 18:47:06 recovery_strategy.py:326] AWS(g6.xlarge,    Failed to acquire resources in all zones in ap-            
I 03-17 18:47:06 recovery_strategy.py:326] {'L4': 1})        northeast-2 for {AWS(cpus=4, {'L4': 1})}.                  )
I 03-17 18:47:07 recovery_strategy.py:364] Retrying to launch the cluster in 412.4 seconds.
I 03-17 18:54:00 storage.py:699] Verifying bucket for storage skypilot-filemounts-root-726f1974-8t5mbkle
<sky-payload>"<rich_init>[bold cyan]Optimizing[/]</rich_init>"</sky-payload>
<sky-payload>"<rich_update>[bold cyan]Optimizing[/]</rich_update>"</sky-payload>
<sky-payload>"<rich_start>[bold cyan]Optimizing[/]</rich_start>"</sky-payload>
I 03-17 18:54:01 optimizer.py:749] [1mEstimated cost: [0m$1.0 / hour
I 03-17 18:54:01 optimizer.py:749] 
I 03-17 18:54:01 optimizer.py:884] Considered resources (1 node):
I 03-17 18:54:01 optimizer.py:952] -------------------------------------------------------------------------------------------
I 03-17 18:54:01 optimizer.py:952]  CLOUD   INSTANCE    vCPUs   Mem(GB)   ACCELERATORS   REGION/ZONE      COST ($)   CHOSEN   
I 03-17 18:54:01 optimizer.py:952] -------------------------------------------------------------------------------------------
I 03-17 18:54:01 optimizer.py:952]  AWS     g6.xlarge   4       16        L4:1           ap-northeast-2   0.99       [32m   ✔[0m     
I 03-17 18:54:01 optimizer.py:952] -------------------------------------------------------------------------------------------
<sky-payload>"<rich_exit></rich_exit>"</sky-payload>
<sky-payload>"<rich_init>[bold cyan]Launching[/]</rich_init>"</sky-payload>
<sky-payload>"<rich_update>[bold cyan]Launching[/]</rich_update>"</sky-payload>
<sky-payload>"<rich_start>[bold cyan]Launching[/]</rich_start>"</sky-payload>
<sky-payload>"<rich_update>[bold cyan]Launching[/]  \u001b[2mView logs: sky api logs -l sky-2025-03-17-18-54-01-461592/provision.log\u001b[0m</rich_update>"</sky-payload>
<sky-payload>"<rich_update>[bold cyan]Launching[/]  \u001b[2mView logs: sky api logs -l sky-2025-03-17-18-54-01-461592/provision.log\u001b[0m</rich_update>"</sky-payload>
I 03-17 18:54:01 cloud_vm_ray_backend.py:1520] [0m⚙︎ Launching on AWS ap-northeast-2[0m (ap-northeast-2a,ap-northeast-2d).
[2mW 03-17 18:54:04 instance.py:243] create_instances: Attempt failed with An error occurred (InsufficientInstanceCapacity) when calling the RunInstances operation (reached max retries: 0): We currently do not have sufficient g6.xlarge capacity in the Availability Zone you requested (ap-northeast-2a). Our system will be working on provisioning additional capacity. You can currently get g6.xlarge capacity by not specifying an Availability Zone in your request or choosing ap-northeast-2d.[0m
[2mW 03-17 18:54:05 instance.py:243] create_instances: Attempt failed with An error occurred (InsufficientInstanceCapacity) when calling the RunInstances operation (reached max retries: 0): We currently do not have sufficient g6.xlarge capacity in the Availability Zone you requested (ap-northeast-2d). Our system will be working on provisioning additional capacity. You can currently get g6.xlarge capacity by not specifying an Availability Zone in your request or choosing ap-northeast-2a.[0m
W 03-17 18:54:06 cloud_vm_ray_backend.py:2061] sky.exceptions.ResourcesUnavailableError: Failed to acquire resources in all zones in ap-northeast-2 for {AWS(cpus=4, {'L4': 1})}. 
W 03-17 18:54:06 cloud_vm_ray_backend.py:2097] 
W 03-17 18:54:06 cloud_vm_ray_backend.py:2097] [0m[33m↺[0m Trying other potential resources.
<sky-payload>"<rich_update>[bold cyan]Looking for resources[/]  \u001b[2mView logs: sky api logs -l sky-2025-03-17-18-54-01-461592/provision.log\u001b[0m</rich_update>"</sky-payload>
<sky-payload>"<rich_update>[bold cyan]Optimizing[/]</rich_update>"</sky-payload>
<sky-payload>"<rich_start>[bold cyan]Launching[/]</rich_start>"</sky-payload>
<sky-payload>"<rich_update>[bold cyan]Looking for resources[/]  \u001b[2mView logs: sky api logs -l sky-2025-03-17-18-54-01-461592/provision.log\u001b[0m</rich_update>"</sky-payload>
E 03-17 18:54:06 cloud_vm_ray_backend.py:2904] [0m[31m⨯[0m Failed to provision resources. [2mView logs: sky api logs -l sky-2025-03-17-18-54-01-461592/provision.log[0m
<sky-payload>"<rich_exit></rich_exit>"</sky-payload>

[?25hI 03-17 18:54:06 recovery_strategy.py:326] Failed to launch a cluster with error: sky.exceptions.ResourcesUnavailableError: [31mFailed to provision all possible launchable resources.[0m Relax the task's resource requirements: 1x AWS(cpus=4, {'L4': 1})
I 03-17 18:54:06 recovery_strategy.py:326] To keep retrying until the cluster is up, use the `--retry-until-up` flag.
I 03-17 18:54:06 recovery_strategy.py:326] Reasons for provision failures (for details, please check the log above):
I 03-17 18:54:06 recovery_strategy.py:326] Resource          Reason                                                     
I 03-17 18:54:06 recovery_strategy.py:326] AWS(g6.xlarge,    Failed to acquire resources in all zones in ap-            
I 03-17 18:54:06 recovery_strategy.py:326] {'L4': 1})        northeast-2 for {AWS(cpus=4, {'L4': 1})}.                  )
I 03-17 18:54:06 recovery_strategy.py:364] Retrying to launch the cluster in 217.2 seconds.
I 03-17 18:57:45 storage.py:699] Verifying bucket for storage skypilot-filemounts-root-726f1974-8t5mbkle
<sky-payload>"<rich_init>[bold cyan]Optimizing[/]</rich_init>"</sky-payload>
<sky-payload>"<rich_update>[bold cyan]Optimizing[/]</rich_update>"</sky-payload>
<sky-payload>"<rich_start>[bold cyan]Optimizing[/]</rich_start>"</sky-payload>
I 03-17 18:57:46 optimizer.py:749] [1mEstimated cost: [0m$1.0 / hour
I 03-17 18:57:46 optimizer.py:749] 
I 03-17 18:57:46 optimizer.py:884] Considered resources (1 node):
I 03-17 18:57:46 optimizer.py:952] -------------------------------------------------------------------------------------------
I 03-17 18:57:46 optimizer.py:952]  CLOUD   INSTANCE    vCPUs   Mem(GB)   ACCELERATORS   REGION/ZONE      COST ($)   CHOSEN   
I 03-17 18:57:46 optimizer.py:952] -------------------------------------------------------------------------------------------
I 03-17 18:57:46 optimizer.py:952]  AWS     g6.xlarge   4       16        L4:1           ap-northeast-2   0.99       [32m   ✔[0m     
I 03-17 18:57:46 optimizer.py:952] -------------------------------------------------------------------------------------------
<sky-payload>"<rich_exit></rich_exit>"</sky-payload>
<sky-payload>"<rich_init>[bold cyan]Launching[/]</rich_init>"</sky-payload>
<sky-payload>"<rich_update>[bold cyan]Launching[/]</rich_update>"</sky-payload>
<sky-payload>"<rich_start>[bold cyan]Launching[/]</rich_start>"</sky-payload>
<sky-payload>"<rich_update>[bold cyan]Launching[/]  \u001b[2mView logs: sky api logs -l sky-2025-03-17-18-57-46-058662/provision.log\u001b[0m</rich_update>"</sky-payload>
<sky-payload>"<rich_update>[bold cyan]Launching[/]  \u001b[2mView logs: sky api logs -l sky-2025-03-17-18-57-46-058662/provision.log\u001b[0m</rich_update>"</sky-payload>
I 03-17 18:57:46 cloud_vm_ray_backend.py:1520] [0m⚙︎ Launching on AWS ap-northeast-2[0m (ap-northeast-2a,ap-northeast-2d).
[2mW 03-17 18:57:49 instance.py:243] create_instances: Attempt failed with An error occurred (InsufficientInstanceCapacity) when calling the RunInstances operation (reached max retries: 0): We currently do not have sufficient g6.xlarge capacity in the Availability Zone you requested (ap-northeast-2a). Our system will be working on provisioning additional capacity. You can currently get g6.xlarge capacity by not specifying an Availability Zone in your request or choosing ap-northeast-2d.[0m
[2mW 03-17 18:57:50 instance.py:243] create_instances: Attempt failed with An error occurred (InsufficientInstanceCapacity) when calling the RunInstances operation (reached max retries: 0): We currently do not have sufficient g6.xlarge capacity in the Availability Zone you requested (ap-northeast-2d). Our system will be working on provisioning additional capacity. You can currently get g6.xlarge capacity by not specifying an Availability Zone in your request or choosing ap-northeast-2a.[0m
W 03-17 18:57:50 cloud_vm_ray_backend.py:2061] sky.exceptions.ResourcesUnavailableError: Failed to acquire resources in all zones in ap-northeast-2 for {AWS(cpus=4, {'L4': 1})}. 
W 03-17 18:57:50 cloud_vm_ray_backend.py:2097] 
W 03-17 18:57:50 cloud_vm_ray_backend.py:2097] [0m[33m↺[0m Trying other potential resources.
<sky-payload>"<rich_update>[bold cyan]Looking for resources[/]  \u001b[2mView logs: sky api logs -l sky-2025-03-17-18-57-46-058662/provision.log\u001b[0m</rich_update>"</sky-payload>
<sky-payload>"<rich_update>[bold cyan]Optimizing[/]</rich_update>"</sky-payload>
<sky-payload>"<rich_start>[bold cyan]Launching[/]</rich_start>"</sky-payload>
<sky-payload>"<rich_update>[bold cyan]Looking for resources[/]  \u001b[2mView logs: sky api logs -l sky-2025-03-17-18-57-46-058662/provision.log\u001b[0m</rich_update>"</sky-payload>
E 03-17 18:57:50 cloud_vm_ray_backend.py:2904] [0m[31m⨯[0m Failed to provision resources. [2mView logs: sky api logs -l sky-2025-03-17-18-57-46-058662/provision.log[0m
<sky-payload>"<rich_exit></rich_exit>"</sky-payload>

[?25hI 03-17 18:57:51 recovery_strategy.py:326] Failed to launch a cluster with error: sky.exceptions.ResourcesUnavailableError: [31mFailed to provision all possible launchable resources.[0m Relax the task's resource requirements: 1x AWS(cpus=4, {'L4': 1})
I 03-17 18:57:51 recovery_strategy.py:326] To keep retrying until the cluster is up, use the `--retry-until-up` flag.
I 03-17 18:57:51 recovery_strategy.py:326] Reasons for provision failures (for details, please check the log above):
I 03-17 18:57:51 recovery_strategy.py:326] Resource          Reason                                                     
I 03-17 18:57:51 recovery_strategy.py:326] AWS(g6.xlarge,    Failed to acquire resources in all zones in ap-            
I 03-17 18:57:51 recovery_strategy.py:326] {'L4': 1})        northeast-2 for {AWS(cpus=4, {'L4': 1})}.                  )
I 03-17 18:57:51 recovery_strategy.py:364] Retrying to launch the cluster in 407.4 seconds.
I 03-17 19:04:39 storage.py:699] Verifying bucket for storage skypilot-filemounts-root-726f1974-8t5mbkle
<sky-payload>"<rich_init>[bold cyan]Optimizing[/]</rich_init>"</sky-payload>
<sky-payload>"<rich_update>[bold cyan]Optimizing[/]</rich_update>"</sky-payload>
<sky-payload>"<rich_start>[bold cyan]Optimizing[/]</rich_start>"</sky-payload>
I 03-17 19:04:40 optimizer.py:749] [1mEstimated cost: [0m$1.0 / hour
I 03-17 19:04:40 optimizer.py:749] 
I 03-17 19:04:40 optimizer.py:884] Considered resources (1 node):
I 03-17 19:04:40 optimizer.py:952] -------------------------------------------------------------------------------------------
I 03-17 19:04:40 optimizer.py:952]  CLOUD   INSTANCE    vCPUs   Mem(GB)   ACCELERATORS   REGION/ZONE      COST ($)   CHOSEN   
I 03-17 19:04:40 optimizer.py:952] -------------------------------------------------------------------------------------------
I 03-17 19:04:40 optimizer.py:952]  AWS     g6.xlarge   4       16        L4:1           ap-northeast-2   0.99       [32m   ✔[0m     
I 03-17 19:04:40 optimizer.py:952] -------------------------------------------------------------------------------------------
<sky-payload>"<rich_exit></rich_exit>"</sky-payload>
<sky-payload>"<rich_init>[bold cyan]Launching[/]</rich_init>"</sky-payload>
<sky-payload>"<rich_update>[bold cyan]Launching[/]</rich_update>"</sky-payload>
<sky-payload>"<rich_start>[bold cyan]Launching[/]</rich_start>"</sky-payload>
<sky-payload>"<rich_update>[bold cyan]Launching[/]  \u001b[2mView logs: sky api logs -l sky-2025-03-17-19-04-40-678305/provision.log\u001b[0m</rich_update>"</sky-payload>
<sky-payload>"<rich_update>[bold cyan]Launching[/]  \u001b[2mView logs: sky api logs -l sky-2025-03-17-19-04-40-678305/provision.log\u001b[0m</rich_update>"</sky-payload>
I 03-17 19:04:40 cloud_vm_ray_backend.py:1520] [0m⚙︎ Launching on AWS ap-northeast-2[0m (ap-northeast-2a,ap-northeast-2d).
[2mW 03-17 19:04:47 instance.py:243] create_instances: Attempt failed with An error occurred (InsufficientInstanceCapacity) when calling the RunInstances operation (reached max retries: 0): We currently do not have sufficient g6.xlarge capacity in the Availability Zone you requested (ap-northeast-2a). Our system will be working on provisioning additional capacity. You can currently get g6.xlarge capacity by not specifying an Availability Zone in your request or choosing ap-northeast-2d.[0m
[2mW 03-17 19:04:55 instance.py:243] create_instances: Attempt failed with An error occurred (InsufficientInstanceCapacity) when calling the RunInstances operation (reached max retries: 0): We currently do not have sufficient g6.xlarge capacity in the Availability Zone you requested (ap-northeast-2d). Our system will be working on provisioning additional capacity. You can currently get g6.xlarge capacity by not specifying an Availability Zone in your request or choosing ap-northeast-2a.[0m
W 03-17 19:04:56 cloud_vm_ray_backend.py:2061] sky.exceptions.ResourcesUnavailableError: Failed to acquire resources in all zones in ap-northeast-2 for {AWS(cpus=4, {'L4': 1})}. 
W 03-17 19:04:56 cloud_vm_ray_backend.py:2097] 
W 03-17 19:04:56 cloud_vm_ray_backend.py:2097] [0m[33m↺[0m Trying other potential resources.
<sky-payload>"<rich_update>[bold cyan]Looking for resources[/]  \u001b[2mView logs: sky api logs -l sky-2025-03-17-19-04-40-678305/provision.log\u001b[0m</rich_update>"</sky-payload>
<sky-payload>"<rich_update>[bold cyan]Optimizing[/]</rich_update>"</sky-payload>
<sky-payload>"<rich_start>[bold cyan]Launching[/]</rich_start>"</sky-payload>
<sky-payload>"<rich_update>[bold cyan]Looking for resources[/]  \u001b[2mView logs: sky api logs -l sky-2025-03-17-19-04-40-678305/provision.log\u001b[0m</rich_update>"</sky-payload>
E 03-17 19:04:56 cloud_vm_ray_backend.py:2904] [0m[31m⨯[0m Failed to provision resources. [2mView logs: sky api logs -l sky-2025-03-17-19-04-40-678305/provision.log[0m
<sky-payload>"<rich_exit></rich_exit>"</sky-payload>

[?25hI 03-17 19:04:56 recovery_strategy.py:326] Failed to launch a cluster with error: sky.exceptions.ResourcesUnavailableError: [31mFailed to provision all possible launchable resources.[0m Relax the task's resource requirements: 1x AWS(cpus=4, {'L4': 1})
I 03-17 19:04:56 recovery_strategy.py:326] To keep retrying until the cluster is up, use the `--retry-until-up` flag.
I 03-17 19:04:56 recovery_strategy.py:326] Reasons for provision failures (for details, please check the log above):
I 03-17 19:04:56 recovery_strategy.py:326] Resource          Reason                                                     
I 03-17 19:04:56 recovery_strategy.py:326] AWS(g6.xlarge,    Failed to acquire resources in all zones in ap-            
I 03-17 19:04:56 recovery_strategy.py:326] {'L4': 1})        northeast-2 for {AWS(cpus=4, {'L4': 1})}.                  )
I 03-17 19:04:56 recovery_strategy.py:364] Retrying to launch the cluster in 233.1 seconds.
I 03-17 19:08:51 storage.py:699] Verifying bucket for storage skypilot-filemounts-root-726f1974-8t5mbkle
<sky-payload>"<rich_init>[bold cyan]Optimizing[/]</rich_init>"</sky-payload>
<sky-payload>"<rich_update>[bold cyan]Optimizing[/]</rich_update>"</sky-payload>
<sky-payload>"<rich_start>[bold cyan]Optimizing[/]</rich_start>"</sky-payload>
I 03-17 19:08:51 optimizer.py:749] [1mEstimated cost: [0m$1.0 / hour
I 03-17 19:08:51 optimizer.py:749] 
I 03-17 19:08:51 optimizer.py:884] Considered resources (1 node):
I 03-17 19:08:51 optimizer.py:952] -------------------------------------------------------------------------------------------
I 03-17 19:08:51 optimizer.py:952]  CLOUD   INSTANCE    vCPUs   Mem(GB)   ACCELERATORS   REGION/ZONE      COST ($)   CHOSEN   
I 03-17 19:08:51 optimizer.py:952] -------------------------------------------------------------------------------------------
I 03-17 19:08:51 optimizer.py:952]  AWS     g6.xlarge   4       16        L4:1           ap-northeast-2   0.99       [32m   ✔[0m     
I 03-17 19:08:51 optimizer.py:952] -------------------------------------------------------------------------------------------
<sky-payload>"<rich_exit></rich_exit>"</sky-payload>
<sky-payload>"<rich_init>[bold cyan]Launching[/]</rich_init>"</sky-payload>
<sky-payload>"<rich_update>[bold cyan]Launching[/]</rich_update>"</sky-payload>
<sky-payload>"<rich_start>[bold cyan]Launching[/]</rich_start>"</sky-payload>
<sky-payload>"<rich_update>[bold cyan]Launching[/]  \u001b[2mView logs: sky api logs -l sky-2025-03-17-19-08-51-888046/provision.log\u001b[0m</rich_update>"</sky-payload>
<sky-payload>"<rich_update>[bold cyan]Launching[/]  \u001b[2mView logs: sky api logs -l sky-2025-03-17-19-08-51-888046/provision.log\u001b[0m</rich_update>"</sky-payload>
I 03-17 19:08:52 cloud_vm_ray_backend.py:1520] [0m⚙︎ Launching on AWS ap-northeast-2[0m (ap-northeast-2a,ap-northeast-2d).
[2mW 03-17 19:08:55 instance.py:243] create_instances: Attempt failed with An error occurred (InsufficientInstanceCapacity) when calling the RunInstances operation (reached max retries: 0): We currently do not have sufficient g6.xlarge capacity in the Availability Zone you requested (ap-northeast-2a). Our system will be working on provisioning additional capacity. You can currently get g6.xlarge capacity by not specifying an Availability Zone in your request or choosing ap-northeast-2d.[0m
[2mW 03-17 19:09:00 instance.py:243] create_instances: Attempt failed with An error occurred (InsufficientInstanceCapacity) when calling the RunInstances operation (reached max retries: 0): We currently do not have sufficient g6.xlarge capacity in the Availability Zone you requested (ap-northeast-2d). Our system will be working on provisioning additional capacity. You can currently get g6.xlarge capacity by not specifying an Availability Zone in your request or choosing ap-northeast-2a.[0m
W 03-17 19:09:01 cloud_vm_ray_backend.py:2061] sky.exceptions.ResourcesUnavailableError: Failed to acquire resources in all zones in ap-northeast-2 for {AWS(cpus=4, {'L4': 1})}. 
W 03-17 19:09:01 cloud_vm_ray_backend.py:2097] 
W 03-17 19:09:01 cloud_vm_ray_backend.py:2097] [0m[33m↺[0m Trying other potential resources.
<sky-payload>"<rich_update>[bold cyan]Looking for resources[/]  \u001b[2mView logs: sky api logs -l sky-2025-03-17-19-08-51-888046/provision.log\u001b[0m</rich_update>"</sky-payload>
<sky-payload>"<rich_update>[bold cyan]Optimizing[/]</rich_update>"</sky-payload>
<sky-payload>"<rich_start>[bold cyan]Launching[/]</rich_start>"</sky-payload>
<sky-payload>"<rich_update>[bold cyan]Looking for resources[/]  \u001b[2mView logs: sky api logs -l sky-2025-03-17-19-08-51-888046/provision.log\u001b[0m</rich_update>"</sky-payload>
E 03-17 19:09:01 cloud_vm_ray_backend.py:2904] [0m[31m⨯[0m Failed to provision resources. [2mView logs: sky api logs -l sky-2025-03-17-19-08-51-888046/provision.log[0m
<sky-payload>"<rich_exit></rich_exit>"</sky-payload>

[?25hI 03-17 19:09:01 recovery_strategy.py:326] Failed to launch a cluster with error: sky.exceptions.ResourcesUnavailableError: [31mFailed to provision all possible launchable resources.[0m Relax the task's resource requirements: 1x AWS(cpus=4, {'L4': 1})
I 03-17 19:09:01 recovery_strategy.py:326] To keep retrying until the cluster is up, use the `--retry-until-up` flag.
I 03-17 19:09:01 recovery_strategy.py:326] Reasons for provision failures (for details, please check the log above):
I 03-17 19:09:01 recovery_strategy.py:326] Resource          Reason                                                     
I 03-17 19:09:01 recovery_strategy.py:326] AWS(g6.xlarge,    Failed to acquire resources in all zones in ap-            
I 03-17 19:09:01 recovery_strategy.py:326] {'L4': 1})        northeast-2 for {AWS(cpus=4, {'L4': 1})}.                  )
I 03-17 19:09:01 recovery_strategy.py:364] Retrying to launch the cluster in 363.4 seconds.
I 03-17 19:15:06 storage.py:699] Verifying bucket for storage skypilot-filemounts-root-726f1974-8t5mbkle
<sky-payload>"<rich_init>[bold cyan]Optimizing[/]</rich_init>"</sky-payload>
<sky-payload>"<rich_update>[bold cyan]Optimizing[/]</rich_update>"</sky-payload>
<sky-payload>"<rich_start>[bold cyan]Optimizing[/]</rich_start>"</sky-payload>
I 03-17 19:15:06 optimizer.py:749] [1mEstimated cost: [0m$1.0 / hour
I 03-17 19:15:06 optimizer.py:749] 
I 03-17 19:15:06 optimizer.py:884] Considered resources (1 node):
I 03-17 19:15:06 optimizer.py:952] -------------------------------------------------------------------------------------------
I 03-17 19:15:06 optimizer.py:952]  CLOUD   INSTANCE    vCPUs   Mem(GB)   ACCELERATORS   REGION/ZONE      COST ($)   CHOSEN   
I 03-17 19:15:06 optimizer.py:952] -------------------------------------------------------------------------------------------
I 03-17 19:15:06 optimizer.py:952]  AWS     g6.xlarge   4       16        L4:1           ap-northeast-2   0.99       [32m   ✔[0m     
I 03-17 19:15:06 optimizer.py:952] -------------------------------------------------------------------------------------------
<sky-payload>"<rich_exit></rich_exit>"</sky-payload>
<sky-payload>"<rich_init>[bold cyan]Launching[/]</rich_init>"</sky-payload>
<sky-payload>"<rich_update>[bold cyan]Launching[/]</rich_update>"</sky-payload>
<sky-payload>"<rich_start>[bold cyan]Launching[/]</rich_start>"</sky-payload>
<sky-payload>"<rich_update>[bold cyan]Launching[/]  \u001b[2mView logs: sky api logs -l sky-2025-03-17-19-15-06-916584/provision.log\u001b[0m</rich_update>"</sky-payload>
<sky-payload>"<rich_update>[bold cyan]Launching[/]  \u001b[2mView logs: sky api logs -l sky-2025-03-17-19-15-06-916584/provision.log\u001b[0m</rich_update>"</sky-payload>
I 03-17 19:15:07 cloud_vm_ray_backend.py:1520] [0m⚙︎ Launching on AWS ap-northeast-2[0m (ap-northeast-2a,ap-northeast-2d).
[2mW 03-17 19:15:10 instance.py:243] create_instances: Attempt failed with An error occurred (InsufficientInstanceCapacity) when calling the RunInstances operation (reached max retries: 0): We currently do not have sufficient g6.xlarge capacity in the Availability Zone you requested (ap-northeast-2a). Our system will be working on provisioning additional capacity. You can currently get g6.xlarge capacity by not specifying an Availability Zone in your request or choosing ap-northeast-2d.[0m
[2mW 03-17 19:15:11 instance.py:243] create_instances: Attempt failed with An error occurred (InsufficientInstanceCapacity) when calling the RunInstances operation (reached max retries: 0): We currently do not have sufficient g6.xlarge capacity in the Availability Zone you requested (ap-northeast-2d). Our system will be working on provisioning additional capacity. You can currently get g6.xlarge capacity by not specifying an Availability Zone in your request or choosing ap-northeast-2a.[0m
W 03-17 19:15:11 cloud_vm_ray_backend.py:2061] sky.exceptions.ResourcesUnavailableError: Failed to acquire resources in all zones in ap-northeast-2 for {AWS(cpus=4, {'L4': 1})}. 
W 03-17 19:15:11 cloud_vm_ray_backend.py:2097] 
W 03-17 19:15:11 cloud_vm_ray_backend.py:2097] [0m[33m↺[0m Trying other potential resources.
<sky-payload>"<rich_update>[bold cyan]Looking for resources[/]  \u001b[2mView logs: sky api logs -l sky-2025-03-17-19-15-06-916584/provision.log\u001b[0m</rich_update>"</sky-payload>
<sky-payload>"<rich_update>[bold cyan]Optimizing[/]</rich_update>"</sky-payload>
<sky-payload>"<rich_start>[bold cyan]Launching[/]</rich_start>"</sky-payload>
<sky-payload>"<rich_update>[bold cyan]Looking for resources[/]  \u001b[2mView logs: sky api logs -l sky-2025-03-17-19-15-06-916584/provision.log\u001b[0m</rich_update>"</sky-payload>
E 03-17 19:15:11 cloud_vm_ray_backend.py:2904] [0m[31m⨯[0m Failed to provision resources. [2mView logs: sky api logs -l sky-2025-03-17-19-15-06-916584/provision.log[0m
<sky-payload>"<rich_exit></rich_exit>"</sky-payload>

[?25hI 03-17 19:15:12 recovery_strategy.py:326] Failed to launch a cluster with error: sky.exceptions.ResourcesUnavailableError: [31mFailed to provision all possible launchable resources.[0m Relax the task's resource requirements: 1x AWS(cpus=4, {'L4': 1})
I 03-17 19:15:12 recovery_strategy.py:326] To keep retrying until the cluster is up, use the `--retry-until-up` flag.
I 03-17 19:15:12 recovery_strategy.py:326] Reasons for provision failures (for details, please check the log above):
I 03-17 19:15:12 recovery_strategy.py:326] Resource          Reason                                                     
I 03-17 19:15:12 recovery_strategy.py:326] AWS(g6.xlarge,    Failed to acquire resources in all zones in ap-            
I 03-17 19:15:12 recovery_strategy.py:326] {'L4': 1})        northeast-2 for {AWS(cpus=4, {'L4': 1})}.                  )
I 03-17 19:15:12 recovery_strategy.py:364] Retrying to launch the cluster in 235.1 seconds.
I 03-17 19:19:08 storage.py:699] Verifying bucket for storage skypilot-filemounts-root-726f1974-8t5mbkle
<sky-payload>"<rich_init>[bold cyan]Optimizing[/]</rich_init>"</sky-payload>
<sky-payload>"<rich_update>[bold cyan]Optimizing[/]</rich_update>"</sky-payload>
<sky-payload>"<rich_start>[bold cyan]Optimizing[/]</rich_start>"</sky-payload>
I 03-17 19:19:09 optimizer.py:749] [1mEstimated cost: [0m$1.0 / hour
I 03-17 19:19:09 optimizer.py:749] 
I 03-17 19:19:09 optimizer.py:884] Considered resources (1 node):
I 03-17 19:19:09 optimizer.py:952] -------------------------------------------------------------------------------------------
I 03-17 19:19:09 optimizer.py:952]  CLOUD   INSTANCE    vCPUs   Mem(GB)   ACCELERATORS   REGION/ZONE      COST ($)   CHOSEN   
I 03-17 19:19:09 optimizer.py:952] -------------------------------------------------------------------------------------------
I 03-17 19:19:09 optimizer.py:952]  AWS     g6.xlarge   4       16        L4:1           ap-northeast-2   0.99       [32m   ✔[0m     
I 03-17 19:19:09 optimizer.py:952] -------------------------------------------------------------------------------------------
<sky-payload>"<rich_exit></rich_exit>"</sky-payload>
<sky-payload>"<rich_init>[bold cyan]Launching[/]</rich_init>"</sky-payload>
<sky-payload>"<rich_update>[bold cyan]Launching[/]</rich_update>"</sky-payload>
<sky-payload>"<rich_start>[bold cyan]Launching[/]</rich_start>"</sky-payload>
<sky-payload>"<rich_update>[bold cyan]Launching[/]  \u001b[2mView logs: sky api logs -l sky-2025-03-17-19-19-09-200659/provision.log\u001b[0m</rich_update>"</sky-payload>
<sky-payload>"<rich_update>[bold cyan]Launching[/]  \u001b[2mView logs: sky api logs -l sky-2025-03-17-19-19-09-200659/provision.log\u001b[0m</rich_update>"</sky-payload>
I 03-17 19:19:09 cloud_vm_ray_backend.py:1520] [0m⚙︎ Launching on AWS ap-northeast-2[0m (ap-northeast-2a,ap-northeast-2d).
[2mW 03-17 19:19:12 instance.py:243] create_instances: Attempt failed with An error occurred (InsufficientInstanceCapacity) when calling the RunInstances operation (reached max retries: 0): We currently do not have sufficient g6.xlarge capacity in the Availability Zone you requested (ap-northeast-2a). Our system will be working on provisioning additional capacity. You can currently get g6.xlarge capacity by not specifying an Availability Zone in your request or choosing ap-northeast-2d.[0m
[2mW 03-17 19:19:13 instance.py:243] create_instances: Attempt failed with An error occurred (InsufficientInstanceCapacity) when calling the RunInstances operation (reached max retries: 0): We currently do not have sufficient g6.xlarge capacity in the Availability Zone you requested (ap-northeast-2d). Our system will be working on provisioning additional capacity. You can currently get g6.xlarge capacity by not specifying an Availability Zone in your request or choosing ap-northeast-2a.[0m
W 03-17 19:19:13 cloud_vm_ray_backend.py:2061] sky.exceptions.ResourcesUnavailableError: Failed to acquire resources in all zones in ap-northeast-2 for {AWS(cpus=4, {'L4': 1})}. 
W 03-17 19:19:13 cloud_vm_ray_backend.py:2097] 
W 03-17 19:19:13 cloud_vm_ray_backend.py:2097] [0m[33m↺[0m Trying other potential resources.
<sky-payload>"<rich_update>[bold cyan]Looking for resources[/]  \u001b[2mView logs: sky api logs -l sky-2025-03-17-19-19-09-200659/provision.log\u001b[0m</rich_update>"</sky-payload>
<sky-payload>"<rich_update>[bold cyan]Optimizing[/]</rich_update>"</sky-payload>
<sky-payload>"<rich_start>[bold cyan]Launching[/]</rich_start>"</sky-payload>
<sky-payload>"<rich_update>[bold cyan]Looking for resources[/]  \u001b[2mView logs: sky api logs -l sky-2025-03-17-19-19-09-200659/provision.log\u001b[0m</rich_update>"</sky-payload>
E 03-17 19:19:13 cloud_vm_ray_backend.py:2904] [0m[31m⨯[0m Failed to provision resources. [2mView logs: sky api logs -l sky-2025-03-17-19-19-09-200659/provision.log[0m
<sky-payload>"<rich_exit></rich_exit>"</sky-payload>

[?25hI 03-17 19:19:14 recovery_strategy.py:326] Failed to launch a cluster with error: sky.exceptions.ResourcesUnavailableError: [31mFailed to provision all possible launchable resources.[0m Relax the task's resource requirements: 1x AWS(cpus=4, {'L4': 1})
I 03-17 19:19:14 recovery_strategy.py:326] To keep retrying until the cluster is up, use the `--retry-until-up` flag.
I 03-17 19:19:14 recovery_strategy.py:326] Reasons for provision failures (for details, please check the log above):
I 03-17 19:19:14 recovery_strategy.py:326] Resource          Reason                                                     
I 03-17 19:19:14 recovery_strategy.py:326] AWS(g6.xlarge,    Failed to acquire resources in all zones in ap-            
I 03-17 19:19:14 recovery_strategy.py:326] {'L4': 1})        northeast-2 for {AWS(cpus=4, {'L4': 1})}.                  )
I 03-17 19:19:14 recovery_strategy.py:364] Retrying to launch the cluster in 366.0 seconds.
I 03-17 19:25:21 storage.py:699] Verifying bucket for storage skypilot-filemounts-root-726f1974-8t5mbkle
<sky-payload>"<rich_init>[bold cyan]Optimizing[/]</rich_init>"</sky-payload>
<sky-payload>"<rich_update>[bold cyan]Optimizing[/]</rich_update>"</sky-payload>
<sky-payload>"<rich_start>[bold cyan]Optimizing[/]</rich_start>"</sky-payload>
I 03-17 19:25:22 optimizer.py:749] [1mEstimated cost: [0m$1.0 / hour
I 03-17 19:25:22 optimizer.py:749] 
I 03-17 19:25:22 optimizer.py:884] Considered resources (1 node):
I 03-17 19:25:22 optimizer.py:952] -------------------------------------------------------------------------------------------
I 03-17 19:25:22 optimizer.py:952]  CLOUD   INSTANCE    vCPUs   Mem(GB)   ACCELERATORS   REGION/ZONE      COST ($)   CHOSEN   
I 03-17 19:25:22 optimizer.py:952] -------------------------------------------------------------------------------------------
I 03-17 19:25:22 optimizer.py:952]  AWS     g6.xlarge   4       16        L4:1           ap-northeast-2   0.99       [32m   ✔[0m     
I 03-17 19:25:22 optimizer.py:952] -------------------------------------------------------------------------------------------
<sky-payload>"<rich_exit></rich_exit>"</sky-payload>
<sky-payload>"<rich_init>[bold cyan]Launching[/]</rich_init>"</sky-payload>
<sky-payload>"<rich_update>[bold cyan]Launching[/]</rich_update>"</sky-payload>
<sky-payload>"<rich_start>[bold cyan]Launching[/]</rich_start>"</sky-payload>
<sky-payload>"<rich_update>[bold cyan]Launching[/]  \u001b[2mView logs: sky api logs -l sky-2025-03-17-19-25-22-403171/provision.log\u001b[0m</rich_update>"</sky-payload>
<sky-payload>"<rich_update>[bold cyan]Launching[/]  \u001b[2mView logs: sky api logs -l sky-2025-03-17-19-25-22-403171/provision.log\u001b[0m</rich_update>"</sky-payload>
I 03-17 19:25:22 cloud_vm_ray_backend.py:1520] [0m⚙︎ Launching on AWS ap-northeast-2[0m (ap-northeast-2a,ap-northeast-2d).
[2mW 03-17 19:25:25 instance.py:243] create_instances: Attempt failed with An error occurred (InsufficientInstanceCapacity) when calling the RunInstances operation (reached max retries: 0): We currently do not have sufficient g6.xlarge capacity in the Availability Zone you requested (ap-northeast-2a). Our system will be working on provisioning additional capacity. You can currently get g6.xlarge capacity by not specifying an Availability Zone in your request or choosing ap-northeast-2d.[0m
[2mW 03-17 19:25:26 instance.py:243] create_instances: Attempt failed with An error occurred (InsufficientInstanceCapacity) when calling the RunInstances operation (reached max retries: 0): We currently do not have sufficient g6.xlarge capacity in the Availability Zone you requested (ap-northeast-2d). Our system will be working on provisioning additional capacity. You can currently get g6.xlarge capacity by not specifying an Availability Zone in your request or choosing ap-northeast-2a.[0m
W 03-17 19:25:27 cloud_vm_ray_backend.py:2061] sky.exceptions.ResourcesUnavailableError: Failed to acquire resources in all zones in ap-northeast-2 for {AWS(cpus=4, {'L4': 1})}. 
W 03-17 19:25:27 cloud_vm_ray_backend.py:2097] 
W 03-17 19:25:27 cloud_vm_ray_backend.py:2097] [0m[33m↺[0m Trying other potential resources.
<sky-payload>"<rich_update>[bold cyan]Looking for resources[/]  \u001b[2mView logs: sky api logs -l sky-2025-03-17-19-25-22-403171/provision.log\u001b[0m</rich_update>"</sky-payload>
<sky-payload>"<rich_update>[bold cyan]Optimizing[/]</rich_update>"</sky-payload>
<sky-payload>"<rich_start>[bold cyan]Launching[/]</rich_start>"</sky-payload>
<sky-payload>"<rich_update>[bold cyan]Looking for resources[/]  \u001b[2mView logs: sky api logs -l sky-2025-03-17-19-25-22-403171/provision.log\u001b[0m</rich_update>"</sky-payload>
E 03-17 19:25:27 cloud_vm_ray_backend.py:2904] [0m[31m⨯[0m Failed to provision resources. [2mView logs: sky api logs -l sky-2025-03-17-19-25-22-403171/provision.log[0m
<sky-payload>"<rich_exit></rich_exit>"</sky-payload>

[?25hI 03-17 19:25:27 recovery_strategy.py:326] Failed to launch a cluster with error: sky.exceptions.ResourcesUnavailableError: [31mFailed to provision all possible launchable resources.[0m Relax the task's resource requirements: 1x AWS(cpus=4, {'L4': 1})
I 03-17 19:25:27 recovery_strategy.py:326] To keep retrying until the cluster is up, use the `--retry-until-up` flag.
I 03-17 19:25:27 recovery_strategy.py:326] Reasons for provision failures (for details, please check the log above):
I 03-17 19:25:27 recovery_strategy.py:326] Resource          Reason                                                     
I 03-17 19:25:27 recovery_strategy.py:326] AWS(g6.xlarge,    Failed to acquire resources in all zones in ap-            
I 03-17 19:25:27 recovery_strategy.py:326] {'L4': 1})        northeast-2 for {AWS(cpus=4, {'L4': 1})}.                  )
I 03-17 19:25:27 recovery_strategy.py:364] Retrying to launch the cluster in 204.1 seconds.
I 03-17 19:28:52 storage.py:699] Verifying bucket for storage skypilot-filemounts-root-726f1974-8t5mbkle
<sky-payload>"<rich_init>[bold cyan]Optimizing[/]</rich_init>"</sky-payload>
<sky-payload>"<rich_update>[bold cyan]Optimizing[/]</rich_update>"</sky-payload>
<sky-payload>"<rich_start>[bold cyan]Optimizing[/]</rich_start>"</sky-payload>
I 03-17 19:28:53 optimizer.py:749] [1mEstimated cost: [0m$1.0 / hour
I 03-17 19:28:53 optimizer.py:749] 
I 03-17 19:28:53 optimizer.py:884] Considered resources (1 node):
I 03-17 19:28:53 optimizer.py:952] -------------------------------------------------------------------------------------------
I 03-17 19:28:53 optimizer.py:952]  CLOUD   INSTANCE    vCPUs   Mem(GB)   ACCELERATORS   REGION/ZONE      COST ($)   CHOSEN   
I 03-17 19:28:53 optimizer.py:952] -------------------------------------------------------------------------------------------
I 03-17 19:28:53 optimizer.py:952]  AWS     g6.xlarge   4       16        L4:1           ap-northeast-2   0.99       [32m   ✔[0m     
I 03-17 19:28:53 optimizer.py:952] -------------------------------------------------------------------------------------------
<sky-payload>"<rich_exit></rich_exit>"</sky-payload>
<sky-payload>"<rich_init>[bold cyan]Launching[/]</rich_init>"</sky-payload>
<sky-payload>"<rich_update>[bold cyan]Launching[/]</rich_update>"</sky-payload>
<sky-payload>"<rich_start>[bold cyan]Launching[/]</rich_start>"</sky-payload>
<sky-payload>"<rich_update>[bold cyan]Launching[/]  \u001b[2mView logs: sky api logs -l sky-2025-03-17-19-28-53-787198/provision.log\u001b[0m</rich_update>"</sky-payload>
<sky-payload>"<rich_update>[bold cyan]Launching[/]  \u001b[2mView logs: sky api logs -l sky-2025-03-17-19-28-53-787198/provision.log\u001b[0m</rich_update>"</sky-payload>
I 03-17 19:28:53 cloud_vm_ray_backend.py:1520] [0m⚙︎ Launching on AWS ap-northeast-2[0m (ap-northeast-2a,ap-northeast-2d).
[2mW 03-17 19:28:56 instance.py:243] create_instances: Attempt failed with An error occurred (InsufficientInstanceCapacity) when calling the RunInstances operation (reached max retries: 0): We currently do not have sufficient g6.xlarge capacity in the Availability Zone you requested (ap-northeast-2a). Our system will be working on provisioning additional capacity. You can currently get g6.xlarge capacity by not specifying an Availability Zone in your request or choosing ap-northeast-2d.[0m
[2mW 03-17 19:28:58 instance.py:243] create_instances: Attempt failed with An error occurred (InsufficientInstanceCapacity) when calling the RunInstances operation (reached max retries: 0): We currently do not have sufficient g6.xlarge capacity in the Availability Zone you requested (ap-northeast-2d). Our system will be working on provisioning additional capacity. You can currently get g6.xlarge capacity by not specifying an Availability Zone in your request or choosing ap-northeast-2a.[0m
W 03-17 19:28:58 cloud_vm_ray_backend.py:2061] sky.exceptions.ResourcesUnavailableError: Failed to acquire resources in all zones in ap-northeast-2 for {AWS(cpus=4, {'L4': 1})}. 
W 03-17 19:28:58 cloud_vm_ray_backend.py:2097] 
W 03-17 19:28:58 cloud_vm_ray_backend.py:2097] [0m[33m↺[0m Trying other potential resources.
<sky-payload>"<rich_update>[bold cyan]Looking for resources[/]  \u001b[2mView logs: sky api logs -l sky-2025-03-17-19-28-53-787198/provision.log\u001b[0m</rich_update>"</sky-payload>
<sky-payload>"<rich_update>[bold cyan]Optimizing[/]</rich_update>"</sky-payload>
<sky-payload>"<rich_start>[bold cyan]Launching[/]</rich_start>"</sky-payload>
<sky-payload>"<rich_update>[bold cyan]Looking for resources[/]  \u001b[2mView logs: sky api logs -l sky-2025-03-17-19-28-53-787198/provision.log\u001b[0m</rich_update>"</sky-payload>
E 03-17 19:28:58 cloud_vm_ray_backend.py:2904] [0m[31m⨯[0m Failed to provision resources. [2mView logs: sky api logs -l sky-2025-03-17-19-28-53-787198/provision.log[0m
<sky-payload>"<rich_exit></rich_exit>"</sky-payload>

[?25hI 03-17 19:28:59 recovery_strategy.py:326] Failed to launch a cluster with error: sky.exceptions.ResourcesUnavailableError: [31mFailed to provision all possible launchable resources.[0m Relax the task's resource requirements: 1x AWS(cpus=4, {'L4': 1})
I 03-17 19:28:59 recovery_strategy.py:326] To keep retrying until the cluster is up, use the `--retry-until-up` flag.
I 03-17 19:28:59 recovery_strategy.py:326] Reasons for provision failures (for details, please check the log above):
I 03-17 19:28:59 recovery_strategy.py:326] Resource          Reason                                                     
I 03-17 19:28:59 recovery_strategy.py:326] AWS(g6.xlarge,    Failed to acquire resources in all zones in ap-            
I 03-17 19:28:59 recovery_strategy.py:326] {'L4': 1})        northeast-2 for {AWS(cpus=4, {'L4': 1})}.                  )
I 03-17 19:28:59 recovery_strategy.py:364] Retrying to launch the cluster in 374.3 seconds.
I 03-17 19:35:14 storage.py:699] Verifying bucket for storage skypilot-filemounts-root-726f1974-8t5mbkle
<sky-payload>"<rich_init>[bold cyan]Optimizing[/]</rich_init>"</sky-payload>
<sky-payload>"<rich_update>[bold cyan]Optimizing[/]</rich_update>"</sky-payload>
<sky-payload>"<rich_start>[bold cyan]Optimizing[/]</rich_start>"</sky-payload>
I 03-17 19:35:15 optimizer.py:749] [1mEstimated cost: [0m$1.0 / hour
I 03-17 19:35:15 optimizer.py:749] 
I 03-17 19:35:15 optimizer.py:884] Considered resources (1 node):
I 03-17 19:35:15 optimizer.py:952] -------------------------------------------------------------------------------------------
I 03-17 19:35:15 optimizer.py:952]  CLOUD   INSTANCE    vCPUs   Mem(GB)   ACCELERATORS   REGION/ZONE      COST ($)   CHOSEN   
I 03-17 19:35:15 optimizer.py:952] -------------------------------------------------------------------------------------------
I 03-17 19:35:15 optimizer.py:952]  AWS     g6.xlarge   4       16        L4:1           ap-northeast-2   0.99       [32m   ✔[0m     
I 03-17 19:35:15 optimizer.py:952] -------------------------------------------------------------------------------------------
<sky-payload>"<rich_exit></rich_exit>"</sky-payload>
<sky-payload>"<rich_init>[bold cyan]Launching[/]</rich_init>"</sky-payload>
<sky-payload>"<rich_update>[bold cyan]Launching[/]</rich_update>"</sky-payload>
<sky-payload>"<rich_start>[bold cyan]Launching[/]</rich_start>"</sky-payload>
<sky-payload>"<rich_update>[bold cyan]Launching[/]  \u001b[2mView logs: sky api logs -l sky-2025-03-17-19-35-15-406005/provision.log\u001b[0m</rich_update>"</sky-payload>
<sky-payload>"<rich_update>[bold cyan]Launching[/]  \u001b[2mView logs: sky api logs -l sky-2025-03-17-19-35-15-406005/provision.log\u001b[0m</rich_update>"</sky-payload>
I 03-17 19:35:15 cloud_vm_ray_backend.py:1520] [0m⚙︎ Launching on AWS ap-northeast-2[0m (ap-northeast-2a,ap-northeast-2d).
[2mW 03-17 19:35:18 instance.py:243] create_instances: Attempt failed with An error occurred (InsufficientInstanceCapacity) when calling the RunInstances operation (reached max retries: 0): We currently do not have sufficient g6.xlarge capacity in the Availability Zone you requested (ap-northeast-2a). Our system will be working on provisioning additional capacity. You can currently get g6.xlarge capacity by not specifying an Availability Zone in your request or choosing ap-northeast-2d.[0m
[2mW 03-17 19:35:19 instance.py:243] create_instances: Attempt failed with An error occurred (InsufficientInstanceCapacity) when calling the RunInstances operation (reached max retries: 0): We currently do not have sufficient g6.xlarge capacity in the Availability Zone you requested (ap-northeast-2d). Our system will be working on provisioning additional capacity. You can currently get g6.xlarge capacity by not specifying an Availability Zone in your request or choosing ap-northeast-2a.[0m
W 03-17 19:35:20 cloud_vm_ray_backend.py:2061] sky.exceptions.ResourcesUnavailableError: Failed to acquire resources in all zones in ap-northeast-2 for {AWS(cpus=4, {'L4': 1})}. 
W 03-17 19:35:20 cloud_vm_ray_backend.py:2097] 
W 03-17 19:35:20 cloud_vm_ray_backend.py:2097] [0m[33m↺[0m Trying other potential resources.
<sky-payload>"<rich_update>[bold cyan]Looking for resources[/]  \u001b[2mView logs: sky api logs -l sky-2025-03-17-19-35-15-406005/provision.log\u001b[0m</rich_update>"</sky-payload>
<sky-payload>"<rich_update>[bold cyan]Optimizing[/]</rich_update>"</sky-payload>
<sky-payload>"<rich_start>[bold cyan]Launching[/]</rich_start>"</sky-payload>
<sky-payload>"<rich_update>[bold cyan]Looking for resources[/]  \u001b[2mView logs: sky api logs -l sky-2025-03-17-19-35-15-406005/provision.log\u001b[0m</rich_update>"</sky-payload>
E 03-17 19:35:20 cloud_vm_ray_backend.py:2904] [0m[31m⨯[0m Failed to provision resources. [2mView logs: sky api logs -l sky-2025-03-17-19-35-15-406005/provision.log[0m
<sky-payload>"<rich_exit></rich_exit>"</sky-payload>

[?25hI 03-17 19:35:20 recovery_strategy.py:326] Failed to launch a cluster with error: sky.exceptions.ResourcesUnavailableError: [31mFailed to provision all possible launchable resources.[0m Relax the task's resource requirements: 1x AWS(cpus=4, {'L4': 1})
I 03-17 19:35:20 recovery_strategy.py:326] To keep retrying until the cluster is up, use the `--retry-until-up` flag.
I 03-17 19:35:20 recovery_strategy.py:326] Reasons for provision failures (for details, please check the log above):
I 03-17 19:35:20 recovery_strategy.py:326] Resource          Reason                                                     
I 03-17 19:35:20 recovery_strategy.py:326] AWS(g6.xlarge,    Failed to acquire resources in all zones in ap-            
I 03-17 19:35:20 recovery_strategy.py:326] {'L4': 1})        northeast-2 for {AWS(cpus=4, {'L4': 1})}.                  )
I 03-17 19:35:20 recovery_strategy.py:364] Retrying to launch the cluster in 364.8 seconds.
I 03-17 19:41:26 storage.py:699] Verifying bucket for storage skypilot-filemounts-root-726f1974-8t5mbkle
<sky-payload>"<rich_init>[bold cyan]Optimizing[/]</rich_init>"</sky-payload>
<sky-payload>"<rich_update>[bold cyan]Optimizing[/]</rich_update>"</sky-payload>
<sky-payload>"<rich_start>[bold cyan]Optimizing[/]</rich_start>"</sky-payload>
I 03-17 19:41:27 optimizer.py:749] [1mEstimated cost: [0m$1.0 / hour
I 03-17 19:41:27 optimizer.py:749] 
I 03-17 19:41:27 optimizer.py:884] Considered resources (1 node):
I 03-17 19:41:27 optimizer.py:952] -------------------------------------------------------------------------------------------
I 03-17 19:41:27 optimizer.py:952]  CLOUD   INSTANCE    vCPUs   Mem(GB)   ACCELERATORS   REGION/ZONE      COST ($)   CHOSEN   
I 03-17 19:41:27 optimizer.py:952] -------------------------------------------------------------------------------------------
I 03-17 19:41:27 optimizer.py:952]  AWS     g6.xlarge   4       16        L4:1           ap-northeast-2   0.99       [32m   ✔[0m     
I 03-17 19:41:27 optimizer.py:952] -------------------------------------------------------------------------------------------
<sky-payload>"<rich_exit></rich_exit>"</sky-payload>
<sky-payload>"<rich_init>[bold cyan]Launching[/]</rich_init>"</sky-payload>
<sky-payload>"<rich_update>[bold cyan]Launching[/]</rich_update>"</sky-payload>
<sky-payload>"<rich_start>[bold cyan]Launching[/]</rich_start>"</sky-payload>
<sky-payload>"<rich_update>[bold cyan]Launching[/]  \u001b[2mView logs: sky api logs -l sky-2025-03-17-19-41-27-263353/provision.log\u001b[0m</rich_update>"</sky-payload>
<sky-payload>"<rich_update>[bold cyan]Launching[/]  \u001b[2mView logs: sky api logs -l sky-2025-03-17-19-41-27-263353/provision.log\u001b[0m</rich_update>"</sky-payload>
I 03-17 19:41:27 cloud_vm_ray_backend.py:1520] [0m⚙︎ Launching on AWS ap-northeast-2[0m (ap-northeast-2a,ap-northeast-2d).
[2mW 03-17 19:41:30 instance.py:243] create_instances: Attempt failed with An error occurred (InsufficientInstanceCapacity) when calling the RunInstances operation (reached max retries: 0): We currently do not have sufficient g6.xlarge capacity in the Availability Zone you requested (ap-northeast-2a). Our system will be working on provisioning additional capacity. You can currently get g6.xlarge capacity by not specifying an Availability Zone in your request or choosing ap-northeast-2d.[0m
[2mW 03-17 19:41:31 instance.py:243] create_instances: Attempt failed with An error occurred (InsufficientInstanceCapacity) when calling the RunInstances operation (reached max retries: 0): We currently do not have sufficient g6.xlarge capacity in the Availability Zone you requested (ap-northeast-2d). Our system will be working on provisioning additional capacity. You can currently get g6.xlarge capacity by not specifying an Availability Zone in your request or choosing ap-northeast-2a.[0m
W 03-17 19:41:32 cloud_vm_ray_backend.py:2061] sky.exceptions.ResourcesUnavailableError: Failed to acquire resources in all zones in ap-northeast-2 for {AWS(cpus=4, {'L4': 1})}. 
W 03-17 19:41:32 cloud_vm_ray_backend.py:2097] 
W 03-17 19:41:32 cloud_vm_ray_backend.py:2097] [0m[33m↺[0m Trying other potential resources.
<sky-payload>"<rich_update>[bold cyan]Looking for resources[/]  \u001b[2mView logs: sky api logs -l sky-2025-03-17-19-41-27-263353/provision.log\u001b[0m</rich_update>"</sky-payload>
<sky-payload>"<rich_update>[bold cyan]Optimizing[/]</rich_update>"</sky-payload>
<sky-payload>"<rich_start>[bold cyan]Launching[/]</rich_start>"</sky-payload>
<sky-payload>"<rich_update>[bold cyan]Looking for resources[/]  \u001b[2mView logs: sky api logs -l sky-2025-03-17-19-41-27-263353/provision.log\u001b[0m</rich_update>"</sky-payload>
E 03-17 19:41:32 cloud_vm_ray_backend.py:2904] [0m[31m⨯[0m Failed to provision resources. [2mView logs: sky api logs -l sky-2025-03-17-19-41-27-263353/provision.log[0m
<sky-payload>"<rich_exit></rich_exit>"</sky-payload>

[?25hI 03-17 19:41:32 recovery_strategy.py:326] Failed to launch a cluster with error: sky.exceptions.ResourcesUnavailableError: [31mFailed to provision all possible launchable resources.[0m Relax the task's resource requirements: 1x AWS(cpus=4, {'L4': 1})
I 03-17 19:41:32 recovery_strategy.py:326] To keep retrying until the cluster is up, use the `--retry-until-up` flag.
I 03-17 19:41:32 recovery_strategy.py:326] Reasons for provision failures (for details, please check the log above):
I 03-17 19:41:32 recovery_strategy.py:326] Resource          Reason                                                     
I 03-17 19:41:32 recovery_strategy.py:326] AWS(g6.xlarge,    Failed to acquire resources in all zones in ap-            
I 03-17 19:41:32 recovery_strategy.py:326] {'L4': 1})        northeast-2 for {AWS(cpus=4, {'L4': 1})}.                  )
I 03-17 19:41:32 recovery_strategy.py:364] Retrying to launch the cluster in 316.8 seconds.
I 03-17 19:46:50 storage.py:699] Verifying bucket for storage skypilot-filemounts-root-726f1974-8t5mbkle
<sky-payload>"<rich_init>[bold cyan]Optimizing[/]</rich_init>"</sky-payload>
<sky-payload>"<rich_update>[bold cyan]Optimizing[/]</rich_update>"</sky-payload>
<sky-payload>"<rich_start>[bold cyan]Optimizing[/]</rich_start>"</sky-payload>
I 03-17 19:46:51 optimizer.py:749] [1mEstimated cost: [0m$1.0 / hour
I 03-17 19:46:51 optimizer.py:749] 
I 03-17 19:46:51 optimizer.py:884] Considered resources (1 node):
I 03-17 19:46:51 optimizer.py:952] -------------------------------------------------------------------------------------------
I 03-17 19:46:51 optimizer.py:952]  CLOUD   INSTANCE    vCPUs   Mem(GB)   ACCELERATORS   REGION/ZONE      COST ($)   CHOSEN   
I 03-17 19:46:51 optimizer.py:952] -------------------------------------------------------------------------------------------
I 03-17 19:46:51 optimizer.py:952]  AWS     g6.xlarge   4       16        L4:1           ap-northeast-2   0.99       [32m   ✔[0m     
I 03-17 19:46:51 optimizer.py:952] -------------------------------------------------------------------------------------------
<sky-payload>"<rich_exit></rich_exit>"</sky-payload>
<sky-payload>"<rich_init>[bold cyan]Launching[/]</rich_init>"</sky-payload>
<sky-payload>"<rich_update>[bold cyan]Launching[/]</rich_update>"</sky-payload>
<sky-payload>"<rich_start>[bold cyan]Launching[/]</rich_start>"</sky-payload>
<sky-payload>"<rich_update>[bold cyan]Launching[/]  \u001b[2mView logs: sky api logs -l sky-2025-03-17-19-46-51-374142/provision.log\u001b[0m</rich_update>"</sky-payload>
<sky-payload>"<rich_update>[bold cyan]Launching[/]  \u001b[2mView logs: sky api logs -l sky-2025-03-17-19-46-51-374142/provision.log\u001b[0m</rich_update>"</sky-payload>
I 03-17 19:46:51 cloud_vm_ray_backend.py:1520] [0m⚙︎ Launching on AWS ap-northeast-2[0m (ap-northeast-2a,ap-northeast-2d).
[2mW 03-17 19:46:54 instance.py:243] create_instances: Attempt failed with An error occurred (InsufficientInstanceCapacity) when calling the RunInstances operation (reached max retries: 0): We currently do not have sufficient g6.xlarge capacity in the Availability Zone you requested (ap-northeast-2a). Our system will be working on provisioning additional capacity. You can currently get g6.xlarge capacity by not specifying an Availability Zone in your request or choosing ap-northeast-2d.[0m
[2mW 03-17 19:47:02 instance.py:243] create_instances: Attempt failed with An error occurred (InsufficientInstanceCapacity) when calling the RunInstances operation (reached max retries: 0): We currently do not have sufficient g6.xlarge capacity in the Availability Zone you requested (ap-northeast-2d). Our system will be working on provisioning additional capacity. You can currently get g6.xlarge capacity by not specifying an Availability Zone in your request or choosing ap-northeast-2a.[0m
W 03-17 19:47:03 cloud_vm_ray_backend.py:2061] sky.exceptions.ResourcesUnavailableError: Failed to acquire resources in all zones in ap-northeast-2 for {AWS(cpus=4, {'L4': 1})}. 
W 03-17 19:47:03 cloud_vm_ray_backend.py:2097] 
W 03-17 19:47:03 cloud_vm_ray_backend.py:2097] [0m[33m↺[0m Trying other potential resources.
<sky-payload>"<rich_update>[bold cyan]Looking for resources[/]  \u001b[2mView logs: sky api logs -l sky-2025-03-17-19-46-51-374142/provision.log\u001b[0m</rich_update>"</sky-payload>
<sky-payload>"<rich_update>[bold cyan]Optimizing[/]</rich_update>"</sky-payload>
<sky-payload>"<rich_start>[bold cyan]Launching[/]</rich_start>"</sky-payload>
<sky-payload>"<rich_update>[bold cyan]Looking for resources[/]  \u001b[2mView logs: sky api logs -l sky-2025-03-17-19-46-51-374142/provision.log\u001b[0m</rich_update>"</sky-payload>
E 03-17 19:47:03 cloud_vm_ray_backend.py:2904] [0m[31m⨯[0m Failed to provision resources. [2mView logs: sky api logs -l sky-2025-03-17-19-46-51-374142/provision.log[0m
<sky-payload>"<rich_exit></rich_exit>"</sky-payload>

[?25hI 03-17 19:47:03 recovery_strategy.py:326] Failed to launch a cluster with error: sky.exceptions.ResourcesUnavailableError: [31mFailed to provision all possible launchable resources.[0m Relax the task's resource requirements: 1x AWS(cpus=4, {'L4': 1})
I 03-17 19:47:03 recovery_strategy.py:326] To keep retrying until the cluster is up, use the `--retry-until-up` flag.
I 03-17 19:47:03 recovery_strategy.py:326] Reasons for provision failures (for details, please check the log above):
I 03-17 19:47:03 recovery_strategy.py:326] Resource          Reason                                                     
I 03-17 19:47:03 recovery_strategy.py:326] AWS(g6.xlarge,    Failed to acquire resources in all zones in ap-            
I 03-17 19:47:03 recovery_strategy.py:326] {'L4': 1})        northeast-2 for {AWS(cpus=4, {'L4': 1})}.                  )
I 03-17 19:47:03 recovery_strategy.py:364] Retrying to launch the cluster in 412.0 seconds.
I 03-17 19:53:36 controller.py:543] Cancelling managed job, job_id: 113, task_id: 0
I 03-17 19:53:36 state.py:653] Cancelling the job...
I 03-17 19:53:36 controller.py:552] Killing controller process 50849.
I 03-17 19:53:36 controller.py:560] Controller process 50849 killed.
I 03-17 19:53:36 controller.py:562] Cleaning up any cluster for job 113.
I 03-17 19:53:37 storage.py:699] Verifying bucket for storage skypilot-filemounts-root-726f1974-8t5mbkle
<sky-payload>"<rich_init>[bold cyan]Deleting S3 bucket [green]skypilot-filemounts-root-726f1974-8t5mbkle[/][/]</rich_init>"</sky-payload>
<sky-payload>"<rich_update>[bold cyan]Deleting S3 bucket [green]skypilot-filemounts-root-726f1974-8t5mbkle[/][/]</rich_update>"</sky-payload>
<sky-payload>"<rich_start>[bold cyan]Deleting S3 bucket [green]skypilot-filemounts-root-726f1974-8t5mbkle[/][/]</rich_start>"</sky-payload>
<sky-payload>"<rich_exit></rich_exit>"</sky-payload>
I 03-17 19:53:43 storage.py:1505] [32mDeleted S3 bucket skypilot-filemounts-root-726f1974-8t5mbkle.[0m
I 03-17 19:53:43 controller.py:571] Cluster of managed job 113 has been cleaned up.
I 03-17 19:53:43 state.py:674] Job cancelled.
