I 03-17 18:35:45 controller.py:59] DAG:
I 03-17 18:35:45 controller.py:59] [Task<name=compute-text-vectors>(run='# Initialize and dow...')
I 03-17 18:35:45 controller.py:59]   resources: AWS(cpus=4, {'L4': 1}, region=ap-northeast-2)]
I 03-17 18:35:45 controller.py:195] Submitted managed job 124 (task: 0, name: 'compute-text-vectors'); SKYPILOT_TASK_ID: sky-managed-2025-03-17-18-35-45-016591_compute-text-vectors_124-0
I 03-17 18:35:45 controller.py:199] Started monitoring.
I 03-17 18:35:45 state.py:451] Launching the spot cluster...
I 03-17 18:35:46 storage.py:1058] Storage type StoreType.S3 already exists.
<sky-payload>"<rich_init>[bold cyan]Optimizing[/]</rich_init>"</sky-payload>
<sky-payload>"<rich_update>[bold cyan]Optimizing[/]</rich_update>"</sky-payload>
<sky-payload>"<rich_start>[bold cyan]Optimizing[/]</rich_start>"</sky-payload>
I 03-17 18:35:47 optimizer.py:749] [1mEstimated cost: [0m$1.0 / hour
I 03-17 18:35:47 optimizer.py:749] 
I 03-17 18:35:47 optimizer.py:884] Considered resources (1 node):
I 03-17 18:35:47 optimizer.py:952] -------------------------------------------------------------------------------------------
I 03-17 18:35:47 optimizer.py:952]  CLOUD   INSTANCE    vCPUs   Mem(GB)   ACCELERATORS   REGION/ZONE      COST ($)   CHOSEN   
I 03-17 18:35:47 optimizer.py:952] -------------------------------------------------------------------------------------------
I 03-17 18:35:47 optimizer.py:952]  AWS     g6.xlarge   4       16        L4:1           ap-northeast-2   0.99       [32m   ✔[0m     
I 03-17 18:35:47 optimizer.py:952] -------------------------------------------------------------------------------------------
<sky-payload>"<rich_exit></rich_exit>"</sky-payload>
<sky-payload>"<rich_init>[bold cyan]Launching[/]</rich_init>"</sky-payload>
<sky-payload>"<rich_update>[bold cyan]Launching[/]</rich_update>"</sky-payload>
<sky-payload>"<rich_start>[bold cyan]Launching[/]</rich_start>"</sky-payload>
<sky-payload>"<rich_update>[bold cyan]Launching[/]  \u001b[2mView logs: sky api logs -l sky-2025-03-17-18-35-47-125431/provision.log\u001b[0m</rich_update>"</sky-payload>
<sky-payload>"<rich_update>[bold cyan]Launching[/]  \u001b[2mView logs: sky api logs -l sky-2025-03-17-18-35-47-125431/provision.log\u001b[0m</rich_update>"</sky-payload>
I 03-17 18:35:47 cloud_vm_ray_backend.py:1520] [0m⚙︎ Launching on AWS ap-northeast-2[0m (ap-northeast-2a,ap-northeast-2d).
[2mW 03-17 18:36:06 instance.py:243] create_instances: Attempt failed with An error occurred (InsufficientInstanceCapacity) when calling the RunInstances operation (reached max retries: 0): We currently do not have sufficient g6.xlarge capacity in the Availability Zone you requested (ap-northeast-2a). Our system will be working on provisioning additional capacity. You can currently get g6.xlarge capacity by not specifying an Availability Zone in your request or choosing ap-northeast-2d.[0m
[2mW 03-17 18:37:22 instance.py:243] create_instances: Attempt failed with An error occurred (InsufficientInstanceCapacity) when calling the RunInstances operation (reached max retries: 0): We currently do not have sufficient g6.xlarge capacity in the Availability Zone you requested (ap-northeast-2d). Our system will be working on provisioning additional capacity. You can currently get g6.xlarge capacity by not specifying an Availability Zone in your request or choosing ap-northeast-2a.[0m
W 03-17 18:37:23 cloud_vm_ray_backend.py:2061] sky.exceptions.ResourcesUnavailableError: Failed to acquire resources in all zones in ap-northeast-2 for {AWS(cpus=4, {'L4': 1})}. 
W 03-17 18:37:23 cloud_vm_ray_backend.py:2097] 
W 03-17 18:37:23 cloud_vm_ray_backend.py:2097] [0m[33m↺[0m Trying other potential resources.
<sky-payload>"<rich_update>[bold cyan]Looking for resources[/]  \u001b[2mView logs: sky api logs -l sky-2025-03-17-18-35-47-125431/provision.log\u001b[0m</rich_update>"</sky-payload>
<sky-payload>"<rich_update>[bold cyan]Optimizing[/]</rich_update>"</sky-payload>
<sky-payload>"<rich_start>[bold cyan]Launching[/]</rich_start>"</sky-payload>
<sky-payload>"<rich_update>[bold cyan]Looking for resources[/]  \u001b[2mView logs: sky api logs -l sky-2025-03-17-18-35-47-125431/provision.log\u001b[0m</rich_update>"</sky-payload>
E 03-17 18:37:23 cloud_vm_ray_backend.py:2904] [0m[31m⨯[0m Failed to provision resources. [2mView logs: sky api logs -l sky-2025-03-17-18-35-47-125431/provision.log[0m
<sky-payload>"<rich_exit></rich_exit>"</sky-payload>

[?25hI 03-17 18:37:23 recovery_strategy.py:326] Failed to launch a cluster with error: sky.exceptions.ResourcesUnavailableError: [31mFailed to provision all possible launchable resources.[0m Relax the task's resource requirements: 1x AWS(cpus=4, {'L4': 1})
I 03-17 18:37:23 recovery_strategy.py:326] To keep retrying until the cluster is up, use the `--retry-until-up` flag.
I 03-17 18:37:23 recovery_strategy.py:326] Reasons for provision failures (for details, please check the log above):
I 03-17 18:37:23 recovery_strategy.py:326] Resource          Reason                                                     
I 03-17 18:37:23 recovery_strategy.py:326] AWS(g6.xlarge,    Failed to acquire resources in all zones in ap-            
I 03-17 18:37:23 recovery_strategy.py:326] {'L4': 1})        northeast-2 for {AWS(cpus=4, {'L4': 1})}.                  )
I 03-17 18:37:23 recovery_strategy.py:364] Retrying to launch the cluster in 59.8 seconds.
I 03-17 18:38:24 storage.py:699] Verifying bucket for storage skypilot-filemounts-root-726f1974-93jbp1tr
<sky-payload>"<rich_init>[bold cyan]Optimizing[/]</rich_init>"</sky-payload>
<sky-payload>"<rich_update>[bold cyan]Optimizing[/]</rich_update>"</sky-payload>
<sky-payload>"<rich_start>[bold cyan]Optimizing[/]</rich_start>"</sky-payload>
I 03-17 18:38:25 optimizer.py:749] [1mEstimated cost: [0m$1.0 / hour
I 03-17 18:38:25 optimizer.py:749] 
I 03-17 18:38:25 optimizer.py:884] Considered resources (1 node):
I 03-17 18:38:25 optimizer.py:952] -------------------------------------------------------------------------------------------
I 03-17 18:38:25 optimizer.py:952]  CLOUD   INSTANCE    vCPUs   Mem(GB)   ACCELERATORS   REGION/ZONE      COST ($)   CHOSEN   
I 03-17 18:38:25 optimizer.py:952] -------------------------------------------------------------------------------------------
I 03-17 18:38:25 optimizer.py:952]  AWS     g6.xlarge   4       16        L4:1           ap-northeast-2   0.99       [32m   ✔[0m     
I 03-17 18:38:25 optimizer.py:952] -------------------------------------------------------------------------------------------
<sky-payload>"<rich_exit></rich_exit>"</sky-payload>
<sky-payload>"<rich_init>[bold cyan]Launching[/]</rich_init>"</sky-payload>
<sky-payload>"<rich_update>[bold cyan]Launching[/]</rich_update>"</sky-payload>
<sky-payload>"<rich_start>[bold cyan]Launching[/]</rich_start>"</sky-payload>
<sky-payload>"<rich_update>[bold cyan]Launching[/]  \u001b[2mView logs: sky api logs -l sky-2025-03-17-18-38-25-490570/provision.log\u001b[0m</rich_update>"</sky-payload>
<sky-payload>"<rich_update>[bold cyan]Launching[/]  \u001b[2mView logs: sky api logs -l sky-2025-03-17-18-38-25-490570/provision.log\u001b[0m</rich_update>"</sky-payload>
I 03-17 18:38:25 cloud_vm_ray_backend.py:1520] [0m⚙︎ Launching on AWS ap-northeast-2[0m (ap-northeast-2a,ap-northeast-2d).
[2mW 03-17 18:38:34 instance.py:243] create_instances: Attempt failed with An error occurred (InsufficientInstanceCapacity) when calling the RunInstances operation (reached max retries: 0): We currently do not have sufficient g6.xlarge capacity in the Availability Zone you requested (ap-northeast-2a). Our system will be working on provisioning additional capacity. You can currently get g6.xlarge capacity by not specifying an Availability Zone in your request or choosing ap-northeast-2d.[0m
[2mW 03-17 18:39:29 instance.py:243] create_instances: Attempt failed with An error occurred (InsufficientInstanceCapacity) when calling the RunInstances operation (reached max retries: 0): We currently do not have sufficient g6.xlarge capacity in the Availability Zone you requested (ap-northeast-2d). Our system will be working on provisioning additional capacity. You can currently get g6.xlarge capacity by not specifying an Availability Zone in your request or choosing ap-northeast-2a.[0m
W 03-17 18:39:30 cloud_vm_ray_backend.py:2061] sky.exceptions.ResourcesUnavailableError: Failed to acquire resources in all zones in ap-northeast-2 for {AWS(cpus=4, {'L4': 1})}. 
W 03-17 18:39:30 cloud_vm_ray_backend.py:2097] 
W 03-17 18:39:30 cloud_vm_ray_backend.py:2097] [0m[33m↺[0m Trying other potential resources.
<sky-payload>"<rich_update>[bold cyan]Looking for resources[/]  \u001b[2mView logs: sky api logs -l sky-2025-03-17-18-38-25-490570/provision.log\u001b[0m</rich_update>"</sky-payload>
<sky-payload>"<rich_update>[bold cyan]Optimizing[/]</rich_update>"</sky-payload>
<sky-payload>"<rich_start>[bold cyan]Launching[/]</rich_start>"</sky-payload>
<sky-payload>"<rich_update>[bold cyan]Looking for resources[/]  \u001b[2mView logs: sky api logs -l sky-2025-03-17-18-38-25-490570/provision.log\u001b[0m</rich_update>"</sky-payload>
E 03-17 18:39:30 cloud_vm_ray_backend.py:2904] [0m[31m⨯[0m Failed to provision resources. [2mView logs: sky api logs -l sky-2025-03-17-18-38-25-490570/provision.log[0m
<sky-payload>"<rich_exit></rich_exit>"</sky-payload>

[?25hI 03-17 18:39:30 recovery_strategy.py:326] Failed to launch a cluster with error: sky.exceptions.ResourcesUnavailableError: [31mFailed to provision all possible launchable resources.[0m Relax the task's resource requirements: 1x AWS(cpus=4, {'L4': 1})
I 03-17 18:39:30 recovery_strategy.py:326] To keep retrying until the cluster is up, use the `--retry-until-up` flag.
I 03-17 18:39:30 recovery_strategy.py:326] Reasons for provision failures (for details, please check the log above):
I 03-17 18:39:30 recovery_strategy.py:326] Resource          Reason                                                     
I 03-17 18:39:30 recovery_strategy.py:326] AWS(g6.xlarge,    Failed to acquire resources in all zones in ap-            
I 03-17 18:39:30 recovery_strategy.py:326] {'L4': 1})        northeast-2 for {AWS(cpus=4, {'L4': 1})}.                  )
I 03-17 18:39:30 recovery_strategy.py:364] Retrying to launch the cluster in 132.5 seconds.
I 03-17 18:41:44 storage.py:699] Verifying bucket for storage skypilot-filemounts-root-726f1974-93jbp1tr
<sky-payload>"<rich_init>[bold cyan]Optimizing[/]</rich_init>"</sky-payload>
<sky-payload>"<rich_update>[bold cyan]Optimizing[/]</rich_update>"</sky-payload>
<sky-payload>"<rich_start>[bold cyan]Optimizing[/]</rich_start>"</sky-payload>
I 03-17 18:41:44 optimizer.py:749] [1mEstimated cost: [0m$1.0 / hour
I 03-17 18:41:44 optimizer.py:749] 
I 03-17 18:41:44 optimizer.py:884] Considered resources (1 node):
I 03-17 18:41:44 optimizer.py:952] -------------------------------------------------------------------------------------------
I 03-17 18:41:44 optimizer.py:952]  CLOUD   INSTANCE    vCPUs   Mem(GB)   ACCELERATORS   REGION/ZONE      COST ($)   CHOSEN   
I 03-17 18:41:44 optimizer.py:952] -------------------------------------------------------------------------------------------
I 03-17 18:41:44 optimizer.py:952]  AWS     g6.xlarge   4       16        L4:1           ap-northeast-2   0.99       [32m   ✔[0m     
I 03-17 18:41:44 optimizer.py:952] -------------------------------------------------------------------------------------------
<sky-payload>"<rich_exit></rich_exit>"</sky-payload>
<sky-payload>"<rich_init>[bold cyan]Launching[/]</rich_init>"</sky-payload>
<sky-payload>"<rich_update>[bold cyan]Launching[/]</rich_update>"</sky-payload>
<sky-payload>"<rich_start>[bold cyan]Launching[/]</rich_start>"</sky-payload>
<sky-payload>"<rich_update>[bold cyan]Launching[/]  \u001b[2mView logs: sky api logs -l sky-2025-03-17-18-41-44-864355/provision.log\u001b[0m</rich_update>"</sky-payload>
<sky-payload>"<rich_update>[bold cyan]Launching[/]  \u001b[2mView logs: sky api logs -l sky-2025-03-17-18-41-44-864355/provision.log\u001b[0m</rich_update>"</sky-payload>
I 03-17 18:41:45 cloud_vm_ray_backend.py:1520] [0m⚙︎ Launching on AWS ap-northeast-2[0m (ap-northeast-2a,ap-northeast-2d).
[2mW 03-17 18:41:58 instance.py:243] create_instances: Attempt failed with An error occurred (InsufficientInstanceCapacity) when calling the RunInstances operation (reached max retries: 0): We currently do not have sufficient g6.xlarge capacity in the Availability Zone you requested (ap-northeast-2a). Our system will be working on provisioning additional capacity. You can currently get g6.xlarge capacity by not specifying an Availability Zone in your request or choosing ap-northeast-2d.[0m
[2mW 03-17 18:42:03 instance.py:243] create_instances: Attempt failed with An error occurred (InsufficientInstanceCapacity) when calling the RunInstances operation (reached max retries: 0): We currently do not have sufficient g6.xlarge capacity in the Availability Zone you requested (ap-northeast-2d). Our system will be working on provisioning additional capacity. You can currently get g6.xlarge capacity by not specifying an Availability Zone in your request or choosing ap-northeast-2a.[0m
W 03-17 18:42:03 cloud_vm_ray_backend.py:2061] sky.exceptions.ResourcesUnavailableError: Failed to acquire resources in all zones in ap-northeast-2 for {AWS(cpus=4, {'L4': 1})}. 
W 03-17 18:42:03 cloud_vm_ray_backend.py:2097] 
W 03-17 18:42:03 cloud_vm_ray_backend.py:2097] [0m[33m↺[0m Trying other potential resources.
<sky-payload>"<rich_update>[bold cyan]Looking for resources[/]  \u001b[2mView logs: sky api logs -l sky-2025-03-17-18-41-44-864355/provision.log\u001b[0m</rich_update>"</sky-payload>
<sky-payload>"<rich_update>[bold cyan]Optimizing[/]</rich_update>"</sky-payload>
<sky-payload>"<rich_start>[bold cyan]Launching[/]</rich_start>"</sky-payload>
<sky-payload>"<rich_update>[bold cyan]Looking for resources[/]  \u001b[2mView logs: sky api logs -l sky-2025-03-17-18-41-44-864355/provision.log\u001b[0m</rich_update>"</sky-payload>
E 03-17 18:42:03 cloud_vm_ray_backend.py:2904] [0m[31m⨯[0m Failed to provision resources. [2mView logs: sky api logs -l sky-2025-03-17-18-41-44-864355/provision.log[0m
<sky-payload>"<rich_exit></rich_exit>"</sky-payload>

[?25hI 03-17 18:42:04 recovery_strategy.py:326] Failed to launch a cluster with error: sky.exceptions.ResourcesUnavailableError: [31mFailed to provision all possible launchable resources.[0m Relax the task's resource requirements: 1x AWS(cpus=4, {'L4': 1})
I 03-17 18:42:04 recovery_strategy.py:326] To keep retrying until the cluster is up, use the `--retry-until-up` flag.
I 03-17 18:42:04 recovery_strategy.py:326] Reasons for provision failures (for details, please check the log above):
I 03-17 18:42:04 recovery_strategy.py:326] Resource          Reason                                                     
I 03-17 18:42:04 recovery_strategy.py:326] AWS(g6.xlarge,    Failed to acquire resources in all zones in ap-            
I 03-17 18:42:04 recovery_strategy.py:326] {'L4': 1})        northeast-2 for {AWS(cpus=4, {'L4': 1})}.                  )
I 03-17 18:42:04 recovery_strategy.py:364] Retrying to launch the cluster in 241.5 seconds.
I 03-17 18:46:07 storage.py:699] Verifying bucket for storage skypilot-filemounts-root-726f1974-93jbp1tr
<sky-payload>"<rich_init>[bold cyan]Optimizing[/]</rich_init>"</sky-payload>
<sky-payload>"<rich_update>[bold cyan]Optimizing[/]</rich_update>"</sky-payload>
<sky-payload>"<rich_start>[bold cyan]Optimizing[/]</rich_start>"</sky-payload>
I 03-17 18:46:07 optimizer.py:749] [1mEstimated cost: [0m$1.0 / hour
I 03-17 18:46:07 optimizer.py:749] 
I 03-17 18:46:07 optimizer.py:884] Considered resources (1 node):
I 03-17 18:46:07 optimizer.py:952] -------------------------------------------------------------------------------------------
I 03-17 18:46:07 optimizer.py:952]  CLOUD   INSTANCE    vCPUs   Mem(GB)   ACCELERATORS   REGION/ZONE      COST ($)   CHOSEN   
I 03-17 18:46:07 optimizer.py:952] -------------------------------------------------------------------------------------------
I 03-17 18:46:07 optimizer.py:952]  AWS     g6.xlarge   4       16        L4:1           ap-northeast-2   0.99       [32m   ✔[0m     
I 03-17 18:46:07 optimizer.py:952] -------------------------------------------------------------------------------------------
<sky-payload>"<rich_exit></rich_exit>"</sky-payload>
<sky-payload>"<rich_init>[bold cyan]Launching[/]</rich_init>"</sky-payload>
<sky-payload>"<rich_update>[bold cyan]Launching[/]</rich_update>"</sky-payload>
<sky-payload>"<rich_start>[bold cyan]Launching[/]</rich_start>"</sky-payload>
<sky-payload>"<rich_update>[bold cyan]Launching[/]  \u001b[2mView logs: sky api logs -l sky-2025-03-17-18-46-07-892050/provision.log\u001b[0m</rich_update>"</sky-payload>
<sky-payload>"<rich_update>[bold cyan]Launching[/]  \u001b[2mView logs: sky api logs -l sky-2025-03-17-18-46-07-892050/provision.log\u001b[0m</rich_update>"</sky-payload>
I 03-17 18:46:08 cloud_vm_ray_backend.py:1520] [0m⚙︎ Launching on AWS ap-northeast-2[0m (ap-northeast-2a,ap-northeast-2d).
[2mW 03-17 18:46:14 instance.py:243] create_instances: Attempt failed with An error occurred (InsufficientInstanceCapacity) when calling the RunInstances operation (reached max retries: 0): We currently do not have sufficient g6.xlarge capacity in the Availability Zone you requested (ap-northeast-2a). Our system will be working on provisioning additional capacity. You can currently get g6.xlarge capacity by not specifying an Availability Zone in your request or choosing ap-northeast-2d.[0m
[2mW 03-17 18:46:22 instance.py:243] create_instances: Attempt failed with An error occurred (InsufficientInstanceCapacity) when calling the RunInstances operation (reached max retries: 0): We currently do not have sufficient g6.xlarge capacity in the Availability Zone you requested (ap-northeast-2d). Our system will be working on provisioning additional capacity. You can currently get g6.xlarge capacity by not specifying an Availability Zone in your request or choosing ap-northeast-2a.[0m
W 03-17 18:46:22 cloud_vm_ray_backend.py:2061] sky.exceptions.ResourcesUnavailableError: Failed to acquire resources in all zones in ap-northeast-2 for {AWS(cpus=4, {'L4': 1})}. 
W 03-17 18:46:22 cloud_vm_ray_backend.py:2097] 
W 03-17 18:46:22 cloud_vm_ray_backend.py:2097] [0m[33m↺[0m Trying other potential resources.
<sky-payload>"<rich_update>[bold cyan]Looking for resources[/]  \u001b[2mView logs: sky api logs -l sky-2025-03-17-18-46-07-892050/provision.log\u001b[0m</rich_update>"</sky-payload>
<sky-payload>"<rich_update>[bold cyan]Optimizing[/]</rich_update>"</sky-payload>
<sky-payload>"<rich_start>[bold cyan]Launching[/]</rich_start>"</sky-payload>
<sky-payload>"<rich_update>[bold cyan]Looking for resources[/]  \u001b[2mView logs: sky api logs -l sky-2025-03-17-18-46-07-892050/provision.log\u001b[0m</rich_update>"</sky-payload>
E 03-17 18:46:22 cloud_vm_ray_backend.py:2904] [0m[31m⨯[0m Failed to provision resources. [2mView logs: sky api logs -l sky-2025-03-17-18-46-07-892050/provision.log[0m
<sky-payload>"<rich_exit></rich_exit>"</sky-payload>

[?25hI 03-17 18:46:22 recovery_strategy.py:326] Failed to launch a cluster with error: sky.exceptions.ResourcesUnavailableError: [31mFailed to provision all possible launchable resources.[0m Relax the task's resource requirements: 1x AWS(cpus=4, {'L4': 1})
I 03-17 18:46:22 recovery_strategy.py:326] To keep retrying until the cluster is up, use the `--retry-until-up` flag.
I 03-17 18:46:22 recovery_strategy.py:326] Reasons for provision failures (for details, please check the log above):
I 03-17 18:46:22 recovery_strategy.py:326] Resource          Reason                                                     
I 03-17 18:46:22 recovery_strategy.py:326] AWS(g6.xlarge,    Failed to acquire resources in all zones in ap-            
I 03-17 18:46:22 recovery_strategy.py:326] {'L4': 1})        northeast-2 for {AWS(cpus=4, {'L4': 1})}.                  )
I 03-17 18:46:23 recovery_strategy.py:364] Retrying to launch the cluster in 345.7 seconds.
I 03-17 18:52:09 storage.py:699] Verifying bucket for storage skypilot-filemounts-root-726f1974-93jbp1tr
<sky-payload>"<rich_init>[bold cyan]Optimizing[/]</rich_init>"</sky-payload>
<sky-payload>"<rich_update>[bold cyan]Optimizing[/]</rich_update>"</sky-payload>
<sky-payload>"<rich_start>[bold cyan]Optimizing[/]</rich_start>"</sky-payload>
I 03-17 18:52:10 optimizer.py:749] [1mEstimated cost: [0m$1.0 / hour
I 03-17 18:52:10 optimizer.py:749] 
I 03-17 18:52:10 optimizer.py:884] Considered resources (1 node):
I 03-17 18:52:10 optimizer.py:952] -------------------------------------------------------------------------------------------
I 03-17 18:52:10 optimizer.py:952]  CLOUD   INSTANCE    vCPUs   Mem(GB)   ACCELERATORS   REGION/ZONE      COST ($)   CHOSEN   
I 03-17 18:52:10 optimizer.py:952] -------------------------------------------------------------------------------------------
I 03-17 18:52:10 optimizer.py:952]  AWS     g6.xlarge   4       16        L4:1           ap-northeast-2   0.99       [32m   ✔[0m     
I 03-17 18:52:10 optimizer.py:952] -------------------------------------------------------------------------------------------
<sky-payload>"<rich_exit></rich_exit>"</sky-payload>
<sky-payload>"<rich_init>[bold cyan]Launching[/]</rich_init>"</sky-payload>
<sky-payload>"<rich_update>[bold cyan]Launching[/]</rich_update>"</sky-payload>
<sky-payload>"<rich_start>[bold cyan]Launching[/]</rich_start>"</sky-payload>
<sky-payload>"<rich_update>[bold cyan]Launching[/]  \u001b[2mView logs: sky api logs -l sky-2025-03-17-18-52-10-701863/provision.log\u001b[0m</rich_update>"</sky-payload>
<sky-payload>"<rich_update>[bold cyan]Launching[/]  \u001b[2mView logs: sky api logs -l sky-2025-03-17-18-52-10-701863/provision.log\u001b[0m</rich_update>"</sky-payload>
I 03-17 18:52:10 cloud_vm_ray_backend.py:1520] [0m⚙︎ Launching on AWS ap-northeast-2[0m (ap-northeast-2a,ap-northeast-2d).
[2mW 03-17 18:52:13 instance.py:243] create_instances: Attempt failed with An error occurred (InsufficientInstanceCapacity) when calling the RunInstances operation (reached max retries: 0): We currently do not have sufficient g6.xlarge capacity in the Availability Zone you requested (ap-northeast-2a). Our system will be working on provisioning additional capacity. You can currently get g6.xlarge capacity by not specifying an Availability Zone in your request or choosing ap-northeast-2d.[0m
[2mW 03-17 18:52:15 instance.py:243] create_instances: Attempt failed with An error occurred (InsufficientInstanceCapacity) when calling the RunInstances operation (reached max retries: 0): We currently do not have sufficient g6.xlarge capacity in the Availability Zone you requested (ap-northeast-2d). Our system will be working on provisioning additional capacity. You can currently get g6.xlarge capacity by not specifying an Availability Zone in your request or choosing ap-northeast-2a.[0m
W 03-17 18:52:15 cloud_vm_ray_backend.py:2061] sky.exceptions.ResourcesUnavailableError: Failed to acquire resources in all zones in ap-northeast-2 for {AWS(cpus=4, {'L4': 1})}. 
W 03-17 18:52:15 cloud_vm_ray_backend.py:2097] 
W 03-17 18:52:15 cloud_vm_ray_backend.py:2097] [0m[33m↺[0m Trying other potential resources.
<sky-payload>"<rich_update>[bold cyan]Looking for resources[/]  \u001b[2mView logs: sky api logs -l sky-2025-03-17-18-52-10-701863/provision.log\u001b[0m</rich_update>"</sky-payload>
<sky-payload>"<rich_update>[bold cyan]Optimizing[/]</rich_update>"</sky-payload>
<sky-payload>"<rich_start>[bold cyan]Launching[/]</rich_start>"</sky-payload>
<sky-payload>"<rich_update>[bold cyan]Looking for resources[/]  \u001b[2mView logs: sky api logs -l sky-2025-03-17-18-52-10-701863/provision.log\u001b[0m</rich_update>"</sky-payload>
E 03-17 18:52:15 cloud_vm_ray_backend.py:2904] [0m[31m⨯[0m Failed to provision resources. [2mView logs: sky api logs -l sky-2025-03-17-18-52-10-701863/provision.log[0m
<sky-payload>"<rich_exit></rich_exit>"</sky-payload>

[?25hI 03-17 18:52:15 recovery_strategy.py:326] Failed to launch a cluster with error: sky.exceptions.ResourcesUnavailableError: [31mFailed to provision all possible launchable resources.[0m Relax the task's resource requirements: 1x AWS(cpus=4, {'L4': 1})
I 03-17 18:52:15 recovery_strategy.py:326] To keep retrying until the cluster is up, use the `--retry-until-up` flag.
I 03-17 18:52:15 recovery_strategy.py:326] Reasons for provision failures (for details, please check the log above):
I 03-17 18:52:15 recovery_strategy.py:326] Resource          Reason                                                     
I 03-17 18:52:15 recovery_strategy.py:326] AWS(g6.xlarge,    Failed to acquire resources in all zones in ap-            
I 03-17 18:52:15 recovery_strategy.py:326] {'L4': 1})        northeast-2 for {AWS(cpus=4, {'L4': 1})}.                  )
I 03-17 18:52:16 recovery_strategy.py:364] Retrying to launch the cluster in 336.0 seconds.
I 03-17 18:57:53 storage.py:699] Verifying bucket for storage skypilot-filemounts-root-726f1974-93jbp1tr
<sky-payload>"<rich_init>[bold cyan]Optimizing[/]</rich_init>"</sky-payload>
<sky-payload>"<rich_update>[bold cyan]Optimizing[/]</rich_update>"</sky-payload>
<sky-payload>"<rich_start>[bold cyan]Optimizing[/]</rich_start>"</sky-payload>
I 03-17 18:57:53 optimizer.py:749] [1mEstimated cost: [0m$1.0 / hour
I 03-17 18:57:53 optimizer.py:749] 
I 03-17 18:57:53 optimizer.py:884] Considered resources (1 node):
I 03-17 18:57:53 optimizer.py:952] -------------------------------------------------------------------------------------------
I 03-17 18:57:53 optimizer.py:952]  CLOUD   INSTANCE    vCPUs   Mem(GB)   ACCELERATORS   REGION/ZONE      COST ($)   CHOSEN   
I 03-17 18:57:53 optimizer.py:952] -------------------------------------------------------------------------------------------
I 03-17 18:57:53 optimizer.py:952]  AWS     g6.xlarge   4       16        L4:1           ap-northeast-2   0.99       [32m   ✔[0m     
I 03-17 18:57:53 optimizer.py:952] -------------------------------------------------------------------------------------------
<sky-payload>"<rich_exit></rich_exit>"</sky-payload>
<sky-payload>"<rich_init>[bold cyan]Launching[/]</rich_init>"</sky-payload>
<sky-payload>"<rich_update>[bold cyan]Launching[/]</rich_update>"</sky-payload>
<sky-payload>"<rich_start>[bold cyan]Launching[/]</rich_start>"</sky-payload>
<sky-payload>"<rich_update>[bold cyan]Launching[/]  \u001b[2mView logs: sky api logs -l sky-2025-03-17-18-57-53-879940/provision.log\u001b[0m</rich_update>"</sky-payload>
<sky-payload>"<rich_update>[bold cyan]Launching[/]  \u001b[2mView logs: sky api logs -l sky-2025-03-17-18-57-53-879940/provision.log\u001b[0m</rich_update>"</sky-payload>
I 03-17 18:57:54 cloud_vm_ray_backend.py:1520] [0m⚙︎ Launching on AWS ap-northeast-2[0m (ap-northeast-2a,ap-northeast-2d).
[2mW 03-17 18:57:57 instance.py:243] create_instances: Attempt failed with An error occurred (InsufficientInstanceCapacity) when calling the RunInstances operation (reached max retries: 0): We currently do not have sufficient g6.xlarge capacity in the Availability Zone you requested (ap-northeast-2a). Our system will be working on provisioning additional capacity. You can currently get g6.xlarge capacity by not specifying an Availability Zone in your request or choosing ap-northeast-2d.[0m
[2mW 03-17 18:57:58 instance.py:243] create_instances: Attempt failed with An error occurred (InsufficientInstanceCapacity) when calling the RunInstances operation (reached max retries: 0): We currently do not have sufficient g6.xlarge capacity in the Availability Zone you requested (ap-northeast-2d). Our system will be working on provisioning additional capacity. You can currently get g6.xlarge capacity by not specifying an Availability Zone in your request or choosing ap-northeast-2a.[0m
W 03-17 18:57:58 cloud_vm_ray_backend.py:2061] sky.exceptions.ResourcesUnavailableError: Failed to acquire resources in all zones in ap-northeast-2 for {AWS(cpus=4, {'L4': 1})}. 
W 03-17 18:57:58 cloud_vm_ray_backend.py:2097] 
W 03-17 18:57:58 cloud_vm_ray_backend.py:2097] [0m[33m↺[0m Trying other potential resources.
<sky-payload>"<rich_update>[bold cyan]Looking for resources[/]  \u001b[2mView logs: sky api logs -l sky-2025-03-17-18-57-53-879940/provision.log\u001b[0m</rich_update>"</sky-payload>
<sky-payload>"<rich_update>[bold cyan]Optimizing[/]</rich_update>"</sky-payload>
<sky-payload>"<rich_start>[bold cyan]Launching[/]</rich_start>"</sky-payload>
<sky-payload>"<rich_update>[bold cyan]Looking for resources[/]  \u001b[2mView logs: sky api logs -l sky-2025-03-17-18-57-53-879940/provision.log\u001b[0m</rich_update>"</sky-payload>
E 03-17 18:57:58 cloud_vm_ray_backend.py:2904] [0m[31m⨯[0m Failed to provision resources. [2mView logs: sky api logs -l sky-2025-03-17-18-57-53-879940/provision.log[0m
<sky-payload>"<rich_exit></rich_exit>"</sky-payload>

[?25hI 03-17 18:57:59 recovery_strategy.py:326] Failed to launch a cluster with error: sky.exceptions.ResourcesUnavailableError: [31mFailed to provision all possible launchable resources.[0m Relax the task's resource requirements: 1x AWS(cpus=4, {'L4': 1})
I 03-17 18:57:59 recovery_strategy.py:326] To keep retrying until the cluster is up, use the `--retry-until-up` flag.
I 03-17 18:57:59 recovery_strategy.py:326] Reasons for provision failures (for details, please check the log above):
I 03-17 18:57:59 recovery_strategy.py:326] Resource          Reason                                                     
I 03-17 18:57:59 recovery_strategy.py:326] AWS(g6.xlarge,    Failed to acquire resources in all zones in ap-            
I 03-17 18:57:59 recovery_strategy.py:326] {'L4': 1})        northeast-2 for {AWS(cpus=4, {'L4': 1})}.                  )
I 03-17 18:57:59 recovery_strategy.py:364] Retrying to launch the cluster in 298.2 seconds.
I 03-17 19:02:58 storage.py:699] Verifying bucket for storage skypilot-filemounts-root-726f1974-93jbp1tr
<sky-payload>"<rich_init>[bold cyan]Optimizing[/]</rich_init>"</sky-payload>
<sky-payload>"<rich_update>[bold cyan]Optimizing[/]</rich_update>"</sky-payload>
<sky-payload>"<rich_start>[bold cyan]Optimizing[/]</rich_start>"</sky-payload>
I 03-17 19:02:59 optimizer.py:749] [1mEstimated cost: [0m$1.0 / hour
I 03-17 19:02:59 optimizer.py:749] 
I 03-17 19:02:59 optimizer.py:884] Considered resources (1 node):
I 03-17 19:02:59 optimizer.py:952] -------------------------------------------------------------------------------------------
I 03-17 19:02:59 optimizer.py:952]  CLOUD   INSTANCE    vCPUs   Mem(GB)   ACCELERATORS   REGION/ZONE      COST ($)   CHOSEN   
I 03-17 19:02:59 optimizer.py:952] -------------------------------------------------------------------------------------------
I 03-17 19:02:59 optimizer.py:952]  AWS     g6.xlarge   4       16        L4:1           ap-northeast-2   0.99       [32m   ✔[0m     
I 03-17 19:02:59 optimizer.py:952] -------------------------------------------------------------------------------------------
<sky-payload>"<rich_exit></rich_exit>"</sky-payload>
<sky-payload>"<rich_init>[bold cyan]Launching[/]</rich_init>"</sky-payload>
<sky-payload>"<rich_update>[bold cyan]Launching[/]</rich_update>"</sky-payload>
<sky-payload>"<rich_start>[bold cyan]Launching[/]</rich_start>"</sky-payload>
<sky-payload>"<rich_update>[bold cyan]Launching[/]  \u001b[2mView logs: sky api logs -l sky-2025-03-17-19-02-59-311652/provision.log\u001b[0m</rich_update>"</sky-payload>
<sky-payload>"<rich_update>[bold cyan]Launching[/]  \u001b[2mView logs: sky api logs -l sky-2025-03-17-19-02-59-311652/provision.log\u001b[0m</rich_update>"</sky-payload>
I 03-17 19:02:59 cloud_vm_ray_backend.py:1520] [0m⚙︎ Launching on AWS ap-northeast-2[0m (ap-northeast-2a,ap-northeast-2d).
[2mW 03-17 19:03:02 instance.py:243] create_instances: Attempt failed with An error occurred (InsufficientInstanceCapacity) when calling the RunInstances operation (reached max retries: 0): We currently do not have sufficient g6.xlarge capacity in the Availability Zone you requested (ap-northeast-2a). Our system will be working on provisioning additional capacity. You can currently get g6.xlarge capacity by not specifying an Availability Zone in your request or choosing ap-northeast-2d.[0m
[2mW 03-17 19:03:03 instance.py:243] create_instances: Attempt failed with An error occurred (InsufficientInstanceCapacity) when calling the RunInstances operation (reached max retries: 0): We currently do not have sufficient g6.xlarge capacity in the Availability Zone you requested (ap-northeast-2d). Our system will be working on provisioning additional capacity. You can currently get g6.xlarge capacity by not specifying an Availability Zone in your request or choosing ap-northeast-2a.[0m
W 03-17 19:03:04 cloud_vm_ray_backend.py:2061] sky.exceptions.ResourcesUnavailableError: Failed to acquire resources in all zones in ap-northeast-2 for {AWS(cpus=4, {'L4': 1})}. 
W 03-17 19:03:04 cloud_vm_ray_backend.py:2097] 
W 03-17 19:03:04 cloud_vm_ray_backend.py:2097] [0m[33m↺[0m Trying other potential resources.
<sky-payload>"<rich_update>[bold cyan]Looking for resources[/]  \u001b[2mView logs: sky api logs -l sky-2025-03-17-19-02-59-311652/provision.log\u001b[0m</rich_update>"</sky-payload>
<sky-payload>"<rich_update>[bold cyan]Optimizing[/]</rich_update>"</sky-payload>
<sky-payload>"<rich_start>[bold cyan]Launching[/]</rich_start>"</sky-payload>
<sky-payload>"<rich_update>[bold cyan]Looking for resources[/]  \u001b[2mView logs: sky api logs -l sky-2025-03-17-19-02-59-311652/provision.log\u001b[0m</rich_update>"</sky-payload>
E 03-17 19:03:04 cloud_vm_ray_backend.py:2904] [0m[31m⨯[0m Failed to provision resources. [2mView logs: sky api logs -l sky-2025-03-17-19-02-59-311652/provision.log[0m
<sky-payload>"<rich_exit></rich_exit>"</sky-payload>

[?25hI 03-17 19:03:04 recovery_strategy.py:326] Failed to launch a cluster with error: sky.exceptions.ResourcesUnavailableError: [31mFailed to provision all possible launchable resources.[0m Relax the task's resource requirements: 1x AWS(cpus=4, {'L4': 1})
I 03-17 19:03:04 recovery_strategy.py:326] To keep retrying until the cluster is up, use the `--retry-until-up` flag.
I 03-17 19:03:04 recovery_strategy.py:326] Reasons for provision failures (for details, please check the log above):
I 03-17 19:03:04 recovery_strategy.py:326] Resource          Reason                                                     
I 03-17 19:03:04 recovery_strategy.py:326] AWS(g6.xlarge,    Failed to acquire resources in all zones in ap-            
I 03-17 19:03:04 recovery_strategy.py:326] {'L4': 1})        northeast-2 for {AWS(cpus=4, {'L4': 1})}.                  )
I 03-17 19:03:04 recovery_strategy.py:364] Retrying to launch the cluster in 402.8 seconds.
I 03-17 19:09:48 storage.py:699] Verifying bucket for storage skypilot-filemounts-root-726f1974-93jbp1tr
<sky-payload>"<rich_init>[bold cyan]Optimizing[/]</rich_init>"</sky-payload>
<sky-payload>"<rich_update>[bold cyan]Optimizing[/]</rich_update>"</sky-payload>
<sky-payload>"<rich_start>[bold cyan]Optimizing[/]</rich_start>"</sky-payload>
I 03-17 19:09:49 optimizer.py:749] [1mEstimated cost: [0m$1.0 / hour
I 03-17 19:09:49 optimizer.py:749] 
I 03-17 19:09:49 optimizer.py:884] Considered resources (1 node):
I 03-17 19:09:49 optimizer.py:952] -------------------------------------------------------------------------------------------
I 03-17 19:09:49 optimizer.py:952]  CLOUD   INSTANCE    vCPUs   Mem(GB)   ACCELERATORS   REGION/ZONE      COST ($)   CHOSEN   
I 03-17 19:09:49 optimizer.py:952] -------------------------------------------------------------------------------------------
I 03-17 19:09:49 optimizer.py:952]  AWS     g6.xlarge   4       16        L4:1           ap-northeast-2   0.99       [32m   ✔[0m     
I 03-17 19:09:49 optimizer.py:952] -------------------------------------------------------------------------------------------
<sky-payload>"<rich_exit></rich_exit>"</sky-payload>
<sky-payload>"<rich_init>[bold cyan]Launching[/]</rich_init>"</sky-payload>
<sky-payload>"<rich_update>[bold cyan]Launching[/]</rich_update>"</sky-payload>
<sky-payload>"<rich_start>[bold cyan]Launching[/]</rich_start>"</sky-payload>
<sky-payload>"<rich_update>[bold cyan]Launching[/]  \u001b[2mView logs: sky api logs -l sky-2025-03-17-19-09-49-531199/provision.log\u001b[0m</rich_update>"</sky-payload>
<sky-payload>"<rich_update>[bold cyan]Launching[/]  \u001b[2mView logs: sky api logs -l sky-2025-03-17-19-09-49-531199/provision.log\u001b[0m</rich_update>"</sky-payload>
I 03-17 19:09:49 cloud_vm_ray_backend.py:1520] [0m⚙︎ Launching on AWS ap-northeast-2[0m (ap-northeast-2a,ap-northeast-2d).
[2mW 03-17 19:09:52 instance.py:243] create_instances: Attempt failed with An error occurred (InsufficientInstanceCapacity) when calling the RunInstances operation (reached max retries: 0): We currently do not have sufficient g6.xlarge capacity in the Availability Zone you requested (ap-northeast-2a). Our system will be working on provisioning additional capacity. You can currently get g6.xlarge capacity by not specifying an Availability Zone in your request or choosing ap-northeast-2d.[0m
[2mW 03-17 19:09:53 instance.py:243] create_instances: Attempt failed with An error occurred (InsufficientInstanceCapacity) when calling the RunInstances operation (reached max retries: 0): We currently do not have sufficient g6.xlarge capacity in the Availability Zone you requested (ap-northeast-2d). Our system will be working on provisioning additional capacity. You can currently get g6.xlarge capacity by not specifying an Availability Zone in your request or choosing ap-northeast-2a.[0m
W 03-17 19:09:54 cloud_vm_ray_backend.py:2061] sky.exceptions.ResourcesUnavailableError: Failed to acquire resources in all zones in ap-northeast-2 for {AWS(cpus=4, {'L4': 1})}. 
W 03-17 19:09:54 cloud_vm_ray_backend.py:2097] 
W 03-17 19:09:54 cloud_vm_ray_backend.py:2097] [0m[33m↺[0m Trying other potential resources.
<sky-payload>"<rich_update>[bold cyan]Looking for resources[/]  \u001b[2mView logs: sky api logs -l sky-2025-03-17-19-09-49-531199/provision.log\u001b[0m</rich_update>"</sky-payload>
<sky-payload>"<rich_update>[bold cyan]Optimizing[/]</rich_update>"</sky-payload>
<sky-payload>"<rich_start>[bold cyan]Launching[/]</rich_start>"</sky-payload>
<sky-payload>"<rich_update>[bold cyan]Looking for resources[/]  \u001b[2mView logs: sky api logs -l sky-2025-03-17-19-09-49-531199/provision.log\u001b[0m</rich_update>"</sky-payload>
E 03-17 19:09:54 cloud_vm_ray_backend.py:2904] [0m[31m⨯[0m Failed to provision resources. [2mView logs: sky api logs -l sky-2025-03-17-19-09-49-531199/provision.log[0m
<sky-payload>"<rich_exit></rich_exit>"</sky-payload>

[?25hI 03-17 19:09:54 recovery_strategy.py:326] Failed to launch a cluster with error: sky.exceptions.ResourcesUnavailableError: [31mFailed to provision all possible launchable resources.[0m Relax the task's resource requirements: 1x AWS(cpus=4, {'L4': 1})
I 03-17 19:09:54 recovery_strategy.py:326] To keep retrying until the cluster is up, use the `--retry-until-up` flag.
I 03-17 19:09:54 recovery_strategy.py:326] Reasons for provision failures (for details, please check the log above):
I 03-17 19:09:54 recovery_strategy.py:326] Resource          Reason                                                     
I 03-17 19:09:54 recovery_strategy.py:326] AWS(g6.xlarge,    Failed to acquire resources in all zones in ap-            
I 03-17 19:09:54 recovery_strategy.py:326] {'L4': 1})        northeast-2 for {AWS(cpus=4, {'L4': 1})}.                  )
I 03-17 19:09:54 recovery_strategy.py:364] Retrying to launch the cluster in 362.7 seconds.
I 03-17 19:15:58 storage.py:699] Verifying bucket for storage skypilot-filemounts-root-726f1974-93jbp1tr
<sky-payload>"<rich_init>[bold cyan]Optimizing[/]</rich_init>"</sky-payload>
<sky-payload>"<rich_update>[bold cyan]Optimizing[/]</rich_update>"</sky-payload>
<sky-payload>"<rich_start>[bold cyan]Optimizing[/]</rich_start>"</sky-payload>
I 03-17 19:15:59 optimizer.py:749] [1mEstimated cost: [0m$1.0 / hour
I 03-17 19:15:59 optimizer.py:749] 
I 03-17 19:15:59 optimizer.py:884] Considered resources (1 node):
I 03-17 19:15:59 optimizer.py:952] -------------------------------------------------------------------------------------------
I 03-17 19:15:59 optimizer.py:952]  CLOUD   INSTANCE    vCPUs   Mem(GB)   ACCELERATORS   REGION/ZONE      COST ($)   CHOSEN   
I 03-17 19:15:59 optimizer.py:952] -------------------------------------------------------------------------------------------
I 03-17 19:15:59 optimizer.py:952]  AWS     g6.xlarge   4       16        L4:1           ap-northeast-2   0.99       [32m   ✔[0m     
I 03-17 19:15:59 optimizer.py:952] -------------------------------------------------------------------------------------------
<sky-payload>"<rich_exit></rich_exit>"</sky-payload>
<sky-payload>"<rich_init>[bold cyan]Launching[/]</rich_init>"</sky-payload>
<sky-payload>"<rich_update>[bold cyan]Launching[/]</rich_update>"</sky-payload>
<sky-payload>"<rich_start>[bold cyan]Launching[/]</rich_start>"</sky-payload>
<sky-payload>"<rich_update>[bold cyan]Launching[/]  \u001b[2mView logs: sky api logs -l sky-2025-03-17-19-15-59-480704/provision.log\u001b[0m</rich_update>"</sky-payload>
<sky-payload>"<rich_update>[bold cyan]Launching[/]  \u001b[2mView logs: sky api logs -l sky-2025-03-17-19-15-59-480704/provision.log\u001b[0m</rich_update>"</sky-payload>
I 03-17 19:15:59 cloud_vm_ray_backend.py:1520] [0m⚙︎ Launching on AWS ap-northeast-2[0m (ap-northeast-2a,ap-northeast-2d).
[2mW 03-17 19:16:02 instance.py:243] create_instances: Attempt failed with An error occurred (InsufficientInstanceCapacity) when calling the RunInstances operation (reached max retries: 0): We currently do not have sufficient g6.xlarge capacity in the Availability Zone you requested (ap-northeast-2a). Our system will be working on provisioning additional capacity. You can currently get g6.xlarge capacity by not specifying an Availability Zone in your request or choosing ap-northeast-2d.[0m
[2mW 03-17 19:16:03 instance.py:243] create_instances: Attempt failed with An error occurred (InsufficientInstanceCapacity) when calling the RunInstances operation (reached max retries: 0): We currently do not have sufficient g6.xlarge capacity in the Availability Zone you requested (ap-northeast-2d). Our system will be working on provisioning additional capacity. You can currently get g6.xlarge capacity by not specifying an Availability Zone in your request or choosing ap-northeast-2a.[0m
W 03-17 19:16:04 cloud_vm_ray_backend.py:2061] sky.exceptions.ResourcesUnavailableError: Failed to acquire resources in all zones in ap-northeast-2 for {AWS(cpus=4, {'L4': 1})}. 
W 03-17 19:16:04 cloud_vm_ray_backend.py:2097] 
W 03-17 19:16:04 cloud_vm_ray_backend.py:2097] [0m[33m↺[0m Trying other potential resources.
<sky-payload>"<rich_update>[bold cyan]Looking for resources[/]  \u001b[2mView logs: sky api logs -l sky-2025-03-17-19-15-59-480704/provision.log\u001b[0m</rich_update>"</sky-payload>
<sky-payload>"<rich_update>[bold cyan]Optimizing[/]</rich_update>"</sky-payload>
<sky-payload>"<rich_start>[bold cyan]Launching[/]</rich_start>"</sky-payload>
<sky-payload>"<rich_update>[bold cyan]Looking for resources[/]  \u001b[2mView logs: sky api logs -l sky-2025-03-17-19-15-59-480704/provision.log\u001b[0m</rich_update>"</sky-payload>
E 03-17 19:16:04 cloud_vm_ray_backend.py:2904] [0m[31m⨯[0m Failed to provision resources. [2mView logs: sky api logs -l sky-2025-03-17-19-15-59-480704/provision.log[0m
<sky-payload>"<rich_exit></rich_exit>"</sky-payload>

[?25hI 03-17 19:16:04 recovery_strategy.py:326] Failed to launch a cluster with error: sky.exceptions.ResourcesUnavailableError: [31mFailed to provision all possible launchable resources.[0m Relax the task's resource requirements: 1x AWS(cpus=4, {'L4': 1})
I 03-17 19:16:04 recovery_strategy.py:326] To keep retrying until the cluster is up, use the `--retry-until-up` flag.
I 03-17 19:16:04 recovery_strategy.py:326] Reasons for provision failures (for details, please check the log above):
I 03-17 19:16:04 recovery_strategy.py:326] Resource          Reason                                                     
I 03-17 19:16:04 recovery_strategy.py:326] AWS(g6.xlarge,    Failed to acquire resources in all zones in ap-            
I 03-17 19:16:04 recovery_strategy.py:326] {'L4': 1})        northeast-2 for {AWS(cpus=4, {'L4': 1})}.                  )
I 03-17 19:16:04 recovery_strategy.py:364] Retrying to launch the cluster in 251.2 seconds.
I 03-17 19:20:17 storage.py:699] Verifying bucket for storage skypilot-filemounts-root-726f1974-93jbp1tr
<sky-payload>"<rich_init>[bold cyan]Optimizing[/]</rich_init>"</sky-payload>
<sky-payload>"<rich_update>[bold cyan]Optimizing[/]</rich_update>"</sky-payload>
<sky-payload>"<rich_start>[bold cyan]Optimizing[/]</rich_start>"</sky-payload>
I 03-17 19:20:18 optimizer.py:749] [1mEstimated cost: [0m$1.0 / hour
I 03-17 19:20:18 optimizer.py:749] 
I 03-17 19:20:18 optimizer.py:884] Considered resources (1 node):
I 03-17 19:20:18 optimizer.py:952] -------------------------------------------------------------------------------------------
I 03-17 19:20:18 optimizer.py:952]  CLOUD   INSTANCE    vCPUs   Mem(GB)   ACCELERATORS   REGION/ZONE      COST ($)   CHOSEN   
I 03-17 19:20:18 optimizer.py:952] -------------------------------------------------------------------------------------------
I 03-17 19:20:18 optimizer.py:952]  AWS     g6.xlarge   4       16        L4:1           ap-northeast-2   0.99       [32m   ✔[0m     
I 03-17 19:20:18 optimizer.py:952] -------------------------------------------------------------------------------------------
<sky-payload>"<rich_exit></rich_exit>"</sky-payload>
<sky-payload>"<rich_init>[bold cyan]Launching[/]</rich_init>"</sky-payload>
<sky-payload>"<rich_update>[bold cyan]Launching[/]</rich_update>"</sky-payload>
<sky-payload>"<rich_start>[bold cyan]Launching[/]</rich_start>"</sky-payload>
<sky-payload>"<rich_update>[bold cyan]Launching[/]  \u001b[2mView logs: sky api logs -l sky-2025-03-17-19-20-18-010540/provision.log\u001b[0m</rich_update>"</sky-payload>
<sky-payload>"<rich_update>[bold cyan]Launching[/]  \u001b[2mView logs: sky api logs -l sky-2025-03-17-19-20-18-010540/provision.log\u001b[0m</rich_update>"</sky-payload>
I 03-17 19:20:18 cloud_vm_ray_backend.py:1520] [0m⚙︎ Launching on AWS ap-northeast-2[0m (ap-northeast-2a,ap-northeast-2d).
[2mW 03-17 19:20:21 instance.py:243] create_instances: Attempt failed with An error occurred (InsufficientInstanceCapacity) when calling the RunInstances operation (reached max retries: 0): We currently do not have sufficient g6.xlarge capacity in the Availability Zone you requested (ap-northeast-2a). Our system will be working on provisioning additional capacity. You can currently get g6.xlarge capacity by not specifying an Availability Zone in your request or choosing ap-northeast-2d.[0m
[2mW 03-17 19:20:22 instance.py:243] create_instances: Attempt failed with An error occurred (InsufficientInstanceCapacity) when calling the RunInstances operation (reached max retries: 0): We currently do not have sufficient g6.xlarge capacity in the Availability Zone you requested (ap-northeast-2d). Our system will be working on provisioning additional capacity. You can currently get g6.xlarge capacity by not specifying an Availability Zone in your request or choosing ap-northeast-2a.[0m
W 03-17 19:20:22 cloud_vm_ray_backend.py:2061] sky.exceptions.ResourcesUnavailableError: Failed to acquire resources in all zones in ap-northeast-2 for {AWS(cpus=4, {'L4': 1})}. 
W 03-17 19:20:22 cloud_vm_ray_backend.py:2097] 
W 03-17 19:20:22 cloud_vm_ray_backend.py:2097] [0m[33m↺[0m Trying other potential resources.
<sky-payload>"<rich_update>[bold cyan]Looking for resources[/]  \u001b[2mView logs: sky api logs -l sky-2025-03-17-19-20-18-010540/provision.log\u001b[0m</rich_update>"</sky-payload>
<sky-payload>"<rich_update>[bold cyan]Optimizing[/]</rich_update>"</sky-payload>
<sky-payload>"<rich_start>[bold cyan]Launching[/]</rich_start>"</sky-payload>
<sky-payload>"<rich_update>[bold cyan]Looking for resources[/]  \u001b[2mView logs: sky api logs -l sky-2025-03-17-19-20-18-010540/provision.log\u001b[0m</rich_update>"</sky-payload>
E 03-17 19:20:22 cloud_vm_ray_backend.py:2904] [0m[31m⨯[0m Failed to provision resources. [2mView logs: sky api logs -l sky-2025-03-17-19-20-18-010540/provision.log[0m
<sky-payload>"<rich_exit></rich_exit>"</sky-payload>

[?25hI 03-17 19:20:23 recovery_strategy.py:326] Failed to launch a cluster with error: sky.exceptions.ResourcesUnavailableError: [31mFailed to provision all possible launchable resources.[0m Relax the task's resource requirements: 1x AWS(cpus=4, {'L4': 1})
I 03-17 19:20:23 recovery_strategy.py:326] To keep retrying until the cluster is up, use the `--retry-until-up` flag.
I 03-17 19:20:23 recovery_strategy.py:326] Reasons for provision failures (for details, please check the log above):
I 03-17 19:20:23 recovery_strategy.py:326] Resource          Reason                                                     
I 03-17 19:20:23 recovery_strategy.py:326] AWS(g6.xlarge,    Failed to acquire resources in all zones in ap-            
I 03-17 19:20:23 recovery_strategy.py:326] {'L4': 1})        northeast-2 for {AWS(cpus=4, {'L4': 1})}.                  )
I 03-17 19:20:23 recovery_strategy.py:364] Retrying to launch the cluster in 315.0 seconds.
I 03-17 19:25:39 storage.py:699] Verifying bucket for storage skypilot-filemounts-root-726f1974-93jbp1tr
<sky-payload>"<rich_init>[bold cyan]Optimizing[/]</rich_init>"</sky-payload>
<sky-payload>"<rich_update>[bold cyan]Optimizing[/]</rich_update>"</sky-payload>
<sky-payload>"<rich_start>[bold cyan]Optimizing[/]</rich_start>"</sky-payload>
I 03-17 19:25:40 optimizer.py:749] [1mEstimated cost: [0m$1.0 / hour
I 03-17 19:25:40 optimizer.py:749] 
I 03-17 19:25:40 optimizer.py:884] Considered resources (1 node):
I 03-17 19:25:40 optimizer.py:952] -------------------------------------------------------------------------------------------
I 03-17 19:25:40 optimizer.py:952]  CLOUD   INSTANCE    vCPUs   Mem(GB)   ACCELERATORS   REGION/ZONE      COST ($)   CHOSEN   
I 03-17 19:25:40 optimizer.py:952] -------------------------------------------------------------------------------------------
I 03-17 19:25:40 optimizer.py:952]  AWS     g6.xlarge   4       16        L4:1           ap-northeast-2   0.99       [32m   ✔[0m     
I 03-17 19:25:40 optimizer.py:952] -------------------------------------------------------------------------------------------
<sky-payload>"<rich_exit></rich_exit>"</sky-payload>
<sky-payload>"<rich_init>[bold cyan]Launching[/]</rich_init>"</sky-payload>
<sky-payload>"<rich_update>[bold cyan]Launching[/]</rich_update>"</sky-payload>
<sky-payload>"<rich_start>[bold cyan]Launching[/]</rich_start>"</sky-payload>
<sky-payload>"<rich_update>[bold cyan]Launching[/]  \u001b[2mView logs: sky api logs -l sky-2025-03-17-19-25-40-252508/provision.log\u001b[0m</rich_update>"</sky-payload>
<sky-payload>"<rich_update>[bold cyan]Launching[/]  \u001b[2mView logs: sky api logs -l sky-2025-03-17-19-25-40-252508/provision.log\u001b[0m</rich_update>"</sky-payload>
I 03-17 19:25:40 cloud_vm_ray_backend.py:1520] [0m⚙︎ Launching on AWS ap-northeast-2[0m (ap-northeast-2a,ap-northeast-2d).
[2mW 03-17 19:25:43 instance.py:243] create_instances: Attempt failed with An error occurred (InsufficientInstanceCapacity) when calling the RunInstances operation (reached max retries: 0): We currently do not have sufficient g6.xlarge capacity in the Availability Zone you requested (ap-northeast-2a). Our system will be working on provisioning additional capacity. You can currently get g6.xlarge capacity by not specifying an Availability Zone in your request or choosing ap-northeast-2d.[0m
[2mW 03-17 19:25:44 instance.py:243] create_instances: Attempt failed with An error occurred (InsufficientInstanceCapacity) when calling the RunInstances operation (reached max retries: 0): We currently do not have sufficient g6.xlarge capacity in the Availability Zone you requested (ap-northeast-2d). Our system will be working on provisioning additional capacity. You can currently get g6.xlarge capacity by not specifying an Availability Zone in your request or choosing ap-northeast-2a.[0m
W 03-17 19:25:45 cloud_vm_ray_backend.py:2061] sky.exceptions.ResourcesUnavailableError: Failed to acquire resources in all zones in ap-northeast-2 for {AWS(cpus=4, {'L4': 1})}. 
W 03-17 19:25:45 cloud_vm_ray_backend.py:2097] 
W 03-17 19:25:45 cloud_vm_ray_backend.py:2097] [0m[33m↺[0m Trying other potential resources.
<sky-payload>"<rich_update>[bold cyan]Looking for resources[/]  \u001b[2mView logs: sky api logs -l sky-2025-03-17-19-25-40-252508/provision.log\u001b[0m</rich_update>"</sky-payload>
<sky-payload>"<rich_update>[bold cyan]Optimizing[/]</rich_update>"</sky-payload>
<sky-payload>"<rich_start>[bold cyan]Launching[/]</rich_start>"</sky-payload>
<sky-payload>"<rich_update>[bold cyan]Looking for resources[/]  \u001b[2mView logs: sky api logs -l sky-2025-03-17-19-25-40-252508/provision.log\u001b[0m</rich_update>"</sky-payload>
E 03-17 19:25:45 cloud_vm_ray_backend.py:2904] [0m[31m⨯[0m Failed to provision resources. [2mView logs: sky api logs -l sky-2025-03-17-19-25-40-252508/provision.log[0m
<sky-payload>"<rich_exit></rich_exit>"</sky-payload>

[?25hI 03-17 19:25:45 recovery_strategy.py:326] Failed to launch a cluster with error: sky.exceptions.ResourcesUnavailableError: [31mFailed to provision all possible launchable resources.[0m Relax the task's resource requirements: 1x AWS(cpus=4, {'L4': 1})
I 03-17 19:25:45 recovery_strategy.py:326] To keep retrying until the cluster is up, use the `--retry-until-up` flag.
I 03-17 19:25:45 recovery_strategy.py:326] Reasons for provision failures (for details, please check the log above):
I 03-17 19:25:45 recovery_strategy.py:326] Resource          Reason                                                     
I 03-17 19:25:45 recovery_strategy.py:326] AWS(g6.xlarge,    Failed to acquire resources in all zones in ap-            
I 03-17 19:25:45 recovery_strategy.py:326] {'L4': 1})        northeast-2 for {AWS(cpus=4, {'L4': 1})}.                  )
I 03-17 19:25:45 recovery_strategy.py:364] Retrying to launch the cluster in 253.1 seconds.
I 03-17 19:29:59 storage.py:699] Verifying bucket for storage skypilot-filemounts-root-726f1974-93jbp1tr
<sky-payload>"<rich_init>[bold cyan]Optimizing[/]</rich_init>"</sky-payload>
<sky-payload>"<rich_update>[bold cyan]Optimizing[/]</rich_update>"</sky-payload>
<sky-payload>"<rich_start>[bold cyan]Optimizing[/]</rich_start>"</sky-payload>
I 03-17 19:30:00 optimizer.py:749] [1mEstimated cost: [0m$1.0 / hour
I 03-17 19:30:00 optimizer.py:749] 
I 03-17 19:30:00 optimizer.py:884] Considered resources (1 node):
I 03-17 19:30:00 optimizer.py:952] -------------------------------------------------------------------------------------------
I 03-17 19:30:00 optimizer.py:952]  CLOUD   INSTANCE    vCPUs   Mem(GB)   ACCELERATORS   REGION/ZONE      COST ($)   CHOSEN   
I 03-17 19:30:00 optimizer.py:952] -------------------------------------------------------------------------------------------
I 03-17 19:30:00 optimizer.py:952]  AWS     g6.xlarge   4       16        L4:1           ap-northeast-2   0.99       [32m   ✔[0m     
I 03-17 19:30:00 optimizer.py:952] -------------------------------------------------------------------------------------------
<sky-payload>"<rich_exit></rich_exit>"</sky-payload>
<sky-payload>"<rich_init>[bold cyan]Launching[/]</rich_init>"</sky-payload>
<sky-payload>"<rich_update>[bold cyan]Launching[/]</rich_update>"</sky-payload>
<sky-payload>"<rich_start>[bold cyan]Launching[/]</rich_start>"</sky-payload>
<sky-payload>"<rich_update>[bold cyan]Launching[/]  \u001b[2mView logs: sky api logs -l sky-2025-03-17-19-30-00-628317/provision.log\u001b[0m</rich_update>"</sky-payload>
<sky-payload>"<rich_update>[bold cyan]Launching[/]  \u001b[2mView logs: sky api logs -l sky-2025-03-17-19-30-00-628317/provision.log\u001b[0m</rich_update>"</sky-payload>
I 03-17 19:30:00 cloud_vm_ray_backend.py:1520] [0m⚙︎ Launching on AWS ap-northeast-2[0m (ap-northeast-2a,ap-northeast-2d).
[2mW 03-17 19:30:03 instance.py:243] create_instances: Attempt failed with An error occurred (InsufficientInstanceCapacity) when calling the RunInstances operation (reached max retries: 0): We currently do not have sufficient g6.xlarge capacity in the Availability Zone you requested (ap-northeast-2a). Our system will be working on provisioning additional capacity. You can currently get g6.xlarge capacity by not specifying an Availability Zone in your request or choosing ap-northeast-2d.[0m
[2mW 03-17 19:30:05 instance.py:243] create_instances: Attempt failed with An error occurred (InsufficientInstanceCapacity) when calling the RunInstances operation (reached max retries: 0): We currently do not have sufficient g6.xlarge capacity in the Availability Zone you requested (ap-northeast-2d). Our system will be working on provisioning additional capacity. You can currently get g6.xlarge capacity by not specifying an Availability Zone in your request or choosing ap-northeast-2a.[0m
W 03-17 19:30:05 cloud_vm_ray_backend.py:2061] sky.exceptions.ResourcesUnavailableError: Failed to acquire resources in all zones in ap-northeast-2 for {AWS(cpus=4, {'L4': 1})}. 
W 03-17 19:30:05 cloud_vm_ray_backend.py:2097] 
W 03-17 19:30:05 cloud_vm_ray_backend.py:2097] [0m[33m↺[0m Trying other potential resources.
<sky-payload>"<rich_update>[bold cyan]Looking for resources[/]  \u001b[2mView logs: sky api logs -l sky-2025-03-17-19-30-00-628317/provision.log\u001b[0m</rich_update>"</sky-payload>
<sky-payload>"<rich_update>[bold cyan]Optimizing[/]</rich_update>"</sky-payload>
<sky-payload>"<rich_start>[bold cyan]Launching[/]</rich_start>"</sky-payload>
<sky-payload>"<rich_update>[bold cyan]Looking for resources[/]  \u001b[2mView logs: sky api logs -l sky-2025-03-17-19-30-00-628317/provision.log\u001b[0m</rich_update>"</sky-payload>
E 03-17 19:30:05 cloud_vm_ray_backend.py:2904] [0m[31m⨯[0m Failed to provision resources. [2mView logs: sky api logs -l sky-2025-03-17-19-30-00-628317/provision.log[0m
<sky-payload>"<rich_exit></rich_exit>"</sky-payload>

[?25hI 03-17 19:30:05 recovery_strategy.py:326] Failed to launch a cluster with error: sky.exceptions.ResourcesUnavailableError: [31mFailed to provision all possible launchable resources.[0m Relax the task's resource requirements: 1x AWS(cpus=4, {'L4': 1})
I 03-17 19:30:05 recovery_strategy.py:326] To keep retrying until the cluster is up, use the `--retry-until-up` flag.
I 03-17 19:30:05 recovery_strategy.py:326] Reasons for provision failures (for details, please check the log above):
I 03-17 19:30:05 recovery_strategy.py:326] Resource          Reason                                                     
I 03-17 19:30:05 recovery_strategy.py:326] AWS(g6.xlarge,    Failed to acquire resources in all zones in ap-            
I 03-17 19:30:05 recovery_strategy.py:326] {'L4': 1})        northeast-2 for {AWS(cpus=4, {'L4': 1})}.                  )
I 03-17 19:30:06 recovery_strategy.py:364] Retrying to launch the cluster in 364.7 seconds.
I 03-17 19:36:11 storage.py:699] Verifying bucket for storage skypilot-filemounts-root-726f1974-93jbp1tr
<sky-payload>"<rich_init>[bold cyan]Optimizing[/]</rich_init>"</sky-payload>
<sky-payload>"<rich_update>[bold cyan]Optimizing[/]</rich_update>"</sky-payload>
<sky-payload>"<rich_start>[bold cyan]Optimizing[/]</rich_start>"</sky-payload>
I 03-17 19:36:12 optimizer.py:749] [1mEstimated cost: [0m$1.0 / hour
I 03-17 19:36:12 optimizer.py:749] 
I 03-17 19:36:12 optimizer.py:884] Considered resources (1 node):
I 03-17 19:36:12 optimizer.py:952] -------------------------------------------------------------------------------------------
I 03-17 19:36:12 optimizer.py:952]  CLOUD   INSTANCE    vCPUs   Mem(GB)   ACCELERATORS   REGION/ZONE      COST ($)   CHOSEN   
I 03-17 19:36:12 optimizer.py:952] -------------------------------------------------------------------------------------------
I 03-17 19:36:12 optimizer.py:952]  AWS     g6.xlarge   4       16        L4:1           ap-northeast-2   0.99       [32m   ✔[0m     
I 03-17 19:36:12 optimizer.py:952] -------------------------------------------------------------------------------------------
<sky-payload>"<rich_exit></rich_exit>"</sky-payload>
<sky-payload>"<rich_init>[bold cyan]Launching[/]</rich_init>"</sky-payload>
<sky-payload>"<rich_update>[bold cyan]Launching[/]</rich_update>"</sky-payload>
<sky-payload>"<rich_start>[bold cyan]Launching[/]</rich_start>"</sky-payload>
<sky-payload>"<rich_update>[bold cyan]Launching[/]  \u001b[2mView logs: sky api logs -l sky-2025-03-17-19-36-12-705159/provision.log\u001b[0m</rich_update>"</sky-payload>
<sky-payload>"<rich_update>[bold cyan]Launching[/]  \u001b[2mView logs: sky api logs -l sky-2025-03-17-19-36-12-705159/provision.log\u001b[0m</rich_update>"</sky-payload>
I 03-17 19:36:12 cloud_vm_ray_backend.py:1520] [0m⚙︎ Launching on AWS ap-northeast-2[0m (ap-northeast-2a,ap-northeast-2d).
[2mW 03-17 19:36:15 instance.py:243] create_instances: Attempt failed with An error occurred (InsufficientInstanceCapacity) when calling the RunInstances operation (reached max retries: 0): We currently do not have sufficient g6.xlarge capacity in the Availability Zone you requested (ap-northeast-2a). Our system will be working on provisioning additional capacity. You can currently get g6.xlarge capacity by not specifying an Availability Zone in your request or choosing ap-northeast-2d.[0m
[2mW 03-17 19:36:17 instance.py:243] create_instances: Attempt failed with An error occurred (InsufficientInstanceCapacity) when calling the RunInstances operation (reached max retries: 0): We currently do not have sufficient g6.xlarge capacity in the Availability Zone you requested (ap-northeast-2d). Our system will be working on provisioning additional capacity. You can currently get g6.xlarge capacity by not specifying an Availability Zone in your request or choosing ap-northeast-2a.[0m
W 03-17 19:36:17 cloud_vm_ray_backend.py:2061] sky.exceptions.ResourcesUnavailableError: Failed to acquire resources in all zones in ap-northeast-2 for {AWS(cpus=4, {'L4': 1})}. 
W 03-17 19:36:17 cloud_vm_ray_backend.py:2097] 
W 03-17 19:36:17 cloud_vm_ray_backend.py:2097] [0m[33m↺[0m Trying other potential resources.
<sky-payload>"<rich_update>[bold cyan]Looking for resources[/]  \u001b[2mView logs: sky api logs -l sky-2025-03-17-19-36-12-705159/provision.log\u001b[0m</rich_update>"</sky-payload>
<sky-payload>"<rich_update>[bold cyan]Optimizing[/]</rich_update>"</sky-payload>
<sky-payload>"<rich_start>[bold cyan]Launching[/]</rich_start>"</sky-payload>
<sky-payload>"<rich_update>[bold cyan]Looking for resources[/]  \u001b[2mView logs: sky api logs -l sky-2025-03-17-19-36-12-705159/provision.log\u001b[0m</rich_update>"</sky-payload>
E 03-17 19:36:17 cloud_vm_ray_backend.py:2904] [0m[31m⨯[0m Failed to provision resources. [2mView logs: sky api logs -l sky-2025-03-17-19-36-12-705159/provision.log[0m
<sky-payload>"<rich_exit></rich_exit>"</sky-payload>

[?25hI 03-17 19:36:17 recovery_strategy.py:326] Failed to launch a cluster with error: sky.exceptions.ResourcesUnavailableError: [31mFailed to provision all possible launchable resources.[0m Relax the task's resource requirements: 1x AWS(cpus=4, {'L4': 1})
I 03-17 19:36:17 recovery_strategy.py:326] To keep retrying until the cluster is up, use the `--retry-until-up` flag.
I 03-17 19:36:17 recovery_strategy.py:326] Reasons for provision failures (for details, please check the log above):
I 03-17 19:36:17 recovery_strategy.py:326] Resource          Reason                                                     
I 03-17 19:36:17 recovery_strategy.py:326] AWS(g6.xlarge,    Failed to acquire resources in all zones in ap-            
I 03-17 19:36:17 recovery_strategy.py:326] {'L4': 1})        northeast-2 for {AWS(cpus=4, {'L4': 1})}.                  )
I 03-17 19:36:18 recovery_strategy.py:364] Retrying to launch the cluster in 395.1 seconds.
I 03-17 19:42:54 storage.py:699] Verifying bucket for storage skypilot-filemounts-root-726f1974-93jbp1tr
<sky-payload>"<rich_init>[bold cyan]Optimizing[/]</rich_init>"</sky-payload>
<sky-payload>"<rich_update>[bold cyan]Optimizing[/]</rich_update>"</sky-payload>
<sky-payload>"<rich_start>[bold cyan]Optimizing[/]</rich_start>"</sky-payload>
I 03-17 19:42:55 optimizer.py:749] [1mEstimated cost: [0m$1.0 / hour
I 03-17 19:42:55 optimizer.py:749] 
I 03-17 19:42:55 optimizer.py:884] Considered resources (1 node):
I 03-17 19:42:55 optimizer.py:952] -------------------------------------------------------------------------------------------
I 03-17 19:42:55 optimizer.py:952]  CLOUD   INSTANCE    vCPUs   Mem(GB)   ACCELERATORS   REGION/ZONE      COST ($)   CHOSEN   
I 03-17 19:42:55 optimizer.py:952] -------------------------------------------------------------------------------------------
I 03-17 19:42:55 optimizer.py:952]  AWS     g6.xlarge   4       16        L4:1           ap-northeast-2   0.99       [32m   ✔[0m     
I 03-17 19:42:55 optimizer.py:952] -------------------------------------------------------------------------------------------
<sky-payload>"<rich_exit></rich_exit>"</sky-payload>
<sky-payload>"<rich_init>[bold cyan]Launching[/]</rich_init>"</sky-payload>
<sky-payload>"<rich_update>[bold cyan]Launching[/]</rich_update>"</sky-payload>
<sky-payload>"<rich_start>[bold cyan]Launching[/]</rich_start>"</sky-payload>
<sky-payload>"<rich_update>[bold cyan]Launching[/]  \u001b[2mView logs: sky api logs -l sky-2025-03-17-19-42-55-084786/provision.log\u001b[0m</rich_update>"</sky-payload>
<sky-payload>"<rich_update>[bold cyan]Launching[/]  \u001b[2mView logs: sky api logs -l sky-2025-03-17-19-42-55-084786/provision.log\u001b[0m</rich_update>"</sky-payload>
I 03-17 19:42:55 cloud_vm_ray_backend.py:1520] [0m⚙︎ Launching on AWS ap-northeast-2[0m (ap-northeast-2a,ap-northeast-2d).
[2mW 03-17 19:42:58 instance.py:243] create_instances: Attempt failed with An error occurred (InsufficientInstanceCapacity) when calling the RunInstances operation (reached max retries: 0): We currently do not have sufficient g6.xlarge capacity in the Availability Zone you requested (ap-northeast-2a). Our system will be working on provisioning additional capacity. You can currently get g6.xlarge capacity by not specifying an Availability Zone in your request or choosing ap-northeast-2d.[0m
[2mW 03-17 19:42:59 instance.py:243] create_instances: Attempt failed with An error occurred (InsufficientInstanceCapacity) when calling the RunInstances operation (reached max retries: 0): We currently do not have sufficient g6.xlarge capacity in the Availability Zone you requested (ap-northeast-2d). Our system will be working on provisioning additional capacity. You can currently get g6.xlarge capacity by not specifying an Availability Zone in your request or choosing ap-northeast-2a.[0m
W 03-17 19:42:59 cloud_vm_ray_backend.py:2061] sky.exceptions.ResourcesUnavailableError: Failed to acquire resources in all zones in ap-northeast-2 for {AWS(cpus=4, {'L4': 1})}. 
W 03-17 19:42:59 cloud_vm_ray_backend.py:2097] 
W 03-17 19:42:59 cloud_vm_ray_backend.py:2097] [0m[33m↺[0m Trying other potential resources.
<sky-payload>"<rich_update>[bold cyan]Looking for resources[/]  \u001b[2mView logs: sky api logs -l sky-2025-03-17-19-42-55-084786/provision.log\u001b[0m</rich_update>"</sky-payload>
<sky-payload>"<rich_update>[bold cyan]Optimizing[/]</rich_update>"</sky-payload>
<sky-payload>"<rich_start>[bold cyan]Launching[/]</rich_start>"</sky-payload>
<sky-payload>"<rich_update>[bold cyan]Looking for resources[/]  \u001b[2mView logs: sky api logs -l sky-2025-03-17-19-42-55-084786/provision.log\u001b[0m</rich_update>"</sky-payload>
E 03-17 19:42:59 cloud_vm_ray_backend.py:2904] [0m[31m⨯[0m Failed to provision resources. [2mView logs: sky api logs -l sky-2025-03-17-19-42-55-084786/provision.log[0m
<sky-payload>"<rich_exit></rich_exit>"</sky-payload>

[?25hI 03-17 19:43:00 recovery_strategy.py:326] Failed to launch a cluster with error: sky.exceptions.ResourcesUnavailableError: [31mFailed to provision all possible launchable resources.[0m Relax the task's resource requirements: 1x AWS(cpus=4, {'L4': 1})
I 03-17 19:43:00 recovery_strategy.py:326] To keep retrying until the cluster is up, use the `--retry-until-up` flag.
I 03-17 19:43:00 recovery_strategy.py:326] Reasons for provision failures (for details, please check the log above):
I 03-17 19:43:00 recovery_strategy.py:326] Resource          Reason                                                     
I 03-17 19:43:00 recovery_strategy.py:326] AWS(g6.xlarge,    Failed to acquire resources in all zones in ap-            
I 03-17 19:43:00 recovery_strategy.py:326] {'L4': 1})        northeast-2 for {AWS(cpus=4, {'L4': 1})}.                  )
I 03-17 19:43:00 recovery_strategy.py:364] Retrying to launch the cluster in 259.1 seconds.
I 03-17 19:47:20 storage.py:699] Verifying bucket for storage skypilot-filemounts-root-726f1974-93jbp1tr
<sky-payload>"<rich_init>[bold cyan]Optimizing[/]</rich_init>"</sky-payload>
<sky-payload>"<rich_update>[bold cyan]Optimizing[/]</rich_update>"</sky-payload>
<sky-payload>"<rich_start>[bold cyan]Optimizing[/]</rich_start>"</sky-payload>
I 03-17 19:47:21 optimizer.py:749] [1mEstimated cost: [0m$1.0 / hour
I 03-17 19:47:21 optimizer.py:749] 
I 03-17 19:47:21 optimizer.py:884] Considered resources (1 node):
I 03-17 19:47:21 optimizer.py:952] -------------------------------------------------------------------------------------------
I 03-17 19:47:21 optimizer.py:952]  CLOUD   INSTANCE    vCPUs   Mem(GB)   ACCELERATORS   REGION/ZONE      COST ($)   CHOSEN   
I 03-17 19:47:21 optimizer.py:952] -------------------------------------------------------------------------------------------
I 03-17 19:47:21 optimizer.py:952]  AWS     g6.xlarge   4       16        L4:1           ap-northeast-2   0.99       [32m   ✔[0m     
I 03-17 19:47:21 optimizer.py:952] -------------------------------------------------------------------------------------------
<sky-payload>"<rich_exit></rich_exit>"</sky-payload>
<sky-payload>"<rich_init>[bold cyan]Launching[/]</rich_init>"</sky-payload>
<sky-payload>"<rich_update>[bold cyan]Launching[/]</rich_update>"</sky-payload>
<sky-payload>"<rich_start>[bold cyan]Launching[/]</rich_start>"</sky-payload>
<sky-payload>"<rich_update>[bold cyan]Launching[/]  \u001b[2mView logs: sky api logs -l sky-2025-03-17-19-47-21-477237/provision.log\u001b[0m</rich_update>"</sky-payload>
<sky-payload>"<rich_update>[bold cyan]Launching[/]  \u001b[2mView logs: sky api logs -l sky-2025-03-17-19-47-21-477237/provision.log\u001b[0m</rich_update>"</sky-payload>
I 03-17 19:47:21 cloud_vm_ray_backend.py:1520] [0m⚙︎ Launching on AWS ap-northeast-2[0m (ap-northeast-2a,ap-northeast-2d).
[2mW 03-17 19:47:42 instance.py:243] create_instances: Attempt failed with An error occurred (InsufficientInstanceCapacity) when calling the RunInstances operation (reached max retries: 0): We currently do not have sufficient g6.xlarge capacity in the Availability Zone you requested (ap-northeast-2a). Our system will be working on provisioning additional capacity. You can currently get g6.xlarge capacity by not specifying an Availability Zone in your request or choosing ap-northeast-2d.[0m
[2mW 03-17 19:47:43 instance.py:243] create_instances: Attempt failed with An error occurred (InsufficientInstanceCapacity) when calling the RunInstances operation (reached max retries: 0): We currently do not have sufficient g6.xlarge capacity in the Availability Zone you requested (ap-northeast-2d). Our system will be working on provisioning additional capacity. You can currently get g6.xlarge capacity by not specifying an Availability Zone in your request or choosing ap-northeast-2a.[0m
W 03-17 19:47:44 cloud_vm_ray_backend.py:2061] sky.exceptions.ResourcesUnavailableError: Failed to acquire resources in all zones in ap-northeast-2 for {AWS(cpus=4, {'L4': 1})}. 
W 03-17 19:47:44 cloud_vm_ray_backend.py:2097] 
W 03-17 19:47:44 cloud_vm_ray_backend.py:2097] [0m[33m↺[0m Trying other potential resources.
<sky-payload>"<rich_update>[bold cyan]Looking for resources[/]  \u001b[2mView logs: sky api logs -l sky-2025-03-17-19-47-21-477237/provision.log\u001b[0m</rich_update>"</sky-payload>
<sky-payload>"<rich_update>[bold cyan]Optimizing[/]</rich_update>"</sky-payload>
<sky-payload>"<rich_start>[bold cyan]Launching[/]</rich_start>"</sky-payload>
<sky-payload>"<rich_update>[bold cyan]Looking for resources[/]  \u001b[2mView logs: sky api logs -l sky-2025-03-17-19-47-21-477237/provision.log\u001b[0m</rich_update>"</sky-payload>
E 03-17 19:47:44 cloud_vm_ray_backend.py:2904] [0m[31m⨯[0m Failed to provision resources. [2mView logs: sky api logs -l sky-2025-03-17-19-47-21-477237/provision.log[0m
<sky-payload>"<rich_exit></rich_exit>"</sky-payload>

[?25hI 03-17 19:47:44 recovery_strategy.py:326] Failed to launch a cluster with error: sky.exceptions.ResourcesUnavailableError: [31mFailed to provision all possible launchable resources.[0m Relax the task's resource requirements: 1x AWS(cpus=4, {'L4': 1})
I 03-17 19:47:44 recovery_strategy.py:326] To keep retrying until the cluster is up, use the `--retry-until-up` flag.
I 03-17 19:47:44 recovery_strategy.py:326] Reasons for provision failures (for details, please check the log above):
I 03-17 19:47:44 recovery_strategy.py:326] Resource          Reason                                                     
I 03-17 19:47:44 recovery_strategy.py:326] AWS(g6.xlarge,    Failed to acquire resources in all zones in ap-            
I 03-17 19:47:44 recovery_strategy.py:326] {'L4': 1})        northeast-2 for {AWS(cpus=4, {'L4': 1})}.                  )
I 03-17 19:47:44 recovery_strategy.py:364] Retrying to launch the cluster in 375.1 seconds.
I 03-17 19:53:36 controller.py:543] Cancelling managed job, job_id: 124, task_id: 0
I 03-17 19:53:36 state.py:653] Cancelling the job...
I 03-17 19:53:36 controller.py:552] Killing controller process 55807.
I 03-17 19:53:36 controller.py:560] Controller process 55807 killed.
I 03-17 19:53:36 controller.py:562] Cleaning up any cluster for job 124.
I 03-17 19:53:37 storage.py:699] Verifying bucket for storage skypilot-filemounts-root-726f1974-93jbp1tr
<sky-payload>"<rich_init>[bold cyan]Deleting S3 bucket [green]skypilot-filemounts-root-726f1974-93jbp1tr[/][/]</rich_init>"</sky-payload>
<sky-payload>"<rich_update>[bold cyan]Deleting S3 bucket [green]skypilot-filemounts-root-726f1974-93jbp1tr[/][/]</rich_update>"</sky-payload>
<sky-payload>"<rich_start>[bold cyan]Deleting S3 bucket [green]skypilot-filemounts-root-726f1974-93jbp1tr[/][/]</rich_start>"</sky-payload>
<sky-payload>"<rich_exit></rich_exit>"</sky-payload>
I 03-17 19:53:43 storage.py:1505] [32mDeleted S3 bucket skypilot-filemounts-root-726f1974-93jbp1tr.[0m
I 03-17 19:53:43 controller.py:571] Cluster of managed job 124 has been cleaned up.
I 03-17 19:53:43 state.py:674] Job cancelled.
