I 03-17 18:32:05 controller.py:59] DAG:
I 03-17 18:32:05 controller.py:59] [Task<name=compute-text-vectors>(run='# Initialize and dow...')
I 03-17 18:32:05 controller.py:59]   resources: AWS(cpus=4, {'L4': 1}, region=ap-northeast-2)]
I 03-17 18:32:05 controller.py:195] Submitted managed job 20 (task: 0, name: 'compute-text-vectors'); SKYPILOT_TASK_ID: sky-managed-2025-03-17-18-32-05-615569_compute-text-vectors_20-0
I 03-17 18:32:05 controller.py:199] Started monitoring.
I 03-17 18:32:05 state.py:451] Launching the spot cluster...
I 03-17 18:32:06 storage.py:1058] Storage type StoreType.S3 already exists.
<sky-payload>"<rich_init>[bold cyan]Optimizing[/]</rich_init>"</sky-payload>
<sky-payload>"<rich_update>[bold cyan]Optimizing[/]</rich_update>"</sky-payload>
<sky-payload>"<rich_start>[bold cyan]Optimizing[/]</rich_start>"</sky-payload>
I 03-17 18:32:07 optimizer.py:749] [1mEstimated cost: [0m$1.0 / hour
I 03-17 18:32:07 optimizer.py:749] 
I 03-17 18:32:07 optimizer.py:884] Considered resources (1 node):
I 03-17 18:32:07 optimizer.py:952] -------------------------------------------------------------------------------------------
I 03-17 18:32:07 optimizer.py:952]  CLOUD   INSTANCE    vCPUs   Mem(GB)   ACCELERATORS   REGION/ZONE      COST ($)   CHOSEN   
I 03-17 18:32:07 optimizer.py:952] -------------------------------------------------------------------------------------------
I 03-17 18:32:07 optimizer.py:952]  AWS     g6.xlarge   4       16        L4:1           ap-northeast-2   0.99       [32m   ✔[0m     
I 03-17 18:32:07 optimizer.py:952] -------------------------------------------------------------------------------------------
<sky-payload>"<rich_exit></rich_exit>"</sky-payload>
<sky-payload>"<rich_init>[bold cyan]Launching[/]</rich_init>"</sky-payload>
<sky-payload>"<rich_update>[bold cyan]Launching[/]</rich_update>"</sky-payload>
<sky-payload>"<rich_start>[bold cyan]Launching[/]</rich_start>"</sky-payload>
<sky-payload>"<rich_update>[bold cyan]Launching[/]  \u001b[2mView logs: sky api logs -l sky-2025-03-17-18-32-07-696942/provision.log\u001b[0m</rich_update>"</sky-payload>
<sky-payload>"<rich_update>[bold cyan]Launching[/]  \u001b[2mView logs: sky api logs -l sky-2025-03-17-18-32-07-696942/provision.log\u001b[0m</rich_update>"</sky-payload>
I 03-17 18:32:08 cloud_vm_ray_backend.py:1520] [0m⚙︎ Launching on AWS ap-northeast-2[0m (ap-northeast-2a,ap-northeast-2d).
<sky-payload>"<rich_update>[bold cyan]Launching - Checking instance status[/]  \u001b[2mView logs: sky api logs -l sky-2025-03-17-18-32-07-696942/provision.log\u001b[0m</rich_update>"</sky-payload>
<sky-payload>"<rich_update>[bold cyan]Launching - Waiting for SSH access[/]  \u001b[2mView logs: sky api logs -l sky-2025-03-17-18-32-07-696942/provision.log\u001b[0m</rich_update>"</sky-payload>
<sky-payload>"<rich_start>[bold cyan]Launching[/]</rich_start>"</sky-payload>
I 03-17 18:32:41 provisioner.py:451] [2m└── [0m[2mInstance is up.[0m
<sky-payload>"<rich_update>[bold cyan]Preparing SkyPilot runtime (1/3 - initializing)[/]  \u001b[2mView logs: sky api logs -l sky-2025-03-17-18-32-07-696942/provision.log\u001b[0m</rich_update>"</sky-payload>
<sky-payload>"<rich_update>[bold cyan]Preparing SkyPilot runtime (2/3 - dependencies)[/]  \u001b[2mView logs: sky api logs -l sky-2025-03-17-18-32-07-696942/provision.log\u001b[0m</rich_update>"</sky-payload>
<sky-payload>"<rich_update>[bold cyan]Preparing SkyPilot runtime (3/3 - runtime)[/]  \u001b[2mView logs: sky api logs -l sky-2025-03-17-18-32-07-696942/provision.log\u001b[0m</rich_update>"</sky-payload>
<sky-payload>"<rich_update>[bold cyan]Launching - Checking instance status[/]  \u001b[2mView logs: sky api logs -l sky-2025-03-17-18-32-07-696942/provision.log\u001b[0m</rich_update>"</sky-payload>
I 03-17 18:33:04 provisioner.py:632] [0m[32m✓ Cluster launched: compute-text-vectors-20.[0m  [2mView logs: sky api logs -l sky-2025-03-17-18-32-07-696942/provision.log[0m
<sky-payload>"<rich_exit></rich_exit>"</sky-payload>
I 03-17 18:33:04 execution.py:332] [0m⚙︎ Syncing files.
<sky-payload>"<rich_init>[bold cyan]Syncing files[/]</rich_init>"</sky-payload>
<sky-payload>"<rich_update>[bold cyan]Syncing files[/]</rich_update>"</sky-payload>
<sky-payload>"<rich_start>[bold cyan]Syncing files[/]</rich_start>"</sky-payload>
<sky-payload>"<rich_update>[bold cyan]Syncing file mounts[/]  \u001b[2mView logs: sky api logs -l sky-2025-03-17-18-32-07-696942/file_mounts.log\u001b[0m</rich_update>"</sky-payload>
I 03-17 18:33:05 backend_utils.py:1315]   [2mSyncing (to 1 node): s3://skypilot-filemounts-root-726f1974-7vk95jt2/job-7vk95jt2/workdir -> ~/sky_workdir[0m
I 03-17 18:33:07 cloud_vm_ray_backend.py:4801] [0m[32m✓ Synced file_mounts.[0m  [2mView logs: sky api logs -l sky-2025-03-17-18-32-07-696942/file_mounts.log[0m
<sky-payload>"<rich_update>[bold cyan]Mounting 1 storage[/]  \u001b[2mView logs: sky api logs -l sky-2025-03-17-18-32-07-696942/storage_mounts.log\u001b[0m</rich_update>"</sky-payload>
I 03-17 18:33:07 backend_utils.py:1315]   [2mMounting (to 1 node): s3://sky-text-embeddings-single-cluster-final -> /output[0m
I 03-17 18:33:11 cloud_vm_ray_backend.py:4892] [0m[32m✓ Storage mounted.[0m  [2mView logs: sky api logs -l sky-2025-03-17-18-32-07-696942/storage_mounts.log[0m
<sky-payload>"<rich_exit></rich_exit>"</sky-payload>
<sky-payload>"<rich_init>[bold cyan]Running setup[/]</rich_init>"</sky-payload>
<sky-payload>"<rich_update>[bold cyan]Running setup[/]</rich_update>"</sky-payload>
<sky-payload>"<rich_start>[bold cyan]Running setup[/]</rich_start>"</sky-payload>
<sky-payload>"<rich_stop></rich_stop>"</sky-payload>
I 03-17 18:33:12 cloud_vm_ray_backend.py:3357] [0m[32m✓ Setup detached.[0m
<sky-payload>"<rich_exit></rich_exit>"</sky-payload>
<sky-payload>"<rich_init>[bold cyan]Submitting job[/]</rich_init>"</sky-payload>
<sky-payload>"<rich_update>[bold cyan]Submitting job[/]</rich_update>"</sky-payload>
<sky-payload>"<rich_start>[bold cyan]Submitting job[/]</rich_start>"</sky-payload>
I 03-17 18:33:13 cloud_vm_ray_backend.py:3460] [0m⚙︎ Job submitted, ID: 1
<sky-payload>"<rich_stop></rich_stop>"</sky-payload>
<sky-payload>"<rich_exit></rich_exit>"</sky-payload>

[?25hI 03-17 18:33:14 recovery_strategy.py:289] Managed job cluster launched.
I 03-17 18:33:17 utils.py:131] === Checking the job status... ===
I 03-17 18:33:17 utils.py:137] Job status: JobStatus.SETTING_UP
I 03-17 18:33:17 utils.py:140] ==================================
I 03-17 18:33:18 state.py:471] Job started.
I 03-17 18:33:38 utils.py:131] === Checking the job status... ===
I 03-17 18:33:39 utils.py:137] Job status: JobStatus.SETTING_UP
I 03-17 18:33:39 utils.py:140] ==================================
I 03-17 18:33:59 utils.py:131] === Checking the job status... ===
I 03-17 18:34:00 utils.py:137] Job status: JobStatus.SETTING_UP
I 03-17 18:34:00 utils.py:140] ==================================
I 03-17 18:34:20 utils.py:131] === Checking the job status... ===
I 03-17 18:34:20 utils.py:137] Job status: JobStatus.SETTING_UP
I 03-17 18:34:20 utils.py:140] ==================================
I 03-17 18:34:40 utils.py:131] === Checking the job status... ===
I 03-17 18:34:41 utils.py:137] Job status: JobStatus.SETTING_UP
I 03-17 18:34:41 utils.py:140] ==================================
I 03-17 18:35:01 utils.py:131] === Checking the job status... ===
I 03-17 18:35:02 utils.py:137] Job status: JobStatus.SETTING_UP
I 03-17 18:35:02 utils.py:140] ==================================
I 03-17 18:35:22 utils.py:131] === Checking the job status... ===
I 03-17 18:35:22 utils.py:137] Job status: JobStatus.SETTING_UP
I 03-17 18:35:22 utils.py:140] ==================================
I 03-17 18:35:43 utils.py:131] === Checking the job status... ===
I 03-17 18:35:43 utils.py:137] Job status: JobStatus.RUNNING
I 03-17 18:35:43 utils.py:140] ==================================
I 03-17 18:36:03 utils.py:131] === Checking the job status... ===
I 03-17 18:36:04 utils.py:137] Job status: JobStatus.RUNNING
I 03-17 18:36:04 utils.py:140] ==================================
I 03-17 18:36:24 utils.py:131] === Checking the job status... ===
I 03-17 18:36:25 utils.py:137] Job status: JobStatus.RUNNING
I 03-17 18:36:25 utils.py:140] ==================================
I 03-17 18:36:45 utils.py:131] === Checking the job status... ===
I 03-17 18:36:46 utils.py:137] Job status: JobStatus.RUNNING
I 03-17 18:36:46 utils.py:140] ==================================
I 03-17 18:37:06 utils.py:131] === Checking the job status... ===
I 03-17 18:37:07 utils.py:137] Job status: JobStatus.RUNNING
I 03-17 18:37:07 utils.py:140] ==================================
I 03-17 18:37:27 utils.py:131] === Checking the job status... ===
I 03-17 18:37:28 utils.py:137] Job status: JobStatus.RUNNING
I 03-17 18:37:28 utils.py:140] ==================================
I 03-17 18:37:48 utils.py:131] === Checking the job status... ===
I 03-17 18:37:49 utils.py:137] Job status: JobStatus.RUNNING
I 03-17 18:37:49 utils.py:140] ==================================
I 03-17 18:38:09 utils.py:131] === Checking the job status... ===
I 03-17 18:38:09 utils.py:137] Job status: JobStatus.RUNNING
I 03-17 18:38:09 utils.py:140] ==================================
I 03-17 18:38:29 utils.py:131] === Checking the job status... ===
I 03-17 18:38:30 utils.py:137] Job status: JobStatus.RUNNING
I 03-17 18:38:30 utils.py:140] ==================================
I 03-17 18:38:50 utils.py:131] === Checking the job status... ===
I 03-17 18:38:51 utils.py:137] Job status: JobStatus.RUNNING
I 03-17 18:38:51 utils.py:140] ==================================
I 03-17 18:39:11 utils.py:131] === Checking the job status... ===
I 03-17 18:39:14 utils.py:137] Job status: JobStatus.RUNNING
I 03-17 18:39:14 utils.py:140] ==================================
I 03-17 18:39:34 utils.py:131] === Checking the job status... ===
I 03-17 18:39:37 utils.py:137] Job status: JobStatus.RUNNING
I 03-17 18:39:37 utils.py:140] ==================================
I 03-17 18:39:57 utils.py:131] === Checking the job status... ===
I 03-17 18:39:58 utils.py:137] Job status: JobStatus.RUNNING
I 03-17 18:39:58 utils.py:140] ==================================
I 03-17 18:40:18 utils.py:131] === Checking the job status... ===
I 03-17 18:40:19 utils.py:137] Job status: JobStatus.RUNNING
I 03-17 18:40:19 utils.py:140] ==================================
I 03-17 18:40:39 utils.py:131] === Checking the job status... ===
I 03-17 18:40:39 utils.py:137] Job status: JobStatus.RUNNING
I 03-17 18:40:39 utils.py:140] ==================================
I 03-17 18:41:00 utils.py:131] === Checking the job status... ===
I 03-17 18:41:00 utils.py:137] Job status: JobStatus.RUNNING
I 03-17 18:41:00 utils.py:140] ==================================
I 03-17 18:41:20 utils.py:131] === Checking the job status... ===
I 03-17 18:41:21 utils.py:137] Job status: JobStatus.RUNNING
I 03-17 18:41:21 utils.py:140] ==================================
I 03-17 18:41:41 utils.py:131] === Checking the job status... ===
I 03-17 18:41:42 utils.py:137] Job status: JobStatus.RUNNING
I 03-17 18:41:42 utils.py:140] ==================================
I 03-17 18:42:02 utils.py:131] === Checking the job status... ===
I 03-17 18:42:02 utils.py:137] Job status: JobStatus.RUNNING
I 03-17 18:42:02 utils.py:140] ==================================
I 03-17 18:42:22 utils.py:131] === Checking the job status... ===
I 03-17 18:42:23 utils.py:137] Job status: JobStatus.RUNNING
I 03-17 18:42:23 utils.py:140] ==================================
I 03-17 18:42:43 utils.py:131] === Checking the job status... ===
I 03-17 18:42:44 utils.py:137] Job status: JobStatus.RUNNING
I 03-17 18:42:44 utils.py:140] ==================================
I 03-17 18:43:04 utils.py:131] === Checking the job status... ===
I 03-17 18:43:04 utils.py:137] Job status: JobStatus.RUNNING
I 03-17 18:43:04 utils.py:140] ==================================
I 03-17 18:43:24 utils.py:131] === Checking the job status... ===
I 03-17 18:43:25 utils.py:137] Job status: JobStatus.RUNNING
I 03-17 18:43:25 utils.py:140] ==================================
I 03-17 18:43:45 utils.py:131] === Checking the job status... ===
I 03-17 18:43:46 utils.py:137] Job status: JobStatus.RUNNING
I 03-17 18:43:46 utils.py:140] ==================================
I 03-17 18:44:06 utils.py:131] === Checking the job status... ===
I 03-17 18:44:06 utils.py:137] Job status: JobStatus.RUNNING
I 03-17 18:44:06 utils.py:140] ==================================
I 03-17 18:44:26 utils.py:131] === Checking the job status... ===
I 03-17 18:44:27 utils.py:137] Job status: JobStatus.RUNNING
I 03-17 18:44:27 utils.py:140] ==================================
I 03-17 18:44:47 utils.py:131] === Checking the job status... ===
I 03-17 18:44:48 utils.py:137] Job status: JobStatus.RUNNING
I 03-17 18:44:48 utils.py:140] ==================================
I 03-17 18:45:08 utils.py:131] === Checking the job status... ===
I 03-17 18:45:08 utils.py:137] Job status: JobStatus.RUNNING
I 03-17 18:45:08 utils.py:140] ==================================
I 03-17 18:45:28 utils.py:131] === Checking the job status... ===
I 03-17 18:45:29 utils.py:137] Job status: JobStatus.RUNNING
I 03-17 18:45:29 utils.py:140] ==================================
I 03-17 18:45:49 utils.py:131] === Checking the job status... ===
I 03-17 18:45:50 utils.py:137] Job status: JobStatus.RUNNING
I 03-17 18:45:50 utils.py:140] ==================================
I 03-17 18:46:10 utils.py:131] === Checking the job status... ===
I 03-17 18:46:10 utils.py:137] Job status: JobStatus.RUNNING
I 03-17 18:46:10 utils.py:140] ==================================
I 03-17 18:46:31 utils.py:131] === Checking the job status... ===
I 03-17 18:46:31 utils.py:137] Job status: JobStatus.RUNNING
I 03-17 18:46:31 utils.py:140] ==================================
I 03-17 18:46:51 utils.py:131] === Checking the job status... ===
I 03-17 18:46:52 utils.py:137] Job status: JobStatus.RUNNING
I 03-17 18:46:52 utils.py:140] ==================================
I 03-17 18:47:12 utils.py:131] === Checking the job status... ===
I 03-17 18:47:13 utils.py:137] Job status: JobStatus.RUNNING
I 03-17 18:47:13 utils.py:140] ==================================
I 03-17 18:47:33 utils.py:131] === Checking the job status... ===
I 03-17 18:47:33 utils.py:137] Job status: JobStatus.RUNNING
I 03-17 18:47:33 utils.py:140] ==================================
I 03-17 18:47:53 utils.py:131] === Checking the job status... ===
I 03-17 18:47:54 utils.py:137] Job status: JobStatus.RUNNING
I 03-17 18:47:54 utils.py:140] ==================================
I 03-17 18:48:14 utils.py:131] === Checking the job status... ===
I 03-17 18:48:15 utils.py:137] Job status: JobStatus.RUNNING
I 03-17 18:48:15 utils.py:140] ==================================
I 03-17 18:48:35 utils.py:131] === Checking the job status... ===
I 03-17 18:48:35 utils.py:137] Job status: JobStatus.RUNNING
I 03-17 18:48:35 utils.py:140] ==================================
I 03-17 18:48:56 utils.py:131] === Checking the job status... ===
I 03-17 18:48:56 utils.py:137] Job status: JobStatus.RUNNING
I 03-17 18:48:56 utils.py:140] ==================================
I 03-17 18:49:16 utils.py:131] === Checking the job status... ===
I 03-17 18:49:17 utils.py:137] Job status: JobStatus.RUNNING
I 03-17 18:49:17 utils.py:140] ==================================
I 03-17 18:49:37 utils.py:131] === Checking the job status... ===
I 03-17 18:49:38 utils.py:137] Job status: JobStatus.RUNNING
I 03-17 18:49:38 utils.py:140] ==================================
I 03-17 18:49:58 utils.py:131] === Checking the job status... ===
I 03-17 18:49:58 utils.py:137] Job status: JobStatus.RUNNING
I 03-17 18:49:58 utils.py:140] ==================================
I 03-17 18:50:18 utils.py:131] === Checking the job status... ===
I 03-17 18:50:19 utils.py:137] Job status: JobStatus.RUNNING
I 03-17 18:50:19 utils.py:140] ==================================
I 03-17 18:50:39 utils.py:131] === Checking the job status... ===
I 03-17 18:50:40 utils.py:137] Job status: JobStatus.RUNNING
I 03-17 18:50:40 utils.py:140] ==================================
I 03-17 18:51:00 utils.py:131] === Checking the job status... ===
I 03-17 18:51:00 utils.py:137] Job status: JobStatus.RUNNING
I 03-17 18:51:00 utils.py:140] ==================================
I 03-17 18:51:21 utils.py:131] === Checking the job status... ===
I 03-17 18:51:21 utils.py:137] Job status: JobStatus.RUNNING
I 03-17 18:51:21 utils.py:140] ==================================
I 03-17 18:51:41 utils.py:131] === Checking the job status... ===
I 03-17 18:51:42 utils.py:137] Job status: JobStatus.RUNNING
I 03-17 18:51:42 utils.py:140] ==================================
I 03-17 18:52:02 utils.py:131] === Checking the job status... ===
I 03-17 18:52:03 utils.py:137] Job status: JobStatus.RUNNING
I 03-17 18:52:03 utils.py:140] ==================================
I 03-17 18:52:23 utils.py:131] === Checking the job status... ===
I 03-17 18:52:23 utils.py:137] Job status: JobStatus.RUNNING
I 03-17 18:52:23 utils.py:140] ==================================
I 03-17 18:52:43 utils.py:131] === Checking the job status... ===
I 03-17 18:52:44 utils.py:137] Job status: JobStatus.RUNNING
I 03-17 18:52:44 utils.py:140] ==================================
I 03-17 18:53:04 utils.py:131] === Checking the job status... ===
I 03-17 18:53:05 utils.py:137] Job status: JobStatus.RUNNING
I 03-17 18:53:05 utils.py:140] ==================================
I 03-17 18:53:25 utils.py:131] === Checking the job status... ===
I 03-17 18:53:25 utils.py:137] Job status: JobStatus.RUNNING
I 03-17 18:53:25 utils.py:140] ==================================
I 03-17 18:53:46 utils.py:131] === Checking the job status... ===
I 03-17 18:53:46 utils.py:137] Job status: JobStatus.RUNNING
I 03-17 18:53:46 utils.py:140] ==================================
I 03-17 18:54:06 utils.py:131] === Checking the job status... ===
I 03-17 18:54:07 utils.py:137] Job status: JobStatus.RUNNING
I 03-17 18:54:07 utils.py:140] ==================================
I 03-17 18:54:27 utils.py:131] === Checking the job status... ===
I 03-17 18:54:28 utils.py:137] Job status: JobStatus.RUNNING
I 03-17 18:54:28 utils.py:140] ==================================
I 03-17 18:54:48 utils.py:131] === Checking the job status... ===
I 03-17 18:54:48 utils.py:137] Job status: JobStatus.RUNNING
I 03-17 18:54:48 utils.py:140] ==================================
I 03-17 18:55:08 utils.py:131] === Checking the job status... ===
I 03-17 18:55:09 utils.py:137] Job status: JobStatus.RUNNING
I 03-17 18:55:09 utils.py:140] ==================================
I 03-17 18:55:29 utils.py:131] === Checking the job status... ===
I 03-17 18:55:30 utils.py:137] Job status: JobStatus.RUNNING
I 03-17 18:55:30 utils.py:140] ==================================
I 03-17 18:55:50 utils.py:131] === Checking the job status... ===
I 03-17 18:55:50 utils.py:137] Job status: JobStatus.RUNNING
I 03-17 18:55:50 utils.py:140] ==================================
I 03-17 18:56:10 utils.py:131] === Checking the job status... ===
I 03-17 18:56:11 utils.py:137] Job status: JobStatus.RUNNING
I 03-17 18:56:11 utils.py:140] ==================================
I 03-17 18:56:31 utils.py:131] === Checking the job status... ===
I 03-17 18:56:32 utils.py:137] Job status: JobStatus.RUNNING
I 03-17 18:56:32 utils.py:140] ==================================
I 03-17 18:56:52 utils.py:131] === Checking the job status... ===
I 03-17 18:56:52 utils.py:137] Job status: JobStatus.RUNNING
I 03-17 18:56:52 utils.py:140] ==================================
I 03-17 18:57:13 utils.py:131] === Checking the job status... ===
I 03-17 18:57:13 utils.py:137] Job status: JobStatus.RUNNING
I 03-17 18:57:13 utils.py:140] ==================================
I 03-17 18:57:33 utils.py:131] === Checking the job status... ===
I 03-17 18:57:34 utils.py:137] Job status: JobStatus.RUNNING
I 03-17 18:57:34 utils.py:140] ==================================
I 03-17 18:57:54 utils.py:131] === Checking the job status... ===
I 03-17 18:57:55 utils.py:137] Job status: JobStatus.RUNNING
I 03-17 18:57:55 utils.py:140] ==================================
I 03-17 18:58:15 utils.py:131] === Checking the job status... ===
I 03-17 18:58:15 utils.py:137] Job status: JobStatus.RUNNING
I 03-17 18:58:15 utils.py:140] ==================================
I 03-17 18:58:35 utils.py:131] === Checking the job status... ===
I 03-17 18:58:36 utils.py:137] Job status: JobStatus.RUNNING
I 03-17 18:58:36 utils.py:140] ==================================
I 03-17 18:58:56 utils.py:131] === Checking the job status... ===
I 03-17 18:58:57 utils.py:137] Job status: JobStatus.RUNNING
I 03-17 18:58:57 utils.py:140] ==================================
I 03-17 18:59:17 utils.py:131] === Checking the job status... ===
I 03-17 18:59:17 utils.py:137] Job status: JobStatus.RUNNING
I 03-17 18:59:17 utils.py:140] ==================================
I 03-17 18:59:38 utils.py:131] === Checking the job status... ===
I 03-17 18:59:38 utils.py:137] Job status: JobStatus.RUNNING
I 03-17 18:59:38 utils.py:140] ==================================
I 03-17 18:59:58 utils.py:131] === Checking the job status... ===
I 03-17 18:59:59 utils.py:137] Job status: JobStatus.RUNNING
I 03-17 18:59:59 utils.py:140] ==================================
I 03-17 19:00:19 utils.py:131] === Checking the job status... ===
I 03-17 19:00:20 utils.py:137] Job status: JobStatus.RUNNING
I 03-17 19:00:20 utils.py:140] ==================================
I 03-17 19:00:40 utils.py:131] === Checking the job status... ===
I 03-17 19:00:40 utils.py:137] Job status: JobStatus.RUNNING
I 03-17 19:00:40 utils.py:140] ==================================
I 03-17 19:01:01 utils.py:131] === Checking the job status... ===
I 03-17 19:01:01 utils.py:137] Job status: JobStatus.RUNNING
I 03-17 19:01:01 utils.py:140] ==================================
I 03-17 19:01:21 utils.py:131] === Checking the job status... ===
I 03-17 19:01:22 utils.py:137] Job status: JobStatus.RUNNING
I 03-17 19:01:22 utils.py:140] ==================================
I 03-17 19:01:42 utils.py:131] === Checking the job status... ===
I 03-17 19:01:43 utils.py:137] Job status: JobStatus.RUNNING
I 03-17 19:01:43 utils.py:140] ==================================
I 03-17 19:02:03 utils.py:131] === Checking the job status... ===
I 03-17 19:02:03 utils.py:137] Job status: JobStatus.RUNNING
I 03-17 19:02:03 utils.py:140] ==================================
I 03-17 19:02:23 utils.py:131] === Checking the job status... ===
I 03-17 19:02:24 utils.py:137] Job status: JobStatus.RUNNING
I 03-17 19:02:24 utils.py:140] ==================================
I 03-17 19:02:44 utils.py:131] === Checking the job status... ===
I 03-17 19:02:45 utils.py:137] Job status: JobStatus.RUNNING
I 03-17 19:02:45 utils.py:140] ==================================
I 03-17 19:03:05 utils.py:131] === Checking the job status... ===
I 03-17 19:03:06 utils.py:137] Job status: JobStatus.RUNNING
I 03-17 19:03:06 utils.py:140] ==================================
I 03-17 19:03:26 utils.py:131] === Checking the job status... ===
I 03-17 19:03:26 utils.py:137] Job status: JobStatus.RUNNING
I 03-17 19:03:26 utils.py:140] ==================================
I 03-17 19:03:46 utils.py:131] === Checking the job status... ===
I 03-17 19:03:47 utils.py:137] Job status: JobStatus.RUNNING
I 03-17 19:03:47 utils.py:140] ==================================
I 03-17 19:04:07 utils.py:131] === Checking the job status... ===
I 03-17 19:04:08 utils.py:137] Job status: JobStatus.RUNNING
I 03-17 19:04:08 utils.py:140] ==================================
I 03-17 19:04:28 utils.py:131] === Checking the job status... ===
I 03-17 19:04:28 utils.py:137] Job status: JobStatus.RUNNING
I 03-17 19:04:28 utils.py:140] ==================================
I 03-17 19:04:49 utils.py:131] === Checking the job status... ===
I 03-17 19:04:49 utils.py:137] Job status: JobStatus.RUNNING
I 03-17 19:04:49 utils.py:140] ==================================
I 03-17 19:05:09 utils.py:131] === Checking the job status... ===
I 03-17 19:05:10 utils.py:137] Job status: JobStatus.RUNNING
I 03-17 19:05:10 utils.py:140] ==================================
I 03-17 19:05:30 utils.py:131] === Checking the job status... ===
I 03-17 19:05:31 utils.py:137] Job status: JobStatus.RUNNING
I 03-17 19:05:31 utils.py:140] ==================================
I 03-17 19:05:51 utils.py:131] === Checking the job status... ===
I 03-17 19:05:51 utils.py:137] Job status: JobStatus.RUNNING
I 03-17 19:05:51 utils.py:140] ==================================
I 03-17 19:06:11 utils.py:131] === Checking the job status... ===
I 03-17 19:06:12 utils.py:137] Job status: JobStatus.RUNNING
I 03-17 19:06:12 utils.py:140] ==================================
I 03-17 19:06:32 utils.py:131] === Checking the job status... ===
I 03-17 19:06:33 utils.py:137] Job status: JobStatus.RUNNING
I 03-17 19:06:33 utils.py:140] ==================================
I 03-17 19:06:53 utils.py:131] === Checking the job status... ===
I 03-17 19:06:54 utils.py:137] Job status: JobStatus.RUNNING
I 03-17 19:06:54 utils.py:140] ==================================
I 03-17 19:07:14 utils.py:131] === Checking the job status... ===
I 03-17 19:07:14 utils.py:137] Job status: JobStatus.RUNNING
I 03-17 19:07:14 utils.py:140] ==================================
I 03-17 19:07:34 utils.py:131] === Checking the job status... ===
I 03-17 19:07:35 utils.py:137] Job status: JobStatus.RUNNING
I 03-17 19:07:35 utils.py:140] ==================================
I 03-17 19:07:55 utils.py:131] === Checking the job status... ===
I 03-17 19:07:56 utils.py:137] Job status: JobStatus.RUNNING
I 03-17 19:07:56 utils.py:140] ==================================
I 03-17 19:08:16 utils.py:131] === Checking the job status... ===
I 03-17 19:08:16 utils.py:137] Job status: JobStatus.RUNNING
I 03-17 19:08:16 utils.py:140] ==================================
I 03-17 19:08:37 utils.py:131] === Checking the job status... ===
I 03-17 19:08:37 utils.py:137] Job status: JobStatus.RUNNING
I 03-17 19:08:37 utils.py:140] ==================================
I 03-17 19:08:57 utils.py:131] === Checking the job status... ===
I 03-17 19:08:58 utils.py:137] Job status: JobStatus.RUNNING
I 03-17 19:08:58 utils.py:140] ==================================
I 03-17 19:09:18 utils.py:131] === Checking the job status... ===
I 03-17 19:09:19 utils.py:137] Job status: JobStatus.RUNNING
I 03-17 19:09:19 utils.py:140] ==================================
I 03-17 19:09:39 utils.py:131] === Checking the job status... ===
I 03-17 19:09:39 utils.py:137] Job status: JobStatus.RUNNING
I 03-17 19:09:39 utils.py:140] ==================================
I 03-17 19:10:00 utils.py:131] === Checking the job status... ===
I 03-17 19:10:00 utils.py:137] Job status: JobStatus.RUNNING
I 03-17 19:10:00 utils.py:140] ==================================
I 03-17 19:10:20 utils.py:131] === Checking the job status... ===
I 03-17 19:10:21 utils.py:137] Job status: JobStatus.RUNNING
I 03-17 19:10:21 utils.py:140] ==================================
I 03-17 19:10:41 utils.py:131] === Checking the job status... ===
I 03-17 19:10:42 utils.py:137] Job status: JobStatus.RUNNING
I 03-17 19:10:42 utils.py:140] ==================================
I 03-17 19:11:02 utils.py:131] === Checking the job status... ===
I 03-17 19:11:02 utils.py:137] Job status: JobStatus.RUNNING
I 03-17 19:11:02 utils.py:140] ==================================
I 03-17 19:11:22 utils.py:131] === Checking the job status... ===
I 03-17 19:11:23 utils.py:137] Job status: JobStatus.RUNNING
I 03-17 19:11:23 utils.py:140] ==================================
I 03-17 19:11:43 utils.py:131] === Checking the job status... ===
I 03-17 19:11:44 utils.py:137] Job status: JobStatus.RUNNING
I 03-17 19:11:44 utils.py:140] ==================================
I 03-17 19:12:04 utils.py:131] === Checking the job status... ===
I 03-17 19:12:05 utils.py:137] Job status: JobStatus.RUNNING
I 03-17 19:12:05 utils.py:140] ==================================
I 03-17 19:12:25 utils.py:131] === Checking the job status... ===
I 03-17 19:12:25 utils.py:137] Job status: JobStatus.RUNNING
I 03-17 19:12:25 utils.py:140] ==================================
I 03-17 19:12:45 utils.py:131] === Checking the job status... ===
I 03-17 19:12:46 utils.py:137] Job status: JobStatus.RUNNING
I 03-17 19:12:46 utils.py:140] ==================================
I 03-17 19:13:06 utils.py:131] === Checking the job status... ===
I 03-17 19:13:07 utils.py:137] Job status: JobStatus.RUNNING
I 03-17 19:13:07 utils.py:140] ==================================
I 03-17 19:13:27 utils.py:131] === Checking the job status... ===
I 03-17 19:13:27 utils.py:137] Job status: JobStatus.RUNNING
I 03-17 19:13:27 utils.py:140] ==================================
I 03-17 19:13:48 utils.py:131] === Checking the job status... ===
I 03-17 19:13:48 utils.py:137] Job status: JobStatus.RUNNING
I 03-17 19:13:48 utils.py:140] ==================================
I 03-17 19:14:08 utils.py:131] === Checking the job status... ===
I 03-17 19:14:09 utils.py:137] Job status: JobStatus.RUNNING
I 03-17 19:14:09 utils.py:140] ==================================
I 03-17 19:14:29 utils.py:131] === Checking the job status... ===
I 03-17 19:14:30 utils.py:137] Job status: JobStatus.RUNNING
I 03-17 19:14:30 utils.py:140] ==================================
I 03-17 19:14:50 utils.py:131] === Checking the job status... ===
I 03-17 19:14:50 utils.py:137] Job status: JobStatus.RUNNING
I 03-17 19:14:50 utils.py:140] ==================================
I 03-17 19:15:10 utils.py:131] === Checking the job status... ===
I 03-17 19:15:11 utils.py:137] Job status: JobStatus.RUNNING
I 03-17 19:15:11 utils.py:140] ==================================
I 03-17 19:15:31 utils.py:131] === Checking the job status... ===
I 03-17 19:15:32 utils.py:137] Job status: JobStatus.RUNNING
I 03-17 19:15:32 utils.py:140] ==================================
I 03-17 19:15:52 utils.py:131] === Checking the job status... ===
I 03-17 19:15:52 utils.py:137] Job status: JobStatus.RUNNING
I 03-17 19:15:52 utils.py:140] ==================================
I 03-17 19:16:12 utils.py:131] === Checking the job status... ===
I 03-17 19:16:13 utils.py:137] Job status: JobStatus.RUNNING
I 03-17 19:16:13 utils.py:140] ==================================
I 03-17 19:16:33 utils.py:131] === Checking the job status... ===
I 03-17 19:16:34 utils.py:137] Job status: JobStatus.RUNNING
I 03-17 19:16:34 utils.py:140] ==================================
I 03-17 19:16:54 utils.py:131] === Checking the job status... ===
I 03-17 19:16:54 utils.py:137] Job status: JobStatus.RUNNING
I 03-17 19:16:54 utils.py:140] ==================================
I 03-17 19:17:15 utils.py:131] === Checking the job status... ===
I 03-17 19:17:15 utils.py:137] Job status: JobStatus.RUNNING
I 03-17 19:17:15 utils.py:140] ==================================
I 03-17 19:17:35 utils.py:131] === Checking the job status... ===
I 03-17 19:17:36 utils.py:137] Job status: JobStatus.RUNNING
I 03-17 19:17:36 utils.py:140] ==================================
I 03-17 19:17:56 utils.py:131] === Checking the job status... ===
I 03-17 19:17:57 utils.py:137] Job status: JobStatus.RUNNING
I 03-17 19:17:57 utils.py:140] ==================================
I 03-17 19:18:17 utils.py:131] === Checking the job status... ===
I 03-17 19:18:17 utils.py:137] Job status: JobStatus.RUNNING
I 03-17 19:18:17 utils.py:140] ==================================
I 03-17 19:18:37 utils.py:131] === Checking the job status... ===
I 03-17 19:18:38 utils.py:137] Job status: JobStatus.RUNNING
I 03-17 19:18:38 utils.py:140] ==================================
I 03-17 19:18:58 utils.py:131] === Checking the job status... ===
I 03-17 19:18:59 utils.py:137] Job status: JobStatus.RUNNING
I 03-17 19:18:59 utils.py:140] ==================================
I 03-17 19:19:19 utils.py:131] === Checking the job status... ===
I 03-17 19:19:19 utils.py:137] Job status: JobStatus.RUNNING
I 03-17 19:19:19 utils.py:140] ==================================
I 03-17 19:19:39 utils.py:131] === Checking the job status... ===
I 03-17 19:19:40 utils.py:137] Job status: JobStatus.RUNNING
I 03-17 19:19:40 utils.py:140] ==================================
I 03-17 19:20:00 utils.py:131] === Checking the job status... ===
I 03-17 19:20:01 utils.py:137] Job status: JobStatus.RUNNING
I 03-17 19:20:01 utils.py:140] ==================================
I 03-17 19:20:21 utils.py:131] === Checking the job status... ===
I 03-17 19:20:21 utils.py:137] Job status: JobStatus.RUNNING
I 03-17 19:20:21 utils.py:140] ==================================
I 03-17 19:20:41 utils.py:131] === Checking the job status... ===
I 03-17 19:20:42 utils.py:137] Job status: JobStatus.RUNNING
I 03-17 19:20:42 utils.py:140] ==================================
I 03-17 19:21:02 utils.py:131] === Checking the job status... ===
I 03-17 19:21:03 utils.py:137] Job status: JobStatus.RUNNING
I 03-17 19:21:03 utils.py:140] ==================================
I 03-17 19:21:23 utils.py:131] === Checking the job status... ===
I 03-17 19:21:23 utils.py:137] Job status: JobStatus.RUNNING
I 03-17 19:21:23 utils.py:140] ==================================
I 03-17 19:21:44 utils.py:131] === Checking the job status... ===
I 03-17 19:21:44 utils.py:137] Job status: JobStatus.RUNNING
I 03-17 19:21:44 utils.py:140] ==================================
I 03-17 19:22:04 utils.py:131] === Checking the job status... ===
I 03-17 19:22:05 utils.py:137] Job status: JobStatus.RUNNING
I 03-17 19:22:05 utils.py:140] ==================================
I 03-17 19:22:25 utils.py:131] === Checking the job status... ===
I 03-17 19:22:26 utils.py:137] Job status: JobStatus.RUNNING
I 03-17 19:22:26 utils.py:140] ==================================
I 03-17 19:22:46 utils.py:131] === Checking the job status... ===
I 03-17 19:22:46 utils.py:137] Job status: JobStatus.RUNNING
I 03-17 19:22:46 utils.py:140] ==================================
I 03-17 19:23:07 utils.py:131] === Checking the job status... ===
I 03-17 19:23:07 utils.py:137] Job status: JobStatus.RUNNING
I 03-17 19:23:07 utils.py:140] ==================================
I 03-17 19:23:27 utils.py:131] === Checking the job status... ===
I 03-17 19:23:28 utils.py:137] Job status: JobStatus.RUNNING
I 03-17 19:23:28 utils.py:140] ==================================
I 03-17 19:23:48 utils.py:131] === Checking the job status... ===
I 03-17 19:23:49 utils.py:137] Job status: JobStatus.RUNNING
I 03-17 19:23:49 utils.py:140] ==================================
I 03-17 19:24:09 utils.py:131] === Checking the job status... ===
I 03-17 19:24:09 utils.py:137] Job status: JobStatus.RUNNING
I 03-17 19:24:09 utils.py:140] ==================================
I 03-17 19:24:29 utils.py:131] === Checking the job status... ===
I 03-17 19:24:30 utils.py:137] Job status: JobStatus.RUNNING
I 03-17 19:24:30 utils.py:140] ==================================
I 03-17 19:24:50 utils.py:131] === Checking the job status... ===
I 03-17 19:24:51 utils.py:137] Job status: JobStatus.RUNNING
I 03-17 19:24:51 utils.py:140] ==================================
I 03-17 19:25:11 utils.py:131] === Checking the job status... ===
I 03-17 19:25:12 utils.py:137] Job status: JobStatus.RUNNING
I 03-17 19:25:12 utils.py:140] ==================================
I 03-17 19:25:32 utils.py:131] === Checking the job status... ===
I 03-17 19:25:32 utils.py:137] Job status: JobStatus.RUNNING
I 03-17 19:25:32 utils.py:140] ==================================
I 03-17 19:25:52 utils.py:131] === Checking the job status... ===
I 03-17 19:25:53 utils.py:137] Job status: JobStatus.RUNNING
I 03-17 19:25:53 utils.py:140] ==================================
I 03-17 19:26:13 utils.py:131] === Checking the job status... ===
I 03-17 19:26:14 utils.py:137] Job status: JobStatus.RUNNING
I 03-17 19:26:14 utils.py:140] ==================================
I 03-17 19:26:34 utils.py:131] === Checking the job status... ===
I 03-17 19:26:34 utils.py:137] Job status: JobStatus.RUNNING
I 03-17 19:26:34 utils.py:140] ==================================
I 03-17 19:26:54 utils.py:131] === Checking the job status... ===
I 03-17 19:26:55 utils.py:137] Job status: JobStatus.RUNNING
I 03-17 19:26:55 utils.py:140] ==================================
I 03-17 19:27:15 utils.py:131] === Checking the job status... ===
I 03-17 19:27:16 utils.py:137] Job status: JobStatus.RUNNING
I 03-17 19:27:16 utils.py:140] ==================================
I 03-17 19:27:36 utils.py:131] === Checking the job status... ===
I 03-17 19:27:36 utils.py:137] Job status: JobStatus.RUNNING
I 03-17 19:27:36 utils.py:140] ==================================
I 03-17 19:27:57 utils.py:131] === Checking the job status... ===
I 03-17 19:27:57 utils.py:137] Job status: JobStatus.RUNNING
I 03-17 19:27:57 utils.py:140] ==================================
I 03-17 19:28:17 utils.py:131] === Checking the job status... ===
I 03-17 19:28:18 utils.py:137] Job status: JobStatus.RUNNING
I 03-17 19:28:18 utils.py:140] ==================================
I 03-17 19:28:38 utils.py:131] === Checking the job status... ===
I 03-17 19:28:39 utils.py:137] Job status: JobStatus.RUNNING
I 03-17 19:28:39 utils.py:140] ==================================
I 03-17 19:28:59 utils.py:131] === Checking the job status... ===
I 03-17 19:28:59 utils.py:137] Job status: JobStatus.RUNNING
I 03-17 19:28:59 utils.py:140] ==================================
I 03-17 19:29:19 utils.py:131] === Checking the job status... ===
I 03-17 19:29:20 utils.py:137] Job status: JobStatus.RUNNING
I 03-17 19:29:20 utils.py:140] ==================================
I 03-17 19:29:40 utils.py:131] === Checking the job status... ===
I 03-17 19:29:41 utils.py:137] Job status: JobStatus.RUNNING
I 03-17 19:29:41 utils.py:140] ==================================
I 03-17 19:30:01 utils.py:131] === Checking the job status... ===
I 03-17 19:30:01 utils.py:137] Job status: JobStatus.RUNNING
I 03-17 19:30:01 utils.py:140] ==================================
I 03-17 19:30:21 utils.py:131] === Checking the job status... ===
I 03-17 19:30:22 utils.py:137] Job status: JobStatus.RUNNING
I 03-17 19:30:22 utils.py:140] ==================================
I 03-17 19:30:42 utils.py:131] === Checking the job status... ===
I 03-17 19:30:43 utils.py:137] Job status: JobStatus.RUNNING
I 03-17 19:30:43 utils.py:140] ==================================
I 03-17 19:31:03 utils.py:131] === Checking the job status... ===
I 03-17 19:31:04 utils.py:137] Job status: JobStatus.RUNNING
I 03-17 19:31:04 utils.py:140] ==================================
I 03-17 19:31:24 utils.py:131] === Checking the job status... ===
I 03-17 19:31:24 utils.py:137] Job status: JobStatus.RUNNING
I 03-17 19:31:24 utils.py:140] ==================================
I 03-17 19:31:44 utils.py:131] === Checking the job status... ===
I 03-17 19:31:45 utils.py:137] Job status: JobStatus.RUNNING
I 03-17 19:31:45 utils.py:140] ==================================
I 03-17 19:32:05 utils.py:131] === Checking the job status... ===
I 03-17 19:32:06 utils.py:137] Job status: JobStatus.RUNNING
I 03-17 19:32:06 utils.py:140] ==================================
I 03-17 19:32:26 utils.py:131] === Checking the job status... ===
I 03-17 19:32:26 utils.py:137] Job status: JobStatus.RUNNING
I 03-17 19:32:26 utils.py:140] ==================================
I 03-17 19:32:47 utils.py:131] === Checking the job status... ===
I 03-17 19:32:47 utils.py:137] Job status: JobStatus.RUNNING
I 03-17 19:32:47 utils.py:140] ==================================
I 03-17 19:33:07 utils.py:131] === Checking the job status... ===
I 03-17 19:33:08 utils.py:137] Job status: JobStatus.RUNNING
I 03-17 19:33:08 utils.py:140] ==================================
I 03-17 19:33:28 utils.py:131] === Checking the job status... ===
I 03-17 19:33:29 utils.py:137] Job status: JobStatus.RUNNING
I 03-17 19:33:29 utils.py:140] ==================================
I 03-17 19:33:49 utils.py:131] === Checking the job status... ===
I 03-17 19:33:49 utils.py:137] Job status: JobStatus.RUNNING
I 03-17 19:33:49 utils.py:140] ==================================
I 03-17 19:34:09 utils.py:131] === Checking the job status... ===
I 03-17 19:34:10 utils.py:137] Job status: JobStatus.RUNNING
I 03-17 19:34:10 utils.py:140] ==================================
I 03-17 19:34:30 utils.py:131] === Checking the job status... ===
I 03-17 19:34:31 utils.py:137] Job status: JobStatus.RUNNING
I 03-17 19:34:31 utils.py:140] ==================================
I 03-17 19:34:51 utils.py:131] === Checking the job status... ===
I 03-17 19:34:51 utils.py:137] Job status: JobStatus.RUNNING
I 03-17 19:34:51 utils.py:140] ==================================
I 03-17 19:35:12 utils.py:131] === Checking the job status... ===
I 03-17 19:35:12 utils.py:137] Job status: JobStatus.RUNNING
I 03-17 19:35:12 utils.py:140] ==================================
I 03-17 19:35:32 utils.py:131] === Checking the job status... ===
I 03-17 19:35:33 utils.py:137] Job status: JobStatus.RUNNING
I 03-17 19:35:33 utils.py:140] ==================================
I 03-17 19:35:53 utils.py:131] === Checking the job status... ===
I 03-17 19:35:54 utils.py:137] Job status: JobStatus.RUNNING
I 03-17 19:35:54 utils.py:140] ==================================
I 03-17 19:36:14 utils.py:131] === Checking the job status... ===
I 03-17 19:36:14 utils.py:137] Job status: JobStatus.RUNNING
I 03-17 19:36:14 utils.py:140] ==================================
I 03-17 19:36:34 utils.py:131] === Checking the job status... ===
I 03-17 19:36:35 utils.py:137] Job status: JobStatus.RUNNING
I 03-17 19:36:35 utils.py:140] ==================================
I 03-17 19:36:55 utils.py:131] === Checking the job status... ===
I 03-17 19:36:56 utils.py:137] Job status: JobStatus.RUNNING
I 03-17 19:36:56 utils.py:140] ==================================
I 03-17 19:37:16 utils.py:131] === Checking the job status... ===
I 03-17 19:37:16 utils.py:137] Job status: JobStatus.RUNNING
I 03-17 19:37:16 utils.py:140] ==================================
I 03-17 19:37:37 utils.py:131] === Checking the job status... ===
I 03-17 19:37:37 utils.py:137] Job status: JobStatus.RUNNING
I 03-17 19:37:37 utils.py:140] ==================================
I 03-17 19:37:57 utils.py:131] === Checking the job status... ===
I 03-17 19:37:58 utils.py:137] Job status: JobStatus.RUNNING
I 03-17 19:37:58 utils.py:140] ==================================
I 03-17 19:38:18 utils.py:131] === Checking the job status... ===
I 03-17 19:38:19 utils.py:137] Job status: JobStatus.RUNNING
I 03-17 19:38:19 utils.py:140] ==================================
I 03-17 19:38:39 utils.py:131] === Checking the job status... ===
I 03-17 19:38:39 utils.py:137] Job status: JobStatus.RUNNING
I 03-17 19:38:39 utils.py:140] ==================================
I 03-17 19:39:00 utils.py:131] === Checking the job status... ===
I 03-17 19:39:00 utils.py:137] Job status: JobStatus.RUNNING
I 03-17 19:39:00 utils.py:140] ==================================
I 03-17 19:39:20 utils.py:131] === Checking the job status... ===
I 03-17 19:39:21 utils.py:137] Job status: JobStatus.RUNNING
I 03-17 19:39:21 utils.py:140] ==================================
I 03-17 19:39:41 utils.py:131] === Checking the job status... ===
I 03-17 19:39:42 utils.py:137] Job status: JobStatus.RUNNING
I 03-17 19:39:42 utils.py:140] ==================================
I 03-17 19:40:02 utils.py:131] === Checking the job status... ===
I 03-17 19:40:02 utils.py:137] Job status: JobStatus.RUNNING
I 03-17 19:40:02 utils.py:140] ==================================
I 03-17 19:40:23 utils.py:131] === Checking the job status... ===
I 03-17 19:40:23 utils.py:137] Job status: JobStatus.RUNNING
I 03-17 19:40:23 utils.py:140] ==================================
I 03-17 19:40:43 utils.py:131] === Checking the job status... ===
I 03-17 19:40:44 utils.py:137] Job status: JobStatus.RUNNING
I 03-17 19:40:44 utils.py:140] ==================================
I 03-17 19:41:04 utils.py:131] === Checking the job status... ===
I 03-17 19:41:05 utils.py:137] Job status: JobStatus.RUNNING
I 03-17 19:41:05 utils.py:140] ==================================
I 03-17 19:41:25 utils.py:131] === Checking the job status... ===
I 03-17 19:41:25 utils.py:137] Job status: JobStatus.RUNNING
I 03-17 19:41:25 utils.py:140] ==================================
I 03-17 19:41:45 utils.py:131] === Checking the job status... ===
I 03-17 19:41:46 utils.py:137] Job status: JobStatus.RUNNING
I 03-17 19:41:46 utils.py:140] ==================================
I 03-17 19:42:06 utils.py:131] === Checking the job status... ===
I 03-17 19:42:07 utils.py:137] Job status: JobStatus.RUNNING
I 03-17 19:42:07 utils.py:140] ==================================
I 03-17 19:42:27 utils.py:131] === Checking the job status... ===
I 03-17 19:42:28 utils.py:137] Job status: JobStatus.RUNNING
I 03-17 19:42:28 utils.py:140] ==================================
I 03-17 19:42:48 utils.py:131] === Checking the job status... ===
I 03-17 19:42:48 utils.py:137] Job status: JobStatus.RUNNING
I 03-17 19:42:48 utils.py:140] ==================================
I 03-17 19:43:08 utils.py:131] === Checking the job status... ===
I 03-17 19:43:09 utils.py:137] Job status: JobStatus.RUNNING
I 03-17 19:43:09 utils.py:140] ==================================
I 03-17 19:43:29 utils.py:131] === Checking the job status... ===
I 03-17 19:43:30 utils.py:137] Job status: JobStatus.RUNNING
I 03-17 19:43:30 utils.py:140] ==================================
I 03-17 19:43:50 utils.py:131] === Checking the job status... ===
I 03-17 19:43:50 utils.py:137] Job status: JobStatus.RUNNING
I 03-17 19:43:50 utils.py:140] ==================================
I 03-17 19:44:11 utils.py:131] === Checking the job status... ===
I 03-17 19:44:11 utils.py:137] Job status: JobStatus.RUNNING
I 03-17 19:44:11 utils.py:140] ==================================
I 03-17 19:44:31 utils.py:131] === Checking the job status... ===
I 03-17 19:44:32 utils.py:137] Job status: JobStatus.RUNNING
I 03-17 19:44:32 utils.py:140] ==================================
I 03-17 19:44:52 utils.py:131] === Checking the job status... ===
I 03-17 19:44:53 utils.py:137] Job status: JobStatus.RUNNING
I 03-17 19:44:53 utils.py:140] ==================================
I 03-17 19:45:13 utils.py:131] === Checking the job status... ===
I 03-17 19:45:13 utils.py:137] Job status: JobStatus.RUNNING
I 03-17 19:45:13 utils.py:140] ==================================
I 03-17 19:45:33 utils.py:131] === Checking the job status... ===
I 03-17 19:45:34 utils.py:137] Job status: JobStatus.RUNNING
I 03-17 19:45:34 utils.py:140] ==================================
I 03-17 19:45:54 utils.py:131] === Checking the job status... ===
I 03-17 19:45:55 utils.py:137] Job status: JobStatus.RUNNING
I 03-17 19:45:55 utils.py:140] ==================================
I 03-17 19:46:15 utils.py:131] === Checking the job status... ===
I 03-17 19:46:15 utils.py:137] Job status: JobStatus.RUNNING
I 03-17 19:46:15 utils.py:140] ==================================
I 03-17 19:46:35 utils.py:131] === Checking the job status... ===
I 03-17 19:46:36 utils.py:137] Job status: JobStatus.RUNNING
I 03-17 19:46:36 utils.py:140] ==================================
I 03-17 19:46:56 utils.py:131] === Checking the job status... ===
I 03-17 19:46:57 utils.py:137] Job status: JobStatus.RUNNING
I 03-17 19:46:57 utils.py:140] ==================================
I 03-17 19:47:17 utils.py:131] === Checking the job status... ===
I 03-17 19:47:17 utils.py:137] Job status: JobStatus.RUNNING
I 03-17 19:47:17 utils.py:140] ==================================
I 03-17 19:47:37 utils.py:131] === Checking the job status... ===
I 03-17 19:47:38 utils.py:137] Job status: JobStatus.RUNNING
I 03-17 19:47:38 utils.py:140] ==================================
I 03-17 19:47:58 utils.py:131] === Checking the job status... ===
I 03-17 19:47:59 utils.py:137] Job status: JobStatus.RUNNING
I 03-17 19:47:59 utils.py:140] ==================================
I 03-17 19:48:19 utils.py:131] === Checking the job status... ===
I 03-17 19:48:20 utils.py:137] Job status: JobStatus.RUNNING
I 03-17 19:48:20 utils.py:140] ==================================
I 03-17 19:48:40 utils.py:131] === Checking the job status... ===
I 03-17 19:48:40 utils.py:137] Job status: JobStatus.RUNNING
I 03-17 19:48:40 utils.py:140] ==================================
I 03-17 19:49:00 utils.py:131] === Checking the job status... ===
I 03-17 19:49:01 utils.py:137] Job status: JobStatus.RUNNING
I 03-17 19:49:01 utils.py:140] ==================================
I 03-17 19:49:21 utils.py:131] === Checking the job status... ===
I 03-17 19:49:22 utils.py:137] Job status: JobStatus.RUNNING
I 03-17 19:49:22 utils.py:140] ==================================
I 03-17 19:49:42 utils.py:131] === Checking the job status... ===
I 03-17 19:49:42 utils.py:137] Job status: JobStatus.RUNNING
I 03-17 19:49:42 utils.py:140] ==================================
I 03-17 19:50:03 utils.py:131] === Checking the job status... ===
I 03-17 19:50:03 utils.py:137] Job status: JobStatus.RUNNING
I 03-17 19:50:03 utils.py:140] ==================================
I 03-17 19:50:23 utils.py:131] === Checking the job status... ===
I 03-17 19:50:24 utils.py:137] Job status: JobStatus.RUNNING
I 03-17 19:50:24 utils.py:140] ==================================
I 03-17 19:50:44 utils.py:131] === Checking the job status... ===
I 03-17 19:50:45 utils.py:137] Job status: JobStatus.RUNNING
I 03-17 19:50:45 utils.py:140] ==================================
I 03-17 19:51:05 utils.py:131] === Checking the job status... ===
I 03-17 19:51:05 utils.py:137] Job status: JobStatus.RUNNING
I 03-17 19:51:05 utils.py:140] ==================================
I 03-17 19:51:25 utils.py:131] === Checking the job status... ===
I 03-17 19:51:26 utils.py:137] Job status: JobStatus.RUNNING
I 03-17 19:51:26 utils.py:140] ==================================
I 03-17 19:51:46 utils.py:131] === Checking the job status... ===
I 03-17 19:51:47 utils.py:137] Job status: JobStatus.RUNNING
I 03-17 19:51:47 utils.py:140] ==================================
I 03-17 19:52:07 utils.py:131] === Checking the job status... ===
I 03-17 19:52:07 utils.py:137] Job status: JobStatus.RUNNING
I 03-17 19:52:07 utils.py:140] ==================================
I 03-17 19:52:28 utils.py:131] === Checking the job status... ===
I 03-17 19:52:28 utils.py:137] Job status: JobStatus.RUNNING
I 03-17 19:52:28 utils.py:140] ==================================
I 03-17 19:52:48 utils.py:131] === Checking the job status... ===
I 03-17 19:52:49 utils.py:137] Job status: JobStatus.RUNNING
I 03-17 19:52:49 utils.py:140] ==================================
I 03-17 19:53:09 utils.py:131] === Checking the job status... ===
I 03-17 19:53:10 utils.py:137] Job status: JobStatus.RUNNING
I 03-17 19:53:10 utils.py:140] ==================================
I 03-17 19:53:30 utils.py:131] === Checking the job status... ===
I 03-17 19:53:30 utils.py:137] Job status: JobStatus.RUNNING
I 03-17 19:53:30 utils.py:140] ==================================
I 03-17 19:53:36 controller.py:543] Cancelling managed job, job_id: 20, task_id: 0
I 03-17 19:53:36 state.py:653] Cancelling the job...
I 03-17 19:53:36 controller.py:552] Killing controller process 20446.
I 03-17 19:53:36 controller.py:560] Controller process 20446 killed.
I 03-17 19:53:36 controller.py:562] Cleaning up any cluster for job 20.
I 03-17 19:53:43 storage.py:699] Verifying bucket for storage skypilot-filemounts-root-726f1974-7vk95jt2
<sky-payload>"<rich_init>[bold cyan]Deleting S3 bucket [green]skypilot-filemounts-root-726f1974-7vk95jt2[/][/]</rich_init>"</sky-payload>
<sky-payload>"<rich_update>[bold cyan]Deleting S3 bucket [green]skypilot-filemounts-root-726f1974-7vk95jt2[/][/]</rich_update>"</sky-payload>
<sky-payload>"<rich_start>[bold cyan]Deleting S3 bucket [green]skypilot-filemounts-root-726f1974-7vk95jt2[/][/]</rich_start>"</sky-payload>
<sky-payload>"<rich_exit></rich_exit>"</sky-payload>
I 03-17 19:53:48 storage.py:1505] [32mDeleted S3 bucket skypilot-filemounts-root-726f1974-7vk95jt2.[0m
I 03-17 19:53:49 controller.py:571] Cluster of managed job 20 has been cleaned up.
I 03-17 19:53:49 state.py:674] Job cancelled.
