I 03-17 18:32:37 controller.py:59] DAG:
I 03-17 18:32:37 controller.py:59] [Task<name=compute-text-vectors>(run='# Initialize and dow...')
I 03-17 18:32:37 controller.py:59]   resources: AWS(cpus=4, {'L4': 1}, region=ap-northeast-2)]
I 03-17 18:32:37 controller.py:195] Submitted managed job 33 (task: 0, name: 'compute-text-vectors'); SKYPILOT_TASK_ID: sky-managed-2025-03-17-18-32-37-535395_compute-text-vectors_33-0
I 03-17 18:32:37 controller.py:199] Started monitoring.
I 03-17 18:32:37 state.py:451] Launching the spot cluster...
I 03-17 18:32:38 storage.py:1058] Storage type StoreType.S3 already exists.
<sky-payload>"<rich_init>[bold cyan]Optimizing[/]</rich_init>"</sky-payload>
<sky-payload>"<rich_update>[bold cyan]Optimizing[/]</rich_update>"</sky-payload>
<sky-payload>"<rich_start>[bold cyan]Optimizing[/]</rich_start>"</sky-payload>
I 03-17 18:32:39 optimizer.py:749] [1mEstimated cost: [0m$1.0 / hour
I 03-17 18:32:39 optimizer.py:749] 
I 03-17 18:32:39 optimizer.py:884] Considered resources (1 node):
I 03-17 18:32:39 optimizer.py:952] -------------------------------------------------------------------------------------------
I 03-17 18:32:39 optimizer.py:952]  CLOUD   INSTANCE    vCPUs   Mem(GB)   ACCELERATORS   REGION/ZONE      COST ($)   CHOSEN   
I 03-17 18:32:39 optimizer.py:952] -------------------------------------------------------------------------------------------
I 03-17 18:32:39 optimizer.py:952]  AWS     g6.xlarge   4       16        L4:1           ap-northeast-2   0.99       [32m   ✔[0m     
I 03-17 18:32:39 optimizer.py:952] -------------------------------------------------------------------------------------------
<sky-payload>"<rich_exit></rich_exit>"</sky-payload>
<sky-payload>"<rich_init>[bold cyan]Launching[/]</rich_init>"</sky-payload>
<sky-payload>"<rich_update>[bold cyan]Launching[/]</rich_update>"</sky-payload>
<sky-payload>"<rich_start>[bold cyan]Launching[/]</rich_start>"</sky-payload>
<sky-payload>"<rich_update>[bold cyan]Launching[/]  \u001b[2mView logs: sky api logs -l sky-2025-03-17-18-32-39-596827/provision.log\u001b[0m</rich_update>"</sky-payload>
<sky-payload>"<rich_update>[bold cyan]Launching[/]  \u001b[2mView logs: sky api logs -l sky-2025-03-17-18-32-39-596827/provision.log\u001b[0m</rich_update>"</sky-payload>
I 03-17 18:32:39 cloud_vm_ray_backend.py:1520] [0m⚙︎ Launching on AWS ap-northeast-2[0m (ap-northeast-2a,ap-northeast-2d).
[2mW 03-17 18:32:43 instance.py:243] create_instances: Attempt failed with An error occurred (InsufficientInstanceCapacity) when calling the RunInstances operation (reached max retries: 0): We currently do not have sufficient g6.xlarge capacity in the Availability Zone you requested (ap-northeast-2a). Our system will be working on provisioning additional capacity. You can currently get g6.xlarge capacity by not specifying an Availability Zone in your request or choosing ap-northeast-2d.[0m
<sky-payload>"<rich_update>[bold cyan]Launching - Checking instance status[/]  \u001b[2mView logs: sky api logs -l sky-2025-03-17-18-32-39-596827/provision.log\u001b[0m</rich_update>"</sky-payload>
<sky-payload>"<rich_update>[bold cyan]Launching - Waiting for SSH access[/]  \u001b[2mView logs: sky api logs -l sky-2025-03-17-18-32-39-596827/provision.log\u001b[0m</rich_update>"</sky-payload>
<sky-payload>"<rich_start>[bold cyan]Launching[/]</rich_start>"</sky-payload>
I 03-17 18:33:09 provisioner.py:451] [2m└── [0m[2mInstance is up.[0m
<sky-payload>"<rich_update>[bold cyan]Preparing SkyPilot runtime (1/3 - initializing)[/]  \u001b[2mView logs: sky api logs -l sky-2025-03-17-18-32-39-596827/provision.log\u001b[0m</rich_update>"</sky-payload>
<sky-payload>"<rich_update>[bold cyan]Preparing SkyPilot runtime (2/3 - dependencies)[/]  \u001b[2mView logs: sky api logs -l sky-2025-03-17-18-32-39-596827/provision.log\u001b[0m</rich_update>"</sky-payload>
<sky-payload>"<rich_update>[bold cyan]Preparing SkyPilot runtime (3/3 - runtime)[/]  \u001b[2mView logs: sky api logs -l sky-2025-03-17-18-32-39-596827/provision.log\u001b[0m</rich_update>"</sky-payload>
<sky-payload>"<rich_update>[bold cyan]Launching - Checking instance status[/]  \u001b[2mView logs: sky api logs -l sky-2025-03-17-18-32-39-596827/provision.log\u001b[0m</rich_update>"</sky-payload>
I 03-17 18:33:32 provisioner.py:632] [0m[32m✓ Cluster launched: compute-text-vectors-33.[0m  [2mView logs: sky api logs -l sky-2025-03-17-18-32-39-596827/provision.log[0m
<sky-payload>"<rich_exit></rich_exit>"</sky-payload>
I 03-17 18:33:32 execution.py:332] [0m⚙︎ Syncing files.
<sky-payload>"<rich_init>[bold cyan]Syncing files[/]</rich_init>"</sky-payload>
<sky-payload>"<rich_update>[bold cyan]Syncing files[/]</rich_update>"</sky-payload>
<sky-payload>"<rich_start>[bold cyan]Syncing files[/]</rich_start>"</sky-payload>
<sky-payload>"<rich_update>[bold cyan]Syncing file mounts[/]  \u001b[2mView logs: sky api logs -l sky-2025-03-17-18-32-39-596827/file_mounts.log\u001b[0m</rich_update>"</sky-payload>
I 03-17 18:33:32 backend_utils.py:1315]   [2mSyncing (to 1 node): s3://skypilot-filemounts-root-726f1974-4mkahocs/job-4mkahocs/workdir -> ~/sky_workdir[0m
I 03-17 18:33:35 cloud_vm_ray_backend.py:4801] [0m[32m✓ Synced file_mounts.[0m  [2mView logs: sky api logs -l sky-2025-03-17-18-32-39-596827/file_mounts.log[0m
<sky-payload>"<rich_update>[bold cyan]Mounting 1 storage[/]  \u001b[2mView logs: sky api logs -l sky-2025-03-17-18-32-39-596827/storage_mounts.log\u001b[0m</rich_update>"</sky-payload>
I 03-17 18:33:35 backend_utils.py:1315]   [2mMounting (to 1 node): s3://sky-text-embeddings-single-cluster-final -> /output[0m
I 03-17 18:33:39 cloud_vm_ray_backend.py:4892] [0m[32m✓ Storage mounted.[0m  [2mView logs: sky api logs -l sky-2025-03-17-18-32-39-596827/storage_mounts.log[0m
<sky-payload>"<rich_exit></rich_exit>"</sky-payload>
<sky-payload>"<rich_init>[bold cyan]Running setup[/]</rich_init>"</sky-payload>
<sky-payload>"<rich_update>[bold cyan]Running setup[/]</rich_update>"</sky-payload>
<sky-payload>"<rich_start>[bold cyan]Running setup[/]</rich_start>"</sky-payload>
<sky-payload>"<rich_stop></rich_stop>"</sky-payload>
I 03-17 18:33:39 cloud_vm_ray_backend.py:3357] [0m[32m✓ Setup detached.[0m
<sky-payload>"<rich_exit></rich_exit>"</sky-payload>
<sky-payload>"<rich_init>[bold cyan]Submitting job[/]</rich_init>"</sky-payload>
<sky-payload>"<rich_update>[bold cyan]Submitting job[/]</rich_update>"</sky-payload>
<sky-payload>"<rich_start>[bold cyan]Submitting job[/]</rich_start>"</sky-payload>
I 03-17 18:33:41 cloud_vm_ray_backend.py:3460] [0m⚙︎ Job submitted, ID: 1
<sky-payload>"<rich_stop></rich_stop>"</sky-payload>
<sky-payload>"<rich_exit></rich_exit>"</sky-payload>

[?25hI 03-17 18:33:41 recovery_strategy.py:289] Managed job cluster launched.
I 03-17 18:33:44 utils.py:131] === Checking the job status... ===
I 03-17 18:33:45 utils.py:137] Job status: JobStatus.SETTING_UP
I 03-17 18:33:45 utils.py:140] ==================================
I 03-17 18:33:45 state.py:471] Job started.
I 03-17 18:34:06 utils.py:131] === Checking the job status... ===
I 03-17 18:34:06 utils.py:137] Job status: JobStatus.SETTING_UP
I 03-17 18:34:06 utils.py:140] ==================================
I 03-17 18:34:26 utils.py:131] === Checking the job status... ===
I 03-17 18:34:27 utils.py:137] Job status: JobStatus.SETTING_UP
I 03-17 18:34:27 utils.py:140] ==================================
I 03-17 18:34:47 utils.py:131] === Checking the job status... ===
I 03-17 18:34:48 utils.py:137] Job status: JobStatus.SETTING_UP
I 03-17 18:34:48 utils.py:140] ==================================
I 03-17 18:35:08 utils.py:131] === Checking the job status... ===
I 03-17 18:35:08 utils.py:137] Job status: JobStatus.SETTING_UP
I 03-17 18:35:08 utils.py:140] ==================================
I 03-17 18:35:28 utils.py:131] === Checking the job status... ===
I 03-17 18:35:29 utils.py:137] Job status: JobStatus.SETTING_UP
I 03-17 18:35:29 utils.py:140] ==================================
I 03-17 18:35:49 utils.py:131] === Checking the job status... ===
I 03-17 18:35:50 utils.py:137] Job status: JobStatus.SETTING_UP
I 03-17 18:35:50 utils.py:140] ==================================
I 03-17 18:36:10 utils.py:131] === Checking the job status... ===
I 03-17 18:36:11 utils.py:137] Job status: JobStatus.RUNNING
I 03-17 18:36:11 utils.py:140] ==================================
I 03-17 18:36:31 utils.py:131] === Checking the job status... ===
I 03-17 18:36:31 utils.py:137] Job status: JobStatus.RUNNING
I 03-17 18:36:31 utils.py:140] ==================================
I 03-17 18:36:51 utils.py:131] === Checking the job status... ===
I 03-17 18:36:52 utils.py:137] Job status: JobStatus.RUNNING
I 03-17 18:36:52 utils.py:140] ==================================
I 03-17 18:37:12 utils.py:131] === Checking the job status... ===
I 03-17 18:37:13 utils.py:137] Job status: JobStatus.RUNNING
I 03-17 18:37:13 utils.py:140] ==================================
I 03-17 18:37:33 utils.py:131] === Checking the job status... ===
I 03-17 18:37:33 utils.py:137] Job status: JobStatus.RUNNING
I 03-17 18:37:33 utils.py:140] ==================================
I 03-17 18:37:54 utils.py:131] === Checking the job status... ===
I 03-17 18:37:54 utils.py:137] Job status: JobStatus.RUNNING
I 03-17 18:37:54 utils.py:140] ==================================
I 03-17 18:38:14 utils.py:131] === Checking the job status... ===
I 03-17 18:38:15 utils.py:137] Job status: JobStatus.RUNNING
I 03-17 18:38:15 utils.py:140] ==================================
I 03-17 18:38:35 utils.py:131] === Checking the job status... ===
I 03-17 18:38:36 utils.py:137] Job status: JobStatus.RUNNING
I 03-17 18:38:36 utils.py:140] ==================================
I 03-17 18:38:56 utils.py:131] === Checking the job status... ===
I 03-17 18:38:57 utils.py:137] Job status: JobStatus.RUNNING
I 03-17 18:38:57 utils.py:140] ==================================
I 03-17 18:39:17 utils.py:131] === Checking the job status... ===
I 03-17 18:39:17 utils.py:137] Job status: JobStatus.RUNNING
I 03-17 18:39:17 utils.py:140] ==================================
I 03-17 18:39:37 utils.py:131] === Checking the job status... ===
I 03-17 18:39:42 utils.py:137] Job status: JobStatus.RUNNING
I 03-17 18:39:42 utils.py:140] ==================================
I 03-17 18:40:02 utils.py:131] === Checking the job status... ===
I 03-17 18:40:06 utils.py:137] Job status: JobStatus.RUNNING
I 03-17 18:40:06 utils.py:140] ==================================
I 03-17 18:40:26 utils.py:131] === Checking the job status... ===
I 03-17 18:40:27 utils.py:137] Job status: JobStatus.RUNNING
I 03-17 18:40:27 utils.py:140] ==================================
I 03-17 18:40:47 utils.py:131] === Checking the job status... ===
I 03-17 18:40:48 utils.py:137] Job status: JobStatus.RUNNING
I 03-17 18:40:48 utils.py:140] ==================================
I 03-17 18:41:08 utils.py:131] === Checking the job status... ===
I 03-17 18:41:09 utils.py:137] Job status: JobStatus.RUNNING
I 03-17 18:41:09 utils.py:140] ==================================
I 03-17 18:41:29 utils.py:131] === Checking the job status... ===
I 03-17 18:41:29 utils.py:137] Job status: JobStatus.RUNNING
I 03-17 18:41:29 utils.py:140] ==================================
I 03-17 18:41:49 utils.py:131] === Checking the job status... ===
I 03-17 18:41:50 utils.py:137] Job status: JobStatus.RUNNING
I 03-17 18:41:50 utils.py:140] ==================================
I 03-17 18:42:10 utils.py:131] === Checking the job status... ===
I 03-17 18:42:11 utils.py:137] Job status: JobStatus.RUNNING
I 03-17 18:42:11 utils.py:140] ==================================
I 03-17 18:42:31 utils.py:131] === Checking the job status... ===
I 03-17 18:42:32 utils.py:137] Job status: JobStatus.RUNNING
I 03-17 18:42:32 utils.py:140] ==================================
I 03-17 18:42:52 utils.py:131] === Checking the job status... ===
I 03-17 18:42:52 utils.py:137] Job status: JobStatus.RUNNING
I 03-17 18:42:52 utils.py:140] ==================================
I 03-17 18:43:12 utils.py:131] === Checking the job status... ===
I 03-17 18:43:13 utils.py:137] Job status: JobStatus.RUNNING
I 03-17 18:43:13 utils.py:140] ==================================
I 03-17 18:43:33 utils.py:131] === Checking the job status... ===
I 03-17 18:43:34 utils.py:137] Job status: JobStatus.SUCCEEDED
I 03-17 18:43:34 utils.py:140] ==================================
I 03-17 18:43:34 state.py:561] Job succeeded.
I 03-17 18:43:34 controller.py:238] Managed job 33 (task: 0) SUCCEEDED. Cleaning up the cluster compute-text-vectors-33.
E 03-17 18:43:35 controller_utils.py:376] Failed to find the logs for the user program at ~/sky_logs/managed_jobs/sky-2025-03-17-18-32-39-596827/run.log.
I 03-17 18:43:35 controller.py:117] 
I 03-17 18:43:35 controller.py:117] == End of logs (ID: 33) ==
I 03-17 18:43:41 state.py:656] Cancellation skipped, job is already terminal
I 03-17 18:43:41 state.py:677] Cancellation skipped, job is not CANCELLING
I 03-17 18:43:42 controller.py:552] Killing controller process 24461.
I 03-17 18:43:42 controller.py:560] Controller process 24461 killed.
I 03-17 18:43:42 controller.py:562] Cleaning up any cluster for job 33.
I 03-17 18:43:43 storage.py:699] Verifying bucket for storage skypilot-filemounts-root-726f1974-4mkahocs
<sky-payload>"<rich_init>[bold cyan]Deleting S3 bucket [green]skypilot-filemounts-root-726f1974-4mkahocs[/][/]</rich_init>"</sky-payload>
<sky-payload>"<rich_update>[bold cyan]Deleting S3 bucket [green]skypilot-filemounts-root-726f1974-4mkahocs[/][/]</rich_update>"</sky-payload>
<sky-payload>"<rich_start>[bold cyan]Deleting S3 bucket [green]skypilot-filemounts-root-726f1974-4mkahocs[/][/]</rich_start>"</sky-payload>
<sky-payload>"<rich_exit></rich_exit>"</sky-payload>
I 03-17 18:43:48 storage.py:1505] [32mDeleted S3 bucket skypilot-filemounts-root-726f1974-4mkahocs.[0m
I 03-17 18:43:48 controller.py:571] Cluster of managed job 33 has been cleaned up.
