I 03-17 18:32:42 controller.py:59] DAG:
I 03-17 18:32:42 controller.py:59] [Task<name=compute-text-vectors>(run='# Initialize and dow...')
I 03-17 18:32:42 controller.py:59]   resources: AWS(cpus=4, {'L4': 1}, region=ap-northeast-2)]
I 03-17 18:32:42 controller.py:195] Submitted managed job 39 (task: 0, name: 'compute-text-vectors'); SKYPILOT_TASK_ID: sky-managed-2025-03-17-18-32-42-923937_compute-text-vectors_39-0
I 03-17 18:32:42 controller.py:199] Started monitoring.
I 03-17 18:32:42 state.py:451] Launching the spot cluster...
I 03-17 18:32:44 storage.py:1058] Storage type StoreType.S3 already exists.
<sky-payload>"<rich_init>[bold cyan]Optimizing[/]</rich_init>"</sky-payload>
<sky-payload>"<rich_update>[bold cyan]Optimizing[/]</rich_update>"</sky-payload>
<sky-payload>"<rich_start>[bold cyan]Optimizing[/]</rich_start>"</sky-payload>
I 03-17 18:32:45 optimizer.py:749] [1mEstimated cost: [0m$1.0 / hour
I 03-17 18:32:45 optimizer.py:749] 
I 03-17 18:32:45 optimizer.py:884] Considered resources (1 node):
I 03-17 18:32:45 optimizer.py:952] -------------------------------------------------------------------------------------------
I 03-17 18:32:45 optimizer.py:952]  CLOUD   INSTANCE    vCPUs   Mem(GB)   ACCELERATORS   REGION/ZONE      COST ($)   CHOSEN   
I 03-17 18:32:45 optimizer.py:952] -------------------------------------------------------------------------------------------
I 03-17 18:32:45 optimizer.py:952]  AWS     g6.xlarge   4       16        L4:1           ap-northeast-2   0.99       [32m   ✔[0m     
I 03-17 18:32:45 optimizer.py:952] -------------------------------------------------------------------------------------------
<sky-payload>"<rich_exit></rich_exit>"</sky-payload>
<sky-payload>"<rich_init>[bold cyan]Launching[/]</rich_init>"</sky-payload>
<sky-payload>"<rich_update>[bold cyan]Launching[/]</rich_update>"</sky-payload>
<sky-payload>"<rich_start>[bold cyan]Launching[/]</rich_start>"</sky-payload>
<sky-payload>"<rich_update>[bold cyan]Launching[/]  \u001b[2mView logs: sky api logs -l sky-2025-03-17-18-32-44-984972/provision.log\u001b[0m</rich_update>"</sky-payload>
<sky-payload>"<rich_update>[bold cyan]Launching[/]  \u001b[2mView logs: sky api logs -l sky-2025-03-17-18-32-44-984972/provision.log\u001b[0m</rich_update>"</sky-payload>
I 03-17 18:32:45 cloud_vm_ray_backend.py:1520] [0m⚙︎ Launching on AWS ap-northeast-2[0m (ap-northeast-2a,ap-northeast-2d).
[2mW 03-17 18:32:53 instance.py:243] create_instances: Attempt failed with An error occurred (InsufficientInstanceCapacity) when calling the RunInstances operation (reached max retries: 0): We currently do not have sufficient g6.xlarge capacity in the Availability Zone you requested (ap-northeast-2a). Our system will be working on provisioning additional capacity. You can currently get g6.xlarge capacity by not specifying an Availability Zone in your request or choosing ap-northeast-2d.[0m
<sky-payload>"<rich_update>[bold cyan]Launching - Checking instance status[/]  \u001b[2mView logs: sky api logs -l sky-2025-03-17-18-32-44-984972/provision.log\u001b[0m</rich_update>"</sky-payload>
<sky-payload>"<rich_update>[bold cyan]Launching - Waiting for SSH access[/]  \u001b[2mView logs: sky api logs -l sky-2025-03-17-18-32-44-984972/provision.log\u001b[0m</rich_update>"</sky-payload>
<sky-payload>"<rich_start>[bold cyan]Launching[/]</rich_start>"</sky-payload>
I 03-17 18:33:13 provisioner.py:451] [2m└── [0m[2mInstance is up.[0m
<sky-payload>"<rich_update>[bold cyan]Preparing SkyPilot runtime (1/3 - initializing)[/]  \u001b[2mView logs: sky api logs -l sky-2025-03-17-18-32-44-984972/provision.log\u001b[0m</rich_update>"</sky-payload>
<sky-payload>"<rich_update>[bold cyan]Preparing SkyPilot runtime (2/3 - dependencies)[/]  \u001b[2mView logs: sky api logs -l sky-2025-03-17-18-32-44-984972/provision.log\u001b[0m</rich_update>"</sky-payload>
<sky-payload>"<rich_update>[bold cyan]Preparing SkyPilot runtime (3/3 - runtime)[/]  \u001b[2mView logs: sky api logs -l sky-2025-03-17-18-32-44-984972/provision.log\u001b[0m</rich_update>"</sky-payload>
<sky-payload>"<rich_update>[bold cyan]Launching - Checking instance status[/]  \u001b[2mView logs: sky api logs -l sky-2025-03-17-18-32-44-984972/provision.log\u001b[0m</rich_update>"</sky-payload>
I 03-17 18:33:38 provisioner.py:632] [0m[32m✓ Cluster launched: compute-text-vectors-39.[0m  [2mView logs: sky api logs -l sky-2025-03-17-18-32-44-984972/provision.log[0m
<sky-payload>"<rich_exit></rich_exit>"</sky-payload>
I 03-17 18:33:38 execution.py:332] [0m⚙︎ Syncing files.
<sky-payload>"<rich_init>[bold cyan]Syncing files[/]</rich_init>"</sky-payload>
<sky-payload>"<rich_update>[bold cyan]Syncing files[/]</rich_update>"</sky-payload>
<sky-payload>"<rich_start>[bold cyan]Syncing files[/]</rich_start>"</sky-payload>
<sky-payload>"<rich_update>[bold cyan]Syncing file mounts[/]  \u001b[2mView logs: sky api logs -l sky-2025-03-17-18-32-44-984972/file_mounts.log\u001b[0m</rich_update>"</sky-payload>
I 03-17 18:33:38 backend_utils.py:1315]   [2mSyncing (to 1 node): s3://skypilot-filemounts-root-726f1974-awyezf5k/job-awyezf5k/workdir -> ~/sky_workdir[0m
I 03-17 18:33:41 cloud_vm_ray_backend.py:4801] [0m[32m✓ Synced file_mounts.[0m  [2mView logs: sky api logs -l sky-2025-03-17-18-32-44-984972/file_mounts.log[0m
<sky-payload>"<rich_update>[bold cyan]Mounting 1 storage[/]  \u001b[2mView logs: sky api logs -l sky-2025-03-17-18-32-44-984972/storage_mounts.log\u001b[0m</rich_update>"</sky-payload>
I 03-17 18:33:41 backend_utils.py:1315]   [2mMounting (to 1 node): s3://sky-text-embeddings-single-cluster-final -> /output[0m
I 03-17 18:33:45 cloud_vm_ray_backend.py:4892] [0m[32m✓ Storage mounted.[0m  [2mView logs: sky api logs -l sky-2025-03-17-18-32-44-984972/storage_mounts.log[0m
<sky-payload>"<rich_exit></rich_exit>"</sky-payload>
<sky-payload>"<rich_init>[bold cyan]Running setup[/]</rich_init>"</sky-payload>
<sky-payload>"<rich_update>[bold cyan]Running setup[/]</rich_update>"</sky-payload>
<sky-payload>"<rich_start>[bold cyan]Running setup[/]</rich_start>"</sky-payload>
<sky-payload>"<rich_stop></rich_stop>"</sky-payload>
I 03-17 18:33:45 cloud_vm_ray_backend.py:3357] [0m[32m✓ Setup detached.[0m
<sky-payload>"<rich_exit></rich_exit>"</sky-payload>
<sky-payload>"<rich_init>[bold cyan]Submitting job[/]</rich_init>"</sky-payload>
<sky-payload>"<rich_update>[bold cyan]Submitting job[/]</rich_update>"</sky-payload>
<sky-payload>"<rich_start>[bold cyan]Submitting job[/]</rich_start>"</sky-payload>
I 03-17 18:33:47 cloud_vm_ray_backend.py:3460] [0m⚙︎ Job submitted, ID: 1
<sky-payload>"<rich_stop></rich_stop>"</sky-payload>
<sky-payload>"<rich_exit></rich_exit>"</sky-payload>

[?25hI 03-17 18:33:48 recovery_strategy.py:289] Managed job cluster launched.
I 03-17 18:33:51 utils.py:131] === Checking the job status... ===
I 03-17 18:33:51 utils.py:137] Job status: JobStatus.SETTING_UP
I 03-17 18:33:51 utils.py:140] ==================================
I 03-17 18:33:52 state.py:471] Job started.
I 03-17 18:34:12 utils.py:131] === Checking the job status... ===
I 03-17 18:34:13 utils.py:137] Job status: JobStatus.SETTING_UP
I 03-17 18:34:13 utils.py:140] ==================================
I 03-17 18:34:33 utils.py:131] === Checking the job status... ===
I 03-17 18:34:34 utils.py:137] Job status: JobStatus.SETTING_UP
I 03-17 18:34:34 utils.py:140] ==================================
I 03-17 18:34:54 utils.py:131] === Checking the job status... ===
I 03-17 18:34:54 utils.py:137] Job status: JobStatus.SETTING_UP
I 03-17 18:34:54 utils.py:140] ==================================
I 03-17 18:35:14 utils.py:131] === Checking the job status... ===
I 03-17 18:35:15 utils.py:137] Job status: JobStatus.SETTING_UP
I 03-17 18:35:15 utils.py:140] ==================================
I 03-17 18:35:35 utils.py:131] === Checking the job status... ===
I 03-17 18:35:36 utils.py:137] Job status: JobStatus.SETTING_UP
I 03-17 18:35:36 utils.py:140] ==================================
I 03-17 18:35:56 utils.py:131] === Checking the job status... ===
I 03-17 18:35:57 utils.py:137] Job status: JobStatus.RUNNING
I 03-17 18:35:57 utils.py:140] ==================================
I 03-17 18:36:17 utils.py:131] === Checking the job status... ===
I 03-17 18:36:17 utils.py:137] Job status: JobStatus.RUNNING
I 03-17 18:36:17 utils.py:140] ==================================
I 03-17 18:36:37 utils.py:131] === Checking the job status... ===
I 03-17 18:36:38 utils.py:137] Job status: JobStatus.RUNNING
I 03-17 18:36:38 utils.py:140] ==================================
I 03-17 18:36:58 utils.py:131] === Checking the job status... ===
I 03-17 18:36:59 utils.py:137] Job status: JobStatus.RUNNING
I 03-17 18:36:59 utils.py:140] ==================================
I 03-17 18:37:19 utils.py:131] === Checking the job status... ===
I 03-17 18:37:19 utils.py:137] Job status: JobStatus.RUNNING
I 03-17 18:37:19 utils.py:140] ==================================
I 03-17 18:37:40 utils.py:131] === Checking the job status... ===
I 03-17 18:37:40 utils.py:137] Job status: JobStatus.RUNNING
I 03-17 18:37:40 utils.py:140] ==================================
I 03-17 18:38:00 utils.py:131] === Checking the job status... ===
I 03-17 18:38:01 utils.py:137] Job status: JobStatus.RUNNING
I 03-17 18:38:01 utils.py:140] ==================================
I 03-17 18:38:21 utils.py:131] === Checking the job status... ===
I 03-17 18:38:22 utils.py:137] Job status: JobStatus.RUNNING
I 03-17 18:38:22 utils.py:140] ==================================
I 03-17 18:38:42 utils.py:131] === Checking the job status... ===
I 03-17 18:38:43 utils.py:137] Job status: JobStatus.RUNNING
I 03-17 18:38:43 utils.py:140] ==================================
I 03-17 18:39:03 utils.py:131] === Checking the job status... ===
I 03-17 18:39:03 utils.py:137] Job status: JobStatus.RUNNING
I 03-17 18:39:03 utils.py:140] ==================================
I 03-17 18:39:24 utils.py:131] === Checking the job status... ===
I 03-17 18:39:24 utils.py:137] Job status: JobStatus.RUNNING
I 03-17 18:39:24 utils.py:140] ==================================
I 03-17 18:39:44 utils.py:131] === Checking the job status... ===
I 03-17 18:39:49 utils.py:137] Job status: JobStatus.RUNNING
I 03-17 18:39:49 utils.py:140] ==================================
I 03-17 18:40:09 utils.py:131] === Checking the job status... ===
I 03-17 18:40:12 utils.py:137] Job status: JobStatus.RUNNING
I 03-17 18:40:12 utils.py:140] ==================================
I 03-17 18:40:32 utils.py:131] === Checking the job status... ===
I 03-17 18:40:33 utils.py:137] Job status: JobStatus.RUNNING
I 03-17 18:40:33 utils.py:140] ==================================
I 03-17 18:40:53 utils.py:131] === Checking the job status... ===
I 03-17 18:40:54 utils.py:137] Job status: JobStatus.RUNNING
I 03-17 18:40:54 utils.py:140] ==================================
I 03-17 18:41:14 utils.py:131] === Checking the job status... ===
I 03-17 18:41:15 utils.py:137] Job status: JobStatus.RUNNING
I 03-17 18:41:15 utils.py:140] ==================================
I 03-17 18:41:35 utils.py:131] === Checking the job status... ===
I 03-17 18:41:35 utils.py:137] Job status: JobStatus.RUNNING
I 03-17 18:41:35 utils.py:140] ==================================
I 03-17 18:41:56 utils.py:131] === Checking the job status... ===
I 03-17 18:41:56 utils.py:137] Job status: JobStatus.RUNNING
I 03-17 18:41:56 utils.py:140] ==================================
I 03-17 18:42:16 utils.py:131] === Checking the job status... ===
I 03-17 18:42:17 utils.py:137] Job status: JobStatus.RUNNING
I 03-17 18:42:17 utils.py:140] ==================================
I 03-17 18:42:37 utils.py:131] === Checking the job status... ===
I 03-17 18:42:38 utils.py:137] Job status: JobStatus.RUNNING
I 03-17 18:42:38 utils.py:140] ==================================
I 03-17 18:42:58 utils.py:131] === Checking the job status... ===
I 03-17 18:42:58 utils.py:137] Job status: JobStatus.RUNNING
I 03-17 18:42:58 utils.py:140] ==================================
I 03-17 18:43:18 utils.py:131] === Checking the job status... ===
I 03-17 18:43:19 utils.py:137] Job status: JobStatus.RUNNING
I 03-17 18:43:19 utils.py:140] ==================================
I 03-17 18:43:39 utils.py:131] === Checking the job status... ===
I 03-17 18:43:40 utils.py:137] Job status: JobStatus.RUNNING
I 03-17 18:43:40 utils.py:140] ==================================
I 03-17 18:44:00 utils.py:131] === Checking the job status... ===
I 03-17 18:44:00 utils.py:137] Job status: JobStatus.RUNNING
I 03-17 18:44:00 utils.py:140] ==================================
I 03-17 18:44:20 utils.py:131] === Checking the job status... ===
I 03-17 18:44:21 utils.py:137] Job status: JobStatus.RUNNING
I 03-17 18:44:21 utils.py:140] ==================================
I 03-17 18:44:41 utils.py:131] === Checking the job status... ===
I 03-17 18:44:42 utils.py:137] Job status: JobStatus.RUNNING
I 03-17 18:44:42 utils.py:140] ==================================
I 03-17 18:45:02 utils.py:131] === Checking the job status... ===
I 03-17 18:45:02 utils.py:137] Job status: JobStatus.RUNNING
I 03-17 18:45:02 utils.py:140] ==================================
I 03-17 18:45:23 utils.py:131] === Checking the job status... ===
I 03-17 18:45:23 utils.py:137] Job status: JobStatus.RUNNING
I 03-17 18:45:23 utils.py:140] ==================================
I 03-17 18:45:43 utils.py:131] === Checking the job status... ===
I 03-17 18:45:44 utils.py:137] Job status: JobStatus.RUNNING
I 03-17 18:45:44 utils.py:140] ==================================
I 03-17 18:46:04 utils.py:131] === Checking the job status... ===
I 03-17 18:46:05 utils.py:137] Job status: JobStatus.RUNNING
I 03-17 18:46:05 utils.py:140] ==================================
I 03-17 18:46:25 utils.py:131] === Checking the job status... ===
I 03-17 18:46:25 utils.py:137] Job status: JobStatus.RUNNING
I 03-17 18:46:25 utils.py:140] ==================================
I 03-17 18:46:45 utils.py:131] === Checking the job status... ===
I 03-17 18:46:46 utils.py:137] Job status: JobStatus.RUNNING
I 03-17 18:46:46 utils.py:140] ==================================
I 03-17 18:47:06 utils.py:131] === Checking the job status... ===
I 03-17 18:47:07 utils.py:137] Job status: JobStatus.RUNNING
I 03-17 18:47:07 utils.py:140] ==================================
I 03-17 18:47:27 utils.py:131] === Checking the job status... ===
I 03-17 18:47:28 utils.py:137] Job status: JobStatus.RUNNING
I 03-17 18:47:28 utils.py:140] ==================================
I 03-17 18:47:48 utils.py:131] === Checking the job status... ===
I 03-17 18:47:48 utils.py:137] Job status: JobStatus.RUNNING
I 03-17 18:47:48 utils.py:140] ==================================
I 03-17 18:48:08 utils.py:131] === Checking the job status... ===
I 03-17 18:48:09 utils.py:137] Job status: JobStatus.RUNNING
I 03-17 18:48:09 utils.py:140] ==================================
I 03-17 18:48:29 utils.py:131] === Checking the job status... ===
I 03-17 18:48:30 utils.py:137] Job status: JobStatus.RUNNING
I 03-17 18:48:30 utils.py:140] ==================================
I 03-17 18:48:50 utils.py:131] === Checking the job status... ===
I 03-17 18:48:51 utils.py:137] Job status: JobStatus.RUNNING
I 03-17 18:48:51 utils.py:140] ==================================
I 03-17 18:49:11 utils.py:131] === Checking the job status... ===
I 03-17 18:49:11 utils.py:137] Job status: JobStatus.RUNNING
I 03-17 18:49:11 utils.py:140] ==================================
I 03-17 18:49:31 utils.py:131] === Checking the job status... ===
I 03-17 18:49:32 utils.py:137] Job status: JobStatus.RUNNING
I 03-17 18:49:32 utils.py:140] ==================================
I 03-17 18:49:52 utils.py:131] === Checking the job status... ===
I 03-17 18:49:53 utils.py:137] Job status: JobStatus.RUNNING
I 03-17 18:49:53 utils.py:140] ==================================
I 03-17 18:50:13 utils.py:131] === Checking the job status... ===
I 03-17 18:50:13 utils.py:137] Job status: JobStatus.RUNNING
I 03-17 18:50:13 utils.py:140] ==================================
I 03-17 18:50:34 utils.py:131] === Checking the job status... ===
I 03-17 18:50:34 utils.py:137] Job status: JobStatus.RUNNING
I 03-17 18:50:34 utils.py:140] ==================================
I 03-17 18:50:54 utils.py:131] === Checking the job status... ===
I 03-17 18:50:55 utils.py:137] Job status: JobStatus.RUNNING
I 03-17 18:50:55 utils.py:140] ==================================
I 03-17 18:51:15 utils.py:131] === Checking the job status... ===
I 03-17 18:51:16 utils.py:137] Job status: JobStatus.RUNNING
I 03-17 18:51:16 utils.py:140] ==================================
I 03-17 18:51:36 utils.py:131] === Checking the job status... ===
I 03-17 18:51:36 utils.py:137] Job status: JobStatus.RUNNING
I 03-17 18:51:36 utils.py:140] ==================================
I 03-17 18:51:57 utils.py:131] === Checking the job status... ===
I 03-17 18:51:57 utils.py:137] Job status: JobStatus.RUNNING
I 03-17 18:51:57 utils.py:140] ==================================
I 03-17 18:52:17 utils.py:131] === Checking the job status... ===
I 03-17 18:52:18 utils.py:137] Job status: JobStatus.RUNNING
I 03-17 18:52:18 utils.py:140] ==================================
I 03-17 18:52:38 utils.py:131] === Checking the job status... ===
I 03-17 18:52:38 utils.py:137] Job status: JobStatus.RUNNING
I 03-17 18:52:38 utils.py:140] ==================================
I 03-17 18:52:59 utils.py:131] === Checking the job status... ===
I 03-17 18:52:59 utils.py:137] Job status: JobStatus.RUNNING
I 03-17 18:52:59 utils.py:140] ==================================
I 03-17 18:53:19 utils.py:131] === Checking the job status... ===
I 03-17 18:53:20 utils.py:137] Job status: JobStatus.RUNNING
I 03-17 18:53:20 utils.py:140] ==================================
I 03-17 18:53:40 utils.py:131] === Checking the job status... ===
I 03-17 18:53:41 utils.py:137] Job status: JobStatus.RUNNING
I 03-17 18:53:41 utils.py:140] ==================================
I 03-17 18:54:01 utils.py:131] === Checking the job status... ===
I 03-17 18:54:01 utils.py:137] Job status: JobStatus.RUNNING
I 03-17 18:54:01 utils.py:140] ==================================
I 03-17 18:54:21 utils.py:131] === Checking the job status... ===
I 03-17 18:54:22 utils.py:137] Job status: JobStatus.RUNNING
I 03-17 18:54:22 utils.py:140] ==================================
I 03-17 18:54:42 utils.py:131] === Checking the job status... ===
I 03-17 18:54:43 utils.py:137] Job status: JobStatus.RUNNING
I 03-17 18:54:43 utils.py:140] ==================================
I 03-17 18:55:03 utils.py:131] === Checking the job status... ===
I 03-17 18:55:03 utils.py:137] Job status: JobStatus.RUNNING
I 03-17 18:55:03 utils.py:140] ==================================
I 03-17 18:55:24 utils.py:131] === Checking the job status... ===
I 03-17 18:55:24 utils.py:137] Job status: JobStatus.RUNNING
I 03-17 18:55:24 utils.py:140] ==================================
I 03-17 18:55:44 utils.py:131] === Checking the job status... ===
I 03-17 18:55:45 utils.py:137] Job status: JobStatus.RUNNING
I 03-17 18:55:45 utils.py:140] ==================================
I 03-17 18:56:05 utils.py:131] === Checking the job status... ===
I 03-17 18:56:05 utils.py:137] Job status: JobStatus.RUNNING
I 03-17 18:56:05 utils.py:140] ==================================
I 03-17 18:56:25 utils.py:131] === Checking the job status... ===
I 03-17 18:56:26 utils.py:137] Job status: JobStatus.RUNNING
I 03-17 18:56:26 utils.py:140] ==================================
I 03-17 18:56:46 utils.py:131] === Checking the job status... ===
I 03-17 18:56:47 utils.py:137] Job status: JobStatus.RUNNING
I 03-17 18:56:47 utils.py:140] ==================================
I 03-17 18:57:07 utils.py:131] === Checking the job status... ===
I 03-17 18:57:07 utils.py:137] Job status: JobStatus.RUNNING
I 03-17 18:57:07 utils.py:140] ==================================
I 03-17 18:57:28 utils.py:131] === Checking the job status... ===
I 03-17 18:57:28 utils.py:137] Job status: JobStatus.RUNNING
I 03-17 18:57:28 utils.py:140] ==================================
I 03-17 18:57:48 utils.py:131] === Checking the job status... ===
I 03-17 18:57:49 utils.py:137] Job status: JobStatus.RUNNING
I 03-17 18:57:49 utils.py:140] ==================================
I 03-17 18:58:09 utils.py:131] === Checking the job status... ===
I 03-17 18:58:09 utils.py:137] Job status: JobStatus.RUNNING
I 03-17 18:58:09 utils.py:140] ==================================
I 03-17 18:58:30 utils.py:131] === Checking the job status... ===
I 03-17 18:58:30 utils.py:137] Job status: JobStatus.RUNNING
I 03-17 18:58:30 utils.py:140] ==================================
I 03-17 18:58:50 utils.py:131] === Checking the job status... ===
I 03-17 18:58:51 utils.py:137] Job status: JobStatus.RUNNING
I 03-17 18:58:51 utils.py:140] ==================================
I 03-17 18:59:11 utils.py:131] === Checking the job status... ===
I 03-17 18:59:12 utils.py:137] Job status: JobStatus.RUNNING
I 03-17 18:59:12 utils.py:140] ==================================
I 03-17 18:59:32 utils.py:131] === Checking the job status... ===
I 03-17 18:59:32 utils.py:137] Job status: JobStatus.RUNNING
I 03-17 18:59:32 utils.py:140] ==================================
I 03-17 18:59:52 utils.py:131] === Checking the job status... ===
I 03-17 18:59:53 utils.py:137] Job status: JobStatus.RUNNING
I 03-17 18:59:53 utils.py:140] ==================================
I 03-17 19:00:13 utils.py:131] === Checking the job status... ===
I 03-17 19:00:14 utils.py:137] Job status: JobStatus.RUNNING
I 03-17 19:00:14 utils.py:140] ==================================
I 03-17 19:00:34 utils.py:131] === Checking the job status... ===
I 03-17 19:00:34 utils.py:137] Job status: JobStatus.RUNNING
I 03-17 19:00:34 utils.py:140] ==================================
I 03-17 19:00:54 utils.py:131] === Checking the job status... ===
I 03-17 19:00:55 utils.py:137] Job status: JobStatus.RUNNING
I 03-17 19:00:55 utils.py:140] ==================================
I 03-17 19:01:15 utils.py:131] === Checking the job status... ===
I 03-17 19:01:16 utils.py:137] Job status: JobStatus.RUNNING
I 03-17 19:01:16 utils.py:140] ==================================
I 03-17 19:01:36 utils.py:131] === Checking the job status... ===
I 03-17 19:01:36 utils.py:137] Job status: JobStatus.RUNNING
I 03-17 19:01:36 utils.py:140] ==================================
I 03-17 19:01:56 utils.py:131] === Checking the job status... ===
I 03-17 19:01:57 utils.py:137] Job status: JobStatus.RUNNING
I 03-17 19:01:57 utils.py:140] ==================================
I 03-17 19:02:17 utils.py:131] === Checking the job status... ===
I 03-17 19:02:18 utils.py:137] Job status: JobStatus.RUNNING
I 03-17 19:02:18 utils.py:140] ==================================
I 03-17 19:02:38 utils.py:131] === Checking the job status... ===
I 03-17 19:02:38 utils.py:137] Job status: JobStatus.RUNNING
I 03-17 19:02:38 utils.py:140] ==================================
I 03-17 19:02:59 utils.py:131] === Checking the job status... ===
I 03-17 19:02:59 utils.py:137] Job status: JobStatus.RUNNING
I 03-17 19:02:59 utils.py:140] ==================================
I 03-17 19:03:19 utils.py:131] === Checking the job status... ===
I 03-17 19:03:20 utils.py:137] Job status: JobStatus.RUNNING
I 03-17 19:03:20 utils.py:140] ==================================
I 03-17 19:03:40 utils.py:131] === Checking the job status... ===
I 03-17 19:03:41 utils.py:137] Job status: JobStatus.RUNNING
I 03-17 19:03:41 utils.py:140] ==================================
I 03-17 19:04:01 utils.py:131] === Checking the job status... ===
I 03-17 19:04:01 utils.py:137] Job status: JobStatus.RUNNING
I 03-17 19:04:01 utils.py:140] ==================================
I 03-17 19:04:21 utils.py:131] === Checking the job status... ===
I 03-17 19:04:22 utils.py:137] Job status: JobStatus.RUNNING
I 03-17 19:04:22 utils.py:140] ==================================
I 03-17 19:04:42 utils.py:131] === Checking the job status... ===
I 03-17 19:04:43 utils.py:137] Job status: JobStatus.RUNNING
I 03-17 19:04:43 utils.py:140] ==================================
I 03-17 19:05:03 utils.py:131] === Checking the job status... ===
I 03-17 19:05:03 utils.py:137] Job status: JobStatus.RUNNING
I 03-17 19:05:03 utils.py:140] ==================================
I 03-17 19:05:24 utils.py:131] === Checking the job status... ===
I 03-17 19:05:24 utils.py:137] Job status: JobStatus.RUNNING
I 03-17 19:05:24 utils.py:140] ==================================
I 03-17 19:05:44 utils.py:131] === Checking the job status... ===
I 03-17 19:05:45 utils.py:137] Job status: JobStatus.RUNNING
I 03-17 19:05:45 utils.py:140] ==================================
I 03-17 19:06:05 utils.py:131] === Checking the job status... ===
I 03-17 19:06:06 utils.py:137] Job status: JobStatus.RUNNING
I 03-17 19:06:06 utils.py:140] ==================================
I 03-17 19:06:26 utils.py:131] === Checking the job status... ===
I 03-17 19:06:26 utils.py:137] Job status: JobStatus.RUNNING
I 03-17 19:06:26 utils.py:140] ==================================
I 03-17 19:06:46 utils.py:131] === Checking the job status... ===
I 03-17 19:06:47 utils.py:137] Job status: JobStatus.RUNNING
I 03-17 19:06:47 utils.py:140] ==================================
I 03-17 19:07:07 utils.py:131] === Checking the job status... ===
I 03-17 19:07:08 utils.py:137] Job status: JobStatus.RUNNING
I 03-17 19:07:08 utils.py:140] ==================================
I 03-17 19:07:28 utils.py:131] === Checking the job status... ===
I 03-17 19:07:29 utils.py:137] Job status: JobStatus.RUNNING
I 03-17 19:07:29 utils.py:140] ==================================
I 03-17 19:07:49 utils.py:131] === Checking the job status... ===
I 03-17 19:07:49 utils.py:137] Job status: JobStatus.RUNNING
I 03-17 19:07:49 utils.py:140] ==================================
I 03-17 19:08:09 utils.py:131] === Checking the job status... ===
I 03-17 19:08:10 utils.py:137] Job status: JobStatus.RUNNING
I 03-17 19:08:10 utils.py:140] ==================================
I 03-17 19:08:30 utils.py:131] === Checking the job status... ===
I 03-17 19:08:31 utils.py:137] Job status: JobStatus.RUNNING
I 03-17 19:08:31 utils.py:140] ==================================
I 03-17 19:08:51 utils.py:131] === Checking the job status... ===
I 03-17 19:08:51 utils.py:137] Job status: JobStatus.RUNNING
I 03-17 19:08:51 utils.py:140] ==================================
I 03-17 19:09:11 utils.py:131] === Checking the job status... ===
I 03-17 19:09:12 utils.py:137] Job status: JobStatus.RUNNING
I 03-17 19:09:12 utils.py:140] ==================================
I 03-17 19:09:32 utils.py:131] === Checking the job status... ===
I 03-17 19:09:33 utils.py:137] Job status: JobStatus.RUNNING
I 03-17 19:09:33 utils.py:140] ==================================
I 03-17 19:09:53 utils.py:131] === Checking the job status... ===
I 03-17 19:09:54 utils.py:137] Job status: JobStatus.RUNNING
I 03-17 19:09:54 utils.py:140] ==================================
I 03-17 19:10:14 utils.py:131] === Checking the job status... ===
I 03-17 19:10:14 utils.py:137] Job status: JobStatus.RUNNING
I 03-17 19:10:14 utils.py:140] ==================================
I 03-17 19:10:34 utils.py:131] === Checking the job status... ===
I 03-17 19:10:35 utils.py:137] Job status: JobStatus.RUNNING
I 03-17 19:10:35 utils.py:140] ==================================
I 03-17 19:10:55 utils.py:131] === Checking the job status... ===
I 03-17 19:10:56 utils.py:137] Job status: JobStatus.RUNNING
I 03-17 19:10:56 utils.py:140] ==================================
I 03-17 19:11:16 utils.py:131] === Checking the job status... ===
I 03-17 19:11:17 utils.py:137] Job status: JobStatus.RUNNING
I 03-17 19:11:17 utils.py:140] ==================================
I 03-17 19:11:37 utils.py:131] === Checking the job status... ===
I 03-17 19:11:37 utils.py:137] Job status: JobStatus.RUNNING
I 03-17 19:11:37 utils.py:140] ==================================
I 03-17 19:11:57 utils.py:131] === Checking the job status... ===
I 03-17 19:11:58 utils.py:137] Job status: JobStatus.RUNNING
I 03-17 19:11:58 utils.py:140] ==================================
I 03-17 19:12:18 utils.py:131] === Checking the job status... ===
I 03-17 19:12:19 utils.py:137] Job status: JobStatus.RUNNING
I 03-17 19:12:19 utils.py:140] ==================================
I 03-17 19:12:39 utils.py:131] === Checking the job status... ===
I 03-17 19:12:39 utils.py:137] Job status: JobStatus.RUNNING
I 03-17 19:12:39 utils.py:140] ==================================
I 03-17 19:13:00 utils.py:131] === Checking the job status... ===
I 03-17 19:13:00 utils.py:137] Job status: JobStatus.RUNNING
I 03-17 19:13:00 utils.py:140] ==================================
I 03-17 19:13:20 utils.py:131] === Checking the job status... ===
I 03-17 19:13:21 utils.py:137] Job status: JobStatus.RUNNING
I 03-17 19:13:21 utils.py:140] ==================================
I 03-17 19:13:41 utils.py:131] === Checking the job status... ===
I 03-17 19:13:42 utils.py:137] Job status: JobStatus.RUNNING
I 03-17 19:13:42 utils.py:140] ==================================
I 03-17 19:14:02 utils.py:131] === Checking the job status... ===
I 03-17 19:14:02 utils.py:137] Job status: JobStatus.RUNNING
I 03-17 19:14:02 utils.py:140] ==================================
I 03-17 19:14:22 utils.py:131] === Checking the job status... ===
I 03-17 19:14:23 utils.py:137] Job status: JobStatus.RUNNING
I 03-17 19:14:23 utils.py:140] ==================================
I 03-17 19:14:43 utils.py:131] === Checking the job status... ===
I 03-17 19:14:44 utils.py:137] Job status: JobStatus.RUNNING
I 03-17 19:14:44 utils.py:140] ==================================
I 03-17 19:15:04 utils.py:131] === Checking the job status... ===
I 03-17 19:15:04 utils.py:137] Job status: JobStatus.RUNNING
I 03-17 19:15:04 utils.py:140] ==================================
I 03-17 19:15:25 utils.py:131] === Checking the job status... ===
I 03-17 19:15:25 utils.py:137] Job status: JobStatus.RUNNING
I 03-17 19:15:25 utils.py:140] ==================================
I 03-17 19:15:45 utils.py:131] === Checking the job status... ===
I 03-17 19:15:46 utils.py:137] Job status: JobStatus.RUNNING
I 03-17 19:15:46 utils.py:140] ==================================
I 03-17 19:16:06 utils.py:131] === Checking the job status... ===
I 03-17 19:16:07 utils.py:137] Job status: JobStatus.RUNNING
I 03-17 19:16:07 utils.py:140] ==================================
I 03-17 19:16:27 utils.py:131] === Checking the job status... ===
I 03-17 19:16:27 utils.py:137] Job status: JobStatus.RUNNING
I 03-17 19:16:27 utils.py:140] ==================================
I 03-17 19:16:47 utils.py:131] === Checking the job status... ===
I 03-17 19:16:48 utils.py:137] Job status: JobStatus.RUNNING
I 03-17 19:16:48 utils.py:140] ==================================
I 03-17 19:17:08 utils.py:131] === Checking the job status... ===
I 03-17 19:17:09 utils.py:137] Job status: JobStatus.RUNNING
I 03-17 19:17:09 utils.py:140] ==================================
I 03-17 19:17:29 utils.py:131] === Checking the job status... ===
I 03-17 19:17:29 utils.py:137] Job status: JobStatus.RUNNING
I 03-17 19:17:29 utils.py:140] ==================================
I 03-17 19:17:49 utils.py:131] === Checking the job status... ===
I 03-17 19:17:50 utils.py:137] Job status: JobStatus.RUNNING
I 03-17 19:17:50 utils.py:140] ==================================
I 03-17 19:18:10 utils.py:131] === Checking the job status... ===
I 03-17 19:18:11 utils.py:137] Job status: JobStatus.RUNNING
I 03-17 19:18:11 utils.py:140] ==================================
I 03-17 19:18:31 utils.py:131] === Checking the job status... ===
I 03-17 19:18:31 utils.py:137] Job status: JobStatus.RUNNING
I 03-17 19:18:31 utils.py:140] ==================================
I 03-17 19:18:51 utils.py:131] === Checking the job status... ===
I 03-17 19:18:52 utils.py:137] Job status: JobStatus.RUNNING
I 03-17 19:18:52 utils.py:140] ==================================
I 03-17 19:19:12 utils.py:131] === Checking the job status... ===
I 03-17 19:19:13 utils.py:137] Job status: JobStatus.RUNNING
I 03-17 19:19:13 utils.py:140] ==================================
I 03-17 19:19:33 utils.py:131] === Checking the job status... ===
I 03-17 19:19:33 utils.py:137] Job status: JobStatus.RUNNING
I 03-17 19:19:33 utils.py:140] ==================================
I 03-17 19:19:53 utils.py:131] === Checking the job status... ===
I 03-17 19:19:54 utils.py:137] Job status: JobStatus.RUNNING
I 03-17 19:19:54 utils.py:140] ==================================
I 03-17 19:20:14 utils.py:131] === Checking the job status... ===
I 03-17 19:20:15 utils.py:137] Job status: JobStatus.RUNNING
I 03-17 19:20:15 utils.py:140] ==================================
I 03-17 19:20:35 utils.py:131] === Checking the job status... ===
I 03-17 19:20:35 utils.py:137] Job status: JobStatus.RUNNING
I 03-17 19:20:35 utils.py:140] ==================================
I 03-17 19:20:55 utils.py:131] === Checking the job status... ===
I 03-17 19:20:56 utils.py:137] Job status: JobStatus.RUNNING
I 03-17 19:20:56 utils.py:140] ==================================
I 03-17 19:21:16 utils.py:131] === Checking the job status... ===
I 03-17 19:21:17 utils.py:137] Job status: JobStatus.RUNNING
I 03-17 19:21:17 utils.py:140] ==================================
I 03-17 19:21:37 utils.py:131] === Checking the job status... ===
I 03-17 19:21:37 utils.py:137] Job status: JobStatus.RUNNING
I 03-17 19:21:37 utils.py:140] ==================================
I 03-17 19:21:57 utils.py:131] === Checking the job status... ===
I 03-17 19:21:58 utils.py:137] Job status: JobStatus.RUNNING
I 03-17 19:21:58 utils.py:140] ==================================
I 03-17 19:22:18 utils.py:131] === Checking the job status... ===
I 03-17 19:22:19 utils.py:137] Job status: JobStatus.RUNNING
I 03-17 19:22:19 utils.py:140] ==================================
I 03-17 19:22:39 utils.py:131] === Checking the job status... ===
I 03-17 19:22:39 utils.py:137] Job status: JobStatus.RUNNING
I 03-17 19:22:39 utils.py:140] ==================================
I 03-17 19:22:59 utils.py:131] === Checking the job status... ===
I 03-17 19:23:00 utils.py:137] Job status: JobStatus.RUNNING
I 03-17 19:23:00 utils.py:140] ==================================
I 03-17 19:23:20 utils.py:131] === Checking the job status... ===
I 03-17 19:23:21 utils.py:137] Job status: JobStatus.RUNNING
I 03-17 19:23:21 utils.py:140] ==================================
I 03-17 19:23:41 utils.py:131] === Checking the job status... ===
I 03-17 19:23:42 utils.py:137] Job status: JobStatus.RUNNING
I 03-17 19:23:42 utils.py:140] ==================================
I 03-17 19:24:02 utils.py:131] === Checking the job status... ===
I 03-17 19:24:02 utils.py:137] Job status: JobStatus.RUNNING
I 03-17 19:24:02 utils.py:140] ==================================
I 03-17 19:24:22 utils.py:131] === Checking the job status... ===
I 03-17 19:24:23 utils.py:137] Job status: JobStatus.RUNNING
I 03-17 19:24:23 utils.py:140] ==================================
I 03-17 19:24:43 utils.py:131] === Checking the job status... ===
I 03-17 19:24:44 utils.py:137] Job status: JobStatus.RUNNING
I 03-17 19:24:44 utils.py:140] ==================================
I 03-17 19:25:04 utils.py:131] === Checking the job status... ===
I 03-17 19:25:04 utils.py:137] Job status: JobStatus.RUNNING
I 03-17 19:25:04 utils.py:140] ==================================
I 03-17 19:25:24 utils.py:131] === Checking the job status... ===
I 03-17 19:25:25 utils.py:137] Job status: JobStatus.RUNNING
I 03-17 19:25:25 utils.py:140] ==================================
I 03-17 19:25:45 utils.py:131] === Checking the job status... ===
I 03-17 19:25:46 utils.py:137] Job status: JobStatus.RUNNING
I 03-17 19:25:46 utils.py:140] ==================================
I 03-17 19:26:06 utils.py:131] === Checking the job status... ===
I 03-17 19:26:06 utils.py:137] Job status: JobStatus.RUNNING
I 03-17 19:26:06 utils.py:140] ==================================
I 03-17 19:26:26 utils.py:131] === Checking the job status... ===
I 03-17 19:26:27 utils.py:137] Job status: JobStatus.RUNNING
I 03-17 19:26:27 utils.py:140] ==================================
I 03-17 19:26:47 utils.py:131] === Checking the job status... ===
I 03-17 19:26:48 utils.py:137] Job status: JobStatus.RUNNING
I 03-17 19:26:48 utils.py:140] ==================================
I 03-17 19:27:08 utils.py:131] === Checking the job status... ===
I 03-17 19:27:09 utils.py:137] Job status: JobStatus.RUNNING
I 03-17 19:27:09 utils.py:140] ==================================
I 03-17 19:27:29 utils.py:131] === Checking the job status... ===
I 03-17 19:27:29 utils.py:137] Job status: JobStatus.RUNNING
I 03-17 19:27:29 utils.py:140] ==================================
I 03-17 19:27:49 utils.py:131] === Checking the job status... ===
I 03-17 19:27:50 utils.py:137] Job status: JobStatus.RUNNING
I 03-17 19:27:50 utils.py:140] ==================================
I 03-17 19:28:10 utils.py:131] === Checking the job status... ===
I 03-17 19:28:11 utils.py:137] Job status: JobStatus.RUNNING
I 03-17 19:28:11 utils.py:140] ==================================
I 03-17 19:28:31 utils.py:131] === Checking the job status... ===
I 03-17 19:28:31 utils.py:137] Job status: JobStatus.RUNNING
I 03-17 19:28:31 utils.py:140] ==================================
I 03-17 19:28:52 utils.py:131] === Checking the job status... ===
I 03-17 19:28:52 utils.py:137] Job status: JobStatus.RUNNING
I 03-17 19:28:52 utils.py:140] ==================================
I 03-17 19:29:12 utils.py:131] === Checking the job status... ===
I 03-17 19:29:13 utils.py:137] Job status: JobStatus.RUNNING
I 03-17 19:29:13 utils.py:140] ==================================
I 03-17 19:29:33 utils.py:131] === Checking the job status... ===
I 03-17 19:29:34 utils.py:137] Job status: JobStatus.RUNNING
I 03-17 19:29:34 utils.py:140] ==================================
I 03-17 19:29:54 utils.py:131] === Checking the job status... ===
I 03-17 19:29:54 utils.py:137] Job status: JobStatus.RUNNING
I 03-17 19:29:54 utils.py:140] ==================================
I 03-17 19:30:14 utils.py:131] === Checking the job status... ===
I 03-17 19:30:15 utils.py:137] Job status: JobStatus.RUNNING
I 03-17 19:30:15 utils.py:140] ==================================
I 03-17 19:30:35 utils.py:131] === Checking the job status... ===
I 03-17 19:30:36 utils.py:137] Job status: JobStatus.RUNNING
I 03-17 19:30:36 utils.py:140] ==================================
I 03-17 19:30:56 utils.py:131] === Checking the job status... ===
I 03-17 19:30:56 utils.py:137] Job status: JobStatus.RUNNING
I 03-17 19:30:56 utils.py:140] ==================================
I 03-17 19:31:17 utils.py:131] === Checking the job status... ===
I 03-17 19:31:17 utils.py:137] Job status: JobStatus.RUNNING
I 03-17 19:31:17 utils.py:140] ==================================
I 03-17 19:31:37 utils.py:131] === Checking the job status... ===
I 03-17 19:31:38 utils.py:137] Job status: JobStatus.RUNNING
I 03-17 19:31:38 utils.py:140] ==================================
I 03-17 19:31:58 utils.py:131] === Checking the job status... ===
I 03-17 19:31:59 utils.py:137] Job status: JobStatus.RUNNING
I 03-17 19:31:59 utils.py:140] ==================================
I 03-17 19:32:19 utils.py:131] === Checking the job status... ===
I 03-17 19:32:19 utils.py:137] Job status: JobStatus.RUNNING
I 03-17 19:32:19 utils.py:140] ==================================
I 03-17 19:32:40 utils.py:131] === Checking the job status... ===
I 03-17 19:32:40 utils.py:137] Job status: JobStatus.RUNNING
I 03-17 19:32:40 utils.py:140] ==================================
I 03-17 19:33:00 utils.py:131] === Checking the job status... ===
I 03-17 19:33:01 utils.py:137] Job status: JobStatus.RUNNING
I 03-17 19:33:01 utils.py:140] ==================================
I 03-17 19:33:21 utils.py:131] === Checking the job status... ===
I 03-17 19:33:22 utils.py:137] Job status: JobStatus.RUNNING
I 03-17 19:33:22 utils.py:140] ==================================
I 03-17 19:33:42 utils.py:131] === Checking the job status... ===
I 03-17 19:33:42 utils.py:137] Job status: JobStatus.RUNNING
I 03-17 19:33:42 utils.py:140] ==================================
I 03-17 19:34:02 utils.py:131] === Checking the job status... ===
I 03-17 19:34:03 utils.py:137] Job status: JobStatus.RUNNING
I 03-17 19:34:03 utils.py:140] ==================================
I 03-17 19:34:23 utils.py:131] === Checking the job status... ===
I 03-17 19:34:24 utils.py:137] Job status: JobStatus.RUNNING
I 03-17 19:34:24 utils.py:140] ==================================
I 03-17 19:34:44 utils.py:131] === Checking the job status... ===
I 03-17 19:34:44 utils.py:137] Job status: JobStatus.RUNNING
I 03-17 19:34:44 utils.py:140] ==================================
I 03-17 19:35:05 utils.py:131] === Checking the job status... ===
I 03-17 19:35:05 utils.py:137] Job status: JobStatus.RUNNING
I 03-17 19:35:05 utils.py:140] ==================================
I 03-17 19:35:25 utils.py:131] === Checking the job status... ===
I 03-17 19:35:26 utils.py:137] Job status: JobStatus.RUNNING
I 03-17 19:35:26 utils.py:140] ==================================
I 03-17 19:35:46 utils.py:131] === Checking the job status... ===
I 03-17 19:35:47 utils.py:137] Job status: JobStatus.RUNNING
I 03-17 19:35:47 utils.py:140] ==================================
I 03-17 19:36:07 utils.py:131] === Checking the job status... ===
I 03-17 19:36:07 utils.py:137] Job status: JobStatus.RUNNING
I 03-17 19:36:07 utils.py:140] ==================================
I 03-17 19:36:28 utils.py:131] === Checking the job status... ===
I 03-17 19:36:28 utils.py:137] Job status: JobStatus.RUNNING
I 03-17 19:36:28 utils.py:140] ==================================
I 03-17 19:36:48 utils.py:131] === Checking the job status... ===
I 03-17 19:36:49 utils.py:137] Job status: JobStatus.RUNNING
I 03-17 19:36:49 utils.py:140] ==================================
I 03-17 19:37:09 utils.py:131] === Checking the job status... ===
I 03-17 19:37:10 utils.py:137] Job status: JobStatus.RUNNING
I 03-17 19:37:10 utils.py:140] ==================================
I 03-17 19:37:30 utils.py:131] === Checking the job status... ===
I 03-17 19:37:30 utils.py:137] Job status: JobStatus.RUNNING
I 03-17 19:37:30 utils.py:140] ==================================
I 03-17 19:37:50 utils.py:131] === Checking the job status... ===
I 03-17 19:37:51 utils.py:137] Job status: JobStatus.RUNNING
I 03-17 19:37:51 utils.py:140] ==================================
I 03-17 19:38:11 utils.py:131] === Checking the job status... ===
I 03-17 19:38:12 utils.py:137] Job status: JobStatus.RUNNING
I 03-17 19:38:12 utils.py:140] ==================================
I 03-17 19:38:32 utils.py:131] === Checking the job status... ===
I 03-17 19:38:33 utils.py:137] Job status: JobStatus.RUNNING
I 03-17 19:38:33 utils.py:140] ==================================
I 03-17 19:38:53 utils.py:131] === Checking the job status... ===
I 03-17 19:38:53 utils.py:137] Job status: JobStatus.RUNNING
I 03-17 19:38:53 utils.py:140] ==================================
I 03-17 19:39:13 utils.py:131] === Checking the job status... ===
I 03-17 19:39:14 utils.py:137] Job status: JobStatus.RUNNING
I 03-17 19:39:14 utils.py:140] ==================================
I 03-17 19:39:34 utils.py:131] === Checking the job status... ===
I 03-17 19:39:35 utils.py:137] Job status: JobStatus.RUNNING
I 03-17 19:39:35 utils.py:140] ==================================
I 03-17 19:39:55 utils.py:131] === Checking the job status... ===
I 03-17 19:39:56 utils.py:137] Job status: JobStatus.RUNNING
I 03-17 19:39:56 utils.py:140] ==================================
I 03-17 19:40:16 utils.py:131] === Checking the job status... ===
I 03-17 19:40:16 utils.py:137] Job status: JobStatus.RUNNING
I 03-17 19:40:16 utils.py:140] ==================================
I 03-17 19:40:36 utils.py:131] === Checking the job status... ===
I 03-17 19:40:37 utils.py:137] Job status: JobStatus.RUNNING
I 03-17 19:40:37 utils.py:140] ==================================
I 03-17 19:40:57 utils.py:131] === Checking the job status... ===
I 03-17 19:40:58 utils.py:137] Job status: JobStatus.RUNNING
I 03-17 19:40:58 utils.py:140] ==================================
I 03-17 19:41:18 utils.py:131] === Checking the job status... ===
I 03-17 19:41:19 utils.py:137] Job status: JobStatus.RUNNING
I 03-17 19:41:19 utils.py:140] ==================================
I 03-17 19:41:39 utils.py:131] === Checking the job status... ===
I 03-17 19:41:39 utils.py:137] Job status: JobStatus.RUNNING
I 03-17 19:41:39 utils.py:140] ==================================
I 03-17 19:41:59 utils.py:131] === Checking the job status... ===
I 03-17 19:42:00 utils.py:137] Job status: JobStatus.RUNNING
I 03-17 19:42:00 utils.py:140] ==================================
I 03-17 19:42:20 utils.py:131] === Checking the job status... ===
I 03-17 19:42:21 utils.py:137] Job status: JobStatus.RUNNING
I 03-17 19:42:21 utils.py:140] ==================================
I 03-17 19:42:41 utils.py:131] === Checking the job status... ===
I 03-17 19:42:41 utils.py:137] Job status: JobStatus.RUNNING
I 03-17 19:42:41 utils.py:140] ==================================
I 03-17 19:43:02 utils.py:131] === Checking the job status... ===
I 03-17 19:43:02 utils.py:137] Job status: JobStatus.RUNNING
I 03-17 19:43:02 utils.py:140] ==================================
I 03-17 19:43:22 utils.py:131] === Checking the job status... ===
I 03-17 19:43:23 utils.py:137] Job status: JobStatus.RUNNING
I 03-17 19:43:23 utils.py:140] ==================================
I 03-17 19:43:43 utils.py:131] === Checking the job status... ===
I 03-17 19:43:44 utils.py:137] Job status: JobStatus.RUNNING
I 03-17 19:43:44 utils.py:140] ==================================
I 03-17 19:44:04 utils.py:131] === Checking the job status... ===
I 03-17 19:44:04 utils.py:137] Job status: JobStatus.RUNNING
I 03-17 19:44:04 utils.py:140] ==================================
I 03-17 19:44:24 utils.py:131] === Checking the job status... ===
I 03-17 19:44:25 utils.py:137] Job status: JobStatus.RUNNING
I 03-17 19:44:25 utils.py:140] ==================================
I 03-17 19:44:45 utils.py:131] === Checking the job status... ===
I 03-17 19:44:46 utils.py:137] Job status: JobStatus.RUNNING
I 03-17 19:44:46 utils.py:140] ==================================
I 03-17 19:45:06 utils.py:131] === Checking the job status... ===
I 03-17 19:45:06 utils.py:137] Job status: JobStatus.RUNNING
I 03-17 19:45:06 utils.py:140] ==================================
I 03-17 19:45:27 utils.py:131] === Checking the job status... ===
I 03-17 19:45:27 utils.py:137] Job status: JobStatus.RUNNING
I 03-17 19:45:27 utils.py:140] ==================================
I 03-17 19:45:47 utils.py:131] === Checking the job status... ===
I 03-17 19:45:48 utils.py:137] Job status: JobStatus.RUNNING
I 03-17 19:45:48 utils.py:140] ==================================
I 03-17 19:46:08 utils.py:131] === Checking the job status... ===
I 03-17 19:46:09 utils.py:137] Job status: JobStatus.RUNNING
I 03-17 19:46:09 utils.py:140] ==================================
I 03-17 19:46:29 utils.py:131] === Checking the job status... ===
I 03-17 19:46:29 utils.py:137] Job status: JobStatus.RUNNING
I 03-17 19:46:29 utils.py:140] ==================================
I 03-17 19:46:50 utils.py:131] === Checking the job status... ===
I 03-17 19:46:50 utils.py:137] Job status: JobStatus.RUNNING
I 03-17 19:46:50 utils.py:140] ==================================
I 03-17 19:47:10 utils.py:131] === Checking the job status... ===
I 03-17 19:47:11 utils.py:137] Job status: JobStatus.RUNNING
I 03-17 19:47:11 utils.py:140] ==================================
I 03-17 19:47:31 utils.py:131] === Checking the job status... ===
I 03-17 19:47:32 utils.py:137] Job status: JobStatus.RUNNING
I 03-17 19:47:32 utils.py:140] ==================================
I 03-17 19:47:52 utils.py:131] === Checking the job status... ===
I 03-17 19:47:52 utils.py:137] Job status: JobStatus.RUNNING
I 03-17 19:47:52 utils.py:140] ==================================
I 03-17 19:48:12 utils.py:131] === Checking the job status... ===
I 03-17 19:48:13 utils.py:137] Job status: JobStatus.RUNNING
I 03-17 19:48:13 utils.py:140] ==================================
I 03-17 19:48:33 utils.py:131] === Checking the job status... ===
I 03-17 19:48:34 utils.py:137] Job status: JobStatus.RUNNING
I 03-17 19:48:34 utils.py:140] ==================================
I 03-17 19:48:54 utils.py:131] === Checking the job status... ===
I 03-17 19:48:54 utils.py:137] Job status: JobStatus.RUNNING
I 03-17 19:48:54 utils.py:140] ==================================
I 03-17 19:49:14 utils.py:131] === Checking the job status... ===
I 03-17 19:49:15 utils.py:137] Job status: JobStatus.RUNNING
I 03-17 19:49:15 utils.py:140] ==================================
I 03-17 19:49:35 utils.py:131] === Checking the job status... ===
I 03-17 19:49:36 utils.py:137] Job status: JobStatus.RUNNING
I 03-17 19:49:36 utils.py:140] ==================================
I 03-17 19:49:56 utils.py:131] === Checking the job status... ===
I 03-17 19:49:56 utils.py:137] Job status: JobStatus.RUNNING
I 03-17 19:49:56 utils.py:140] ==================================
I 03-17 19:50:16 utils.py:131] === Checking the job status... ===
I 03-17 19:50:17 utils.py:137] Job status: JobStatus.RUNNING
I 03-17 19:50:17 utils.py:140] ==================================
I 03-17 19:50:37 utils.py:131] === Checking the job status... ===
I 03-17 19:50:38 utils.py:137] Job status: JobStatus.RUNNING
I 03-17 19:50:38 utils.py:140] ==================================
I 03-17 19:50:58 utils.py:131] === Checking the job status... ===
I 03-17 19:50:58 utils.py:137] Job status: JobStatus.RUNNING
I 03-17 19:50:58 utils.py:140] ==================================
I 03-17 19:51:19 utils.py:131] === Checking the job status... ===
I 03-17 19:51:19 utils.py:137] Job status: JobStatus.RUNNING
I 03-17 19:51:19 utils.py:140] ==================================
I 03-17 19:51:39 utils.py:131] === Checking the job status... ===
I 03-17 19:51:40 utils.py:137] Job status: JobStatus.RUNNING
I 03-17 19:51:40 utils.py:140] ==================================
I 03-17 19:52:00 utils.py:131] === Checking the job status... ===
I 03-17 19:52:01 utils.py:137] Job status: JobStatus.RUNNING
I 03-17 19:52:01 utils.py:140] ==================================
I 03-17 19:52:21 utils.py:131] === Checking the job status... ===
I 03-17 19:52:21 utils.py:137] Job status: JobStatus.RUNNING
I 03-17 19:52:21 utils.py:140] ==================================
I 03-17 19:52:41 utils.py:131] === Checking the job status... ===
I 03-17 19:52:42 utils.py:137] Job status: JobStatus.RUNNING
I 03-17 19:52:42 utils.py:140] ==================================
I 03-17 19:53:02 utils.py:131] === Checking the job status... ===
I 03-17 19:53:03 utils.py:137] Job status: JobStatus.RUNNING
I 03-17 19:53:03 utils.py:140] ==================================
I 03-17 19:53:23 utils.py:131] === Checking the job status... ===
I 03-17 19:53:23 utils.py:137] Job status: JobStatus.RUNNING
I 03-17 19:53:23 utils.py:140] ==================================
I 03-17 19:53:36 controller.py:543] Cancelling managed job, job_id: 39, task_id: 0
I 03-17 19:53:36 state.py:653] Cancelling the job...
I 03-17 19:53:36 controller.py:552] Killing controller process 25507.
I 03-17 19:53:36 controller.py:560] Controller process 25507 killed.
I 03-17 19:53:36 controller.py:562] Cleaning up any cluster for job 39.
I 03-17 19:53:42 storage.py:699] Verifying bucket for storage skypilot-filemounts-root-726f1974-awyezf5k
<sky-payload>"<rich_init>[bold cyan]Deleting S3 bucket [green]skypilot-filemounts-root-726f1974-awyezf5k[/][/]</rich_init>"</sky-payload>
<sky-payload>"<rich_update>[bold cyan]Deleting S3 bucket [green]skypilot-filemounts-root-726f1974-awyezf5k[/][/]</rich_update>"</sky-payload>
<sky-payload>"<rich_start>[bold cyan]Deleting S3 bucket [green]skypilot-filemounts-root-726f1974-awyezf5k[/][/]</rich_start>"</sky-payload>
<sky-payload>"<rich_exit></rich_exit>"</sky-payload>
I 03-17 19:53:46 storage.py:1505] [32mDeleted S3 bucket skypilot-filemounts-root-726f1974-awyezf5k.[0m
I 03-17 19:53:46 controller.py:571] Cluster of managed job 39 has been cleaned up.
I 03-17 19:53:46 state.py:674] Job cancelled.
