I 03-17 18:31:31 controller.py:59] DAG:
I 03-17 18:31:31 controller.py:59] [Task<name=compute-text-vectors>(run='# Initialize and dow...')
I 03-17 18:31:31 controller.py:59]   resources: AWS(cpus=4, {'L4': 1}, region=ap-northeast-2)]
I 03-17 18:31:31 controller.py:195] Submitted managed job 4 (task: 0, name: 'compute-text-vectors'); SKYPILOT_TASK_ID: sky-managed-2025-03-17-18-31-31-775259_compute-text-vectors_4-0
I 03-17 18:31:31 controller.py:199] Started monitoring.
I 03-17 18:31:31 state.py:451] Launching the spot cluster...
<sky-payload>"<rich_init>[bold cyan]AWS: Fetching availability zones mapping[/]</rich_init>"</sky-payload>
<sky-payload>"<rich_update>[bold cyan]AWS: Fetching availability zones mapping[/]</rich_update>"</sky-payload>
<sky-payload>"<rich_start>[bold cyan]AWS: Fetching availability zones mapping[/]</rich_start>"</sky-payload>
<sky-payload>"<rich_exit></rich_exit>"</sky-payload>
<sky-payload>"<rich_init>[bold cyan]Updating AWS catalog: aws/vms.csv[/] (every 7 hours)</rich_init>"</sky-payload>
<sky-payload>"<rich_update>[bold cyan]Updating AWS catalog: aws/vms.csv[/] (every 7 hours)</rich_update>"</sky-payload>
<sky-payload>"<rich_start>[bold cyan]Updating AWS catalog: aws/vms.csv[/] (every 7 hours)</rich_start>"</sky-payload>
<sky-payload>"<rich_exit></rich_exit>"</sky-payload>
<sky-payload>"<rich_init>Checking AWS...</rich_init>"</sky-payload>
<sky-payload>"<rich_update>Checking AWS...</rich_update>"</sky-payload>
<sky-payload>"<rich_start>Checking AWS...</rich_start>"</sky-payload>
<sky-payload>"<rich_exit></rich_exit>"</sky-payload>
<sky-payload>"<rich_init>Checking Azure...</rich_init>"</sky-payload>
<sky-payload>"<rich_update>Checking Azure...</rich_update>"</sky-payload>
<sky-payload>"<rich_start>Checking Azure...</rich_start>"</sky-payload>
<sky-payload>"<rich_exit></rich_exit>"</sky-payload>
<sky-payload>"<rich_init>Checking Cloudflare (for R2 object store)...</rich_init>"</sky-payload>
<sky-payload>"<rich_update>Checking Cloudflare (for R2 object store)...</rich_update>"</sky-payload>
<sky-payload>"<rich_start>Checking Cloudflare (for R2 object store)...</rich_start>"</sky-payload>
<sky-payload>"<rich_exit></rich_exit>"</sky-payload>
<sky-payload>"<rich_init>Checking Cudo...</rich_init>"</sky-payload>
<sky-payload>"<rich_update>Checking Cudo...</rich_update>"</sky-payload>
<sky-payload>"<rich_start>Checking Cudo...</rich_start>"</sky-payload>
<sky-payload>"<rich_exit></rich_exit>"</sky-payload>
<sky-payload>"<rich_init>Checking DO...</rich_init>"</sky-payload>
<sky-payload>"<rich_update>Checking DO...</rich_update>"</sky-payload>
<sky-payload>"<rich_start>Checking DO...</rich_start>"</sky-payload>
<sky-payload>"<rich_exit></rich_exit>"</sky-payload>
<sky-payload>"<rich_init>Checking Fluidstack...</rich_init>"</sky-payload>
<sky-payload>"<rich_update>Checking Fluidstack...</rich_update>"</sky-payload>
<sky-payload>"<rich_start>Checking Fluidstack...</rich_start>"</sky-payload>
<sky-payload>"<rich_exit></rich_exit>"</sky-payload>
<sky-payload>"<rich_init>Checking GCP...</rich_init>"</sky-payload>
<sky-payload>"<rich_update>Checking GCP...</rich_update>"</sky-payload>
<sky-payload>"<rich_start>Checking GCP...</rich_start>"</sky-payload>
<sky-payload>"<rich_exit></rich_exit>"</sky-payload>
<sky-payload>"<rich_init>Checking IBM...</rich_init>"</sky-payload>
<sky-payload>"<rich_update>Checking IBM...</rich_update>"</sky-payload>
<sky-payload>"<rich_start>Checking IBM...</rich_start>"</sky-payload>
<sky-payload>"<rich_exit></rich_exit>"</sky-payload>
<sky-payload>"<rich_init>Checking Kubernetes...</rich_init>"</sky-payload>
<sky-payload>"<rich_update>Checking Kubernetes...</rich_update>"</sky-payload>
<sky-payload>"<rich_start>Checking Kubernetes...</rich_start>"</sky-payload>
<sky-payload>"<rich_exit></rich_exit>"</sky-payload>
<sky-payload>"<rich_init>Checking Lambda...</rich_init>"</sky-payload>
<sky-payload>"<rich_update>Checking Lambda...</rich_update>"</sky-payload>
<sky-payload>"<rich_start>Checking Lambda...</rich_start>"</sky-payload>
<sky-payload>"<rich_exit></rich_exit>"</sky-payload>
<sky-payload>"<rich_init>Checking Nebius...</rich_init>"</sky-payload>
<sky-payload>"<rich_update>Checking Nebius...</rich_update>"</sky-payload>
<sky-payload>"<rich_start>Checking Nebius...</rich_start>"</sky-payload>
<sky-payload>"<rich_exit></rich_exit>"</sky-payload>
<sky-payload>"<rich_init>Checking OCI...</rich_init>"</sky-payload>
<sky-payload>"<rich_update>Checking OCI...</rich_update>"</sky-payload>
<sky-payload>"<rich_start>Checking OCI...</rich_start>"</sky-payload>
<sky-payload>"<rich_exit></rich_exit>"</sky-payload>
<sky-payload>"<rich_init>Checking Paperspace...</rich_init>"</sky-payload>
<sky-payload>"<rich_update>Checking Paperspace...</rich_update>"</sky-payload>
<sky-payload>"<rich_start>Checking Paperspace...</rich_start>"</sky-payload>
<sky-payload>"<rich_exit></rich_exit>"</sky-payload>
<sky-payload>"<rich_init>Checking RunPod...</rich_init>"</sky-payload>
<sky-payload>"<rich_update>Checking RunPod...</rich_update>"</sky-payload>
<sky-payload>"<rich_start>Checking RunPod...</rich_start>"</sky-payload>
<sky-payload>"<rich_exit></rich_exit>"</sky-payload>
<sky-payload>"<rich_init>Checking SCP...</rich_init>"</sky-payload>
<sky-payload>"<rich_update>Checking SCP...</rich_update>"</sky-payload>
<sky-payload>"<rich_start>Checking SCP...</rich_start>"</sky-payload>
<sky-payload>"<rich_exit></rich_exit>"</sky-payload>
<sky-payload>"<rich_init>Checking Vast...</rich_init>"</sky-payload>
<sky-payload>"<rich_update>Checking Vast...</rich_update>"</sky-payload>
<sky-payload>"<rich_start>Checking Vast...</rich_start>"</sky-payload>
<sky-payload>"<rich_exit></rich_exit>"</sky-payload>
<sky-payload>"<rich_init>Checking vSphere...</rich_init>"</sky-payload>
<sky-payload>"<rich_update>Checking vSphere...</rich_update>"</sky-payload>
<sky-payload>"<rich_start>Checking vSphere...</rich_start>"</sky-payload>
<sky-payload>"<rich_exit></rich_exit>"</sky-payload>
I 03-17 18:31:41 storage.py:1058] Storage type StoreType.S3 already exists.
<sky-payload>"<rich_init>[bold cyan]Optimizing[/]</rich_init>"</sky-payload>
<sky-payload>"<rich_update>[bold cyan]Optimizing[/]</rich_update>"</sky-payload>
<sky-payload>"<rich_start>[bold cyan]Optimizing[/]</rich_start>"</sky-payload>
I 03-17 18:31:42 optimizer.py:749] [1mEstimated cost: [0m$1.0 / hour
I 03-17 18:31:42 optimizer.py:749] 
I 03-17 18:31:42 optimizer.py:884] Considered resources (1 node):
I 03-17 18:31:42 optimizer.py:952] -------------------------------------------------------------------------------------------
I 03-17 18:31:42 optimizer.py:952]  CLOUD   INSTANCE    vCPUs   Mem(GB)   ACCELERATORS   REGION/ZONE      COST ($)   CHOSEN   
I 03-17 18:31:42 optimizer.py:952] -------------------------------------------------------------------------------------------
I 03-17 18:31:42 optimizer.py:952]  AWS     g6.xlarge   4       16        L4:1           ap-northeast-2   0.99       [32m   ✔[0m     
I 03-17 18:31:42 optimizer.py:952] -------------------------------------------------------------------------------------------
<sky-payload>"<rich_exit></rich_exit>"</sky-payload>
<sky-payload>"<rich_init>[bold cyan]Launching[/]</rich_init>"</sky-payload>
<sky-payload>"<rich_update>[bold cyan]Launching[/]</rich_update>"</sky-payload>
<sky-payload>"<rich_start>[bold cyan]Launching[/]</rich_start>"</sky-payload>
<sky-payload>"<rich_update>[bold cyan]Launching[/]  \u001b[2mView logs: sky api logs -l sky-2025-03-17-18-31-42-062523/provision.log\u001b[0m</rich_update>"</sky-payload>
<sky-payload>"<rich_update>[bold cyan]Launching[/]  \u001b[2mView logs: sky api logs -l sky-2025-03-17-18-31-42-062523/provision.log\u001b[0m</rich_update>"</sky-payload>
<sky-payload>"<rich_update>[bold cyan]Updating AWS catalog: aws/instance_quota_mapping.csv[/] (every 7 hours)</rich_update>"</sky-payload>
<sky-payload>"<rich_start>[bold cyan]Launching[/]</rich_start>"</sky-payload>
<sky-payload>"<rich_update>[bold cyan]Launching[/]  \u001b[2mView logs: sky api logs -l sky-2025-03-17-18-31-42-062523/provision.log\u001b[0m</rich_update>"</sky-payload>
<sky-payload>"<rich_update>[bold cyan]Updating AWS catalog: aws/images.csv[/] (every 7 hours)</rich_update>"</sky-payload>
<sky-payload>"<rich_start>[bold cyan]Launching[/]</rich_start>"</sky-payload>
<sky-payload>"<rich_update>[bold cyan]Launching[/]  \u001b[2mView logs: sky api logs -l sky-2025-03-17-18-31-42-062523/provision.log\u001b[0m</rich_update>"</sky-payload>
I 03-17 18:31:46 cloud_vm_ray_backend.py:1520] [0m⚙︎ Launching on AWS ap-northeast-2[0m (ap-northeast-2a,ap-northeast-2d).
[2mW 03-17 18:31:48 config.py:590] sky-sg-ubuntu-fba4 already exists when creating.[0m
<sky-payload>"<rich_update>[bold cyan]Launching - Checking instance status[/]  \u001b[2mView logs: sky api logs -l sky-2025-03-17-18-31-42-062523/provision.log\u001b[0m</rich_update>"</sky-payload>
<sky-payload>"<rich_update>[bold cyan]Launching - Waiting for SSH access[/]  \u001b[2mView logs: sky api logs -l sky-2025-03-17-18-31-42-062523/provision.log\u001b[0m</rich_update>"</sky-payload>
<sky-payload>"<rich_start>[bold cyan]Launching[/]</rich_start>"</sky-payload>
I 03-17 18:32:14 provisioner.py:451] [2m└── [0m[2mInstance is up.[0m
<sky-payload>"<rich_update>[bold cyan]Preparing SkyPilot runtime (1/3 - initializing)[/]  \u001b[2mView logs: sky api logs -l sky-2025-03-17-18-31-42-062523/provision.log\u001b[0m</rich_update>"</sky-payload>
<sky-payload>"<rich_update>[bold cyan]Preparing SkyPilot runtime (2/3 - dependencies)[/]  \u001b[2mView logs: sky api logs -l sky-2025-03-17-18-31-42-062523/provision.log\u001b[0m</rich_update>"</sky-payload>
<sky-payload>"<rich_update>[bold cyan]Preparing SkyPilot runtime (3/3 - runtime)[/]  \u001b[2mView logs: sky api logs -l sky-2025-03-17-18-31-42-062523/provision.log\u001b[0m</rich_update>"</sky-payload>
<sky-payload>"<rich_update>[bold cyan]Launching - Checking instance status[/]  \u001b[2mView logs: sky api logs -l sky-2025-03-17-18-31-42-062523/provision.log\u001b[0m</rich_update>"</sky-payload>
I 03-17 18:32:51 provisioner.py:632] [0m[32m✓ Cluster launched: compute-text-vectors-4.[0m  [2mView logs: sky api logs -l sky-2025-03-17-18-31-42-062523/provision.log[0m
<sky-payload>"<rich_exit></rich_exit>"</sky-payload>
I 03-17 18:32:51 execution.py:332] [0m⚙︎ Syncing files.
<sky-payload>"<rich_init>[bold cyan]Syncing files[/]</rich_init>"</sky-payload>
<sky-payload>"<rich_update>[bold cyan]Syncing files[/]</rich_update>"</sky-payload>
<sky-payload>"<rich_start>[bold cyan]Syncing files[/]</rich_start>"</sky-payload>
<sky-payload>"<rich_update>[bold cyan]Syncing file mounts[/]  \u001b[2mView logs: sky api logs -l sky-2025-03-17-18-31-42-062523/file_mounts.log\u001b[0m</rich_update>"</sky-payload>
I 03-17 18:32:52 backend_utils.py:1315]   [2mSyncing (to 1 node): s3://skypilot-filemounts-root-726f1974-4p9a0g0g/job-4p9a0g0g/workdir -> ~/sky_workdir[0m
I 03-17 18:32:55 cloud_vm_ray_backend.py:4801] [0m[32m✓ Synced file_mounts.[0m  [2mView logs: sky api logs -l sky-2025-03-17-18-31-42-062523/file_mounts.log[0m
<sky-payload>"<rich_update>[bold cyan]Mounting 1 storage[/]  \u001b[2mView logs: sky api logs -l sky-2025-03-17-18-31-42-062523/storage_mounts.log\u001b[0m</rich_update>"</sky-payload>
I 03-17 18:32:55 backend_utils.py:1315]   [2mMounting (to 1 node): s3://sky-text-embeddings-single-cluster-final -> /output[0m
I 03-17 18:32:59 cloud_vm_ray_backend.py:4892] [0m[32m✓ Storage mounted.[0m  [2mView logs: sky api logs -l sky-2025-03-17-18-31-42-062523/storage_mounts.log[0m
<sky-payload>"<rich_exit></rich_exit>"</sky-payload>
<sky-payload>"<rich_init>[bold cyan]Running setup[/]</rich_init>"</sky-payload>
<sky-payload>"<rich_update>[bold cyan]Running setup[/]</rich_update>"</sky-payload>
<sky-payload>"<rich_start>[bold cyan]Running setup[/]</rich_start>"</sky-payload>
<sky-payload>"<rich_stop></rich_stop>"</sky-payload>
I 03-17 18:32:59 cloud_vm_ray_backend.py:3357] [0m[32m✓ Setup detached.[0m
<sky-payload>"<rich_exit></rich_exit>"</sky-payload>
<sky-payload>"<rich_init>[bold cyan]Submitting job[/]</rich_init>"</sky-payload>
<sky-payload>"<rich_update>[bold cyan]Submitting job[/]</rich_update>"</sky-payload>
<sky-payload>"<rich_start>[bold cyan]Submitting job[/]</rich_start>"</sky-payload>
I 03-17 18:33:01 cloud_vm_ray_backend.py:3460] [0m⚙︎ Job submitted, ID: 1
<sky-payload>"<rich_stop></rich_stop>"</sky-payload>
<sky-payload>"<rich_exit></rich_exit>"</sky-payload>

[?25hI 03-17 18:33:01 recovery_strategy.py:289] Managed job cluster launched.
I 03-17 18:33:04 utils.py:131] === Checking the job status... ===
I 03-17 18:33:05 utils.py:137] Job status: JobStatus.SETTING_UP
I 03-17 18:33:05 utils.py:140] ==================================
I 03-17 18:33:06 state.py:471] Job started.
I 03-17 18:33:26 utils.py:131] === Checking the job status... ===
I 03-17 18:33:26 utils.py:137] Job status: JobStatus.SETTING_UP
I 03-17 18:33:26 utils.py:140] ==================================
I 03-17 18:33:47 utils.py:131] === Checking the job status... ===
I 03-17 18:33:47 utils.py:137] Job status: JobStatus.SETTING_UP
I 03-17 18:33:47 utils.py:140] ==================================
I 03-17 18:34:07 utils.py:131] === Checking the job status... ===
I 03-17 18:34:08 utils.py:137] Job status: JobStatus.SETTING_UP
I 03-17 18:34:08 utils.py:140] ==================================
I 03-17 18:34:28 utils.py:131] === Checking the job status... ===
I 03-17 18:34:29 utils.py:137] Job status: JobStatus.SETTING_UP
I 03-17 18:34:29 utils.py:140] ==================================
I 03-17 18:34:49 utils.py:131] === Checking the job status... ===
I 03-17 18:34:49 utils.py:137] Job status: JobStatus.SETTING_UP
I 03-17 18:34:49 utils.py:140] ==================================
I 03-17 18:35:10 utils.py:131] === Checking the job status... ===
I 03-17 18:35:10 utils.py:137] Job status: JobStatus.SETTING_UP
I 03-17 18:35:10 utils.py:140] ==================================
I 03-17 18:35:30 utils.py:131] === Checking the job status... ===
I 03-17 18:35:31 utils.py:137] Job status: JobStatus.RUNNING
I 03-17 18:35:31 utils.py:140] ==================================
I 03-17 18:35:51 utils.py:131] === Checking the job status... ===
I 03-17 18:35:52 utils.py:137] Job status: JobStatus.RUNNING
I 03-17 18:35:52 utils.py:140] ==================================
I 03-17 18:36:12 utils.py:131] === Checking the job status... ===
I 03-17 18:36:13 utils.py:137] Job status: JobStatus.RUNNING
I 03-17 18:36:13 utils.py:140] ==================================
I 03-17 18:36:33 utils.py:131] === Checking the job status... ===
I 03-17 18:36:34 utils.py:137] Job status: JobStatus.RUNNING
I 03-17 18:36:34 utils.py:140] ==================================
I 03-17 18:36:54 utils.py:131] === Checking the job status... ===
I 03-17 18:36:55 utils.py:137] Job status: JobStatus.RUNNING
I 03-17 18:36:55 utils.py:140] ==================================
I 03-17 18:37:15 utils.py:131] === Checking the job status... ===
I 03-17 18:37:15 utils.py:137] Job status: JobStatus.RUNNING
I 03-17 18:37:15 utils.py:140] ==================================
I 03-17 18:37:36 utils.py:131] === Checking the job status... ===
I 03-17 18:37:36 utils.py:137] Job status: JobStatus.RUNNING
I 03-17 18:37:36 utils.py:140] ==================================
I 03-17 18:37:56 utils.py:131] === Checking the job status... ===
I 03-17 18:37:57 utils.py:137] Job status: JobStatus.RUNNING
I 03-17 18:37:57 utils.py:140] ==================================
I 03-17 18:38:17 utils.py:131] === Checking the job status... ===
I 03-17 18:38:18 utils.py:137] Job status: JobStatus.RUNNING
I 03-17 18:38:18 utils.py:140] ==================================
I 03-17 18:38:38 utils.py:131] === Checking the job status... ===
I 03-17 18:38:39 utils.py:137] Job status: JobStatus.RUNNING
I 03-17 18:38:39 utils.py:140] ==================================
I 03-17 18:38:59 utils.py:131] === Checking the job status... ===
I 03-17 18:39:01 utils.py:137] Job status: JobStatus.RUNNING
I 03-17 18:39:01 utils.py:140] ==================================
I 03-17 18:39:21 utils.py:131] === Checking the job status... ===
I 03-17 18:39:22 utils.py:137] Job status: JobStatus.RUNNING
I 03-17 18:39:22 utils.py:140] ==================================
I 03-17 18:39:42 utils.py:131] === Checking the job status... ===
I 03-17 18:39:45 utils.py:137] Job status: JobStatus.RUNNING
I 03-17 18:39:45 utils.py:140] ==================================
I 03-17 18:40:06 utils.py:131] === Checking the job status... ===
I 03-17 18:40:06 utils.py:137] Job status: JobStatus.RUNNING
I 03-17 18:40:06 utils.py:140] ==================================
I 03-17 18:40:26 utils.py:131] === Checking the job status... ===
I 03-17 18:40:27 utils.py:137] Job status: JobStatus.RUNNING
I 03-17 18:40:27 utils.py:140] ==================================
I 03-17 18:40:47 utils.py:131] === Checking the job status... ===
I 03-17 18:40:48 utils.py:137] Job status: JobStatus.RUNNING
I 03-17 18:40:48 utils.py:140] ==================================
I 03-17 18:41:08 utils.py:131] === Checking the job status... ===
I 03-17 18:41:08 utils.py:137] Job status: JobStatus.RUNNING
I 03-17 18:41:08 utils.py:140] ==================================
I 03-17 18:41:28 utils.py:131] === Checking the job status... ===
I 03-17 18:41:29 utils.py:137] Job status: JobStatus.RUNNING
I 03-17 18:41:29 utils.py:140] ==================================
I 03-17 18:41:49 utils.py:131] === Checking the job status... ===
I 03-17 18:41:50 utils.py:137] Job status: JobStatus.RUNNING
I 03-17 18:41:50 utils.py:140] ==================================
I 03-17 18:42:10 utils.py:131] === Checking the job status... ===
I 03-17 18:42:10 utils.py:137] Job status: JobStatus.RUNNING
I 03-17 18:42:10 utils.py:140] ==================================
I 03-17 18:42:31 utils.py:131] === Checking the job status... ===
I 03-17 18:42:31 utils.py:137] Job status: JobStatus.RUNNING
I 03-17 18:42:31 utils.py:140] ==================================
I 03-17 18:42:51 utils.py:131] === Checking the job status... ===
I 03-17 18:42:52 utils.py:137] Job status: JobStatus.RUNNING
I 03-17 18:42:52 utils.py:140] ==================================
I 03-17 18:43:12 utils.py:131] === Checking the job status... ===
I 03-17 18:43:13 utils.py:137] Job status: JobStatus.RUNNING
I 03-17 18:43:13 utils.py:140] ==================================
I 03-17 18:43:33 utils.py:131] === Checking the job status... ===
I 03-17 18:43:33 utils.py:137] Job status: JobStatus.RUNNING
I 03-17 18:43:33 utils.py:140] ==================================
I 03-17 18:43:53 utils.py:131] === Checking the job status... ===
I 03-17 18:43:54 utils.py:137] Job status: JobStatus.RUNNING
I 03-17 18:43:54 utils.py:140] ==================================
I 03-17 18:44:14 utils.py:131] === Checking the job status... ===
I 03-17 18:44:15 utils.py:137] Job status: JobStatus.RUNNING
I 03-17 18:44:15 utils.py:140] ==================================
I 03-17 18:44:35 utils.py:131] === Checking the job status... ===
I 03-17 18:44:35 utils.py:137] Job status: JobStatus.RUNNING
I 03-17 18:44:35 utils.py:140] ==================================
I 03-17 18:44:56 utils.py:131] === Checking the job status... ===
I 03-17 18:44:56 utils.py:137] Job status: JobStatus.RUNNING
I 03-17 18:44:56 utils.py:140] ==================================
I 03-17 18:45:16 utils.py:131] === Checking the job status... ===
I 03-17 18:45:17 utils.py:137] Job status: JobStatus.RUNNING
I 03-17 18:45:17 utils.py:140] ==================================
I 03-17 18:45:37 utils.py:131] === Checking the job status... ===
I 03-17 18:45:38 utils.py:137] Job status: JobStatus.RUNNING
I 03-17 18:45:38 utils.py:140] ==================================
I 03-17 18:45:58 utils.py:131] === Checking the job status... ===
I 03-17 18:45:58 utils.py:137] Job status: JobStatus.RUNNING
I 03-17 18:45:58 utils.py:140] ==================================
I 03-17 18:46:18 utils.py:131] === Checking the job status... ===
I 03-17 18:46:19 utils.py:137] Job status: JobStatus.RUNNING
I 03-17 18:46:19 utils.py:140] ==================================
I 03-17 18:46:39 utils.py:131] === Checking the job status... ===
I 03-17 18:46:40 utils.py:137] Job status: JobStatus.RUNNING
I 03-17 18:46:40 utils.py:140] ==================================
I 03-17 18:47:00 utils.py:131] === Checking the job status... ===
I 03-17 18:47:01 utils.py:137] Job status: JobStatus.RUNNING
I 03-17 18:47:01 utils.py:140] ==================================
I 03-17 18:47:21 utils.py:131] === Checking the job status... ===
I 03-17 18:47:21 utils.py:137] Job status: JobStatus.RUNNING
I 03-17 18:47:21 utils.py:140] ==================================
I 03-17 18:47:41 utils.py:131] === Checking the job status... ===
I 03-17 18:47:42 utils.py:137] Job status: JobStatus.RUNNING
I 03-17 18:47:42 utils.py:140] ==================================
I 03-17 18:48:02 utils.py:131] === Checking the job status... ===
I 03-17 18:48:03 utils.py:137] Job status: JobStatus.RUNNING
I 03-17 18:48:03 utils.py:140] ==================================
I 03-17 18:48:23 utils.py:131] === Checking the job status... ===
I 03-17 18:48:24 utils.py:137] Job status: JobStatus.RUNNING
I 03-17 18:48:24 utils.py:140] ==================================
I 03-17 18:48:44 utils.py:131] === Checking the job status... ===
I 03-17 18:48:44 utils.py:137] Job status: JobStatus.RUNNING
I 03-17 18:48:44 utils.py:140] ==================================
I 03-17 18:49:04 utils.py:131] === Checking the job status... ===
I 03-17 18:49:05 utils.py:137] Job status: JobStatus.RUNNING
I 03-17 18:49:05 utils.py:140] ==================================
I 03-17 18:49:25 utils.py:131] === Checking the job status... ===
I 03-17 18:49:26 utils.py:137] Job status: JobStatus.RUNNING
I 03-17 18:49:26 utils.py:140] ==================================
I 03-17 18:49:46 utils.py:131] === Checking the job status... ===
I 03-17 18:49:46 utils.py:137] Job status: JobStatus.RUNNING
I 03-17 18:49:46 utils.py:140] ==================================
I 03-17 18:50:06 utils.py:131] === Checking the job status... ===
I 03-17 18:50:07 utils.py:137] Job status: JobStatus.RUNNING
I 03-17 18:50:07 utils.py:140] ==================================
I 03-17 18:50:27 utils.py:131] === Checking the job status... ===
I 03-17 18:50:28 utils.py:137] Job status: JobStatus.RUNNING
I 03-17 18:50:28 utils.py:140] ==================================
I 03-17 18:50:48 utils.py:131] === Checking the job status... ===
I 03-17 18:50:48 utils.py:137] Job status: JobStatus.RUNNING
I 03-17 18:50:48 utils.py:140] ==================================
I 03-17 18:51:09 utils.py:131] === Checking the job status... ===
I 03-17 18:51:09 utils.py:137] Job status: JobStatus.RUNNING
I 03-17 18:51:09 utils.py:140] ==================================
I 03-17 18:51:29 utils.py:131] === Checking the job status... ===
I 03-17 18:51:30 utils.py:137] Job status: JobStatus.RUNNING
I 03-17 18:51:30 utils.py:140] ==================================
I 03-17 18:51:50 utils.py:131] === Checking the job status... ===
I 03-17 18:51:51 utils.py:137] Job status: JobStatus.RUNNING
I 03-17 18:51:51 utils.py:140] ==================================
I 03-17 18:52:11 utils.py:131] === Checking the job status... ===
I 03-17 18:52:11 utils.py:137] Job status: JobStatus.RUNNING
I 03-17 18:52:11 utils.py:140] ==================================
I 03-17 18:52:32 utils.py:131] === Checking the job status... ===
I 03-17 18:52:32 utils.py:137] Job status: JobStatus.RUNNING
I 03-17 18:52:32 utils.py:140] ==================================
I 03-17 18:52:52 utils.py:131] === Checking the job status... ===
I 03-17 18:52:53 utils.py:137] Job status: JobStatus.RUNNING
I 03-17 18:52:53 utils.py:140] ==================================
I 03-17 18:53:13 utils.py:131] === Checking the job status... ===
I 03-17 18:53:14 utils.py:137] Job status: JobStatus.RUNNING
I 03-17 18:53:14 utils.py:140] ==================================
I 03-17 18:53:34 utils.py:131] === Checking the job status... ===
I 03-17 18:53:34 utils.py:137] Job status: JobStatus.RUNNING
I 03-17 18:53:34 utils.py:140] ==================================
I 03-17 18:53:54 utils.py:131] === Checking the job status... ===
I 03-17 18:53:55 utils.py:137] Job status: JobStatus.RUNNING
I 03-17 18:53:55 utils.py:140] ==================================
I 03-17 18:54:15 utils.py:131] === Checking the job status... ===
I 03-17 18:54:16 utils.py:137] Job status: JobStatus.RUNNING
I 03-17 18:54:16 utils.py:140] ==================================
I 03-17 18:54:36 utils.py:131] === Checking the job status... ===
I 03-17 18:54:36 utils.py:137] Job status: JobStatus.RUNNING
I 03-17 18:54:36 utils.py:140] ==================================
I 03-17 18:54:56 utils.py:131] === Checking the job status... ===
I 03-17 18:54:57 utils.py:137] Job status: JobStatus.RUNNING
I 03-17 18:54:57 utils.py:140] ==================================
I 03-17 18:55:17 utils.py:131] === Checking the job status... ===
I 03-17 18:55:18 utils.py:137] Job status: JobStatus.RUNNING
I 03-17 18:55:18 utils.py:140] ==================================
I 03-17 18:55:38 utils.py:131] === Checking the job status... ===
I 03-17 18:55:38 utils.py:137] Job status: JobStatus.RUNNING
I 03-17 18:55:38 utils.py:140] ==================================
I 03-17 18:55:59 utils.py:131] === Checking the job status... ===
I 03-17 18:55:59 utils.py:137] Job status: JobStatus.RUNNING
I 03-17 18:55:59 utils.py:140] ==================================
I 03-17 18:56:19 utils.py:131] === Checking the job status... ===
I 03-17 18:56:20 utils.py:137] Job status: JobStatus.RUNNING
I 03-17 18:56:20 utils.py:140] ==================================
I 03-17 18:56:40 utils.py:131] === Checking the job status... ===
I 03-17 18:56:41 utils.py:137] Job status: JobStatus.RUNNING
I 03-17 18:56:41 utils.py:140] ==================================
I 03-17 18:57:01 utils.py:131] === Checking the job status... ===
I 03-17 18:57:01 utils.py:137] Job status: JobStatus.RUNNING
I 03-17 18:57:01 utils.py:140] ==================================
I 03-17 18:57:21 utils.py:131] === Checking the job status... ===
I 03-17 18:57:22 utils.py:137] Job status: JobStatus.RUNNING
I 03-17 18:57:22 utils.py:140] ==================================
I 03-17 18:57:42 utils.py:131] === Checking the job status... ===
I 03-17 18:57:43 utils.py:137] Job status: JobStatus.RUNNING
I 03-17 18:57:43 utils.py:140] ==================================
I 03-17 18:58:03 utils.py:131] === Checking the job status... ===
I 03-17 18:58:03 utils.py:137] Job status: JobStatus.RUNNING
I 03-17 18:58:03 utils.py:140] ==================================
I 03-17 18:58:24 utils.py:131] === Checking the job status... ===
I 03-17 18:58:24 utils.py:137] Job status: JobStatus.RUNNING
I 03-17 18:58:24 utils.py:140] ==================================
I 03-17 18:58:44 utils.py:131] === Checking the job status... ===
I 03-17 18:58:45 utils.py:137] Job status: JobStatus.RUNNING
I 03-17 18:58:45 utils.py:140] ==================================
I 03-17 18:59:05 utils.py:131] === Checking the job status... ===
I 03-17 18:59:06 utils.py:137] Job status: JobStatus.RUNNING
I 03-17 18:59:06 utils.py:140] ==================================
I 03-17 18:59:26 utils.py:131] === Checking the job status... ===
I 03-17 18:59:26 utils.py:137] Job status: JobStatus.RUNNING
I 03-17 18:59:26 utils.py:140] ==================================
I 03-17 18:59:46 utils.py:131] === Checking the job status... ===
I 03-17 18:59:47 utils.py:137] Job status: JobStatus.RUNNING
I 03-17 18:59:47 utils.py:140] ==================================
I 03-17 19:00:07 utils.py:131] === Checking the job status... ===
I 03-17 19:00:08 utils.py:137] Job status: JobStatus.RUNNING
I 03-17 19:00:08 utils.py:140] ==================================
I 03-17 19:00:28 utils.py:131] === Checking the job status... ===
I 03-17 19:00:28 utils.py:137] Job status: JobStatus.RUNNING
I 03-17 19:00:28 utils.py:140] ==================================
I 03-17 19:00:48 utils.py:131] === Checking the job status... ===
I 03-17 19:00:49 utils.py:137] Job status: JobStatus.RUNNING
I 03-17 19:00:49 utils.py:140] ==================================
I 03-17 19:01:09 utils.py:131] === Checking the job status... ===
I 03-17 19:01:10 utils.py:137] Job status: JobStatus.RUNNING
I 03-17 19:01:10 utils.py:140] ==================================
I 03-17 19:01:30 utils.py:131] === Checking the job status... ===
I 03-17 19:01:30 utils.py:137] Job status: JobStatus.RUNNING
I 03-17 19:01:30 utils.py:140] ==================================
I 03-17 19:01:51 utils.py:131] === Checking the job status... ===
I 03-17 19:01:51 utils.py:137] Job status: JobStatus.RUNNING
I 03-17 19:01:51 utils.py:140] ==================================
I 03-17 19:02:11 utils.py:131] === Checking the job status... ===
I 03-17 19:02:12 utils.py:137] Job status: JobStatus.RUNNING
I 03-17 19:02:12 utils.py:140] ==================================
I 03-17 19:02:32 utils.py:131] === Checking the job status... ===
I 03-17 19:02:33 utils.py:137] Job status: JobStatus.RUNNING
I 03-17 19:02:33 utils.py:140] ==================================
I 03-17 19:02:53 utils.py:131] === Checking the job status... ===
I 03-17 19:02:53 utils.py:137] Job status: JobStatus.RUNNING
I 03-17 19:02:53 utils.py:140] ==================================
I 03-17 19:03:13 utils.py:131] === Checking the job status... ===
I 03-17 19:03:14 utils.py:137] Job status: JobStatus.RUNNING
I 03-17 19:03:14 utils.py:140] ==================================
I 03-17 19:03:34 utils.py:131] === Checking the job status... ===
I 03-17 19:03:35 utils.py:137] Job status: JobStatus.RUNNING
I 03-17 19:03:35 utils.py:140] ==================================
I 03-17 19:03:55 utils.py:131] === Checking the job status... ===
I 03-17 19:03:55 utils.py:137] Job status: JobStatus.RUNNING
I 03-17 19:03:55 utils.py:140] ==================================
I 03-17 19:04:15 utils.py:131] === Checking the job status... ===
I 03-17 19:04:16 utils.py:137] Job status: JobStatus.RUNNING
I 03-17 19:04:16 utils.py:140] ==================================
I 03-17 19:04:36 utils.py:131] === Checking the job status... ===
I 03-17 19:04:37 utils.py:137] Job status: JobStatus.RUNNING
I 03-17 19:04:37 utils.py:140] ==================================
I 03-17 19:04:57 utils.py:131] === Checking the job status... ===
I 03-17 19:04:57 utils.py:137] Job status: JobStatus.RUNNING
I 03-17 19:04:57 utils.py:140] ==================================
I 03-17 19:05:18 utils.py:131] === Checking the job status... ===
I 03-17 19:05:18 utils.py:137] Job status: JobStatus.RUNNING
I 03-17 19:05:18 utils.py:140] ==================================
I 03-17 19:05:38 utils.py:131] === Checking the job status... ===
I 03-17 19:05:39 utils.py:137] Job status: JobStatus.RUNNING
I 03-17 19:05:39 utils.py:140] ==================================
I 03-17 19:05:59 utils.py:131] === Checking the job status... ===
I 03-17 19:06:00 utils.py:137] Job status: JobStatus.RUNNING
I 03-17 19:06:00 utils.py:140] ==================================
I 03-17 19:06:20 utils.py:131] === Checking the job status... ===
I 03-17 19:06:20 utils.py:137] Job status: JobStatus.RUNNING
I 03-17 19:06:20 utils.py:140] ==================================
I 03-17 19:06:40 utils.py:131] === Checking the job status... ===
I 03-17 19:06:41 utils.py:137] Job status: JobStatus.RUNNING
I 03-17 19:06:41 utils.py:140] ==================================
I 03-17 19:07:01 utils.py:131] === Checking the job status... ===
I 03-17 19:07:02 utils.py:137] Job status: JobStatus.RUNNING
I 03-17 19:07:02 utils.py:140] ==================================
I 03-17 19:07:22 utils.py:131] === Checking the job status... ===
I 03-17 19:07:22 utils.py:137] Job status: JobStatus.RUNNING
I 03-17 19:07:22 utils.py:140] ==================================
I 03-17 19:07:42 utils.py:131] === Checking the job status... ===
I 03-17 19:07:43 utils.py:137] Job status: JobStatus.RUNNING
I 03-17 19:07:43 utils.py:140] ==================================
I 03-17 19:08:03 utils.py:131] === Checking the job status... ===
I 03-17 19:08:04 utils.py:137] Job status: JobStatus.RUNNING
I 03-17 19:08:04 utils.py:140] ==================================
I 03-17 19:08:24 utils.py:131] === Checking the job status... ===
I 03-17 19:08:25 utils.py:137] Job status: JobStatus.RUNNING
I 03-17 19:08:25 utils.py:140] ==================================
I 03-17 19:08:45 utils.py:131] === Checking the job status... ===
I 03-17 19:08:45 utils.py:137] Job status: JobStatus.RUNNING
I 03-17 19:08:45 utils.py:140] ==================================
I 03-17 19:09:05 utils.py:131] === Checking the job status... ===
I 03-17 19:09:06 utils.py:137] Job status: JobStatus.RUNNING
I 03-17 19:09:06 utils.py:140] ==================================
I 03-17 19:09:26 utils.py:131] === Checking the job status... ===
I 03-17 19:09:27 utils.py:137] Job status: JobStatus.RUNNING
I 03-17 19:09:27 utils.py:140] ==================================
I 03-17 19:09:47 utils.py:131] === Checking the job status... ===
I 03-17 19:09:48 utils.py:137] Job status: JobStatus.RUNNING
I 03-17 19:09:48 utils.py:140] ==================================
I 03-17 19:10:08 utils.py:131] === Checking the job status... ===
I 03-17 19:10:08 utils.py:137] Job status: JobStatus.RUNNING
I 03-17 19:10:08 utils.py:140] ==================================
I 03-17 19:10:28 utils.py:131] === Checking the job status... ===
I 03-17 19:10:29 utils.py:137] Job status: JobStatus.RUNNING
I 03-17 19:10:29 utils.py:140] ==================================
I 03-17 19:10:49 utils.py:131] === Checking the job status... ===
I 03-17 19:10:50 utils.py:137] Job status: JobStatus.RUNNING
I 03-17 19:10:50 utils.py:140] ==================================
I 03-17 19:11:10 utils.py:131] === Checking the job status... ===
I 03-17 19:11:10 utils.py:137] Job status: JobStatus.RUNNING
I 03-17 19:11:10 utils.py:140] ==================================
I 03-17 19:11:31 utils.py:131] === Checking the job status... ===
I 03-17 19:11:31 utils.py:137] Job status: JobStatus.RUNNING
I 03-17 19:11:31 utils.py:140] ==================================
I 03-17 19:11:51 utils.py:131] === Checking the job status... ===
I 03-17 19:11:52 utils.py:137] Job status: JobStatus.RUNNING
I 03-17 19:11:52 utils.py:140] ==================================
I 03-17 19:12:12 utils.py:131] === Checking the job status... ===
I 03-17 19:12:13 utils.py:137] Job status: JobStatus.RUNNING
I 03-17 19:12:13 utils.py:140] ==================================
I 03-17 19:12:33 utils.py:131] === Checking the job status... ===
I 03-17 19:12:33 utils.py:137] Job status: JobStatus.RUNNING
I 03-17 19:12:33 utils.py:140] ==================================
I 03-17 19:12:54 utils.py:131] === Checking the job status... ===
I 03-17 19:12:54 utils.py:137] Job status: JobStatus.RUNNING
I 03-17 19:12:54 utils.py:140] ==================================
I 03-17 19:13:14 utils.py:131] === Checking the job status... ===
I 03-17 19:13:15 utils.py:137] Job status: JobStatus.RUNNING
I 03-17 19:13:15 utils.py:140] ==================================
I 03-17 19:13:35 utils.py:131] === Checking the job status... ===
I 03-17 19:13:36 utils.py:137] Job status: JobStatus.RUNNING
I 03-17 19:13:36 utils.py:140] ==================================
I 03-17 19:13:56 utils.py:131] === Checking the job status... ===
I 03-17 19:13:56 utils.py:137] Job status: JobStatus.RUNNING
I 03-17 19:13:56 utils.py:140] ==================================
I 03-17 19:14:16 utils.py:131] === Checking the job status... ===
I 03-17 19:14:17 utils.py:137] Job status: JobStatus.RUNNING
I 03-17 19:14:17 utils.py:140] ==================================
I 03-17 19:14:37 utils.py:131] === Checking the job status... ===
I 03-17 19:14:38 utils.py:137] Job status: JobStatus.RUNNING
I 03-17 19:14:38 utils.py:140] ==================================
I 03-17 19:14:58 utils.py:131] === Checking the job status... ===
I 03-17 19:14:58 utils.py:137] Job status: JobStatus.RUNNING
I 03-17 19:14:58 utils.py:140] ==================================
I 03-17 19:15:19 utils.py:131] === Checking the job status... ===
I 03-17 19:15:19 utils.py:137] Job status: JobStatus.RUNNING
I 03-17 19:15:19 utils.py:140] ==================================
I 03-17 19:15:39 utils.py:131] === Checking the job status... ===
I 03-17 19:15:40 utils.py:137] Job status: JobStatus.RUNNING
I 03-17 19:15:40 utils.py:140] ==================================
I 03-17 19:16:00 utils.py:131] === Checking the job status... ===
I 03-17 19:16:01 utils.py:137] Job status: JobStatus.RUNNING
I 03-17 19:16:01 utils.py:140] ==================================
I 03-17 19:16:21 utils.py:131] === Checking the job status... ===
I 03-17 19:16:21 utils.py:137] Job status: JobStatus.RUNNING
I 03-17 19:16:21 utils.py:140] ==================================
I 03-17 19:16:41 utils.py:131] === Checking the job status... ===
I 03-17 19:16:42 utils.py:137] Job status: JobStatus.RUNNING
I 03-17 19:16:42 utils.py:140] ==================================
I 03-17 19:17:02 utils.py:131] === Checking the job status... ===
I 03-17 19:17:03 utils.py:137] Job status: JobStatus.RUNNING
I 03-17 19:17:03 utils.py:140] ==================================
I 03-17 19:17:23 utils.py:131] === Checking the job status... ===
I 03-17 19:17:24 utils.py:137] Job status: JobStatus.RUNNING
I 03-17 19:17:24 utils.py:140] ==================================
I 03-17 19:17:44 utils.py:131] === Checking the job status... ===
I 03-17 19:17:44 utils.py:137] Job status: JobStatus.RUNNING
I 03-17 19:17:44 utils.py:140] ==================================
I 03-17 19:18:04 utils.py:131] === Checking the job status... ===
I 03-17 19:18:05 utils.py:137] Job status: JobStatus.RUNNING
I 03-17 19:18:05 utils.py:140] ==================================
I 03-17 19:18:25 utils.py:131] === Checking the job status... ===
I 03-17 19:18:26 utils.py:137] Job status: JobStatus.RUNNING
I 03-17 19:18:26 utils.py:140] ==================================
I 03-17 19:18:46 utils.py:131] === Checking the job status... ===
I 03-17 19:18:46 utils.py:137] Job status: JobStatus.RUNNING
I 03-17 19:18:46 utils.py:140] ==================================
I 03-17 19:19:06 utils.py:131] === Checking the job status... ===
I 03-17 19:19:07 utils.py:137] Job status: JobStatus.RUNNING
I 03-17 19:19:07 utils.py:140] ==================================
I 03-17 19:19:27 utils.py:131] === Checking the job status... ===
I 03-17 19:19:28 utils.py:137] Job status: JobStatus.RUNNING
I 03-17 19:19:28 utils.py:140] ==================================
I 03-17 19:19:48 utils.py:131] === Checking the job status... ===
I 03-17 19:19:49 utils.py:137] Job status: JobStatus.RUNNING
I 03-17 19:19:49 utils.py:140] ==================================
I 03-17 19:20:09 utils.py:131] === Checking the job status... ===
I 03-17 19:20:09 utils.py:137] Job status: JobStatus.RUNNING
I 03-17 19:20:09 utils.py:140] ==================================
I 03-17 19:20:29 utils.py:131] === Checking the job status... ===
I 03-17 19:20:30 utils.py:137] Job status: JobStatus.RUNNING
I 03-17 19:20:30 utils.py:140] ==================================
I 03-17 19:20:50 utils.py:131] === Checking the job status... ===
I 03-17 19:20:51 utils.py:137] Job status: JobStatus.RUNNING
I 03-17 19:20:51 utils.py:140] ==================================
I 03-17 19:21:11 utils.py:131] === Checking the job status... ===
I 03-17 19:21:12 utils.py:137] Job status: JobStatus.RUNNING
I 03-17 19:21:12 utils.py:140] ==================================
I 03-17 19:21:32 utils.py:131] === Checking the job status... ===
I 03-17 19:21:32 utils.py:137] Job status: JobStatus.RUNNING
I 03-17 19:21:32 utils.py:140] ==================================
I 03-17 19:21:52 utils.py:131] === Checking the job status... ===
I 03-17 19:21:53 utils.py:137] Job status: JobStatus.RUNNING
I 03-17 19:21:53 utils.py:140] ==================================
I 03-17 19:22:13 utils.py:131] === Checking the job status... ===
I 03-17 19:22:14 utils.py:137] Job status: JobStatus.RUNNING
I 03-17 19:22:14 utils.py:140] ==================================
I 03-17 19:22:34 utils.py:131] === Checking the job status... ===
I 03-17 19:22:34 utils.py:137] Job status: JobStatus.RUNNING
I 03-17 19:22:34 utils.py:140] ==================================
I 03-17 19:22:55 utils.py:131] === Checking the job status... ===
I 03-17 19:22:55 utils.py:137] Job status: JobStatus.RUNNING
I 03-17 19:22:55 utils.py:140] ==================================
I 03-17 19:23:15 utils.py:131] === Checking the job status... ===
I 03-17 19:23:16 utils.py:137] Job status: JobStatus.RUNNING
I 03-17 19:23:16 utils.py:140] ==================================
I 03-17 19:23:36 utils.py:131] === Checking the job status... ===
I 03-17 19:23:37 utils.py:137] Job status: JobStatus.RUNNING
I 03-17 19:23:37 utils.py:140] ==================================
I 03-17 19:23:57 utils.py:131] === Checking the job status... ===
I 03-17 19:23:57 utils.py:137] Job status: JobStatus.RUNNING
I 03-17 19:23:57 utils.py:140] ==================================
I 03-17 19:24:17 utils.py:131] === Checking the job status... ===
I 03-17 19:24:18 utils.py:137] Job status: JobStatus.RUNNING
I 03-17 19:24:18 utils.py:140] ==================================
I 03-17 19:24:38 utils.py:131] === Checking the job status... ===
I 03-17 19:24:39 utils.py:137] Job status: JobStatus.RUNNING
I 03-17 19:24:39 utils.py:140] ==================================
I 03-17 19:24:59 utils.py:131] === Checking the job status... ===
I 03-17 19:24:59 utils.py:137] Job status: JobStatus.RUNNING
I 03-17 19:24:59 utils.py:140] ==================================
I 03-17 19:25:20 utils.py:131] === Checking the job status... ===
I 03-17 19:25:20 utils.py:137] Job status: JobStatus.RUNNING
I 03-17 19:25:20 utils.py:140] ==================================
I 03-17 19:25:40 utils.py:131] === Checking the job status... ===
I 03-17 19:25:41 utils.py:137] Job status: JobStatus.RUNNING
I 03-17 19:25:41 utils.py:140] ==================================
I 03-17 19:26:01 utils.py:131] === Checking the job status... ===
I 03-17 19:26:02 utils.py:137] Job status: JobStatus.RUNNING
I 03-17 19:26:02 utils.py:140] ==================================
I 03-17 19:26:22 utils.py:131] === Checking the job status... ===
I 03-17 19:26:22 utils.py:137] Job status: JobStatus.RUNNING
I 03-17 19:26:22 utils.py:140] ==================================
I 03-17 19:26:42 utils.py:131] === Checking the job status... ===
I 03-17 19:26:43 utils.py:137] Job status: JobStatus.RUNNING
I 03-17 19:26:43 utils.py:140] ==================================
I 03-17 19:27:03 utils.py:131] === Checking the job status... ===
I 03-17 19:27:04 utils.py:137] Job status: JobStatus.RUNNING
I 03-17 19:27:04 utils.py:140] ==================================
I 03-17 19:27:24 utils.py:131] === Checking the job status... ===
I 03-17 19:27:25 utils.py:137] Job status: JobStatus.RUNNING
I 03-17 19:27:25 utils.py:140] ==================================
I 03-17 19:27:45 utils.py:131] === Checking the job status... ===
I 03-17 19:27:45 utils.py:137] Job status: JobStatus.RUNNING
I 03-17 19:27:45 utils.py:140] ==================================
I 03-17 19:28:05 utils.py:131] === Checking the job status... ===
I 03-17 19:28:06 utils.py:137] Job status: JobStatus.RUNNING
I 03-17 19:28:06 utils.py:140] ==================================
I 03-17 19:28:26 utils.py:131] === Checking the job status... ===
I 03-17 19:28:27 utils.py:137] Job status: JobStatus.RUNNING
I 03-17 19:28:27 utils.py:140] ==================================
I 03-17 19:28:47 utils.py:131] === Checking the job status... ===
I 03-17 19:28:47 utils.py:137] Job status: JobStatus.RUNNING
I 03-17 19:28:47 utils.py:140] ==================================
I 03-17 19:29:08 utils.py:131] === Checking the job status... ===
I 03-17 19:29:08 utils.py:137] Job status: JobStatus.RUNNING
I 03-17 19:29:08 utils.py:140] ==================================
I 03-17 19:29:28 utils.py:131] === Checking the job status... ===
I 03-17 19:29:29 utils.py:137] Job status: JobStatus.RUNNING
I 03-17 19:29:29 utils.py:140] ==================================
I 03-17 19:29:49 utils.py:131] === Checking the job status... ===
I 03-17 19:29:50 utils.py:137] Job status: JobStatus.RUNNING
I 03-17 19:29:50 utils.py:140] ==================================
I 03-17 19:30:10 utils.py:131] === Checking the job status... ===
I 03-17 19:30:10 utils.py:137] Job status: JobStatus.RUNNING
I 03-17 19:30:10 utils.py:140] ==================================
I 03-17 19:30:31 utils.py:131] === Checking the job status... ===
I 03-17 19:30:31 utils.py:137] Job status: JobStatus.RUNNING
I 03-17 19:30:31 utils.py:140] ==================================
I 03-17 19:30:51 utils.py:131] === Checking the job status... ===
I 03-17 19:30:52 utils.py:137] Job status: JobStatus.RUNNING
I 03-17 19:30:52 utils.py:140] ==================================
I 03-17 19:31:12 utils.py:131] === Checking the job status... ===
I 03-17 19:31:13 utils.py:137] Job status: JobStatus.RUNNING
I 03-17 19:31:13 utils.py:140] ==================================
I 03-17 19:31:33 utils.py:131] === Checking the job status... ===
I 03-17 19:31:33 utils.py:137] Job status: JobStatus.RUNNING
I 03-17 19:31:33 utils.py:140] ==================================
I 03-17 19:31:53 utils.py:131] === Checking the job status... ===
I 03-17 19:31:54 utils.py:137] Job status: JobStatus.RUNNING
I 03-17 19:31:54 utils.py:140] ==================================
I 03-17 19:32:14 utils.py:131] === Checking the job status... ===
I 03-17 19:32:15 utils.py:137] Job status: JobStatus.RUNNING
I 03-17 19:32:15 utils.py:140] ==================================
I 03-17 19:32:35 utils.py:131] === Checking the job status... ===
I 03-17 19:32:36 utils.py:137] Job status: JobStatus.RUNNING
I 03-17 19:32:36 utils.py:140] ==================================
I 03-17 19:32:56 utils.py:131] === Checking the job status... ===
I 03-17 19:32:56 utils.py:137] Job status: JobStatus.RUNNING
I 03-17 19:32:56 utils.py:140] ==================================
I 03-17 19:33:16 utils.py:131] === Checking the job status... ===
I 03-17 19:33:17 utils.py:137] Job status: JobStatus.RUNNING
I 03-17 19:33:17 utils.py:140] ==================================
I 03-17 19:33:37 utils.py:131] === Checking the job status... ===
I 03-17 19:33:38 utils.py:137] Job status: JobStatus.RUNNING
I 03-17 19:33:38 utils.py:140] ==================================
I 03-17 19:33:58 utils.py:131] === Checking the job status... ===
I 03-17 19:33:59 utils.py:137] Job status: JobStatus.RUNNING
I 03-17 19:33:59 utils.py:140] ==================================
I 03-17 19:34:19 utils.py:131] === Checking the job status... ===
I 03-17 19:34:19 utils.py:137] Job status: JobStatus.RUNNING
I 03-17 19:34:19 utils.py:140] ==================================
I 03-17 19:34:39 utils.py:131] === Checking the job status... ===
I 03-17 19:34:40 utils.py:137] Job status: JobStatus.RUNNING
I 03-17 19:34:40 utils.py:140] ==================================
I 03-17 19:35:00 utils.py:131] === Checking the job status... ===
I 03-17 19:35:01 utils.py:137] Job status: JobStatus.RUNNING
I 03-17 19:35:01 utils.py:140] ==================================
I 03-17 19:35:21 utils.py:131] === Checking the job status... ===
I 03-17 19:35:21 utils.py:137] Job status: JobStatus.RUNNING
I 03-17 19:35:21 utils.py:140] ==================================
I 03-17 19:35:42 utils.py:131] === Checking the job status... ===
I 03-17 19:35:42 utils.py:137] Job status: JobStatus.RUNNING
I 03-17 19:35:42 utils.py:140] ==================================
I 03-17 19:36:02 utils.py:131] === Checking the job status... ===
I 03-17 19:36:03 utils.py:137] Job status: JobStatus.RUNNING
I 03-17 19:36:03 utils.py:140] ==================================
I 03-17 19:36:23 utils.py:131] === Checking the job status... ===
I 03-17 19:36:24 utils.py:137] Job status: JobStatus.RUNNING
I 03-17 19:36:24 utils.py:140] ==================================
I 03-17 19:36:44 utils.py:131] === Checking the job status... ===
I 03-17 19:36:44 utils.py:137] Job status: JobStatus.RUNNING
I 03-17 19:36:44 utils.py:140] ==================================
I 03-17 19:37:05 utils.py:131] === Checking the job status... ===
I 03-17 19:37:05 utils.py:137] Job status: JobStatus.RUNNING
I 03-17 19:37:05 utils.py:140] ==================================
I 03-17 19:37:25 utils.py:131] === Checking the job status... ===
I 03-17 19:37:26 utils.py:137] Job status: JobStatus.RUNNING
I 03-17 19:37:26 utils.py:140] ==================================
I 03-17 19:37:46 utils.py:131] === Checking the job status... ===
I 03-17 19:37:47 utils.py:137] Job status: JobStatus.RUNNING
I 03-17 19:37:47 utils.py:140] ==================================
I 03-17 19:38:07 utils.py:131] === Checking the job status... ===
I 03-17 19:38:08 utils.py:137] Job status: JobStatus.RUNNING
I 03-17 19:38:08 utils.py:140] ==================================
I 03-17 19:38:28 utils.py:131] === Checking the job status... ===
I 03-17 19:38:28 utils.py:137] Job status: JobStatus.RUNNING
I 03-17 19:38:28 utils.py:140] ==================================
I 03-17 19:38:48 utils.py:131] === Checking the job status... ===
I 03-17 19:38:49 utils.py:137] Job status: JobStatus.RUNNING
I 03-17 19:38:49 utils.py:140] ==================================
I 03-17 19:39:09 utils.py:131] === Checking the job status... ===
I 03-17 19:39:10 utils.py:137] Job status: JobStatus.RUNNING
I 03-17 19:39:10 utils.py:140] ==================================
I 03-17 19:39:30 utils.py:131] === Checking the job status... ===
I 03-17 19:39:31 utils.py:137] Job status: JobStatus.RUNNING
I 03-17 19:39:31 utils.py:140] ==================================
I 03-17 19:39:51 utils.py:131] === Checking the job status... ===
I 03-17 19:39:51 utils.py:137] Job status: JobStatus.RUNNING
I 03-17 19:39:51 utils.py:140] ==================================
I 03-17 19:40:11 utils.py:131] === Checking the job status... ===
I 03-17 19:40:12 utils.py:137] Job status: JobStatus.RUNNING
I 03-17 19:40:12 utils.py:140] ==================================
I 03-17 19:40:32 utils.py:131] === Checking the job status... ===
I 03-17 19:40:33 utils.py:137] Job status: JobStatus.RUNNING
I 03-17 19:40:33 utils.py:140] ==================================
I 03-17 19:40:53 utils.py:131] === Checking the job status... ===
I 03-17 19:40:53 utils.py:137] Job status: JobStatus.RUNNING
I 03-17 19:40:53 utils.py:140] ==================================
I 03-17 19:41:14 utils.py:131] === Checking the job status... ===
I 03-17 19:41:14 utils.py:137] Job status: JobStatus.RUNNING
I 03-17 19:41:14 utils.py:140] ==================================
I 03-17 19:41:34 utils.py:131] === Checking the job status... ===
I 03-17 19:41:35 utils.py:137] Job status: JobStatus.RUNNING
I 03-17 19:41:35 utils.py:140] ==================================
I 03-17 19:41:55 utils.py:131] === Checking the job status... ===
I 03-17 19:41:56 utils.py:137] Job status: JobStatus.RUNNING
I 03-17 19:41:56 utils.py:140] ==================================
I 03-17 19:42:16 utils.py:131] === Checking the job status... ===
I 03-17 19:42:16 utils.py:137] Job status: JobStatus.RUNNING
I 03-17 19:42:16 utils.py:140] ==================================
I 03-17 19:42:37 utils.py:131] === Checking the job status... ===
I 03-17 19:42:37 utils.py:137] Job status: JobStatus.RUNNING
I 03-17 19:42:37 utils.py:140] ==================================
I 03-17 19:42:57 utils.py:131] === Checking the job status... ===
I 03-17 19:42:58 utils.py:137] Job status: JobStatus.RUNNING
I 03-17 19:42:58 utils.py:140] ==================================
I 03-17 19:43:18 utils.py:131] === Checking the job status... ===
I 03-17 19:43:19 utils.py:137] Job status: JobStatus.RUNNING
I 03-17 19:43:19 utils.py:140] ==================================
I 03-17 19:43:39 utils.py:131] === Checking the job status... ===
I 03-17 19:43:39 utils.py:137] Job status: JobStatus.RUNNING
I 03-17 19:43:39 utils.py:140] ==================================
I 03-17 19:43:59 utils.py:131] === Checking the job status... ===
I 03-17 19:44:00 utils.py:137] Job status: JobStatus.RUNNING
I 03-17 19:44:00 utils.py:140] ==================================
I 03-17 19:44:20 utils.py:131] === Checking the job status... ===
I 03-17 19:44:21 utils.py:137] Job status: JobStatus.RUNNING
I 03-17 19:44:21 utils.py:140] ==================================
I 03-17 19:44:41 utils.py:131] === Checking the job status... ===
I 03-17 19:44:42 utils.py:137] Job status: JobStatus.RUNNING
I 03-17 19:44:42 utils.py:140] ==================================
I 03-17 19:45:02 utils.py:131] === Checking the job status... ===
I 03-17 19:45:02 utils.py:137] Job status: JobStatus.RUNNING
I 03-17 19:45:02 utils.py:140] ==================================
I 03-17 19:45:22 utils.py:131] === Checking the job status... ===
I 03-17 19:45:23 utils.py:137] Job status: JobStatus.RUNNING
I 03-17 19:45:23 utils.py:140] ==================================
I 03-17 19:45:43 utils.py:131] === Checking the job status... ===
I 03-17 19:45:44 utils.py:137] Job status: JobStatus.RUNNING
I 03-17 19:45:44 utils.py:140] ==================================
I 03-17 19:46:04 utils.py:131] === Checking the job status... ===
I 03-17 19:46:05 utils.py:137] Job status: JobStatus.RUNNING
I 03-17 19:46:05 utils.py:140] ==================================
I 03-17 19:46:25 utils.py:131] === Checking the job status... ===
I 03-17 19:46:25 utils.py:137] Job status: JobStatus.RUNNING
I 03-17 19:46:25 utils.py:140] ==================================
I 03-17 19:46:45 utils.py:131] === Checking the job status... ===
I 03-17 19:46:46 utils.py:137] Job status: JobStatus.RUNNING
I 03-17 19:46:46 utils.py:140] ==================================
I 03-17 19:47:06 utils.py:131] === Checking the job status... ===
I 03-17 19:47:07 utils.py:137] Job status: JobStatus.RUNNING
I 03-17 19:47:07 utils.py:140] ==================================
I 03-17 19:47:27 utils.py:131] === Checking the job status... ===
I 03-17 19:47:27 utils.py:137] Job status: JobStatus.RUNNING
I 03-17 19:47:27 utils.py:140] ==================================
I 03-17 19:47:47 utils.py:131] === Checking the job status... ===
I 03-17 19:47:48 utils.py:137] Job status: JobStatus.RUNNING
I 03-17 19:47:48 utils.py:140] ==================================
I 03-17 19:48:08 utils.py:131] === Checking the job status... ===
I 03-17 19:48:09 utils.py:137] Job status: JobStatus.RUNNING
I 03-17 19:48:09 utils.py:140] ==================================
I 03-17 19:48:29 utils.py:131] === Checking the job status... ===
I 03-17 19:48:30 utils.py:137] Job status: JobStatus.RUNNING
I 03-17 19:48:30 utils.py:140] ==================================
I 03-17 19:48:50 utils.py:131] === Checking the job status... ===
I 03-17 19:48:50 utils.py:137] Job status: JobStatus.RUNNING
I 03-17 19:48:50 utils.py:140] ==================================
I 03-17 19:49:10 utils.py:131] === Checking the job status... ===
I 03-17 19:49:11 utils.py:137] Job status: JobStatus.RUNNING
I 03-17 19:49:11 utils.py:140] ==================================
I 03-17 19:49:31 utils.py:131] === Checking the job status... ===
I 03-17 19:49:32 utils.py:137] Job status: JobStatus.RUNNING
I 03-17 19:49:32 utils.py:140] ==================================
I 03-17 19:49:52 utils.py:131] === Checking the job status... ===
I 03-17 19:49:52 utils.py:137] Job status: JobStatus.RUNNING
I 03-17 19:49:52 utils.py:140] ==================================
I 03-17 19:50:13 utils.py:131] === Checking the job status... ===
I 03-17 19:50:13 utils.py:137] Job status: JobStatus.RUNNING
I 03-17 19:50:13 utils.py:140] ==================================
I 03-17 19:50:33 utils.py:131] === Checking the job status... ===
I 03-17 19:50:34 utils.py:137] Job status: JobStatus.RUNNING
I 03-17 19:50:34 utils.py:140] ==================================
I 03-17 19:50:54 utils.py:131] === Checking the job status... ===
I 03-17 19:50:55 utils.py:137] Job status: JobStatus.RUNNING
I 03-17 19:50:55 utils.py:140] ==================================
I 03-17 19:51:15 utils.py:131] === Checking the job status... ===
I 03-17 19:51:15 utils.py:137] Job status: JobStatus.RUNNING
I 03-17 19:51:15 utils.py:140] ==================================
I 03-17 19:51:35 utils.py:131] === Checking the job status... ===
I 03-17 19:51:36 utils.py:137] Job status: JobStatus.RUNNING
I 03-17 19:51:36 utils.py:140] ==================================
I 03-17 19:51:56 utils.py:131] === Checking the job status... ===
I 03-17 19:51:57 utils.py:137] Job status: JobStatus.RUNNING
I 03-17 19:51:57 utils.py:140] ==================================
I 03-17 19:52:17 utils.py:131] === Checking the job status... ===
I 03-17 19:52:17 utils.py:137] Job status: JobStatus.RUNNING
I 03-17 19:52:17 utils.py:140] ==================================
I 03-17 19:52:38 utils.py:131] === Checking the job status... ===
I 03-17 19:52:38 utils.py:137] Job status: JobStatus.RUNNING
I 03-17 19:52:38 utils.py:140] ==================================
I 03-17 19:52:58 utils.py:131] === Checking the job status... ===
I 03-17 19:52:59 utils.py:137] Job status: JobStatus.RUNNING
I 03-17 19:52:59 utils.py:140] ==================================
I 03-17 19:53:19 utils.py:131] === Checking the job status... ===
I 03-17 19:53:20 utils.py:137] Job status: JobStatus.RUNNING
I 03-17 19:53:20 utils.py:140] ==================================
I 03-17 19:53:36 controller.py:543] Cancelling managed job, job_id: 4, task_id: 0
I 03-17 19:53:36 state.py:653] Cancelling the job...
I 03-17 19:53:36 controller.py:552] Killing controller process 15545.
I 03-17 19:53:36 controller.py:560] Controller process 15545 killed.
I 03-17 19:53:36 controller.py:562] Cleaning up any cluster for job 4.
I 03-17 19:53:43 storage.py:699] Verifying bucket for storage skypilot-filemounts-root-726f1974-4p9a0g0g
<sky-payload>"<rich_init>[bold cyan]Deleting S3 bucket [green]skypilot-filemounts-root-726f1974-4p9a0g0g[/][/]</rich_init>"</sky-payload>
<sky-payload>"<rich_update>[bold cyan]Deleting S3 bucket [green]skypilot-filemounts-root-726f1974-4p9a0g0g[/][/]</rich_update>"</sky-payload>
<sky-payload>"<rich_start>[bold cyan]Deleting S3 bucket [green]skypilot-filemounts-root-726f1974-4p9a0g0g[/][/]</rich_start>"</sky-payload>
<sky-payload>"<rich_exit></rich_exit>"</sky-payload>
I 03-17 19:53:49 storage.py:1505] [32mDeleted S3 bucket skypilot-filemounts-root-726f1974-4p9a0g0g.[0m
I 03-17 19:53:49 controller.py:571] Cluster of managed job 4 has been cleaned up.
I 03-17 19:53:49 state.py:674] Job cancelled.
