I 03-17 18:31:32 controller.py:59] DAG:
I 03-17 18:31:32 controller.py:59] [Task<name=compute-text-vectors>(run='# Initialize and dow...')
I 03-17 18:31:32 controller.py:59]   resources: AWS(cpus=4, {'L4': 1}, region=ap-northeast-2)]
I 03-17 18:31:32 controller.py:195] Submitted managed job 5 (task: 0, name: 'compute-text-vectors'); SKYPILOT_TASK_ID: sky-managed-2025-03-17-18-31-32-684200_compute-text-vectors_5-0
I 03-17 18:31:32 controller.py:199] Started monitoring.
I 03-17 18:31:32 state.py:451] Launching the spot cluster...
<sky-payload>"<rich_init>[bold cyan]AWS: Fetching availability zones mapping[/]</rich_init>"</sky-payload>
<sky-payload>"<rich_update>[bold cyan]AWS: Fetching availability zones mapping[/]</rich_update>"</sky-payload>
<sky-payload>"<rich_start>[bold cyan]AWS: Fetching availability zones mapping[/]</rich_start>"</sky-payload>
<sky-payload>"<rich_exit></rich_exit>"</sky-payload>
<sky-payload>"<rich_init>Checking AWS...</rich_init>"</sky-payload>
<sky-payload>"<rich_update>Checking AWS...</rich_update>"</sky-payload>
<sky-payload>"<rich_start>Checking AWS...</rich_start>"</sky-payload>
<sky-payload>"<rich_exit></rich_exit>"</sky-payload>
<sky-payload>"<rich_init>Checking Azure...</rich_init>"</sky-payload>
<sky-payload>"<rich_update>Checking Azure...</rich_update>"</sky-payload>
<sky-payload>"<rich_start>Checking Azure...</rich_start>"</sky-payload>
<sky-payload>"<rich_exit></rich_exit>"</sky-payload>
<sky-payload>"<rich_init>Checking Cloudflare (for R2 object store)...</rich_init>"</sky-payload>
<sky-payload>"<rich_update>Checking Cloudflare (for R2 object store)...</rich_update>"</sky-payload>
<sky-payload>"<rich_start>Checking Cloudflare (for R2 object store)...</rich_start>"</sky-payload>
<sky-payload>"<rich_exit></rich_exit>"</sky-payload>
<sky-payload>"<rich_init>Checking Cudo...</rich_init>"</sky-payload>
<sky-payload>"<rich_update>Checking Cudo...</rich_update>"</sky-payload>
<sky-payload>"<rich_start>Checking Cudo...</rich_start>"</sky-payload>
<sky-payload>"<rich_exit></rich_exit>"</sky-payload>
<sky-payload>"<rich_init>Checking DO...</rich_init>"</sky-payload>
<sky-payload>"<rich_update>Checking DO...</rich_update>"</sky-payload>
<sky-payload>"<rich_start>Checking DO...</rich_start>"</sky-payload>
<sky-payload>"<rich_exit></rich_exit>"</sky-payload>
<sky-payload>"<rich_init>Checking Fluidstack...</rich_init>"</sky-payload>
<sky-payload>"<rich_update>Checking Fluidstack...</rich_update>"</sky-payload>
<sky-payload>"<rich_start>Checking Fluidstack...</rich_start>"</sky-payload>
<sky-payload>"<rich_exit></rich_exit>"</sky-payload>
<sky-payload>"<rich_init>Checking GCP...</rich_init>"</sky-payload>
<sky-payload>"<rich_update>Checking GCP...</rich_update>"</sky-payload>
<sky-payload>"<rich_start>Checking GCP...</rich_start>"</sky-payload>
<sky-payload>"<rich_exit></rich_exit>"</sky-payload>
<sky-payload>"<rich_init>Checking IBM...</rich_init>"</sky-payload>
<sky-payload>"<rich_update>Checking IBM...</rich_update>"</sky-payload>
<sky-payload>"<rich_start>Checking IBM...</rich_start>"</sky-payload>
<sky-payload>"<rich_exit></rich_exit>"</sky-payload>
<sky-payload>"<rich_init>Checking Kubernetes...</rich_init>"</sky-payload>
<sky-payload>"<rich_update>Checking Kubernetes...</rich_update>"</sky-payload>
<sky-payload>"<rich_start>Checking Kubernetes...</rich_start>"</sky-payload>
<sky-payload>"<rich_exit></rich_exit>"</sky-payload>
<sky-payload>"<rich_init>Checking Lambda...</rich_init>"</sky-payload>
<sky-payload>"<rich_update>Checking Lambda...</rich_update>"</sky-payload>
<sky-payload>"<rich_start>Checking Lambda...</rich_start>"</sky-payload>
<sky-payload>"<rich_exit></rich_exit>"</sky-payload>
<sky-payload>"<rich_init>Checking Nebius...</rich_init>"</sky-payload>
<sky-payload>"<rich_update>Checking Nebius...</rich_update>"</sky-payload>
<sky-payload>"<rich_start>Checking Nebius...</rich_start>"</sky-payload>
<sky-payload>"<rich_exit></rich_exit>"</sky-payload>
<sky-payload>"<rich_init>Checking OCI...</rich_init>"</sky-payload>
<sky-payload>"<rich_update>Checking OCI...</rich_update>"</sky-payload>
<sky-payload>"<rich_start>Checking OCI...</rich_start>"</sky-payload>
<sky-payload>"<rich_exit></rich_exit>"</sky-payload>
<sky-payload>"<rich_init>Checking Paperspace...</rich_init>"</sky-payload>
<sky-payload>"<rich_update>Checking Paperspace...</rich_update>"</sky-payload>
<sky-payload>"<rich_start>Checking Paperspace...</rich_start>"</sky-payload>
<sky-payload>"<rich_exit></rich_exit>"</sky-payload>
<sky-payload>"<rich_init>Checking RunPod...</rich_init>"</sky-payload>
<sky-payload>"<rich_update>Checking RunPod...</rich_update>"</sky-payload>
<sky-payload>"<rich_start>Checking RunPod...</rich_start>"</sky-payload>
<sky-payload>"<rich_exit></rich_exit>"</sky-payload>
<sky-payload>"<rich_init>Checking SCP...</rich_init>"</sky-payload>
<sky-payload>"<rich_update>Checking SCP...</rich_update>"</sky-payload>
<sky-payload>"<rich_start>Checking SCP...</rich_start>"</sky-payload>
<sky-payload>"<rich_exit></rich_exit>"</sky-payload>
<sky-payload>"<rich_init>Checking Vast...</rich_init>"</sky-payload>
<sky-payload>"<rich_update>Checking Vast...</rich_update>"</sky-payload>
<sky-payload>"<rich_start>Checking Vast...</rich_start>"</sky-payload>
<sky-payload>"<rich_exit></rich_exit>"</sky-payload>
<sky-payload>"<rich_init>Checking vSphere...</rich_init>"</sky-payload>
<sky-payload>"<rich_update>Checking vSphere...</rich_update>"</sky-payload>
<sky-payload>"<rich_start>Checking vSphere...</rich_start>"</sky-payload>
<sky-payload>"<rich_exit></rich_exit>"</sky-payload>
I 03-17 18:31:41 storage.py:1058] Storage type StoreType.S3 already exists.
<sky-payload>"<rich_init>[bold cyan]Optimizing[/]</rich_init>"</sky-payload>
<sky-payload>"<rich_update>[bold cyan]Optimizing[/]</rich_update>"</sky-payload>
<sky-payload>"<rich_start>[bold cyan]Optimizing[/]</rich_start>"</sky-payload>
I 03-17 18:31:42 optimizer.py:749] [1mEstimated cost: [0m$1.0 / hour
I 03-17 18:31:42 optimizer.py:749] 
I 03-17 18:31:42 optimizer.py:884] Considered resources (1 node):
I 03-17 18:31:42 optimizer.py:952] -------------------------------------------------------------------------------------------
I 03-17 18:31:42 optimizer.py:952]  CLOUD   INSTANCE    vCPUs   Mem(GB)   ACCELERATORS   REGION/ZONE      COST ($)   CHOSEN   
I 03-17 18:31:42 optimizer.py:952] -------------------------------------------------------------------------------------------
I 03-17 18:31:42 optimizer.py:952]  AWS     g6.xlarge   4       16        L4:1           ap-northeast-2   0.99       [32m   ✔[0m     
I 03-17 18:31:42 optimizer.py:952] -------------------------------------------------------------------------------------------
<sky-payload>"<rich_exit></rich_exit>"</sky-payload>
<sky-payload>"<rich_init>[bold cyan]Launching[/]</rich_init>"</sky-payload>
<sky-payload>"<rich_update>[bold cyan]Launching[/]</rich_update>"</sky-payload>
<sky-payload>"<rich_start>[bold cyan]Launching[/]</rich_start>"</sky-payload>
<sky-payload>"<rich_update>[bold cyan]Launching[/]  \u001b[2mView logs: sky api logs -l sky-2025-03-17-18-31-42-158115/provision.log\u001b[0m</rich_update>"</sky-payload>
<sky-payload>"<rich_update>[bold cyan]Launching[/]  \u001b[2mView logs: sky api logs -l sky-2025-03-17-18-31-42-158115/provision.log\u001b[0m</rich_update>"</sky-payload>
I 03-17 18:31:46 cloud_vm_ray_backend.py:1520] [0m⚙︎ Launching on AWS ap-northeast-2[0m (ap-northeast-2a,ap-northeast-2d).
[2mW 03-17 18:31:48 config.py:590] sky-sg-ubuntu-fba4 already exists when creating.[0m
W 03-17 18:31:49 cloud_vm_ray_backend.py:2061] sky.exceptions.ResourcesUnavailableError: Failed to acquire resources in all zones in ap-northeast-2 for {AWS(cpus=4, {'L4': 1})}. 
W 03-17 18:31:49 cloud_vm_ray_backend.py:2097] 
W 03-17 18:31:49 cloud_vm_ray_backend.py:2097] [0m[33m↺[0m Trying other potential resources.
<sky-payload>"<rich_update>[bold cyan]Looking for resources[/]  \u001b[2mView logs: sky api logs -l sky-2025-03-17-18-31-42-158115/provision.log\u001b[0m</rich_update>"</sky-payload>
<sky-payload>"<rich_update>[bold cyan]Optimizing[/]</rich_update>"</sky-payload>
<sky-payload>"<rich_start>[bold cyan]Launching[/]</rich_start>"</sky-payload>
<sky-payload>"<rich_update>[bold cyan]Looking for resources[/]  \u001b[2mView logs: sky api logs -l sky-2025-03-17-18-31-42-158115/provision.log\u001b[0m</rich_update>"</sky-payload>
E 03-17 18:31:49 cloud_vm_ray_backend.py:2904] [0m[31m⨯[0m Failed to provision resources. [2mView logs: sky api logs -l sky-2025-03-17-18-31-42-158115/provision.log[0m
<sky-payload>"<rich_exit></rich_exit>"</sky-payload>

[?25hI 03-17 18:31:50 recovery_strategy.py:326] Failed to launch a cluster with error: sky.exceptions.ResourcesUnavailableError: [31mFailed to provision all possible launchable resources.[0m Relax the task's resource requirements: 1x AWS(cpus=4, {'L4': 1})
I 03-17 18:31:50 recovery_strategy.py:326] To keep retrying until the cluster is up, use the `--retry-until-up` flag.
I 03-17 18:31:50 recovery_strategy.py:326] Reasons for provision failures (for details, please check the log above):
I 03-17 18:31:50 recovery_strategy.py:326] Resource          Reason                                                     
I 03-17 18:31:50 recovery_strategy.py:326] AWS(g6.xlarge,    Failed to acquire resources in all zones in ap-            
I 03-17 18:31:50 recovery_strategy.py:326] {'L4': 1})        northeast-2 for {AWS(cpus=4, {'L4': 1})}.                  )
I 03-17 18:31:50 recovery_strategy.py:364] Retrying to launch the cluster in 61.6 seconds.
I 03-17 18:32:52 storage.py:699] Verifying bucket for storage skypilot-filemounts-root-726f1974-9r586a1b
<sky-payload>"<rich_init>[bold cyan]Optimizing[/]</rich_init>"</sky-payload>
<sky-payload>"<rich_update>[bold cyan]Optimizing[/]</rich_update>"</sky-payload>
<sky-payload>"<rich_start>[bold cyan]Optimizing[/]</rich_start>"</sky-payload>
I 03-17 18:32:53 optimizer.py:749] [1mEstimated cost: [0m$1.0 / hour
I 03-17 18:32:53 optimizer.py:749] 
I 03-17 18:32:53 optimizer.py:884] Considered resources (1 node):
I 03-17 18:32:53 optimizer.py:952] -------------------------------------------------------------------------------------------
I 03-17 18:32:53 optimizer.py:952]  CLOUD   INSTANCE    vCPUs   Mem(GB)   ACCELERATORS   REGION/ZONE      COST ($)   CHOSEN   
I 03-17 18:32:53 optimizer.py:952] -------------------------------------------------------------------------------------------
I 03-17 18:32:53 optimizer.py:952]  AWS     g6.xlarge   4       16        L4:1           ap-northeast-2   0.99       [32m   ✔[0m     
I 03-17 18:32:53 optimizer.py:952] -------------------------------------------------------------------------------------------
<sky-payload>"<rich_exit></rich_exit>"</sky-payload>
<sky-payload>"<rich_init>[bold cyan]Launching[/]</rich_init>"</sky-payload>
<sky-payload>"<rich_update>[bold cyan]Launching[/]</rich_update>"</sky-payload>
<sky-payload>"<rich_start>[bold cyan]Launching[/]</rich_start>"</sky-payload>
<sky-payload>"<rich_update>[bold cyan]Launching[/]  \u001b[2mView logs: sky api logs -l sky-2025-03-17-18-32-53-803372/provision.log\u001b[0m</rich_update>"</sky-payload>
<sky-payload>"<rich_update>[bold cyan]Launching[/]  \u001b[2mView logs: sky api logs -l sky-2025-03-17-18-32-53-803372/provision.log\u001b[0m</rich_update>"</sky-payload>
I 03-17 18:32:53 cloud_vm_ray_backend.py:1520] [0m⚙︎ Launching on AWS ap-northeast-2[0m (ap-northeast-2a,ap-northeast-2d).
[2mW 03-17 18:32:58 instance.py:243] create_instances: Attempt failed with An error occurred (InsufficientInstanceCapacity) when calling the RunInstances operation (reached max retries: 0): We currently do not have sufficient g6.xlarge capacity in the Availability Zone you requested (ap-northeast-2a). Our system will be working on provisioning additional capacity. You can currently get g6.xlarge capacity by not specifying an Availability Zone in your request or choosing ap-northeast-2d.[0m
<sky-payload>"<rich_update>[bold cyan]Launching - Checking instance status[/]  \u001b[2mView logs: sky api logs -l sky-2025-03-17-18-32-53-803372/provision.log\u001b[0m</rich_update>"</sky-payload>
<sky-payload>"<rich_update>[bold cyan]Launching - Waiting for SSH access[/]  \u001b[2mView logs: sky api logs -l sky-2025-03-17-18-32-53-803372/provision.log\u001b[0m</rich_update>"</sky-payload>
<sky-payload>"<rich_start>[bold cyan]Launching[/]</rich_start>"</sky-payload>
I 03-17 18:33:28 provisioner.py:451] [2m└── [0m[2mInstance is up.[0m
<sky-payload>"<rich_update>[bold cyan]Preparing SkyPilot runtime (1/3 - initializing)[/]  \u001b[2mView logs: sky api logs -l sky-2025-03-17-18-32-53-803372/provision.log\u001b[0m</rich_update>"</sky-payload>
<sky-payload>"<rich_update>[bold cyan]Preparing SkyPilot runtime (2/3 - dependencies)[/]  \u001b[2mView logs: sky api logs -l sky-2025-03-17-18-32-53-803372/provision.log\u001b[0m</rich_update>"</sky-payload>
<sky-payload>"<rich_update>[bold cyan]Preparing SkyPilot runtime (3/3 - runtime)[/]  \u001b[2mView logs: sky api logs -l sky-2025-03-17-18-32-53-803372/provision.log\u001b[0m</rich_update>"</sky-payload>
<sky-payload>"<rich_update>[bold cyan]Launching - Checking instance status[/]  \u001b[2mView logs: sky api logs -l sky-2025-03-17-18-32-53-803372/provision.log\u001b[0m</rich_update>"</sky-payload>
I 03-17 18:33:50 provisioner.py:632] [0m[32m✓ Cluster launched: compute-text-vectors-5.[0m  [2mView logs: sky api logs -l sky-2025-03-17-18-32-53-803372/provision.log[0m
<sky-payload>"<rich_exit></rich_exit>"</sky-payload>
I 03-17 18:33:50 execution.py:332] [0m⚙︎ Syncing files.
<sky-payload>"<rich_init>[bold cyan]Syncing files[/]</rich_init>"</sky-payload>
<sky-payload>"<rich_update>[bold cyan]Syncing files[/]</rich_update>"</sky-payload>
<sky-payload>"<rich_start>[bold cyan]Syncing files[/]</rich_start>"</sky-payload>
<sky-payload>"<rich_update>[bold cyan]Syncing file mounts[/]  \u001b[2mView logs: sky api logs -l sky-2025-03-17-18-32-53-803372/file_mounts.log\u001b[0m</rich_update>"</sky-payload>
I 03-17 18:33:51 backend_utils.py:1315]   [2mSyncing (to 1 node): s3://skypilot-filemounts-root-726f1974-9r586a1b/job-9r586a1b/workdir -> ~/sky_workdir[0m
I 03-17 18:33:54 cloud_vm_ray_backend.py:4801] [0m[32m✓ Synced file_mounts.[0m  [2mView logs: sky api logs -l sky-2025-03-17-18-32-53-803372/file_mounts.log[0m
<sky-payload>"<rich_update>[bold cyan]Mounting 1 storage[/]  \u001b[2mView logs: sky api logs -l sky-2025-03-17-18-32-53-803372/storage_mounts.log\u001b[0m</rich_update>"</sky-payload>
I 03-17 18:33:54 backend_utils.py:1315]   [2mMounting (to 1 node): s3://sky-text-embeddings-single-cluster-final -> /output[0m
I 03-17 18:33:57 cloud_vm_ray_backend.py:4892] [0m[32m✓ Storage mounted.[0m  [2mView logs: sky api logs -l sky-2025-03-17-18-32-53-803372/storage_mounts.log[0m
<sky-payload>"<rich_exit></rich_exit>"</sky-payload>
<sky-payload>"<rich_init>[bold cyan]Running setup[/]</rich_init>"</sky-payload>
<sky-payload>"<rich_update>[bold cyan]Running setup[/]</rich_update>"</sky-payload>
<sky-payload>"<rich_start>[bold cyan]Running setup[/]</rich_start>"</sky-payload>
<sky-payload>"<rich_stop></rich_stop>"</sky-payload>
I 03-17 18:33:58 cloud_vm_ray_backend.py:3357] [0m[32m✓ Setup detached.[0m
<sky-payload>"<rich_exit></rich_exit>"</sky-payload>
<sky-payload>"<rich_init>[bold cyan]Submitting job[/]</rich_init>"</sky-payload>
<sky-payload>"<rich_update>[bold cyan]Submitting job[/]</rich_update>"</sky-payload>
<sky-payload>"<rich_start>[bold cyan]Submitting job[/]</rich_start>"</sky-payload>
I 03-17 18:34:00 cloud_vm_ray_backend.py:3460] [0m⚙︎ Job submitted, ID: 1
<sky-payload>"<rich_stop></rich_stop>"</sky-payload>
<sky-payload>"<rich_exit></rich_exit>"</sky-payload>

[?25hI 03-17 18:34:00 recovery_strategy.py:289] Managed job cluster launched.
I 03-17 18:34:03 utils.py:131] === Checking the job status... ===
I 03-17 18:34:03 utils.py:137] Job status: JobStatus.SETTING_UP
I 03-17 18:34:03 utils.py:140] ==================================
I 03-17 18:34:04 state.py:471] Job started.
I 03-17 18:34:24 utils.py:131] === Checking the job status... ===
I 03-17 18:34:25 utils.py:137] Job status: JobStatus.SETTING_UP
I 03-17 18:34:25 utils.py:140] ==================================
I 03-17 18:34:45 utils.py:131] === Checking the job status... ===
I 03-17 18:34:46 utils.py:137] Job status: JobStatus.SETTING_UP
I 03-17 18:34:46 utils.py:140] ==================================
I 03-17 18:35:06 utils.py:131] === Checking the job status... ===
I 03-17 18:35:06 utils.py:137] Job status: JobStatus.SETTING_UP
I 03-17 18:35:06 utils.py:140] ==================================
I 03-17 18:35:26 utils.py:131] === Checking the job status... ===
I 03-17 18:35:27 utils.py:137] Job status: JobStatus.SETTING_UP
I 03-17 18:35:27 utils.py:140] ==================================
I 03-17 18:35:47 utils.py:131] === Checking the job status... ===
I 03-17 18:35:48 utils.py:137] Job status: JobStatus.SETTING_UP
I 03-17 18:35:48 utils.py:140] ==================================
I 03-17 18:36:08 utils.py:131] === Checking the job status... ===
I 03-17 18:36:09 utils.py:137] Job status: JobStatus.RUNNING
I 03-17 18:36:09 utils.py:140] ==================================
I 03-17 18:36:29 utils.py:131] === Checking the job status... ===
I 03-17 18:36:29 utils.py:137] Job status: JobStatus.RUNNING
I 03-17 18:36:29 utils.py:140] ==================================
I 03-17 18:36:49 utils.py:131] === Checking the job status... ===
I 03-17 18:36:50 utils.py:137] Job status: JobStatus.RUNNING
I 03-17 18:36:50 utils.py:140] ==================================
I 03-17 18:37:10 utils.py:131] === Checking the job status... ===
I 03-17 18:37:11 utils.py:137] Job status: JobStatus.RUNNING
I 03-17 18:37:11 utils.py:140] ==================================
I 03-17 18:37:31 utils.py:131] === Checking the job status... ===
I 03-17 18:37:32 utils.py:137] Job status: JobStatus.RUNNING
I 03-17 18:37:32 utils.py:140] ==================================
I 03-17 18:37:52 utils.py:131] === Checking the job status... ===
I 03-17 18:37:52 utils.py:137] Job status: JobStatus.RUNNING
I 03-17 18:37:52 utils.py:140] ==================================
I 03-17 18:38:13 utils.py:131] === Checking the job status... ===
I 03-17 18:38:13 utils.py:137] Job status: JobStatus.RUNNING
I 03-17 18:38:13 utils.py:140] ==================================
I 03-17 18:38:33 utils.py:131] === Checking the job status... ===
I 03-17 18:38:34 utils.py:137] Job status: JobStatus.RUNNING
I 03-17 18:38:34 utils.py:140] ==================================
I 03-17 18:38:54 utils.py:131] === Checking the job status... ===
I 03-17 18:38:55 utils.py:137] Job status: JobStatus.RUNNING
I 03-17 18:38:55 utils.py:140] ==================================
I 03-17 18:39:15 utils.py:131] === Checking the job status... ===
I 03-17 18:39:16 utils.py:137] Job status: JobStatus.RUNNING
I 03-17 18:39:16 utils.py:140] ==================================
I 03-17 18:39:36 utils.py:131] === Checking the job status... ===
I 03-17 18:39:36 utils.py:137] Job status: JobStatus.RUNNING
I 03-17 18:39:36 utils.py:140] ==================================
I 03-17 18:39:56 utils.py:131] === Checking the job status... ===
I 03-17 18:39:59 utils.py:137] Job status: JobStatus.RUNNING
I 03-17 18:39:59 utils.py:140] ==================================
I 03-17 18:40:19 utils.py:131] === Checking the job status... ===
I 03-17 18:40:22 utils.py:137] Job status: JobStatus.RUNNING
I 03-17 18:40:22 utils.py:140] ==================================
I 03-17 18:40:42 utils.py:131] === Checking the job status... ===
I 03-17 18:40:43 utils.py:137] Job status: JobStatus.RUNNING
I 03-17 18:40:43 utils.py:140] ==================================
I 03-17 18:41:04 utils.py:131] === Checking the job status... ===
I 03-17 18:41:04 utils.py:137] Job status: JobStatus.RUNNING
I 03-17 18:41:04 utils.py:140] ==================================
I 03-17 18:41:24 utils.py:131] === Checking the job status... ===
I 03-17 18:41:25 utils.py:137] Job status: JobStatus.RUNNING
I 03-17 18:41:25 utils.py:140] ==================================
I 03-17 18:41:45 utils.py:131] === Checking the job status... ===
I 03-17 18:41:46 utils.py:137] Job status: JobStatus.RUNNING
I 03-17 18:41:46 utils.py:140] ==================================
I 03-17 18:42:06 utils.py:131] === Checking the job status... ===
I 03-17 18:42:06 utils.py:137] Job status: JobStatus.RUNNING
I 03-17 18:42:06 utils.py:140] ==================================
I 03-17 18:42:27 utils.py:131] === Checking the job status... ===
I 03-17 18:42:27 utils.py:137] Job status: JobStatus.RUNNING
I 03-17 18:42:27 utils.py:140] ==================================
I 03-17 18:42:47 utils.py:131] === Checking the job status... ===
I 03-17 18:42:48 utils.py:137] Job status: JobStatus.RUNNING
I 03-17 18:42:48 utils.py:140] ==================================
I 03-17 18:43:08 utils.py:131] === Checking the job status... ===
I 03-17 18:43:09 utils.py:137] Job status: JobStatus.RUNNING
I 03-17 18:43:09 utils.py:140] ==================================
I 03-17 18:43:29 utils.py:131] === Checking the job status... ===
I 03-17 18:43:29 utils.py:137] Job status: JobStatus.RUNNING
I 03-17 18:43:29 utils.py:140] ==================================
I 03-17 18:43:49 utils.py:131] === Checking the job status... ===
I 03-17 18:43:50 utils.py:137] Job status: JobStatus.RUNNING
I 03-17 18:43:50 utils.py:140] ==================================
I 03-17 18:44:10 utils.py:131] === Checking the job status... ===
I 03-17 18:44:11 utils.py:137] Job status: JobStatus.RUNNING
I 03-17 18:44:11 utils.py:140] ==================================
I 03-17 18:44:31 utils.py:131] === Checking the job status... ===
I 03-17 18:44:32 utils.py:137] Job status: JobStatus.RUNNING
I 03-17 18:44:32 utils.py:140] ==================================
I 03-17 18:44:52 utils.py:131] === Checking the job status... ===
I 03-17 18:44:52 utils.py:137] Job status: JobStatus.RUNNING
I 03-17 18:44:52 utils.py:140] ==================================
I 03-17 18:45:12 utils.py:131] === Checking the job status... ===
I 03-17 18:45:13 utils.py:137] Job status: JobStatus.RUNNING
I 03-17 18:45:13 utils.py:140] ==================================
I 03-17 18:45:33 utils.py:131] === Checking the job status... ===
I 03-17 18:45:34 utils.py:137] Job status: JobStatus.RUNNING
I 03-17 18:45:34 utils.py:140] ==================================
I 03-17 18:45:54 utils.py:131] === Checking the job status... ===
I 03-17 18:45:55 utils.py:137] Job status: JobStatus.RUNNING
I 03-17 18:45:55 utils.py:140] ==================================
I 03-17 18:46:15 utils.py:131] === Checking the job status... ===
I 03-17 18:46:15 utils.py:137] Job status: JobStatus.RUNNING
I 03-17 18:46:15 utils.py:140] ==================================
I 03-17 18:46:35 utils.py:131] === Checking the job status... ===
I 03-17 18:46:36 utils.py:137] Job status: JobStatus.RUNNING
I 03-17 18:46:36 utils.py:140] ==================================
I 03-17 18:46:56 utils.py:131] === Checking the job status... ===
I 03-17 18:46:57 utils.py:137] Job status: JobStatus.RUNNING
I 03-17 18:46:57 utils.py:140] ==================================
I 03-17 18:47:17 utils.py:131] === Checking the job status... ===
I 03-17 18:47:17 utils.py:137] Job status: JobStatus.RUNNING
I 03-17 18:47:17 utils.py:140] ==================================
I 03-17 18:47:38 utils.py:131] === Checking the job status... ===
I 03-17 18:47:38 utils.py:137] Job status: JobStatus.RUNNING
I 03-17 18:47:38 utils.py:140] ==================================
I 03-17 18:47:58 utils.py:131] === Checking the job status... ===
I 03-17 18:47:59 utils.py:137] Job status: JobStatus.RUNNING
I 03-17 18:47:59 utils.py:140] ==================================
I 03-17 18:48:19 utils.py:131] === Checking the job status... ===
I 03-17 18:48:20 utils.py:137] Job status: JobStatus.RUNNING
I 03-17 18:48:20 utils.py:140] ==================================
I 03-17 18:48:40 utils.py:131] === Checking the job status... ===
I 03-17 18:48:40 utils.py:137] Job status: JobStatus.RUNNING
I 03-17 18:48:40 utils.py:140] ==================================
I 03-17 18:49:01 utils.py:131] === Checking the job status... ===
I 03-17 18:49:01 utils.py:137] Job status: JobStatus.RUNNING
I 03-17 18:49:01 utils.py:140] ==================================
I 03-17 18:49:21 utils.py:131] === Checking the job status... ===
I 03-17 18:49:22 utils.py:137] Job status: JobStatus.RUNNING
I 03-17 18:49:22 utils.py:140] ==================================
I 03-17 18:49:42 utils.py:131] === Checking the job status... ===
I 03-17 18:49:43 utils.py:137] Job status: JobStatus.RUNNING
I 03-17 18:49:43 utils.py:140] ==================================
I 03-17 18:50:03 utils.py:131] === Checking the job status... ===
I 03-17 18:50:03 utils.py:137] Job status: JobStatus.RUNNING
I 03-17 18:50:03 utils.py:140] ==================================
I 03-17 18:50:23 utils.py:131] === Checking the job status... ===
I 03-17 18:50:24 utils.py:137] Job status: JobStatus.RUNNING
I 03-17 18:50:24 utils.py:140] ==================================
I 03-17 18:50:44 utils.py:131] === Checking the job status... ===
I 03-17 18:50:45 utils.py:137] Job status: JobStatus.RUNNING
I 03-17 18:50:45 utils.py:140] ==================================
I 03-17 18:51:05 utils.py:131] === Checking the job status... ===
I 03-17 18:51:05 utils.py:137] Job status: JobStatus.RUNNING
I 03-17 18:51:05 utils.py:140] ==================================
I 03-17 18:51:26 utils.py:131] === Checking the job status... ===
I 03-17 18:51:26 utils.py:137] Job status: JobStatus.RUNNING
I 03-17 18:51:26 utils.py:140] ==================================
I 03-17 18:51:46 utils.py:131] === Checking the job status... ===
I 03-17 18:51:47 utils.py:137] Job status: JobStatus.RUNNING
I 03-17 18:51:47 utils.py:140] ==================================
I 03-17 18:52:07 utils.py:131] === Checking the job status... ===
I 03-17 18:52:08 utils.py:137] Job status: JobStatus.RUNNING
I 03-17 18:52:08 utils.py:140] ==================================
I 03-17 18:52:28 utils.py:131] === Checking the job status... ===
I 03-17 18:52:28 utils.py:137] Job status: JobStatus.RUNNING
I 03-17 18:52:28 utils.py:140] ==================================
I 03-17 18:52:49 utils.py:131] === Checking the job status... ===
I 03-17 18:52:49 utils.py:137] Job status: JobStatus.RUNNING
I 03-17 18:52:49 utils.py:140] ==================================
I 03-17 18:53:09 utils.py:131] === Checking the job status... ===
I 03-17 18:53:10 utils.py:137] Job status: JobStatus.RUNNING
I 03-17 18:53:10 utils.py:140] ==================================
I 03-17 18:53:30 utils.py:131] === Checking the job status... ===
I 03-17 18:53:31 utils.py:137] Job status: JobStatus.RUNNING
I 03-17 18:53:31 utils.py:140] ==================================
I 03-17 18:53:51 utils.py:131] === Checking the job status... ===
I 03-17 18:53:51 utils.py:137] Job status: JobStatus.RUNNING
I 03-17 18:53:51 utils.py:140] ==================================
I 03-17 18:54:11 utils.py:131] === Checking the job status... ===
I 03-17 18:54:12 utils.py:137] Job status: JobStatus.RUNNING
I 03-17 18:54:12 utils.py:140] ==================================
I 03-17 18:54:32 utils.py:131] === Checking the job status... ===
I 03-17 18:54:33 utils.py:137] Job status: JobStatus.RUNNING
I 03-17 18:54:33 utils.py:140] ==================================
I 03-17 18:54:53 utils.py:131] === Checking the job status... ===
I 03-17 18:54:54 utils.py:137] Job status: JobStatus.RUNNING
I 03-17 18:54:54 utils.py:140] ==================================
I 03-17 18:55:14 utils.py:131] === Checking the job status... ===
I 03-17 18:55:14 utils.py:137] Job status: JobStatus.RUNNING
I 03-17 18:55:14 utils.py:140] ==================================
I 03-17 18:55:34 utils.py:131] === Checking the job status... ===
I 03-17 18:55:35 utils.py:137] Job status: JobStatus.RUNNING
I 03-17 18:55:35 utils.py:140] ==================================
I 03-17 18:55:55 utils.py:131] === Checking the job status... ===
I 03-17 18:55:56 utils.py:137] Job status: JobStatus.RUNNING
I 03-17 18:55:56 utils.py:140] ==================================
I 03-17 18:56:16 utils.py:131] === Checking the job status... ===
I 03-17 18:56:16 utils.py:137] Job status: JobStatus.RUNNING
I 03-17 18:56:16 utils.py:140] ==================================
I 03-17 18:56:37 utils.py:131] === Checking the job status... ===
I 03-17 18:56:37 utils.py:137] Job status: JobStatus.RUNNING
I 03-17 18:56:37 utils.py:140] ==================================
I 03-17 18:56:57 utils.py:131] === Checking the job status... ===
I 03-17 18:56:58 utils.py:137] Job status: JobStatus.RUNNING
I 03-17 18:56:58 utils.py:140] ==================================
I 03-17 18:57:18 utils.py:131] === Checking the job status... ===
I 03-17 18:57:19 utils.py:137] Job status: JobStatus.RUNNING
I 03-17 18:57:19 utils.py:140] ==================================
I 03-17 18:57:39 utils.py:131] === Checking the job status... ===
I 03-17 18:57:39 utils.py:137] Job status: JobStatus.RUNNING
I 03-17 18:57:39 utils.py:140] ==================================
I 03-17 18:58:00 utils.py:131] === Checking the job status... ===
I 03-17 18:58:00 utils.py:137] Job status: JobStatus.RUNNING
I 03-17 18:58:00 utils.py:140] ==================================
I 03-17 18:58:20 utils.py:131] === Checking the job status... ===
I 03-17 18:58:21 utils.py:137] Job status: JobStatus.RUNNING
I 03-17 18:58:21 utils.py:140] ==================================
I 03-17 18:58:41 utils.py:131] === Checking the job status... ===
I 03-17 18:58:42 utils.py:137] Job status: JobStatus.RUNNING
I 03-17 18:58:42 utils.py:140] ==================================
I 03-17 18:59:02 utils.py:131] === Checking the job status... ===
I 03-17 18:59:02 utils.py:137] Job status: JobStatus.RUNNING
I 03-17 18:59:02 utils.py:140] ==================================
I 03-17 18:59:22 utils.py:131] === Checking the job status... ===
I 03-17 18:59:23 utils.py:137] Job status: JobStatus.RUNNING
I 03-17 18:59:23 utils.py:140] ==================================
I 03-17 18:59:43 utils.py:131] === Checking the job status... ===
I 03-17 18:59:44 utils.py:137] Job status: JobStatus.RUNNING
I 03-17 18:59:44 utils.py:140] ==================================
I 03-17 19:00:04 utils.py:131] === Checking the job status... ===
I 03-17 19:00:04 utils.py:137] Job status: JobStatus.RUNNING
I 03-17 19:00:04 utils.py:140] ==================================
I 03-17 19:00:25 utils.py:131] === Checking the job status... ===
I 03-17 19:00:25 utils.py:137] Job status: JobStatus.RUNNING
I 03-17 19:00:25 utils.py:140] ==================================
I 03-17 19:00:45 utils.py:131] === Checking the job status... ===
I 03-17 19:00:46 utils.py:137] Job status: JobStatus.RUNNING
I 03-17 19:00:46 utils.py:140] ==================================
I 03-17 19:01:06 utils.py:131] === Checking the job status... ===
I 03-17 19:01:07 utils.py:137] Job status: JobStatus.RUNNING
I 03-17 19:01:07 utils.py:140] ==================================
I 03-17 19:01:27 utils.py:131] === Checking the job status... ===
I 03-17 19:01:27 utils.py:137] Job status: JobStatus.RUNNING
I 03-17 19:01:27 utils.py:140] ==================================
I 03-17 19:01:48 utils.py:131] === Checking the job status... ===
I 03-17 19:01:48 utils.py:137] Job status: JobStatus.RUNNING
I 03-17 19:01:48 utils.py:140] ==================================
I 03-17 19:02:08 utils.py:131] === Checking the job status... ===
I 03-17 19:02:09 utils.py:137] Job status: JobStatus.RUNNING
I 03-17 19:02:09 utils.py:140] ==================================
I 03-17 19:02:29 utils.py:131] === Checking the job status... ===
I 03-17 19:02:30 utils.py:137] Job status: JobStatus.RUNNING
I 03-17 19:02:30 utils.py:140] ==================================
I 03-17 19:02:50 utils.py:131] === Checking the job status... ===
I 03-17 19:02:50 utils.py:137] Job status: JobStatus.RUNNING
I 03-17 19:02:50 utils.py:140] ==================================
I 03-17 19:03:10 utils.py:131] === Checking the job status... ===
I 03-17 19:03:11 utils.py:137] Job status: JobStatus.RUNNING
I 03-17 19:03:11 utils.py:140] ==================================
I 03-17 19:03:31 utils.py:131] === Checking the job status... ===
I 03-17 19:03:32 utils.py:137] Job status: JobStatus.RUNNING
I 03-17 19:03:32 utils.py:140] ==================================
I 03-17 19:03:52 utils.py:131] === Checking the job status... ===
I 03-17 19:03:52 utils.py:137] Job status: JobStatus.RUNNING
I 03-17 19:03:52 utils.py:140] ==================================
I 03-17 19:04:12 utils.py:131] === Checking the job status... ===
I 03-17 19:04:13 utils.py:137] Job status: JobStatus.RUNNING
I 03-17 19:04:13 utils.py:140] ==================================
I 03-17 19:04:33 utils.py:131] === Checking the job status... ===
I 03-17 19:04:34 utils.py:137] Job status: JobStatus.RUNNING
I 03-17 19:04:34 utils.py:140] ==================================
I 03-17 19:04:54 utils.py:131] === Checking the job status... ===
I 03-17 19:04:54 utils.py:137] Job status: JobStatus.RUNNING
I 03-17 19:04:54 utils.py:140] ==================================
I 03-17 19:05:15 utils.py:131] === Checking the job status... ===
I 03-17 19:05:15 utils.py:137] Job status: JobStatus.RUNNING
I 03-17 19:05:15 utils.py:140] ==================================
I 03-17 19:05:35 utils.py:131] === Checking the job status... ===
I 03-17 19:05:36 utils.py:137] Job status: JobStatus.RUNNING
I 03-17 19:05:36 utils.py:140] ==================================
I 03-17 19:05:56 utils.py:131] === Checking the job status... ===
I 03-17 19:05:57 utils.py:137] Job status: JobStatus.RUNNING
I 03-17 19:05:57 utils.py:140] ==================================
I 03-17 19:06:17 utils.py:131] === Checking the job status... ===
I 03-17 19:06:17 utils.py:137] Job status: JobStatus.RUNNING
I 03-17 19:06:17 utils.py:140] ==================================
I 03-17 19:06:37 utils.py:131] === Checking the job status... ===
I 03-17 19:06:38 utils.py:137] Job status: JobStatus.RUNNING
I 03-17 19:06:38 utils.py:140] ==================================
I 03-17 19:06:58 utils.py:131] === Checking the job status... ===
I 03-17 19:06:59 utils.py:137] Job status: JobStatus.RUNNING
I 03-17 19:06:59 utils.py:140] ==================================
I 03-17 19:07:19 utils.py:131] === Checking the job status... ===
I 03-17 19:07:19 utils.py:137] Job status: JobStatus.RUNNING
I 03-17 19:07:19 utils.py:140] ==================================
I 03-17 19:07:39 utils.py:131] === Checking the job status... ===
I 03-17 19:07:40 utils.py:137] Job status: JobStatus.RUNNING
I 03-17 19:07:40 utils.py:140] ==================================
I 03-17 19:08:00 utils.py:131] === Checking the job status... ===
I 03-17 19:08:01 utils.py:137] Job status: JobStatus.RUNNING
I 03-17 19:08:01 utils.py:140] ==================================
I 03-17 19:08:21 utils.py:131] === Checking the job status... ===
I 03-17 19:08:22 utils.py:137] Job status: JobStatus.RUNNING
I 03-17 19:08:22 utils.py:140] ==================================
I 03-17 19:08:42 utils.py:131] === Checking the job status... ===
I 03-17 19:08:42 utils.py:137] Job status: JobStatus.RUNNING
I 03-17 19:08:42 utils.py:140] ==================================
I 03-17 19:09:02 utils.py:131] === Checking the job status... ===
I 03-17 19:09:03 utils.py:137] Job status: JobStatus.RUNNING
I 03-17 19:09:03 utils.py:140] ==================================
I 03-17 19:09:23 utils.py:131] === Checking the job status... ===
I 03-17 19:09:24 utils.py:137] Job status: JobStatus.RUNNING
I 03-17 19:09:24 utils.py:140] ==================================
I 03-17 19:09:44 utils.py:131] === Checking the job status... ===
I 03-17 19:09:44 utils.py:137] Job status: JobStatus.RUNNING
I 03-17 19:09:44 utils.py:140] ==================================
I 03-17 19:10:04 utils.py:131] === Checking the job status... ===
I 03-17 19:10:05 utils.py:137] Job status: JobStatus.RUNNING
I 03-17 19:10:05 utils.py:140] ==================================
I 03-17 19:10:25 utils.py:131] === Checking the job status... ===
I 03-17 19:10:26 utils.py:137] Job status: JobStatus.RUNNING
I 03-17 19:10:26 utils.py:140] ==================================
I 03-17 19:10:46 utils.py:131] === Checking the job status... ===
I 03-17 19:10:47 utils.py:137] Job status: JobStatus.RUNNING
I 03-17 19:10:47 utils.py:140] ==================================
I 03-17 19:11:07 utils.py:131] === Checking the job status... ===
I 03-17 19:11:07 utils.py:137] Job status: JobStatus.RUNNING
I 03-17 19:11:07 utils.py:140] ==================================
I 03-17 19:11:27 utils.py:131] === Checking the job status... ===
I 03-17 19:11:28 utils.py:137] Job status: JobStatus.RUNNING
I 03-17 19:11:28 utils.py:140] ==================================
I 03-17 19:11:48 utils.py:131] === Checking the job status... ===
I 03-17 19:11:49 utils.py:137] Job status: JobStatus.RUNNING
I 03-17 19:11:49 utils.py:140] ==================================
I 03-17 19:12:09 utils.py:131] === Checking the job status... ===
I 03-17 19:12:09 utils.py:137] Job status: JobStatus.RUNNING
I 03-17 19:12:09 utils.py:140] ==================================
I 03-17 19:12:29 utils.py:131] === Checking the job status... ===
I 03-17 19:12:30 utils.py:137] Job status: JobStatus.RUNNING
I 03-17 19:12:30 utils.py:140] ==================================
I 03-17 19:12:50 utils.py:131] === Checking the job status... ===
I 03-17 19:12:51 utils.py:137] Job status: JobStatus.RUNNING
I 03-17 19:12:51 utils.py:140] ==================================
I 03-17 19:13:11 utils.py:131] === Checking the job status... ===
I 03-17 19:13:11 utils.py:137] Job status: JobStatus.RUNNING
I 03-17 19:13:11 utils.py:140] ==================================
I 03-17 19:13:32 utils.py:131] === Checking the job status... ===
I 03-17 19:13:32 utils.py:137] Job status: JobStatus.RUNNING
I 03-17 19:13:32 utils.py:140] ==================================
I 03-17 19:13:52 utils.py:131] === Checking the job status... ===
I 03-17 19:13:53 utils.py:137] Job status: JobStatus.RUNNING
I 03-17 19:13:53 utils.py:140] ==================================
I 03-17 19:14:13 utils.py:131] === Checking the job status... ===
I 03-17 19:14:14 utils.py:137] Job status: JobStatus.RUNNING
I 03-17 19:14:14 utils.py:140] ==================================
I 03-17 19:14:34 utils.py:131] === Checking the job status... ===
I 03-17 19:14:34 utils.py:137] Job status: JobStatus.RUNNING
I 03-17 19:14:34 utils.py:140] ==================================
I 03-17 19:14:54 utils.py:131] === Checking the job status... ===
I 03-17 19:14:55 utils.py:137] Job status: JobStatus.RUNNING
I 03-17 19:14:55 utils.py:140] ==================================
I 03-17 19:15:15 utils.py:131] === Checking the job status... ===
I 03-17 19:15:16 utils.py:137] Job status: JobStatus.RUNNING
I 03-17 19:15:16 utils.py:140] ==================================
I 03-17 19:15:36 utils.py:131] === Checking the job status... ===
I 03-17 19:15:36 utils.py:137] Job status: JobStatus.RUNNING
I 03-17 19:15:36 utils.py:140] ==================================
I 03-17 19:15:57 utils.py:131] === Checking the job status... ===
I 03-17 19:15:57 utils.py:137] Job status: JobStatus.RUNNING
I 03-17 19:15:57 utils.py:140] ==================================
I 03-17 19:16:17 utils.py:131] === Checking the job status... ===
I 03-17 19:16:18 utils.py:137] Job status: JobStatus.RUNNING
I 03-17 19:16:18 utils.py:140] ==================================
I 03-17 19:16:38 utils.py:131] === Checking the job status... ===
I 03-17 19:16:39 utils.py:137] Job status: JobStatus.RUNNING
I 03-17 19:16:39 utils.py:140] ==================================
I 03-17 19:16:59 utils.py:131] === Checking the job status... ===
I 03-17 19:16:59 utils.py:137] Job status: JobStatus.RUNNING
I 03-17 19:16:59 utils.py:140] ==================================
I 03-17 19:17:19 utils.py:131] === Checking the job status... ===
I 03-17 19:17:20 utils.py:137] Job status: JobStatus.RUNNING
I 03-17 19:17:20 utils.py:140] ==================================
I 03-17 19:17:40 utils.py:131] === Checking the job status... ===
I 03-17 19:17:41 utils.py:137] Job status: JobStatus.RUNNING
I 03-17 19:17:41 utils.py:140] ==================================
I 03-17 19:18:01 utils.py:131] === Checking the job status... ===
I 03-17 19:18:01 utils.py:137] Job status: JobStatus.RUNNING
I 03-17 19:18:01 utils.py:140] ==================================
I 03-17 19:18:21 utils.py:131] === Checking the job status... ===
I 03-17 19:18:22 utils.py:137] Job status: JobStatus.RUNNING
I 03-17 19:18:22 utils.py:140] ==================================
I 03-17 19:18:42 utils.py:131] === Checking the job status... ===
I 03-17 19:18:43 utils.py:137] Job status: JobStatus.RUNNING
I 03-17 19:18:43 utils.py:140] ==================================
I 03-17 19:19:03 utils.py:131] === Checking the job status... ===
I 03-17 19:19:03 utils.py:137] Job status: JobStatus.RUNNING
I 03-17 19:19:03 utils.py:140] ==================================
I 03-17 19:19:24 utils.py:131] === Checking the job status... ===
I 03-17 19:19:24 utils.py:137] Job status: JobStatus.RUNNING
I 03-17 19:19:24 utils.py:140] ==================================
I 03-17 19:19:44 utils.py:131] === Checking the job status... ===
I 03-17 19:19:45 utils.py:137] Job status: JobStatus.RUNNING
I 03-17 19:19:45 utils.py:140] ==================================
I 03-17 19:20:05 utils.py:131] === Checking the job status... ===
I 03-17 19:20:06 utils.py:137] Job status: JobStatus.RUNNING
I 03-17 19:20:06 utils.py:140] ==================================
I 03-17 19:20:26 utils.py:131] === Checking the job status... ===
I 03-17 19:20:26 utils.py:137] Job status: JobStatus.RUNNING
I 03-17 19:20:26 utils.py:140] ==================================
I 03-17 19:20:47 utils.py:131] === Checking the job status... ===
I 03-17 19:20:47 utils.py:137] Job status: JobStatus.RUNNING
I 03-17 19:20:47 utils.py:140] ==================================
I 03-17 19:21:07 utils.py:131] === Checking the job status... ===
I 03-17 19:21:08 utils.py:137] Job status: JobStatus.RUNNING
I 03-17 19:21:08 utils.py:140] ==================================
I 03-17 19:21:28 utils.py:131] === Checking the job status... ===
I 03-17 19:21:29 utils.py:137] Job status: JobStatus.RUNNING
I 03-17 19:21:29 utils.py:140] ==================================
I 03-17 19:21:49 utils.py:131] === Checking the job status... ===
I 03-17 19:21:49 utils.py:137] Job status: JobStatus.RUNNING
I 03-17 19:21:49 utils.py:140] ==================================
I 03-17 19:22:09 utils.py:131] === Checking the job status... ===
I 03-17 19:22:10 utils.py:137] Job status: JobStatus.RUNNING
I 03-17 19:22:10 utils.py:140] ==================================
I 03-17 19:22:30 utils.py:131] === Checking the job status... ===
I 03-17 19:22:31 utils.py:137] Job status: JobStatus.RUNNING
I 03-17 19:22:31 utils.py:140] ==================================
I 03-17 19:22:51 utils.py:131] === Checking the job status... ===
I 03-17 19:22:52 utils.py:137] Job status: JobStatus.RUNNING
I 03-17 19:22:52 utils.py:140] ==================================
I 03-17 19:23:12 utils.py:131] === Checking the job status... ===
I 03-17 19:23:12 utils.py:137] Job status: JobStatus.RUNNING
I 03-17 19:23:12 utils.py:140] ==================================
I 03-17 19:23:32 utils.py:131] === Checking the job status... ===
I 03-17 19:23:33 utils.py:137] Job status: JobStatus.RUNNING
I 03-17 19:23:33 utils.py:140] ==================================
I 03-17 19:23:53 utils.py:131] === Checking the job status... ===
I 03-17 19:23:54 utils.py:137] Job status: JobStatus.RUNNING
I 03-17 19:23:54 utils.py:140] ==================================
I 03-17 19:24:14 utils.py:131] === Checking the job status... ===
I 03-17 19:24:14 utils.py:137] Job status: JobStatus.RUNNING
I 03-17 19:24:14 utils.py:140] ==================================
I 03-17 19:24:35 utils.py:131] === Checking the job status... ===
I 03-17 19:24:35 utils.py:137] Job status: JobStatus.RUNNING
I 03-17 19:24:35 utils.py:140] ==================================
I 03-17 19:24:55 utils.py:131] === Checking the job status... ===
I 03-17 19:24:56 utils.py:137] Job status: JobStatus.RUNNING
I 03-17 19:24:56 utils.py:140] ==================================
I 03-17 19:25:16 utils.py:131] === Checking the job status... ===
I 03-17 19:25:17 utils.py:137] Job status: JobStatus.RUNNING
I 03-17 19:25:17 utils.py:140] ==================================
I 03-17 19:25:37 utils.py:131] === Checking the job status... ===
I 03-17 19:25:37 utils.py:137] Job status: JobStatus.RUNNING
I 03-17 19:25:37 utils.py:140] ==================================
I 03-17 19:25:57 utils.py:131] === Checking the job status... ===
I 03-17 19:25:58 utils.py:137] Job status: JobStatus.RUNNING
I 03-17 19:25:58 utils.py:140] ==================================
I 03-17 19:26:18 utils.py:131] === Checking the job status... ===
I 03-17 19:26:19 utils.py:137] Job status: JobStatus.RUNNING
I 03-17 19:26:19 utils.py:140] ==================================
I 03-17 19:26:39 utils.py:131] === Checking the job status... ===
I 03-17 19:26:39 utils.py:137] Job status: JobStatus.RUNNING
I 03-17 19:26:39 utils.py:140] ==================================
I 03-17 19:26:59 utils.py:131] === Checking the job status... ===
I 03-17 19:27:00 utils.py:137] Job status: JobStatus.RUNNING
I 03-17 19:27:00 utils.py:140] ==================================
I 03-17 19:27:20 utils.py:131] === Checking the job status... ===
I 03-17 19:27:21 utils.py:137] Job status: JobStatus.RUNNING
I 03-17 19:27:21 utils.py:140] ==================================
I 03-17 19:27:41 utils.py:131] === Checking the job status... ===
I 03-17 19:27:42 utils.py:137] Job status: JobStatus.RUNNING
I 03-17 19:27:42 utils.py:140] ==================================
I 03-17 19:28:02 utils.py:131] === Checking the job status... ===
I 03-17 19:28:02 utils.py:137] Job status: JobStatus.RUNNING
I 03-17 19:28:02 utils.py:140] ==================================
I 03-17 19:28:22 utils.py:131] === Checking the job status... ===
I 03-17 19:28:23 utils.py:137] Job status: JobStatus.RUNNING
I 03-17 19:28:23 utils.py:140] ==================================
I 03-17 19:28:43 utils.py:131] === Checking the job status... ===
I 03-17 19:28:44 utils.py:137] Job status: JobStatus.RUNNING
I 03-17 19:28:44 utils.py:140] ==================================
I 03-17 19:29:04 utils.py:131] === Checking the job status... ===
I 03-17 19:29:04 utils.py:137] Job status: JobStatus.RUNNING
I 03-17 19:29:04 utils.py:140] ==================================
I 03-17 19:29:24 utils.py:131] === Checking the job status... ===
I 03-17 19:29:25 utils.py:137] Job status: JobStatus.RUNNING
I 03-17 19:29:25 utils.py:140] ==================================
I 03-17 19:29:45 utils.py:131] === Checking the job status... ===
I 03-17 19:29:46 utils.py:137] Job status: JobStatus.RUNNING
I 03-17 19:29:46 utils.py:140] ==================================
I 03-17 19:30:06 utils.py:131] === Checking the job status... ===
I 03-17 19:30:06 utils.py:137] Job status: JobStatus.RUNNING
I 03-17 19:30:06 utils.py:140] ==================================
I 03-17 19:30:27 utils.py:131] === Checking the job status... ===
I 03-17 19:30:27 utils.py:137] Job status: JobStatus.RUNNING
I 03-17 19:30:27 utils.py:140] ==================================
I 03-17 19:30:47 utils.py:131] === Checking the job status... ===
I 03-17 19:30:48 utils.py:137] Job status: JobStatus.RUNNING
I 03-17 19:30:48 utils.py:140] ==================================
I 03-17 19:31:08 utils.py:131] === Checking the job status... ===
I 03-17 19:31:09 utils.py:137] Job status: JobStatus.RUNNING
I 03-17 19:31:09 utils.py:140] ==================================
I 03-17 19:31:29 utils.py:131] === Checking the job status... ===
I 03-17 19:31:29 utils.py:137] Job status: JobStatus.RUNNING
I 03-17 19:31:29 utils.py:140] ==================================
I 03-17 19:31:49 utils.py:131] === Checking the job status... ===
I 03-17 19:31:50 utils.py:137] Job status: JobStatus.RUNNING
I 03-17 19:31:50 utils.py:140] ==================================
I 03-17 19:32:10 utils.py:131] === Checking the job status... ===
I 03-17 19:32:11 utils.py:137] Job status: JobStatus.RUNNING
I 03-17 19:32:11 utils.py:140] ==================================
I 03-17 19:32:31 utils.py:131] === Checking the job status... ===
I 03-17 19:32:32 utils.py:137] Job status: JobStatus.RUNNING
I 03-17 19:32:32 utils.py:140] ==================================
I 03-17 19:32:52 utils.py:131] === Checking the job status... ===
I 03-17 19:32:52 utils.py:137] Job status: JobStatus.RUNNING
I 03-17 19:32:52 utils.py:140] ==================================
I 03-17 19:33:12 utils.py:131] === Checking the job status... ===
I 03-17 19:33:13 utils.py:137] Job status: JobStatus.RUNNING
I 03-17 19:33:13 utils.py:140] ==================================
I 03-17 19:33:33 utils.py:131] === Checking the job status... ===
I 03-17 19:33:34 utils.py:137] Job status: JobStatus.RUNNING
I 03-17 19:33:34 utils.py:140] ==================================
I 03-17 19:33:54 utils.py:131] === Checking the job status... ===
I 03-17 19:33:54 utils.py:137] Job status: JobStatus.RUNNING
I 03-17 19:33:54 utils.py:140] ==================================
I 03-17 19:34:14 utils.py:131] === Checking the job status... ===
I 03-17 19:34:15 utils.py:137] Job status: JobStatus.RUNNING
I 03-17 19:34:15 utils.py:140] ==================================
I 03-17 19:34:35 utils.py:131] === Checking the job status... ===
I 03-17 19:34:36 utils.py:137] Job status: JobStatus.RUNNING
I 03-17 19:34:36 utils.py:140] ==================================
I 03-17 19:34:56 utils.py:131] === Checking the job status... ===
I 03-17 19:34:56 utils.py:137] Job status: JobStatus.RUNNING
I 03-17 19:34:56 utils.py:140] ==================================
I 03-17 19:35:17 utils.py:131] === Checking the job status... ===
I 03-17 19:35:17 utils.py:137] Job status: JobStatus.RUNNING
I 03-17 19:35:17 utils.py:140] ==================================
I 03-17 19:35:37 utils.py:131] === Checking the job status... ===
I 03-17 19:35:38 utils.py:137] Job status: JobStatus.RUNNING
I 03-17 19:35:38 utils.py:140] ==================================
I 03-17 19:35:58 utils.py:131] === Checking the job status... ===
I 03-17 19:35:59 utils.py:137] Job status: JobStatus.RUNNING
I 03-17 19:35:59 utils.py:140] ==================================
I 03-17 19:36:19 utils.py:131] === Checking the job status... ===
I 03-17 19:36:19 utils.py:137] Job status: JobStatus.RUNNING
I 03-17 19:36:19 utils.py:140] ==================================
I 03-17 19:36:39 utils.py:131] === Checking the job status... ===
I 03-17 19:36:40 utils.py:137] Job status: JobStatus.RUNNING
I 03-17 19:36:40 utils.py:140] ==================================
I 03-17 19:37:00 utils.py:131] === Checking the job status... ===
I 03-17 19:37:01 utils.py:137] Job status: JobStatus.RUNNING
I 03-17 19:37:01 utils.py:140] ==================================
I 03-17 19:37:21 utils.py:131] === Checking the job status... ===
I 03-17 19:37:22 utils.py:137] Job status: JobStatus.RUNNING
I 03-17 19:37:22 utils.py:140] ==================================
I 03-17 19:37:42 utils.py:131] === Checking the job status... ===
I 03-17 19:37:42 utils.py:137] Job status: JobStatus.RUNNING
I 03-17 19:37:42 utils.py:140] ==================================
I 03-17 19:38:02 utils.py:131] === Checking the job status... ===
I 03-17 19:38:03 utils.py:137] Job status: JobStatus.RUNNING
I 03-17 19:38:03 utils.py:140] ==================================
I 03-17 19:38:23 utils.py:131] === Checking the job status... ===
I 03-17 19:38:24 utils.py:137] Job status: JobStatus.RUNNING
I 03-17 19:38:24 utils.py:140] ==================================
I 03-17 19:38:44 utils.py:131] === Checking the job status... ===
I 03-17 19:38:44 utils.py:137] Job status: JobStatus.RUNNING
I 03-17 19:38:44 utils.py:140] ==================================
I 03-17 19:39:04 utils.py:131] === Checking the job status... ===
I 03-17 19:39:05 utils.py:137] Job status: JobStatus.RUNNING
I 03-17 19:39:05 utils.py:140] ==================================
I 03-17 19:39:25 utils.py:131] === Checking the job status... ===
I 03-17 19:39:26 utils.py:137] Job status: JobStatus.RUNNING
I 03-17 19:39:26 utils.py:140] ==================================
I 03-17 19:39:46 utils.py:131] === Checking the job status... ===
I 03-17 19:39:47 utils.py:137] Job status: JobStatus.RUNNING
I 03-17 19:39:47 utils.py:140] ==================================
I 03-17 19:40:07 utils.py:131] === Checking the job status... ===
I 03-17 19:40:07 utils.py:137] Job status: JobStatus.RUNNING
I 03-17 19:40:07 utils.py:140] ==================================
I 03-17 19:40:27 utils.py:131] === Checking the job status... ===
I 03-17 19:40:28 utils.py:137] Job status: JobStatus.RUNNING
I 03-17 19:40:28 utils.py:140] ==================================
I 03-17 19:40:48 utils.py:131] === Checking the job status... ===
I 03-17 19:40:49 utils.py:137] Job status: JobStatus.RUNNING
I 03-17 19:40:49 utils.py:140] ==================================
I 03-17 19:41:09 utils.py:131] === Checking the job status... ===
I 03-17 19:41:09 utils.py:137] Job status: JobStatus.RUNNING
I 03-17 19:41:09 utils.py:140] ==================================
I 03-17 19:41:30 utils.py:131] === Checking the job status... ===
I 03-17 19:41:30 utils.py:137] Job status: JobStatus.RUNNING
I 03-17 19:41:30 utils.py:140] ==================================
I 03-17 19:41:50 utils.py:131] === Checking the job status... ===
I 03-17 19:41:51 utils.py:137] Job status: JobStatus.RUNNING
I 03-17 19:41:51 utils.py:140] ==================================
I 03-17 19:42:11 utils.py:131] === Checking the job status... ===
I 03-17 19:42:12 utils.py:137] Job status: JobStatus.RUNNING
I 03-17 19:42:12 utils.py:140] ==================================
I 03-17 19:42:32 utils.py:131] === Checking the job status... ===
I 03-17 19:42:32 utils.py:137] Job status: JobStatus.RUNNING
I 03-17 19:42:32 utils.py:140] ==================================
I 03-17 19:42:52 utils.py:131] === Checking the job status... ===
I 03-17 19:42:53 utils.py:137] Job status: JobStatus.RUNNING
I 03-17 19:42:53 utils.py:140] ==================================
I 03-17 19:43:13 utils.py:131] === Checking the job status... ===
I 03-17 19:43:14 utils.py:137] Job status: JobStatus.RUNNING
I 03-17 19:43:14 utils.py:140] ==================================
I 03-17 19:43:34 utils.py:131] === Checking the job status... ===
I 03-17 19:43:34 utils.py:137] Job status: JobStatus.RUNNING
I 03-17 19:43:34 utils.py:140] ==================================
I 03-17 19:43:55 utils.py:131] === Checking the job status... ===
I 03-17 19:43:55 utils.py:137] Job status: JobStatus.RUNNING
I 03-17 19:43:55 utils.py:140] ==================================
I 03-17 19:44:15 utils.py:131] === Checking the job status... ===
I 03-17 19:44:16 utils.py:137] Job status: JobStatus.RUNNING
I 03-17 19:44:16 utils.py:140] ==================================
I 03-17 19:44:36 utils.py:131] === Checking the job status... ===
I 03-17 19:44:37 utils.py:137] Job status: JobStatus.RUNNING
I 03-17 19:44:37 utils.py:140] ==================================
I 03-17 19:44:57 utils.py:131] === Checking the job status... ===
I 03-17 19:44:57 utils.py:137] Job status: JobStatus.RUNNING
I 03-17 19:44:57 utils.py:140] ==================================
I 03-17 19:45:18 utils.py:131] === Checking the job status... ===
I 03-17 19:45:18 utils.py:137] Job status: JobStatus.RUNNING
I 03-17 19:45:18 utils.py:140] ==================================
I 03-17 19:45:38 utils.py:131] === Checking the job status... ===
I 03-17 19:45:39 utils.py:137] Job status: JobStatus.RUNNING
I 03-17 19:45:39 utils.py:140] ==================================
I 03-17 19:45:59 utils.py:131] === Checking the job status... ===
I 03-17 19:46:00 utils.py:137] Job status: JobStatus.RUNNING
I 03-17 19:46:00 utils.py:140] ==================================
I 03-17 19:46:20 utils.py:131] === Checking the job status... ===
I 03-17 19:46:20 utils.py:137] Job status: JobStatus.RUNNING
I 03-17 19:46:20 utils.py:140] ==================================
I 03-17 19:46:41 utils.py:131] === Checking the job status... ===
I 03-17 19:46:41 utils.py:137] Job status: JobStatus.RUNNING
I 03-17 19:46:41 utils.py:140] ==================================
I 03-17 19:47:01 utils.py:131] === Checking the job status... ===
I 03-17 19:47:02 utils.py:137] Job status: JobStatus.RUNNING
I 03-17 19:47:02 utils.py:140] ==================================
I 03-17 19:47:22 utils.py:131] === Checking the job status... ===
I 03-17 19:47:23 utils.py:137] Job status: JobStatus.RUNNING
I 03-17 19:47:23 utils.py:140] ==================================
I 03-17 19:47:43 utils.py:131] === Checking the job status... ===
I 03-17 19:47:43 utils.py:137] Job status: JobStatus.RUNNING
I 03-17 19:47:43 utils.py:140] ==================================
I 03-17 19:48:03 utils.py:131] === Checking the job status... ===
I 03-17 19:48:04 utils.py:137] Job status: JobStatus.RUNNING
I 03-17 19:48:04 utils.py:140] ==================================
I 03-17 19:48:24 utils.py:131] === Checking the job status... ===
I 03-17 19:48:25 utils.py:137] Job status: JobStatus.RUNNING
I 03-17 19:48:25 utils.py:140] ==================================
I 03-17 19:48:45 utils.py:131] === Checking the job status... ===
I 03-17 19:48:45 utils.py:137] Job status: JobStatus.RUNNING
I 03-17 19:48:45 utils.py:140] ==================================
I 03-17 19:49:06 utils.py:131] === Checking the job status... ===
I 03-17 19:49:06 utils.py:137] Job status: JobStatus.RUNNING
I 03-17 19:49:06 utils.py:140] ==================================
I 03-17 19:49:26 utils.py:131] === Checking the job status... ===
I 03-17 19:49:27 utils.py:137] Job status: JobStatus.RUNNING
I 03-17 19:49:27 utils.py:140] ==================================
I 03-17 19:49:47 utils.py:131] === Checking the job status... ===
I 03-17 19:49:48 utils.py:137] Job status: JobStatus.RUNNING
I 03-17 19:49:48 utils.py:140] ==================================
I 03-17 19:50:08 utils.py:131] === Checking the job status... ===
I 03-17 19:50:08 utils.py:137] Job status: JobStatus.RUNNING
I 03-17 19:50:08 utils.py:140] ==================================
I 03-17 19:50:28 utils.py:131] === Checking the job status... ===
I 03-17 19:50:29 utils.py:137] Job status: JobStatus.RUNNING
I 03-17 19:50:29 utils.py:140] ==================================
I 03-17 19:50:49 utils.py:131] === Checking the job status... ===
I 03-17 19:50:50 utils.py:137] Job status: JobStatus.RUNNING
I 03-17 19:50:50 utils.py:140] ==================================
I 03-17 19:51:10 utils.py:131] === Checking the job status... ===
I 03-17 19:51:11 utils.py:137] Job status: JobStatus.RUNNING
I 03-17 19:51:11 utils.py:140] ==================================
I 03-17 19:51:31 utils.py:131] === Checking the job status... ===
I 03-17 19:51:31 utils.py:137] Job status: JobStatus.RUNNING
I 03-17 19:51:31 utils.py:140] ==================================
I 03-17 19:51:51 utils.py:131] === Checking the job status... ===
I 03-17 19:51:52 utils.py:137] Job status: JobStatus.RUNNING
I 03-17 19:51:52 utils.py:140] ==================================
I 03-17 19:52:12 utils.py:131] === Checking the job status... ===
I 03-17 19:52:13 utils.py:137] Job status: JobStatus.RUNNING
I 03-17 19:52:13 utils.py:140] ==================================
I 03-17 19:52:33 utils.py:131] === Checking the job status... ===
I 03-17 19:52:33 utils.py:137] Job status: JobStatus.RUNNING
I 03-17 19:52:33 utils.py:140] ==================================
I 03-17 19:52:54 utils.py:131] === Checking the job status... ===
I 03-17 19:52:54 utils.py:137] Job status: JobStatus.RUNNING
I 03-17 19:52:54 utils.py:140] ==================================
I 03-17 19:53:14 utils.py:131] === Checking the job status... ===
I 03-17 19:53:15 utils.py:137] Job status: JobStatus.RUNNING
I 03-17 19:53:15 utils.py:140] ==================================
I 03-17 19:53:35 utils.py:131] === Checking the job status... ===
I 03-17 19:53:35 controller.py:543] Cancelling managed job, job_id: 5, task_id: 0
I 03-17 19:53:35 state.py:653] Cancelling the job...
I 03-17 19:53:35 controller.py:552] Killing controller process 15667.
I 03-17 19:53:35 controller.py:560] Controller process 15667 killed.
I 03-17 19:53:35 controller.py:562] Cleaning up any cluster for job 5.
I 03-17 19:53:42 storage.py:699] Verifying bucket for storage skypilot-filemounts-root-726f1974-9r586a1b
<sky-payload>"<rich_init>[bold cyan]Deleting S3 bucket [green]skypilot-filemounts-root-726f1974-9r586a1b[/][/]</rich_init>"</sky-payload>
<sky-payload>"<rich_update>[bold cyan]Deleting S3 bucket [green]skypilot-filemounts-root-726f1974-9r586a1b[/][/]</rich_update>"</sky-payload>
<sky-payload>"<rich_start>[bold cyan]Deleting S3 bucket [green]skypilot-filemounts-root-726f1974-9r586a1b[/][/]</rich_start>"</sky-payload>
<sky-payload>"<rich_exit></rich_exit>"</sky-payload>
I 03-17 19:53:46 storage.py:1505] [32mDeleted S3 bucket skypilot-filemounts-root-726f1974-9r586a1b.[0m
I 03-17 19:53:46 controller.py:571] Cluster of managed job 5 has been cleaned up.
I 03-17 19:53:46 state.py:674] Job cancelled.
