I 03-17 18:33:46 controller.py:59] DAG:
I 03-17 18:33:46 controller.py:59] [Task<name=compute-text-vectors>(run='# Initialize and dow...')
I 03-17 18:33:46 controller.py:59]   resources: AWS(cpus=4, {'L4': 1}, region=ap-northeast-2)]
I 03-17 18:33:46 controller.py:195] Submitted managed job 66 (task: 0, name: 'compute-text-vectors'); SKYPILOT_TASK_ID: sky-managed-2025-03-17-18-33-46-414420_compute-text-vectors_66-0
I 03-17 18:33:46 controller.py:199] Started monitoring.
I 03-17 18:33:46 state.py:451] Launching the spot cluster...
I 03-17 18:33:47 storage.py:1058] Storage type StoreType.S3 already exists.
<sky-payload>"<rich_init>[bold cyan]Optimizing[/]</rich_init>"</sky-payload>
<sky-payload>"<rich_update>[bold cyan]Optimizing[/]</rich_update>"</sky-payload>
<sky-payload>"<rich_start>[bold cyan]Optimizing[/]</rich_start>"</sky-payload>
I 03-17 18:33:48 optimizer.py:749] [1mEstimated cost: [0m$1.0 / hour
I 03-17 18:33:48 optimizer.py:749] 
I 03-17 18:33:48 optimizer.py:884] Considered resources (1 node):
I 03-17 18:33:48 optimizer.py:952] -------------------------------------------------------------------------------------------
I 03-17 18:33:48 optimizer.py:952]  CLOUD   INSTANCE    vCPUs   Mem(GB)   ACCELERATORS   REGION/ZONE      COST ($)   CHOSEN   
I 03-17 18:33:48 optimizer.py:952] -------------------------------------------------------------------------------------------
I 03-17 18:33:48 optimizer.py:952]  AWS     g6.xlarge   4       16        L4:1           ap-northeast-2   0.99       [32m   ✔[0m     
I 03-17 18:33:48 optimizer.py:952] -------------------------------------------------------------------------------------------
<sky-payload>"<rich_exit></rich_exit>"</sky-payload>
<sky-payload>"<rich_init>[bold cyan]Launching[/]</rich_init>"</sky-payload>
<sky-payload>"<rich_update>[bold cyan]Launching[/]</rich_update>"</sky-payload>
<sky-payload>"<rich_start>[bold cyan]Launching[/]</rich_start>"</sky-payload>
<sky-payload>"<rich_update>[bold cyan]Launching[/]  \u001b[2mView logs: sky api logs -l sky-2025-03-17-18-33-48-433224/provision.log\u001b[0m</rich_update>"</sky-payload>
<sky-payload>"<rich_update>[bold cyan]Launching[/]  \u001b[2mView logs: sky api logs -l sky-2025-03-17-18-33-48-433224/provision.log\u001b[0m</rich_update>"</sky-payload>
I 03-17 18:33:48 cloud_vm_ray_backend.py:1520] [0m⚙︎ Launching on AWS ap-northeast-2[0m (ap-northeast-2a,ap-northeast-2d).
[2mW 03-17 18:34:06 instance.py:243] create_instances: Attempt failed with An error occurred (InsufficientInstanceCapacity) when calling the RunInstances operation (reached max retries: 0): We currently do not have sufficient g6.xlarge capacity in the Availability Zone you requested (ap-northeast-2a). Our system will be working on provisioning additional capacity. You can currently get g6.xlarge capacity by not specifying an Availability Zone in your request or choosing ap-northeast-2d.[0m
[2mW 03-17 18:34:08 instance.py:243] create_instances: Attempt failed with An error occurred (InsufficientInstanceCapacity) when calling the RunInstances operation (reached max retries: 0): We currently do not have sufficient g6.xlarge capacity in the Availability Zone you requested (ap-northeast-2d). Our system will be working on provisioning additional capacity. You can currently get g6.xlarge capacity by not specifying an Availability Zone in your request or choosing ap-northeast-2a.[0m
W 03-17 18:34:08 cloud_vm_ray_backend.py:2061] sky.exceptions.ResourcesUnavailableError: Failed to acquire resources in all zones in ap-northeast-2 for {AWS(cpus=4, {'L4': 1})}. 
W 03-17 18:34:08 cloud_vm_ray_backend.py:2097] 
W 03-17 18:34:08 cloud_vm_ray_backend.py:2097] [0m[33m↺[0m Trying other potential resources.
<sky-payload>"<rich_update>[bold cyan]Looking for resources[/]  \u001b[2mView logs: sky api logs -l sky-2025-03-17-18-33-48-433224/provision.log\u001b[0m</rich_update>"</sky-payload>
<sky-payload>"<rich_update>[bold cyan]Optimizing[/]</rich_update>"</sky-payload>
<sky-payload>"<rich_start>[bold cyan]Launching[/]</rich_start>"</sky-payload>
<sky-payload>"<rich_update>[bold cyan]Looking for resources[/]  \u001b[2mView logs: sky api logs -l sky-2025-03-17-18-33-48-433224/provision.log\u001b[0m</rich_update>"</sky-payload>
E 03-17 18:34:08 cloud_vm_ray_backend.py:2904] [0m[31m⨯[0m Failed to provision resources. [2mView logs: sky api logs -l sky-2025-03-17-18-33-48-433224/provision.log[0m
<sky-payload>"<rich_exit></rich_exit>"</sky-payload>

[?25hI 03-17 18:34:09 recovery_strategy.py:326] Failed to launch a cluster with error: sky.exceptions.ResourcesUnavailableError: [31mFailed to provision all possible launchable resources.[0m Relax the task's resource requirements: 1x AWS(cpus=4, {'L4': 1})
I 03-17 18:34:09 recovery_strategy.py:326] To keep retrying until the cluster is up, use the `--retry-until-up` flag.
I 03-17 18:34:09 recovery_strategy.py:326] Reasons for provision failures (for details, please check the log above):
I 03-17 18:34:09 recovery_strategy.py:326] Resource          Reason                                                     
I 03-17 18:34:09 recovery_strategy.py:326] AWS(g6.xlarge,    Failed to acquire resources in all zones in ap-            
I 03-17 18:34:09 recovery_strategy.py:326] {'L4': 1})        northeast-2 for {AWS(cpus=4, {'L4': 1})}.                  )
I 03-17 18:34:09 recovery_strategy.py:364] Retrying to launch the cluster in 61.0 seconds.
I 03-17 18:35:11 storage.py:699] Verifying bucket for storage skypilot-filemounts-root-726f1974-3w6r5pmm
<sky-payload>"<rich_init>[bold cyan]Optimizing[/]</rich_init>"</sky-payload>
<sky-payload>"<rich_update>[bold cyan]Optimizing[/]</rich_update>"</sky-payload>
<sky-payload>"<rich_start>[bold cyan]Optimizing[/]</rich_start>"</sky-payload>
I 03-17 18:35:12 optimizer.py:749] [1mEstimated cost: [0m$1.0 / hour
I 03-17 18:35:12 optimizer.py:749] 
I 03-17 18:35:12 optimizer.py:884] Considered resources (1 node):
I 03-17 18:35:12 optimizer.py:952] -------------------------------------------------------------------------------------------
I 03-17 18:35:12 optimizer.py:952]  CLOUD   INSTANCE    vCPUs   Mem(GB)   ACCELERATORS   REGION/ZONE      COST ($)   CHOSEN   
I 03-17 18:35:12 optimizer.py:952] -------------------------------------------------------------------------------------------
I 03-17 18:35:12 optimizer.py:952]  AWS     g6.xlarge   4       16        L4:1           ap-northeast-2   0.99       [32m   ✔[0m     
I 03-17 18:35:12 optimizer.py:952] -------------------------------------------------------------------------------------------
<sky-payload>"<rich_exit></rich_exit>"</sky-payload>
<sky-payload>"<rich_init>[bold cyan]Launching[/]</rich_init>"</sky-payload>
<sky-payload>"<rich_update>[bold cyan]Launching[/]</rich_update>"</sky-payload>
<sky-payload>"<rich_start>[bold cyan]Launching[/]</rich_start>"</sky-payload>
<sky-payload>"<rich_update>[bold cyan]Launching[/]  \u001b[2mView logs: sky api logs -l sky-2025-03-17-18-35-12-201439/provision.log\u001b[0m</rich_update>"</sky-payload>
<sky-payload>"<rich_update>[bold cyan]Launching[/]  \u001b[2mView logs: sky api logs -l sky-2025-03-17-18-35-12-201439/provision.log\u001b[0m</rich_update>"</sky-payload>
I 03-17 18:35:12 cloud_vm_ray_backend.py:1520] [0m⚙︎ Launching on AWS ap-northeast-2[0m (ap-northeast-2a,ap-northeast-2d).
[2mW 03-17 18:35:42 instance.py:243] create_instances: Attempt failed with An error occurred (InsufficientInstanceCapacity) when calling the RunInstances operation (reached max retries: 0): We currently do not have sufficient g6.xlarge capacity in the Availability Zone you requested (ap-northeast-2a). Our system will be working on provisioning additional capacity. You can currently get g6.xlarge capacity by not specifying an Availability Zone in your request or choosing ap-northeast-2d.[0m
[2mW 03-17 18:35:55 instance.py:243] create_instances: Attempt failed with An error occurred (InsufficientInstanceCapacity) when calling the RunInstances operation (reached max retries: 0): We currently do not have sufficient g6.xlarge capacity in the Availability Zone you requested (ap-northeast-2d). Our system will be working on provisioning additional capacity. You can currently get g6.xlarge capacity by not specifying an Availability Zone in your request or choosing ap-northeast-2a.[0m
W 03-17 18:35:56 cloud_vm_ray_backend.py:2061] sky.exceptions.ResourcesUnavailableError: Failed to acquire resources in all zones in ap-northeast-2 for {AWS(cpus=4, {'L4': 1})}. 
W 03-17 18:35:56 cloud_vm_ray_backend.py:2097] 
W 03-17 18:35:56 cloud_vm_ray_backend.py:2097] [0m[33m↺[0m Trying other potential resources.
<sky-payload>"<rich_update>[bold cyan]Looking for resources[/]  \u001b[2mView logs: sky api logs -l sky-2025-03-17-18-35-12-201439/provision.log\u001b[0m</rich_update>"</sky-payload>
<sky-payload>"<rich_update>[bold cyan]Optimizing[/]</rich_update>"</sky-payload>
<sky-payload>"<rich_start>[bold cyan]Launching[/]</rich_start>"</sky-payload>
<sky-payload>"<rich_update>[bold cyan]Looking for resources[/]  \u001b[2mView logs: sky api logs -l sky-2025-03-17-18-35-12-201439/provision.log\u001b[0m</rich_update>"</sky-payload>
E 03-17 18:35:56 cloud_vm_ray_backend.py:2904] [0m[31m⨯[0m Failed to provision resources. [2mView logs: sky api logs -l sky-2025-03-17-18-35-12-201439/provision.log[0m
<sky-payload>"<rich_exit></rich_exit>"</sky-payload>

[?25hI 03-17 18:35:56 recovery_strategy.py:326] Failed to launch a cluster with error: sky.exceptions.ResourcesUnavailableError: [31mFailed to provision all possible launchable resources.[0m Relax the task's resource requirements: 1x AWS(cpus=4, {'L4': 1})
I 03-17 18:35:56 recovery_strategy.py:326] To keep retrying until the cluster is up, use the `--retry-until-up` flag.
I 03-17 18:35:56 recovery_strategy.py:326] Reasons for provision failures (for details, please check the log above):
I 03-17 18:35:56 recovery_strategy.py:326] Resource          Reason                                                     
I 03-17 18:35:56 recovery_strategy.py:326] AWS(g6.xlarge,    Failed to acquire resources in all zones in ap-            
I 03-17 18:35:56 recovery_strategy.py:326] {'L4': 1})        northeast-2 for {AWS(cpus=4, {'L4': 1})}.                  )
I 03-17 18:35:56 recovery_strategy.py:364] Retrying to launch the cluster in 84.4 seconds.
I 03-17 18:37:22 storage.py:699] Verifying bucket for storage skypilot-filemounts-root-726f1974-3w6r5pmm
<sky-payload>"<rich_init>[bold cyan]Optimizing[/]</rich_init>"</sky-payload>
<sky-payload>"<rich_update>[bold cyan]Optimizing[/]</rich_update>"</sky-payload>
<sky-payload>"<rich_start>[bold cyan]Optimizing[/]</rich_start>"</sky-payload>
I 03-17 18:37:22 optimizer.py:749] [1mEstimated cost: [0m$1.0 / hour
I 03-17 18:37:22 optimizer.py:749] 
I 03-17 18:37:22 optimizer.py:884] Considered resources (1 node):
I 03-17 18:37:22 optimizer.py:952] -------------------------------------------------------------------------------------------
I 03-17 18:37:22 optimizer.py:952]  CLOUD   INSTANCE    vCPUs   Mem(GB)   ACCELERATORS   REGION/ZONE      COST ($)   CHOSEN   
I 03-17 18:37:22 optimizer.py:952] -------------------------------------------------------------------------------------------
I 03-17 18:37:22 optimizer.py:952]  AWS     g6.xlarge   4       16        L4:1           ap-northeast-2   0.99       [32m   ✔[0m     
I 03-17 18:37:22 optimizer.py:952] -------------------------------------------------------------------------------------------
<sky-payload>"<rich_exit></rich_exit>"</sky-payload>
<sky-payload>"<rich_init>[bold cyan]Launching[/]</rich_init>"</sky-payload>
<sky-payload>"<rich_update>[bold cyan]Launching[/]</rich_update>"</sky-payload>
<sky-payload>"<rich_start>[bold cyan]Launching[/]</rich_start>"</sky-payload>
<sky-payload>"<rich_update>[bold cyan]Launching[/]  \u001b[2mView logs: sky api logs -l sky-2025-03-17-18-37-22-773617/provision.log\u001b[0m</rich_update>"</sky-payload>
<sky-payload>"<rich_update>[bold cyan]Launching[/]  \u001b[2mView logs: sky api logs -l sky-2025-03-17-18-37-22-773617/provision.log\u001b[0m</rich_update>"</sky-payload>
I 03-17 18:37:22 cloud_vm_ray_backend.py:1520] [0m⚙︎ Launching on AWS ap-northeast-2[0m (ap-northeast-2a,ap-northeast-2d).
[2mW 03-17 18:39:37 instance.py:243] create_instances: Attempt failed with An error occurred (InsufficientInstanceCapacity) when calling the RunInstances operation (reached max retries: 0): We currently do not have sufficient g6.xlarge capacity in the Availability Zone you requested (ap-northeast-2a). Our system will be working on provisioning additional capacity. You can currently get g6.xlarge capacity by not specifying an Availability Zone in your request or choosing ap-northeast-2d.[0m
[2mW 03-17 18:39:59 instance.py:243] create_instances: Attempt failed with An error occurred (InsufficientInstanceCapacity) when calling the RunInstances operation (reached max retries: 0): We currently do not have sufficient g6.xlarge capacity in the Availability Zone you requested (ap-northeast-2d). Our system will be working on provisioning additional capacity. You can currently get g6.xlarge capacity by not specifying an Availability Zone in your request or choosing ap-northeast-2a.[0m
W 03-17 18:39:59 cloud_vm_ray_backend.py:2061] sky.exceptions.ResourcesUnavailableError: Failed to acquire resources in all zones in ap-northeast-2 for {AWS(cpus=4, {'L4': 1})}. 
W 03-17 18:39:59 cloud_vm_ray_backend.py:2097] 
W 03-17 18:39:59 cloud_vm_ray_backend.py:2097] [0m[33m↺[0m Trying other potential resources.
<sky-payload>"<rich_update>[bold cyan]Looking for resources[/]  \u001b[2mView logs: sky api logs -l sky-2025-03-17-18-37-22-773617/provision.log\u001b[0m</rich_update>"</sky-payload>
<sky-payload>"<rich_update>[bold cyan]Optimizing[/]</rich_update>"</sky-payload>
<sky-payload>"<rich_start>[bold cyan]Launching[/]</rich_start>"</sky-payload>
<sky-payload>"<rich_update>[bold cyan]Looking for resources[/]  \u001b[2mView logs: sky api logs -l sky-2025-03-17-18-37-22-773617/provision.log\u001b[0m</rich_update>"</sky-payload>
E 03-17 18:39:59 cloud_vm_ray_backend.py:2904] [0m[31m⨯[0m Failed to provision resources. [2mView logs: sky api logs -l sky-2025-03-17-18-37-22-773617/provision.log[0m
<sky-payload>"<rich_exit></rich_exit>"</sky-payload>

[?25hI 03-17 18:39:59 recovery_strategy.py:326] Failed to launch a cluster with error: sky.exceptions.ResourcesUnavailableError: [31mFailed to provision all possible launchable resources.[0m Relax the task's resource requirements: 1x AWS(cpus=4, {'L4': 1})
I 03-17 18:39:59 recovery_strategy.py:326] To keep retrying until the cluster is up, use the `--retry-until-up` flag.
I 03-17 18:39:59 recovery_strategy.py:326] Reasons for provision failures (for details, please check the log above):
I 03-17 18:39:59 recovery_strategy.py:326] Resource          Reason                                                     
I 03-17 18:39:59 recovery_strategy.py:326] AWS(g6.xlarge,    Failed to acquire resources in all zones in ap-            
I 03-17 18:39:59 recovery_strategy.py:326] {'L4': 1})        northeast-2 for {AWS(cpus=4, {'L4': 1})}.                  )
I 03-17 18:39:59 recovery_strategy.py:364] Retrying to launch the cluster in 160.7 seconds.
I 03-17 18:42:41 storage.py:699] Verifying bucket for storage skypilot-filemounts-root-726f1974-3w6r5pmm
<sky-payload>"<rich_init>[bold cyan]Optimizing[/]</rich_init>"</sky-payload>
<sky-payload>"<rich_update>[bold cyan]Optimizing[/]</rich_update>"</sky-payload>
<sky-payload>"<rich_start>[bold cyan]Optimizing[/]</rich_start>"</sky-payload>
I 03-17 18:42:42 optimizer.py:749] [1mEstimated cost: [0m$1.0 / hour
I 03-17 18:42:42 optimizer.py:749] 
I 03-17 18:42:42 optimizer.py:884] Considered resources (1 node):
I 03-17 18:42:42 optimizer.py:952] -------------------------------------------------------------------------------------------
I 03-17 18:42:42 optimizer.py:952]  CLOUD   INSTANCE    vCPUs   Mem(GB)   ACCELERATORS   REGION/ZONE      COST ($)   CHOSEN   
I 03-17 18:42:42 optimizer.py:952] -------------------------------------------------------------------------------------------
I 03-17 18:42:42 optimizer.py:952]  AWS     g6.xlarge   4       16        L4:1           ap-northeast-2   0.99       [32m   ✔[0m     
I 03-17 18:42:42 optimizer.py:952] -------------------------------------------------------------------------------------------
<sky-payload>"<rich_exit></rich_exit>"</sky-payload>
<sky-payload>"<rich_init>[bold cyan]Launching[/]</rich_init>"</sky-payload>
<sky-payload>"<rich_update>[bold cyan]Launching[/]</rich_update>"</sky-payload>
<sky-payload>"<rich_start>[bold cyan]Launching[/]</rich_start>"</sky-payload>
<sky-payload>"<rich_update>[bold cyan]Launching[/]  \u001b[2mView logs: sky api logs -l sky-2025-03-17-18-42-42-532539/provision.log\u001b[0m</rich_update>"</sky-payload>
<sky-payload>"<rich_update>[bold cyan]Launching[/]  \u001b[2mView logs: sky api logs -l sky-2025-03-17-18-42-42-532539/provision.log\u001b[0m</rich_update>"</sky-payload>
I 03-17 18:42:42 cloud_vm_ray_backend.py:1520] [0m⚙︎ Launching on AWS ap-northeast-2[0m (ap-northeast-2a,ap-northeast-2d).
[2mW 03-17 18:42:52 instance.py:243] create_instances: Attempt failed with An error occurred (InsufficientInstanceCapacity) when calling the RunInstances operation (reached max retries: 0): We currently do not have sufficient g6.xlarge capacity in the Availability Zone you requested (ap-northeast-2a). Our system will be working on provisioning additional capacity. You can currently get g6.xlarge capacity by not specifying an Availability Zone in your request or choosing ap-northeast-2d.[0m
[2mW 03-17 18:42:53 instance.py:243] create_instances: Attempt failed with An error occurred (InsufficientInstanceCapacity) when calling the RunInstances operation (reached max retries: 0): We currently do not have sufficient g6.xlarge capacity in the Availability Zone you requested (ap-northeast-2d). Our system will be working on provisioning additional capacity. You can currently get g6.xlarge capacity by not specifying an Availability Zone in your request or choosing ap-northeast-2a.[0m
W 03-17 18:42:53 cloud_vm_ray_backend.py:2061] sky.exceptions.ResourcesUnavailableError: Failed to acquire resources in all zones in ap-northeast-2 for {AWS(cpus=4, {'L4': 1})}. 
W 03-17 18:42:53 cloud_vm_ray_backend.py:2097] 
W 03-17 18:42:53 cloud_vm_ray_backend.py:2097] [0m[33m↺[0m Trying other potential resources.
<sky-payload>"<rich_update>[bold cyan]Looking for resources[/]  \u001b[2mView logs: sky api logs -l sky-2025-03-17-18-42-42-532539/provision.log\u001b[0m</rich_update>"</sky-payload>
<sky-payload>"<rich_update>[bold cyan]Optimizing[/]</rich_update>"</sky-payload>
<sky-payload>"<rich_start>[bold cyan]Launching[/]</rich_start>"</sky-payload>
<sky-payload>"<rich_update>[bold cyan]Looking for resources[/]  \u001b[2mView logs: sky api logs -l sky-2025-03-17-18-42-42-532539/provision.log\u001b[0m</rich_update>"</sky-payload>
E 03-17 18:42:54 cloud_vm_ray_backend.py:2904] [0m[31m⨯[0m Failed to provision resources. [2mView logs: sky api logs -l sky-2025-03-17-18-42-42-532539/provision.log[0m
<sky-payload>"<rich_exit></rich_exit>"</sky-payload>

[?25hI 03-17 18:42:54 recovery_strategy.py:326] Failed to launch a cluster with error: sky.exceptions.ResourcesUnavailableError: [31mFailed to provision all possible launchable resources.[0m Relax the task's resource requirements: 1x AWS(cpus=4, {'L4': 1})
I 03-17 18:42:54 recovery_strategy.py:326] To keep retrying until the cluster is up, use the `--retry-until-up` flag.
I 03-17 18:42:54 recovery_strategy.py:326] Reasons for provision failures (for details, please check the log above):
I 03-17 18:42:54 recovery_strategy.py:326] Resource          Reason                                                     
I 03-17 18:42:54 recovery_strategy.py:326] AWS(g6.xlarge,    Failed to acquire resources in all zones in ap-            
I 03-17 18:42:54 recovery_strategy.py:326] {'L4': 1})        northeast-2 for {AWS(cpus=4, {'L4': 1})}.                  )
I 03-17 18:42:54 recovery_strategy.py:364] Retrying to launch the cluster in 181.4 seconds.
I 03-17 18:45:57 storage.py:699] Verifying bucket for storage skypilot-filemounts-root-726f1974-3w6r5pmm
<sky-payload>"<rich_init>[bold cyan]Optimizing[/]</rich_init>"</sky-payload>
<sky-payload>"<rich_update>[bold cyan]Optimizing[/]</rich_update>"</sky-payload>
<sky-payload>"<rich_start>[bold cyan]Optimizing[/]</rich_start>"</sky-payload>
I 03-17 18:45:58 optimizer.py:749] [1mEstimated cost: [0m$1.0 / hour
I 03-17 18:45:58 optimizer.py:749] 
I 03-17 18:45:58 optimizer.py:884] Considered resources (1 node):
I 03-17 18:45:58 optimizer.py:952] -------------------------------------------------------------------------------------------
I 03-17 18:45:58 optimizer.py:952]  CLOUD   INSTANCE    vCPUs   Mem(GB)   ACCELERATORS   REGION/ZONE      COST ($)   CHOSEN   
I 03-17 18:45:58 optimizer.py:952] -------------------------------------------------------------------------------------------
I 03-17 18:45:58 optimizer.py:952]  AWS     g6.xlarge   4       16        L4:1           ap-northeast-2   0.99       [32m   ✔[0m     
I 03-17 18:45:58 optimizer.py:952] -------------------------------------------------------------------------------------------
<sky-payload>"<rich_exit></rich_exit>"</sky-payload>
<sky-payload>"<rich_init>[bold cyan]Launching[/]</rich_init>"</sky-payload>
<sky-payload>"<rich_update>[bold cyan]Launching[/]</rich_update>"</sky-payload>
<sky-payload>"<rich_start>[bold cyan]Launching[/]</rich_start>"</sky-payload>
<sky-payload>"<rich_update>[bold cyan]Launching[/]  \u001b[2mView logs: sky api logs -l sky-2025-03-17-18-45-57-971455/provision.log\u001b[0m</rich_update>"</sky-payload>
<sky-payload>"<rich_update>[bold cyan]Launching[/]  \u001b[2mView logs: sky api logs -l sky-2025-03-17-18-45-57-971455/provision.log\u001b[0m</rich_update>"</sky-payload>
I 03-17 18:45:58 cloud_vm_ray_backend.py:1520] [0m⚙︎ Launching on AWS ap-northeast-2[0m (ap-northeast-2a,ap-northeast-2d).
[2mW 03-17 18:46:06 instance.py:243] create_instances: Attempt failed with An error occurred (InsufficientInstanceCapacity) when calling the RunInstances operation (reached max retries: 0): We currently do not have sufficient g6.xlarge capacity in the Availability Zone you requested (ap-northeast-2a). Our system will be working on provisioning additional capacity. You can currently get g6.xlarge capacity by not specifying an Availability Zone in your request or choosing ap-northeast-2d.[0m
[2mW 03-17 18:46:08 instance.py:243] create_instances: Attempt failed with An error occurred (InsufficientInstanceCapacity) when calling the RunInstances operation (reached max retries: 0): We currently do not have sufficient g6.xlarge capacity in the Availability Zone you requested (ap-northeast-2d). Our system will be working on provisioning additional capacity. You can currently get g6.xlarge capacity by not specifying an Availability Zone in your request or choosing ap-northeast-2a.[0m
W 03-17 18:46:08 cloud_vm_ray_backend.py:2061] sky.exceptions.ResourcesUnavailableError: Failed to acquire resources in all zones in ap-northeast-2 for {AWS(cpus=4, {'L4': 1})}. 
W 03-17 18:46:08 cloud_vm_ray_backend.py:2097] 
W 03-17 18:46:08 cloud_vm_ray_backend.py:2097] [0m[33m↺[0m Trying other potential resources.
<sky-payload>"<rich_update>[bold cyan]Looking for resources[/]  \u001b[2mView logs: sky api logs -l sky-2025-03-17-18-45-57-971455/provision.log\u001b[0m</rich_update>"</sky-payload>
<sky-payload>"<rich_update>[bold cyan]Optimizing[/]</rich_update>"</sky-payload>
<sky-payload>"<rich_start>[bold cyan]Launching[/]</rich_start>"</sky-payload>
<sky-payload>"<rich_update>[bold cyan]Looking for resources[/]  \u001b[2mView logs: sky api logs -l sky-2025-03-17-18-45-57-971455/provision.log\u001b[0m</rich_update>"</sky-payload>
E 03-17 18:46:08 cloud_vm_ray_backend.py:2904] [0m[31m⨯[0m Failed to provision resources. [2mView logs: sky api logs -l sky-2025-03-17-18-45-57-971455/provision.log[0m
<sky-payload>"<rich_exit></rich_exit>"</sky-payload>

[?25hI 03-17 18:46:08 recovery_strategy.py:326] Failed to launch a cluster with error: sky.exceptions.ResourcesUnavailableError: [31mFailed to provision all possible launchable resources.[0m Relax the task's resource requirements: 1x AWS(cpus=4, {'L4': 1})
I 03-17 18:46:08 recovery_strategy.py:326] To keep retrying until the cluster is up, use the `--retry-until-up` flag.
I 03-17 18:46:08 recovery_strategy.py:326] Reasons for provision failures (for details, please check the log above):
I 03-17 18:46:08 recovery_strategy.py:326] Resource          Reason                                                     
I 03-17 18:46:08 recovery_strategy.py:326] AWS(g6.xlarge,    Failed to acquire resources in all zones in ap-            
I 03-17 18:46:08 recovery_strategy.py:326] {'L4': 1})        northeast-2 for {AWS(cpus=4, {'L4': 1})}.                  )
I 03-17 18:46:09 recovery_strategy.py:364] Retrying to launch the cluster in 192.4 seconds.
I 03-17 18:49:22 storage.py:699] Verifying bucket for storage skypilot-filemounts-root-726f1974-3w6r5pmm
<sky-payload>"<rich_init>[bold cyan]Optimizing[/]</rich_init>"</sky-payload>
<sky-payload>"<rich_update>[bold cyan]Optimizing[/]</rich_update>"</sky-payload>
<sky-payload>"<rich_start>[bold cyan]Optimizing[/]</rich_start>"</sky-payload>
I 03-17 18:49:23 optimizer.py:749] [1mEstimated cost: [0m$1.0 / hour
I 03-17 18:49:23 optimizer.py:749] 
I 03-17 18:49:23 optimizer.py:884] Considered resources (1 node):
I 03-17 18:49:23 optimizer.py:952] -------------------------------------------------------------------------------------------
I 03-17 18:49:23 optimizer.py:952]  CLOUD   INSTANCE    vCPUs   Mem(GB)   ACCELERATORS   REGION/ZONE      COST ($)   CHOSEN   
I 03-17 18:49:23 optimizer.py:952] -------------------------------------------------------------------------------------------
I 03-17 18:49:23 optimizer.py:952]  AWS     g6.xlarge   4       16        L4:1           ap-northeast-2   0.99       [32m   ✔[0m     
I 03-17 18:49:23 optimizer.py:952] -------------------------------------------------------------------------------------------
<sky-payload>"<rich_exit></rich_exit>"</sky-payload>
<sky-payload>"<rich_init>[bold cyan]Launching[/]</rich_init>"</sky-payload>
<sky-payload>"<rich_update>[bold cyan]Launching[/]</rich_update>"</sky-payload>
<sky-payload>"<rich_start>[bold cyan]Launching[/]</rich_start>"</sky-payload>
<sky-payload>"<rich_update>[bold cyan]Launching[/]  \u001b[2mView logs: sky api logs -l sky-2025-03-17-18-49-23-194137/provision.log\u001b[0m</rich_update>"</sky-payload>
<sky-payload>"<rich_update>[bold cyan]Launching[/]  \u001b[2mView logs: sky api logs -l sky-2025-03-17-18-49-23-194137/provision.log\u001b[0m</rich_update>"</sky-payload>
I 03-17 18:49:23 cloud_vm_ray_backend.py:1520] [0m⚙︎ Launching on AWS ap-northeast-2[0m (ap-northeast-2a,ap-northeast-2d).
<sky-payload>"<rich_update>[bold cyan]Launching - Checking instance status[/]  \u001b[2mView logs: sky api logs -l sky-2025-03-17-18-49-23-194137/provision.log\u001b[0m</rich_update>"</sky-payload>
<sky-payload>"<rich_update>[bold cyan]Launching - Waiting for SSH access[/]  \u001b[2mView logs: sky api logs -l sky-2025-03-17-18-49-23-194137/provision.log\u001b[0m</rich_update>"</sky-payload>
<sky-payload>"<rich_start>[bold cyan]Launching[/]</rich_start>"</sky-payload>
I 03-17 18:49:45 provisioner.py:451] [2m└── [0m[2mInstance is up.[0m
<sky-payload>"<rich_update>[bold cyan]Preparing SkyPilot runtime (1/3 - initializing)[/]  \u001b[2mView logs: sky api logs -l sky-2025-03-17-18-49-23-194137/provision.log\u001b[0m</rich_update>"</sky-payload>
<sky-payload>"<rich_update>[bold cyan]Preparing SkyPilot runtime (2/3 - dependencies)[/]  \u001b[2mView logs: sky api logs -l sky-2025-03-17-18-49-23-194137/provision.log\u001b[0m</rich_update>"</sky-payload>
<sky-payload>"<rich_update>[bold cyan]Preparing SkyPilot runtime (3/3 - runtime)[/]  \u001b[2mView logs: sky api logs -l sky-2025-03-17-18-49-23-194137/provision.log\u001b[0m</rich_update>"</sky-payload>
<sky-payload>"<rich_update>[bold cyan]Launching - Checking instance status[/]  \u001b[2mView logs: sky api logs -l sky-2025-03-17-18-49-23-194137/provision.log\u001b[0m</rich_update>"</sky-payload>
I 03-17 18:50:09 provisioner.py:632] [0m[32m✓ Cluster launched: compute-text-vectors-66.[0m  [2mView logs: sky api logs -l sky-2025-03-17-18-49-23-194137/provision.log[0m
<sky-payload>"<rich_exit></rich_exit>"</sky-payload>
I 03-17 18:50:09 execution.py:332] [0m⚙︎ Syncing files.
<sky-payload>"<rich_init>[bold cyan]Syncing files[/]</rich_init>"</sky-payload>
<sky-payload>"<rich_update>[bold cyan]Syncing files[/]</rich_update>"</sky-payload>
<sky-payload>"<rich_start>[bold cyan]Syncing files[/]</rich_start>"</sky-payload>
<sky-payload>"<rich_update>[bold cyan]Syncing file mounts[/]  \u001b[2mView logs: sky api logs -l sky-2025-03-17-18-49-23-194137/file_mounts.log\u001b[0m</rich_update>"</sky-payload>
I 03-17 18:50:09 backend_utils.py:1315]   [2mSyncing (to 1 node): s3://skypilot-filemounts-root-726f1974-3w6r5pmm/job-3w6r5pmm/workdir -> ~/sky_workdir[0m
I 03-17 18:50:12 cloud_vm_ray_backend.py:4801] [0m[32m✓ Synced file_mounts.[0m  [2mView logs: sky api logs -l sky-2025-03-17-18-49-23-194137/file_mounts.log[0m
<sky-payload>"<rich_update>[bold cyan]Mounting 1 storage[/]  \u001b[2mView logs: sky api logs -l sky-2025-03-17-18-49-23-194137/storage_mounts.log\u001b[0m</rich_update>"</sky-payload>
I 03-17 18:50:12 backend_utils.py:1315]   [2mMounting (to 1 node): s3://sky-text-embeddings-single-cluster-final -> /output[0m
I 03-17 18:50:16 cloud_vm_ray_backend.py:4892] [0m[32m✓ Storage mounted.[0m  [2mView logs: sky api logs -l sky-2025-03-17-18-49-23-194137/storage_mounts.log[0m
<sky-payload>"<rich_exit></rich_exit>"</sky-payload>
<sky-payload>"<rich_init>[bold cyan]Running setup[/]</rich_init>"</sky-payload>
<sky-payload>"<rich_update>[bold cyan]Running setup[/]</rich_update>"</sky-payload>
<sky-payload>"<rich_start>[bold cyan]Running setup[/]</rich_start>"</sky-payload>
<sky-payload>"<rich_stop></rich_stop>"</sky-payload>
I 03-17 18:50:16 cloud_vm_ray_backend.py:3357] [0m[32m✓ Setup detached.[0m
<sky-payload>"<rich_exit></rich_exit>"</sky-payload>
<sky-payload>"<rich_init>[bold cyan]Submitting job[/]</rich_init>"</sky-payload>
<sky-payload>"<rich_update>[bold cyan]Submitting job[/]</rich_update>"</sky-payload>
<sky-payload>"<rich_start>[bold cyan]Submitting job[/]</rich_start>"</sky-payload>
I 03-17 18:50:18 cloud_vm_ray_backend.py:3460] [0m⚙︎ Job submitted, ID: 1
<sky-payload>"<rich_stop></rich_stop>"</sky-payload>
<sky-payload>"<rich_exit></rich_exit>"</sky-payload>

[?25hI 03-17 18:50:18 recovery_strategy.py:289] Managed job cluster launched.
I 03-17 18:50:21 utils.py:131] === Checking the job status... ===
I 03-17 18:50:22 utils.py:137] Job status: JobStatus.SETTING_UP
I 03-17 18:50:22 utils.py:140] ==================================
I 03-17 18:50:22 state.py:471] Job started.
I 03-17 18:50:42 utils.py:131] === Checking the job status... ===
I 03-17 18:50:43 utils.py:137] Job status: JobStatus.SETTING_UP
I 03-17 18:50:43 utils.py:140] ==================================
I 03-17 18:51:03 utils.py:131] === Checking the job status... ===
I 03-17 18:51:04 utils.py:137] Job status: JobStatus.SETTING_UP
I 03-17 18:51:04 utils.py:140] ==================================
I 03-17 18:51:24 utils.py:131] === Checking the job status... ===
I 03-17 18:51:24 utils.py:137] Job status: JobStatus.SETTING_UP
I 03-17 18:51:24 utils.py:140] ==================================
I 03-17 18:51:45 utils.py:131] === Checking the job status... ===
I 03-17 18:51:45 utils.py:137] Job status: JobStatus.SETTING_UP
I 03-17 18:51:45 utils.py:140] ==================================
I 03-17 18:52:05 utils.py:131] === Checking the job status... ===
I 03-17 18:52:06 utils.py:137] Job status: JobStatus.SETTING_UP
I 03-17 18:52:06 utils.py:140] ==================================
I 03-17 18:52:26 utils.py:131] === Checking the job status... ===
I 03-17 18:52:27 utils.py:137] Job status: JobStatus.RUNNING
I 03-17 18:52:27 utils.py:140] ==================================
I 03-17 18:52:47 utils.py:131] === Checking the job status... ===
I 03-17 18:52:47 utils.py:137] Job status: JobStatus.RUNNING
I 03-17 18:52:47 utils.py:140] ==================================
I 03-17 18:53:08 utils.py:131] === Checking the job status... ===
I 03-17 18:53:08 utils.py:137] Job status: JobStatus.RUNNING
I 03-17 18:53:08 utils.py:140] ==================================
I 03-17 18:53:28 utils.py:131] === Checking the job status... ===
I 03-17 18:53:29 utils.py:137] Job status: JobStatus.RUNNING
I 03-17 18:53:29 utils.py:140] ==================================
I 03-17 18:53:49 utils.py:131] === Checking the job status... ===
I 03-17 18:53:50 utils.py:137] Job status: JobStatus.RUNNING
I 03-17 18:53:50 utils.py:140] ==================================
I 03-17 18:54:10 utils.py:131] === Checking the job status... ===
I 03-17 18:54:11 utils.py:137] Job status: JobStatus.RUNNING
I 03-17 18:54:11 utils.py:140] ==================================
I 03-17 18:54:31 utils.py:131] === Checking the job status... ===
I 03-17 18:54:32 utils.py:137] Job status: JobStatus.RUNNING
I 03-17 18:54:32 utils.py:140] ==================================
I 03-17 18:54:52 utils.py:131] === Checking the job status... ===
I 03-17 18:54:53 utils.py:137] Job status: JobStatus.RUNNING
I 03-17 18:54:53 utils.py:140] ==================================
I 03-17 18:55:13 utils.py:131] === Checking the job status... ===
I 03-17 18:55:14 utils.py:137] Job status: JobStatus.RUNNING
I 03-17 18:55:14 utils.py:140] ==================================
I 03-17 18:55:34 utils.py:131] === Checking the job status... ===
I 03-17 18:55:34 utils.py:137] Job status: JobStatus.RUNNING
I 03-17 18:55:34 utils.py:140] ==================================
I 03-17 18:55:55 utils.py:131] === Checking the job status... ===
I 03-17 18:55:55 utils.py:137] Job status: JobStatus.RUNNING
I 03-17 18:55:55 utils.py:140] ==================================
I 03-17 18:56:15 utils.py:131] === Checking the job status... ===
I 03-17 18:56:20 utils.py:137] Job status: JobStatus.RUNNING
I 03-17 18:56:20 utils.py:140] ==================================
I 03-17 18:56:40 utils.py:131] === Checking the job status... ===
I 03-17 18:56:43 utils.py:137] Job status: JobStatus.RUNNING
I 03-17 18:56:43 utils.py:140] ==================================
I 03-17 18:57:03 utils.py:131] === Checking the job status... ===
I 03-17 18:57:04 utils.py:137] Job status: JobStatus.RUNNING
I 03-17 18:57:04 utils.py:140] ==================================
I 03-17 18:57:25 utils.py:131] === Checking the job status... ===
I 03-17 18:57:25 utils.py:137] Job status: JobStatus.RUNNING
I 03-17 18:57:25 utils.py:140] ==================================
I 03-17 18:57:45 utils.py:131] === Checking the job status... ===
I 03-17 18:57:46 utils.py:137] Job status: JobStatus.RUNNING
I 03-17 18:57:46 utils.py:140] ==================================
I 03-17 18:58:06 utils.py:131] === Checking the job status... ===
I 03-17 18:58:07 utils.py:137] Job status: JobStatus.RUNNING
I 03-17 18:58:07 utils.py:140] ==================================
I 03-17 18:58:27 utils.py:131] === Checking the job status... ===
I 03-17 18:58:27 utils.py:137] Job status: JobStatus.RUNNING
I 03-17 18:58:27 utils.py:140] ==================================
I 03-17 18:58:47 utils.py:131] === Checking the job status... ===
I 03-17 18:58:48 utils.py:137] Job status: JobStatus.RUNNING
I 03-17 18:58:48 utils.py:140] ==================================
I 03-17 18:59:08 utils.py:131] === Checking the job status... ===
I 03-17 18:59:09 utils.py:137] Job status: JobStatus.RUNNING
I 03-17 18:59:09 utils.py:140] ==================================
I 03-17 18:59:29 utils.py:131] === Checking the job status... ===
I 03-17 18:59:29 utils.py:137] Job status: JobStatus.RUNNING
I 03-17 18:59:29 utils.py:140] ==================================
I 03-17 18:59:50 utils.py:131] === Checking the job status... ===
I 03-17 18:59:50 utils.py:137] Job status: JobStatus.RUNNING
I 03-17 18:59:50 utils.py:140] ==================================
I 03-17 19:00:10 utils.py:131] === Checking the job status... ===
I 03-17 19:00:11 utils.py:137] Job status: JobStatus.RUNNING
I 03-17 19:00:11 utils.py:140] ==================================
I 03-17 19:00:31 utils.py:131] === Checking the job status... ===
I 03-17 19:00:32 utils.py:137] Job status: JobStatus.RUNNING
I 03-17 19:00:32 utils.py:140] ==================================
I 03-17 19:00:52 utils.py:131] === Checking the job status... ===
I 03-17 19:00:52 utils.py:137] Job status: JobStatus.RUNNING
I 03-17 19:00:52 utils.py:140] ==================================
I 03-17 19:01:12 utils.py:131] === Checking the job status... ===
I 03-17 19:01:13 utils.py:137] Job status: JobStatus.RUNNING
I 03-17 19:01:13 utils.py:140] ==================================
I 03-17 19:01:33 utils.py:131] === Checking the job status... ===
I 03-17 19:01:34 utils.py:137] Job status: JobStatus.RUNNING
I 03-17 19:01:34 utils.py:140] ==================================
I 03-17 19:01:54 utils.py:131] === Checking the job status... ===
I 03-17 19:01:55 utils.py:137] Job status: JobStatus.RUNNING
I 03-17 19:01:55 utils.py:140] ==================================
I 03-17 19:02:15 utils.py:131] === Checking the job status... ===
I 03-17 19:02:15 utils.py:137] Job status: JobStatus.RUNNING
I 03-17 19:02:15 utils.py:140] ==================================
I 03-17 19:02:35 utils.py:131] === Checking the job status... ===
I 03-17 19:02:36 utils.py:137] Job status: JobStatus.RUNNING
I 03-17 19:02:36 utils.py:140] ==================================
I 03-17 19:02:56 utils.py:131] === Checking the job status... ===
I 03-17 19:02:57 utils.py:137] Job status: JobStatus.RUNNING
I 03-17 19:02:57 utils.py:140] ==================================
I 03-17 19:03:17 utils.py:131] === Checking the job status... ===
I 03-17 19:03:17 utils.py:137] Job status: JobStatus.RUNNING
I 03-17 19:03:17 utils.py:140] ==================================
I 03-17 19:03:38 utils.py:131] === Checking the job status... ===
I 03-17 19:03:38 utils.py:137] Job status: JobStatus.RUNNING
I 03-17 19:03:38 utils.py:140] ==================================
I 03-17 19:03:58 utils.py:131] === Checking the job status... ===
I 03-17 19:03:59 utils.py:137] Job status: JobStatus.RUNNING
I 03-17 19:03:59 utils.py:140] ==================================
I 03-17 19:04:19 utils.py:131] === Checking the job status... ===
I 03-17 19:04:20 utils.py:137] Job status: JobStatus.RUNNING
I 03-17 19:04:20 utils.py:140] ==================================
I 03-17 19:04:40 utils.py:131] === Checking the job status... ===
I 03-17 19:04:40 utils.py:137] Job status: JobStatus.RUNNING
I 03-17 19:04:40 utils.py:140] ==================================
I 03-17 19:05:01 utils.py:131] === Checking the job status... ===
I 03-17 19:05:01 utils.py:137] Job status: JobStatus.RUNNING
I 03-17 19:05:01 utils.py:140] ==================================
I 03-17 19:05:21 utils.py:131] === Checking the job status... ===
I 03-17 19:05:22 utils.py:137] Job status: JobStatus.RUNNING
I 03-17 19:05:22 utils.py:140] ==================================
I 03-17 19:05:42 utils.py:131] === Checking the job status... ===
I 03-17 19:05:43 utils.py:137] Job status: JobStatus.RUNNING
I 03-17 19:05:43 utils.py:140] ==================================
I 03-17 19:06:03 utils.py:131] === Checking the job status... ===
I 03-17 19:06:03 utils.py:137] Job status: JobStatus.RUNNING
I 03-17 19:06:03 utils.py:140] ==================================
I 03-17 19:06:23 utils.py:131] === Checking the job status... ===
I 03-17 19:06:24 utils.py:137] Job status: JobStatus.RUNNING
I 03-17 19:06:24 utils.py:140] ==================================
I 03-17 19:06:44 utils.py:131] === Checking the job status... ===
I 03-17 19:06:45 utils.py:137] Job status: JobStatus.RUNNING
I 03-17 19:06:45 utils.py:140] ==================================
I 03-17 19:07:05 utils.py:131] === Checking the job status... ===
I 03-17 19:07:05 utils.py:137] Job status: JobStatus.RUNNING
I 03-17 19:07:05 utils.py:140] ==================================
I 03-17 19:07:25 utils.py:131] === Checking the job status... ===
I 03-17 19:07:26 utils.py:137] Job status: JobStatus.RUNNING
I 03-17 19:07:26 utils.py:140] ==================================
I 03-17 19:07:46 utils.py:131] === Checking the job status... ===
I 03-17 19:07:47 utils.py:137] Job status: JobStatus.RUNNING
I 03-17 19:07:47 utils.py:140] ==================================
I 03-17 19:08:07 utils.py:131] === Checking the job status... ===
I 03-17 19:08:07 utils.py:137] Job status: JobStatus.RUNNING
I 03-17 19:08:07 utils.py:140] ==================================
I 03-17 19:08:28 utils.py:131] === Checking the job status... ===
I 03-17 19:08:28 utils.py:137] Job status: JobStatus.RUNNING
I 03-17 19:08:28 utils.py:140] ==================================
I 03-17 19:08:48 utils.py:131] === Checking the job status... ===
I 03-17 19:08:49 utils.py:137] Job status: JobStatus.RUNNING
I 03-17 19:08:49 utils.py:140] ==================================
I 03-17 19:09:09 utils.py:131] === Checking the job status... ===
I 03-17 19:09:10 utils.py:137] Job status: JobStatus.RUNNING
I 03-17 19:09:10 utils.py:140] ==================================
I 03-17 19:09:30 utils.py:131] === Checking the job status... ===
I 03-17 19:09:30 utils.py:137] Job status: JobStatus.RUNNING
I 03-17 19:09:30 utils.py:140] ==================================
I 03-17 19:09:50 utils.py:131] === Checking the job status... ===
I 03-17 19:09:51 utils.py:137] Job status: JobStatus.RUNNING
I 03-17 19:09:51 utils.py:140] ==================================
I 03-17 19:10:11 utils.py:131] === Checking the job status... ===
I 03-17 19:10:12 utils.py:137] Job status: JobStatus.RUNNING
I 03-17 19:10:12 utils.py:140] ==================================
I 03-17 19:10:32 utils.py:131] === Checking the job status... ===
I 03-17 19:10:33 utils.py:137] Job status: JobStatus.RUNNING
I 03-17 19:10:33 utils.py:140] ==================================
I 03-17 19:10:53 utils.py:131] === Checking the job status... ===
I 03-17 19:10:53 utils.py:137] Job status: JobStatus.RUNNING
I 03-17 19:10:53 utils.py:140] ==================================
I 03-17 19:11:13 utils.py:131] === Checking the job status... ===
I 03-17 19:11:14 utils.py:137] Job status: JobStatus.RUNNING
I 03-17 19:11:14 utils.py:140] ==================================
I 03-17 19:11:34 utils.py:131] === Checking the job status... ===
I 03-17 19:11:35 utils.py:137] Job status: JobStatus.RUNNING
I 03-17 19:11:35 utils.py:140] ==================================
I 03-17 19:11:55 utils.py:131] === Checking the job status... ===
I 03-17 19:11:55 utils.py:137] Job status: JobStatus.RUNNING
I 03-17 19:11:55 utils.py:140] ==================================
I 03-17 19:12:16 utils.py:131] === Checking the job status... ===
I 03-17 19:12:16 utils.py:137] Job status: JobStatus.RUNNING
I 03-17 19:12:16 utils.py:140] ==================================
I 03-17 19:12:36 utils.py:131] === Checking the job status... ===
I 03-17 19:12:37 utils.py:137] Job status: JobStatus.RUNNING
I 03-17 19:12:37 utils.py:140] ==================================
I 03-17 19:12:57 utils.py:131] === Checking the job status... ===
I 03-17 19:12:58 utils.py:137] Job status: JobStatus.RUNNING
I 03-17 19:12:58 utils.py:140] ==================================
I 03-17 19:13:18 utils.py:131] === Checking the job status... ===
I 03-17 19:13:18 utils.py:137] Job status: JobStatus.RUNNING
I 03-17 19:13:18 utils.py:140] ==================================
I 03-17 19:13:38 utils.py:131] === Checking the job status... ===
I 03-17 19:13:39 utils.py:137] Job status: JobStatus.RUNNING
I 03-17 19:13:39 utils.py:140] ==================================
I 03-17 19:13:59 utils.py:131] === Checking the job status... ===
I 03-17 19:14:00 utils.py:137] Job status: JobStatus.RUNNING
I 03-17 19:14:00 utils.py:140] ==================================
I 03-17 19:14:20 utils.py:131] === Checking the job status... ===
I 03-17 19:14:20 utils.py:137] Job status: JobStatus.RUNNING
I 03-17 19:14:20 utils.py:140] ==================================
I 03-17 19:14:41 utils.py:131] === Checking the job status... ===
I 03-17 19:14:41 utils.py:137] Job status: JobStatus.RUNNING
I 03-17 19:14:41 utils.py:140] ==================================
I 03-17 19:15:01 utils.py:131] === Checking the job status... ===
I 03-17 19:15:02 utils.py:137] Job status: JobStatus.RUNNING
I 03-17 19:15:02 utils.py:140] ==================================
I 03-17 19:15:22 utils.py:131] === Checking the job status... ===
I 03-17 19:15:23 utils.py:137] Job status: JobStatus.RUNNING
I 03-17 19:15:23 utils.py:140] ==================================
I 03-17 19:15:43 utils.py:131] === Checking the job status... ===
I 03-17 19:15:43 utils.py:137] Job status: JobStatus.RUNNING
I 03-17 19:15:43 utils.py:140] ==================================
I 03-17 19:16:04 utils.py:131] === Checking the job status... ===
I 03-17 19:16:04 utils.py:137] Job status: JobStatus.RUNNING
I 03-17 19:16:04 utils.py:140] ==================================
I 03-17 19:16:24 utils.py:131] === Checking the job status... ===
I 03-17 19:16:25 utils.py:137] Job status: JobStatus.RUNNING
I 03-17 19:16:25 utils.py:140] ==================================
I 03-17 19:16:45 utils.py:131] === Checking the job status... ===
I 03-17 19:16:46 utils.py:137] Job status: JobStatus.RUNNING
I 03-17 19:16:46 utils.py:140] ==================================
I 03-17 19:17:06 utils.py:131] === Checking the job status... ===
I 03-17 19:17:06 utils.py:137] Job status: JobStatus.RUNNING
I 03-17 19:17:06 utils.py:140] ==================================
I 03-17 19:17:27 utils.py:131] === Checking the job status... ===
I 03-17 19:17:27 utils.py:137] Job status: JobStatus.RUNNING
I 03-17 19:17:27 utils.py:140] ==================================
I 03-17 19:17:47 utils.py:131] === Checking the job status... ===
I 03-17 19:17:48 utils.py:137] Job status: JobStatus.RUNNING
I 03-17 19:17:48 utils.py:140] ==================================
I 03-17 19:18:08 utils.py:131] === Checking the job status... ===
I 03-17 19:18:09 utils.py:137] Job status: JobStatus.RUNNING
I 03-17 19:18:09 utils.py:140] ==================================
I 03-17 19:18:29 utils.py:131] === Checking the job status... ===
I 03-17 19:18:29 utils.py:137] Job status: JobStatus.RUNNING
I 03-17 19:18:29 utils.py:140] ==================================
I 03-17 19:18:49 utils.py:131] === Checking the job status... ===
I 03-17 19:18:50 utils.py:137] Job status: JobStatus.RUNNING
I 03-17 19:18:50 utils.py:140] ==================================
I 03-17 19:19:10 utils.py:131] === Checking the job status... ===
I 03-17 19:19:11 utils.py:137] Job status: JobStatus.RUNNING
I 03-17 19:19:11 utils.py:140] ==================================
I 03-17 19:19:31 utils.py:131] === Checking the job status... ===
I 03-17 19:19:31 utils.py:137] Job status: JobStatus.RUNNING
I 03-17 19:19:31 utils.py:140] ==================================
I 03-17 19:19:51 utils.py:131] === Checking the job status... ===
I 03-17 19:19:52 utils.py:137] Job status: JobStatus.RUNNING
I 03-17 19:19:52 utils.py:140] ==================================
I 03-17 19:20:12 utils.py:131] === Checking the job status... ===
I 03-17 19:20:13 utils.py:137] Job status: JobStatus.RUNNING
I 03-17 19:20:13 utils.py:140] ==================================
I 03-17 19:20:33 utils.py:131] === Checking the job status... ===
I 03-17 19:20:34 utils.py:137] Job status: JobStatus.RUNNING
I 03-17 19:20:34 utils.py:140] ==================================
I 03-17 19:20:54 utils.py:131] === Checking the job status... ===
I 03-17 19:20:54 utils.py:137] Job status: JobStatus.RUNNING
I 03-17 19:20:54 utils.py:140] ==================================
I 03-17 19:21:14 utils.py:131] === Checking the job status... ===
I 03-17 19:21:15 utils.py:137] Job status: JobStatus.RUNNING
I 03-17 19:21:15 utils.py:140] ==================================
I 03-17 19:21:35 utils.py:131] === Checking the job status... ===
I 03-17 19:21:36 utils.py:137] Job status: JobStatus.RUNNING
I 03-17 19:21:36 utils.py:140] ==================================
I 03-17 19:21:56 utils.py:131] === Checking the job status... ===
I 03-17 19:21:56 utils.py:137] Job status: JobStatus.RUNNING
I 03-17 19:21:56 utils.py:140] ==================================
I 03-17 19:22:17 utils.py:131] === Checking the job status... ===
I 03-17 19:22:17 utils.py:137] Job status: JobStatus.RUNNING
I 03-17 19:22:17 utils.py:140] ==================================
I 03-17 19:22:37 utils.py:131] === Checking the job status... ===
I 03-17 19:22:38 utils.py:137] Job status: JobStatus.RUNNING
I 03-17 19:22:38 utils.py:140] ==================================
I 03-17 19:22:58 utils.py:131] === Checking the job status... ===
I 03-17 19:22:59 utils.py:137] Job status: JobStatus.RUNNING
I 03-17 19:22:59 utils.py:140] ==================================
I 03-17 19:23:19 utils.py:131] === Checking the job status... ===
I 03-17 19:23:19 utils.py:137] Job status: JobStatus.RUNNING
I 03-17 19:23:19 utils.py:140] ==================================
I 03-17 19:23:39 utils.py:131] === Checking the job status... ===
I 03-17 19:23:40 utils.py:137] Job status: JobStatus.RUNNING
I 03-17 19:23:40 utils.py:140] ==================================
I 03-17 19:24:00 utils.py:131] === Checking the job status... ===
I 03-17 19:24:01 utils.py:137] Job status: JobStatus.RUNNING
I 03-17 19:24:01 utils.py:140] ==================================
I 03-17 19:24:21 utils.py:131] === Checking the job status... ===
I 03-17 19:24:22 utils.py:137] Job status: JobStatus.RUNNING
I 03-17 19:24:22 utils.py:140] ==================================
I 03-17 19:24:42 utils.py:131] === Checking the job status... ===
I 03-17 19:24:42 utils.py:137] Job status: JobStatus.RUNNING
I 03-17 19:24:42 utils.py:140] ==================================
I 03-17 19:25:02 utils.py:131] === Checking the job status... ===
I 03-17 19:25:03 utils.py:137] Job status: JobStatus.RUNNING
I 03-17 19:25:03 utils.py:140] ==================================
I 03-17 19:25:23 utils.py:131] === Checking the job status... ===
I 03-17 19:25:24 utils.py:137] Job status: JobStatus.RUNNING
I 03-17 19:25:24 utils.py:140] ==================================
I 03-17 19:25:44 utils.py:131] === Checking the job status... ===
I 03-17 19:25:44 utils.py:137] Job status: JobStatus.RUNNING
I 03-17 19:25:44 utils.py:140] ==================================
I 03-17 19:26:04 utils.py:131] === Checking the job status... ===
I 03-17 19:26:05 utils.py:137] Job status: JobStatus.RUNNING
I 03-17 19:26:05 utils.py:140] ==================================
I 03-17 19:26:25 utils.py:131] === Checking the job status... ===
I 03-17 19:26:26 utils.py:137] Job status: JobStatus.RUNNING
I 03-17 19:26:26 utils.py:140] ==================================
I 03-17 19:26:46 utils.py:131] === Checking the job status... ===
I 03-17 19:26:47 utils.py:137] Job status: JobStatus.RUNNING
I 03-17 19:26:47 utils.py:140] ==================================
I 03-17 19:27:07 utils.py:131] === Checking the job status... ===
I 03-17 19:27:07 utils.py:137] Job status: JobStatus.RUNNING
I 03-17 19:27:07 utils.py:140] ==================================
I 03-17 19:27:27 utils.py:131] === Checking the job status... ===
I 03-17 19:27:28 utils.py:137] Job status: JobStatus.RUNNING
I 03-17 19:27:28 utils.py:140] ==================================
I 03-17 19:27:48 utils.py:131] === Checking the job status... ===
I 03-17 19:27:49 utils.py:137] Job status: JobStatus.RUNNING
I 03-17 19:27:49 utils.py:140] ==================================
I 03-17 19:28:09 utils.py:131] === Checking the job status... ===
I 03-17 19:28:09 utils.py:137] Job status: JobStatus.RUNNING
I 03-17 19:28:09 utils.py:140] ==================================
I 03-17 19:28:30 utils.py:131] === Checking the job status... ===
I 03-17 19:28:30 utils.py:137] Job status: JobStatus.RUNNING
I 03-17 19:28:30 utils.py:140] ==================================
I 03-17 19:28:50 utils.py:131] === Checking the job status... ===
I 03-17 19:28:51 utils.py:137] Job status: JobStatus.RUNNING
I 03-17 19:28:51 utils.py:140] ==================================
I 03-17 19:29:11 utils.py:131] === Checking the job status... ===
I 03-17 19:29:12 utils.py:137] Job status: JobStatus.RUNNING
I 03-17 19:29:12 utils.py:140] ==================================
I 03-17 19:29:32 utils.py:131] === Checking the job status... ===
I 03-17 19:29:32 utils.py:137] Job status: JobStatus.RUNNING
I 03-17 19:29:32 utils.py:140] ==================================
I 03-17 19:29:52 utils.py:131] === Checking the job status... ===
I 03-17 19:29:53 utils.py:137] Job status: JobStatus.RUNNING
I 03-17 19:29:53 utils.py:140] ==================================
I 03-17 19:30:13 utils.py:131] === Checking the job status... ===
I 03-17 19:30:14 utils.py:137] Job status: JobStatus.RUNNING
I 03-17 19:30:14 utils.py:140] ==================================
I 03-17 19:30:34 utils.py:131] === Checking the job status... ===
I 03-17 19:30:34 utils.py:137] Job status: JobStatus.RUNNING
I 03-17 19:30:34 utils.py:140] ==================================
I 03-17 19:30:55 utils.py:131] === Checking the job status... ===
I 03-17 19:30:55 utils.py:137] Job status: JobStatus.RUNNING
I 03-17 19:30:55 utils.py:140] ==================================
I 03-17 19:31:15 utils.py:131] === Checking the job status... ===
I 03-17 19:31:16 utils.py:137] Job status: JobStatus.RUNNING
I 03-17 19:31:16 utils.py:140] ==================================
I 03-17 19:31:36 utils.py:131] === Checking the job status... ===
I 03-17 19:31:36 utils.py:137] Job status: JobStatus.RUNNING
I 03-17 19:31:36 utils.py:140] ==================================
I 03-17 19:31:57 utils.py:131] === Checking the job status... ===
I 03-17 19:31:57 utils.py:137] Job status: JobStatus.RUNNING
I 03-17 19:31:57 utils.py:140] ==================================
I 03-17 19:32:17 utils.py:131] === Checking the job status... ===
I 03-17 19:32:18 utils.py:137] Job status: JobStatus.RUNNING
I 03-17 19:32:18 utils.py:140] ==================================
I 03-17 19:32:38 utils.py:131] === Checking the job status... ===
I 03-17 19:32:39 utils.py:137] Job status: JobStatus.RUNNING
I 03-17 19:32:39 utils.py:140] ==================================
I 03-17 19:32:59 utils.py:131] === Checking the job status... ===
I 03-17 19:32:59 utils.py:137] Job status: JobStatus.RUNNING
I 03-17 19:32:59 utils.py:140] ==================================
I 03-17 19:33:19 utils.py:131] === Checking the job status... ===
I 03-17 19:33:20 utils.py:137] Job status: JobStatus.RUNNING
I 03-17 19:33:20 utils.py:140] ==================================
I 03-17 19:33:40 utils.py:131] === Checking the job status... ===
I 03-17 19:33:41 utils.py:137] Job status: JobStatus.RUNNING
I 03-17 19:33:41 utils.py:140] ==================================
I 03-17 19:34:01 utils.py:131] === Checking the job status... ===
I 03-17 19:34:01 utils.py:137] Job status: JobStatus.RUNNING
I 03-17 19:34:01 utils.py:140] ==================================
I 03-17 19:34:22 utils.py:131] === Checking the job status... ===
I 03-17 19:34:22 utils.py:137] Job status: JobStatus.RUNNING
I 03-17 19:34:22 utils.py:140] ==================================
I 03-17 19:34:42 utils.py:131] === Checking the job status... ===
I 03-17 19:34:43 utils.py:137] Job status: JobStatus.RUNNING
I 03-17 19:34:43 utils.py:140] ==================================
I 03-17 19:35:03 utils.py:131] === Checking the job status... ===
I 03-17 19:35:04 utils.py:137] Job status: JobStatus.RUNNING
I 03-17 19:35:04 utils.py:140] ==================================
I 03-17 19:35:24 utils.py:131] === Checking the job status... ===
I 03-17 19:35:24 utils.py:137] Job status: JobStatus.RUNNING
I 03-17 19:35:24 utils.py:140] ==================================
I 03-17 19:35:44 utils.py:131] === Checking the job status... ===
I 03-17 19:35:45 utils.py:137] Job status: JobStatus.RUNNING
I 03-17 19:35:45 utils.py:140] ==================================
I 03-17 19:36:05 utils.py:131] === Checking the job status... ===
I 03-17 19:36:06 utils.py:137] Job status: JobStatus.RUNNING
I 03-17 19:36:06 utils.py:140] ==================================
I 03-17 19:36:26 utils.py:131] === Checking the job status... ===
I 03-17 19:36:27 utils.py:137] Job status: JobStatus.RUNNING
I 03-17 19:36:27 utils.py:140] ==================================
I 03-17 19:36:47 utils.py:131] === Checking the job status... ===
I 03-17 19:36:47 utils.py:137] Job status: JobStatus.RUNNING
I 03-17 19:36:47 utils.py:140] ==================================
I 03-17 19:37:07 utils.py:131] === Checking the job status... ===
I 03-17 19:37:08 utils.py:137] Job status: JobStatus.RUNNING
I 03-17 19:37:08 utils.py:140] ==================================
I 03-17 19:37:28 utils.py:131] === Checking the job status... ===
I 03-17 19:37:29 utils.py:137] Job status: JobStatus.RUNNING
I 03-17 19:37:29 utils.py:140] ==================================
I 03-17 19:37:49 utils.py:131] === Checking the job status... ===
I 03-17 19:37:49 utils.py:137] Job status: JobStatus.SUCCEEDED
I 03-17 19:37:49 utils.py:140] ==================================
I 03-17 19:37:50 state.py:561] Job succeeded.
I 03-17 19:37:50 controller.py:238] Managed job 66 (task: 0) SUCCEEDED. Cleaning up the cluster compute-text-vectors-66.
E 03-17 19:37:51 controller_utils.py:376] Failed to find the logs for the user program at ~/sky_logs/managed_jobs/sky-2025-03-17-18-49-23-194137/run.log.
I 03-17 19:37:51 controller.py:117] 
I 03-17 19:37:51 controller.py:117] == End of logs (ID: 66) ==
I 03-17 19:37:57 state.py:656] Cancellation skipped, job is already terminal
I 03-17 19:37:57 state.py:677] Cancellation skipped, job is not CANCELLING
I 03-17 19:37:58 controller.py:552] Killing controller process 37023.
I 03-17 19:37:58 controller.py:560] Controller process 37023 killed.
I 03-17 19:37:58 controller.py:562] Cleaning up any cluster for job 66.
I 03-17 19:37:59 storage.py:699] Verifying bucket for storage skypilot-filemounts-root-726f1974-3w6r5pmm
<sky-payload>"<rich_init>[bold cyan]Deleting S3 bucket [green]skypilot-filemounts-root-726f1974-3w6r5pmm[/][/]</rich_init>"</sky-payload>
<sky-payload>"<rich_update>[bold cyan]Deleting S3 bucket [green]skypilot-filemounts-root-726f1974-3w6r5pmm[/][/]</rich_update>"</sky-payload>
<sky-payload>"<rich_start>[bold cyan]Deleting S3 bucket [green]skypilot-filemounts-root-726f1974-3w6r5pmm[/][/]</rich_start>"</sky-payload>
<sky-payload>"<rich_exit></rich_exit>"</sky-payload>
I 03-17 19:38:04 storage.py:1505] [32mDeleted S3 bucket skypilot-filemounts-root-726f1974-3w6r5pmm.[0m
I 03-17 19:38:04 controller.py:571] Cluster of managed job 66 has been cleaned up.
