I 03-17 18:34:02 controller.py:59] DAG:
I 03-17 18:34:02 controller.py:59] [Task<name=compute-text-vectors>(run='# Initialize and dow...')
I 03-17 18:34:02 controller.py:59]   resources: AWS(cpus=4, {'L4': 1}, region=ap-northeast-2)]
I 03-17 18:34:02 controller.py:195] Submitted managed job 73 (task: 0, name: 'compute-text-vectors'); SKYPILOT_TASK_ID: sky-managed-2025-03-17-18-34-02-395649_compute-text-vectors_73-0
I 03-17 18:34:02 controller.py:199] Started monitoring.
I 03-17 18:34:02 state.py:451] Launching the spot cluster...
I 03-17 18:34:03 storage.py:1058] Storage type StoreType.S3 already exists.
<sky-payload>"<rich_init>[bold cyan]Optimizing[/]</rich_init>"</sky-payload>
<sky-payload>"<rich_update>[bold cyan]Optimizing[/]</rich_update>"</sky-payload>
<sky-payload>"<rich_start>[bold cyan]Optimizing[/]</rich_start>"</sky-payload>
I 03-17 18:34:04 optimizer.py:749] [1mEstimated cost: [0m$1.0 / hour
I 03-17 18:34:04 optimizer.py:749] 
I 03-17 18:34:04 optimizer.py:884] Considered resources (1 node):
I 03-17 18:34:04 optimizer.py:952] -------------------------------------------------------------------------------------------
I 03-17 18:34:04 optimizer.py:952]  CLOUD   INSTANCE    vCPUs   Mem(GB)   ACCELERATORS   REGION/ZONE      COST ($)   CHOSEN   
I 03-17 18:34:04 optimizer.py:952] -------------------------------------------------------------------------------------------
I 03-17 18:34:04 optimizer.py:952]  AWS     g6.xlarge   4       16        L4:1           ap-northeast-2   0.99       [32m   ✔[0m     
I 03-17 18:34:04 optimizer.py:952] -------------------------------------------------------------------------------------------
<sky-payload>"<rich_exit></rich_exit>"</sky-payload>
<sky-payload>"<rich_init>[bold cyan]Launching[/]</rich_init>"</sky-payload>
<sky-payload>"<rich_update>[bold cyan]Launching[/]</rich_update>"</sky-payload>
<sky-payload>"<rich_start>[bold cyan]Launching[/]</rich_start>"</sky-payload>
<sky-payload>"<rich_update>[bold cyan]Launching[/]  \u001b[2mView logs: sky api logs -l sky-2025-03-17-18-34-04-418345/provision.log\u001b[0m</rich_update>"</sky-payload>
<sky-payload>"<rich_update>[bold cyan]Launching[/]  \u001b[2mView logs: sky api logs -l sky-2025-03-17-18-34-04-418345/provision.log\u001b[0m</rich_update>"</sky-payload>
I 03-17 18:34:04 cloud_vm_ray_backend.py:1520] [0m⚙︎ Launching on AWS ap-northeast-2[0m (ap-northeast-2a,ap-northeast-2d).
[2mW 03-17 18:34:13 instance.py:243] create_instances: Attempt failed with An error occurred (InsufficientInstanceCapacity) when calling the RunInstances operation (reached max retries: 0): We currently do not have sufficient g6.xlarge capacity in the Availability Zone you requested (ap-northeast-2a). Our system will be working on provisioning additional capacity. You can currently get g6.xlarge capacity by not specifying an Availability Zone in your request or choosing ap-northeast-2d.[0m
[2mW 03-17 18:34:20 instance.py:243] create_instances: Attempt failed with An error occurred (InsufficientInstanceCapacity) when calling the RunInstances operation (reached max retries: 0): We currently do not have sufficient g6.xlarge capacity in the Availability Zone you requested (ap-northeast-2d). Our system will be working on provisioning additional capacity. You can currently get g6.xlarge capacity by not specifying an Availability Zone in your request or choosing ap-northeast-2a.[0m
W 03-17 18:34:21 cloud_vm_ray_backend.py:2061] sky.exceptions.ResourcesUnavailableError: Failed to acquire resources in all zones in ap-northeast-2 for {AWS(cpus=4, {'L4': 1})}. 
W 03-17 18:34:21 cloud_vm_ray_backend.py:2097] 
W 03-17 18:34:21 cloud_vm_ray_backend.py:2097] [0m[33m↺[0m Trying other potential resources.
<sky-payload>"<rich_update>[bold cyan]Looking for resources[/]  \u001b[2mView logs: sky api logs -l sky-2025-03-17-18-34-04-418345/provision.log\u001b[0m</rich_update>"</sky-payload>
<sky-payload>"<rich_update>[bold cyan]Optimizing[/]</rich_update>"</sky-payload>
<sky-payload>"<rich_start>[bold cyan]Launching[/]</rich_start>"</sky-payload>
<sky-payload>"<rich_update>[bold cyan]Looking for resources[/]  \u001b[2mView logs: sky api logs -l sky-2025-03-17-18-34-04-418345/provision.log\u001b[0m</rich_update>"</sky-payload>
E 03-17 18:34:21 cloud_vm_ray_backend.py:2904] [0m[31m⨯[0m Failed to provision resources. [2mView logs: sky api logs -l sky-2025-03-17-18-34-04-418345/provision.log[0m
<sky-payload>"<rich_exit></rich_exit>"</sky-payload>

[?25hI 03-17 18:34:21 recovery_strategy.py:326] Failed to launch a cluster with error: sky.exceptions.ResourcesUnavailableError: [31mFailed to provision all possible launchable resources.[0m Relax the task's resource requirements: 1x AWS(cpus=4, {'L4': 1})
I 03-17 18:34:21 recovery_strategy.py:326] To keep retrying until the cluster is up, use the `--retry-until-up` flag.
I 03-17 18:34:21 recovery_strategy.py:326] Reasons for provision failures (for details, please check the log above):
I 03-17 18:34:21 recovery_strategy.py:326] Resource          Reason                                                     
I 03-17 18:34:21 recovery_strategy.py:326] AWS(g6.xlarge,    Failed to acquire resources in all zones in ap-            
I 03-17 18:34:21 recovery_strategy.py:326] {'L4': 1})        northeast-2 for {AWS(cpus=4, {'L4': 1})}.                  )
I 03-17 18:34:21 recovery_strategy.py:364] Retrying to launch the cluster in 41.1 seconds.
I 03-17 18:35:03 storage.py:699] Verifying bucket for storage skypilot-filemounts-root-726f1974-edh9a5qd
<sky-payload>"<rich_init>[bold cyan]Optimizing[/]</rich_init>"</sky-payload>
<sky-payload>"<rich_update>[bold cyan]Optimizing[/]</rich_update>"</sky-payload>
<sky-payload>"<rich_start>[bold cyan]Optimizing[/]</rich_start>"</sky-payload>
I 03-17 18:35:04 optimizer.py:749] [1mEstimated cost: [0m$1.0 / hour
I 03-17 18:35:04 optimizer.py:749] 
I 03-17 18:35:04 optimizer.py:884] Considered resources (1 node):
I 03-17 18:35:04 optimizer.py:952] -------------------------------------------------------------------------------------------
I 03-17 18:35:04 optimizer.py:952]  CLOUD   INSTANCE    vCPUs   Mem(GB)   ACCELERATORS   REGION/ZONE      COST ($)   CHOSEN   
I 03-17 18:35:04 optimizer.py:952] -------------------------------------------------------------------------------------------
I 03-17 18:35:04 optimizer.py:952]  AWS     g6.xlarge   4       16        L4:1           ap-northeast-2   0.99       [32m   ✔[0m     
I 03-17 18:35:04 optimizer.py:952] -------------------------------------------------------------------------------------------
<sky-payload>"<rich_exit></rich_exit>"</sky-payload>
<sky-payload>"<rich_init>[bold cyan]Launching[/]</rich_init>"</sky-payload>
<sky-payload>"<rich_update>[bold cyan]Launching[/]</rich_update>"</sky-payload>
<sky-payload>"<rich_start>[bold cyan]Launching[/]</rich_start>"</sky-payload>
<sky-payload>"<rich_update>[bold cyan]Launching[/]  \u001b[2mView logs: sky api logs -l sky-2025-03-17-18-35-04-625874/provision.log\u001b[0m</rich_update>"</sky-payload>
<sky-payload>"<rich_update>[bold cyan]Launching[/]  \u001b[2mView logs: sky api logs -l sky-2025-03-17-18-35-04-625874/provision.log\u001b[0m</rich_update>"</sky-payload>
I 03-17 18:35:04 cloud_vm_ray_backend.py:1520] [0m⚙︎ Launching on AWS ap-northeast-2[0m (ap-northeast-2a,ap-northeast-2d).
[2mW 03-17 18:35:31 instance.py:243] create_instances: Attempt failed with An error occurred (InsufficientInstanceCapacity) when calling the RunInstances operation (reached max retries: 0): We currently do not have sufficient g6.xlarge capacity in the Availability Zone you requested (ap-northeast-2a). Our system will be working on provisioning additional capacity. You can currently get g6.xlarge capacity by not specifying an Availability Zone in your request or choosing ap-northeast-2d.[0m
[2mW 03-17 18:38:06 instance.py:243] create_instances: Attempt failed with An error occurred (InsufficientInstanceCapacity) when calling the RunInstances operation (reached max retries: 0): We currently do not have sufficient g6.xlarge capacity in the Availability Zone you requested (ap-northeast-2d). Our system will be working on provisioning additional capacity. You can currently get g6.xlarge capacity by not specifying an Availability Zone in your request or choosing ap-northeast-2a.[0m
W 03-17 18:38:06 cloud_vm_ray_backend.py:2061] sky.exceptions.ResourcesUnavailableError: Failed to acquire resources in all zones in ap-northeast-2 for {AWS(cpus=4, {'L4': 1})}. 
W 03-17 18:38:06 cloud_vm_ray_backend.py:2097] 
W 03-17 18:38:06 cloud_vm_ray_backend.py:2097] [0m[33m↺[0m Trying other potential resources.
<sky-payload>"<rich_update>[bold cyan]Looking for resources[/]  \u001b[2mView logs: sky api logs -l sky-2025-03-17-18-35-04-625874/provision.log\u001b[0m</rich_update>"</sky-payload>
<sky-payload>"<rich_update>[bold cyan]Optimizing[/]</rich_update>"</sky-payload>
<sky-payload>"<rich_start>[bold cyan]Launching[/]</rich_start>"</sky-payload>
<sky-payload>"<rich_update>[bold cyan]Looking for resources[/]  \u001b[2mView logs: sky api logs -l sky-2025-03-17-18-35-04-625874/provision.log\u001b[0m</rich_update>"</sky-payload>
E 03-17 18:38:06 cloud_vm_ray_backend.py:2904] [0m[31m⨯[0m Failed to provision resources. [2mView logs: sky api logs -l sky-2025-03-17-18-35-04-625874/provision.log[0m
<sky-payload>"<rich_exit></rich_exit>"</sky-payload>

[?25hI 03-17 18:38:07 recovery_strategy.py:326] Failed to launch a cluster with error: sky.exceptions.ResourcesUnavailableError: [31mFailed to provision all possible launchable resources.[0m Relax the task's resource requirements: 1x AWS(cpus=4, {'L4': 1})
I 03-17 18:38:07 recovery_strategy.py:326] To keep retrying until the cluster is up, use the `--retry-until-up` flag.
I 03-17 18:38:07 recovery_strategy.py:326] Reasons for provision failures (for details, please check the log above):
I 03-17 18:38:07 recovery_strategy.py:326] Resource          Reason                                                     
I 03-17 18:38:07 recovery_strategy.py:326] AWS(g6.xlarge,    Failed to acquire resources in all zones in ap-            
I 03-17 18:38:07 recovery_strategy.py:326] {'L4': 1})        northeast-2 for {AWS(cpus=4, {'L4': 1})}.                  )
I 03-17 18:38:07 recovery_strategy.py:364] Retrying to launch the cluster in 90.8 seconds.
I 03-17 18:39:39 storage.py:699] Verifying bucket for storage skypilot-filemounts-root-726f1974-edh9a5qd
<sky-payload>"<rich_init>[bold cyan]Optimizing[/]</rich_init>"</sky-payload>
<sky-payload>"<rich_update>[bold cyan]Optimizing[/]</rich_update>"</sky-payload>
<sky-payload>"<rich_start>[bold cyan]Optimizing[/]</rich_start>"</sky-payload>
I 03-17 18:39:39 optimizer.py:749] [1mEstimated cost: [0m$1.0 / hour
I 03-17 18:39:39 optimizer.py:749] 
I 03-17 18:39:39 optimizer.py:884] Considered resources (1 node):
I 03-17 18:39:39 optimizer.py:952] -------------------------------------------------------------------------------------------
I 03-17 18:39:39 optimizer.py:952]  CLOUD   INSTANCE    vCPUs   Mem(GB)   ACCELERATORS   REGION/ZONE      COST ($)   CHOSEN   
I 03-17 18:39:39 optimizer.py:952] -------------------------------------------------------------------------------------------
I 03-17 18:39:39 optimizer.py:952]  AWS     g6.xlarge   4       16        L4:1           ap-northeast-2   0.99       [32m   ✔[0m     
I 03-17 18:39:39 optimizer.py:952] -------------------------------------------------------------------------------------------
<sky-payload>"<rich_exit></rich_exit>"</sky-payload>
<sky-payload>"<rich_init>[bold cyan]Launching[/]</rich_init>"</sky-payload>
<sky-payload>"<rich_update>[bold cyan]Launching[/]</rich_update>"</sky-payload>
<sky-payload>"<rich_start>[bold cyan]Launching[/]</rich_start>"</sky-payload>
<sky-payload>"<rich_update>[bold cyan]Launching[/]  \u001b[2mView logs: sky api logs -l sky-2025-03-17-18-39-39-899266/provision.log\u001b[0m</rich_update>"</sky-payload>
<sky-payload>"<rich_update>[bold cyan]Launching[/]  \u001b[2mView logs: sky api logs -l sky-2025-03-17-18-39-39-899266/provision.log\u001b[0m</rich_update>"</sky-payload>
I 03-17 18:39:40 cloud_vm_ray_backend.py:1520] [0m⚙︎ Launching on AWS ap-northeast-2[0m (ap-northeast-2a,ap-northeast-2d).
[2mW 03-17 18:40:35 instance.py:243] create_instances: Attempt failed with An error occurred (InsufficientInstanceCapacity) when calling the RunInstances operation (reached max retries: 0): We currently do not have sufficient g6.xlarge capacity in the Availability Zone you requested (ap-northeast-2a). Our system will be working on provisioning additional capacity. You can currently get g6.xlarge capacity by not specifying an Availability Zone in your request or choosing ap-northeast-2d.[0m
[2mW 03-17 18:40:42 instance.py:243] create_instances: Attempt failed with An error occurred (InsufficientInstanceCapacity) when calling the RunInstances operation (reached max retries: 0): We currently do not have sufficient g6.xlarge capacity in the Availability Zone you requested (ap-northeast-2d). Our system will be working on provisioning additional capacity. You can currently get g6.xlarge capacity by not specifying an Availability Zone in your request or choosing ap-northeast-2a.[0m
W 03-17 18:40:43 cloud_vm_ray_backend.py:2061] sky.exceptions.ResourcesUnavailableError: Failed to acquire resources in all zones in ap-northeast-2 for {AWS(cpus=4, {'L4': 1})}. 
W 03-17 18:40:43 cloud_vm_ray_backend.py:2097] 
W 03-17 18:40:43 cloud_vm_ray_backend.py:2097] [0m[33m↺[0m Trying other potential resources.
<sky-payload>"<rich_update>[bold cyan]Looking for resources[/]  \u001b[2mView logs: sky api logs -l sky-2025-03-17-18-39-39-899266/provision.log\u001b[0m</rich_update>"</sky-payload>
<sky-payload>"<rich_update>[bold cyan]Optimizing[/]</rich_update>"</sky-payload>
<sky-payload>"<rich_start>[bold cyan]Launching[/]</rich_start>"</sky-payload>
<sky-payload>"<rich_update>[bold cyan]Looking for resources[/]  \u001b[2mView logs: sky api logs -l sky-2025-03-17-18-39-39-899266/provision.log\u001b[0m</rich_update>"</sky-payload>
E 03-17 18:40:43 cloud_vm_ray_backend.py:2904] [0m[31m⨯[0m Failed to provision resources. [2mView logs: sky api logs -l sky-2025-03-17-18-39-39-899266/provision.log[0m
<sky-payload>"<rich_exit></rich_exit>"</sky-payload>

[?25hI 03-17 18:40:43 recovery_strategy.py:326] Failed to launch a cluster with error: sky.exceptions.ResourcesUnavailableError: [31mFailed to provision all possible launchable resources.[0m Relax the task's resource requirements: 1x AWS(cpus=4, {'L4': 1})
I 03-17 18:40:43 recovery_strategy.py:326] To keep retrying until the cluster is up, use the `--retry-until-up` flag.
I 03-17 18:40:43 recovery_strategy.py:326] Reasons for provision failures (for details, please check the log above):
I 03-17 18:40:43 recovery_strategy.py:326] Resource          Reason                                                     
I 03-17 18:40:43 recovery_strategy.py:326] AWS(g6.xlarge,    Failed to acquire resources in all zones in ap-            
I 03-17 18:40:43 recovery_strategy.py:326] {'L4': 1})        northeast-2 for {AWS(cpus=4, {'L4': 1})}.                  )
I 03-17 18:40:43 recovery_strategy.py:364] Retrying to launch the cluster in 168.2 seconds.
I 03-17 18:43:32 storage.py:699] Verifying bucket for storage skypilot-filemounts-root-726f1974-edh9a5qd
<sky-payload>"<rich_init>[bold cyan]Optimizing[/]</rich_init>"</sky-payload>
<sky-payload>"<rich_update>[bold cyan]Optimizing[/]</rich_update>"</sky-payload>
<sky-payload>"<rich_start>[bold cyan]Optimizing[/]</rich_start>"</sky-payload>
I 03-17 18:43:33 optimizer.py:749] [1mEstimated cost: [0m$1.0 / hour
I 03-17 18:43:33 optimizer.py:749] 
I 03-17 18:43:33 optimizer.py:884] Considered resources (1 node):
I 03-17 18:43:33 optimizer.py:952] -------------------------------------------------------------------------------------------
I 03-17 18:43:33 optimizer.py:952]  CLOUD   INSTANCE    vCPUs   Mem(GB)   ACCELERATORS   REGION/ZONE      COST ($)   CHOSEN   
I 03-17 18:43:33 optimizer.py:952] -------------------------------------------------------------------------------------------
I 03-17 18:43:33 optimizer.py:952]  AWS     g6.xlarge   4       16        L4:1           ap-northeast-2   0.99       [32m   ✔[0m     
I 03-17 18:43:33 optimizer.py:952] -------------------------------------------------------------------------------------------
<sky-payload>"<rich_exit></rich_exit>"</sky-payload>
<sky-payload>"<rich_init>[bold cyan]Launching[/]</rich_init>"</sky-payload>
<sky-payload>"<rich_update>[bold cyan]Launching[/]</rich_update>"</sky-payload>
<sky-payload>"<rich_start>[bold cyan]Launching[/]</rich_start>"</sky-payload>
<sky-payload>"<rich_update>[bold cyan]Launching[/]  \u001b[2mView logs: sky api logs -l sky-2025-03-17-18-43-33-718688/provision.log\u001b[0m</rich_update>"</sky-payload>
<sky-payload>"<rich_update>[bold cyan]Launching[/]  \u001b[2mView logs: sky api logs -l sky-2025-03-17-18-43-33-718688/provision.log\u001b[0m</rich_update>"</sky-payload>
I 03-17 18:43:33 cloud_vm_ray_backend.py:1520] [0m⚙︎ Launching on AWS ap-northeast-2[0m (ap-northeast-2a,ap-northeast-2d).
[2mW 03-17 18:43:40 instance.py:243] create_instances: Attempt failed with An error occurred (InsufficientInstanceCapacity) when calling the RunInstances operation (reached max retries: 0): We currently do not have sufficient g6.xlarge capacity in the Availability Zone you requested (ap-northeast-2a). Our system will be working on provisioning additional capacity. You can currently get g6.xlarge capacity by not specifying an Availability Zone in your request or choosing ap-northeast-2d.[0m
[2mW 03-17 18:43:55 instance.py:243] create_instances: Attempt failed with An error occurred (InsufficientInstanceCapacity) when calling the RunInstances operation (reached max retries: 0): We currently do not have sufficient g6.xlarge capacity in the Availability Zone you requested (ap-northeast-2d). Our system will be working on provisioning additional capacity. You can currently get g6.xlarge capacity by not specifying an Availability Zone in your request or choosing ap-northeast-2a.[0m
W 03-17 18:43:55 cloud_vm_ray_backend.py:2061] sky.exceptions.ResourcesUnavailableError: Failed to acquire resources in all zones in ap-northeast-2 for {AWS(cpus=4, {'L4': 1})}. 
W 03-17 18:43:55 cloud_vm_ray_backend.py:2097] 
W 03-17 18:43:55 cloud_vm_ray_backend.py:2097] [0m[33m↺[0m Trying other potential resources.
<sky-payload>"<rich_update>[bold cyan]Looking for resources[/]  \u001b[2mView logs: sky api logs -l sky-2025-03-17-18-43-33-718688/provision.log\u001b[0m</rich_update>"</sky-payload>
<sky-payload>"<rich_update>[bold cyan]Optimizing[/]</rich_update>"</sky-payload>
<sky-payload>"<rich_start>[bold cyan]Launching[/]</rich_start>"</sky-payload>
<sky-payload>"<rich_update>[bold cyan]Looking for resources[/]  \u001b[2mView logs: sky api logs -l sky-2025-03-17-18-43-33-718688/provision.log\u001b[0m</rich_update>"</sky-payload>
E 03-17 18:43:56 cloud_vm_ray_backend.py:2904] [0m[31m⨯[0m Failed to provision resources. [2mView logs: sky api logs -l sky-2025-03-17-18-43-33-718688/provision.log[0m
<sky-payload>"<rich_exit></rich_exit>"</sky-payload>

[?25hI 03-17 18:43:56 recovery_strategy.py:326] Failed to launch a cluster with error: sky.exceptions.ResourcesUnavailableError: [31mFailed to provision all possible launchable resources.[0m Relax the task's resource requirements: 1x AWS(cpus=4, {'L4': 1})
I 03-17 18:43:56 recovery_strategy.py:326] To keep retrying until the cluster is up, use the `--retry-until-up` flag.
I 03-17 18:43:56 recovery_strategy.py:326] Reasons for provision failures (for details, please check the log above):
I 03-17 18:43:56 recovery_strategy.py:326] Resource          Reason                                                     
I 03-17 18:43:56 recovery_strategy.py:326] AWS(g6.xlarge,    Failed to acquire resources in all zones in ap-            
I 03-17 18:43:56 recovery_strategy.py:326] {'L4': 1})        northeast-2 for {AWS(cpus=4, {'L4': 1})}.                  )
I 03-17 18:43:56 recovery_strategy.py:364] Retrying to launch the cluster in 265.8 seconds.
I 03-17 18:48:23 storage.py:699] Verifying bucket for storage skypilot-filemounts-root-726f1974-edh9a5qd
<sky-payload>"<rich_init>[bold cyan]Optimizing[/]</rich_init>"</sky-payload>
<sky-payload>"<rich_update>[bold cyan]Optimizing[/]</rich_update>"</sky-payload>
<sky-payload>"<rich_start>[bold cyan]Optimizing[/]</rich_start>"</sky-payload>
I 03-17 18:48:24 optimizer.py:749] [1mEstimated cost: [0m$1.0 / hour
I 03-17 18:48:24 optimizer.py:749] 
I 03-17 18:48:24 optimizer.py:884] Considered resources (1 node):
I 03-17 18:48:24 optimizer.py:952] -------------------------------------------------------------------------------------------
I 03-17 18:48:24 optimizer.py:952]  CLOUD   INSTANCE    vCPUs   Mem(GB)   ACCELERATORS   REGION/ZONE      COST ($)   CHOSEN   
I 03-17 18:48:24 optimizer.py:952] -------------------------------------------------------------------------------------------
I 03-17 18:48:24 optimizer.py:952]  AWS     g6.xlarge   4       16        L4:1           ap-northeast-2   0.99       [32m   ✔[0m     
I 03-17 18:48:24 optimizer.py:952] -------------------------------------------------------------------------------------------
<sky-payload>"<rich_exit></rich_exit>"</sky-payload>
<sky-payload>"<rich_init>[bold cyan]Launching[/]</rich_init>"</sky-payload>
<sky-payload>"<rich_update>[bold cyan]Launching[/]</rich_update>"</sky-payload>
<sky-payload>"<rich_start>[bold cyan]Launching[/]</rich_start>"</sky-payload>
<sky-payload>"<rich_update>[bold cyan]Launching[/]  \u001b[2mView logs: sky api logs -l sky-2025-03-17-18-48-24-250323/provision.log\u001b[0m</rich_update>"</sky-payload>
<sky-payload>"<rich_update>[bold cyan]Launching[/]  \u001b[2mView logs: sky api logs -l sky-2025-03-17-18-48-24-250323/provision.log\u001b[0m</rich_update>"</sky-payload>
I 03-17 18:48:24 cloud_vm_ray_backend.py:1520] [0m⚙︎ Launching on AWS ap-northeast-2[0m (ap-northeast-2a,ap-northeast-2d).
[2mW 03-17 18:48:27 instance.py:243] create_instances: Attempt failed with An error occurred (InsufficientInstanceCapacity) when calling the RunInstances operation (reached max retries: 0): We currently do not have sufficient g6.xlarge capacity in the Availability Zone you requested (ap-northeast-2a). Our system will be working on provisioning additional capacity. You can currently get g6.xlarge capacity by not specifying an Availability Zone in your request or choosing ap-northeast-2d.[0m
[2mW 03-17 18:48:28 instance.py:243] create_instances: Attempt failed with An error occurred (InsufficientInstanceCapacity) when calling the RunInstances operation (reached max retries: 0): We currently do not have sufficient g6.xlarge capacity in the Availability Zone you requested (ap-northeast-2d). Our system will be working on provisioning additional capacity. You can currently get g6.xlarge capacity by not specifying an Availability Zone in your request or choosing ap-northeast-2a.[0m
W 03-17 18:48:28 cloud_vm_ray_backend.py:2061] sky.exceptions.ResourcesUnavailableError: Failed to acquire resources in all zones in ap-northeast-2 for {AWS(cpus=4, {'L4': 1})}. 
W 03-17 18:48:28 cloud_vm_ray_backend.py:2097] 
W 03-17 18:48:28 cloud_vm_ray_backend.py:2097] [0m[33m↺[0m Trying other potential resources.
<sky-payload>"<rich_update>[bold cyan]Looking for resources[/]  \u001b[2mView logs: sky api logs -l sky-2025-03-17-18-48-24-250323/provision.log\u001b[0m</rich_update>"</sky-payload>
<sky-payload>"<rich_update>[bold cyan]Optimizing[/]</rich_update>"</sky-payload>
<sky-payload>"<rich_start>[bold cyan]Launching[/]</rich_start>"</sky-payload>
<sky-payload>"<rich_update>[bold cyan]Looking for resources[/]  \u001b[2mView logs: sky api logs -l sky-2025-03-17-18-48-24-250323/provision.log\u001b[0m</rich_update>"</sky-payload>
E 03-17 18:48:28 cloud_vm_ray_backend.py:2904] [0m[31m⨯[0m Failed to provision resources. [2mView logs: sky api logs -l sky-2025-03-17-18-48-24-250323/provision.log[0m
<sky-payload>"<rich_exit></rich_exit>"</sky-payload>

[?25hI 03-17 18:48:29 recovery_strategy.py:326] Failed to launch a cluster with error: sky.exceptions.ResourcesUnavailableError: [31mFailed to provision all possible launchable resources.[0m Relax the task's resource requirements: 1x AWS(cpus=4, {'L4': 1})
I 03-17 18:48:29 recovery_strategy.py:326] To keep retrying until the cluster is up, use the `--retry-until-up` flag.
I 03-17 18:48:29 recovery_strategy.py:326] Reasons for provision failures (for details, please check the log above):
I 03-17 18:48:29 recovery_strategy.py:326] Resource          Reason                                                     
I 03-17 18:48:29 recovery_strategy.py:326] AWS(g6.xlarge,    Failed to acquire resources in all zones in ap-            
I 03-17 18:48:29 recovery_strategy.py:326] {'L4': 1})        northeast-2 for {AWS(cpus=4, {'L4': 1})}.                  )
I 03-17 18:48:29 recovery_strategy.py:364] Retrying to launch the cluster in 307.9 seconds.
I 03-17 18:53:38 storage.py:699] Verifying bucket for storage skypilot-filemounts-root-726f1974-edh9a5qd
<sky-payload>"<rich_init>[bold cyan]Optimizing[/]</rich_init>"</sky-payload>
<sky-payload>"<rich_update>[bold cyan]Optimizing[/]</rich_update>"</sky-payload>
<sky-payload>"<rich_start>[bold cyan]Optimizing[/]</rich_start>"</sky-payload>
I 03-17 18:53:39 optimizer.py:749] [1mEstimated cost: [0m$1.0 / hour
I 03-17 18:53:39 optimizer.py:749] 
I 03-17 18:53:39 optimizer.py:884] Considered resources (1 node):
I 03-17 18:53:39 optimizer.py:952] -------------------------------------------------------------------------------------------
I 03-17 18:53:39 optimizer.py:952]  CLOUD   INSTANCE    vCPUs   Mem(GB)   ACCELERATORS   REGION/ZONE      COST ($)   CHOSEN   
I 03-17 18:53:39 optimizer.py:952] -------------------------------------------------------------------------------------------
I 03-17 18:53:39 optimizer.py:952]  AWS     g6.xlarge   4       16        L4:1           ap-northeast-2   0.99       [32m   ✔[0m     
I 03-17 18:53:39 optimizer.py:952] -------------------------------------------------------------------------------------------
<sky-payload>"<rich_exit></rich_exit>"</sky-payload>
<sky-payload>"<rich_init>[bold cyan]Launching[/]</rich_init>"</sky-payload>
<sky-payload>"<rich_update>[bold cyan]Launching[/]</rich_update>"</sky-payload>
<sky-payload>"<rich_start>[bold cyan]Launching[/]</rich_start>"</sky-payload>
<sky-payload>"<rich_update>[bold cyan]Launching[/]  \u001b[2mView logs: sky api logs -l sky-2025-03-17-18-53-39-339428/provision.log\u001b[0m</rich_update>"</sky-payload>
<sky-payload>"<rich_update>[bold cyan]Launching[/]  \u001b[2mView logs: sky api logs -l sky-2025-03-17-18-53-39-339428/provision.log\u001b[0m</rich_update>"</sky-payload>
I 03-17 18:53:39 cloud_vm_ray_backend.py:1520] [0m⚙︎ Launching on AWS ap-northeast-2[0m (ap-northeast-2a,ap-northeast-2d).
[2mW 03-17 18:53:42 instance.py:243] create_instances: Attempt failed with An error occurred (InsufficientInstanceCapacity) when calling the RunInstances operation (reached max retries: 0): We currently do not have sufficient g6.xlarge capacity in the Availability Zone you requested (ap-northeast-2a). Our system will be working on provisioning additional capacity. You can currently get g6.xlarge capacity by not specifying an Availability Zone in your request or choosing ap-northeast-2d.[0m
[2mW 03-17 18:53:43 instance.py:243] create_instances: Attempt failed with An error occurred (InsufficientInstanceCapacity) when calling the RunInstances operation (reached max retries: 0): We currently do not have sufficient g6.xlarge capacity in the Availability Zone you requested (ap-northeast-2d). Our system will be working on provisioning additional capacity. You can currently get g6.xlarge capacity by not specifying an Availability Zone in your request or choosing ap-northeast-2a.[0m
W 03-17 18:53:44 cloud_vm_ray_backend.py:2061] sky.exceptions.ResourcesUnavailableError: Failed to acquire resources in all zones in ap-northeast-2 for {AWS(cpus=4, {'L4': 1})}. 
W 03-17 18:53:44 cloud_vm_ray_backend.py:2097] 
W 03-17 18:53:44 cloud_vm_ray_backend.py:2097] [0m[33m↺[0m Trying other potential resources.
<sky-payload>"<rich_update>[bold cyan]Looking for resources[/]  \u001b[2mView logs: sky api logs -l sky-2025-03-17-18-53-39-339428/provision.log\u001b[0m</rich_update>"</sky-payload>
<sky-payload>"<rich_update>[bold cyan]Optimizing[/]</rich_update>"</sky-payload>
<sky-payload>"<rich_start>[bold cyan]Launching[/]</rich_start>"</sky-payload>
<sky-payload>"<rich_update>[bold cyan]Looking for resources[/]  \u001b[2mView logs: sky api logs -l sky-2025-03-17-18-53-39-339428/provision.log\u001b[0m</rich_update>"</sky-payload>
E 03-17 18:53:44 cloud_vm_ray_backend.py:2904] [0m[31m⨯[0m Failed to provision resources. [2mView logs: sky api logs -l sky-2025-03-17-18-53-39-339428/provision.log[0m
<sky-payload>"<rich_exit></rich_exit>"</sky-payload>

[?25hI 03-17 18:53:44 recovery_strategy.py:326] Failed to launch a cluster with error: sky.exceptions.ResourcesUnavailableError: [31mFailed to provision all possible launchable resources.[0m Relax the task's resource requirements: 1x AWS(cpus=4, {'L4': 1})
I 03-17 18:53:44 recovery_strategy.py:326] To keep retrying until the cluster is up, use the `--retry-until-up` flag.
I 03-17 18:53:44 recovery_strategy.py:326] Reasons for provision failures (for details, please check the log above):
I 03-17 18:53:44 recovery_strategy.py:326] Resource          Reason                                                     
I 03-17 18:53:44 recovery_strategy.py:326] AWS(g6.xlarge,    Failed to acquire resources in all zones in ap-            
I 03-17 18:53:44 recovery_strategy.py:326] {'L4': 1})        northeast-2 for {AWS(cpus=4, {'L4': 1})}.                  )
I 03-17 18:53:44 recovery_strategy.py:364] Retrying to launch the cluster in 308.8 seconds.
I 03-17 18:58:54 storage.py:699] Verifying bucket for storage skypilot-filemounts-root-726f1974-edh9a5qd
<sky-payload>"<rich_init>[bold cyan]Optimizing[/]</rich_init>"</sky-payload>
<sky-payload>"<rich_update>[bold cyan]Optimizing[/]</rich_update>"</sky-payload>
<sky-payload>"<rich_start>[bold cyan]Optimizing[/]</rich_start>"</sky-payload>
I 03-17 18:58:55 optimizer.py:749] [1mEstimated cost: [0m$1.0 / hour
I 03-17 18:58:55 optimizer.py:749] 
I 03-17 18:58:55 optimizer.py:884] Considered resources (1 node):
I 03-17 18:58:55 optimizer.py:952] -------------------------------------------------------------------------------------------
I 03-17 18:58:55 optimizer.py:952]  CLOUD   INSTANCE    vCPUs   Mem(GB)   ACCELERATORS   REGION/ZONE      COST ($)   CHOSEN   
I 03-17 18:58:55 optimizer.py:952] -------------------------------------------------------------------------------------------
I 03-17 18:58:55 optimizer.py:952]  AWS     g6.xlarge   4       16        L4:1           ap-northeast-2   0.99       [32m   ✔[0m     
I 03-17 18:58:55 optimizer.py:952] -------------------------------------------------------------------------------------------
<sky-payload>"<rich_exit></rich_exit>"</sky-payload>
<sky-payload>"<rich_init>[bold cyan]Launching[/]</rich_init>"</sky-payload>
<sky-payload>"<rich_update>[bold cyan]Launching[/]</rich_update>"</sky-payload>
<sky-payload>"<rich_start>[bold cyan]Launching[/]</rich_start>"</sky-payload>
<sky-payload>"<rich_update>[bold cyan]Launching[/]  \u001b[2mView logs: sky api logs -l sky-2025-03-17-18-58-55-481710/provision.log\u001b[0m</rich_update>"</sky-payload>
<sky-payload>"<rich_update>[bold cyan]Launching[/]  \u001b[2mView logs: sky api logs -l sky-2025-03-17-18-58-55-481710/provision.log\u001b[0m</rich_update>"</sky-payload>
I 03-17 18:58:55 cloud_vm_ray_backend.py:1520] [0m⚙︎ Launching on AWS ap-northeast-2[0m (ap-northeast-2a,ap-northeast-2d).
[2mW 03-17 18:58:58 instance.py:243] create_instances: Attempt failed with An error occurred (InsufficientInstanceCapacity) when calling the RunInstances operation (reached max retries: 0): We currently do not have sufficient g6.xlarge capacity in the Availability Zone you requested (ap-northeast-2a). Our system will be working on provisioning additional capacity. You can currently get g6.xlarge capacity by not specifying an Availability Zone in your request or choosing ap-northeast-2d.[0m
[2mW 03-17 18:58:59 instance.py:243] create_instances: Attempt failed with An error occurred (InsufficientInstanceCapacity) when calling the RunInstances operation (reached max retries: 0): We currently do not have sufficient g6.xlarge capacity in the Availability Zone you requested (ap-northeast-2d). Our system will be working on provisioning additional capacity. You can currently get g6.xlarge capacity by not specifying an Availability Zone in your request or choosing ap-northeast-2a.[0m
W 03-17 18:59:00 cloud_vm_ray_backend.py:2061] sky.exceptions.ResourcesUnavailableError: Failed to acquire resources in all zones in ap-northeast-2 for {AWS(cpus=4, {'L4': 1})}. 
W 03-17 18:59:00 cloud_vm_ray_backend.py:2097] 
W 03-17 18:59:00 cloud_vm_ray_backend.py:2097] [0m[33m↺[0m Trying other potential resources.
<sky-payload>"<rich_update>[bold cyan]Looking for resources[/]  \u001b[2mView logs: sky api logs -l sky-2025-03-17-18-58-55-481710/provision.log\u001b[0m</rich_update>"</sky-payload>
<sky-payload>"<rich_update>[bold cyan]Optimizing[/]</rich_update>"</sky-payload>
<sky-payload>"<rich_start>[bold cyan]Launching[/]</rich_start>"</sky-payload>
<sky-payload>"<rich_update>[bold cyan]Looking for resources[/]  \u001b[2mView logs: sky api logs -l sky-2025-03-17-18-58-55-481710/provision.log\u001b[0m</rich_update>"</sky-payload>
E 03-17 18:59:00 cloud_vm_ray_backend.py:2904] [0m[31m⨯[0m Failed to provision resources. [2mView logs: sky api logs -l sky-2025-03-17-18-58-55-481710/provision.log[0m
<sky-payload>"<rich_exit></rich_exit>"</sky-payload>

[?25hI 03-17 18:59:00 recovery_strategy.py:326] Failed to launch a cluster with error: sky.exceptions.ResourcesUnavailableError: [31mFailed to provision all possible launchable resources.[0m Relax the task's resource requirements: 1x AWS(cpus=4, {'L4': 1})
I 03-17 18:59:00 recovery_strategy.py:326] To keep retrying until the cluster is up, use the `--retry-until-up` flag.
I 03-17 18:59:00 recovery_strategy.py:326] Reasons for provision failures (for details, please check the log above):
I 03-17 18:59:00 recovery_strategy.py:326] Resource          Reason                                                     
I 03-17 18:59:00 recovery_strategy.py:326] AWS(g6.xlarge,    Failed to acquire resources in all zones in ap-            
I 03-17 18:59:00 recovery_strategy.py:326] {'L4': 1})        northeast-2 for {AWS(cpus=4, {'L4': 1})}.                  )
I 03-17 18:59:00 recovery_strategy.py:364] Retrying to launch the cluster in 409.6 seconds.
I 03-17 19:05:51 storage.py:699] Verifying bucket for storage skypilot-filemounts-root-726f1974-edh9a5qd
<sky-payload>"<rich_init>[bold cyan]Optimizing[/]</rich_init>"</sky-payload>
<sky-payload>"<rich_update>[bold cyan]Optimizing[/]</rich_update>"</sky-payload>
<sky-payload>"<rich_start>[bold cyan]Optimizing[/]</rich_start>"</sky-payload>
I 03-17 19:05:52 optimizer.py:749] [1mEstimated cost: [0m$1.0 / hour
I 03-17 19:05:52 optimizer.py:749] 
I 03-17 19:05:52 optimizer.py:884] Considered resources (1 node):
I 03-17 19:05:52 optimizer.py:952] -------------------------------------------------------------------------------------------
I 03-17 19:05:52 optimizer.py:952]  CLOUD   INSTANCE    vCPUs   Mem(GB)   ACCELERATORS   REGION/ZONE      COST ($)   CHOSEN   
I 03-17 19:05:52 optimizer.py:952] -------------------------------------------------------------------------------------------
I 03-17 19:05:52 optimizer.py:952]  AWS     g6.xlarge   4       16        L4:1           ap-northeast-2   0.99       [32m   ✔[0m     
I 03-17 19:05:52 optimizer.py:952] -------------------------------------------------------------------------------------------
<sky-payload>"<rich_exit></rich_exit>"</sky-payload>
<sky-payload>"<rich_init>[bold cyan]Launching[/]</rich_init>"</sky-payload>
<sky-payload>"<rich_update>[bold cyan]Launching[/]</rich_update>"</sky-payload>
<sky-payload>"<rich_start>[bold cyan]Launching[/]</rich_start>"</sky-payload>
<sky-payload>"<rich_update>[bold cyan]Launching[/]  \u001b[2mView logs: sky api logs -l sky-2025-03-17-19-05-52-228440/provision.log\u001b[0m</rich_update>"</sky-payload>
<sky-payload>"<rich_update>[bold cyan]Launching[/]  \u001b[2mView logs: sky api logs -l sky-2025-03-17-19-05-52-228440/provision.log\u001b[0m</rich_update>"</sky-payload>
I 03-17 19:05:52 cloud_vm_ray_backend.py:1520] [0m⚙︎ Launching on AWS ap-northeast-2[0m (ap-northeast-2a,ap-northeast-2d).
[2mW 03-17 19:05:55 instance.py:243] create_instances: Attempt failed with An error occurred (InsufficientInstanceCapacity) when calling the RunInstances operation (reached max retries: 0): We currently do not have sufficient g6.xlarge capacity in the Availability Zone you requested (ap-northeast-2a). Our system will be working on provisioning additional capacity. You can currently get g6.xlarge capacity by not specifying an Availability Zone in your request or choosing ap-northeast-2d.[0m
[2mW 03-17 19:05:56 instance.py:243] create_instances: Attempt failed with An error occurred (InsufficientInstanceCapacity) when calling the RunInstances operation (reached max retries: 0): We currently do not have sufficient g6.xlarge capacity in the Availability Zone you requested (ap-northeast-2d). Our system will be working on provisioning additional capacity. You can currently get g6.xlarge capacity by not specifying an Availability Zone in your request or choosing ap-northeast-2a.[0m
W 03-17 19:05:57 cloud_vm_ray_backend.py:2061] sky.exceptions.ResourcesUnavailableError: Failed to acquire resources in all zones in ap-northeast-2 for {AWS(cpus=4, {'L4': 1})}. 
W 03-17 19:05:57 cloud_vm_ray_backend.py:2097] 
W 03-17 19:05:57 cloud_vm_ray_backend.py:2097] [0m[33m↺[0m Trying other potential resources.
<sky-payload>"<rich_update>[bold cyan]Looking for resources[/]  \u001b[2mView logs: sky api logs -l sky-2025-03-17-19-05-52-228440/provision.log\u001b[0m</rich_update>"</sky-payload>
<sky-payload>"<rich_update>[bold cyan]Optimizing[/]</rich_update>"</sky-payload>
<sky-payload>"<rich_start>[bold cyan]Launching[/]</rich_start>"</sky-payload>
<sky-payload>"<rich_update>[bold cyan]Looking for resources[/]  \u001b[2mView logs: sky api logs -l sky-2025-03-17-19-05-52-228440/provision.log\u001b[0m</rich_update>"</sky-payload>
E 03-17 19:05:57 cloud_vm_ray_backend.py:2904] [0m[31m⨯[0m Failed to provision resources. [2mView logs: sky api logs -l sky-2025-03-17-19-05-52-228440/provision.log[0m
<sky-payload>"<rich_exit></rich_exit>"</sky-payload>

[?25hI 03-17 19:05:57 recovery_strategy.py:326] Failed to launch a cluster with error: sky.exceptions.ResourcesUnavailableError: [31mFailed to provision all possible launchable resources.[0m Relax the task's resource requirements: 1x AWS(cpus=4, {'L4': 1})
I 03-17 19:05:57 recovery_strategy.py:326] To keep retrying until the cluster is up, use the `--retry-until-up` flag.
I 03-17 19:05:57 recovery_strategy.py:326] Reasons for provision failures (for details, please check the log above):
I 03-17 19:05:57 recovery_strategy.py:326] Resource          Reason                                                     
I 03-17 19:05:57 recovery_strategy.py:326] AWS(g6.xlarge,    Failed to acquire resources in all zones in ap-            
I 03-17 19:05:57 recovery_strategy.py:326] {'L4': 1})        northeast-2 for {AWS(cpus=4, {'L4': 1})}.                  )
I 03-17 19:05:57 recovery_strategy.py:364] Retrying to launch the cluster in 196.3 seconds.
I 03-17 19:09:15 storage.py:699] Verifying bucket for storage skypilot-filemounts-root-726f1974-edh9a5qd
<sky-payload>"<rich_init>[bold cyan]Optimizing[/]</rich_init>"</sky-payload>
<sky-payload>"<rich_update>[bold cyan]Optimizing[/]</rich_update>"</sky-payload>
<sky-payload>"<rich_start>[bold cyan]Optimizing[/]</rich_start>"</sky-payload>
I 03-17 19:09:15 optimizer.py:749] [1mEstimated cost: [0m$1.0 / hour
I 03-17 19:09:15 optimizer.py:749] 
I 03-17 19:09:15 optimizer.py:884] Considered resources (1 node):
I 03-17 19:09:15 optimizer.py:952] -------------------------------------------------------------------------------------------
I 03-17 19:09:15 optimizer.py:952]  CLOUD   INSTANCE    vCPUs   Mem(GB)   ACCELERATORS   REGION/ZONE      COST ($)   CHOSEN   
I 03-17 19:09:15 optimizer.py:952] -------------------------------------------------------------------------------------------
I 03-17 19:09:15 optimizer.py:952]  AWS     g6.xlarge   4       16        L4:1           ap-northeast-2   0.99       [32m   ✔[0m     
I 03-17 19:09:15 optimizer.py:952] -------------------------------------------------------------------------------------------
<sky-payload>"<rich_exit></rich_exit>"</sky-payload>
<sky-payload>"<rich_init>[bold cyan]Launching[/]</rich_init>"</sky-payload>
<sky-payload>"<rich_update>[bold cyan]Launching[/]</rich_update>"</sky-payload>
<sky-payload>"<rich_start>[bold cyan]Launching[/]</rich_start>"</sky-payload>
<sky-payload>"<rich_update>[bold cyan]Launching[/]  \u001b[2mView logs: sky api logs -l sky-2025-03-17-19-09-15-944961/provision.log\u001b[0m</rich_update>"</sky-payload>
<sky-payload>"<rich_update>[bold cyan]Launching[/]  \u001b[2mView logs: sky api logs -l sky-2025-03-17-19-09-15-944961/provision.log\u001b[0m</rich_update>"</sky-payload>
I 03-17 19:09:16 cloud_vm_ray_backend.py:1520] [0m⚙︎ Launching on AWS ap-northeast-2[0m (ap-northeast-2a,ap-northeast-2d).
[2mW 03-17 19:09:19 instance.py:243] create_instances: Attempt failed with An error occurred (InsufficientInstanceCapacity) when calling the RunInstances operation (reached max retries: 0): We currently do not have sufficient g6.xlarge capacity in the Availability Zone you requested (ap-northeast-2a). Our system will be working on provisioning additional capacity. You can currently get g6.xlarge capacity by not specifying an Availability Zone in your request or choosing ap-northeast-2d.[0m
[2mW 03-17 19:09:20 instance.py:243] create_instances: Attempt failed with An error occurred (InsufficientInstanceCapacity) when calling the RunInstances operation (reached max retries: 0): We currently do not have sufficient g6.xlarge capacity in the Availability Zone you requested (ap-northeast-2d). Our system will be working on provisioning additional capacity. You can currently get g6.xlarge capacity by not specifying an Availability Zone in your request or choosing ap-northeast-2a.[0m
W 03-17 19:09:20 cloud_vm_ray_backend.py:2061] sky.exceptions.ResourcesUnavailableError: Failed to acquire resources in all zones in ap-northeast-2 for {AWS(cpus=4, {'L4': 1})}. 
W 03-17 19:09:20 cloud_vm_ray_backend.py:2097] 
W 03-17 19:09:20 cloud_vm_ray_backend.py:2097] [0m[33m↺[0m Trying other potential resources.
<sky-payload>"<rich_update>[bold cyan]Looking for resources[/]  \u001b[2mView logs: sky api logs -l sky-2025-03-17-19-09-15-944961/provision.log\u001b[0m</rich_update>"</sky-payload>
<sky-payload>"<rich_update>[bold cyan]Optimizing[/]</rich_update>"</sky-payload>
<sky-payload>"<rich_start>[bold cyan]Launching[/]</rich_start>"</sky-payload>
<sky-payload>"<rich_update>[bold cyan]Looking for resources[/]  \u001b[2mView logs: sky api logs -l sky-2025-03-17-19-09-15-944961/provision.log\u001b[0m</rich_update>"</sky-payload>
E 03-17 19:09:20 cloud_vm_ray_backend.py:2904] [0m[31m⨯[0m Failed to provision resources. [2mView logs: sky api logs -l sky-2025-03-17-19-09-15-944961/provision.log[0m
<sky-payload>"<rich_exit></rich_exit>"</sky-payload>

[?25hI 03-17 19:09:21 recovery_strategy.py:326] Failed to launch a cluster with error: sky.exceptions.ResourcesUnavailableError: [31mFailed to provision all possible launchable resources.[0m Relax the task's resource requirements: 1x AWS(cpus=4, {'L4': 1})
I 03-17 19:09:21 recovery_strategy.py:326] To keep retrying until the cluster is up, use the `--retry-until-up` flag.
I 03-17 19:09:21 recovery_strategy.py:326] Reasons for provision failures (for details, please check the log above):
I 03-17 19:09:21 recovery_strategy.py:326] Resource          Reason                                                     
I 03-17 19:09:21 recovery_strategy.py:326] AWS(g6.xlarge,    Failed to acquire resources in all zones in ap-            
I 03-17 19:09:21 recovery_strategy.py:326] {'L4': 1})        northeast-2 for {AWS(cpus=4, {'L4': 1})}.                  )
I 03-17 19:09:21 recovery_strategy.py:364] Retrying to launch the cluster in 330.8 seconds.
I 03-17 19:14:53 storage.py:699] Verifying bucket for storage skypilot-filemounts-root-726f1974-edh9a5qd
<sky-payload>"<rich_init>[bold cyan]Optimizing[/]</rich_init>"</sky-payload>
<sky-payload>"<rich_update>[bold cyan]Optimizing[/]</rich_update>"</sky-payload>
<sky-payload>"<rich_start>[bold cyan]Optimizing[/]</rich_start>"</sky-payload>
I 03-17 19:14:53 optimizer.py:749] [1mEstimated cost: [0m$1.0 / hour
I 03-17 19:14:53 optimizer.py:749] 
I 03-17 19:14:53 optimizer.py:884] Considered resources (1 node):
I 03-17 19:14:53 optimizer.py:952] -------------------------------------------------------------------------------------------
I 03-17 19:14:53 optimizer.py:952]  CLOUD   INSTANCE    vCPUs   Mem(GB)   ACCELERATORS   REGION/ZONE      COST ($)   CHOSEN   
I 03-17 19:14:53 optimizer.py:952] -------------------------------------------------------------------------------------------
I 03-17 19:14:53 optimizer.py:952]  AWS     g6.xlarge   4       16        L4:1           ap-northeast-2   0.99       [32m   ✔[0m     
I 03-17 19:14:53 optimizer.py:952] -------------------------------------------------------------------------------------------
<sky-payload>"<rich_exit></rich_exit>"</sky-payload>
<sky-payload>"<rich_init>[bold cyan]Launching[/]</rich_init>"</sky-payload>
<sky-payload>"<rich_update>[bold cyan]Launching[/]</rich_update>"</sky-payload>
<sky-payload>"<rich_start>[bold cyan]Launching[/]</rich_start>"</sky-payload>
<sky-payload>"<rich_update>[bold cyan]Launching[/]  \u001b[2mView logs: sky api logs -l sky-2025-03-17-19-14-53-921409/provision.log\u001b[0m</rich_update>"</sky-payload>
<sky-payload>"<rich_update>[bold cyan]Launching[/]  \u001b[2mView logs: sky api logs -l sky-2025-03-17-19-14-53-921409/provision.log\u001b[0m</rich_update>"</sky-payload>
I 03-17 19:14:54 cloud_vm_ray_backend.py:1520] [0m⚙︎ Launching on AWS ap-northeast-2[0m (ap-northeast-2a,ap-northeast-2d).
[2mW 03-17 19:14:57 instance.py:243] create_instances: Attempt failed with An error occurred (InsufficientInstanceCapacity) when calling the RunInstances operation (reached max retries: 0): We currently do not have sufficient g6.xlarge capacity in the Availability Zone you requested (ap-northeast-2a). Our system will be working on provisioning additional capacity. You can currently get g6.xlarge capacity by not specifying an Availability Zone in your request or choosing ap-northeast-2d.[0m
[2mW 03-17 19:14:58 instance.py:243] create_instances: Attempt failed with An error occurred (InsufficientInstanceCapacity) when calling the RunInstances operation (reached max retries: 0): We currently do not have sufficient g6.xlarge capacity in the Availability Zone you requested (ap-northeast-2d). Our system will be working on provisioning additional capacity. You can currently get g6.xlarge capacity by not specifying an Availability Zone in your request or choosing ap-northeast-2a.[0m
W 03-17 19:14:58 cloud_vm_ray_backend.py:2061] sky.exceptions.ResourcesUnavailableError: Failed to acquire resources in all zones in ap-northeast-2 for {AWS(cpus=4, {'L4': 1})}. 
W 03-17 19:14:58 cloud_vm_ray_backend.py:2097] 
W 03-17 19:14:58 cloud_vm_ray_backend.py:2097] [0m[33m↺[0m Trying other potential resources.
<sky-payload>"<rich_update>[bold cyan]Looking for resources[/]  \u001b[2mView logs: sky api logs -l sky-2025-03-17-19-14-53-921409/provision.log\u001b[0m</rich_update>"</sky-payload>
<sky-payload>"<rich_update>[bold cyan]Optimizing[/]</rich_update>"</sky-payload>
<sky-payload>"<rich_start>[bold cyan]Launching[/]</rich_start>"</sky-payload>
<sky-payload>"<rich_update>[bold cyan]Looking for resources[/]  \u001b[2mView logs: sky api logs -l sky-2025-03-17-19-14-53-921409/provision.log\u001b[0m</rich_update>"</sky-payload>
E 03-17 19:14:58 cloud_vm_ray_backend.py:2904] [0m[31m⨯[0m Failed to provision resources. [2mView logs: sky api logs -l sky-2025-03-17-19-14-53-921409/provision.log[0m
<sky-payload>"<rich_exit></rich_exit>"</sky-payload>

[?25hI 03-17 19:14:59 recovery_strategy.py:326] Failed to launch a cluster with error: sky.exceptions.ResourcesUnavailableError: [31mFailed to provision all possible launchable resources.[0m Relax the task's resource requirements: 1x AWS(cpus=4, {'L4': 1})
I 03-17 19:14:59 recovery_strategy.py:326] To keep retrying until the cluster is up, use the `--retry-until-up` flag.
I 03-17 19:14:59 recovery_strategy.py:326] Reasons for provision failures (for details, please check the log above):
I 03-17 19:14:59 recovery_strategy.py:326] Resource          Reason                                                     
I 03-17 19:14:59 recovery_strategy.py:326] AWS(g6.xlarge,    Failed to acquire resources in all zones in ap-            
I 03-17 19:14:59 recovery_strategy.py:326] {'L4': 1})        northeast-2 for {AWS(cpus=4, {'L4': 1})}.                  )
I 03-17 19:14:59 recovery_strategy.py:364] Retrying to launch the cluster in 284.9 seconds.
I 03-17 19:19:45 storage.py:699] Verifying bucket for storage skypilot-filemounts-root-726f1974-edh9a5qd
<sky-payload>"<rich_init>[bold cyan]Optimizing[/]</rich_init>"</sky-payload>
<sky-payload>"<rich_update>[bold cyan]Optimizing[/]</rich_update>"</sky-payload>
<sky-payload>"<rich_start>[bold cyan]Optimizing[/]</rich_start>"</sky-payload>
I 03-17 19:19:46 optimizer.py:749] [1mEstimated cost: [0m$1.0 / hour
I 03-17 19:19:46 optimizer.py:749] 
I 03-17 19:19:46 optimizer.py:884] Considered resources (1 node):
I 03-17 19:19:46 optimizer.py:952] -------------------------------------------------------------------------------------------
I 03-17 19:19:46 optimizer.py:952]  CLOUD   INSTANCE    vCPUs   Mem(GB)   ACCELERATORS   REGION/ZONE      COST ($)   CHOSEN   
I 03-17 19:19:46 optimizer.py:952] -------------------------------------------------------------------------------------------
I 03-17 19:19:46 optimizer.py:952]  AWS     g6.xlarge   4       16        L4:1           ap-northeast-2   0.99       [32m   ✔[0m     
I 03-17 19:19:46 optimizer.py:952] -------------------------------------------------------------------------------------------
<sky-payload>"<rich_exit></rich_exit>"</sky-payload>
<sky-payload>"<rich_init>[bold cyan]Launching[/]</rich_init>"</sky-payload>
<sky-payload>"<rich_update>[bold cyan]Launching[/]</rich_update>"</sky-payload>
<sky-payload>"<rich_start>[bold cyan]Launching[/]</rich_start>"</sky-payload>
<sky-payload>"<rich_update>[bold cyan]Launching[/]  \u001b[2mView logs: sky api logs -l sky-2025-03-17-19-19-46-306339/provision.log\u001b[0m</rich_update>"</sky-payload>
<sky-payload>"<rich_update>[bold cyan]Launching[/]  \u001b[2mView logs: sky api logs -l sky-2025-03-17-19-19-46-306339/provision.log\u001b[0m</rich_update>"</sky-payload>
I 03-17 19:19:46 cloud_vm_ray_backend.py:1520] [0m⚙︎ Launching on AWS ap-northeast-2[0m (ap-northeast-2a,ap-northeast-2d).
[2mW 03-17 19:19:49 instance.py:243] create_instances: Attempt failed with An error occurred (InsufficientInstanceCapacity) when calling the RunInstances operation (reached max retries: 0): We currently do not have sufficient g6.xlarge capacity in the Availability Zone you requested (ap-northeast-2a). Our system will be working on provisioning additional capacity. You can currently get g6.xlarge capacity by not specifying an Availability Zone in your request or choosing ap-northeast-2d.[0m
[2mW 03-17 19:19:56 instance.py:243] create_instances: Attempt failed with An error occurred (InsufficientInstanceCapacity) when calling the RunInstances operation (reached max retries: 0): We currently do not have sufficient g6.xlarge capacity in the Availability Zone you requested (ap-northeast-2d). Our system will be working on provisioning additional capacity. You can currently get g6.xlarge capacity by not specifying an Availability Zone in your request or choosing ap-northeast-2a.[0m
W 03-17 19:19:57 cloud_vm_ray_backend.py:2061] sky.exceptions.ResourcesUnavailableError: Failed to acquire resources in all zones in ap-northeast-2 for {AWS(cpus=4, {'L4': 1})}. 
W 03-17 19:19:57 cloud_vm_ray_backend.py:2097] 
W 03-17 19:19:57 cloud_vm_ray_backend.py:2097] [0m[33m↺[0m Trying other potential resources.
<sky-payload>"<rich_update>[bold cyan]Looking for resources[/]  \u001b[2mView logs: sky api logs -l sky-2025-03-17-19-19-46-306339/provision.log\u001b[0m</rich_update>"</sky-payload>
<sky-payload>"<rich_update>[bold cyan]Optimizing[/]</rich_update>"</sky-payload>
<sky-payload>"<rich_start>[bold cyan]Launching[/]</rich_start>"</sky-payload>
<sky-payload>"<rich_update>[bold cyan]Looking for resources[/]  \u001b[2mView logs: sky api logs -l sky-2025-03-17-19-19-46-306339/provision.log\u001b[0m</rich_update>"</sky-payload>
E 03-17 19:19:57 cloud_vm_ray_backend.py:2904] [0m[31m⨯[0m Failed to provision resources. [2mView logs: sky api logs -l sky-2025-03-17-19-19-46-306339/provision.log[0m
<sky-payload>"<rich_exit></rich_exit>"</sky-payload>

[?25hI 03-17 19:19:57 recovery_strategy.py:326] Failed to launch a cluster with error: sky.exceptions.ResourcesUnavailableError: [31mFailed to provision all possible launchable resources.[0m Relax the task's resource requirements: 1x AWS(cpus=4, {'L4': 1})
I 03-17 19:19:57 recovery_strategy.py:326] To keep retrying until the cluster is up, use the `--retry-until-up` flag.
I 03-17 19:19:57 recovery_strategy.py:326] Reasons for provision failures (for details, please check the log above):
I 03-17 19:19:57 recovery_strategy.py:326] Resource          Reason                                                     
I 03-17 19:19:57 recovery_strategy.py:326] AWS(g6.xlarge,    Failed to acquire resources in all zones in ap-            
I 03-17 19:19:57 recovery_strategy.py:326] {'L4': 1})        northeast-2 for {AWS(cpus=4, {'L4': 1})}.                  )
I 03-17 19:19:57 recovery_strategy.py:364] Retrying to launch the cluster in 229.2 seconds.
I 03-17 19:23:48 storage.py:699] Verifying bucket for storage skypilot-filemounts-root-726f1974-edh9a5qd
<sky-payload>"<rich_init>[bold cyan]Optimizing[/]</rich_init>"</sky-payload>
<sky-payload>"<rich_update>[bold cyan]Optimizing[/]</rich_update>"</sky-payload>
<sky-payload>"<rich_start>[bold cyan]Optimizing[/]</rich_start>"</sky-payload>
I 03-17 19:23:48 optimizer.py:749] [1mEstimated cost: [0m$1.0 / hour
I 03-17 19:23:48 optimizer.py:749] 
I 03-17 19:23:48 optimizer.py:884] Considered resources (1 node):
I 03-17 19:23:48 optimizer.py:952] -------------------------------------------------------------------------------------------
I 03-17 19:23:48 optimizer.py:952]  CLOUD   INSTANCE    vCPUs   Mem(GB)   ACCELERATORS   REGION/ZONE      COST ($)   CHOSEN   
I 03-17 19:23:48 optimizer.py:952] -------------------------------------------------------------------------------------------
I 03-17 19:23:48 optimizer.py:952]  AWS     g6.xlarge   4       16        L4:1           ap-northeast-2   0.99       [32m   ✔[0m     
I 03-17 19:23:48 optimizer.py:952] -------------------------------------------------------------------------------------------
<sky-payload>"<rich_exit></rich_exit>"</sky-payload>
<sky-payload>"<rich_init>[bold cyan]Launching[/]</rich_init>"</sky-payload>
<sky-payload>"<rich_update>[bold cyan]Launching[/]</rich_update>"</sky-payload>
<sky-payload>"<rich_start>[bold cyan]Launching[/]</rich_start>"</sky-payload>
<sky-payload>"<rich_update>[bold cyan]Launching[/]  \u001b[2mView logs: sky api logs -l sky-2025-03-17-19-23-48-889560/provision.log\u001b[0m</rich_update>"</sky-payload>
<sky-payload>"<rich_update>[bold cyan]Launching[/]  \u001b[2mView logs: sky api logs -l sky-2025-03-17-19-23-48-889560/provision.log\u001b[0m</rich_update>"</sky-payload>
I 03-17 19:23:49 cloud_vm_ray_backend.py:1520] [0m⚙︎ Launching on AWS ap-northeast-2[0m (ap-northeast-2a,ap-northeast-2d).
[2mW 03-17 19:23:52 instance.py:243] create_instances: Attempt failed with An error occurred (InsufficientInstanceCapacity) when calling the RunInstances operation (reached max retries: 0): We currently do not have sufficient g6.xlarge capacity in the Availability Zone you requested (ap-northeast-2a). Our system will be working on provisioning additional capacity. You can currently get g6.xlarge capacity by not specifying an Availability Zone in your request or choosing ap-northeast-2d.[0m
[2mW 03-17 19:23:53 instance.py:243] create_instances: Attempt failed with An error occurred (InsufficientInstanceCapacity) when calling the RunInstances operation (reached max retries: 0): We currently do not have sufficient g6.xlarge capacity in the Availability Zone you requested (ap-northeast-2d). Our system will be working on provisioning additional capacity. You can currently get g6.xlarge capacity by not specifying an Availability Zone in your request or choosing ap-northeast-2a.[0m
W 03-17 19:23:53 cloud_vm_ray_backend.py:2061] sky.exceptions.ResourcesUnavailableError: Failed to acquire resources in all zones in ap-northeast-2 for {AWS(cpus=4, {'L4': 1})}. 
W 03-17 19:23:53 cloud_vm_ray_backend.py:2097] 
W 03-17 19:23:53 cloud_vm_ray_backend.py:2097] [0m[33m↺[0m Trying other potential resources.
<sky-payload>"<rich_update>[bold cyan]Looking for resources[/]  \u001b[2mView logs: sky api logs -l sky-2025-03-17-19-23-48-889560/provision.log\u001b[0m</rich_update>"</sky-payload>
<sky-payload>"<rich_update>[bold cyan]Optimizing[/]</rich_update>"</sky-payload>
<sky-payload>"<rich_start>[bold cyan]Launching[/]</rich_start>"</sky-payload>
<sky-payload>"<rich_update>[bold cyan]Looking for resources[/]  \u001b[2mView logs: sky api logs -l sky-2025-03-17-19-23-48-889560/provision.log\u001b[0m</rich_update>"</sky-payload>
E 03-17 19:23:53 cloud_vm_ray_backend.py:2904] [0m[31m⨯[0m Failed to provision resources. [2mView logs: sky api logs -l sky-2025-03-17-19-23-48-889560/provision.log[0m
<sky-payload>"<rich_exit></rich_exit>"</sky-payload>

[?25hI 03-17 19:23:54 recovery_strategy.py:326] Failed to launch a cluster with error: sky.exceptions.ResourcesUnavailableError: [31mFailed to provision all possible launchable resources.[0m Relax the task's resource requirements: 1x AWS(cpus=4, {'L4': 1})
I 03-17 19:23:54 recovery_strategy.py:326] To keep retrying until the cluster is up, use the `--retry-until-up` flag.
I 03-17 19:23:54 recovery_strategy.py:326] Reasons for provision failures (for details, please check the log above):
I 03-17 19:23:54 recovery_strategy.py:326] Resource          Reason                                                     
I 03-17 19:23:54 recovery_strategy.py:326] AWS(g6.xlarge,    Failed to acquire resources in all zones in ap-            
I 03-17 19:23:54 recovery_strategy.py:326] {'L4': 1})        northeast-2 for {AWS(cpus=4, {'L4': 1})}.                  )
I 03-17 19:23:54 recovery_strategy.py:364] Retrying to launch the cluster in 274.7 seconds.
I 03-17 19:28:30 storage.py:699] Verifying bucket for storage skypilot-filemounts-root-726f1974-edh9a5qd
<sky-payload>"<rich_init>[bold cyan]Optimizing[/]</rich_init>"</sky-payload>
<sky-payload>"<rich_update>[bold cyan]Optimizing[/]</rich_update>"</sky-payload>
<sky-payload>"<rich_start>[bold cyan]Optimizing[/]</rich_start>"</sky-payload>
I 03-17 19:28:31 optimizer.py:749] [1mEstimated cost: [0m$1.0 / hour
I 03-17 19:28:31 optimizer.py:749] 
I 03-17 19:28:31 optimizer.py:884] Considered resources (1 node):
I 03-17 19:28:31 optimizer.py:952] -------------------------------------------------------------------------------------------
I 03-17 19:28:31 optimizer.py:952]  CLOUD   INSTANCE    vCPUs   Mem(GB)   ACCELERATORS   REGION/ZONE      COST ($)   CHOSEN   
I 03-17 19:28:31 optimizer.py:952] -------------------------------------------------------------------------------------------
I 03-17 19:28:31 optimizer.py:952]  AWS     g6.xlarge   4       16        L4:1           ap-northeast-2   0.99       [32m   ✔[0m     
I 03-17 19:28:31 optimizer.py:952] -------------------------------------------------------------------------------------------
<sky-payload>"<rich_exit></rich_exit>"</sky-payload>
<sky-payload>"<rich_init>[bold cyan]Launching[/]</rich_init>"</sky-payload>
<sky-payload>"<rich_update>[bold cyan]Launching[/]</rich_update>"</sky-payload>
<sky-payload>"<rich_start>[bold cyan]Launching[/]</rich_start>"</sky-payload>
<sky-payload>"<rich_update>[bold cyan]Launching[/]  \u001b[2mView logs: sky api logs -l sky-2025-03-17-19-28-30-972343/provision.log\u001b[0m</rich_update>"</sky-payload>
<sky-payload>"<rich_update>[bold cyan]Launching[/]  \u001b[2mView logs: sky api logs -l sky-2025-03-17-19-28-30-972343/provision.log\u001b[0m</rich_update>"</sky-payload>
I 03-17 19:28:31 cloud_vm_ray_backend.py:1520] [0m⚙︎ Launching on AWS ap-northeast-2[0m (ap-northeast-2a,ap-northeast-2d).
[2mW 03-17 19:28:34 instance.py:243] create_instances: Attempt failed with An error occurred (InsufficientInstanceCapacity) when calling the RunInstances operation (reached max retries: 0): We currently do not have sufficient g6.xlarge capacity in the Availability Zone you requested (ap-northeast-2a). Our system will be working on provisioning additional capacity. You can currently get g6.xlarge capacity by not specifying an Availability Zone in your request or choosing ap-northeast-2d.[0m
[2mW 03-17 19:28:35 instance.py:243] create_instances: Attempt failed with An error occurred (InsufficientInstanceCapacity) when calling the RunInstances operation (reached max retries: 0): We currently do not have sufficient g6.xlarge capacity in the Availability Zone you requested (ap-northeast-2d). Our system will be working on provisioning additional capacity. You can currently get g6.xlarge capacity by not specifying an Availability Zone in your request or choosing ap-northeast-2a.[0m
W 03-17 19:28:35 cloud_vm_ray_backend.py:2061] sky.exceptions.ResourcesUnavailableError: Failed to acquire resources in all zones in ap-northeast-2 for {AWS(cpus=4, {'L4': 1})}. 
W 03-17 19:28:35 cloud_vm_ray_backend.py:2097] 
W 03-17 19:28:35 cloud_vm_ray_backend.py:2097] [0m[33m↺[0m Trying other potential resources.
<sky-payload>"<rich_update>[bold cyan]Looking for resources[/]  \u001b[2mView logs: sky api logs -l sky-2025-03-17-19-28-30-972343/provision.log\u001b[0m</rich_update>"</sky-payload>
<sky-payload>"<rich_update>[bold cyan]Optimizing[/]</rich_update>"</sky-payload>
<sky-payload>"<rich_start>[bold cyan]Launching[/]</rich_start>"</sky-payload>
<sky-payload>"<rich_update>[bold cyan]Looking for resources[/]  \u001b[2mView logs: sky api logs -l sky-2025-03-17-19-28-30-972343/provision.log\u001b[0m</rich_update>"</sky-payload>
E 03-17 19:28:35 cloud_vm_ray_backend.py:2904] [0m[31m⨯[0m Failed to provision resources. [2mView logs: sky api logs -l sky-2025-03-17-19-28-30-972343/provision.log[0m
<sky-payload>"<rich_exit></rich_exit>"</sky-payload>

[?25hI 03-17 19:28:36 recovery_strategy.py:326] Failed to launch a cluster with error: sky.exceptions.ResourcesUnavailableError: [31mFailed to provision all possible launchable resources.[0m Relax the task's resource requirements: 1x AWS(cpus=4, {'L4': 1})
I 03-17 19:28:36 recovery_strategy.py:326] To keep retrying until the cluster is up, use the `--retry-until-up` flag.
I 03-17 19:28:36 recovery_strategy.py:326] Reasons for provision failures (for details, please check the log above):
I 03-17 19:28:36 recovery_strategy.py:326] Resource          Reason                                                     
I 03-17 19:28:36 recovery_strategy.py:326] AWS(g6.xlarge,    Failed to acquire resources in all zones in ap-            
I 03-17 19:28:36 recovery_strategy.py:326] {'L4': 1})        northeast-2 for {AWS(cpus=4, {'L4': 1})}.                  )
I 03-17 19:28:36 recovery_strategy.py:364] Retrying to launch the cluster in 403.6 seconds.
I 03-17 19:35:21 storage.py:699] Verifying bucket for storage skypilot-filemounts-root-726f1974-edh9a5qd
<sky-payload>"<rich_init>[bold cyan]Optimizing[/]</rich_init>"</sky-payload>
<sky-payload>"<rich_update>[bold cyan]Optimizing[/]</rich_update>"</sky-payload>
<sky-payload>"<rich_start>[bold cyan]Optimizing[/]</rich_start>"</sky-payload>
I 03-17 19:35:22 optimizer.py:749] [1mEstimated cost: [0m$1.0 / hour
I 03-17 19:35:22 optimizer.py:749] 
I 03-17 19:35:22 optimizer.py:884] Considered resources (1 node):
I 03-17 19:35:22 optimizer.py:952] -------------------------------------------------------------------------------------------
I 03-17 19:35:22 optimizer.py:952]  CLOUD   INSTANCE    vCPUs   Mem(GB)   ACCELERATORS   REGION/ZONE      COST ($)   CHOSEN   
I 03-17 19:35:22 optimizer.py:952] -------------------------------------------------------------------------------------------
I 03-17 19:35:22 optimizer.py:952]  AWS     g6.xlarge   4       16        L4:1           ap-northeast-2   0.99       [32m   ✔[0m     
I 03-17 19:35:22 optimizer.py:952] -------------------------------------------------------------------------------------------
<sky-payload>"<rich_exit></rich_exit>"</sky-payload>
<sky-payload>"<rich_init>[bold cyan]Launching[/]</rich_init>"</sky-payload>
<sky-payload>"<rich_update>[bold cyan]Launching[/]</rich_update>"</sky-payload>
<sky-payload>"<rich_start>[bold cyan]Launching[/]</rich_start>"</sky-payload>
<sky-payload>"<rich_update>[bold cyan]Launching[/]  \u001b[2mView logs: sky api logs -l sky-2025-03-17-19-35-22-017732/provision.log\u001b[0m</rich_update>"</sky-payload>
<sky-payload>"<rich_update>[bold cyan]Launching[/]  \u001b[2mView logs: sky api logs -l sky-2025-03-17-19-35-22-017732/provision.log\u001b[0m</rich_update>"</sky-payload>
I 03-17 19:35:22 cloud_vm_ray_backend.py:1520] [0m⚙︎ Launching on AWS ap-northeast-2[0m (ap-northeast-2a,ap-northeast-2d).
[2mW 03-17 19:35:25 instance.py:243] create_instances: Attempt failed with An error occurred (InsufficientInstanceCapacity) when calling the RunInstances operation (reached max retries: 0): We currently do not have sufficient g6.xlarge capacity in the Availability Zone you requested (ap-northeast-2a). Our system will be working on provisioning additional capacity. You can currently get g6.xlarge capacity by not specifying an Availability Zone in your request or choosing ap-northeast-2d.[0m
[2mW 03-17 19:35:26 instance.py:243] create_instances: Attempt failed with An error occurred (InsufficientInstanceCapacity) when calling the RunInstances operation (reached max retries: 0): We currently do not have sufficient g6.xlarge capacity in the Availability Zone you requested (ap-northeast-2d). Our system will be working on provisioning additional capacity. You can currently get g6.xlarge capacity by not specifying an Availability Zone in your request or choosing ap-northeast-2a.[0m
W 03-17 19:35:26 cloud_vm_ray_backend.py:2061] sky.exceptions.ResourcesUnavailableError: Failed to acquire resources in all zones in ap-northeast-2 for {AWS(cpus=4, {'L4': 1})}. 
W 03-17 19:35:26 cloud_vm_ray_backend.py:2097] 
W 03-17 19:35:26 cloud_vm_ray_backend.py:2097] [0m[33m↺[0m Trying other potential resources.
<sky-payload>"<rich_update>[bold cyan]Looking for resources[/]  \u001b[2mView logs: sky api logs -l sky-2025-03-17-19-35-22-017732/provision.log\u001b[0m</rich_update>"</sky-payload>
<sky-payload>"<rich_update>[bold cyan]Optimizing[/]</rich_update>"</sky-payload>
<sky-payload>"<rich_start>[bold cyan]Launching[/]</rich_start>"</sky-payload>
<sky-payload>"<rich_update>[bold cyan]Looking for resources[/]  \u001b[2mView logs: sky api logs -l sky-2025-03-17-19-35-22-017732/provision.log\u001b[0m</rich_update>"</sky-payload>
E 03-17 19:35:26 cloud_vm_ray_backend.py:2904] [0m[31m⨯[0m Failed to provision resources. [2mView logs: sky api logs -l sky-2025-03-17-19-35-22-017732/provision.log[0m
<sky-payload>"<rich_exit></rich_exit>"</sky-payload>

[?25hI 03-17 19:35:27 recovery_strategy.py:326] Failed to launch a cluster with error: sky.exceptions.ResourcesUnavailableError: [31mFailed to provision all possible launchable resources.[0m Relax the task's resource requirements: 1x AWS(cpus=4, {'L4': 1})
I 03-17 19:35:27 recovery_strategy.py:326] To keep retrying until the cluster is up, use the `--retry-until-up` flag.
I 03-17 19:35:27 recovery_strategy.py:326] Reasons for provision failures (for details, please check the log above):
I 03-17 19:35:27 recovery_strategy.py:326] Resource          Reason                                                     
I 03-17 19:35:27 recovery_strategy.py:326] AWS(g6.xlarge,    Failed to acquire resources in all zones in ap-            
I 03-17 19:35:27 recovery_strategy.py:326] {'L4': 1})        northeast-2 for {AWS(cpus=4, {'L4': 1})}.                  )
I 03-17 19:35:27 recovery_strategy.py:364] Retrying to launch the cluster in 338.8 seconds.
I 03-17 19:41:07 storage.py:699] Verifying bucket for storage skypilot-filemounts-root-726f1974-edh9a5qd
<sky-payload>"<rich_init>[bold cyan]Optimizing[/]</rich_init>"</sky-payload>
<sky-payload>"<rich_update>[bold cyan]Optimizing[/]</rich_update>"</sky-payload>
<sky-payload>"<rich_start>[bold cyan]Optimizing[/]</rich_start>"</sky-payload>
I 03-17 19:41:08 optimizer.py:749] [1mEstimated cost: [0m$1.0 / hour
I 03-17 19:41:08 optimizer.py:749] 
I 03-17 19:41:08 optimizer.py:884] Considered resources (1 node):
I 03-17 19:41:08 optimizer.py:952] -------------------------------------------------------------------------------------------
I 03-17 19:41:08 optimizer.py:952]  CLOUD   INSTANCE    vCPUs   Mem(GB)   ACCELERATORS   REGION/ZONE      COST ($)   CHOSEN   
I 03-17 19:41:08 optimizer.py:952] -------------------------------------------------------------------------------------------
I 03-17 19:41:08 optimizer.py:952]  AWS     g6.xlarge   4       16        L4:1           ap-northeast-2   0.99       [32m   ✔[0m     
I 03-17 19:41:08 optimizer.py:952] -------------------------------------------------------------------------------------------
<sky-payload>"<rich_exit></rich_exit>"</sky-payload>
<sky-payload>"<rich_init>[bold cyan]Launching[/]</rich_init>"</sky-payload>
<sky-payload>"<rich_update>[bold cyan]Launching[/]</rich_update>"</sky-payload>
<sky-payload>"<rich_start>[bold cyan]Launching[/]</rich_start>"</sky-payload>
<sky-payload>"<rich_update>[bold cyan]Launching[/]  \u001b[2mView logs: sky api logs -l sky-2025-03-17-19-41-08-139488/provision.log\u001b[0m</rich_update>"</sky-payload>
<sky-payload>"<rich_update>[bold cyan]Launching[/]  \u001b[2mView logs: sky api logs -l sky-2025-03-17-19-41-08-139488/provision.log\u001b[0m</rich_update>"</sky-payload>
I 03-17 19:41:08 cloud_vm_ray_backend.py:1520] [0m⚙︎ Launching on AWS ap-northeast-2[0m (ap-northeast-2a,ap-northeast-2d).
[2mW 03-17 19:41:11 instance.py:243] create_instances: Attempt failed with An error occurred (InsufficientInstanceCapacity) when calling the RunInstances operation (reached max retries: 0): We currently do not have sufficient g6.xlarge capacity in the Availability Zone you requested (ap-northeast-2a). Our system will be working on provisioning additional capacity. You can currently get g6.xlarge capacity by not specifying an Availability Zone in your request or choosing ap-northeast-2d.[0m
[2mW 03-17 19:41:12 instance.py:243] create_instances: Attempt failed with An error occurred (InsufficientInstanceCapacity) when calling the RunInstances operation (reached max retries: 0): We currently do not have sufficient g6.xlarge capacity in the Availability Zone you requested (ap-northeast-2d). Our system will be working on provisioning additional capacity. You can currently get g6.xlarge capacity by not specifying an Availability Zone in your request or choosing ap-northeast-2a.[0m
W 03-17 19:41:12 cloud_vm_ray_backend.py:2061] sky.exceptions.ResourcesUnavailableError: Failed to acquire resources in all zones in ap-northeast-2 for {AWS(cpus=4, {'L4': 1})}. 
W 03-17 19:41:12 cloud_vm_ray_backend.py:2097] 
W 03-17 19:41:12 cloud_vm_ray_backend.py:2097] [0m[33m↺[0m Trying other potential resources.
<sky-payload>"<rich_update>[bold cyan]Looking for resources[/]  \u001b[2mView logs: sky api logs -l sky-2025-03-17-19-41-08-139488/provision.log\u001b[0m</rich_update>"</sky-payload>
<sky-payload>"<rich_update>[bold cyan]Optimizing[/]</rich_update>"</sky-payload>
<sky-payload>"<rich_start>[bold cyan]Launching[/]</rich_start>"</sky-payload>
<sky-payload>"<rich_update>[bold cyan]Looking for resources[/]  \u001b[2mView logs: sky api logs -l sky-2025-03-17-19-41-08-139488/provision.log\u001b[0m</rich_update>"</sky-payload>
E 03-17 19:41:12 cloud_vm_ray_backend.py:2904] [0m[31m⨯[0m Failed to provision resources. [2mView logs: sky api logs -l sky-2025-03-17-19-41-08-139488/provision.log[0m
<sky-payload>"<rich_exit></rich_exit>"</sky-payload>

[?25hI 03-17 19:41:13 recovery_strategy.py:326] Failed to launch a cluster with error: sky.exceptions.ResourcesUnavailableError: [31mFailed to provision all possible launchable resources.[0m Relax the task's resource requirements: 1x AWS(cpus=4, {'L4': 1})
I 03-17 19:41:13 recovery_strategy.py:326] To keep retrying until the cluster is up, use the `--retry-until-up` flag.
I 03-17 19:41:13 recovery_strategy.py:326] Reasons for provision failures (for details, please check the log above):
I 03-17 19:41:13 recovery_strategy.py:326] Resource          Reason                                                     
I 03-17 19:41:13 recovery_strategy.py:326] AWS(g6.xlarge,    Failed to acquire resources in all zones in ap-            
I 03-17 19:41:13 recovery_strategy.py:326] {'L4': 1})        northeast-2 for {AWS(cpus=4, {'L4': 1})}.                  )
I 03-17 19:41:13 recovery_strategy.py:364] Retrying to launch the cluster in 329.7 seconds.
I 03-17 19:46:44 storage.py:699] Verifying bucket for storage skypilot-filemounts-root-726f1974-edh9a5qd
<sky-payload>"<rich_init>[bold cyan]Optimizing[/]</rich_init>"</sky-payload>
<sky-payload>"<rich_update>[bold cyan]Optimizing[/]</rich_update>"</sky-payload>
<sky-payload>"<rich_start>[bold cyan]Optimizing[/]</rich_start>"</sky-payload>
I 03-17 19:46:45 optimizer.py:749] [1mEstimated cost: [0m$1.0 / hour
I 03-17 19:46:45 optimizer.py:749] 
I 03-17 19:46:45 optimizer.py:884] Considered resources (1 node):
I 03-17 19:46:45 optimizer.py:952] -------------------------------------------------------------------------------------------
I 03-17 19:46:45 optimizer.py:952]  CLOUD   INSTANCE    vCPUs   Mem(GB)   ACCELERATORS   REGION/ZONE      COST ($)   CHOSEN   
I 03-17 19:46:45 optimizer.py:952] -------------------------------------------------------------------------------------------
I 03-17 19:46:45 optimizer.py:952]  AWS     g6.xlarge   4       16        L4:1           ap-northeast-2   0.99       [32m   ✔[0m     
I 03-17 19:46:45 optimizer.py:952] -------------------------------------------------------------------------------------------
<sky-payload>"<rich_exit></rich_exit>"</sky-payload>
<sky-payload>"<rich_init>[bold cyan]Launching[/]</rich_init>"</sky-payload>
<sky-payload>"<rich_update>[bold cyan]Launching[/]</rich_update>"</sky-payload>
<sky-payload>"<rich_start>[bold cyan]Launching[/]</rich_start>"</sky-payload>
<sky-payload>"<rich_update>[bold cyan]Launching[/]  \u001b[2mView logs: sky api logs -l sky-2025-03-17-19-46-44-970611/provision.log\u001b[0m</rich_update>"</sky-payload>
<sky-payload>"<rich_update>[bold cyan]Launching[/]  \u001b[2mView logs: sky api logs -l sky-2025-03-17-19-46-44-970611/provision.log\u001b[0m</rich_update>"</sky-payload>
I 03-17 19:46:45 cloud_vm_ray_backend.py:1520] [0m⚙︎ Launching on AWS ap-northeast-2[0m (ap-northeast-2a,ap-northeast-2d).
[2mW 03-17 19:46:48 instance.py:243] create_instances: Attempt failed with An error occurred (InsufficientInstanceCapacity) when calling the RunInstances operation (reached max retries: 0): We currently do not have sufficient g6.xlarge capacity in the Availability Zone you requested (ap-northeast-2a). Our system will be working on provisioning additional capacity. You can currently get g6.xlarge capacity by not specifying an Availability Zone in your request or choosing ap-northeast-2d.[0m
[2mW 03-17 19:46:49 instance.py:243] create_instances: Attempt failed with An error occurred (InsufficientInstanceCapacity) when calling the RunInstances operation (reached max retries: 0): We currently do not have sufficient g6.xlarge capacity in the Availability Zone you requested (ap-northeast-2d). Our system will be working on provisioning additional capacity. You can currently get g6.xlarge capacity by not specifying an Availability Zone in your request or choosing ap-northeast-2a.[0m
W 03-17 19:46:49 cloud_vm_ray_backend.py:2061] sky.exceptions.ResourcesUnavailableError: Failed to acquire resources in all zones in ap-northeast-2 for {AWS(cpus=4, {'L4': 1})}. 
W 03-17 19:46:49 cloud_vm_ray_backend.py:2097] 
W 03-17 19:46:49 cloud_vm_ray_backend.py:2097] [0m[33m↺[0m Trying other potential resources.
<sky-payload>"<rich_update>[bold cyan]Looking for resources[/]  \u001b[2mView logs: sky api logs -l sky-2025-03-17-19-46-44-970611/provision.log\u001b[0m</rich_update>"</sky-payload>
<sky-payload>"<rich_update>[bold cyan]Optimizing[/]</rich_update>"</sky-payload>
<sky-payload>"<rich_start>[bold cyan]Launching[/]</rich_start>"</sky-payload>
<sky-payload>"<rich_update>[bold cyan]Looking for resources[/]  \u001b[2mView logs: sky api logs -l sky-2025-03-17-19-46-44-970611/provision.log\u001b[0m</rich_update>"</sky-payload>
E 03-17 19:46:49 cloud_vm_ray_backend.py:2904] [0m[31m⨯[0m Failed to provision resources. [2mView logs: sky api logs -l sky-2025-03-17-19-46-44-970611/provision.log[0m
<sky-payload>"<rich_exit></rich_exit>"</sky-payload>

[?25hI 03-17 19:46:50 recovery_strategy.py:326] Failed to launch a cluster with error: sky.exceptions.ResourcesUnavailableError: [31mFailed to provision all possible launchable resources.[0m Relax the task's resource requirements: 1x AWS(cpus=4, {'L4': 1})
I 03-17 19:46:50 recovery_strategy.py:326] To keep retrying until the cluster is up, use the `--retry-until-up` flag.
I 03-17 19:46:50 recovery_strategy.py:326] Reasons for provision failures (for details, please check the log above):
I 03-17 19:46:50 recovery_strategy.py:326] Resource          Reason                                                     
I 03-17 19:46:50 recovery_strategy.py:326] AWS(g6.xlarge,    Failed to acquire resources in all zones in ap-            
I 03-17 19:46:50 recovery_strategy.py:326] {'L4': 1})        northeast-2 for {AWS(cpus=4, {'L4': 1})}.                  )
I 03-17 19:46:50 recovery_strategy.py:364] Retrying to launch the cluster in 343.9 seconds.
I 03-17 19:52:35 storage.py:699] Verifying bucket for storage skypilot-filemounts-root-726f1974-edh9a5qd
<sky-payload>"<rich_init>[bold cyan]Optimizing[/]</rich_init>"</sky-payload>
<sky-payload>"<rich_update>[bold cyan]Optimizing[/]</rich_update>"</sky-payload>
<sky-payload>"<rich_start>[bold cyan]Optimizing[/]</rich_start>"</sky-payload>
I 03-17 19:52:36 optimizer.py:749] [1mEstimated cost: [0m$1.0 / hour
I 03-17 19:52:36 optimizer.py:749] 
I 03-17 19:52:36 optimizer.py:884] Considered resources (1 node):
I 03-17 19:52:36 optimizer.py:952] -------------------------------------------------------------------------------------------
I 03-17 19:52:36 optimizer.py:952]  CLOUD   INSTANCE    vCPUs   Mem(GB)   ACCELERATORS   REGION/ZONE      COST ($)   CHOSEN   
I 03-17 19:52:36 optimizer.py:952] -------------------------------------------------------------------------------------------
I 03-17 19:52:36 optimizer.py:952]  AWS     g6.xlarge   4       16        L4:1           ap-northeast-2   0.99       [32m   ✔[0m     
I 03-17 19:52:36 optimizer.py:952] -------------------------------------------------------------------------------------------
<sky-payload>"<rich_exit></rich_exit>"</sky-payload>
<sky-payload>"<rich_init>[bold cyan]Launching[/]</rich_init>"</sky-payload>
<sky-payload>"<rich_update>[bold cyan]Launching[/]</rich_update>"</sky-payload>
<sky-payload>"<rich_start>[bold cyan]Launching[/]</rich_start>"</sky-payload>
<sky-payload>"<rich_update>[bold cyan]Launching[/]  \u001b[2mView logs: sky api logs -l sky-2025-03-17-19-52-36-034143/provision.log\u001b[0m</rich_update>"</sky-payload>
<sky-payload>"<rich_update>[bold cyan]Launching[/]  \u001b[2mView logs: sky api logs -l sky-2025-03-17-19-52-36-034143/provision.log\u001b[0m</rich_update>"</sky-payload>
I 03-17 19:52:36 cloud_vm_ray_backend.py:1520] [0m⚙︎ Launching on AWS ap-northeast-2[0m (ap-northeast-2a,ap-northeast-2d).
[2mW 03-17 19:52:39 instance.py:243] create_instances: Attempt failed with An error occurred (InsufficientInstanceCapacity) when calling the RunInstances operation (reached max retries: 0): We currently do not have sufficient g6.xlarge capacity in the Availability Zone you requested (ap-northeast-2a). Our system will be working on provisioning additional capacity. You can currently get g6.xlarge capacity by not specifying an Availability Zone in your request or choosing ap-northeast-2d.[0m
[2mW 03-17 19:52:40 instance.py:243] create_instances: Attempt failed with An error occurred (InsufficientInstanceCapacity) when calling the RunInstances operation (reached max retries: 0): We currently do not have sufficient g6.xlarge capacity in the Availability Zone you requested (ap-northeast-2d). Our system will be working on provisioning additional capacity. You can currently get g6.xlarge capacity by not specifying an Availability Zone in your request or choosing ap-northeast-2a.[0m
W 03-17 19:52:40 cloud_vm_ray_backend.py:2061] sky.exceptions.ResourcesUnavailableError: Failed to acquire resources in all zones in ap-northeast-2 for {AWS(cpus=4, {'L4': 1})}. 
W 03-17 19:52:40 cloud_vm_ray_backend.py:2097] 
W 03-17 19:52:40 cloud_vm_ray_backend.py:2097] [0m[33m↺[0m Trying other potential resources.
<sky-payload>"<rich_update>[bold cyan]Looking for resources[/]  \u001b[2mView logs: sky api logs -l sky-2025-03-17-19-52-36-034143/provision.log\u001b[0m</rich_update>"</sky-payload>
<sky-payload>"<rich_update>[bold cyan]Optimizing[/]</rich_update>"</sky-payload>
<sky-payload>"<rich_start>[bold cyan]Launching[/]</rich_start>"</sky-payload>
<sky-payload>"<rich_update>[bold cyan]Looking for resources[/]  \u001b[2mView logs: sky api logs -l sky-2025-03-17-19-52-36-034143/provision.log\u001b[0m</rich_update>"</sky-payload>
E 03-17 19:52:40 cloud_vm_ray_backend.py:2904] [0m[31m⨯[0m Failed to provision resources. [2mView logs: sky api logs -l sky-2025-03-17-19-52-36-034143/provision.log[0m
<sky-payload>"<rich_exit></rich_exit>"</sky-payload>

[?25hI 03-17 19:52:41 recovery_strategy.py:326] Failed to launch a cluster with error: sky.exceptions.ResourcesUnavailableError: [31mFailed to provision all possible launchable resources.[0m Relax the task's resource requirements: 1x AWS(cpus=4, {'L4': 1})
I 03-17 19:52:41 recovery_strategy.py:326] To keep retrying until the cluster is up, use the `--retry-until-up` flag.
I 03-17 19:52:41 recovery_strategy.py:326] Reasons for provision failures (for details, please check the log above):
I 03-17 19:52:41 recovery_strategy.py:326] Resource          Reason                                                     
I 03-17 19:52:41 recovery_strategy.py:326] AWS(g6.xlarge,    Failed to acquire resources in all zones in ap-            
I 03-17 19:52:41 recovery_strategy.py:326] {'L4': 1})        northeast-2 for {AWS(cpus=4, {'L4': 1})}.                  )
I 03-17 19:52:41 recovery_strategy.py:364] Retrying to launch the cluster in 215.0 seconds.
I 03-17 19:53:36 controller.py:543] Cancelling managed job, job_id: 73, task_id: 0
I 03-17 19:53:36 state.py:653] Cancelling the job...
I 03-17 19:53:36 controller.py:552] Killing controller process 39753.
I 03-17 19:53:36 controller.py:560] Controller process 39753 killed.
I 03-17 19:53:36 controller.py:562] Cleaning up any cluster for job 73.
I 03-17 19:53:37 storage.py:699] Verifying bucket for storage skypilot-filemounts-root-726f1974-edh9a5qd
<sky-payload>"<rich_init>[bold cyan]Deleting S3 bucket [green]skypilot-filemounts-root-726f1974-edh9a5qd[/][/]</rich_init>"</sky-payload>
<sky-payload>"<rich_update>[bold cyan]Deleting S3 bucket [green]skypilot-filemounts-root-726f1974-edh9a5qd[/][/]</rich_update>"</sky-payload>
<sky-payload>"<rich_start>[bold cyan]Deleting S3 bucket [green]skypilot-filemounts-root-726f1974-edh9a5qd[/][/]</rich_start>"</sky-payload>
<sky-payload>"<rich_exit></rich_exit>"</sky-payload>
I 03-17 19:53:43 storage.py:1505] [32mDeleted S3 bucket skypilot-filemounts-root-726f1974-edh9a5qd.[0m
I 03-17 19:53:43 controller.py:571] Cluster of managed job 73 has been cleaned up.
I 03-17 19:53:43 state.py:674] Job cancelled.
