I 03-17 18:34:04 controller.py:59] DAG:
I 03-17 18:34:04 controller.py:59] [Task<name=compute-text-vectors>(run='# Initialize and dow...')
I 03-17 18:34:04 controller.py:59]   resources: AWS(cpus=4, {'L4': 1}, region=ap-northeast-2)]
I 03-17 18:34:04 controller.py:195] Submitted managed job 75 (task: 0, name: 'compute-text-vectors'); SKYPILOT_TASK_ID: sky-managed-2025-03-17-18-34-04-249427_compute-text-vectors_75-0
I 03-17 18:34:04 controller.py:199] Started monitoring.
I 03-17 18:34:04 state.py:451] Launching the spot cluster...
I 03-17 18:34:05 storage.py:1058] Storage type StoreType.S3 already exists.
<sky-payload>"<rich_init>[bold cyan]Optimizing[/]</rich_init>"</sky-payload>
<sky-payload>"<rich_update>[bold cyan]Optimizing[/]</rich_update>"</sky-payload>
<sky-payload>"<rich_start>[bold cyan]Optimizing[/]</rich_start>"</sky-payload>
I 03-17 18:34:06 optimizer.py:749] [1mEstimated cost: [0m$1.0 / hour
I 03-17 18:34:06 optimizer.py:749] 
I 03-17 18:34:06 optimizer.py:884] Considered resources (1 node):
I 03-17 18:34:06 optimizer.py:952] -------------------------------------------------------------------------------------------
I 03-17 18:34:06 optimizer.py:952]  CLOUD   INSTANCE    vCPUs   Mem(GB)   ACCELERATORS   REGION/ZONE      COST ($)   CHOSEN   
I 03-17 18:34:06 optimizer.py:952] -------------------------------------------------------------------------------------------
I 03-17 18:34:06 optimizer.py:952]  AWS     g6.xlarge   4       16        L4:1           ap-northeast-2   0.99       [32m   ✔[0m     
I 03-17 18:34:06 optimizer.py:952] -------------------------------------------------------------------------------------------
<sky-payload>"<rich_exit></rich_exit>"</sky-payload>
<sky-payload>"<rich_init>[bold cyan]Launching[/]</rich_init>"</sky-payload>
<sky-payload>"<rich_update>[bold cyan]Launching[/]</rich_update>"</sky-payload>
<sky-payload>"<rich_start>[bold cyan]Launching[/]</rich_start>"</sky-payload>
<sky-payload>"<rich_update>[bold cyan]Launching[/]  \u001b[2mView logs: sky api logs -l sky-2025-03-17-18-34-06-311636/provision.log\u001b[0m</rich_update>"</sky-payload>
<sky-payload>"<rich_update>[bold cyan]Launching[/]  \u001b[2mView logs: sky api logs -l sky-2025-03-17-18-34-06-311636/provision.log\u001b[0m</rich_update>"</sky-payload>
I 03-17 18:34:06 cloud_vm_ray_backend.py:1520] [0m⚙︎ Launching on AWS ap-northeast-2[0m (ap-northeast-2a,ap-northeast-2d).
[2mW 03-17 18:34:13 instance.py:243] create_instances: Attempt failed with An error occurred (InsufficientInstanceCapacity) when calling the RunInstances operation (reached max retries: 0): We currently do not have sufficient g6.xlarge capacity in the Availability Zone you requested (ap-northeast-2a). Our system will be working on provisioning additional capacity. You can currently get g6.xlarge capacity by not specifying an Availability Zone in your request or choosing ap-northeast-2d.[0m
[2mW 03-17 18:34:21 instance.py:243] create_instances: Attempt failed with An error occurred (InsufficientInstanceCapacity) when calling the RunInstances operation (reached max retries: 0): We currently do not have sufficient g6.xlarge capacity in the Availability Zone you requested (ap-northeast-2d). Our system will be working on provisioning additional capacity. You can currently get g6.xlarge capacity by not specifying an Availability Zone in your request or choosing ap-northeast-2a.[0m
W 03-17 18:34:21 cloud_vm_ray_backend.py:2061] sky.exceptions.ResourcesUnavailableError: Failed to acquire resources in all zones in ap-northeast-2 for {AWS(cpus=4, {'L4': 1})}. 
W 03-17 18:34:21 cloud_vm_ray_backend.py:2097] 
W 03-17 18:34:21 cloud_vm_ray_backend.py:2097] [0m[33m↺[0m Trying other potential resources.
<sky-payload>"<rich_update>[bold cyan]Looking for resources[/]  \u001b[2mView logs: sky api logs -l sky-2025-03-17-18-34-06-311636/provision.log\u001b[0m</rich_update>"</sky-payload>
<sky-payload>"<rich_update>[bold cyan]Optimizing[/]</rich_update>"</sky-payload>
<sky-payload>"<rich_start>[bold cyan]Launching[/]</rich_start>"</sky-payload>
<sky-payload>"<rich_update>[bold cyan]Looking for resources[/]  \u001b[2mView logs: sky api logs -l sky-2025-03-17-18-34-06-311636/provision.log\u001b[0m</rich_update>"</sky-payload>
E 03-17 18:34:21 cloud_vm_ray_backend.py:2904] [0m[31m⨯[0m Failed to provision resources. [2mView logs: sky api logs -l sky-2025-03-17-18-34-06-311636/provision.log[0m
<sky-payload>"<rich_exit></rich_exit>"</sky-payload>

[?25hI 03-17 18:34:22 recovery_strategy.py:326] Failed to launch a cluster with error: sky.exceptions.ResourcesUnavailableError: [31mFailed to provision all possible launchable resources.[0m Relax the task's resource requirements: 1x AWS(cpus=4, {'L4': 1})
I 03-17 18:34:22 recovery_strategy.py:326] To keep retrying until the cluster is up, use the `--retry-until-up` flag.
I 03-17 18:34:22 recovery_strategy.py:326] Reasons for provision failures (for details, please check the log above):
I 03-17 18:34:22 recovery_strategy.py:326] Resource          Reason                                                     
I 03-17 18:34:22 recovery_strategy.py:326] AWS(g6.xlarge,    Failed to acquire resources in all zones in ap-            
I 03-17 18:34:22 recovery_strategy.py:326] {'L4': 1})        northeast-2 for {AWS(cpus=4, {'L4': 1})}.                  )
I 03-17 18:34:22 recovery_strategy.py:364] Retrying to launch the cluster in 58.9 seconds.
I 03-17 18:35:22 storage.py:699] Verifying bucket for storage skypilot-filemounts-root-726f1974-dubs1avx
<sky-payload>"<rich_init>[bold cyan]Optimizing[/]</rich_init>"</sky-payload>
<sky-payload>"<rich_update>[bold cyan]Optimizing[/]</rich_update>"</sky-payload>
<sky-payload>"<rich_start>[bold cyan]Optimizing[/]</rich_start>"</sky-payload>
I 03-17 18:35:23 optimizer.py:749] [1mEstimated cost: [0m$1.0 / hour
I 03-17 18:35:23 optimizer.py:749] 
I 03-17 18:35:23 optimizer.py:884] Considered resources (1 node):
I 03-17 18:35:23 optimizer.py:952] -------------------------------------------------------------------------------------------
I 03-17 18:35:23 optimizer.py:952]  CLOUD   INSTANCE    vCPUs   Mem(GB)   ACCELERATORS   REGION/ZONE      COST ($)   CHOSEN   
I 03-17 18:35:23 optimizer.py:952] -------------------------------------------------------------------------------------------
I 03-17 18:35:23 optimizer.py:952]  AWS     g6.xlarge   4       16        L4:1           ap-northeast-2   0.99       [32m   ✔[0m     
I 03-17 18:35:23 optimizer.py:952] -------------------------------------------------------------------------------------------
<sky-payload>"<rich_exit></rich_exit>"</sky-payload>
<sky-payload>"<rich_init>[bold cyan]Launching[/]</rich_init>"</sky-payload>
<sky-payload>"<rich_update>[bold cyan]Launching[/]</rich_update>"</sky-payload>
<sky-payload>"<rich_start>[bold cyan]Launching[/]</rich_start>"</sky-payload>
<sky-payload>"<rich_update>[bold cyan]Launching[/]  \u001b[2mView logs: sky api logs -l sky-2025-03-17-18-35-23-232281/provision.log\u001b[0m</rich_update>"</sky-payload>
<sky-payload>"<rich_update>[bold cyan]Launching[/]  \u001b[2mView logs: sky api logs -l sky-2025-03-17-18-35-23-232281/provision.log\u001b[0m</rich_update>"</sky-payload>
I 03-17 18:35:23 cloud_vm_ray_backend.py:1520] [0m⚙︎ Launching on AWS ap-northeast-2[0m (ap-northeast-2a,ap-northeast-2d).
[2mW 03-17 18:39:08 instance.py:243] create_instances: Attempt failed with An error occurred (InsufficientInstanceCapacity) when calling the RunInstances operation (reached max retries: 0): We currently do not have sufficient g6.xlarge capacity in the Availability Zone you requested (ap-northeast-2a). Our system will be working on provisioning additional capacity. You can currently get g6.xlarge capacity by not specifying an Availability Zone in your request or choosing ap-northeast-2d.[0m
[2mW 03-17 18:41:15 instance.py:243] create_instances: Attempt failed with An error occurred (InsufficientInstanceCapacity) when calling the RunInstances operation (reached max retries: 0): We currently do not have sufficient g6.xlarge capacity in the Availability Zone you requested (ap-northeast-2d). Our system will be working on provisioning additional capacity. You can currently get g6.xlarge capacity by not specifying an Availability Zone in your request or choosing ap-northeast-2a.[0m
W 03-17 18:41:15 cloud_vm_ray_backend.py:2061] sky.exceptions.ResourcesUnavailableError: Failed to acquire resources in all zones in ap-northeast-2 for {AWS(cpus=4, {'L4': 1})}. 
W 03-17 18:41:15 cloud_vm_ray_backend.py:2097] 
W 03-17 18:41:15 cloud_vm_ray_backend.py:2097] [0m[33m↺[0m Trying other potential resources.
<sky-payload>"<rich_update>[bold cyan]Looking for resources[/]  \u001b[2mView logs: sky api logs -l sky-2025-03-17-18-35-23-232281/provision.log\u001b[0m</rich_update>"</sky-payload>
<sky-payload>"<rich_update>[bold cyan]Optimizing[/]</rich_update>"</sky-payload>
<sky-payload>"<rich_start>[bold cyan]Launching[/]</rich_start>"</sky-payload>
<sky-payload>"<rich_update>[bold cyan]Looking for resources[/]  \u001b[2mView logs: sky api logs -l sky-2025-03-17-18-35-23-232281/provision.log\u001b[0m</rich_update>"</sky-payload>
E 03-17 18:41:15 cloud_vm_ray_backend.py:2904] [0m[31m⨯[0m Failed to provision resources. [2mView logs: sky api logs -l sky-2025-03-17-18-35-23-232281/provision.log[0m
<sky-payload>"<rich_exit></rich_exit>"</sky-payload>

[?25hI 03-17 18:41:16 recovery_strategy.py:326] Failed to launch a cluster with error: sky.exceptions.ResourcesUnavailableError: [31mFailed to provision all possible launchable resources.[0m Relax the task's resource requirements: 1x AWS(cpus=4, {'L4': 1})
I 03-17 18:41:16 recovery_strategy.py:326] To keep retrying until the cluster is up, use the `--retry-until-up` flag.
I 03-17 18:41:16 recovery_strategy.py:326] Reasons for provision failures (for details, please check the log above):
I 03-17 18:41:16 recovery_strategy.py:326] Resource          Reason                                                     
I 03-17 18:41:16 recovery_strategy.py:326] AWS(g6.xlarge,    Failed to acquire resources in all zones in ap-            
I 03-17 18:41:16 recovery_strategy.py:326] {'L4': 1})        northeast-2 for {AWS(cpus=4, {'L4': 1})}.                  )
I 03-17 18:41:16 recovery_strategy.py:364] Retrying to launch the cluster in 82.1 seconds.
I 03-17 18:42:39 storage.py:699] Verifying bucket for storage skypilot-filemounts-root-726f1974-dubs1avx
<sky-payload>"<rich_init>[bold cyan]Optimizing[/]</rich_init>"</sky-payload>
<sky-payload>"<rich_update>[bold cyan]Optimizing[/]</rich_update>"</sky-payload>
<sky-payload>"<rich_start>[bold cyan]Optimizing[/]</rich_start>"</sky-payload>
I 03-17 18:42:40 optimizer.py:749] [1mEstimated cost: [0m$1.0 / hour
I 03-17 18:42:40 optimizer.py:749] 
I 03-17 18:42:40 optimizer.py:884] Considered resources (1 node):
I 03-17 18:42:40 optimizer.py:952] -------------------------------------------------------------------------------------------
I 03-17 18:42:40 optimizer.py:952]  CLOUD   INSTANCE    vCPUs   Mem(GB)   ACCELERATORS   REGION/ZONE      COST ($)   CHOSEN   
I 03-17 18:42:40 optimizer.py:952] -------------------------------------------------------------------------------------------
I 03-17 18:42:40 optimizer.py:952]  AWS     g6.xlarge   4       16        L4:1           ap-northeast-2   0.99       [32m   ✔[0m     
I 03-17 18:42:40 optimizer.py:952] -------------------------------------------------------------------------------------------
<sky-payload>"<rich_exit></rich_exit>"</sky-payload>
<sky-payload>"<rich_init>[bold cyan]Launching[/]</rich_init>"</sky-payload>
<sky-payload>"<rich_update>[bold cyan]Launching[/]</rich_update>"</sky-payload>
<sky-payload>"<rich_start>[bold cyan]Launching[/]</rich_start>"</sky-payload>
<sky-payload>"<rich_update>[bold cyan]Launching[/]  \u001b[2mView logs: sky api logs -l sky-2025-03-17-18-42-40-114958/provision.log\u001b[0m</rich_update>"</sky-payload>
<sky-payload>"<rich_update>[bold cyan]Launching[/]  \u001b[2mView logs: sky api logs -l sky-2025-03-17-18-42-40-114958/provision.log\u001b[0m</rich_update>"</sky-payload>
I 03-17 18:42:40 cloud_vm_ray_backend.py:1520] [0m⚙︎ Launching on AWS ap-northeast-2[0m (ap-northeast-2a,ap-northeast-2d).
[2mW 03-17 18:42:43 instance.py:243] create_instances: Attempt failed with An error occurred (InsufficientInstanceCapacity) when calling the RunInstances operation (reached max retries: 0): We currently do not have sufficient g6.xlarge capacity in the Availability Zone you requested (ap-northeast-2a). Our system will be working on provisioning additional capacity. You can currently get g6.xlarge capacity by not specifying an Availability Zone in your request or choosing ap-northeast-2d.[0m
[2mW 03-17 18:42:44 instance.py:243] create_instances: Attempt failed with An error occurred (InsufficientInstanceCapacity) when calling the RunInstances operation (reached max retries: 0): We currently do not have sufficient g6.xlarge capacity in the Availability Zone you requested (ap-northeast-2d). Our system will be working on provisioning additional capacity. You can currently get g6.xlarge capacity by not specifying an Availability Zone in your request or choosing ap-northeast-2a.[0m
W 03-17 18:42:44 cloud_vm_ray_backend.py:2061] sky.exceptions.ResourcesUnavailableError: Failed to acquire resources in all zones in ap-northeast-2 for {AWS(cpus=4, {'L4': 1})}. 
W 03-17 18:42:44 cloud_vm_ray_backend.py:2097] 
W 03-17 18:42:44 cloud_vm_ray_backend.py:2097] [0m[33m↺[0m Trying other potential resources.
<sky-payload>"<rich_update>[bold cyan]Looking for resources[/]  \u001b[2mView logs: sky api logs -l sky-2025-03-17-18-42-40-114958/provision.log\u001b[0m</rich_update>"</sky-payload>
<sky-payload>"<rich_update>[bold cyan]Optimizing[/]</rich_update>"</sky-payload>
<sky-payload>"<rich_start>[bold cyan]Launching[/]</rich_start>"</sky-payload>
<sky-payload>"<rich_update>[bold cyan]Looking for resources[/]  \u001b[2mView logs: sky api logs -l sky-2025-03-17-18-42-40-114958/provision.log\u001b[0m</rich_update>"</sky-payload>
E 03-17 18:42:44 cloud_vm_ray_backend.py:2904] [0m[31m⨯[0m Failed to provision resources. [2mView logs: sky api logs -l sky-2025-03-17-18-42-40-114958/provision.log[0m
<sky-payload>"<rich_exit></rich_exit>"</sky-payload>

[?25hI 03-17 18:42:45 recovery_strategy.py:326] Failed to launch a cluster with error: sky.exceptions.ResourcesUnavailableError: [31mFailed to provision all possible launchable resources.[0m Relax the task's resource requirements: 1x AWS(cpus=4, {'L4': 1})
I 03-17 18:42:45 recovery_strategy.py:326] To keep retrying until the cluster is up, use the `--retry-until-up` flag.
I 03-17 18:42:45 recovery_strategy.py:326] Reasons for provision failures (for details, please check the log above):
I 03-17 18:42:45 recovery_strategy.py:326] Resource          Reason                                                     
I 03-17 18:42:45 recovery_strategy.py:326] AWS(g6.xlarge,    Failed to acquire resources in all zones in ap-            
I 03-17 18:42:45 recovery_strategy.py:326] {'L4': 1})        northeast-2 for {AWS(cpus=4, {'L4': 1})}.                  )
I 03-17 18:42:45 recovery_strategy.py:364] Retrying to launch the cluster in 181.2 seconds.
I 03-17 18:45:47 storage.py:699] Verifying bucket for storage skypilot-filemounts-root-726f1974-dubs1avx
<sky-payload>"<rich_init>[bold cyan]Optimizing[/]</rich_init>"</sky-payload>
<sky-payload>"<rich_update>[bold cyan]Optimizing[/]</rich_update>"</sky-payload>
<sky-payload>"<rich_start>[bold cyan]Optimizing[/]</rich_start>"</sky-payload>
I 03-17 18:45:48 optimizer.py:749] [1mEstimated cost: [0m$1.0 / hour
I 03-17 18:45:48 optimizer.py:749] 
I 03-17 18:45:48 optimizer.py:884] Considered resources (1 node):
I 03-17 18:45:48 optimizer.py:952] -------------------------------------------------------------------------------------------
I 03-17 18:45:48 optimizer.py:952]  CLOUD   INSTANCE    vCPUs   Mem(GB)   ACCELERATORS   REGION/ZONE      COST ($)   CHOSEN   
I 03-17 18:45:48 optimizer.py:952] -------------------------------------------------------------------------------------------
I 03-17 18:45:48 optimizer.py:952]  AWS     g6.xlarge   4       16        L4:1           ap-northeast-2   0.99       [32m   ✔[0m     
I 03-17 18:45:48 optimizer.py:952] -------------------------------------------------------------------------------------------
<sky-payload>"<rich_exit></rich_exit>"</sky-payload>
<sky-payload>"<rich_init>[bold cyan]Launching[/]</rich_init>"</sky-payload>
<sky-payload>"<rich_update>[bold cyan]Launching[/]</rich_update>"</sky-payload>
<sky-payload>"<rich_start>[bold cyan]Launching[/]</rich_start>"</sky-payload>
<sky-payload>"<rich_update>[bold cyan]Launching[/]  \u001b[2mView logs: sky api logs -l sky-2025-03-17-18-45-48-660298/provision.log\u001b[0m</rich_update>"</sky-payload>
<sky-payload>"<rich_update>[bold cyan]Launching[/]  \u001b[2mView logs: sky api logs -l sky-2025-03-17-18-45-48-660298/provision.log\u001b[0m</rich_update>"</sky-payload>
I 03-17 18:45:48 cloud_vm_ray_backend.py:1520] [0m⚙︎ Launching on AWS ap-northeast-2[0m (ap-northeast-2a,ap-northeast-2d).
[2mW 03-17 18:45:51 instance.py:243] create_instances: Attempt failed with An error occurred (InsufficientInstanceCapacity) when calling the RunInstances operation (reached max retries: 0): We currently do not have sufficient g6.xlarge capacity in the Availability Zone you requested (ap-northeast-2a). Our system will be working on provisioning additional capacity. You can currently get g6.xlarge capacity by not specifying an Availability Zone in your request or choosing ap-northeast-2d.[0m
[2mW 03-17 18:45:53 instance.py:243] create_instances: Attempt failed with An error occurred (InsufficientInstanceCapacity) when calling the RunInstances operation (reached max retries: 0): We currently do not have sufficient g6.xlarge capacity in the Availability Zone you requested (ap-northeast-2d). Our system will be working on provisioning additional capacity. You can currently get g6.xlarge capacity by not specifying an Availability Zone in your request or choosing ap-northeast-2a.[0m
W 03-17 18:45:53 cloud_vm_ray_backend.py:2061] sky.exceptions.ResourcesUnavailableError: Failed to acquire resources in all zones in ap-northeast-2 for {AWS(cpus=4, {'L4': 1})}. 
W 03-17 18:45:53 cloud_vm_ray_backend.py:2097] 
W 03-17 18:45:53 cloud_vm_ray_backend.py:2097] [0m[33m↺[0m Trying other potential resources.
<sky-payload>"<rich_update>[bold cyan]Looking for resources[/]  \u001b[2mView logs: sky api logs -l sky-2025-03-17-18-45-48-660298/provision.log\u001b[0m</rich_update>"</sky-payload>
<sky-payload>"<rich_update>[bold cyan]Optimizing[/]</rich_update>"</sky-payload>
<sky-payload>"<rich_start>[bold cyan]Launching[/]</rich_start>"</sky-payload>
<sky-payload>"<rich_update>[bold cyan]Looking for resources[/]  \u001b[2mView logs: sky api logs -l sky-2025-03-17-18-45-48-660298/provision.log\u001b[0m</rich_update>"</sky-payload>
E 03-17 18:45:53 cloud_vm_ray_backend.py:2904] [0m[31m⨯[0m Failed to provision resources. [2mView logs: sky api logs -l sky-2025-03-17-18-45-48-660298/provision.log[0m
<sky-payload>"<rich_exit></rich_exit>"</sky-payload>

[?25hI 03-17 18:45:53 recovery_strategy.py:326] Failed to launch a cluster with error: sky.exceptions.ResourcesUnavailableError: [31mFailed to provision all possible launchable resources.[0m Relax the task's resource requirements: 1x AWS(cpus=4, {'L4': 1})
I 03-17 18:45:53 recovery_strategy.py:326] To keep retrying until the cluster is up, use the `--retry-until-up` flag.
I 03-17 18:45:53 recovery_strategy.py:326] Reasons for provision failures (for details, please check the log above):
I 03-17 18:45:53 recovery_strategy.py:326] Resource          Reason                                                     
I 03-17 18:45:53 recovery_strategy.py:326] AWS(g6.xlarge,    Failed to acquire resources in all zones in ap-            
I 03-17 18:45:53 recovery_strategy.py:326] {'L4': 1})        northeast-2 for {AWS(cpus=4, {'L4': 1})}.                  )
I 03-17 18:45:54 recovery_strategy.py:364] Retrying to launch the cluster in 379.8 seconds.
I 03-17 18:52:15 storage.py:699] Verifying bucket for storage skypilot-filemounts-root-726f1974-dubs1avx
<sky-payload>"<rich_init>[bold cyan]Optimizing[/]</rich_init>"</sky-payload>
<sky-payload>"<rich_update>[bold cyan]Optimizing[/]</rich_update>"</sky-payload>
<sky-payload>"<rich_start>[bold cyan]Optimizing[/]</rich_start>"</sky-payload>
I 03-17 18:52:15 optimizer.py:749] [1mEstimated cost: [0m$1.0 / hour
I 03-17 18:52:15 optimizer.py:749] 
I 03-17 18:52:15 optimizer.py:884] Considered resources (1 node):
I 03-17 18:52:15 optimizer.py:952] -------------------------------------------------------------------------------------------
I 03-17 18:52:15 optimizer.py:952]  CLOUD   INSTANCE    vCPUs   Mem(GB)   ACCELERATORS   REGION/ZONE      COST ($)   CHOSEN   
I 03-17 18:52:15 optimizer.py:952] -------------------------------------------------------------------------------------------
I 03-17 18:52:15 optimizer.py:952]  AWS     g6.xlarge   4       16        L4:1           ap-northeast-2   0.99       [32m   ✔[0m     
I 03-17 18:52:15 optimizer.py:952] -------------------------------------------------------------------------------------------
<sky-payload>"<rich_exit></rich_exit>"</sky-payload>
<sky-payload>"<rich_init>[bold cyan]Launching[/]</rich_init>"</sky-payload>
<sky-payload>"<rich_update>[bold cyan]Launching[/]</rich_update>"</sky-payload>
<sky-payload>"<rich_start>[bold cyan]Launching[/]</rich_start>"</sky-payload>
<sky-payload>"<rich_update>[bold cyan]Launching[/]  \u001b[2mView logs: sky api logs -l sky-2025-03-17-18-52-15-802299/provision.log\u001b[0m</rich_update>"</sky-payload>
<sky-payload>"<rich_update>[bold cyan]Launching[/]  \u001b[2mView logs: sky api logs -l sky-2025-03-17-18-52-15-802299/provision.log\u001b[0m</rich_update>"</sky-payload>
I 03-17 18:52:15 cloud_vm_ray_backend.py:1520] [0m⚙︎ Launching on AWS ap-northeast-2[0m (ap-northeast-2a,ap-northeast-2d).
[2mW 03-17 18:52:18 instance.py:243] create_instances: Attempt failed with An error occurred (InsufficientInstanceCapacity) when calling the RunInstances operation (reached max retries: 0): We currently do not have sufficient g6.xlarge capacity in the Availability Zone you requested (ap-northeast-2a). Our system will be working on provisioning additional capacity. You can currently get g6.xlarge capacity by not specifying an Availability Zone in your request or choosing ap-northeast-2d.[0m
[2mW 03-17 18:52:20 instance.py:243] create_instances: Attempt failed with An error occurred (InsufficientInstanceCapacity) when calling the RunInstances operation (reached max retries: 0): We currently do not have sufficient g6.xlarge capacity in the Availability Zone you requested (ap-northeast-2d). Our system will be working on provisioning additional capacity. You can currently get g6.xlarge capacity by not specifying an Availability Zone in your request or choosing ap-northeast-2a.[0m
W 03-17 18:52:20 cloud_vm_ray_backend.py:2061] sky.exceptions.ResourcesUnavailableError: Failed to acquire resources in all zones in ap-northeast-2 for {AWS(cpus=4, {'L4': 1})}. 
W 03-17 18:52:20 cloud_vm_ray_backend.py:2097] 
W 03-17 18:52:20 cloud_vm_ray_backend.py:2097] [0m[33m↺[0m Trying other potential resources.
<sky-payload>"<rich_update>[bold cyan]Looking for resources[/]  \u001b[2mView logs: sky api logs -l sky-2025-03-17-18-52-15-802299/provision.log\u001b[0m</rich_update>"</sky-payload>
<sky-payload>"<rich_update>[bold cyan]Optimizing[/]</rich_update>"</sky-payload>
<sky-payload>"<rich_start>[bold cyan]Launching[/]</rich_start>"</sky-payload>
<sky-payload>"<rich_update>[bold cyan]Looking for resources[/]  \u001b[2mView logs: sky api logs -l sky-2025-03-17-18-52-15-802299/provision.log\u001b[0m</rich_update>"</sky-payload>
E 03-17 18:52:20 cloud_vm_ray_backend.py:2904] [0m[31m⨯[0m Failed to provision resources. [2mView logs: sky api logs -l sky-2025-03-17-18-52-15-802299/provision.log[0m
<sky-payload>"<rich_exit></rich_exit>"</sky-payload>

[?25hI 03-17 18:52:20 recovery_strategy.py:326] Failed to launch a cluster with error: sky.exceptions.ResourcesUnavailableError: [31mFailed to provision all possible launchable resources.[0m Relax the task's resource requirements: 1x AWS(cpus=4, {'L4': 1})
I 03-17 18:52:20 recovery_strategy.py:326] To keep retrying until the cluster is up, use the `--retry-until-up` flag.
I 03-17 18:52:20 recovery_strategy.py:326] Reasons for provision failures (for details, please check the log above):
I 03-17 18:52:20 recovery_strategy.py:326] Resource          Reason                                                     
I 03-17 18:52:20 recovery_strategy.py:326] AWS(g6.xlarge,    Failed to acquire resources in all zones in ap-            
I 03-17 18:52:20 recovery_strategy.py:326] {'L4': 1})        northeast-2 for {AWS(cpus=4, {'L4': 1})}.                  )
I 03-17 18:52:21 recovery_strategy.py:364] Retrying to launch the cluster in 278.8 seconds.
I 03-17 18:57:00 storage.py:699] Verifying bucket for storage skypilot-filemounts-root-726f1974-dubs1avx
<sky-payload>"<rich_init>[bold cyan]Optimizing[/]</rich_init>"</sky-payload>
<sky-payload>"<rich_update>[bold cyan]Optimizing[/]</rich_update>"</sky-payload>
<sky-payload>"<rich_start>[bold cyan]Optimizing[/]</rich_start>"</sky-payload>
I 03-17 18:57:01 optimizer.py:749] [1mEstimated cost: [0m$1.0 / hour
I 03-17 18:57:01 optimizer.py:749] 
I 03-17 18:57:01 optimizer.py:884] Considered resources (1 node):
I 03-17 18:57:01 optimizer.py:952] -------------------------------------------------------------------------------------------
I 03-17 18:57:01 optimizer.py:952]  CLOUD   INSTANCE    vCPUs   Mem(GB)   ACCELERATORS   REGION/ZONE      COST ($)   CHOSEN   
I 03-17 18:57:01 optimizer.py:952] -------------------------------------------------------------------------------------------
I 03-17 18:57:01 optimizer.py:952]  AWS     g6.xlarge   4       16        L4:1           ap-northeast-2   0.99       [32m   ✔[0m     
I 03-17 18:57:01 optimizer.py:952] -------------------------------------------------------------------------------------------
<sky-payload>"<rich_exit></rich_exit>"</sky-payload>
<sky-payload>"<rich_init>[bold cyan]Launching[/]</rich_init>"</sky-payload>
<sky-payload>"<rich_update>[bold cyan]Launching[/]</rich_update>"</sky-payload>
<sky-payload>"<rich_start>[bold cyan]Launching[/]</rich_start>"</sky-payload>
<sky-payload>"<rich_update>[bold cyan]Launching[/]  \u001b[2mView logs: sky api logs -l sky-2025-03-17-18-57-01-745775/provision.log\u001b[0m</rich_update>"</sky-payload>
<sky-payload>"<rich_update>[bold cyan]Launching[/]  \u001b[2mView logs: sky api logs -l sky-2025-03-17-18-57-01-745775/provision.log\u001b[0m</rich_update>"</sky-payload>
I 03-17 18:57:01 cloud_vm_ray_backend.py:1520] [0m⚙︎ Launching on AWS ap-northeast-2[0m (ap-northeast-2a,ap-northeast-2d).
[2mW 03-17 18:57:04 instance.py:243] create_instances: Attempt failed with An error occurred (InsufficientInstanceCapacity) when calling the RunInstances operation (reached max retries: 0): We currently do not have sufficient g6.xlarge capacity in the Availability Zone you requested (ap-northeast-2a). Our system will be working on provisioning additional capacity. You can currently get g6.xlarge capacity by not specifying an Availability Zone in your request or choosing ap-northeast-2d.[0m
[2mW 03-17 18:57:06 instance.py:243] create_instances: Attempt failed with An error occurred (InsufficientInstanceCapacity) when calling the RunInstances operation (reached max retries: 0): We currently do not have sufficient g6.xlarge capacity in the Availability Zone you requested (ap-northeast-2d). Our system will be working on provisioning additional capacity. You can currently get g6.xlarge capacity by not specifying an Availability Zone in your request or choosing ap-northeast-2a.[0m
W 03-17 18:57:06 cloud_vm_ray_backend.py:2061] sky.exceptions.ResourcesUnavailableError: Failed to acquire resources in all zones in ap-northeast-2 for {AWS(cpus=4, {'L4': 1})}. 
W 03-17 18:57:06 cloud_vm_ray_backend.py:2097] 
W 03-17 18:57:06 cloud_vm_ray_backend.py:2097] [0m[33m↺[0m Trying other potential resources.
<sky-payload>"<rich_update>[bold cyan]Looking for resources[/]  \u001b[2mView logs: sky api logs -l sky-2025-03-17-18-57-01-745775/provision.log\u001b[0m</rich_update>"</sky-payload>
<sky-payload>"<rich_update>[bold cyan]Optimizing[/]</rich_update>"</sky-payload>
<sky-payload>"<rich_start>[bold cyan]Launching[/]</rich_start>"</sky-payload>
<sky-payload>"<rich_update>[bold cyan]Looking for resources[/]  \u001b[2mView logs: sky api logs -l sky-2025-03-17-18-57-01-745775/provision.log\u001b[0m</rich_update>"</sky-payload>
E 03-17 18:57:06 cloud_vm_ray_backend.py:2904] [0m[31m⨯[0m Failed to provision resources. [2mView logs: sky api logs -l sky-2025-03-17-18-57-01-745775/provision.log[0m
<sky-payload>"<rich_exit></rich_exit>"</sky-payload>

[?25hI 03-17 18:57:07 recovery_strategy.py:326] Failed to launch a cluster with error: sky.exceptions.ResourcesUnavailableError: [31mFailed to provision all possible launchable resources.[0m Relax the task's resource requirements: 1x AWS(cpus=4, {'L4': 1})
I 03-17 18:57:07 recovery_strategy.py:326] To keep retrying until the cluster is up, use the `--retry-until-up` flag.
I 03-17 18:57:07 recovery_strategy.py:326] Reasons for provision failures (for details, please check the log above):
I 03-17 18:57:07 recovery_strategy.py:326] Resource          Reason                                                     
I 03-17 18:57:07 recovery_strategy.py:326] AWS(g6.xlarge,    Failed to acquire resources in all zones in ap-            
I 03-17 18:57:07 recovery_strategy.py:326] {'L4': 1})        northeast-2 for {AWS(cpus=4, {'L4': 1})}.                  )
I 03-17 18:57:07 recovery_strategy.py:364] Retrying to launch the cluster in 222.1 seconds.
I 03-17 19:00:50 storage.py:699] Verifying bucket for storage skypilot-filemounts-root-726f1974-dubs1avx
<sky-payload>"<rich_init>[bold cyan]Optimizing[/]</rich_init>"</sky-payload>
<sky-payload>"<rich_update>[bold cyan]Optimizing[/]</rich_update>"</sky-payload>
<sky-payload>"<rich_start>[bold cyan]Optimizing[/]</rich_start>"</sky-payload>
I 03-17 19:00:51 optimizer.py:749] [1mEstimated cost: [0m$1.0 / hour
I 03-17 19:00:51 optimizer.py:749] 
I 03-17 19:00:51 optimizer.py:884] Considered resources (1 node):
I 03-17 19:00:51 optimizer.py:952] -------------------------------------------------------------------------------------------
I 03-17 19:00:51 optimizer.py:952]  CLOUD   INSTANCE    vCPUs   Mem(GB)   ACCELERATORS   REGION/ZONE      COST ($)   CHOSEN   
I 03-17 19:00:51 optimizer.py:952] -------------------------------------------------------------------------------------------
I 03-17 19:00:51 optimizer.py:952]  AWS     g6.xlarge   4       16        L4:1           ap-northeast-2   0.99       [32m   ✔[0m     
I 03-17 19:00:51 optimizer.py:952] -------------------------------------------------------------------------------------------
<sky-payload>"<rich_exit></rich_exit>"</sky-payload>
<sky-payload>"<rich_init>[bold cyan]Launching[/]</rich_init>"</sky-payload>
<sky-payload>"<rich_update>[bold cyan]Launching[/]</rich_update>"</sky-payload>
<sky-payload>"<rich_start>[bold cyan]Launching[/]</rich_start>"</sky-payload>
<sky-payload>"<rich_update>[bold cyan]Launching[/]  \u001b[2mView logs: sky api logs -l sky-2025-03-17-19-00-51-213577/provision.log\u001b[0m</rich_update>"</sky-payload>
<sky-payload>"<rich_update>[bold cyan]Launching[/]  \u001b[2mView logs: sky api logs -l sky-2025-03-17-19-00-51-213577/provision.log\u001b[0m</rich_update>"</sky-payload>
I 03-17 19:00:51 cloud_vm_ray_backend.py:1520] [0m⚙︎ Launching on AWS ap-northeast-2[0m (ap-northeast-2a,ap-northeast-2d).
[2mW 03-17 19:00:54 instance.py:243] create_instances: Attempt failed with An error occurred (InsufficientInstanceCapacity) when calling the RunInstances operation (reached max retries: 0): We currently do not have sufficient g6.xlarge capacity in the Availability Zone you requested (ap-northeast-2a). Our system will be working on provisioning additional capacity. You can currently get g6.xlarge capacity by not specifying an Availability Zone in your request or choosing ap-northeast-2d.[0m
[2mW 03-17 19:00:55 instance.py:243] create_instances: Attempt failed with An error occurred (InsufficientInstanceCapacity) when calling the RunInstances operation (reached max retries: 0): We currently do not have sufficient g6.xlarge capacity in the Availability Zone you requested (ap-northeast-2d). Our system will be working on provisioning additional capacity. You can currently get g6.xlarge capacity by not specifying an Availability Zone in your request or choosing ap-northeast-2a.[0m
W 03-17 19:00:56 cloud_vm_ray_backend.py:2061] sky.exceptions.ResourcesUnavailableError: Failed to acquire resources in all zones in ap-northeast-2 for {AWS(cpus=4, {'L4': 1})}. 
W 03-17 19:00:56 cloud_vm_ray_backend.py:2097] 
W 03-17 19:00:56 cloud_vm_ray_backend.py:2097] [0m[33m↺[0m Trying other potential resources.
<sky-payload>"<rich_update>[bold cyan]Looking for resources[/]  \u001b[2mView logs: sky api logs -l sky-2025-03-17-19-00-51-213577/provision.log\u001b[0m</rich_update>"</sky-payload>
<sky-payload>"<rich_update>[bold cyan]Optimizing[/]</rich_update>"</sky-payload>
<sky-payload>"<rich_start>[bold cyan]Launching[/]</rich_start>"</sky-payload>
<sky-payload>"<rich_update>[bold cyan]Looking for resources[/]  \u001b[2mView logs: sky api logs -l sky-2025-03-17-19-00-51-213577/provision.log\u001b[0m</rich_update>"</sky-payload>
E 03-17 19:00:56 cloud_vm_ray_backend.py:2904] [0m[31m⨯[0m Failed to provision resources. [2mView logs: sky api logs -l sky-2025-03-17-19-00-51-213577/provision.log[0m
<sky-payload>"<rich_exit></rich_exit>"</sky-payload>

[?25hI 03-17 19:00:56 recovery_strategy.py:326] Failed to launch a cluster with error: sky.exceptions.ResourcesUnavailableError: [31mFailed to provision all possible launchable resources.[0m Relax the task's resource requirements: 1x AWS(cpus=4, {'L4': 1})
I 03-17 19:00:56 recovery_strategy.py:326] To keep retrying until the cluster is up, use the `--retry-until-up` flag.
I 03-17 19:00:56 recovery_strategy.py:326] Reasons for provision failures (for details, please check the log above):
I 03-17 19:00:56 recovery_strategy.py:326] Resource          Reason                                                     
I 03-17 19:00:56 recovery_strategy.py:326] AWS(g6.xlarge,    Failed to acquire resources in all zones in ap-            
I 03-17 19:00:56 recovery_strategy.py:326] {'L4': 1})        northeast-2 for {AWS(cpus=4, {'L4': 1})}.                  )
I 03-17 19:00:56 recovery_strategy.py:364] Retrying to launch the cluster in 320.2 seconds.
I 03-17 19:06:17 storage.py:699] Verifying bucket for storage skypilot-filemounts-root-726f1974-dubs1avx
<sky-payload>"<rich_init>[bold cyan]Optimizing[/]</rich_init>"</sky-payload>
<sky-payload>"<rich_update>[bold cyan]Optimizing[/]</rich_update>"</sky-payload>
<sky-payload>"<rich_start>[bold cyan]Optimizing[/]</rich_start>"</sky-payload>
I 03-17 19:06:18 optimizer.py:749] [1mEstimated cost: [0m$1.0 / hour
I 03-17 19:06:18 optimizer.py:749] 
I 03-17 19:06:18 optimizer.py:884] Considered resources (1 node):
I 03-17 19:06:18 optimizer.py:952] -------------------------------------------------------------------------------------------
I 03-17 19:06:18 optimizer.py:952]  CLOUD   INSTANCE    vCPUs   Mem(GB)   ACCELERATORS   REGION/ZONE      COST ($)   CHOSEN   
I 03-17 19:06:18 optimizer.py:952] -------------------------------------------------------------------------------------------
I 03-17 19:06:18 optimizer.py:952]  AWS     g6.xlarge   4       16        L4:1           ap-northeast-2   0.99       [32m   ✔[0m     
I 03-17 19:06:18 optimizer.py:952] -------------------------------------------------------------------------------------------
<sky-payload>"<rich_exit></rich_exit>"</sky-payload>
<sky-payload>"<rich_init>[bold cyan]Launching[/]</rich_init>"</sky-payload>
<sky-payload>"<rich_update>[bold cyan]Launching[/]</rich_update>"</sky-payload>
<sky-payload>"<rich_start>[bold cyan]Launching[/]</rich_start>"</sky-payload>
<sky-payload>"<rich_update>[bold cyan]Launching[/]  \u001b[2mView logs: sky api logs -l sky-2025-03-17-19-06-18-659266/provision.log\u001b[0m</rich_update>"</sky-payload>
<sky-payload>"<rich_update>[bold cyan]Launching[/]  \u001b[2mView logs: sky api logs -l sky-2025-03-17-19-06-18-659266/provision.log\u001b[0m</rich_update>"</sky-payload>
I 03-17 19:06:18 cloud_vm_ray_backend.py:1520] [0m⚙︎ Launching on AWS ap-northeast-2[0m (ap-northeast-2a,ap-northeast-2d).
[2mW 03-17 19:06:21 instance.py:243] create_instances: Attempt failed with An error occurred (InsufficientInstanceCapacity) when calling the RunInstances operation (reached max retries: 0): We currently do not have sufficient g6.xlarge capacity in the Availability Zone you requested (ap-northeast-2a). Our system will be working on provisioning additional capacity. You can currently get g6.xlarge capacity by not specifying an Availability Zone in your request or choosing ap-northeast-2d.[0m
[2mW 03-17 19:06:23 instance.py:243] create_instances: Attempt failed with An error occurred (InsufficientInstanceCapacity) when calling the RunInstances operation (reached max retries: 0): We currently do not have sufficient g6.xlarge capacity in the Availability Zone you requested (ap-northeast-2d). Our system will be working on provisioning additional capacity. You can currently get g6.xlarge capacity by not specifying an Availability Zone in your request or choosing ap-northeast-2a.[0m
W 03-17 19:06:23 cloud_vm_ray_backend.py:2061] sky.exceptions.ResourcesUnavailableError: Failed to acquire resources in all zones in ap-northeast-2 for {AWS(cpus=4, {'L4': 1})}. 
W 03-17 19:06:23 cloud_vm_ray_backend.py:2097] 
W 03-17 19:06:23 cloud_vm_ray_backend.py:2097] [0m[33m↺[0m Trying other potential resources.
<sky-payload>"<rich_update>[bold cyan]Looking for resources[/]  \u001b[2mView logs: sky api logs -l sky-2025-03-17-19-06-18-659266/provision.log\u001b[0m</rich_update>"</sky-payload>
<sky-payload>"<rich_update>[bold cyan]Optimizing[/]</rich_update>"</sky-payload>
<sky-payload>"<rich_start>[bold cyan]Launching[/]</rich_start>"</sky-payload>
<sky-payload>"<rich_update>[bold cyan]Looking for resources[/]  \u001b[2mView logs: sky api logs -l sky-2025-03-17-19-06-18-659266/provision.log\u001b[0m</rich_update>"</sky-payload>
E 03-17 19:06:23 cloud_vm_ray_backend.py:2904] [0m[31m⨯[0m Failed to provision resources. [2mView logs: sky api logs -l sky-2025-03-17-19-06-18-659266/provision.log[0m
<sky-payload>"<rich_exit></rich_exit>"</sky-payload>

[?25hI 03-17 19:06:23 recovery_strategy.py:326] Failed to launch a cluster with error: sky.exceptions.ResourcesUnavailableError: [31mFailed to provision all possible launchable resources.[0m Relax the task's resource requirements: 1x AWS(cpus=4, {'L4': 1})
I 03-17 19:06:23 recovery_strategy.py:326] To keep retrying until the cluster is up, use the `--retry-until-up` flag.
I 03-17 19:06:23 recovery_strategy.py:326] Reasons for provision failures (for details, please check the log above):
I 03-17 19:06:23 recovery_strategy.py:326] Resource          Reason                                                     
I 03-17 19:06:23 recovery_strategy.py:326] AWS(g6.xlarge,    Failed to acquire resources in all zones in ap-            
I 03-17 19:06:23 recovery_strategy.py:326] {'L4': 1})        northeast-2 for {AWS(cpus=4, {'L4': 1})}.                  )
I 03-17 19:06:24 recovery_strategy.py:364] Retrying to launch the cluster in 409.5 seconds.
I 03-17 19:13:14 storage.py:699] Verifying bucket for storage skypilot-filemounts-root-726f1974-dubs1avx
<sky-payload>"<rich_init>[bold cyan]Optimizing[/]</rich_init>"</sky-payload>
<sky-payload>"<rich_update>[bold cyan]Optimizing[/]</rich_update>"</sky-payload>
<sky-payload>"<rich_start>[bold cyan]Optimizing[/]</rich_start>"</sky-payload>
I 03-17 19:13:15 optimizer.py:749] [1mEstimated cost: [0m$1.0 / hour
I 03-17 19:13:15 optimizer.py:749] 
I 03-17 19:13:15 optimizer.py:884] Considered resources (1 node):
I 03-17 19:13:15 optimizer.py:952] -------------------------------------------------------------------------------------------
I 03-17 19:13:15 optimizer.py:952]  CLOUD   INSTANCE    vCPUs   Mem(GB)   ACCELERATORS   REGION/ZONE      COST ($)   CHOSEN   
I 03-17 19:13:15 optimizer.py:952] -------------------------------------------------------------------------------------------
I 03-17 19:13:15 optimizer.py:952]  AWS     g6.xlarge   4       16        L4:1           ap-northeast-2   0.99       [32m   ✔[0m     
I 03-17 19:13:15 optimizer.py:952] -------------------------------------------------------------------------------------------
<sky-payload>"<rich_exit></rich_exit>"</sky-payload>
<sky-payload>"<rich_init>[bold cyan]Launching[/]</rich_init>"</sky-payload>
<sky-payload>"<rich_update>[bold cyan]Launching[/]</rich_update>"</sky-payload>
<sky-payload>"<rich_start>[bold cyan]Launching[/]</rich_start>"</sky-payload>
<sky-payload>"<rich_update>[bold cyan]Launching[/]  \u001b[2mView logs: sky api logs -l sky-2025-03-17-19-13-15-548084/provision.log\u001b[0m</rich_update>"</sky-payload>
<sky-payload>"<rich_update>[bold cyan]Launching[/]  \u001b[2mView logs: sky api logs -l sky-2025-03-17-19-13-15-548084/provision.log\u001b[0m</rich_update>"</sky-payload>
I 03-17 19:13:15 cloud_vm_ray_backend.py:1520] [0m⚙︎ Launching on AWS ap-northeast-2[0m (ap-northeast-2a,ap-northeast-2d).
[2mW 03-17 19:13:18 instance.py:243] create_instances: Attempt failed with An error occurred (InsufficientInstanceCapacity) when calling the RunInstances operation (reached max retries: 0): We currently do not have sufficient g6.xlarge capacity in the Availability Zone you requested (ap-northeast-2a). Our system will be working on provisioning additional capacity. You can currently get g6.xlarge capacity by not specifying an Availability Zone in your request or choosing ap-northeast-2d.[0m
[2mW 03-17 19:13:19 instance.py:243] create_instances: Attempt failed with An error occurred (InsufficientInstanceCapacity) when calling the RunInstances operation (reached max retries: 0): We currently do not have sufficient g6.xlarge capacity in the Availability Zone you requested (ap-northeast-2d). Our system will be working on provisioning additional capacity. You can currently get g6.xlarge capacity by not specifying an Availability Zone in your request or choosing ap-northeast-2a.[0m
W 03-17 19:13:20 cloud_vm_ray_backend.py:2061] sky.exceptions.ResourcesUnavailableError: Failed to acquire resources in all zones in ap-northeast-2 for {AWS(cpus=4, {'L4': 1})}. 
W 03-17 19:13:20 cloud_vm_ray_backend.py:2097] 
W 03-17 19:13:20 cloud_vm_ray_backend.py:2097] [0m[33m↺[0m Trying other potential resources.
<sky-payload>"<rich_update>[bold cyan]Looking for resources[/]  \u001b[2mView logs: sky api logs -l sky-2025-03-17-19-13-15-548084/provision.log\u001b[0m</rich_update>"</sky-payload>
<sky-payload>"<rich_update>[bold cyan]Optimizing[/]</rich_update>"</sky-payload>
<sky-payload>"<rich_start>[bold cyan]Launching[/]</rich_start>"</sky-payload>
<sky-payload>"<rich_update>[bold cyan]Looking for resources[/]  \u001b[2mView logs: sky api logs -l sky-2025-03-17-19-13-15-548084/provision.log\u001b[0m</rich_update>"</sky-payload>
E 03-17 19:13:20 cloud_vm_ray_backend.py:2904] [0m[31m⨯[0m Failed to provision resources. [2mView logs: sky api logs -l sky-2025-03-17-19-13-15-548084/provision.log[0m
<sky-payload>"<rich_exit></rich_exit>"</sky-payload>

[?25hI 03-17 19:13:20 recovery_strategy.py:326] Failed to launch a cluster with error: sky.exceptions.ResourcesUnavailableError: [31mFailed to provision all possible launchable resources.[0m Relax the task's resource requirements: 1x AWS(cpus=4, {'L4': 1})
I 03-17 19:13:20 recovery_strategy.py:326] To keep retrying until the cluster is up, use the `--retry-until-up` flag.
I 03-17 19:13:20 recovery_strategy.py:326] Reasons for provision failures (for details, please check the log above):
I 03-17 19:13:20 recovery_strategy.py:326] Resource          Reason                                                     
I 03-17 19:13:20 recovery_strategy.py:326] AWS(g6.xlarge,    Failed to acquire resources in all zones in ap-            
I 03-17 19:13:20 recovery_strategy.py:326] {'L4': 1})        northeast-2 for {AWS(cpus=4, {'L4': 1})}.                  )
I 03-17 19:13:20 recovery_strategy.py:364] Retrying to launch the cluster in 223.4 seconds.
I 03-17 19:17:05 storage.py:699] Verifying bucket for storage skypilot-filemounts-root-726f1974-dubs1avx
<sky-payload>"<rich_init>[bold cyan]Optimizing[/]</rich_init>"</sky-payload>
<sky-payload>"<rich_update>[bold cyan]Optimizing[/]</rich_update>"</sky-payload>
<sky-payload>"<rich_start>[bold cyan]Optimizing[/]</rich_start>"</sky-payload>
I 03-17 19:17:06 optimizer.py:749] [1mEstimated cost: [0m$1.0 / hour
I 03-17 19:17:06 optimizer.py:749] 
I 03-17 19:17:06 optimizer.py:884] Considered resources (1 node):
I 03-17 19:17:06 optimizer.py:952] -------------------------------------------------------------------------------------------
I 03-17 19:17:06 optimizer.py:952]  CLOUD   INSTANCE    vCPUs   Mem(GB)   ACCELERATORS   REGION/ZONE      COST ($)   CHOSEN   
I 03-17 19:17:06 optimizer.py:952] -------------------------------------------------------------------------------------------
I 03-17 19:17:06 optimizer.py:952]  AWS     g6.xlarge   4       16        L4:1           ap-northeast-2   0.99       [32m   ✔[0m     
I 03-17 19:17:06 optimizer.py:952] -------------------------------------------------------------------------------------------
<sky-payload>"<rich_exit></rich_exit>"</sky-payload>
<sky-payload>"<rich_init>[bold cyan]Launching[/]</rich_init>"</sky-payload>
<sky-payload>"<rich_update>[bold cyan]Launching[/]</rich_update>"</sky-payload>
<sky-payload>"<rich_start>[bold cyan]Launching[/]</rich_start>"</sky-payload>
<sky-payload>"<rich_update>[bold cyan]Launching[/]  \u001b[2mView logs: sky api logs -l sky-2025-03-17-19-17-06-143709/provision.log\u001b[0m</rich_update>"</sky-payload>
<sky-payload>"<rich_update>[bold cyan]Launching[/]  \u001b[2mView logs: sky api logs -l sky-2025-03-17-19-17-06-143709/provision.log\u001b[0m</rich_update>"</sky-payload>
I 03-17 19:17:06 cloud_vm_ray_backend.py:1520] [0m⚙︎ Launching on AWS ap-northeast-2[0m (ap-northeast-2a,ap-northeast-2d).
[2mW 03-17 19:17:09 instance.py:243] create_instances: Attempt failed with An error occurred (InsufficientInstanceCapacity) when calling the RunInstances operation (reached max retries: 0): We currently do not have sufficient g6.xlarge capacity in the Availability Zone you requested (ap-northeast-2a). Our system will be working on provisioning additional capacity. You can currently get g6.xlarge capacity by not specifying an Availability Zone in your request or choosing ap-northeast-2d.[0m
[2mW 03-17 19:17:10 instance.py:243] create_instances: Attempt failed with An error occurred (InsufficientInstanceCapacity) when calling the RunInstances operation (reached max retries: 0): We currently do not have sufficient g6.xlarge capacity in the Availability Zone you requested (ap-northeast-2d). Our system will be working on provisioning additional capacity. You can currently get g6.xlarge capacity by not specifying an Availability Zone in your request or choosing ap-northeast-2a.[0m
W 03-17 19:17:10 cloud_vm_ray_backend.py:2061] sky.exceptions.ResourcesUnavailableError: Failed to acquire resources in all zones in ap-northeast-2 for {AWS(cpus=4, {'L4': 1})}. 
W 03-17 19:17:10 cloud_vm_ray_backend.py:2097] 
W 03-17 19:17:10 cloud_vm_ray_backend.py:2097] [0m[33m↺[0m Trying other potential resources.
<sky-payload>"<rich_update>[bold cyan]Looking for resources[/]  \u001b[2mView logs: sky api logs -l sky-2025-03-17-19-17-06-143709/provision.log\u001b[0m</rich_update>"</sky-payload>
<sky-payload>"<rich_update>[bold cyan]Optimizing[/]</rich_update>"</sky-payload>
<sky-payload>"<rich_start>[bold cyan]Launching[/]</rich_start>"</sky-payload>
<sky-payload>"<rich_update>[bold cyan]Looking for resources[/]  \u001b[2mView logs: sky api logs -l sky-2025-03-17-19-17-06-143709/provision.log\u001b[0m</rich_update>"</sky-payload>
E 03-17 19:17:10 cloud_vm_ray_backend.py:2904] [0m[31m⨯[0m Failed to provision resources. [2mView logs: sky api logs -l sky-2025-03-17-19-17-06-143709/provision.log[0m
<sky-payload>"<rich_exit></rich_exit>"</sky-payload>

[?25hI 03-17 19:17:11 recovery_strategy.py:326] Failed to launch a cluster with error: sky.exceptions.ResourcesUnavailableError: [31mFailed to provision all possible launchable resources.[0m Relax the task's resource requirements: 1x AWS(cpus=4, {'L4': 1})
I 03-17 19:17:11 recovery_strategy.py:326] To keep retrying until the cluster is up, use the `--retry-until-up` flag.
I 03-17 19:17:11 recovery_strategy.py:326] Reasons for provision failures (for details, please check the log above):
I 03-17 19:17:11 recovery_strategy.py:326] Resource          Reason                                                     
I 03-17 19:17:11 recovery_strategy.py:326] AWS(g6.xlarge,    Failed to acquire resources in all zones in ap-            
I 03-17 19:17:11 recovery_strategy.py:326] {'L4': 1})        northeast-2 for {AWS(cpus=4, {'L4': 1})}.                  )
I 03-17 19:17:11 recovery_strategy.py:364] Retrying to launch the cluster in 360.0 seconds.
I 03-17 19:23:12 storage.py:699] Verifying bucket for storage skypilot-filemounts-root-726f1974-dubs1avx
<sky-payload>"<rich_init>[bold cyan]Optimizing[/]</rich_init>"</sky-payload>
<sky-payload>"<rich_update>[bold cyan]Optimizing[/]</rich_update>"</sky-payload>
<sky-payload>"<rich_start>[bold cyan]Optimizing[/]</rich_start>"</sky-payload>
I 03-17 19:23:13 optimizer.py:749] [1mEstimated cost: [0m$1.0 / hour
I 03-17 19:23:13 optimizer.py:749] 
I 03-17 19:23:13 optimizer.py:884] Considered resources (1 node):
I 03-17 19:23:13 optimizer.py:952] -------------------------------------------------------------------------------------------
I 03-17 19:23:13 optimizer.py:952]  CLOUD   INSTANCE    vCPUs   Mem(GB)   ACCELERATORS   REGION/ZONE      COST ($)   CHOSEN   
I 03-17 19:23:13 optimizer.py:952] -------------------------------------------------------------------------------------------
I 03-17 19:23:13 optimizer.py:952]  AWS     g6.xlarge   4       16        L4:1           ap-northeast-2   0.99       [32m   ✔[0m     
I 03-17 19:23:13 optimizer.py:952] -------------------------------------------------------------------------------------------
<sky-payload>"<rich_exit></rich_exit>"</sky-payload>
<sky-payload>"<rich_init>[bold cyan]Launching[/]</rich_init>"</sky-payload>
<sky-payload>"<rich_update>[bold cyan]Launching[/]</rich_update>"</sky-payload>
<sky-payload>"<rich_start>[bold cyan]Launching[/]</rich_start>"</sky-payload>
<sky-payload>"<rich_update>[bold cyan]Launching[/]  \u001b[2mView logs: sky api logs -l sky-2025-03-17-19-23-13-285184/provision.log\u001b[0m</rich_update>"</sky-payload>
<sky-payload>"<rich_update>[bold cyan]Launching[/]  \u001b[2mView logs: sky api logs -l sky-2025-03-17-19-23-13-285184/provision.log\u001b[0m</rich_update>"</sky-payload>
I 03-17 19:23:13 cloud_vm_ray_backend.py:1520] [0m⚙︎ Launching on AWS ap-northeast-2[0m (ap-northeast-2a,ap-northeast-2d).
[2mW 03-17 19:23:16 instance.py:243] create_instances: Attempt failed with An error occurred (InsufficientInstanceCapacity) when calling the RunInstances operation (reached max retries: 0): We currently do not have sufficient g6.xlarge capacity in the Availability Zone you requested (ap-northeast-2a). Our system will be working on provisioning additional capacity. You can currently get g6.xlarge capacity by not specifying an Availability Zone in your request or choosing ap-northeast-2d.[0m
[2mW 03-17 19:23:17 instance.py:243] create_instances: Attempt failed with An error occurred (InsufficientInstanceCapacity) when calling the RunInstances operation (reached max retries: 0): We currently do not have sufficient g6.xlarge capacity in the Availability Zone you requested (ap-northeast-2d). Our system will be working on provisioning additional capacity. You can currently get g6.xlarge capacity by not specifying an Availability Zone in your request or choosing ap-northeast-2a.[0m
W 03-17 19:23:18 cloud_vm_ray_backend.py:2061] sky.exceptions.ResourcesUnavailableError: Failed to acquire resources in all zones in ap-northeast-2 for {AWS(cpus=4, {'L4': 1})}. 
W 03-17 19:23:18 cloud_vm_ray_backend.py:2097] 
W 03-17 19:23:18 cloud_vm_ray_backend.py:2097] [0m[33m↺[0m Trying other potential resources.
<sky-payload>"<rich_update>[bold cyan]Looking for resources[/]  \u001b[2mView logs: sky api logs -l sky-2025-03-17-19-23-13-285184/provision.log\u001b[0m</rich_update>"</sky-payload>
<sky-payload>"<rich_update>[bold cyan]Optimizing[/]</rich_update>"</sky-payload>
<sky-payload>"<rich_start>[bold cyan]Launching[/]</rich_start>"</sky-payload>
<sky-payload>"<rich_update>[bold cyan]Looking for resources[/]  \u001b[2mView logs: sky api logs -l sky-2025-03-17-19-23-13-285184/provision.log\u001b[0m</rich_update>"</sky-payload>
E 03-17 19:23:18 cloud_vm_ray_backend.py:2904] [0m[31m⨯[0m Failed to provision resources. [2mView logs: sky api logs -l sky-2025-03-17-19-23-13-285184/provision.log[0m
<sky-payload>"<rich_exit></rich_exit>"</sky-payload>

[?25hI 03-17 19:23:18 recovery_strategy.py:326] Failed to launch a cluster with error: sky.exceptions.ResourcesUnavailableError: [31mFailed to provision all possible launchable resources.[0m Relax the task's resource requirements: 1x AWS(cpus=4, {'L4': 1})
I 03-17 19:23:18 recovery_strategy.py:326] To keep retrying until the cluster is up, use the `--retry-until-up` flag.
I 03-17 19:23:18 recovery_strategy.py:326] Reasons for provision failures (for details, please check the log above):
I 03-17 19:23:18 recovery_strategy.py:326] Resource          Reason                                                     
I 03-17 19:23:18 recovery_strategy.py:326] AWS(g6.xlarge,    Failed to acquire resources in all zones in ap-            
I 03-17 19:23:18 recovery_strategy.py:326] {'L4': 1})        northeast-2 for {AWS(cpus=4, {'L4': 1})}.                  )
I 03-17 19:23:18 recovery_strategy.py:364] Retrying to launch the cluster in 282.9 seconds.
I 03-17 19:28:02 storage.py:699] Verifying bucket for storage skypilot-filemounts-root-726f1974-dubs1avx
<sky-payload>"<rich_init>[bold cyan]Optimizing[/]</rich_init>"</sky-payload>
<sky-payload>"<rich_update>[bold cyan]Optimizing[/]</rich_update>"</sky-payload>
<sky-payload>"<rich_start>[bold cyan]Optimizing[/]</rich_start>"</sky-payload>
I 03-17 19:28:03 optimizer.py:749] [1mEstimated cost: [0m$1.0 / hour
I 03-17 19:28:03 optimizer.py:749] 
I 03-17 19:28:03 optimizer.py:884] Considered resources (1 node):
I 03-17 19:28:03 optimizer.py:952] -------------------------------------------------------------------------------------------
I 03-17 19:28:03 optimizer.py:952]  CLOUD   INSTANCE    vCPUs   Mem(GB)   ACCELERATORS   REGION/ZONE      COST ($)   CHOSEN   
I 03-17 19:28:03 optimizer.py:952] -------------------------------------------------------------------------------------------
I 03-17 19:28:03 optimizer.py:952]  AWS     g6.xlarge   4       16        L4:1           ap-northeast-2   0.99       [32m   ✔[0m     
I 03-17 19:28:03 optimizer.py:952] -------------------------------------------------------------------------------------------
<sky-payload>"<rich_exit></rich_exit>"</sky-payload>
<sky-payload>"<rich_init>[bold cyan]Launching[/]</rich_init>"</sky-payload>
<sky-payload>"<rich_update>[bold cyan]Launching[/]</rich_update>"</sky-payload>
<sky-payload>"<rich_start>[bold cyan]Launching[/]</rich_start>"</sky-payload>
<sky-payload>"<rich_update>[bold cyan]Launching[/]  \u001b[2mView logs: sky api logs -l sky-2025-03-17-19-28-03-538675/provision.log\u001b[0m</rich_update>"</sky-payload>
<sky-payload>"<rich_update>[bold cyan]Launching[/]  \u001b[2mView logs: sky api logs -l sky-2025-03-17-19-28-03-538675/provision.log\u001b[0m</rich_update>"</sky-payload>
I 03-17 19:28:03 cloud_vm_ray_backend.py:1520] [0m⚙︎ Launching on AWS ap-northeast-2[0m (ap-northeast-2a,ap-northeast-2d).
[2mW 03-17 19:28:06 instance.py:243] create_instances: Attempt failed with An error occurred (InsufficientInstanceCapacity) when calling the RunInstances operation (reached max retries: 0): We currently do not have sufficient g6.xlarge capacity in the Availability Zone you requested (ap-northeast-2a). Our system will be working on provisioning additional capacity. You can currently get g6.xlarge capacity by not specifying an Availability Zone in your request or choosing ap-northeast-2d.[0m
[2mW 03-17 19:28:07 instance.py:243] create_instances: Attempt failed with An error occurred (InsufficientInstanceCapacity) when calling the RunInstances operation (reached max retries: 0): We currently do not have sufficient g6.xlarge capacity in the Availability Zone you requested (ap-northeast-2d). Our system will be working on provisioning additional capacity. You can currently get g6.xlarge capacity by not specifying an Availability Zone in your request or choosing ap-northeast-2a.[0m
W 03-17 19:28:08 cloud_vm_ray_backend.py:2061] sky.exceptions.ResourcesUnavailableError: Failed to acquire resources in all zones in ap-northeast-2 for {AWS(cpus=4, {'L4': 1})}. 
W 03-17 19:28:08 cloud_vm_ray_backend.py:2097] 
W 03-17 19:28:08 cloud_vm_ray_backend.py:2097] [0m[33m↺[0m Trying other potential resources.
<sky-payload>"<rich_update>[bold cyan]Looking for resources[/]  \u001b[2mView logs: sky api logs -l sky-2025-03-17-19-28-03-538675/provision.log\u001b[0m</rich_update>"</sky-payload>
<sky-payload>"<rich_update>[bold cyan]Optimizing[/]</rich_update>"</sky-payload>
<sky-payload>"<rich_start>[bold cyan]Launching[/]</rich_start>"</sky-payload>
<sky-payload>"<rich_update>[bold cyan]Looking for resources[/]  \u001b[2mView logs: sky api logs -l sky-2025-03-17-19-28-03-538675/provision.log\u001b[0m</rich_update>"</sky-payload>
E 03-17 19:28:08 cloud_vm_ray_backend.py:2904] [0m[31m⨯[0m Failed to provision resources. [2mView logs: sky api logs -l sky-2025-03-17-19-28-03-538675/provision.log[0m
<sky-payload>"<rich_exit></rich_exit>"</sky-payload>

[?25hI 03-17 19:28:08 recovery_strategy.py:326] Failed to launch a cluster with error: sky.exceptions.ResourcesUnavailableError: [31mFailed to provision all possible launchable resources.[0m Relax the task's resource requirements: 1x AWS(cpus=4, {'L4': 1})
I 03-17 19:28:08 recovery_strategy.py:326] To keep retrying until the cluster is up, use the `--retry-until-up` flag.
I 03-17 19:28:08 recovery_strategy.py:326] Reasons for provision failures (for details, please check the log above):
I 03-17 19:28:08 recovery_strategy.py:326] Resource          Reason                                                     
I 03-17 19:28:08 recovery_strategy.py:326] AWS(g6.xlarge,    Failed to acquire resources in all zones in ap-            
I 03-17 19:28:08 recovery_strategy.py:326] {'L4': 1})        northeast-2 for {AWS(cpus=4, {'L4': 1})}.                  )
I 03-17 19:28:08 recovery_strategy.py:364] Retrying to launch the cluster in 419.1 seconds.
I 03-17 19:35:09 storage.py:699] Verifying bucket for storage skypilot-filemounts-root-726f1974-dubs1avx
<sky-payload>"<rich_init>[bold cyan]Optimizing[/]</rich_init>"</sky-payload>
<sky-payload>"<rich_update>[bold cyan]Optimizing[/]</rich_update>"</sky-payload>
<sky-payload>"<rich_start>[bold cyan]Optimizing[/]</rich_start>"</sky-payload>
I 03-17 19:35:10 optimizer.py:749] [1mEstimated cost: [0m$1.0 / hour
I 03-17 19:35:10 optimizer.py:749] 
I 03-17 19:35:10 optimizer.py:884] Considered resources (1 node):
I 03-17 19:35:10 optimizer.py:952] -------------------------------------------------------------------------------------------
I 03-17 19:35:10 optimizer.py:952]  CLOUD   INSTANCE    vCPUs   Mem(GB)   ACCELERATORS   REGION/ZONE      COST ($)   CHOSEN   
I 03-17 19:35:10 optimizer.py:952] -------------------------------------------------------------------------------------------
I 03-17 19:35:10 optimizer.py:952]  AWS     g6.xlarge   4       16        L4:1           ap-northeast-2   0.99       [32m   ✔[0m     
I 03-17 19:35:10 optimizer.py:952] -------------------------------------------------------------------------------------------
<sky-payload>"<rich_exit></rich_exit>"</sky-payload>
<sky-payload>"<rich_init>[bold cyan]Launching[/]</rich_init>"</sky-payload>
<sky-payload>"<rich_update>[bold cyan]Launching[/]</rich_update>"</sky-payload>
<sky-payload>"<rich_start>[bold cyan]Launching[/]</rich_start>"</sky-payload>
<sky-payload>"<rich_update>[bold cyan]Launching[/]  \u001b[2mView logs: sky api logs -l sky-2025-03-17-19-35-09-982176/provision.log\u001b[0m</rich_update>"</sky-payload>
<sky-payload>"<rich_update>[bold cyan]Launching[/]  \u001b[2mView logs: sky api logs -l sky-2025-03-17-19-35-09-982176/provision.log\u001b[0m</rich_update>"</sky-payload>
I 03-17 19:35:10 cloud_vm_ray_backend.py:1520] [0m⚙︎ Launching on AWS ap-northeast-2[0m (ap-northeast-2a,ap-northeast-2d).
[2mW 03-17 19:35:13 instance.py:243] create_instances: Attempt failed with An error occurred (InsufficientInstanceCapacity) when calling the RunInstances operation (reached max retries: 0): We currently do not have sufficient g6.xlarge capacity in the Availability Zone you requested (ap-northeast-2a). Our system will be working on provisioning additional capacity. You can currently get g6.xlarge capacity by not specifying an Availability Zone in your request or choosing ap-northeast-2d.[0m
[2mW 03-17 19:35:14 instance.py:243] create_instances: Attempt failed with An error occurred (InsufficientInstanceCapacity) when calling the RunInstances operation (reached max retries: 0): We currently do not have sufficient g6.xlarge capacity in the Availability Zone you requested (ap-northeast-2d). Our system will be working on provisioning additional capacity. You can currently get g6.xlarge capacity by not specifying an Availability Zone in your request or choosing ap-northeast-2a.[0m
W 03-17 19:35:14 cloud_vm_ray_backend.py:2061] sky.exceptions.ResourcesUnavailableError: Failed to acquire resources in all zones in ap-northeast-2 for {AWS(cpus=4, {'L4': 1})}. 
W 03-17 19:35:14 cloud_vm_ray_backend.py:2097] 
W 03-17 19:35:14 cloud_vm_ray_backend.py:2097] [0m[33m↺[0m Trying other potential resources.
<sky-payload>"<rich_update>[bold cyan]Looking for resources[/]  \u001b[2mView logs: sky api logs -l sky-2025-03-17-19-35-09-982176/provision.log\u001b[0m</rich_update>"</sky-payload>
<sky-payload>"<rich_update>[bold cyan]Optimizing[/]</rich_update>"</sky-payload>
<sky-payload>"<rich_start>[bold cyan]Launching[/]</rich_start>"</sky-payload>
<sky-payload>"<rich_update>[bold cyan]Looking for resources[/]  \u001b[2mView logs: sky api logs -l sky-2025-03-17-19-35-09-982176/provision.log\u001b[0m</rich_update>"</sky-payload>
E 03-17 19:35:14 cloud_vm_ray_backend.py:2904] [0m[31m⨯[0m Failed to provision resources. [2mView logs: sky api logs -l sky-2025-03-17-19-35-09-982176/provision.log[0m
<sky-payload>"<rich_exit></rich_exit>"</sky-payload>

[?25hI 03-17 19:35:15 recovery_strategy.py:326] Failed to launch a cluster with error: sky.exceptions.ResourcesUnavailableError: [31mFailed to provision all possible launchable resources.[0m Relax the task's resource requirements: 1x AWS(cpus=4, {'L4': 1})
I 03-17 19:35:15 recovery_strategy.py:326] To keep retrying until the cluster is up, use the `--retry-until-up` flag.
I 03-17 19:35:15 recovery_strategy.py:326] Reasons for provision failures (for details, please check the log above):
I 03-17 19:35:15 recovery_strategy.py:326] Resource          Reason                                                     
I 03-17 19:35:15 recovery_strategy.py:326] AWS(g6.xlarge,    Failed to acquire resources in all zones in ap-            
I 03-17 19:35:15 recovery_strategy.py:326] {'L4': 1})        northeast-2 for {AWS(cpus=4, {'L4': 1})}.                  )
I 03-17 19:35:15 recovery_strategy.py:364] Retrying to launch the cluster in 407.3 seconds.
I 03-17 19:42:03 storage.py:699] Verifying bucket for storage skypilot-filemounts-root-726f1974-dubs1avx
<sky-payload>"<rich_init>[bold cyan]Optimizing[/]</rich_init>"</sky-payload>
<sky-payload>"<rich_update>[bold cyan]Optimizing[/]</rich_update>"</sky-payload>
<sky-payload>"<rich_start>[bold cyan]Optimizing[/]</rich_start>"</sky-payload>
I 03-17 19:42:04 optimizer.py:749] [1mEstimated cost: [0m$1.0 / hour
I 03-17 19:42:04 optimizer.py:749] 
I 03-17 19:42:04 optimizer.py:884] Considered resources (1 node):
I 03-17 19:42:04 optimizer.py:952] -------------------------------------------------------------------------------------------
I 03-17 19:42:04 optimizer.py:952]  CLOUD   INSTANCE    vCPUs   Mem(GB)   ACCELERATORS   REGION/ZONE      COST ($)   CHOSEN   
I 03-17 19:42:04 optimizer.py:952] -------------------------------------------------------------------------------------------
I 03-17 19:42:04 optimizer.py:952]  AWS     g6.xlarge   4       16        L4:1           ap-northeast-2   0.99       [32m   ✔[0m     
I 03-17 19:42:04 optimizer.py:952] -------------------------------------------------------------------------------------------
<sky-payload>"<rich_exit></rich_exit>"</sky-payload>
<sky-payload>"<rich_init>[bold cyan]Launching[/]</rich_init>"</sky-payload>
<sky-payload>"<rich_update>[bold cyan]Launching[/]</rich_update>"</sky-payload>
<sky-payload>"<rich_start>[bold cyan]Launching[/]</rich_start>"</sky-payload>
<sky-payload>"<rich_update>[bold cyan]Launching[/]  \u001b[2mView logs: sky api logs -l sky-2025-03-17-19-42-04-473477/provision.log\u001b[0m</rich_update>"</sky-payload>
<sky-payload>"<rich_update>[bold cyan]Launching[/]  \u001b[2mView logs: sky api logs -l sky-2025-03-17-19-42-04-473477/provision.log\u001b[0m</rich_update>"</sky-payload>
I 03-17 19:42:04 cloud_vm_ray_backend.py:1520] [0m⚙︎ Launching on AWS ap-northeast-2[0m (ap-northeast-2a,ap-northeast-2d).
[2mW 03-17 19:42:07 instance.py:243] create_instances: Attempt failed with An error occurred (InsufficientInstanceCapacity) when calling the RunInstances operation (reached max retries: 0): We currently do not have sufficient g6.xlarge capacity in the Availability Zone you requested (ap-northeast-2a). Our system will be working on provisioning additional capacity. You can currently get g6.xlarge capacity by not specifying an Availability Zone in your request or choosing ap-northeast-2d.[0m
[2mW 03-17 19:42:15 instance.py:243] create_instances: Attempt failed with An error occurred (InsufficientInstanceCapacity) when calling the RunInstances operation (reached max retries: 0): We currently do not have sufficient g6.xlarge capacity in the Availability Zone you requested (ap-northeast-2d). Our system will be working on provisioning additional capacity. You can currently get g6.xlarge capacity by not specifying an Availability Zone in your request or choosing ap-northeast-2a.[0m
W 03-17 19:42:15 cloud_vm_ray_backend.py:2061] sky.exceptions.ResourcesUnavailableError: Failed to acquire resources in all zones in ap-northeast-2 for {AWS(cpus=4, {'L4': 1})}. 
W 03-17 19:42:15 cloud_vm_ray_backend.py:2097] 
W 03-17 19:42:15 cloud_vm_ray_backend.py:2097] [0m[33m↺[0m Trying other potential resources.
<sky-payload>"<rich_update>[bold cyan]Looking for resources[/]  \u001b[2mView logs: sky api logs -l sky-2025-03-17-19-42-04-473477/provision.log\u001b[0m</rich_update>"</sky-payload>
<sky-payload>"<rich_update>[bold cyan]Optimizing[/]</rich_update>"</sky-payload>
<sky-payload>"<rich_start>[bold cyan]Launching[/]</rich_start>"</sky-payload>
<sky-payload>"<rich_update>[bold cyan]Looking for resources[/]  \u001b[2mView logs: sky api logs -l sky-2025-03-17-19-42-04-473477/provision.log\u001b[0m</rich_update>"</sky-payload>
E 03-17 19:42:15 cloud_vm_ray_backend.py:2904] [0m[31m⨯[0m Failed to provision resources. [2mView logs: sky api logs -l sky-2025-03-17-19-42-04-473477/provision.log[0m
<sky-payload>"<rich_exit></rich_exit>"</sky-payload>

[?25hI 03-17 19:42:16 recovery_strategy.py:326] Failed to launch a cluster with error: sky.exceptions.ResourcesUnavailableError: [31mFailed to provision all possible launchable resources.[0m Relax the task's resource requirements: 1x AWS(cpus=4, {'L4': 1})
I 03-17 19:42:16 recovery_strategy.py:326] To keep retrying until the cluster is up, use the `--retry-until-up` flag.
I 03-17 19:42:16 recovery_strategy.py:326] Reasons for provision failures (for details, please check the log above):
I 03-17 19:42:16 recovery_strategy.py:326] Resource          Reason                                                     
I 03-17 19:42:16 recovery_strategy.py:326] AWS(g6.xlarge,    Failed to acquire resources in all zones in ap-            
I 03-17 19:42:16 recovery_strategy.py:326] {'L4': 1})        northeast-2 for {AWS(cpus=4, {'L4': 1})}.                  )
I 03-17 19:42:16 recovery_strategy.py:364] Retrying to launch the cluster in 212.5 seconds.
I 03-17 19:45:50 storage.py:699] Verifying bucket for storage skypilot-filemounts-root-726f1974-dubs1avx
<sky-payload>"<rich_init>[bold cyan]Optimizing[/]</rich_init>"</sky-payload>
<sky-payload>"<rich_update>[bold cyan]Optimizing[/]</rich_update>"</sky-payload>
<sky-payload>"<rich_start>[bold cyan]Optimizing[/]</rich_start>"</sky-payload>
I 03-17 19:45:50 optimizer.py:749] [1mEstimated cost: [0m$1.0 / hour
I 03-17 19:45:50 optimizer.py:749] 
I 03-17 19:45:50 optimizer.py:884] Considered resources (1 node):
I 03-17 19:45:50 optimizer.py:952] -------------------------------------------------------------------------------------------
I 03-17 19:45:50 optimizer.py:952]  CLOUD   INSTANCE    vCPUs   Mem(GB)   ACCELERATORS   REGION/ZONE      COST ($)   CHOSEN   
I 03-17 19:45:50 optimizer.py:952] -------------------------------------------------------------------------------------------
I 03-17 19:45:50 optimizer.py:952]  AWS     g6.xlarge   4       16        L4:1           ap-northeast-2   0.99       [32m   ✔[0m     
I 03-17 19:45:50 optimizer.py:952] -------------------------------------------------------------------------------------------
<sky-payload>"<rich_exit></rich_exit>"</sky-payload>
<sky-payload>"<rich_init>[bold cyan]Launching[/]</rich_init>"</sky-payload>
<sky-payload>"<rich_update>[bold cyan]Launching[/]</rich_update>"</sky-payload>
<sky-payload>"<rich_start>[bold cyan]Launching[/]</rich_start>"</sky-payload>
<sky-payload>"<rich_update>[bold cyan]Launching[/]  \u001b[2mView logs: sky api logs -l sky-2025-03-17-19-45-50-861058/provision.log\u001b[0m</rich_update>"</sky-payload>
<sky-payload>"<rich_update>[bold cyan]Launching[/]  \u001b[2mView logs: sky api logs -l sky-2025-03-17-19-45-50-861058/provision.log\u001b[0m</rich_update>"</sky-payload>
I 03-17 19:45:51 cloud_vm_ray_backend.py:1520] [0m⚙︎ Launching on AWS ap-northeast-2[0m (ap-northeast-2a,ap-northeast-2d).
[2mW 03-17 19:45:53 instance.py:243] create_instances: Attempt failed with An error occurred (InsufficientInstanceCapacity) when calling the RunInstances operation (reached max retries: 0): We currently do not have sufficient g6.xlarge capacity in the Availability Zone you requested (ap-northeast-2a). Our system will be working on provisioning additional capacity. You can currently get g6.xlarge capacity by not specifying an Availability Zone in your request or choosing ap-northeast-2d.[0m
[2mW 03-17 19:45:55 instance.py:243] create_instances: Attempt failed with An error occurred (InsufficientInstanceCapacity) when calling the RunInstances operation (reached max retries: 0): We currently do not have sufficient g6.xlarge capacity in the Availability Zone you requested (ap-northeast-2d). Our system will be working on provisioning additional capacity. You can currently get g6.xlarge capacity by not specifying an Availability Zone in your request or choosing ap-northeast-2a.[0m
W 03-17 19:45:55 cloud_vm_ray_backend.py:2061] sky.exceptions.ResourcesUnavailableError: Failed to acquire resources in all zones in ap-northeast-2 for {AWS(cpus=4, {'L4': 1})}. 
W 03-17 19:45:55 cloud_vm_ray_backend.py:2097] 
W 03-17 19:45:55 cloud_vm_ray_backend.py:2097] [0m[33m↺[0m Trying other potential resources.
<sky-payload>"<rich_update>[bold cyan]Looking for resources[/]  \u001b[2mView logs: sky api logs -l sky-2025-03-17-19-45-50-861058/provision.log\u001b[0m</rich_update>"</sky-payload>
<sky-payload>"<rich_update>[bold cyan]Optimizing[/]</rich_update>"</sky-payload>
<sky-payload>"<rich_start>[bold cyan]Launching[/]</rich_start>"</sky-payload>
<sky-payload>"<rich_update>[bold cyan]Looking for resources[/]  \u001b[2mView logs: sky api logs -l sky-2025-03-17-19-45-50-861058/provision.log\u001b[0m</rich_update>"</sky-payload>
E 03-17 19:45:55 cloud_vm_ray_backend.py:2904] [0m[31m⨯[0m Failed to provision resources. [2mView logs: sky api logs -l sky-2025-03-17-19-45-50-861058/provision.log[0m
<sky-payload>"<rich_exit></rich_exit>"</sky-payload>

[?25hI 03-17 19:45:55 recovery_strategy.py:326] Failed to launch a cluster with error: sky.exceptions.ResourcesUnavailableError: [31mFailed to provision all possible launchable resources.[0m Relax the task's resource requirements: 1x AWS(cpus=4, {'L4': 1})
I 03-17 19:45:55 recovery_strategy.py:326] To keep retrying until the cluster is up, use the `--retry-until-up` flag.
I 03-17 19:45:55 recovery_strategy.py:326] Reasons for provision failures (for details, please check the log above):
I 03-17 19:45:55 recovery_strategy.py:326] Resource          Reason                                                     
I 03-17 19:45:55 recovery_strategy.py:326] AWS(g6.xlarge,    Failed to acquire resources in all zones in ap-            
I 03-17 19:45:55 recovery_strategy.py:326] {'L4': 1})        northeast-2 for {AWS(cpus=4, {'L4': 1})}.                  )
I 03-17 19:45:56 recovery_strategy.py:364] Retrying to launch the cluster in 299.7 seconds.
I 03-17 19:50:56 storage.py:699] Verifying bucket for storage skypilot-filemounts-root-726f1974-dubs1avx
<sky-payload>"<rich_init>[bold cyan]Optimizing[/]</rich_init>"</sky-payload>
<sky-payload>"<rich_update>[bold cyan]Optimizing[/]</rich_update>"</sky-payload>
<sky-payload>"<rich_start>[bold cyan]Optimizing[/]</rich_start>"</sky-payload>
I 03-17 19:50:57 optimizer.py:749] [1mEstimated cost: [0m$1.0 / hour
I 03-17 19:50:57 optimizer.py:749] 
I 03-17 19:50:57 optimizer.py:884] Considered resources (1 node):
I 03-17 19:50:57 optimizer.py:952] -------------------------------------------------------------------------------------------
I 03-17 19:50:57 optimizer.py:952]  CLOUD   INSTANCE    vCPUs   Mem(GB)   ACCELERATORS   REGION/ZONE      COST ($)   CHOSEN   
I 03-17 19:50:57 optimizer.py:952] -------------------------------------------------------------------------------------------
I 03-17 19:50:57 optimizer.py:952]  AWS     g6.xlarge   4       16        L4:1           ap-northeast-2   0.99       [32m   ✔[0m     
I 03-17 19:50:57 optimizer.py:952] -------------------------------------------------------------------------------------------
<sky-payload>"<rich_exit></rich_exit>"</sky-payload>
<sky-payload>"<rich_init>[bold cyan]Launching[/]</rich_init>"</sky-payload>
<sky-payload>"<rich_update>[bold cyan]Launching[/]</rich_update>"</sky-payload>
<sky-payload>"<rich_start>[bold cyan]Launching[/]</rich_start>"</sky-payload>
<sky-payload>"<rich_update>[bold cyan]Launching[/]  \u001b[2mView logs: sky api logs -l sky-2025-03-17-19-50-57-734845/provision.log\u001b[0m</rich_update>"</sky-payload>
<sky-payload>"<rich_update>[bold cyan]Launching[/]  \u001b[2mView logs: sky api logs -l sky-2025-03-17-19-50-57-734845/provision.log\u001b[0m</rich_update>"</sky-payload>
I 03-17 19:50:57 cloud_vm_ray_backend.py:1520] [0m⚙︎ Launching on AWS ap-northeast-2[0m (ap-northeast-2a,ap-northeast-2d).
[2mW 03-17 19:51:00 instance.py:243] create_instances: Attempt failed with An error occurred (InsufficientInstanceCapacity) when calling the RunInstances operation (reached max retries: 0): We currently do not have sufficient g6.xlarge capacity in the Availability Zone you requested (ap-northeast-2a). Our system will be working on provisioning additional capacity. You can currently get g6.xlarge capacity by not specifying an Availability Zone in your request or choosing ap-northeast-2d.[0m
[2mW 03-17 19:51:02 instance.py:243] create_instances: Attempt failed with An error occurred (InsufficientInstanceCapacity) when calling the RunInstances operation (reached max retries: 0): We currently do not have sufficient g6.xlarge capacity in the Availability Zone you requested (ap-northeast-2d). Our system will be working on provisioning additional capacity. You can currently get g6.xlarge capacity by not specifying an Availability Zone in your request or choosing ap-northeast-2a.[0m
W 03-17 19:51:02 cloud_vm_ray_backend.py:2061] sky.exceptions.ResourcesUnavailableError: Failed to acquire resources in all zones in ap-northeast-2 for {AWS(cpus=4, {'L4': 1})}. 
W 03-17 19:51:02 cloud_vm_ray_backend.py:2097] 
W 03-17 19:51:02 cloud_vm_ray_backend.py:2097] [0m[33m↺[0m Trying other potential resources.
<sky-payload>"<rich_update>[bold cyan]Looking for resources[/]  \u001b[2mView logs: sky api logs -l sky-2025-03-17-19-50-57-734845/provision.log\u001b[0m</rich_update>"</sky-payload>
<sky-payload>"<rich_update>[bold cyan]Optimizing[/]</rich_update>"</sky-payload>
<sky-payload>"<rich_start>[bold cyan]Launching[/]</rich_start>"</sky-payload>
<sky-payload>"<rich_update>[bold cyan]Looking for resources[/]  \u001b[2mView logs: sky api logs -l sky-2025-03-17-19-50-57-734845/provision.log\u001b[0m</rich_update>"</sky-payload>
E 03-17 19:51:02 cloud_vm_ray_backend.py:2904] [0m[31m⨯[0m Failed to provision resources. [2mView logs: sky api logs -l sky-2025-03-17-19-50-57-734845/provision.log[0m
<sky-payload>"<rich_exit></rich_exit>"</sky-payload>

[?25hI 03-17 19:51:02 recovery_strategy.py:326] Failed to launch a cluster with error: sky.exceptions.ResourcesUnavailableError: [31mFailed to provision all possible launchable resources.[0m Relax the task's resource requirements: 1x AWS(cpus=4, {'L4': 1})
I 03-17 19:51:02 recovery_strategy.py:326] To keep retrying until the cluster is up, use the `--retry-until-up` flag.
I 03-17 19:51:02 recovery_strategy.py:326] Reasons for provision failures (for details, please check the log above):
I 03-17 19:51:02 recovery_strategy.py:326] Resource          Reason                                                     
I 03-17 19:51:02 recovery_strategy.py:326] AWS(g6.xlarge,    Failed to acquire resources in all zones in ap-            
I 03-17 19:51:02 recovery_strategy.py:326] {'L4': 1})        northeast-2 for {AWS(cpus=4, {'L4': 1})}.                  )
I 03-17 19:51:03 recovery_strategy.py:364] Retrying to launch the cluster in 281.1 seconds.
I 03-17 19:53:36 controller.py:543] Cancelling managed job, job_id: 75, task_id: 0
I 03-17 19:53:36 state.py:653] Cancelling the job...
I 03-17 19:53:36 controller.py:552] Killing controller process 40171.
I 03-17 19:53:36 controller.py:560] Controller process 40171 killed.
I 03-17 19:53:36 controller.py:562] Cleaning up any cluster for job 75.
I 03-17 19:53:37 storage.py:699] Verifying bucket for storage skypilot-filemounts-root-726f1974-dubs1avx
<sky-payload>"<rich_init>[bold cyan]Deleting S3 bucket [green]skypilot-filemounts-root-726f1974-dubs1avx[/][/]</rich_init>"</sky-payload>
<sky-payload>"<rich_update>[bold cyan]Deleting S3 bucket [green]skypilot-filemounts-root-726f1974-dubs1avx[/][/]</rich_update>"</sky-payload>
<sky-payload>"<rich_start>[bold cyan]Deleting S3 bucket [green]skypilot-filemounts-root-726f1974-dubs1avx[/][/]</rich_start>"</sky-payload>
<sky-payload>"<rich_exit></rich_exit>"</sky-payload>
I 03-17 19:53:43 storage.py:1505] [32mDeleted S3 bucket skypilot-filemounts-root-726f1974-dubs1avx.[0m
I 03-17 19:53:43 controller.py:571] Cluster of managed job 75 has been cleaned up.
I 03-17 19:53:43 state.py:674] Job cancelled.
