I 03-17 20:21:13 controller.py:59] DAG:
I 03-17 20:21:13 controller.py:59] [Task<name=compute-text-vectors>(run='# Initialize and dow...')
I 03-17 20:21:13 controller.py:59]   resources: AWS(cpus=4, {'L4': 1})]
I 03-17 20:21:13 controller.py:195] Submitted managed job 108 (task: 0, name: 'compute-text-vectors'); SKYPILOT_TASK_ID: sky-managed-2025-03-17-20-21-13-295018_compute-text-vectors_108-0
I 03-17 20:21:13 controller.py:199] Started monitoring.
I 03-17 20:21:13 state.py:451] Launching the spot cluster...
I 03-17 20:21:13 storage.py:1058] Storage type StoreType.S3 already exists.
<sky-payload>"<rich_init>[bold cyan]Optimizing[/]</rich_init>"</sky-payload>
<sky-payload>"<rich_update>[bold cyan]Optimizing[/]</rich_update>"</sky-payload>
<sky-payload>"<rich_start>[bold cyan]Optimizing[/]</rich_start>"</sky-payload>
I 03-17 20:21:14 optimizer.py:736] [1mTarget:[0m minimizing cost
I 03-17 20:21:14 optimizer.py:749] [1mEstimated cost: [0m$0.8 / hour
I 03-17 20:21:14 optimizer.py:749] 
I 03-17 20:21:14 optimizer.py:884] Considered resources (1 node):
I 03-17 20:21:14 optimizer.py:952] ----------------------------------------------------------------------------------------
I 03-17 20:21:14 optimizer.py:952]  CLOUD   INSTANCE    vCPUs   Mem(GB)   ACCELERATORS   REGION/ZONE   COST ($)   CHOSEN   
I 03-17 20:21:14 optimizer.py:952] ----------------------------------------------------------------------------------------
I 03-17 20:21:14 optimizer.py:952]  AWS     g6.xlarge   4       16        L4:1           us-east-1     0.80       [32m   ✔[0m     
I 03-17 20:21:14 optimizer.py:952] ----------------------------------------------------------------------------------------
<sky-payload>"<rich_exit></rich_exit>"</sky-payload>
<sky-payload>"<rich_init>[bold cyan]Launching[/]</rich_init>"</sky-payload>
<sky-payload>"<rich_update>[bold cyan]Launching[/]</rich_update>"</sky-payload>
<sky-payload>"<rich_start>[bold cyan]Launching[/]</rich_start>"</sky-payload>
<sky-payload>"<rich_update>[bold cyan]Launching[/]  \u001b[2mView logs: sky api logs -l sky-2025-03-17-20-21-13-938585/provision.log\u001b[0m</rich_update>"</sky-payload>
<sky-payload>"<rich_update>[bold cyan]Launching[/]  \u001b[2mView logs: sky api logs -l sky-2025-03-17-20-21-13-938585/provision.log\u001b[0m</rich_update>"</sky-payload>
I 03-17 20:21:14 cloud_vm_ray_backend.py:1520] [0m⚙︎ Launching on AWS us-east-1[0m (us-east-1a,us-east-1b,us-east-1c,us-east-1d).
[2mW 03-17 20:21:43 instance.py:243] create_instances: Attempt failed with An error occurred (VcpuLimitExceeded) when calling the RunInstances operation: You have requested more vCPU capacity than your current vCPU limit of 64 allows for the instance bucket that the specified instance type belongs to. Please visit http://aws.amazon.com/contact-us/ec2-request to request an adjustment to this limit.[0m
[2mW 03-17 20:21:56 instance.py:243] create_instances: Attempt failed with An error occurred (VcpuLimitExceeded) when calling the RunInstances operation: You have requested more vCPU capacity than your current vCPU limit of 64 allows for the instance bucket that the specified instance type belongs to. Please visit http://aws.amazon.com/contact-us/ec2-request to request an adjustment to this limit.[0m
[2mW 03-17 20:21:57 instance.py:243] create_instances: Attempt failed with An error occurred (VcpuLimitExceeded) when calling the RunInstances operation: You have requested more vCPU capacity than your current vCPU limit of 64 allows for the instance bucket that the specified instance type belongs to. Please visit http://aws.amazon.com/contact-us/ec2-request to request an adjustment to this limit.[0m
W 03-17 20:21:57 cloud_vm_ray_backend.py:2061] sky.exceptions.ResourcesUnavailableError: Failed to acquire resources in all zones in us-east-1 for {AWS(cpus=4, {'L4': 1})}. 
W 03-17 20:21:57 cloud_vm_ray_backend.py:2097] 
W 03-17 20:21:57 cloud_vm_ray_backend.py:2097] [0m[33m↺[0m Trying other potential resources.
<sky-payload>"<rich_update>[bold cyan]Looking for resources[/]  \u001b[2mView logs: sky api logs -l sky-2025-03-17-20-21-13-938585/provision.log\u001b[0m</rich_update>"</sky-payload>
<sky-payload>"<rich_update>[bold cyan]Optimizing[/]</rich_update>"</sky-payload>
<sky-payload>"<rich_start>[bold cyan]Launching[/]</rich_start>"</sky-payload>
I 03-17 20:21:57 optimizer.py:736] [1mTarget:[0m minimizing cost
I 03-17 20:21:57 optimizer.py:749] [1mEstimated cost: [0m$0.8 / hour
I 03-17 20:21:57 optimizer.py:749] 
I 03-17 20:21:57 optimizer.py:884] Considered resources (1 node):
I 03-17 20:21:57 optimizer.py:952] ----------------------------------------------------------------------------------------
I 03-17 20:21:57 optimizer.py:952]  CLOUD   INSTANCE    vCPUs   Mem(GB)   ACCELERATORS   REGION/ZONE   COST ($)   CHOSEN   
I 03-17 20:21:57 optimizer.py:952] ----------------------------------------------------------------------------------------
I 03-17 20:21:57 optimizer.py:952]  AWS     g6.xlarge   4       16        L4:1           us-east-2     0.80       [32m   ✔[0m     
I 03-17 20:21:57 optimizer.py:952] ----------------------------------------------------------------------------------------
<sky-payload>"<rich_update>[bold cyan]Looking for resources[/]  \u001b[2mView logs: sky api logs -l sky-2025-03-17-20-21-13-938585/provision.log\u001b[0m</rich_update>"</sky-payload>
<sky-payload>"<rich_update>[bold cyan]Launching[/]  \u001b[2mView logs: sky api logs -l sky-2025-03-17-20-21-13-938585/provision.log\u001b[0m</rich_update>"</sky-payload>
I 03-17 20:21:57 cloud_vm_ray_backend.py:1520] [0m⚙︎ Launching on AWS us-east-2[0m (us-east-2a,us-east-2b,us-east-2c).
[2mW 03-17 20:22:00 instance.py:243] create_instances: Attempt failed with An error occurred (VcpuLimitExceeded) when calling the RunInstances operation: You have requested more vCPU capacity than your current vCPU limit of 128 allows for the instance bucket that the specified instance type belongs to. Please visit http://aws.amazon.com/contact-us/ec2-request to request an adjustment to this limit.[0m
[2mW 03-17 20:22:01 instance.py:243] create_instances: Attempt failed with An error occurred (VcpuLimitExceeded) when calling the RunInstances operation: You have requested more vCPU capacity than your current vCPU limit of 128 allows for the instance bucket that the specified instance type belongs to. Please visit http://aws.amazon.com/contact-us/ec2-request to request an adjustment to this limit.[0m
[2mW 03-17 20:22:33 instance.py:243] create_instances: Attempt failed with An error occurred (VcpuLimitExceeded) when calling the RunInstances operation: You have requested more vCPU capacity than your current vCPU limit of 128 allows for the instance bucket that the specified instance type belongs to. Please visit http://aws.amazon.com/contact-us/ec2-request to request an adjustment to this limit.[0m
W 03-17 20:22:34 cloud_vm_ray_backend.py:2061] sky.exceptions.ResourcesUnavailableError: Failed to acquire resources in all zones in us-east-2 for {AWS(cpus=4, {'L4': 1})}. 
W 03-17 20:22:34 cloud_vm_ray_backend.py:2097] 
W 03-17 20:22:34 cloud_vm_ray_backend.py:2097] [0m[33m↺[0m Trying other potential resources.
<sky-payload>"<rich_update>[bold cyan]Looking for resources[/]  \u001b[2mView logs: sky api logs -l sky-2025-03-17-20-21-13-938585/provision.log\u001b[0m</rich_update>"</sky-payload>
<sky-payload>"<rich_update>[bold cyan]Optimizing[/]</rich_update>"</sky-payload>
<sky-payload>"<rich_start>[bold cyan]Launching[/]</rich_start>"</sky-payload>
I 03-17 20:22:34 optimizer.py:736] [1mTarget:[0m minimizing cost
I 03-17 20:22:34 optimizer.py:749] [1mEstimated cost: [0m$0.8 / hour
I 03-17 20:22:34 optimizer.py:749] 
I 03-17 20:22:34 optimizer.py:884] Considered resources (1 node):
I 03-17 20:22:34 optimizer.py:952] ----------------------------------------------------------------------------------------
I 03-17 20:22:34 optimizer.py:952]  CLOUD   INSTANCE    vCPUs   Mem(GB)   ACCELERATORS   REGION/ZONE   COST ($)   CHOSEN   
I 03-17 20:22:34 optimizer.py:952] ----------------------------------------------------------------------------------------
I 03-17 20:22:34 optimizer.py:952]  AWS     g6.xlarge   4       16        L4:1           us-west-2     0.80       [32m   ✔[0m     
I 03-17 20:22:34 optimizer.py:952] ----------------------------------------------------------------------------------------
<sky-payload>"<rich_update>[bold cyan]Looking for resources[/]  \u001b[2mView logs: sky api logs -l sky-2025-03-17-20-21-13-938585/provision.log\u001b[0m</rich_update>"</sky-payload>
<sky-payload>"<rich_update>[bold cyan]Launching[/]  \u001b[2mView logs: sky api logs -l sky-2025-03-17-20-21-13-938585/provision.log\u001b[0m</rich_update>"</sky-payload>
I 03-17 20:22:34 cloud_vm_ray_backend.py:1520] [0m⚙︎ Launching on AWS us-west-2[0m (us-west-2a,us-west-2b,us-west-2c,us-west-2d).
[2mW 03-17 20:22:45 instance.py:243] create_instances: Attempt failed with An error occurred (VcpuLimitExceeded) when calling the RunInstances operation: You have requested more vCPU capacity than your current vCPU limit of 64 allows for the instance bucket that the specified instance type belongs to. Please visit http://aws.amazon.com/contact-us/ec2-request to request an adjustment to this limit.[0m
[2mW 03-17 20:22:46 instance.py:243] create_instances: Attempt failed with An error occurred (VcpuLimitExceeded) when calling the RunInstances operation: You have requested more vCPU capacity than your current vCPU limit of 64 allows for the instance bucket that the specified instance type belongs to. Please visit http://aws.amazon.com/contact-us/ec2-request to request an adjustment to this limit.[0m
[2mW 03-17 20:22:46 instance.py:243] create_instances: Attempt failed with An error occurred (VcpuLimitExceeded) when calling the RunInstances operation: You have requested more vCPU capacity than your current vCPU limit of 64 allows for the instance bucket that the specified instance type belongs to. Please visit http://aws.amazon.com/contact-us/ec2-request to request an adjustment to this limit.[0m
[2mW 03-17 20:22:47 instance.py:243] create_instances: Attempt failed with An error occurred (VcpuLimitExceeded) when calling the RunInstances operation: You have requested more vCPU capacity than your current vCPU limit of 64 allows for the instance bucket that the specified instance type belongs to. Please visit http://aws.amazon.com/contact-us/ec2-request to request an adjustment to this limit.[0m
W 03-17 20:22:48 cloud_vm_ray_backend.py:2061] sky.exceptions.ResourcesUnavailableError: Failed to acquire resources in all zones in us-west-2 for {AWS(cpus=4, {'L4': 1})}. 
W 03-17 20:22:48 cloud_vm_ray_backend.py:2097] 
W 03-17 20:22:48 cloud_vm_ray_backend.py:2097] [0m[33m↺[0m Trying other potential resources.
<sky-payload>"<rich_update>[bold cyan]Looking for resources[/]  \u001b[2mView logs: sky api logs -l sky-2025-03-17-20-21-13-938585/provision.log\u001b[0m</rich_update>"</sky-payload>
<sky-payload>"<rich_update>[bold cyan]Optimizing[/]</rich_update>"</sky-payload>
<sky-payload>"<rich_start>[bold cyan]Launching[/]</rich_start>"</sky-payload>
I 03-17 20:22:48 optimizer.py:736] [1mTarget:[0m minimizing cost
I 03-17 20:22:48 optimizer.py:749] [1mEstimated cost: [0m$0.9 / hour
I 03-17 20:22:48 optimizer.py:749] 
I 03-17 20:22:48 optimizer.py:884] Considered resources (1 node):
I 03-17 20:22:48 optimizer.py:952] ----------------------------------------------------------------------------------------
I 03-17 20:22:48 optimizer.py:952]  CLOUD   INSTANCE    vCPUs   Mem(GB)   ACCELERATORS   REGION/ZONE   COST ($)   CHOSEN   
I 03-17 20:22:48 optimizer.py:952] ----------------------------------------------------------------------------------------
I 03-17 20:22:48 optimizer.py:952]  AWS     g6.xlarge   4       16        L4:1           eu-north-1    0.85       [32m   ✔[0m     
I 03-17 20:22:48 optimizer.py:952] ----------------------------------------------------------------------------------------
<sky-payload>"<rich_update>[bold cyan]Looking for resources[/]  \u001b[2mView logs: sky api logs -l sky-2025-03-17-20-21-13-938585/provision.log\u001b[0m</rich_update>"</sky-payload>
<sky-payload>"<rich_update>[bold cyan]Launching[/]  \u001b[2mView logs: sky api logs -l sky-2025-03-17-20-21-13-938585/provision.log\u001b[0m</rich_update>"</sky-payload>
I 03-17 20:22:48 cloud_vm_ray_backend.py:1520] [0m⚙︎ Launching on AWS eu-north-1[0m (eu-north-1a,eu-north-1b).
[2mW 03-17 20:22:55 instance.py:243] create_instances: Attempt failed with An error occurred (VcpuLimitExceeded) when calling the RunInstances operation: You have requested more vCPU capacity than your current vCPU limit of 64 allows for the instance bucket that the specified instance type belongs to. Please visit http://aws.amazon.com/contact-us/ec2-request to request an adjustment to this limit.[0m
[2mW 03-17 20:23:04 instance.py:243] create_instances: Attempt failed with An error occurred (VcpuLimitExceeded) when calling the RunInstances operation: You have requested more vCPU capacity than your current vCPU limit of 64 allows for the instance bucket that the specified instance type belongs to. Please visit http://aws.amazon.com/contact-us/ec2-request to request an adjustment to this limit.[0m
W 03-17 20:23:04 cloud_vm_ray_backend.py:2061] sky.exceptions.ResourcesUnavailableError: Failed to acquire resources in all zones in eu-north-1 for {AWS(cpus=4, {'L4': 1})}. 
W 03-17 20:23:04 cloud_vm_ray_backend.py:2097] 
W 03-17 20:23:04 cloud_vm_ray_backend.py:2097] [0m[33m↺[0m Trying other potential resources.
<sky-payload>"<rich_update>[bold cyan]Looking for resources[/]  \u001b[2mView logs: sky api logs -l sky-2025-03-17-20-21-13-938585/provision.log\u001b[0m</rich_update>"</sky-payload>
<sky-payload>"<rich_update>[bold cyan]Optimizing[/]</rich_update>"</sky-payload>
<sky-payload>"<rich_start>[bold cyan]Launching[/]</rich_start>"</sky-payload>
I 03-17 20:23:05 optimizer.py:736] [1mTarget:[0m minimizing cost
I 03-17 20:23:05 optimizer.py:749] [1mEstimated cost: [0m$0.9 / hour
I 03-17 20:23:05 optimizer.py:749] 
I 03-17 20:23:05 optimizer.py:884] Considered resources (1 node):
I 03-17 20:23:05 optimizer.py:952] -----------------------------------------------------------------------------------------
I 03-17 20:23:05 optimizer.py:952]  CLOUD   INSTANCE    vCPUs   Mem(GB)   ACCELERATORS   REGION/ZONE    COST ($)   CHOSEN   
I 03-17 20:23:05 optimizer.py:952] -----------------------------------------------------------------------------------------
I 03-17 20:23:05 optimizer.py:952]  AWS     g6.xlarge   4       16        L4:1           ca-central-1   0.89       [32m   ✔[0m     
I 03-17 20:23:05 optimizer.py:952] -----------------------------------------------------------------------------------------
<sky-payload>"<rich_update>[bold cyan]Looking for resources[/]  \u001b[2mView logs: sky api logs -l sky-2025-03-17-20-21-13-938585/provision.log\u001b[0m</rich_update>"</sky-payload>
<sky-payload>"<rich_update>[bold cyan]Launching[/]  \u001b[2mView logs: sky api logs -l sky-2025-03-17-20-21-13-938585/provision.log\u001b[0m</rich_update>"</sky-payload>
I 03-17 20:23:05 cloud_vm_ray_backend.py:1520] [0m⚙︎ Launching on AWS ca-central-1[0m (ca-central-1a,ca-central-1b).
[2mW 03-17 20:23:07 instance.py:243] create_instances: Attempt failed with An error occurred (VcpuLimitExceeded) when calling the RunInstances operation: You have requested more vCPU capacity than your current vCPU limit of 64 allows for the instance bucket that the specified instance type belongs to. Please visit http://aws.amazon.com/contact-us/ec2-request to request an adjustment to this limit.[0m
[2mW 03-17 20:23:09 instance.py:243] create_instances: Attempt failed with An error occurred (VcpuLimitExceeded) when calling the RunInstances operation: You have requested more vCPU capacity than your current vCPU limit of 64 allows for the instance bucket that the specified instance type belongs to. Please visit http://aws.amazon.com/contact-us/ec2-request to request an adjustment to this limit.[0m
W 03-17 20:23:09 cloud_vm_ray_backend.py:2061] sky.exceptions.ResourcesUnavailableError: Failed to acquire resources in all zones in ca-central-1 for {AWS(cpus=4, {'L4': 1})}. 
W 03-17 20:23:09 cloud_vm_ray_backend.py:2097] 
W 03-17 20:23:09 cloud_vm_ray_backend.py:2097] [0m[33m↺[0m Trying other potential resources.
<sky-payload>"<rich_update>[bold cyan]Looking for resources[/]  \u001b[2mView logs: sky api logs -l sky-2025-03-17-20-21-13-938585/provision.log\u001b[0m</rich_update>"</sky-payload>
<sky-payload>"<rich_update>[bold cyan]Optimizing[/]</rich_update>"</sky-payload>
<sky-payload>"<rich_start>[bold cyan]Launching[/]</rich_start>"</sky-payload>
I 03-17 20:23:09 optimizer.py:736] [1mTarget:[0m minimizing cost
I 03-17 20:23:09 optimizer.py:749] [1mEstimated cost: [0m$1.0 / hour
I 03-17 20:23:09 optimizer.py:749] 
I 03-17 20:23:09 optimizer.py:884] Considered resources (1 node):
I 03-17 20:23:09 optimizer.py:952] ----------------------------------------------------------------------------------------
I 03-17 20:23:09 optimizer.py:952]  CLOUD   INSTANCE    vCPUs   Mem(GB)   ACCELERATORS   REGION/ZONE   COST ($)   CHOSEN   
I 03-17 20:23:09 optimizer.py:952] ----------------------------------------------------------------------------------------
I 03-17 20:23:09 optimizer.py:952]  AWS     g6.xlarge   4       16        L4:1           ap-south-1    0.97       [32m   ✔[0m     
I 03-17 20:23:09 optimizer.py:952] ----------------------------------------------------------------------------------------
<sky-payload>"<rich_update>[bold cyan]Looking for resources[/]  \u001b[2mView logs: sky api logs -l sky-2025-03-17-20-21-13-938585/provision.log\u001b[0m</rich_update>"</sky-payload>
<sky-payload>"<rich_update>[bold cyan]Launching[/]  \u001b[2mView logs: sky api logs -l sky-2025-03-17-20-21-13-938585/provision.log\u001b[0m</rich_update>"</sky-payload>
I 03-17 20:23:09 cloud_vm_ray_backend.py:1520] [0m⚙︎ Launching on AWS ap-south-1[0m (ap-south-1a,ap-south-1b).
<sky-payload>"<rich_update>[bold cyan]Launching - Checking instance status[/]  \u001b[2mView logs: sky api logs -l sky-2025-03-17-20-21-13-938585/provision.log\u001b[0m</rich_update>"</sky-payload>
<sky-payload>"<rich_update>[bold cyan]Launching - Waiting for SSH access[/]  \u001b[2mView logs: sky api logs -l sky-2025-03-17-20-21-13-938585/provision.log\u001b[0m</rich_update>"</sky-payload>
<sky-payload>"<rich_start>[bold cyan]Launching[/]</rich_start>"</sky-payload>
I 03-17 20:23:42 provisioner.py:451] [2m└── [0m[2mInstance is up.[0m
<sky-payload>"<rich_update>[bold cyan]Preparing SkyPilot runtime (1/3 - initializing)[/]  \u001b[2mView logs: sky api logs -l sky-2025-03-17-20-21-13-938585/provision.log\u001b[0m</rich_update>"</sky-payload>
<sky-payload>"<rich_update>[bold cyan]Preparing SkyPilot runtime (2/3 - dependencies)[/]  \u001b[2mView logs: sky api logs -l sky-2025-03-17-20-21-13-938585/provision.log\u001b[0m</rich_update>"</sky-payload>
<sky-payload>"<rich_update>[bold cyan]Preparing SkyPilot runtime (3/3 - runtime)[/]  \u001b[2mView logs: sky api logs -l sky-2025-03-17-20-21-13-938585/provision.log\u001b[0m</rich_update>"</sky-payload>
<sky-payload>"<rich_update>[bold cyan]Launching - Checking instance status[/]  \u001b[2mView logs: sky api logs -l sky-2025-03-17-20-21-13-938585/provision.log\u001b[0m</rich_update>"</sky-payload>
I 03-17 20:24:11 provisioner.py:632] [0m[32m✓ Cluster launched: compute-text-vectors-108.[0m  [2mView logs: sky api logs -l sky-2025-03-17-20-21-13-938585/provision.log[0m
<sky-payload>"<rich_exit></rich_exit>"</sky-payload>
I 03-17 20:24:11 execution.py:332] [0m⚙︎ Syncing files.
<sky-payload>"<rich_init>[bold cyan]Syncing files[/]</rich_init>"</sky-payload>
<sky-payload>"<rich_update>[bold cyan]Syncing files[/]</rich_update>"</sky-payload>
<sky-payload>"<rich_start>[bold cyan]Syncing files[/]</rich_start>"</sky-payload>
<sky-payload>"<rich_update>[bold cyan]Syncing file mounts[/]  \u001b[2mView logs: sky api logs -l sky-2025-03-17-20-21-13-938585/file_mounts.log\u001b[0m</rich_update>"</sky-payload>
I 03-17 20:24:11 backend_utils.py:1315]   [2mSyncing (to 1 node): s3://skypilot-filemounts-root-726f1974-7dlldr44/job-7dlldr44/workdir -> ~/sky_workdir[0m
I 03-17 20:24:15 cloud_vm_ray_backend.py:4801] [0m[32m✓ Synced file_mounts.[0m  [2mView logs: sky api logs -l sky-2025-03-17-20-21-13-938585/file_mounts.log[0m
<sky-payload>"<rich_update>[bold cyan]Mounting 1 storage[/]  \u001b[2mView logs: sky api logs -l sky-2025-03-17-20-21-13-938585/storage_mounts.log\u001b[0m</rich_update>"</sky-payload>
I 03-17 20:24:15 backend_utils.py:1315]   [2mMounting (to 1 node): s3://sky-text-embeddings-multi-cluster-final -> /output[0m
I 03-17 20:24:19 cloud_vm_ray_backend.py:4892] [0m[32m✓ Storage mounted.[0m  [2mView logs: sky api logs -l sky-2025-03-17-20-21-13-938585/storage_mounts.log[0m
<sky-payload>"<rich_exit></rich_exit>"</sky-payload>
<sky-payload>"<rich_init>[bold cyan]Running setup[/]</rich_init>"</sky-payload>
<sky-payload>"<rich_update>[bold cyan]Running setup[/]</rich_update>"</sky-payload>
<sky-payload>"<rich_start>[bold cyan]Running setup[/]</rich_start>"</sky-payload>
<sky-payload>"<rich_stop></rich_stop>"</sky-payload>
I 03-17 20:24:23 cloud_vm_ray_backend.py:3357] [0m[32m✓ Setup detached.[0m
<sky-payload>"<rich_exit></rich_exit>"</sky-payload>
<sky-payload>"<rich_init>[bold cyan]Submitting job[/]</rich_init>"</sky-payload>
<sky-payload>"<rich_update>[bold cyan]Submitting job[/]</rich_update>"</sky-payload>
<sky-payload>"<rich_start>[bold cyan]Submitting job[/]</rich_start>"</sky-payload>
I 03-17 20:24:26 cloud_vm_ray_backend.py:3460] [0m⚙︎ Job submitted, ID: 1
<sky-payload>"<rich_stop></rich_stop>"</sky-payload>
<sky-payload>"<rich_exit></rich_exit>"</sky-payload>

[?25hI 03-17 20:24:26 recovery_strategy.py:289] Managed job cluster launched.
I 03-17 20:24:30 utils.py:131] === Checking the job status... ===
I 03-17 20:24:31 utils.py:137] Job status: JobStatus.SETTING_UP
I 03-17 20:24:31 utils.py:140] ==================================
I 03-17 20:24:32 state.py:471] Job started.
I 03-17 20:24:52 utils.py:131] === Checking the job status... ===
I 03-17 20:24:53 utils.py:137] Job status: JobStatus.SETTING_UP
I 03-17 20:24:53 utils.py:140] ==================================
I 03-17 20:25:13 utils.py:131] === Checking the job status... ===
I 03-17 20:25:14 utils.py:137] Job status: JobStatus.SETTING_UP
I 03-17 20:25:14 utils.py:140] ==================================
I 03-17 20:25:34 utils.py:131] === Checking the job status... ===
I 03-17 20:25:35 utils.py:137] Job status: JobStatus.SETTING_UP
I 03-17 20:25:35 utils.py:140] ==================================
I 03-17 20:25:55 utils.py:131] === Checking the job status... ===
I 03-17 20:25:56 utils.py:137] Job status: JobStatus.SETTING_UP
I 03-17 20:25:56 utils.py:140] ==================================
I 03-17 20:26:17 utils.py:131] === Checking the job status... ===
I 03-17 20:26:18 utils.py:137] Job status: JobStatus.SETTING_UP
I 03-17 20:26:18 utils.py:140] ==================================
I 03-17 20:26:38 utils.py:131] === Checking the job status... ===
I 03-17 20:26:39 utils.py:137] Job status: JobStatus.RUNNING
I 03-17 20:26:39 utils.py:140] ==================================
I 03-17 20:26:59 utils.py:131] === Checking the job status... ===
I 03-17 20:27:00 utils.py:137] Job status: JobStatus.RUNNING
I 03-17 20:27:00 utils.py:140] ==================================
I 03-17 20:27:20 utils.py:131] === Checking the job status... ===
I 03-17 20:27:21 utils.py:137] Job status: JobStatus.RUNNING
I 03-17 20:27:21 utils.py:140] ==================================
I 03-17 20:27:41 utils.py:131] === Checking the job status... ===
I 03-17 20:27:43 utils.py:137] Job status: JobStatus.RUNNING
I 03-17 20:27:43 utils.py:140] ==================================
I 03-17 20:28:03 utils.py:131] === Checking the job status... ===
I 03-17 20:28:04 utils.py:137] Job status: JobStatus.RUNNING
I 03-17 20:28:04 utils.py:140] ==================================
I 03-17 20:28:24 utils.py:131] === Checking the job status... ===
I 03-17 20:28:25 utils.py:137] Job status: JobStatus.RUNNING
I 03-17 20:28:25 utils.py:140] ==================================
I 03-17 20:28:45 utils.py:131] === Checking the job status... ===
I 03-17 20:28:46 utils.py:137] Job status: JobStatus.RUNNING
I 03-17 20:28:46 utils.py:140] ==================================
I 03-17 20:29:06 utils.py:131] === Checking the job status... ===
I 03-17 20:29:08 utils.py:137] Job status: JobStatus.RUNNING
I 03-17 20:29:08 utils.py:140] ==================================
I 03-17 20:29:28 utils.py:131] === Checking the job status... ===
I 03-17 20:29:29 utils.py:137] Job status: JobStatus.RUNNING
I 03-17 20:29:29 utils.py:140] ==================================
I 03-17 20:29:49 utils.py:131] === Checking the job status... ===
I 03-17 20:29:50 utils.py:137] Job status: JobStatus.RUNNING
I 03-17 20:29:50 utils.py:140] ==================================
I 03-17 20:30:10 utils.py:131] === Checking the job status... ===
I 03-17 20:30:13 utils.py:137] Job status: JobStatus.RUNNING
I 03-17 20:30:13 utils.py:140] ==================================
I 03-17 20:30:33 utils.py:131] === Checking the job status... ===
I 03-17 20:30:36 utils.py:137] Job status: JobStatus.RUNNING
I 03-17 20:30:36 utils.py:140] ==================================
I 03-17 20:30:56 utils.py:131] === Checking the job status... ===
I 03-17 20:30:59 utils.py:137] Job status: JobStatus.RUNNING
I 03-17 20:30:59 utils.py:140] ==================================
I 03-17 20:31:19 utils.py:131] === Checking the job status... ===
I 03-17 20:31:21 utils.py:137] Job status: JobStatus.RUNNING
I 03-17 20:31:21 utils.py:140] ==================================
I 03-17 20:31:41 utils.py:131] === Checking the job status... ===
I 03-17 20:31:42 utils.py:137] Job status: JobStatus.RUNNING
I 03-17 20:31:42 utils.py:140] ==================================
I 03-17 20:32:02 utils.py:131] === Checking the job status... ===
I 03-17 20:32:03 utils.py:137] Job status: JobStatus.RUNNING
I 03-17 20:32:03 utils.py:140] ==================================
I 03-17 20:32:23 utils.py:131] === Checking the job status... ===
I 03-17 20:32:24 utils.py:137] Job status: JobStatus.RUNNING
I 03-17 20:32:24 utils.py:140] ==================================
I 03-17 20:32:44 utils.py:131] === Checking the job status... ===
I 03-17 20:32:45 utils.py:137] Job status: JobStatus.RUNNING
I 03-17 20:32:45 utils.py:140] ==================================
I 03-17 20:33:05 utils.py:131] === Checking the job status... ===
I 03-17 20:33:06 utils.py:137] Job status: JobStatus.RUNNING
I 03-17 20:33:06 utils.py:140] ==================================
I 03-17 20:33:26 utils.py:131] === Checking the job status... ===
I 03-17 20:33:27 utils.py:137] Job status: JobStatus.RUNNING
I 03-17 20:33:27 utils.py:140] ==================================
I 03-17 20:33:47 utils.py:131] === Checking the job status... ===
I 03-17 20:33:48 utils.py:137] Job status: JobStatus.RUNNING
I 03-17 20:33:48 utils.py:140] ==================================
I 03-17 20:34:09 utils.py:131] === Checking the job status... ===
I 03-17 20:34:10 utils.py:137] Job status: JobStatus.RUNNING
I 03-17 20:34:10 utils.py:140] ==================================
I 03-17 20:34:30 utils.py:131] === Checking the job status... ===
I 03-17 20:34:31 utils.py:137] Job status: JobStatus.RUNNING
I 03-17 20:34:31 utils.py:140] ==================================
I 03-17 20:34:51 utils.py:131] === Checking the job status... ===
I 03-17 20:34:52 utils.py:137] Job status: JobStatus.RUNNING
I 03-17 20:34:52 utils.py:140] ==================================
I 03-17 20:35:12 utils.py:131] === Checking the job status... ===
I 03-17 20:35:13 utils.py:137] Job status: JobStatus.RUNNING
I 03-17 20:35:13 utils.py:140] ==================================
I 03-17 20:35:33 utils.py:131] === Checking the job status... ===
I 03-17 20:35:34 utils.py:137] Job status: JobStatus.RUNNING
I 03-17 20:35:34 utils.py:140] ==================================
I 03-17 20:35:54 utils.py:131] === Checking the job status... ===
I 03-17 20:35:55 utils.py:137] Job status: JobStatus.RUNNING
I 03-17 20:35:55 utils.py:140] ==================================
I 03-17 20:36:15 utils.py:131] === Checking the job status... ===
I 03-17 20:36:16 utils.py:137] Job status: JobStatus.RUNNING
I 03-17 20:36:16 utils.py:140] ==================================
I 03-17 20:36:36 utils.py:131] === Checking the job status... ===
I 03-17 20:36:37 utils.py:137] Job status: JobStatus.RUNNING
I 03-17 20:36:37 utils.py:140] ==================================
I 03-17 20:36:57 utils.py:131] === Checking the job status... ===
I 03-17 20:36:58 utils.py:137] Job status: JobStatus.RUNNING
I 03-17 20:36:58 utils.py:140] ==================================
I 03-17 20:37:18 utils.py:131] === Checking the job status... ===
I 03-17 20:37:19 utils.py:137] Job status: JobStatus.RUNNING
I 03-17 20:37:19 utils.py:140] ==================================
I 03-17 20:37:39 utils.py:131] === Checking the job status... ===
I 03-17 20:37:40 utils.py:137] Job status: JobStatus.RUNNING
I 03-17 20:37:40 utils.py:140] ==================================
I 03-17 20:38:01 utils.py:131] === Checking the job status... ===
I 03-17 20:38:02 utils.py:137] Job status: JobStatus.RUNNING
I 03-17 20:38:02 utils.py:140] ==================================
I 03-17 20:38:22 utils.py:131] === Checking the job status... ===
I 03-17 20:38:23 utils.py:137] Job status: JobStatus.RUNNING
I 03-17 20:38:23 utils.py:140] ==================================
I 03-17 20:38:43 utils.py:131] === Checking the job status... ===
I 03-17 20:38:44 utils.py:137] Job status: JobStatus.RUNNING
I 03-17 20:38:44 utils.py:140] ==================================
I 03-17 20:39:04 utils.py:131] === Checking the job status... ===
I 03-17 20:39:05 utils.py:137] Job status: JobStatus.RUNNING
I 03-17 20:39:05 utils.py:140] ==================================
I 03-17 20:39:25 utils.py:131] === Checking the job status... ===
I 03-17 20:39:26 utils.py:137] Job status: JobStatus.RUNNING
I 03-17 20:39:26 utils.py:140] ==================================
I 03-17 20:39:46 utils.py:131] === Checking the job status... ===
I 03-17 20:39:47 utils.py:137] Job status: JobStatus.RUNNING
I 03-17 20:39:47 utils.py:140] ==================================
I 03-17 20:40:07 utils.py:131] === Checking the job status... ===
I 03-17 20:40:08 utils.py:137] Job status: JobStatus.RUNNING
I 03-17 20:40:08 utils.py:140] ==================================
I 03-17 20:40:29 utils.py:131] === Checking the job status... ===
I 03-17 20:40:30 utils.py:137] Job status: JobStatus.RUNNING
I 03-17 20:40:30 utils.py:140] ==================================
I 03-17 20:40:50 utils.py:131] === Checking the job status... ===
I 03-17 20:40:51 utils.py:137] Job status: JobStatus.RUNNING
I 03-17 20:40:51 utils.py:140] ==================================
I 03-17 20:41:11 utils.py:131] === Checking the job status... ===
I 03-17 20:41:12 utils.py:137] Job status: JobStatus.RUNNING
I 03-17 20:41:12 utils.py:140] ==================================
I 03-17 20:41:32 utils.py:131] === Checking the job status... ===
I 03-17 20:41:33 utils.py:137] Job status: JobStatus.RUNNING
I 03-17 20:41:33 utils.py:140] ==================================
I 03-17 20:41:53 utils.py:131] === Checking the job status... ===
I 03-17 20:41:54 utils.py:137] Job status: JobStatus.RUNNING
I 03-17 20:41:54 utils.py:140] ==================================
I 03-17 20:42:14 utils.py:131] === Checking the job status... ===
I 03-17 20:42:15 utils.py:137] Job status: JobStatus.RUNNING
I 03-17 20:42:15 utils.py:140] ==================================
I 03-17 20:42:35 utils.py:131] === Checking the job status... ===
I 03-17 20:42:36 utils.py:137] Job status: JobStatus.RUNNING
I 03-17 20:42:36 utils.py:140] ==================================
I 03-17 20:42:56 utils.py:131] === Checking the job status... ===
I 03-17 20:42:57 utils.py:137] Job status: JobStatus.RUNNING
I 03-17 20:42:57 utils.py:140] ==================================
I 03-17 20:43:17 utils.py:131] === Checking the job status... ===
I 03-17 20:43:18 utils.py:137] Job status: JobStatus.RUNNING
I 03-17 20:43:18 utils.py:140] ==================================
I 03-17 20:43:38 utils.py:131] === Checking the job status... ===
I 03-17 20:43:39 utils.py:137] Job status: JobStatus.RUNNING
I 03-17 20:43:39 utils.py:140] ==================================
I 03-17 20:44:00 utils.py:131] === Checking the job status... ===
I 03-17 20:44:00 utils.py:137] Job status: JobStatus.RUNNING
I 03-17 20:44:00 utils.py:140] ==================================
I 03-17 20:44:21 utils.py:131] === Checking the job status... ===
I 03-17 20:44:22 utils.py:137] Job status: JobStatus.RUNNING
I 03-17 20:44:22 utils.py:140] ==================================
I 03-17 20:44:42 utils.py:131] === Checking the job status... ===
I 03-17 20:44:43 utils.py:137] Job status: JobStatus.RUNNING
I 03-17 20:44:43 utils.py:140] ==================================
I 03-17 20:45:03 utils.py:131] === Checking the job status... ===
I 03-17 20:45:04 utils.py:137] Job status: JobStatus.RUNNING
I 03-17 20:45:04 utils.py:140] ==================================
I 03-17 20:45:24 utils.py:131] === Checking the job status... ===
I 03-17 20:45:25 utils.py:137] Job status: JobStatus.RUNNING
I 03-17 20:45:25 utils.py:140] ==================================
I 03-17 20:45:45 utils.py:131] === Checking the job status... ===
I 03-17 20:45:46 utils.py:137] Job status: JobStatus.RUNNING
I 03-17 20:45:46 utils.py:140] ==================================
I 03-17 20:46:06 utils.py:131] === Checking the job status... ===
I 03-17 20:46:07 utils.py:137] Job status: JobStatus.SUCCEEDED
I 03-17 20:46:07 utils.py:140] ==================================
I 03-17 20:46:08 state.py:561] Job succeeded.
I 03-17 20:46:08 controller.py:238] Managed job 108 (task: 0) SUCCEEDED. Cleaning up the cluster compute-text-vectors-108.
E 03-17 20:46:11 controller_utils.py:376] Failed to find the logs for the user program at ~/sky_logs/managed_jobs/sky-2025-03-17-20-21-13-938585/run.log.
I 03-17 20:46:11 controller.py:117] 
I 03-17 20:46:11 controller.py:117] == End of logs (ID: 108) ==
I 03-17 20:46:20 state.py:656] Cancellation skipped, job is already terminal
I 03-17 20:46:20 state.py:677] Cancellation skipped, job is not CANCELLING
I 03-17 20:46:21 controller.py:552] Killing controller process 54802.
I 03-17 20:46:21 controller.py:560] Controller process 54802 killed.
I 03-17 20:46:21 controller.py:562] Cleaning up any cluster for job 108.
I 03-17 20:46:21 storage.py:699] Verifying bucket for storage skypilot-filemounts-root-726f1974-7dlldr44
<sky-payload>"<rich_init>[bold cyan]Deleting S3 bucket [green]skypilot-filemounts-root-726f1974-7dlldr44[/][/]</rich_init>"</sky-payload>
<sky-payload>"<rich_update>[bold cyan]Deleting S3 bucket [green]skypilot-filemounts-root-726f1974-7dlldr44[/][/]</rich_update>"</sky-payload>
<sky-payload>"<rich_start>[bold cyan]Deleting S3 bucket [green]skypilot-filemounts-root-726f1974-7dlldr44[/][/]</rich_start>"</sky-payload>
<sky-payload>"<rich_exit></rich_exit>"</sky-payload>
I 03-17 20:46:23 storage.py:1505] [32mDeleted S3 bucket skypilot-filemounts-root-726f1974-7dlldr44.[0m
I 03-17 20:46:23 controller.py:571] Cluster of managed job 108 has been cleaned up.
