I 03-17 20:21:16 controller.py:59] DAG:
I 03-17 20:21:16 controller.py:59] [Task<name=compute-text-vectors>(run='# Initialize and dow...')
I 03-17 20:21:16 controller.py:59]   resources: AWS(cpus=4, {'L4': 1})]
I 03-17 20:21:16 controller.py:195] Submitted managed job 111 (task: 0, name: 'compute-text-vectors'); SKYPILOT_TASK_ID: sky-managed-2025-03-17-20-21-16-307279_compute-text-vectors_111-0
I 03-17 20:21:16 controller.py:199] Started monitoring.
I 03-17 20:21:16 state.py:451] Launching the spot cluster...
I 03-17 20:21:16 storage.py:1058] Storage type StoreType.S3 already exists.
<sky-payload>"<rich_init>[bold cyan]Optimizing[/]</rich_init>"</sky-payload>
<sky-payload>"<rich_update>[bold cyan]Optimizing[/]</rich_update>"</sky-payload>
<sky-payload>"<rich_start>[bold cyan]Optimizing[/]</rich_start>"</sky-payload>
I 03-17 20:21:17 optimizer.py:736] [1mTarget:[0m minimizing cost
I 03-17 20:21:17 optimizer.py:749] [1mEstimated cost: [0m$0.8 / hour
I 03-17 20:21:17 optimizer.py:749] 
I 03-17 20:21:17 optimizer.py:884] Considered resources (1 node):
I 03-17 20:21:17 optimizer.py:952] ----------------------------------------------------------------------------------------
I 03-17 20:21:17 optimizer.py:952]  CLOUD   INSTANCE    vCPUs   Mem(GB)   ACCELERATORS   REGION/ZONE   COST ($)   CHOSEN   
I 03-17 20:21:17 optimizer.py:952] ----------------------------------------------------------------------------------------
I 03-17 20:21:17 optimizer.py:952]  AWS     g6.xlarge   4       16        L4:1           us-east-1     0.80       [32m   ✔[0m     
I 03-17 20:21:17 optimizer.py:952] ----------------------------------------------------------------------------------------
<sky-payload>"<rich_exit></rich_exit>"</sky-payload>
<sky-payload>"<rich_init>[bold cyan]Launching[/]</rich_init>"</sky-payload>
<sky-payload>"<rich_update>[bold cyan]Launching[/]</rich_update>"</sky-payload>
<sky-payload>"<rich_start>[bold cyan]Launching[/]</rich_start>"</sky-payload>
<sky-payload>"<rich_update>[bold cyan]Launching[/]  \u001b[2mView logs: sky api logs -l sky-2025-03-17-20-21-16-920192/provision.log\u001b[0m</rich_update>"</sky-payload>
<sky-payload>"<rich_update>[bold cyan]Launching[/]  \u001b[2mView logs: sky api logs -l sky-2025-03-17-20-21-16-920192/provision.log\u001b[0m</rich_update>"</sky-payload>
I 03-17 20:21:17 cloud_vm_ray_backend.py:1520] [0m⚙︎ Launching on AWS us-east-1[0m (us-east-1a,us-east-1b,us-east-1c,us-east-1d).
[2mW 03-17 20:21:27 instance.py:243] create_instances: Attempt failed with An error occurred (VcpuLimitExceeded) when calling the RunInstances operation: You have requested more vCPU capacity than your current vCPU limit of 64 allows for the instance bucket that the specified instance type belongs to. Please visit http://aws.amazon.com/contact-us/ec2-request to request an adjustment to this limit.[0m
[2mW 03-17 20:21:28 instance.py:243] create_instances: Attempt failed with An error occurred (VcpuLimitExceeded) when calling the RunInstances operation: You have requested more vCPU capacity than your current vCPU limit of 64 allows for the instance bucket that the specified instance type belongs to. Please visit http://aws.amazon.com/contact-us/ec2-request to request an adjustment to this limit.[0m
[2mW 03-17 20:21:38 instance.py:243] create_instances: Attempt failed with An error occurred (VcpuLimitExceeded) when calling the RunInstances operation: You have requested more vCPU capacity than your current vCPU limit of 64 allows for the instance bucket that the specified instance type belongs to. Please visit http://aws.amazon.com/contact-us/ec2-request to request an adjustment to this limit.[0m
W 03-17 20:21:38 cloud_vm_ray_backend.py:2061] sky.exceptions.ResourcesUnavailableError: Failed to acquire resources in all zones in us-east-1 for {AWS(cpus=4, {'L4': 1})}. 
W 03-17 20:21:38 cloud_vm_ray_backend.py:2097] 
W 03-17 20:21:38 cloud_vm_ray_backend.py:2097] [0m[33m↺[0m Trying other potential resources.
<sky-payload>"<rich_update>[bold cyan]Looking for resources[/]  \u001b[2mView logs: sky api logs -l sky-2025-03-17-20-21-16-920192/provision.log\u001b[0m</rich_update>"</sky-payload>
<sky-payload>"<rich_update>[bold cyan]Optimizing[/]</rich_update>"</sky-payload>
<sky-payload>"<rich_start>[bold cyan]Launching[/]</rich_start>"</sky-payload>
I 03-17 20:21:38 optimizer.py:736] [1mTarget:[0m minimizing cost
I 03-17 20:21:38 optimizer.py:749] [1mEstimated cost: [0m$0.8 / hour
I 03-17 20:21:38 optimizer.py:749] 
I 03-17 20:21:38 optimizer.py:884] Considered resources (1 node):
I 03-17 20:21:38 optimizer.py:952] ----------------------------------------------------------------------------------------
I 03-17 20:21:38 optimizer.py:952]  CLOUD   INSTANCE    vCPUs   Mem(GB)   ACCELERATORS   REGION/ZONE   COST ($)   CHOSEN   
I 03-17 20:21:38 optimizer.py:952] ----------------------------------------------------------------------------------------
I 03-17 20:21:38 optimizer.py:952]  AWS     g6.xlarge   4       16        L4:1           us-east-2     0.80       [32m   ✔[0m     
I 03-17 20:21:38 optimizer.py:952] ----------------------------------------------------------------------------------------
<sky-payload>"<rich_update>[bold cyan]Looking for resources[/]  \u001b[2mView logs: sky api logs -l sky-2025-03-17-20-21-16-920192/provision.log\u001b[0m</rich_update>"</sky-payload>
<sky-payload>"<rich_update>[bold cyan]Launching[/]  \u001b[2mView logs: sky api logs -l sky-2025-03-17-20-21-16-920192/provision.log\u001b[0m</rich_update>"</sky-payload>
I 03-17 20:21:38 cloud_vm_ray_backend.py:1520] [0m⚙︎ Launching on AWS us-east-2[0m (us-east-2a,us-east-2b,us-east-2c).
[2mW 03-17 20:21:41 instance.py:243] create_instances: Attempt failed with An error occurred (VcpuLimitExceeded) when calling the RunInstances operation: You have requested more vCPU capacity than your current vCPU limit of 128 allows for the instance bucket that the specified instance type belongs to. Please visit http://aws.amazon.com/contact-us/ec2-request to request an adjustment to this limit.[0m
[2mW 03-17 20:21:42 instance.py:243] create_instances: Attempt failed with An error occurred (VcpuLimitExceeded) when calling the RunInstances operation: You have requested more vCPU capacity than your current vCPU limit of 128 allows for the instance bucket that the specified instance type belongs to. Please visit http://aws.amazon.com/contact-us/ec2-request to request an adjustment to this limit.[0m
[2mW 03-17 20:21:43 instance.py:243] create_instances: Attempt failed with An error occurred (VcpuLimitExceeded) when calling the RunInstances operation: You have requested more vCPU capacity than your current vCPU limit of 128 allows for the instance bucket that the specified instance type belongs to. Please visit http://aws.amazon.com/contact-us/ec2-request to request an adjustment to this limit.[0m
W 03-17 20:21:44 cloud_vm_ray_backend.py:2061] sky.exceptions.ResourcesUnavailableError: Failed to acquire resources in all zones in us-east-2 for {AWS(cpus=4, {'L4': 1})}. 
W 03-17 20:21:44 cloud_vm_ray_backend.py:2097] 
W 03-17 20:21:44 cloud_vm_ray_backend.py:2097] [0m[33m↺[0m Trying other potential resources.
<sky-payload>"<rich_update>[bold cyan]Looking for resources[/]  \u001b[2mView logs: sky api logs -l sky-2025-03-17-20-21-16-920192/provision.log\u001b[0m</rich_update>"</sky-payload>
<sky-payload>"<rich_update>[bold cyan]Optimizing[/]</rich_update>"</sky-payload>
<sky-payload>"<rich_start>[bold cyan]Launching[/]</rich_start>"</sky-payload>
I 03-17 20:21:44 optimizer.py:736] [1mTarget:[0m minimizing cost
I 03-17 20:21:44 optimizer.py:749] [1mEstimated cost: [0m$0.8 / hour
I 03-17 20:21:44 optimizer.py:749] 
I 03-17 20:21:44 optimizer.py:884] Considered resources (1 node):
I 03-17 20:21:44 optimizer.py:952] ----------------------------------------------------------------------------------------
I 03-17 20:21:44 optimizer.py:952]  CLOUD   INSTANCE    vCPUs   Mem(GB)   ACCELERATORS   REGION/ZONE   COST ($)   CHOSEN   
I 03-17 20:21:44 optimizer.py:952] ----------------------------------------------------------------------------------------
I 03-17 20:21:44 optimizer.py:952]  AWS     g6.xlarge   4       16        L4:1           us-west-2     0.80       [32m   ✔[0m     
I 03-17 20:21:44 optimizer.py:952] ----------------------------------------------------------------------------------------
<sky-payload>"<rich_update>[bold cyan]Looking for resources[/]  \u001b[2mView logs: sky api logs -l sky-2025-03-17-20-21-16-920192/provision.log\u001b[0m</rich_update>"</sky-payload>
<sky-payload>"<rich_update>[bold cyan]Launching[/]  \u001b[2mView logs: sky api logs -l sky-2025-03-17-20-21-16-920192/provision.log\u001b[0m</rich_update>"</sky-payload>
I 03-17 20:21:44 cloud_vm_ray_backend.py:1520] [0m⚙︎ Launching on AWS us-west-2[0m (us-west-2a,us-west-2b,us-west-2c,us-west-2d).
[2mW 03-17 20:21:48 instance.py:243] create_instances: Attempt failed with An error occurred (VcpuLimitExceeded) when calling the RunInstances operation: You have requested more vCPU capacity than your current vCPU limit of 64 allows for the instance bucket that the specified instance type belongs to. Please visit http://aws.amazon.com/contact-us/ec2-request to request an adjustment to this limit.[0m
[2mW 03-17 20:21:56 instance.py:243] create_instances: Attempt failed with An error occurred (VcpuLimitExceeded) when calling the RunInstances operation: You have requested more vCPU capacity than your current vCPU limit of 64 allows for the instance bucket that the specified instance type belongs to. Please visit http://aws.amazon.com/contact-us/ec2-request to request an adjustment to this limit.[0m
[2mW 03-17 20:22:01 instance.py:243] create_instances: Attempt failed with An error occurred (VcpuLimitExceeded) when calling the RunInstances operation: You have requested more vCPU capacity than your current vCPU limit of 64 allows for the instance bucket that the specified instance type belongs to. Please visit http://aws.amazon.com/contact-us/ec2-request to request an adjustment to this limit.[0m
[2mW 03-17 20:22:02 instance.py:243] create_instances: Attempt failed with An error occurred (VcpuLimitExceeded) when calling the RunInstances operation: You have requested more vCPU capacity than your current vCPU limit of 64 allows for the instance bucket that the specified instance type belongs to. Please visit http://aws.amazon.com/contact-us/ec2-request to request an adjustment to this limit.[0m
W 03-17 20:22:03 cloud_vm_ray_backend.py:2061] sky.exceptions.ResourcesUnavailableError: Failed to acquire resources in all zones in us-west-2 for {AWS(cpus=4, {'L4': 1})}. 
W 03-17 20:22:03 cloud_vm_ray_backend.py:2097] 
W 03-17 20:22:03 cloud_vm_ray_backend.py:2097] [0m[33m↺[0m Trying other potential resources.
<sky-payload>"<rich_update>[bold cyan]Looking for resources[/]  \u001b[2mView logs: sky api logs -l sky-2025-03-17-20-21-16-920192/provision.log\u001b[0m</rich_update>"</sky-payload>
<sky-payload>"<rich_update>[bold cyan]Optimizing[/]</rich_update>"</sky-payload>
<sky-payload>"<rich_start>[bold cyan]Launching[/]</rich_start>"</sky-payload>
I 03-17 20:22:03 optimizer.py:736] [1mTarget:[0m minimizing cost
I 03-17 20:22:03 optimizer.py:749] [1mEstimated cost: [0m$0.9 / hour
I 03-17 20:22:03 optimizer.py:749] 
I 03-17 20:22:03 optimizer.py:884] Considered resources (1 node):
I 03-17 20:22:03 optimizer.py:952] ----------------------------------------------------------------------------------------
I 03-17 20:22:03 optimizer.py:952]  CLOUD   INSTANCE    vCPUs   Mem(GB)   ACCELERATORS   REGION/ZONE   COST ($)   CHOSEN   
I 03-17 20:22:03 optimizer.py:952] ----------------------------------------------------------------------------------------
I 03-17 20:22:03 optimizer.py:952]  AWS     g6.xlarge   4       16        L4:1           eu-north-1    0.85       [32m   ✔[0m     
I 03-17 20:22:03 optimizer.py:952] ----------------------------------------------------------------------------------------
<sky-payload>"<rich_update>[bold cyan]Looking for resources[/]  \u001b[2mView logs: sky api logs -l sky-2025-03-17-20-21-16-920192/provision.log\u001b[0m</rich_update>"</sky-payload>
<sky-payload>"<rich_update>[bold cyan]Launching[/]  \u001b[2mView logs: sky api logs -l sky-2025-03-17-20-21-16-920192/provision.log\u001b[0m</rich_update>"</sky-payload>
I 03-17 20:22:03 cloud_vm_ray_backend.py:1520] [0m⚙︎ Launching on AWS eu-north-1[0m (eu-north-1a,eu-north-1b).
[2mW 03-17 20:22:10 instance.py:243] create_instances: Attempt failed with An error occurred (VcpuLimitExceeded) when calling the RunInstances operation: You have requested more vCPU capacity than your current vCPU limit of 64 allows for the instance bucket that the specified instance type belongs to. Please visit http://aws.amazon.com/contact-us/ec2-request to request an adjustment to this limit.[0m
[2mW 03-17 20:22:12 instance.py:243] create_instances: Attempt failed with An error occurred (VcpuLimitExceeded) when calling the RunInstances operation: You have requested more vCPU capacity than your current vCPU limit of 64 allows for the instance bucket that the specified instance type belongs to. Please visit http://aws.amazon.com/contact-us/ec2-request to request an adjustment to this limit.[0m
W 03-17 20:22:13 cloud_vm_ray_backend.py:2061] sky.exceptions.ResourcesUnavailableError: Failed to acquire resources in all zones in eu-north-1 for {AWS(cpus=4, {'L4': 1})}. 
W 03-17 20:22:13 cloud_vm_ray_backend.py:2097] 
W 03-17 20:22:13 cloud_vm_ray_backend.py:2097] [0m[33m↺[0m Trying other potential resources.
<sky-payload>"<rich_update>[bold cyan]Looking for resources[/]  \u001b[2mView logs: sky api logs -l sky-2025-03-17-20-21-16-920192/provision.log\u001b[0m</rich_update>"</sky-payload>
<sky-payload>"<rich_update>[bold cyan]Optimizing[/]</rich_update>"</sky-payload>
<sky-payload>"<rich_start>[bold cyan]Launching[/]</rich_start>"</sky-payload>
I 03-17 20:22:13 optimizer.py:736] [1mTarget:[0m minimizing cost
I 03-17 20:22:13 optimizer.py:749] [1mEstimated cost: [0m$0.9 / hour
I 03-17 20:22:13 optimizer.py:749] 
I 03-17 20:22:13 optimizer.py:884] Considered resources (1 node):
I 03-17 20:22:13 optimizer.py:952] -----------------------------------------------------------------------------------------
I 03-17 20:22:13 optimizer.py:952]  CLOUD   INSTANCE    vCPUs   Mem(GB)   ACCELERATORS   REGION/ZONE    COST ($)   CHOSEN   
I 03-17 20:22:13 optimizer.py:952] -----------------------------------------------------------------------------------------
I 03-17 20:22:13 optimizer.py:952]  AWS     g6.xlarge   4       16        L4:1           ca-central-1   0.89       [32m   ✔[0m     
I 03-17 20:22:13 optimizer.py:952] -----------------------------------------------------------------------------------------
<sky-payload>"<rich_update>[bold cyan]Looking for resources[/]  \u001b[2mView logs: sky api logs -l sky-2025-03-17-20-21-16-920192/provision.log\u001b[0m</rich_update>"</sky-payload>
<sky-payload>"<rich_update>[bold cyan]Launching[/]  \u001b[2mView logs: sky api logs -l sky-2025-03-17-20-21-16-920192/provision.log\u001b[0m</rich_update>"</sky-payload>
I 03-17 20:22:14 cloud_vm_ray_backend.py:1520] [0m⚙︎ Launching on AWS ca-central-1[0m (ca-central-1a,ca-central-1b).
<sky-payload>"<rich_update>[bold cyan]Launching - Checking instance status[/]  \u001b[2mView logs: sky api logs -l sky-2025-03-17-20-21-16-920192/provision.log\u001b[0m</rich_update>"</sky-payload>
<sky-payload>"<rich_update>[bold cyan]Launching - Waiting for SSH access[/]  \u001b[2mView logs: sky api logs -l sky-2025-03-17-20-21-16-920192/provision.log\u001b[0m</rich_update>"</sky-payload>
<sky-payload>"<rich_start>[bold cyan]Launching[/]</rich_start>"</sky-payload>
I 03-17 20:22:38 provisioner.py:451] [2m└── [0m[2mInstance is up.[0m
<sky-payload>"<rich_update>[bold cyan]Preparing SkyPilot runtime (1/3 - initializing)[/]  \u001b[2mView logs: sky api logs -l sky-2025-03-17-20-21-16-920192/provision.log\u001b[0m</rich_update>"</sky-payload>
<sky-payload>"<rich_update>[bold cyan]Preparing SkyPilot runtime (2/3 - dependencies)[/]  \u001b[2mView logs: sky api logs -l sky-2025-03-17-20-21-16-920192/provision.log\u001b[0m</rich_update>"</sky-payload>
<sky-payload>"<rich_update>[bold cyan]Preparing SkyPilot runtime (3/3 - runtime)[/]  \u001b[2mView logs: sky api logs -l sky-2025-03-17-20-21-16-920192/provision.log\u001b[0m</rich_update>"</sky-payload>
<sky-payload>"<rich_update>[bold cyan]Launching - Checking instance status[/]  \u001b[2mView logs: sky api logs -l sky-2025-03-17-20-21-16-920192/provision.log\u001b[0m</rich_update>"</sky-payload>
I 03-17 20:23:01 provisioner.py:632] [0m[32m✓ Cluster launched: compute-text-vectors-111.[0m  [2mView logs: sky api logs -l sky-2025-03-17-20-21-16-920192/provision.log[0m
<sky-payload>"<rich_exit></rich_exit>"</sky-payload>
I 03-17 20:23:01 execution.py:332] [0m⚙︎ Syncing files.
<sky-payload>"<rich_init>[bold cyan]Syncing files[/]</rich_init>"</sky-payload>
<sky-payload>"<rich_update>[bold cyan]Syncing files[/]</rich_update>"</sky-payload>
<sky-payload>"<rich_start>[bold cyan]Syncing files[/]</rich_start>"</sky-payload>
<sky-payload>"<rich_update>[bold cyan]Syncing file mounts[/]  \u001b[2mView logs: sky api logs -l sky-2025-03-17-20-21-16-920192/file_mounts.log\u001b[0m</rich_update>"</sky-payload>
I 03-17 20:23:01 backend_utils.py:1315]   [2mSyncing (to 1 node): s3://skypilot-filemounts-root-726f1974-auxl7m2n/job-auxl7m2n/workdir -> ~/sky_workdir[0m
I 03-17 20:23:03 cloud_vm_ray_backend.py:4801] [0m[32m✓ Synced file_mounts.[0m  [2mView logs: sky api logs -l sky-2025-03-17-20-21-16-920192/file_mounts.log[0m
<sky-payload>"<rich_update>[bold cyan]Mounting 1 storage[/]  \u001b[2mView logs: sky api logs -l sky-2025-03-17-20-21-16-920192/storage_mounts.log\u001b[0m</rich_update>"</sky-payload>
I 03-17 20:23:03 backend_utils.py:1315]   [2mMounting (to 1 node): s3://sky-text-embeddings-multi-cluster-final -> /output[0m
I 03-17 20:23:05 cloud_vm_ray_backend.py:4892] [0m[32m✓ Storage mounted.[0m  [2mView logs: sky api logs -l sky-2025-03-17-20-21-16-920192/storage_mounts.log[0m
<sky-payload>"<rich_exit></rich_exit>"</sky-payload>
<sky-payload>"<rich_init>[bold cyan]Running setup[/]</rich_init>"</sky-payload>
<sky-payload>"<rich_update>[bold cyan]Running setup[/]</rich_update>"</sky-payload>
<sky-payload>"<rich_start>[bold cyan]Running setup[/]</rich_start>"</sky-payload>
<sky-payload>"<rich_stop></rich_stop>"</sky-payload>
I 03-17 20:23:06 cloud_vm_ray_backend.py:3357] [0m[32m✓ Setup detached.[0m
<sky-payload>"<rich_exit></rich_exit>"</sky-payload>
<sky-payload>"<rich_init>[bold cyan]Submitting job[/]</rich_init>"</sky-payload>
<sky-payload>"<rich_update>[bold cyan]Submitting job[/]</rich_update>"</sky-payload>
<sky-payload>"<rich_start>[bold cyan]Submitting job[/]</rich_start>"</sky-payload>
I 03-17 20:23:08 cloud_vm_ray_backend.py:3460] [0m⚙︎ Job submitted, ID: 1
<sky-payload>"<rich_stop></rich_stop>"</sky-payload>
<sky-payload>"<rich_exit></rich_exit>"</sky-payload>

[?25hI 03-17 20:23:08 recovery_strategy.py:289] Managed job cluster launched.
I 03-17 20:23:11 utils.py:131] === Checking the job status... ===
I 03-17 20:23:12 utils.py:137] Job status: JobStatus.SETTING_UP
I 03-17 20:23:12 utils.py:140] ==================================
I 03-17 20:23:12 state.py:471] Job started.
I 03-17 20:23:32 utils.py:131] === Checking the job status... ===
I 03-17 20:23:33 utils.py:137] Job status: JobStatus.SETTING_UP
I 03-17 20:23:33 utils.py:140] ==================================
I 03-17 20:23:53 utils.py:131] === Checking the job status... ===
I 03-17 20:23:54 utils.py:137] Job status: JobStatus.SETTING_UP
I 03-17 20:23:54 utils.py:140] ==================================
I 03-17 20:24:14 utils.py:131] === Checking the job status... ===
I 03-17 20:24:15 utils.py:137] Job status: JobStatus.SETTING_UP
I 03-17 20:24:15 utils.py:140] ==================================
I 03-17 20:24:35 utils.py:131] === Checking the job status... ===
I 03-17 20:24:36 utils.py:137] Job status: JobStatus.SETTING_UP
I 03-17 20:24:36 utils.py:140] ==================================
I 03-17 20:24:56 utils.py:131] === Checking the job status... ===
I 03-17 20:24:56 utils.py:137] Job status: JobStatus.SETTING_UP
I 03-17 20:24:56 utils.py:140] ==================================
I 03-17 20:25:16 utils.py:131] === Checking the job status... ===
I 03-17 20:25:17 utils.py:137] Job status: JobStatus.RUNNING
I 03-17 20:25:17 utils.py:140] ==================================
I 03-17 20:25:37 utils.py:131] === Checking the job status... ===
I 03-17 20:25:39 utils.py:137] Job status: JobStatus.RUNNING
I 03-17 20:25:39 utils.py:140] ==================================
I 03-17 20:25:59 utils.py:131] === Checking the job status... ===
I 03-17 20:26:00 utils.py:137] Job status: JobStatus.RUNNING
I 03-17 20:26:00 utils.py:140] ==================================
I 03-17 20:26:20 utils.py:131] === Checking the job status... ===
I 03-17 20:26:22 utils.py:137] Job status: JobStatus.RUNNING
I 03-17 20:26:22 utils.py:140] ==================================
I 03-17 20:26:42 utils.py:131] === Checking the job status... ===
I 03-17 20:26:43 utils.py:137] Job status: JobStatus.RUNNING
I 03-17 20:26:43 utils.py:140] ==================================
I 03-17 20:27:03 utils.py:131] === Checking the job status... ===
I 03-17 20:27:05 utils.py:137] Job status: JobStatus.RUNNING
I 03-17 20:27:05 utils.py:140] ==================================
I 03-17 20:27:25 utils.py:131] === Checking the job status... ===
I 03-17 20:27:26 utils.py:137] Job status: JobStatus.RUNNING
I 03-17 20:27:26 utils.py:140] ==================================
I 03-17 20:27:46 utils.py:131] === Checking the job status... ===
I 03-17 20:27:47 utils.py:137] Job status: JobStatus.RUNNING
I 03-17 20:27:47 utils.py:140] ==================================
I 03-17 20:28:07 utils.py:131] === Checking the job status... ===
I 03-17 20:28:07 utils.py:137] Job status: JobStatus.RUNNING
I 03-17 20:28:07 utils.py:140] ==================================
I 03-17 20:28:28 utils.py:131] === Checking the job status... ===
I 03-17 20:28:28 utils.py:137] Job status: JobStatus.RUNNING
I 03-17 20:28:28 utils.py:140] ==================================
I 03-17 20:28:48 utils.py:131] === Checking the job status... ===
I 03-17 20:28:52 utils.py:137] Job status: JobStatus.RUNNING
I 03-17 20:28:52 utils.py:140] ==================================
I 03-17 20:29:12 utils.py:131] === Checking the job status... ===
I 03-17 20:29:13 utils.py:137] Job status: JobStatus.RUNNING
I 03-17 20:29:13 utils.py:140] ==================================
I 03-17 20:29:33 utils.py:131] === Checking the job status... ===
I 03-17 20:29:36 utils.py:137] Job status: JobStatus.RUNNING
I 03-17 20:29:36 utils.py:140] ==================================
I 03-17 20:29:56 utils.py:131] === Checking the job status... ===
I 03-17 20:29:57 utils.py:137] Job status: JobStatus.RUNNING
I 03-17 20:29:57 utils.py:140] ==================================
I 03-17 20:30:17 utils.py:131] === Checking the job status... ===
I 03-17 20:30:18 utils.py:137] Job status: JobStatus.RUNNING
I 03-17 20:30:18 utils.py:140] ==================================
I 03-17 20:30:38 utils.py:131] === Checking the job status... ===
I 03-17 20:30:39 utils.py:137] Job status: JobStatus.RUNNING
I 03-17 20:30:39 utils.py:140] ==================================
I 03-17 20:30:59 utils.py:131] === Checking the job status... ===
I 03-17 20:30:59 utils.py:137] Job status: JobStatus.RUNNING
I 03-17 20:30:59 utils.py:140] ==================================
I 03-17 20:31:19 utils.py:131] === Checking the job status... ===
I 03-17 20:31:20 utils.py:137] Job status: JobStatus.RUNNING
I 03-17 20:31:20 utils.py:140] ==================================
I 03-17 20:31:40 utils.py:131] === Checking the job status... ===
I 03-17 20:31:41 utils.py:137] Job status: JobStatus.RUNNING
I 03-17 20:31:41 utils.py:140] ==================================
I 03-17 20:32:01 utils.py:131] === Checking the job status... ===
I 03-17 20:32:02 utils.py:137] Job status: JobStatus.RUNNING
I 03-17 20:32:02 utils.py:140] ==================================
I 03-17 20:32:22 utils.py:131] === Checking the job status... ===
I 03-17 20:32:22 utils.py:137] Job status: JobStatus.RUNNING
I 03-17 20:32:22 utils.py:140] ==================================
I 03-17 20:32:42 utils.py:131] === Checking the job status... ===
I 03-17 20:32:43 utils.py:137] Job status: JobStatus.RUNNING
I 03-17 20:32:43 utils.py:140] ==================================
I 03-17 20:33:03 utils.py:131] === Checking the job status... ===
I 03-17 20:33:04 utils.py:137] Job status: JobStatus.RUNNING
I 03-17 20:33:04 utils.py:140] ==================================
I 03-17 20:33:24 utils.py:131] === Checking the job status... ===
I 03-17 20:33:25 utils.py:137] Job status: JobStatus.RUNNING
I 03-17 20:33:25 utils.py:140] ==================================
I 03-17 20:33:45 utils.py:131] === Checking the job status... ===
I 03-17 20:33:45 utils.py:137] Job status: JobStatus.RUNNING
I 03-17 20:33:45 utils.py:140] ==================================
I 03-17 20:34:06 utils.py:131] === Checking the job status... ===
I 03-17 20:34:06 utils.py:137] Job status: JobStatus.RUNNING
I 03-17 20:34:06 utils.py:140] ==================================
I 03-17 20:34:26 utils.py:131] === Checking the job status... ===
I 03-17 20:34:27 utils.py:137] Job status: JobStatus.RUNNING
I 03-17 20:34:27 utils.py:140] ==================================
I 03-17 20:34:47 utils.py:131] === Checking the job status... ===
I 03-17 20:34:48 utils.py:137] Job status: JobStatus.RUNNING
I 03-17 20:34:48 utils.py:140] ==================================
I 03-17 20:35:08 utils.py:131] === Checking the job status... ===
I 03-17 20:35:08 utils.py:137] Job status: JobStatus.RUNNING
I 03-17 20:35:08 utils.py:140] ==================================
I 03-17 20:35:28 utils.py:131] === Checking the job status... ===
I 03-17 20:35:29 utils.py:137] Job status: JobStatus.RUNNING
I 03-17 20:35:29 utils.py:140] ==================================
I 03-17 20:35:49 utils.py:131] === Checking the job status... ===
I 03-17 20:35:50 utils.py:137] Job status: JobStatus.RUNNING
I 03-17 20:35:50 utils.py:140] ==================================
I 03-17 20:36:10 utils.py:131] === Checking the job status... ===
I 03-17 20:36:11 utils.py:137] Job status: JobStatus.RUNNING
I 03-17 20:36:11 utils.py:140] ==================================
I 03-17 20:36:31 utils.py:131] === Checking the job status... ===
I 03-17 20:36:31 utils.py:137] Job status: JobStatus.RUNNING
I 03-17 20:36:31 utils.py:140] ==================================
I 03-17 20:36:52 utils.py:131] === Checking the job status... ===
I 03-17 20:36:52 utils.py:137] Job status: JobStatus.RUNNING
I 03-17 20:36:52 utils.py:140] ==================================
I 03-17 20:37:12 utils.py:131] === Checking the job status... ===
I 03-17 20:37:13 utils.py:137] Job status: JobStatus.RUNNING
I 03-17 20:37:13 utils.py:140] ==================================
I 03-17 20:37:33 utils.py:131] === Checking the job status... ===
I 03-17 20:37:34 utils.py:137] Job status: JobStatus.RUNNING
I 03-17 20:37:34 utils.py:140] ==================================
I 03-17 20:37:54 utils.py:131] === Checking the job status... ===
I 03-17 20:37:54 utils.py:137] Job status: JobStatus.RUNNING
I 03-17 20:37:54 utils.py:140] ==================================
I 03-17 20:38:15 utils.py:131] === Checking the job status... ===
I 03-17 20:38:15 utils.py:137] Job status: JobStatus.RUNNING
I 03-17 20:38:15 utils.py:140] ==================================
I 03-17 20:38:35 utils.py:131] === Checking the job status... ===
I 03-17 20:38:36 utils.py:137] Job status: JobStatus.RUNNING
I 03-17 20:38:36 utils.py:140] ==================================
I 03-17 20:38:56 utils.py:131] === Checking the job status... ===
I 03-17 20:38:57 utils.py:137] Job status: JobStatus.RUNNING
I 03-17 20:38:57 utils.py:140] ==================================
I 03-17 20:39:17 utils.py:131] === Checking the job status... ===
I 03-17 20:39:18 utils.py:137] Job status: JobStatus.RUNNING
I 03-17 20:39:18 utils.py:140] ==================================
I 03-17 20:39:38 utils.py:131] === Checking the job status... ===
I 03-17 20:39:38 utils.py:137] Job status: JobStatus.RUNNING
I 03-17 20:39:38 utils.py:140] ==================================
I 03-17 20:39:58 utils.py:131] === Checking the job status... ===
I 03-17 20:39:59 utils.py:137] Job status: JobStatus.RUNNING
I 03-17 20:39:59 utils.py:140] ==================================
I 03-17 20:40:19 utils.py:131] === Checking the job status... ===
I 03-17 20:40:20 utils.py:137] Job status: JobStatus.RUNNING
I 03-17 20:40:20 utils.py:140] ==================================
I 03-17 20:40:40 utils.py:131] === Checking the job status... ===
I 03-17 20:40:41 utils.py:137] Job status: JobStatus.RUNNING
I 03-17 20:40:41 utils.py:140] ==================================
I 03-17 20:41:01 utils.py:131] === Checking the job status... ===
I 03-17 20:41:01 utils.py:137] Job status: JobStatus.RUNNING
I 03-17 20:41:01 utils.py:140] ==================================
I 03-17 20:41:22 utils.py:131] === Checking the job status... ===
I 03-17 20:41:22 utils.py:137] Job status: JobStatus.RUNNING
I 03-17 20:41:22 utils.py:140] ==================================
I 03-17 20:41:42 utils.py:131] === Checking the job status... ===
I 03-17 20:41:43 utils.py:137] Job status: JobStatus.RUNNING
I 03-17 20:41:43 utils.py:140] ==================================
I 03-17 20:42:03 utils.py:131] === Checking the job status... ===
I 03-17 20:42:04 utils.py:137] Job status: JobStatus.RUNNING
I 03-17 20:42:04 utils.py:140] ==================================
I 03-17 20:42:24 utils.py:131] === Checking the job status... ===
I 03-17 20:42:25 utils.py:137] Job status: JobStatus.RUNNING
I 03-17 20:42:25 utils.py:140] ==================================
I 03-17 20:42:45 utils.py:131] === Checking the job status... ===
I 03-17 20:42:45 utils.py:137] Job status: JobStatus.RUNNING
I 03-17 20:42:45 utils.py:140] ==================================
I 03-17 20:43:05 utils.py:131] === Checking the job status... ===
I 03-17 20:43:06 utils.py:137] Job status: JobStatus.RUNNING
I 03-17 20:43:06 utils.py:140] ==================================
I 03-17 20:43:26 utils.py:131] === Checking the job status... ===
I 03-17 20:43:27 utils.py:137] Job status: JobStatus.RUNNING
I 03-17 20:43:27 utils.py:140] ==================================
I 03-17 20:43:47 utils.py:131] === Checking the job status... ===
I 03-17 20:43:47 utils.py:137] Job status: JobStatus.RUNNING
I 03-17 20:43:47 utils.py:140] ==================================
I 03-17 20:44:08 utils.py:131] === Checking the job status... ===
I 03-17 20:44:08 utils.py:137] Job status: JobStatus.RUNNING
I 03-17 20:44:08 utils.py:140] ==================================
I 03-17 20:44:28 utils.py:131] === Checking the job status... ===
I 03-17 20:44:29 utils.py:137] Job status: JobStatus.RUNNING
I 03-17 20:44:29 utils.py:140] ==================================
I 03-17 20:44:49 utils.py:131] === Checking the job status... ===
I 03-17 20:44:50 utils.py:137] Job status: JobStatus.RUNNING
I 03-17 20:44:50 utils.py:140] ==================================
I 03-17 20:45:10 utils.py:131] === Checking the job status... ===
I 03-17 20:45:11 utils.py:137] Job status: JobStatus.RUNNING
I 03-17 20:45:11 utils.py:140] ==================================
I 03-17 20:45:31 utils.py:131] === Checking the job status... ===
I 03-17 20:45:31 utils.py:137] Job status: JobStatus.RUNNING
I 03-17 20:45:31 utils.py:140] ==================================
I 03-17 20:45:51 utils.py:131] === Checking the job status... ===
I 03-17 20:45:52 utils.py:137] Job status: JobStatus.RUNNING
I 03-17 20:45:52 utils.py:140] ==================================
I 03-17 20:46:12 utils.py:131] === Checking the job status... ===
I 03-17 20:46:13 utils.py:137] Job status: JobStatus.RUNNING
I 03-17 20:46:13 utils.py:140] ==================================
I 03-17 20:46:33 utils.py:131] === Checking the job status... ===
I 03-17 20:46:34 utils.py:137] Job status: JobStatus.RUNNING
I 03-17 20:46:34 utils.py:140] ==================================
I 03-17 20:46:54 utils.py:131] === Checking the job status... ===
I 03-17 20:46:54 utils.py:137] Job status: JobStatus.RUNNING
I 03-17 20:46:54 utils.py:140] ==================================
I 03-17 20:47:14 utils.py:131] === Checking the job status... ===
I 03-17 20:47:15 utils.py:137] Job status: JobStatus.RUNNING
I 03-17 20:47:15 utils.py:140] ==================================
I 03-17 20:47:35 utils.py:131] === Checking the job status... ===
I 03-17 20:47:36 utils.py:137] Job status: JobStatus.RUNNING
I 03-17 20:47:36 utils.py:140] ==================================
I 03-17 20:47:56 utils.py:131] === Checking the job status... ===
I 03-17 20:47:57 utils.py:137] Job status: JobStatus.RUNNING
I 03-17 20:47:57 utils.py:140] ==================================
I 03-17 20:48:17 utils.py:131] === Checking the job status... ===
I 03-17 20:48:17 utils.py:137] Job status: JobStatus.RUNNING
I 03-17 20:48:17 utils.py:140] ==================================
I 03-17 20:48:37 utils.py:131] === Checking the job status... ===
I 03-17 20:48:38 utils.py:137] Job status: JobStatus.RUNNING
I 03-17 20:48:38 utils.py:140] ==================================
I 03-17 20:48:58 utils.py:131] === Checking the job status... ===
I 03-17 20:48:59 utils.py:137] Job status: JobStatus.RUNNING
I 03-17 20:48:59 utils.py:140] ==================================
I 03-17 20:49:19 utils.py:131] === Checking the job status... ===
I 03-17 20:49:19 utils.py:137] Job status: JobStatus.RUNNING
I 03-17 20:49:19 utils.py:140] ==================================
I 03-17 20:49:39 utils.py:131] === Checking the job status... ===
I 03-17 20:49:40 utils.py:137] Job status: JobStatus.RUNNING
I 03-17 20:49:40 utils.py:140] ==================================
I 03-17 20:50:00 utils.py:131] === Checking the job status... ===
I 03-17 20:50:01 utils.py:137] Job status: JobStatus.RUNNING
I 03-17 20:50:01 utils.py:140] ==================================
I 03-17 20:50:21 utils.py:131] === Checking the job status... ===
I 03-17 20:50:22 utils.py:137] Job status: JobStatus.RUNNING
I 03-17 20:50:22 utils.py:140] ==================================
I 03-17 20:50:42 utils.py:131] === Checking the job status... ===
I 03-17 20:50:42 utils.py:137] Job status: JobStatus.RUNNING
I 03-17 20:50:42 utils.py:140] ==================================
I 03-17 20:51:02 utils.py:131] === Checking the job status... ===
I 03-17 20:51:03 utils.py:137] Job status: JobStatus.RUNNING
I 03-17 20:51:03 utils.py:140] ==================================
I 03-17 20:51:23 utils.py:131] === Checking the job status... ===
I 03-17 20:51:24 utils.py:137] Job status: JobStatus.RUNNING
I 03-17 20:51:24 utils.py:140] ==================================
I 03-17 20:51:44 utils.py:131] === Checking the job status... ===
I 03-17 20:51:45 utils.py:137] Job status: JobStatus.RUNNING
I 03-17 20:51:45 utils.py:140] ==================================
I 03-17 20:52:05 utils.py:131] === Checking the job status... ===
I 03-17 20:52:05 utils.py:137] Job status: JobStatus.RUNNING
I 03-17 20:52:05 utils.py:140] ==================================
I 03-17 20:52:25 utils.py:131] === Checking the job status... ===
I 03-17 20:52:26 utils.py:137] Job status: JobStatus.RUNNING
I 03-17 20:52:26 utils.py:140] ==================================
I 03-17 20:52:46 utils.py:131] === Checking the job status... ===
I 03-17 20:52:47 utils.py:137] Job status: JobStatus.RUNNING
I 03-17 20:52:47 utils.py:140] ==================================
I 03-17 20:53:07 utils.py:131] === Checking the job status... ===
I 03-17 20:53:08 utils.py:137] Job status: JobStatus.RUNNING
I 03-17 20:53:08 utils.py:140] ==================================
I 03-17 20:53:28 utils.py:131] === Checking the job status... ===
I 03-17 20:53:28 utils.py:137] Job status: JobStatus.RUNNING
I 03-17 20:53:28 utils.py:140] ==================================
I 03-17 20:53:48 utils.py:131] === Checking the job status... ===
