I 03-17 20:18:57 controller.py:59] DAG:
I 03-17 20:18:57 controller.py:59] [Task<name=compute-text-vectors>(run='# Initialize and dow...')
I 03-17 20:18:57 controller.py:59]   resources: AWS(cpus=4, {'L4': 1})]
I 03-17 20:18:57 controller.py:195] Submitted managed job 12 (task: 0, name: 'compute-text-vectors'); SKYPILOT_TASK_ID: sky-managed-2025-03-17-20-18-57-274604_compute-text-vectors_12-0
I 03-17 20:18:57 controller.py:199] Started monitoring.
I 03-17 20:18:57 state.py:451] Launching the spot cluster...
I 03-17 20:18:57 storage.py:1058] Storage type StoreType.S3 already exists.
<sky-payload>"<rich_init>[bold cyan]Optimizing[/]</rich_init>"</sky-payload>
<sky-payload>"<rich_update>[bold cyan]Optimizing[/]</rich_update>"</sky-payload>
<sky-payload>"<rich_start>[bold cyan]Optimizing[/]</rich_start>"</sky-payload>
I 03-17 20:18:58 optimizer.py:736] [1mTarget:[0m minimizing cost
I 03-17 20:18:58 optimizer.py:749] [1mEstimated cost: [0m$0.8 / hour
I 03-17 20:18:58 optimizer.py:749] 
I 03-17 20:18:58 optimizer.py:884] Considered resources (1 node):
I 03-17 20:18:58 optimizer.py:952] ----------------------------------------------------------------------------------------
I 03-17 20:18:58 optimizer.py:952]  CLOUD   INSTANCE    vCPUs   Mem(GB)   ACCELERATORS   REGION/ZONE   COST ($)   CHOSEN   
I 03-17 20:18:58 optimizer.py:952] ----------------------------------------------------------------------------------------
I 03-17 20:18:58 optimizer.py:952]  AWS     g6.xlarge   4       16        L4:1           us-east-1     0.80       [32m   ✔[0m     
I 03-17 20:18:58 optimizer.py:952] ----------------------------------------------------------------------------------------
<sky-payload>"<rich_exit></rich_exit>"</sky-payload>
<sky-payload>"<rich_init>[bold cyan]Launching[/]</rich_init>"</sky-payload>
<sky-payload>"<rich_update>[bold cyan]Launching[/]</rich_update>"</sky-payload>
<sky-payload>"<rich_start>[bold cyan]Launching[/]</rich_start>"</sky-payload>
<sky-payload>"<rich_update>[bold cyan]Launching[/]  \u001b[2mView logs: sky api logs -l sky-2025-03-17-20-18-57-898329/provision.log\u001b[0m</rich_update>"</sky-payload>
<sky-payload>"<rich_update>[bold cyan]Launching[/]  \u001b[2mView logs: sky api logs -l sky-2025-03-17-20-18-57-898329/provision.log\u001b[0m</rich_update>"</sky-payload>
I 03-17 20:18:58 cloud_vm_ray_backend.py:1520] [0m⚙︎ Launching on AWS us-east-1[0m (us-east-1a,us-east-1b,us-east-1c,us-east-1d).
W 03-17 20:19:00 cloud_vm_ray_backend.py:2061] sky.exceptions.ResourcesUnavailableError: Failed to acquire resources in all zones in us-east-1 for {AWS(cpus=4, {'L4': 1})}. 
W 03-17 20:19:00 cloud_vm_ray_backend.py:2097] 
W 03-17 20:19:00 cloud_vm_ray_backend.py:2097] [0m[33m↺[0m Trying other potential resources.
<sky-payload>"<rich_update>[bold cyan]Looking for resources[/]  \u001b[2mView logs: sky api logs -l sky-2025-03-17-20-18-57-898329/provision.log\u001b[0m</rich_update>"</sky-payload>
<sky-payload>"<rich_update>[bold cyan]Optimizing[/]</rich_update>"</sky-payload>
<sky-payload>"<rich_start>[bold cyan]Launching[/]</rich_start>"</sky-payload>
I 03-17 20:19:01 optimizer.py:736] [1mTarget:[0m minimizing cost
I 03-17 20:19:01 optimizer.py:749] [1mEstimated cost: [0m$0.8 / hour
I 03-17 20:19:01 optimizer.py:749] 
I 03-17 20:19:01 optimizer.py:884] Considered resources (1 node):
I 03-17 20:19:01 optimizer.py:952] ----------------------------------------------------------------------------------------
I 03-17 20:19:01 optimizer.py:952]  CLOUD   INSTANCE    vCPUs   Mem(GB)   ACCELERATORS   REGION/ZONE   COST ($)   CHOSEN   
I 03-17 20:19:01 optimizer.py:952] ----------------------------------------------------------------------------------------
I 03-17 20:19:01 optimizer.py:952]  AWS     g6.xlarge   4       16        L4:1           us-east-2     0.80       [32m   ✔[0m     
I 03-17 20:19:01 optimizer.py:952] ----------------------------------------------------------------------------------------
<sky-payload>"<rich_update>[bold cyan]Looking for resources[/]  \u001b[2mView logs: sky api logs -l sky-2025-03-17-20-18-57-898329/provision.log\u001b[0m</rich_update>"</sky-payload>
<sky-payload>"<rich_update>[bold cyan]Launching[/]  \u001b[2mView logs: sky api logs -l sky-2025-03-17-20-18-57-898329/provision.log\u001b[0m</rich_update>"</sky-payload>
I 03-17 20:19:01 cloud_vm_ray_backend.py:1520] [0m⚙︎ Launching on AWS us-east-2[0m (us-east-2a,us-east-2b,us-east-2c).
[2mW 03-17 20:19:03 config.py:590] sky-sg-ubuntu-52db already exists when creating.[0m
W 03-17 20:19:05 cloud_vm_ray_backend.py:2061] sky.exceptions.ResourcesUnavailableError: Failed to acquire resources in all zones in us-east-2 for {AWS(cpus=4, {'L4': 1})}. 
W 03-17 20:19:05 cloud_vm_ray_backend.py:2097] 
W 03-17 20:19:05 cloud_vm_ray_backend.py:2097] [0m[33m↺[0m Trying other potential resources.
<sky-payload>"<rich_update>[bold cyan]Looking for resources[/]  \u001b[2mView logs: sky api logs -l sky-2025-03-17-20-18-57-898329/provision.log\u001b[0m</rich_update>"</sky-payload>
<sky-payload>"<rich_update>[bold cyan]Optimizing[/]</rich_update>"</sky-payload>
<sky-payload>"<rich_start>[bold cyan]Launching[/]</rich_start>"</sky-payload>
I 03-17 20:19:05 optimizer.py:736] [1mTarget:[0m minimizing cost
I 03-17 20:19:05 optimizer.py:749] [1mEstimated cost: [0m$0.8 / hour
I 03-17 20:19:05 optimizer.py:749] 
I 03-17 20:19:05 optimizer.py:884] Considered resources (1 node):
I 03-17 20:19:05 optimizer.py:952] ----------------------------------------------------------------------------------------
I 03-17 20:19:05 optimizer.py:952]  CLOUD   INSTANCE    vCPUs   Mem(GB)   ACCELERATORS   REGION/ZONE   COST ($)   CHOSEN   
I 03-17 20:19:05 optimizer.py:952] ----------------------------------------------------------------------------------------
I 03-17 20:19:05 optimizer.py:952]  AWS     g6.xlarge   4       16        L4:1           us-west-2     0.80       [32m   ✔[0m     
I 03-17 20:19:05 optimizer.py:952] ----------------------------------------------------------------------------------------
<sky-payload>"<rich_update>[bold cyan]Looking for resources[/]  \u001b[2mView logs: sky api logs -l sky-2025-03-17-20-18-57-898329/provision.log\u001b[0m</rich_update>"</sky-payload>
<sky-payload>"<rich_update>[bold cyan]Launching[/]  \u001b[2mView logs: sky api logs -l sky-2025-03-17-20-18-57-898329/provision.log\u001b[0m</rich_update>"</sky-payload>
I 03-17 20:19:05 cloud_vm_ray_backend.py:1520] [0m⚙︎ Launching on AWS us-west-2[0m (us-west-2a,us-west-2b,us-west-2c,us-west-2d).
[2mW 03-17 20:19:08 config.py:590] sky-sg-ubuntu-52db already exists when creating.[0m
W 03-17 20:19:10 cloud_vm_ray_backend.py:2061] sky.exceptions.ResourcesUnavailableError: Failed to acquire resources in all zones in us-west-2 for {AWS(cpus=4, {'L4': 1})}. 
W 03-17 20:19:10 cloud_vm_ray_backend.py:2097] 
W 03-17 20:19:10 cloud_vm_ray_backend.py:2097] [0m[33m↺[0m Trying other potential resources.
<sky-payload>"<rich_update>[bold cyan]Looking for resources[/]  \u001b[2mView logs: sky api logs -l sky-2025-03-17-20-18-57-898329/provision.log\u001b[0m</rich_update>"</sky-payload>
<sky-payload>"<rich_update>[bold cyan]Optimizing[/]</rich_update>"</sky-payload>
<sky-payload>"<rich_start>[bold cyan]Launching[/]</rich_start>"</sky-payload>
I 03-17 20:19:10 optimizer.py:736] [1mTarget:[0m minimizing cost
I 03-17 20:19:10 optimizer.py:749] [1mEstimated cost: [0m$0.9 / hour
I 03-17 20:19:10 optimizer.py:749] 
I 03-17 20:19:10 optimizer.py:884] Considered resources (1 node):
I 03-17 20:19:10 optimizer.py:952] ----------------------------------------------------------------------------------------
I 03-17 20:19:10 optimizer.py:952]  CLOUD   INSTANCE    vCPUs   Mem(GB)   ACCELERATORS   REGION/ZONE   COST ($)   CHOSEN   
I 03-17 20:19:10 optimizer.py:952] ----------------------------------------------------------------------------------------
I 03-17 20:19:10 optimizer.py:952]  AWS     g6.xlarge   4       16        L4:1           eu-north-1    0.85       [32m   ✔[0m     
I 03-17 20:19:10 optimizer.py:952] ----------------------------------------------------------------------------------------
<sky-payload>"<rich_update>[bold cyan]Looking for resources[/]  \u001b[2mView logs: sky api logs -l sky-2025-03-17-20-18-57-898329/provision.log\u001b[0m</rich_update>"</sky-payload>
<sky-payload>"<rich_update>[bold cyan]Launching[/]  \u001b[2mView logs: sky api logs -l sky-2025-03-17-20-18-57-898329/provision.log\u001b[0m</rich_update>"</sky-payload>
I 03-17 20:19:10 cloud_vm_ray_backend.py:1520] [0m⚙︎ Launching on AWS eu-north-1[0m (eu-north-1a,eu-north-1b).
<sky-payload>"<rich_update>[bold cyan]Launching - Checking instance status[/]  \u001b[2mView logs: sky api logs -l sky-2025-03-17-20-18-57-898329/provision.log\u001b[0m</rich_update>"</sky-payload>
<sky-payload>"<rich_update>[bold cyan]Launching - Waiting for SSH access[/]  \u001b[2mView logs: sky api logs -l sky-2025-03-17-20-18-57-898329/provision.log\u001b[0m</rich_update>"</sky-payload>
<sky-payload>"<rich_start>[bold cyan]Launching[/]</rich_start>"</sky-payload>
I 03-17 20:19:41 provisioner.py:451] [2m└── [0m[2mInstance is up.[0m
<sky-payload>"<rich_update>[bold cyan]Preparing SkyPilot runtime (1/3 - initializing)[/]  \u001b[2mView logs: sky api logs -l sky-2025-03-17-20-18-57-898329/provision.log\u001b[0m</rich_update>"</sky-payload>
<sky-payload>"<rich_update>[bold cyan]Preparing SkyPilot runtime (2/3 - dependencies)[/]  \u001b[2mView logs: sky api logs -l sky-2025-03-17-20-18-57-898329/provision.log\u001b[0m</rich_update>"</sky-payload>
<sky-payload>"<rich_update>[bold cyan]Preparing SkyPilot runtime (3/3 - runtime)[/]  \u001b[2mView logs: sky api logs -l sky-2025-03-17-20-18-57-898329/provision.log\u001b[0m</rich_update>"</sky-payload>
<sky-payload>"<rich_update>[bold cyan]Launching - Checking instance status[/]  \u001b[2mView logs: sky api logs -l sky-2025-03-17-20-18-57-898329/provision.log\u001b[0m</rich_update>"</sky-payload>
I 03-17 20:20:19 provisioner.py:632] [0m[32m✓ Cluster launched: compute-text-vectors-12.[0m  [2mView logs: sky api logs -l sky-2025-03-17-20-18-57-898329/provision.log[0m
<sky-payload>"<rich_exit></rich_exit>"</sky-payload>
I 03-17 20:20:19 execution.py:332] [0m⚙︎ Syncing files.
<sky-payload>"<rich_init>[bold cyan]Syncing files[/]</rich_init>"</sky-payload>
<sky-payload>"<rich_update>[bold cyan]Syncing files[/]</rich_update>"</sky-payload>
<sky-payload>"<rich_start>[bold cyan]Syncing files[/]</rich_start>"</sky-payload>
<sky-payload>"<rich_update>[bold cyan]Syncing file mounts[/]  \u001b[2mView logs: sky api logs -l sky-2025-03-17-20-18-57-898329/file_mounts.log\u001b[0m</rich_update>"</sky-payload>
I 03-17 20:20:19 backend_utils.py:1315]   [2mSyncing (to 1 node): s3://skypilot-filemounts-root-726f1974-42plw4qu/job-42plw4qu/workdir -> ~/sky_workdir[0m
I 03-17 20:20:24 cloud_vm_ray_backend.py:4801] [0m[32m✓ Synced file_mounts.[0m  [2mView logs: sky api logs -l sky-2025-03-17-20-18-57-898329/file_mounts.log[0m
<sky-payload>"<rich_update>[bold cyan]Mounting 1 storage[/]  \u001b[2mView logs: sky api logs -l sky-2025-03-17-20-18-57-898329/storage_mounts.log\u001b[0m</rich_update>"</sky-payload>
I 03-17 20:20:24 backend_utils.py:1315]   [2mMounting (to 1 node): s3://sky-text-embeddings-multi-cluster-final -> /output[0m
I 03-17 20:20:28 cloud_vm_ray_backend.py:4892] [0m[32m✓ Storage mounted.[0m  [2mView logs: sky api logs -l sky-2025-03-17-20-18-57-898329/storage_mounts.log[0m
<sky-payload>"<rich_exit></rich_exit>"</sky-payload>
<sky-payload>"<rich_init>[bold cyan]Running setup[/]</rich_init>"</sky-payload>
<sky-payload>"<rich_update>[bold cyan]Running setup[/]</rich_update>"</sky-payload>
<sky-payload>"<rich_start>[bold cyan]Running setup[/]</rich_start>"</sky-payload>
<sky-payload>"<rich_stop></rich_stop>"</sky-payload>
I 03-17 20:20:30 cloud_vm_ray_backend.py:3357] [0m[32m✓ Setup detached.[0m
<sky-payload>"<rich_exit></rich_exit>"</sky-payload>
<sky-payload>"<rich_init>[bold cyan]Submitting job[/]</rich_init>"</sky-payload>
<sky-payload>"<rich_update>[bold cyan]Submitting job[/]</rich_update>"</sky-payload>
<sky-payload>"<rich_start>[bold cyan]Submitting job[/]</rich_start>"</sky-payload>
I 03-17 20:20:32 cloud_vm_ray_backend.py:3460] [0m⚙︎ Job submitted, ID: 1
<sky-payload>"<rich_stop></rich_stop>"</sky-payload>
<sky-payload>"<rich_exit></rich_exit>"</sky-payload>

[?25hI 03-17 20:20:32 recovery_strategy.py:289] Managed job cluster launched.
I 03-17 20:20:36 utils.py:131] === Checking the job status... ===
I 03-17 20:20:37 utils.py:137] Job status: JobStatus.SETTING_UP
I 03-17 20:20:37 utils.py:140] ==================================
I 03-17 20:20:38 state.py:471] Job started.
I 03-17 20:20:58 utils.py:131] === Checking the job status... ===
I 03-17 20:20:59 utils.py:137] Job status: JobStatus.SETTING_UP
I 03-17 20:20:59 utils.py:140] ==================================
I 03-17 20:21:19 utils.py:131] === Checking the job status... ===
I 03-17 20:21:20 utils.py:137] Job status: JobStatus.SETTING_UP
I 03-17 20:21:20 utils.py:140] ==================================
I 03-17 20:21:40 utils.py:131] === Checking the job status... ===
I 03-17 20:21:41 utils.py:137] Job status: JobStatus.SETTING_UP
I 03-17 20:21:41 utils.py:140] ==================================
I 03-17 20:22:01 utils.py:131] === Checking the job status... ===
I 03-17 20:22:02 utils.py:137] Job status: JobStatus.SETTING_UP
I 03-17 20:22:02 utils.py:140] ==================================
I 03-17 20:22:22 utils.py:131] === Checking the job status... ===
I 03-17 20:22:23 utils.py:137] Job status: JobStatus.SETTING_UP
I 03-17 20:22:23 utils.py:140] ==================================
I 03-17 20:22:43 utils.py:131] === Checking the job status... ===
I 03-17 20:22:44 utils.py:137] Job status: JobStatus.SETTING_UP
I 03-17 20:22:44 utils.py:140] ==================================
I 03-17 20:23:04 utils.py:131] === Checking the job status... ===
I 03-17 20:23:05 utils.py:137] Job status: JobStatus.RUNNING
I 03-17 20:23:05 utils.py:140] ==================================
I 03-17 20:23:25 utils.py:131] === Checking the job status... ===
I 03-17 20:23:26 utils.py:137] Job status: JobStatus.RUNNING
I 03-17 20:23:26 utils.py:140] ==================================
I 03-17 20:23:46 utils.py:131] === Checking the job status... ===
I 03-17 20:23:47 utils.py:137] Job status: JobStatus.RUNNING
I 03-17 20:23:47 utils.py:140] ==================================
I 03-17 20:24:07 utils.py:131] === Checking the job status... ===
I 03-17 20:24:08 utils.py:137] Job status: JobStatus.RUNNING
I 03-17 20:24:08 utils.py:140] ==================================
I 03-17 20:24:28 utils.py:131] === Checking the job status... ===
I 03-17 20:24:29 utils.py:137] Job status: JobStatus.RUNNING
I 03-17 20:24:29 utils.py:140] ==================================
I 03-17 20:24:49 utils.py:131] === Checking the job status... ===
I 03-17 20:24:50 utils.py:137] Job status: JobStatus.RUNNING
I 03-17 20:24:50 utils.py:140] ==================================
I 03-17 20:25:11 utils.py:131] === Checking the job status... ===
I 03-17 20:25:11 utils.py:137] Job status: JobStatus.RUNNING
I 03-17 20:25:11 utils.py:140] ==================================
I 03-17 20:25:32 utils.py:131] === Checking the job status... ===
I 03-17 20:25:32 utils.py:137] Job status: JobStatus.RUNNING
I 03-17 20:25:32 utils.py:140] ==================================
I 03-17 20:25:53 utils.py:131] === Checking the job status... ===
I 03-17 20:25:53 utils.py:137] Job status: JobStatus.RUNNING
I 03-17 20:25:53 utils.py:140] ==================================
I 03-17 20:26:14 utils.py:131] === Checking the job status... ===
I 03-17 20:26:14 utils.py:137] Job status: JobStatus.RUNNING
I 03-17 20:26:14 utils.py:140] ==================================
I 03-17 20:26:35 utils.py:131] === Checking the job status... ===
I 03-17 20:26:37 utils.py:137] Job status: JobStatus.RUNNING
I 03-17 20:26:37 utils.py:140] ==================================
I 03-17 20:26:57 utils.py:131] === Checking the job status... ===
I 03-17 20:27:00 utils.py:137] Job status: JobStatus.RUNNING
I 03-17 20:27:00 utils.py:140] ==================================
I 03-17 20:27:20 utils.py:131] === Checking the job status... ===
I 03-17 20:27:22 utils.py:137] Job status: JobStatus.RUNNING
I 03-17 20:27:22 utils.py:140] ==================================
I 03-17 20:27:42 utils.py:131] === Checking the job status... ===
I 03-17 20:27:43 utils.py:137] Job status: JobStatus.RUNNING
I 03-17 20:27:43 utils.py:140] ==================================
I 03-17 20:28:03 utils.py:131] === Checking the job status... ===
I 03-17 20:28:04 utils.py:137] Job status: JobStatus.RUNNING
I 03-17 20:28:04 utils.py:140] ==================================
I 03-17 20:28:24 utils.py:131] === Checking the job status... ===
I 03-17 20:28:25 utils.py:137] Job status: JobStatus.RUNNING
I 03-17 20:28:25 utils.py:140] ==================================
I 03-17 20:28:45 utils.py:131] === Checking the job status... ===
I 03-17 20:28:46 utils.py:137] Job status: JobStatus.RUNNING
I 03-17 20:28:46 utils.py:140] ==================================
I 03-17 20:29:06 utils.py:131] === Checking the job status... ===
I 03-17 20:29:07 utils.py:137] Job status: JobStatus.RUNNING
I 03-17 20:29:07 utils.py:140] ==================================
I 03-17 20:29:27 utils.py:131] === Checking the job status... ===
I 03-17 20:29:28 utils.py:137] Job status: JobStatus.RUNNING
I 03-17 20:29:28 utils.py:140] ==================================
I 03-17 20:29:48 utils.py:131] === Checking the job status... ===
I 03-17 20:29:49 utils.py:137] Job status: JobStatus.RUNNING
I 03-17 20:29:49 utils.py:140] ==================================
I 03-17 20:30:09 utils.py:131] === Checking the job status... ===
I 03-17 20:30:10 utils.py:137] Job status: JobStatus.RUNNING
I 03-17 20:30:10 utils.py:140] ==================================
I 03-17 20:30:30 utils.py:131] === Checking the job status... ===
I 03-17 20:30:31 utils.py:137] Job status: JobStatus.RUNNING
I 03-17 20:30:31 utils.py:140] ==================================
I 03-17 20:30:51 utils.py:131] === Checking the job status... ===
I 03-17 20:30:52 utils.py:137] Job status: JobStatus.RUNNING
I 03-17 20:30:52 utils.py:140] ==================================
I 03-17 20:31:12 utils.py:131] === Checking the job status... ===
I 03-17 20:31:13 utils.py:137] Job status: JobStatus.RUNNING
I 03-17 20:31:13 utils.py:140] ==================================
I 03-17 20:31:33 utils.py:131] === Checking the job status... ===
I 03-17 20:31:34 utils.py:137] Job status: JobStatus.RUNNING
I 03-17 20:31:34 utils.py:140] ==================================
I 03-17 20:31:54 utils.py:131] === Checking the job status... ===
I 03-17 20:31:55 utils.py:137] Job status: JobStatus.RUNNING
I 03-17 20:31:55 utils.py:140] ==================================
I 03-17 20:32:15 utils.py:131] === Checking the job status... ===
I 03-17 20:32:16 utils.py:137] Job status: JobStatus.RUNNING
I 03-17 20:32:16 utils.py:140] ==================================
I 03-17 20:32:36 utils.py:131] === Checking the job status... ===
I 03-17 20:32:37 utils.py:137] Job status: JobStatus.RUNNING
I 03-17 20:32:37 utils.py:140] ==================================
I 03-17 20:32:57 utils.py:131] === Checking the job status... ===
I 03-17 20:32:58 utils.py:137] Job status: JobStatus.RUNNING
I 03-17 20:32:58 utils.py:140] ==================================
I 03-17 20:33:18 utils.py:131] === Checking the job status... ===
I 03-17 20:33:19 utils.py:137] Job status: JobStatus.RUNNING
I 03-17 20:33:19 utils.py:140] ==================================
I 03-17 20:33:39 utils.py:131] === Checking the job status... ===
I 03-17 20:33:40 utils.py:137] Job status: JobStatus.RUNNING
I 03-17 20:33:40 utils.py:140] ==================================
I 03-17 20:34:00 utils.py:131] === Checking the job status... ===
I 03-17 20:34:01 utils.py:137] Job status: JobStatus.RUNNING
I 03-17 20:34:01 utils.py:140] ==================================
I 03-17 20:34:21 utils.py:131] === Checking the job status... ===
I 03-17 20:34:22 utils.py:137] Job status: JobStatus.RUNNING
I 03-17 20:34:22 utils.py:140] ==================================
I 03-17 20:34:42 utils.py:131] === Checking the job status... ===
I 03-17 20:34:43 utils.py:137] Job status: JobStatus.RUNNING
I 03-17 20:34:43 utils.py:140] ==================================
I 03-17 20:35:03 utils.py:131] === Checking the job status... ===
I 03-17 20:35:04 utils.py:137] Job status: JobStatus.RUNNING
I 03-17 20:35:04 utils.py:140] ==================================
I 03-17 20:35:24 utils.py:131] === Checking the job status... ===
I 03-17 20:35:24 utils.py:137] Job status: JobStatus.RUNNING
I 03-17 20:35:24 utils.py:140] ==================================
I 03-17 20:35:45 utils.py:131] === Checking the job status... ===
I 03-17 20:35:45 utils.py:137] Job status: JobStatus.RUNNING
I 03-17 20:35:45 utils.py:140] ==================================
I 03-17 20:36:05 utils.py:131] === Checking the job status... ===
I 03-17 20:36:06 utils.py:137] Job status: JobStatus.RUNNING
I 03-17 20:36:06 utils.py:140] ==================================
I 03-17 20:36:26 utils.py:131] === Checking the job status... ===
I 03-17 20:36:27 utils.py:137] Job status: JobStatus.RUNNING
I 03-17 20:36:27 utils.py:140] ==================================
I 03-17 20:36:47 utils.py:131] === Checking the job status... ===
I 03-17 20:36:48 utils.py:137] Job status: JobStatus.RUNNING
I 03-17 20:36:48 utils.py:140] ==================================
I 03-17 20:37:08 utils.py:131] === Checking the job status... ===
I 03-17 20:37:09 utils.py:137] Job status: JobStatus.RUNNING
I 03-17 20:37:09 utils.py:140] ==================================
I 03-17 20:37:29 utils.py:131] === Checking the job status... ===
I 03-17 20:37:30 utils.py:137] Job status: JobStatus.RUNNING
I 03-17 20:37:30 utils.py:140] ==================================
I 03-17 20:37:50 utils.py:131] === Checking the job status... ===
I 03-17 20:37:51 utils.py:137] Job status: JobStatus.RUNNING
I 03-17 20:37:51 utils.py:140] ==================================
I 03-17 20:38:11 utils.py:131] === Checking the job status... ===
I 03-17 20:38:12 utils.py:137] Job status: JobStatus.RUNNING
I 03-17 20:38:12 utils.py:140] ==================================
I 03-17 20:38:32 utils.py:131] === Checking the job status... ===
I 03-17 20:38:33 utils.py:137] Job status: JobStatus.RUNNING
I 03-17 20:38:33 utils.py:140] ==================================
I 03-17 20:38:53 utils.py:131] === Checking the job status... ===
I 03-17 20:38:54 utils.py:137] Job status: JobStatus.RUNNING
I 03-17 20:38:54 utils.py:140] ==================================
I 03-17 20:39:14 utils.py:131] === Checking the job status... ===
I 03-17 20:39:15 utils.py:137] Job status: JobStatus.RUNNING
I 03-17 20:39:15 utils.py:140] ==================================
I 03-17 20:39:35 utils.py:131] === Checking the job status... ===
I 03-17 20:39:36 utils.py:137] Job status: JobStatus.RUNNING
I 03-17 20:39:36 utils.py:140] ==================================
I 03-17 20:39:56 utils.py:131] === Checking the job status... ===
I 03-17 20:39:57 utils.py:137] Job status: JobStatus.RUNNING
I 03-17 20:39:57 utils.py:140] ==================================
I 03-17 20:40:17 utils.py:131] === Checking the job status... ===
I 03-17 20:40:18 utils.py:137] Job status: JobStatus.RUNNING
I 03-17 20:40:18 utils.py:140] ==================================
I 03-17 20:40:38 utils.py:131] === Checking the job status... ===
I 03-17 20:40:39 utils.py:137] Job status: JobStatus.RUNNING
I 03-17 20:40:39 utils.py:140] ==================================
I 03-17 20:40:59 utils.py:131] === Checking the job status... ===
I 03-17 20:41:00 utils.py:137] Job status: JobStatus.RUNNING
I 03-17 20:41:00 utils.py:140] ==================================
I 03-17 20:41:20 utils.py:131] === Checking the job status... ===
I 03-17 20:41:21 utils.py:137] Job status: JobStatus.RUNNING
I 03-17 20:41:21 utils.py:140] ==================================
I 03-17 20:41:41 utils.py:131] === Checking the job status... ===
I 03-17 20:41:42 utils.py:137] Job status: JobStatus.RUNNING
I 03-17 20:41:42 utils.py:140] ==================================
I 03-17 20:42:02 utils.py:131] === Checking the job status... ===
I 03-17 20:42:02 utils.py:137] Job status: JobStatus.RUNNING
I 03-17 20:42:02 utils.py:140] ==================================
I 03-17 20:42:23 utils.py:131] === Checking the job status... ===
I 03-17 20:42:23 utils.py:137] Job status: JobStatus.RUNNING
I 03-17 20:42:23 utils.py:140] ==================================
I 03-17 20:42:43 utils.py:131] === Checking the job status... ===
I 03-17 20:42:44 utils.py:137] Job status: JobStatus.RUNNING
I 03-17 20:42:44 utils.py:140] ==================================
I 03-17 20:43:04 utils.py:131] === Checking the job status... ===
I 03-17 20:43:05 utils.py:137] Job status: JobStatus.RUNNING
I 03-17 20:43:05 utils.py:140] ==================================
I 03-17 20:43:25 utils.py:131] === Checking the job status... ===
I 03-17 20:43:26 utils.py:137] Job status: JobStatus.RUNNING
I 03-17 20:43:26 utils.py:140] ==================================
I 03-17 20:43:46 utils.py:131] === Checking the job status... ===
I 03-17 20:43:47 utils.py:137] Job status: JobStatus.RUNNING
I 03-17 20:43:47 utils.py:140] ==================================
I 03-17 20:44:07 utils.py:131] === Checking the job status... ===
I 03-17 20:44:08 utils.py:137] Job status: JobStatus.RUNNING
I 03-17 20:44:08 utils.py:140] ==================================
I 03-17 20:44:28 utils.py:131] === Checking the job status... ===
I 03-17 20:44:29 utils.py:137] Job status: JobStatus.RUNNING
I 03-17 20:44:29 utils.py:140] ==================================
I 03-17 20:44:49 utils.py:131] === Checking the job status... ===
I 03-17 20:44:50 utils.py:137] Job status: JobStatus.RUNNING
I 03-17 20:44:50 utils.py:140] ==================================
I 03-17 20:45:10 utils.py:131] === Checking the job status... ===
I 03-17 20:45:11 utils.py:137] Job status: JobStatus.RUNNING
I 03-17 20:45:11 utils.py:140] ==================================
I 03-17 20:45:31 utils.py:131] === Checking the job status... ===
I 03-17 20:45:32 utils.py:137] Job status: JobStatus.RUNNING
I 03-17 20:45:32 utils.py:140] ==================================
I 03-17 20:45:52 utils.py:131] === Checking the job status... ===
I 03-17 20:45:53 utils.py:137] Job status: JobStatus.RUNNING
I 03-17 20:45:53 utils.py:140] ==================================
I 03-17 20:46:13 utils.py:131] === Checking the job status... ===
I 03-17 20:46:14 utils.py:137] Job status: JobStatus.RUNNING
I 03-17 20:46:14 utils.py:140] ==================================
I 03-17 20:46:34 utils.py:131] === Checking the job status... ===
I 03-17 20:46:35 utils.py:137] Job status: JobStatus.RUNNING
I 03-17 20:46:35 utils.py:140] ==================================
I 03-17 20:46:55 utils.py:131] === Checking the job status... ===
I 03-17 20:46:56 utils.py:137] Job status: JobStatus.RUNNING
I 03-17 20:46:56 utils.py:140] ==================================
I 03-17 20:47:16 utils.py:131] === Checking the job status... ===
I 03-17 20:47:17 utils.py:137] Job status: JobStatus.RUNNING
I 03-17 20:47:17 utils.py:140] ==================================
I 03-17 20:47:37 utils.py:131] === Checking the job status... ===
I 03-17 20:47:37 utils.py:137] Job status: JobStatus.RUNNING
I 03-17 20:47:37 utils.py:140] ==================================
I 03-17 20:47:58 utils.py:131] === Checking the job status... ===
I 03-17 20:47:58 utils.py:137] Job status: JobStatus.RUNNING
I 03-17 20:47:58 utils.py:140] ==================================
I 03-17 20:48:19 utils.py:131] === Checking the job status... ===
I 03-17 20:48:19 utils.py:137] Job status: JobStatus.RUNNING
I 03-17 20:48:19 utils.py:140] ==================================
I 03-17 20:48:39 utils.py:131] === Checking the job status... ===
I 03-17 20:48:40 utils.py:137] Job status: JobStatus.RUNNING
I 03-17 20:48:40 utils.py:140] ==================================
I 03-17 20:49:00 utils.py:131] === Checking the job status... ===
I 03-17 20:49:01 utils.py:137] Job status: JobStatus.RUNNING
I 03-17 20:49:01 utils.py:140] ==================================
I 03-17 20:49:21 utils.py:131] === Checking the job status... ===
I 03-17 20:49:22 utils.py:137] Job status: JobStatus.RUNNING
I 03-17 20:49:22 utils.py:140] ==================================
I 03-17 20:49:42 utils.py:131] === Checking the job status... ===
I 03-17 20:49:43 utils.py:137] Job status: JobStatus.RUNNING
I 03-17 20:49:43 utils.py:140] ==================================
I 03-17 20:50:03 utils.py:131] === Checking the job status... ===
I 03-17 20:50:04 utils.py:137] Job status: JobStatus.RUNNING
I 03-17 20:50:04 utils.py:140] ==================================
I 03-17 20:50:24 utils.py:131] === Checking the job status... ===
I 03-17 20:50:25 utils.py:137] Job status: JobStatus.RUNNING
I 03-17 20:50:25 utils.py:140] ==================================
I 03-17 20:50:45 utils.py:131] === Checking the job status... ===
I 03-17 20:50:46 utils.py:137] Job status: JobStatus.RUNNING
I 03-17 20:50:46 utils.py:140] ==================================
I 03-17 20:51:06 utils.py:131] === Checking the job status... ===
I 03-17 20:51:07 utils.py:137] Job status: JobStatus.RUNNING
I 03-17 20:51:07 utils.py:140] ==================================
I 03-17 20:51:27 utils.py:131] === Checking the job status... ===
I 03-17 20:51:28 utils.py:137] Job status: JobStatus.RUNNING
I 03-17 20:51:28 utils.py:140] ==================================
I 03-17 20:51:48 utils.py:131] === Checking the job status... ===
I 03-17 20:51:49 utils.py:137] Job status: JobStatus.RUNNING
I 03-17 20:51:49 utils.py:140] ==================================
I 03-17 20:52:09 utils.py:131] === Checking the job status... ===
I 03-17 20:52:10 utils.py:137] Job status: JobStatus.RUNNING
I 03-17 20:52:10 utils.py:140] ==================================
