I 03-17 20:21:45 controller.py:59] DAG:
I 03-17 20:21:45 controller.py:59] [Task<name=compute-text-vectors>(run='# Initialize and dow...')
I 03-17 20:21:45 controller.py:59]   resources: AWS(cpus=4, {'L4': 1})]
I 03-17 20:21:45 controller.py:195] Submitted managed job 131 (task: 0, name: 'compute-text-vectors'); SKYPILOT_TASK_ID: sky-managed-2025-03-17-20-21-45-510484_compute-text-vectors_131-0
I 03-17 20:21:45 controller.py:199] Started monitoring.
I 03-17 20:21:45 state.py:451] Launching the spot cluster...
I 03-17 20:21:45 storage.py:1058] Storage type StoreType.S3 already exists.
<sky-payload>"<rich_init>[bold cyan]Optimizing[/]</rich_init>"</sky-payload>
<sky-payload>"<rich_update>[bold cyan]Optimizing[/]</rich_update>"</sky-payload>
<sky-payload>"<rich_start>[bold cyan]Optimizing[/]</rich_start>"</sky-payload>
I 03-17 20:21:46 optimizer.py:736] [1mTarget:[0m minimizing cost
I 03-17 20:21:46 optimizer.py:749] [1mEstimated cost: [0m$0.8 / hour
I 03-17 20:21:46 optimizer.py:749] 
I 03-17 20:21:46 optimizer.py:884] Considered resources (1 node):
I 03-17 20:21:46 optimizer.py:952] ----------------------------------------------------------------------------------------
I 03-17 20:21:46 optimizer.py:952]  CLOUD   INSTANCE    vCPUs   Mem(GB)   ACCELERATORS   REGION/ZONE   COST ($)   CHOSEN   
I 03-17 20:21:46 optimizer.py:952] ----------------------------------------------------------------------------------------
I 03-17 20:21:46 optimizer.py:952]  AWS     g6.xlarge   4       16        L4:1           us-east-1     0.80       [32m   ✔[0m     
I 03-17 20:21:46 optimizer.py:952] ----------------------------------------------------------------------------------------
<sky-payload>"<rich_exit></rich_exit>"</sky-payload>
<sky-payload>"<rich_init>[bold cyan]Launching[/]</rich_init>"</sky-payload>
<sky-payload>"<rich_update>[bold cyan]Launching[/]</rich_update>"</sky-payload>
<sky-payload>"<rich_start>[bold cyan]Launching[/]</rich_start>"</sky-payload>
<sky-payload>"<rich_update>[bold cyan]Launching[/]  \u001b[2mView logs: sky api logs -l sky-2025-03-17-20-21-46-137034/provision.log\u001b[0m</rich_update>"</sky-payload>
<sky-payload>"<rich_update>[bold cyan]Launching[/]  \u001b[2mView logs: sky api logs -l sky-2025-03-17-20-21-46-137034/provision.log\u001b[0m</rich_update>"</sky-payload>
I 03-17 20:21:46 cloud_vm_ray_backend.py:1520] [0m⚙︎ Launching on AWS us-east-1[0m (us-east-1a,us-east-1b,us-east-1c,us-east-1d).
[2mW 03-17 20:21:49 instance.py:243] create_instances: Attempt failed with An error occurred (VcpuLimitExceeded) when calling the RunInstances operation: You have requested more vCPU capacity than your current vCPU limit of 64 allows for the instance bucket that the specified instance type belongs to. Please visit http://aws.amazon.com/contact-us/ec2-request to request an adjustment to this limit.[0m
[2mW 03-17 20:21:50 instance.py:243] create_instances: Attempt failed with An error occurred (VcpuLimitExceeded) when calling the RunInstances operation: You have requested more vCPU capacity than your current vCPU limit of 64 allows for the instance bucket that the specified instance type belongs to. Please visit http://aws.amazon.com/contact-us/ec2-request to request an adjustment to this limit.[0m
[2mW 03-17 20:21:51 instance.py:243] create_instances: Attempt failed with An error occurred (VcpuLimitExceeded) when calling the RunInstances operation: You have requested more vCPU capacity than your current vCPU limit of 64 allows for the instance bucket that the specified instance type belongs to. Please visit http://aws.amazon.com/contact-us/ec2-request to request an adjustment to this limit.[0m
W 03-17 20:21:51 cloud_vm_ray_backend.py:2061] sky.exceptions.ResourcesUnavailableError: Failed to acquire resources in all zones in us-east-1 for {AWS(cpus=4, {'L4': 1})}. 
W 03-17 20:21:51 cloud_vm_ray_backend.py:2097] 
W 03-17 20:21:51 cloud_vm_ray_backend.py:2097] [0m[33m↺[0m Trying other potential resources.
<sky-payload>"<rich_update>[bold cyan]Looking for resources[/]  \u001b[2mView logs: sky api logs -l sky-2025-03-17-20-21-46-137034/provision.log\u001b[0m</rich_update>"</sky-payload>
<sky-payload>"<rich_update>[bold cyan]Optimizing[/]</rich_update>"</sky-payload>
<sky-payload>"<rich_start>[bold cyan]Launching[/]</rich_start>"</sky-payload>
I 03-17 20:21:51 optimizer.py:736] [1mTarget:[0m minimizing cost
I 03-17 20:21:51 optimizer.py:749] [1mEstimated cost: [0m$0.8 / hour
I 03-17 20:21:51 optimizer.py:749] 
I 03-17 20:21:51 optimizer.py:884] Considered resources (1 node):
I 03-17 20:21:51 optimizer.py:952] ----------------------------------------------------------------------------------------
I 03-17 20:21:51 optimizer.py:952]  CLOUD   INSTANCE    vCPUs   Mem(GB)   ACCELERATORS   REGION/ZONE   COST ($)   CHOSEN   
I 03-17 20:21:51 optimizer.py:952] ----------------------------------------------------------------------------------------
I 03-17 20:21:51 optimizer.py:952]  AWS     g6.xlarge   4       16        L4:1           us-east-2     0.80       [32m   ✔[0m     
I 03-17 20:21:51 optimizer.py:952] ----------------------------------------------------------------------------------------
<sky-payload>"<rich_update>[bold cyan]Looking for resources[/]  \u001b[2mView logs: sky api logs -l sky-2025-03-17-20-21-46-137034/provision.log\u001b[0m</rich_update>"</sky-payload>
<sky-payload>"<rich_update>[bold cyan]Launching[/]  \u001b[2mView logs: sky api logs -l sky-2025-03-17-20-21-46-137034/provision.log\u001b[0m</rich_update>"</sky-payload>
I 03-17 20:21:51 cloud_vm_ray_backend.py:1520] [0m⚙︎ Launching on AWS us-east-2[0m (us-east-2a,us-east-2b,us-east-2c).
[2mW 03-17 20:21:54 instance.py:243] create_instances: Attempt failed with An error occurred (VcpuLimitExceeded) when calling the RunInstances operation: You have requested more vCPU capacity than your current vCPU limit of 128 allows for the instance bucket that the specified instance type belongs to. Please visit http://aws.amazon.com/contact-us/ec2-request to request an adjustment to this limit.[0m
[2mW 03-17 20:21:55 instance.py:243] create_instances: Attempt failed with An error occurred (VcpuLimitExceeded) when calling the RunInstances operation: You have requested more vCPU capacity than your current vCPU limit of 128 allows for the instance bucket that the specified instance type belongs to. Please visit http://aws.amazon.com/contact-us/ec2-request to request an adjustment to this limit.[0m
[2mW 03-17 20:22:02 instance.py:243] create_instances: Attempt failed with An error occurred (VcpuLimitExceeded) when calling the RunInstances operation: You have requested more vCPU capacity than your current vCPU limit of 128 allows for the instance bucket that the specified instance type belongs to. Please visit http://aws.amazon.com/contact-us/ec2-request to request an adjustment to this limit.[0m
W 03-17 20:22:03 cloud_vm_ray_backend.py:2061] sky.exceptions.ResourcesUnavailableError: Failed to acquire resources in all zones in us-east-2 for {AWS(cpus=4, {'L4': 1})}. 
W 03-17 20:22:03 cloud_vm_ray_backend.py:2097] 
W 03-17 20:22:03 cloud_vm_ray_backend.py:2097] [0m[33m↺[0m Trying other potential resources.
<sky-payload>"<rich_update>[bold cyan]Looking for resources[/]  \u001b[2mView logs: sky api logs -l sky-2025-03-17-20-21-46-137034/provision.log\u001b[0m</rich_update>"</sky-payload>
<sky-payload>"<rich_update>[bold cyan]Optimizing[/]</rich_update>"</sky-payload>
<sky-payload>"<rich_start>[bold cyan]Launching[/]</rich_start>"</sky-payload>
I 03-17 20:22:03 optimizer.py:736] [1mTarget:[0m minimizing cost
I 03-17 20:22:03 optimizer.py:749] [1mEstimated cost: [0m$0.8 / hour
I 03-17 20:22:03 optimizer.py:749] 
I 03-17 20:22:03 optimizer.py:884] Considered resources (1 node):
I 03-17 20:22:03 optimizer.py:952] ----------------------------------------------------------------------------------------
I 03-17 20:22:03 optimizer.py:952]  CLOUD   INSTANCE    vCPUs   Mem(GB)   ACCELERATORS   REGION/ZONE   COST ($)   CHOSEN   
I 03-17 20:22:03 optimizer.py:952] ----------------------------------------------------------------------------------------
I 03-17 20:22:03 optimizer.py:952]  AWS     g6.xlarge   4       16        L4:1           us-west-2     0.80       [32m   ✔[0m     
I 03-17 20:22:03 optimizer.py:952] ----------------------------------------------------------------------------------------
<sky-payload>"<rich_update>[bold cyan]Looking for resources[/]  \u001b[2mView logs: sky api logs -l sky-2025-03-17-20-21-46-137034/provision.log\u001b[0m</rich_update>"</sky-payload>
<sky-payload>"<rich_update>[bold cyan]Launching[/]  \u001b[2mView logs: sky api logs -l sky-2025-03-17-20-21-46-137034/provision.log\u001b[0m</rich_update>"</sky-payload>
I 03-17 20:22:03 cloud_vm_ray_backend.py:1520] [0m⚙︎ Launching on AWS us-west-2[0m (us-west-2a,us-west-2b,us-west-2c,us-west-2d).
[2mW 03-17 20:22:12 instance.py:243] create_instances: Attempt failed with An error occurred (VcpuLimitExceeded) when calling the RunInstances operation: You have requested more vCPU capacity than your current vCPU limit of 64 allows for the instance bucket that the specified instance type belongs to. Please visit http://aws.amazon.com/contact-us/ec2-request to request an adjustment to this limit.[0m
[2mW 03-17 20:22:20 instance.py:243] create_instances: Attempt failed with An error occurred (VcpuLimitExceeded) when calling the RunInstances operation: You have requested more vCPU capacity than your current vCPU limit of 64 allows for the instance bucket that the specified instance type belongs to. Please visit http://aws.amazon.com/contact-us/ec2-request to request an adjustment to this limit.[0m
[2mW 03-17 20:22:28 instance.py:243] create_instances: Attempt failed with An error occurred (VcpuLimitExceeded) when calling the RunInstances operation: You have requested more vCPU capacity than your current vCPU limit of 64 allows for the instance bucket that the specified instance type belongs to. Please visit http://aws.amazon.com/contact-us/ec2-request to request an adjustment to this limit.[0m
[2mW 03-17 20:22:29 instance.py:243] create_instances: Attempt failed with An error occurred (VcpuLimitExceeded) when calling the RunInstances operation: You have requested more vCPU capacity than your current vCPU limit of 64 allows for the instance bucket that the specified instance type belongs to. Please visit http://aws.amazon.com/contact-us/ec2-request to request an adjustment to this limit.[0m
W 03-17 20:22:29 cloud_vm_ray_backend.py:2061] sky.exceptions.ResourcesUnavailableError: Failed to acquire resources in all zones in us-west-2 for {AWS(cpus=4, {'L4': 1})}. 
W 03-17 20:22:29 cloud_vm_ray_backend.py:2097] 
W 03-17 20:22:29 cloud_vm_ray_backend.py:2097] [0m[33m↺[0m Trying other potential resources.
<sky-payload>"<rich_update>[bold cyan]Looking for resources[/]  \u001b[2mView logs: sky api logs -l sky-2025-03-17-20-21-46-137034/provision.log\u001b[0m</rich_update>"</sky-payload>
<sky-payload>"<rich_update>[bold cyan]Optimizing[/]</rich_update>"</sky-payload>
<sky-payload>"<rich_start>[bold cyan]Launching[/]</rich_start>"</sky-payload>
I 03-17 20:22:29 optimizer.py:736] [1mTarget:[0m minimizing cost
I 03-17 20:22:29 optimizer.py:749] [1mEstimated cost: [0m$0.9 / hour
I 03-17 20:22:29 optimizer.py:749] 
I 03-17 20:22:29 optimizer.py:884] Considered resources (1 node):
I 03-17 20:22:29 optimizer.py:952] ----------------------------------------------------------------------------------------
I 03-17 20:22:29 optimizer.py:952]  CLOUD   INSTANCE    vCPUs   Mem(GB)   ACCELERATORS   REGION/ZONE   COST ($)   CHOSEN   
I 03-17 20:22:29 optimizer.py:952] ----------------------------------------------------------------------------------------
I 03-17 20:22:29 optimizer.py:952]  AWS     g6.xlarge   4       16        L4:1           eu-north-1    0.85       [32m   ✔[0m     
I 03-17 20:22:29 optimizer.py:952] ----------------------------------------------------------------------------------------
<sky-payload>"<rich_update>[bold cyan]Looking for resources[/]  \u001b[2mView logs: sky api logs -l sky-2025-03-17-20-21-46-137034/provision.log\u001b[0m</rich_update>"</sky-payload>
<sky-payload>"<rich_update>[bold cyan]Launching[/]  \u001b[2mView logs: sky api logs -l sky-2025-03-17-20-21-46-137034/provision.log\u001b[0m</rich_update>"</sky-payload>
I 03-17 20:22:29 cloud_vm_ray_backend.py:1520] [0m⚙︎ Launching on AWS eu-north-1[0m (eu-north-1a,eu-north-1b).
[2mW 03-17 20:22:37 instance.py:243] create_instances: Attempt failed with An error occurred (VcpuLimitExceeded) when calling the RunInstances operation: You have requested more vCPU capacity than your current vCPU limit of 64 allows for the instance bucket that the specified instance type belongs to. Please visit http://aws.amazon.com/contact-us/ec2-request to request an adjustment to this limit.[0m
[2mW 03-17 20:22:39 instance.py:243] create_instances: Attempt failed with An error occurred (VcpuLimitExceeded) when calling the RunInstances operation: You have requested more vCPU capacity than your current vCPU limit of 64 allows for the instance bucket that the specified instance type belongs to. Please visit http://aws.amazon.com/contact-us/ec2-request to request an adjustment to this limit.[0m
W 03-17 20:22:40 cloud_vm_ray_backend.py:2061] sky.exceptions.ResourcesUnavailableError: Failed to acquire resources in all zones in eu-north-1 for {AWS(cpus=4, {'L4': 1})}. 
W 03-17 20:22:40 cloud_vm_ray_backend.py:2097] 
W 03-17 20:22:40 cloud_vm_ray_backend.py:2097] [0m[33m↺[0m Trying other potential resources.
<sky-payload>"<rich_update>[bold cyan]Looking for resources[/]  \u001b[2mView logs: sky api logs -l sky-2025-03-17-20-21-46-137034/provision.log\u001b[0m</rich_update>"</sky-payload>
<sky-payload>"<rich_update>[bold cyan]Optimizing[/]</rich_update>"</sky-payload>
<sky-payload>"<rich_start>[bold cyan]Launching[/]</rich_start>"</sky-payload>
I 03-17 20:22:40 optimizer.py:736] [1mTarget:[0m minimizing cost
I 03-17 20:22:40 optimizer.py:749] [1mEstimated cost: [0m$0.9 / hour
I 03-17 20:22:40 optimizer.py:749] 
I 03-17 20:22:40 optimizer.py:884] Considered resources (1 node):
I 03-17 20:22:40 optimizer.py:952] -----------------------------------------------------------------------------------------
I 03-17 20:22:40 optimizer.py:952]  CLOUD   INSTANCE    vCPUs   Mem(GB)   ACCELERATORS   REGION/ZONE    COST ($)   CHOSEN   
I 03-17 20:22:40 optimizer.py:952] -----------------------------------------------------------------------------------------
I 03-17 20:22:40 optimizer.py:952]  AWS     g6.xlarge   4       16        L4:1           ca-central-1   0.89       [32m   ✔[0m     
I 03-17 20:22:40 optimizer.py:952] -----------------------------------------------------------------------------------------
<sky-payload>"<rich_update>[bold cyan]Looking for resources[/]  \u001b[2mView logs: sky api logs -l sky-2025-03-17-20-21-46-137034/provision.log\u001b[0m</rich_update>"</sky-payload>
<sky-payload>"<rich_update>[bold cyan]Launching[/]  \u001b[2mView logs: sky api logs -l sky-2025-03-17-20-21-46-137034/provision.log\u001b[0m</rich_update>"</sky-payload>
I 03-17 20:22:40 cloud_vm_ray_backend.py:1520] [0m⚙︎ Launching on AWS ca-central-1[0m (ca-central-1a,ca-central-1b).
[2mW 03-17 20:22:42 instance.py:243] create_instances: Attempt failed with An error occurred (VcpuLimitExceeded) when calling the RunInstances operation: You have requested more vCPU capacity than your current vCPU limit of 64 allows for the instance bucket that the specified instance type belongs to. Please visit http://aws.amazon.com/contact-us/ec2-request to request an adjustment to this limit.[0m
[2mW 03-17 20:22:50 instance.py:243] create_instances: Attempt failed with An error occurred (VcpuLimitExceeded) when calling the RunInstances operation: You have requested more vCPU capacity than your current vCPU limit of 64 allows for the instance bucket that the specified instance type belongs to. Please visit http://aws.amazon.com/contact-us/ec2-request to request an adjustment to this limit.[0m
W 03-17 20:22:50 cloud_vm_ray_backend.py:2061] sky.exceptions.ResourcesUnavailableError: Failed to acquire resources in all zones in ca-central-1 for {AWS(cpus=4, {'L4': 1})}. 
W 03-17 20:22:50 cloud_vm_ray_backend.py:2097] 
W 03-17 20:22:50 cloud_vm_ray_backend.py:2097] [0m[33m↺[0m Trying other potential resources.
<sky-payload>"<rich_update>[bold cyan]Looking for resources[/]  \u001b[2mView logs: sky api logs -l sky-2025-03-17-20-21-46-137034/provision.log\u001b[0m</rich_update>"</sky-payload>
<sky-payload>"<rich_update>[bold cyan]Optimizing[/]</rich_update>"</sky-payload>
<sky-payload>"<rich_start>[bold cyan]Launching[/]</rich_start>"</sky-payload>
I 03-17 20:22:50 optimizer.py:736] [1mTarget:[0m minimizing cost
I 03-17 20:22:50 optimizer.py:749] [1mEstimated cost: [0m$1.0 / hour
I 03-17 20:22:50 optimizer.py:749] 
I 03-17 20:22:50 optimizer.py:884] Considered resources (1 node):
I 03-17 20:22:50 optimizer.py:952] ----------------------------------------------------------------------------------------
I 03-17 20:22:50 optimizer.py:952]  CLOUD   INSTANCE    vCPUs   Mem(GB)   ACCELERATORS   REGION/ZONE   COST ($)   CHOSEN   
I 03-17 20:22:50 optimizer.py:952] ----------------------------------------------------------------------------------------
I 03-17 20:22:50 optimizer.py:952]  AWS     g6.xlarge   4       16        L4:1           ap-south-1    0.97       [32m   ✔[0m     
I 03-17 20:22:50 optimizer.py:952] ----------------------------------------------------------------------------------------
<sky-payload>"<rich_update>[bold cyan]Looking for resources[/]  \u001b[2mView logs: sky api logs -l sky-2025-03-17-20-21-46-137034/provision.log\u001b[0m</rich_update>"</sky-payload>
<sky-payload>"<rich_update>[bold cyan]Launching[/]  \u001b[2mView logs: sky api logs -l sky-2025-03-17-20-21-46-137034/provision.log\u001b[0m</rich_update>"</sky-payload>
I 03-17 20:22:50 cloud_vm_ray_backend.py:1520] [0m⚙︎ Launching on AWS ap-south-1[0m (ap-south-1a,ap-south-1b).
<sky-payload>"<rich_update>[bold cyan]Launching - Checking instance status[/]  \u001b[2mView logs: sky api logs -l sky-2025-03-17-20-21-46-137034/provision.log\u001b[0m</rich_update>"</sky-payload>
<sky-payload>"<rich_update>[bold cyan]Launching - Waiting for SSH access[/]  \u001b[2mView logs: sky api logs -l sky-2025-03-17-20-21-46-137034/provision.log\u001b[0m</rich_update>"</sky-payload>
<sky-payload>"<rich_start>[bold cyan]Launching[/]</rich_start>"</sky-payload>
I 03-17 20:23:28 provisioner.py:451] [2m└── [0m[2mInstance is up.[0m
<sky-payload>"<rich_update>[bold cyan]Preparing SkyPilot runtime (1/3 - initializing)[/]  \u001b[2mView logs: sky api logs -l sky-2025-03-17-20-21-46-137034/provision.log\u001b[0m</rich_update>"</sky-payload>
<sky-payload>"<rich_update>[bold cyan]Preparing SkyPilot runtime (2/3 - dependencies)[/]  \u001b[2mView logs: sky api logs -l sky-2025-03-17-20-21-46-137034/provision.log\u001b[0m</rich_update>"</sky-payload>
<sky-payload>"<rich_update>[bold cyan]Preparing SkyPilot runtime (3/3 - runtime)[/]  \u001b[2mView logs: sky api logs -l sky-2025-03-17-20-21-46-137034/provision.log\u001b[0m</rich_update>"</sky-payload>
<sky-payload>"<rich_update>[bold cyan]Launching - Checking instance status[/]  \u001b[2mView logs: sky api logs -l sky-2025-03-17-20-21-46-137034/provision.log\u001b[0m</rich_update>"</sky-payload>
I 03-17 20:23:58 provisioner.py:632] [0m[32m✓ Cluster launched: compute-text-vectors-131.[0m  [2mView logs: sky api logs -l sky-2025-03-17-20-21-46-137034/provision.log[0m
<sky-payload>"<rich_exit></rich_exit>"</sky-payload>
I 03-17 20:23:58 execution.py:332] [0m⚙︎ Syncing files.
<sky-payload>"<rich_init>[bold cyan]Syncing files[/]</rich_init>"</sky-payload>
<sky-payload>"<rich_update>[bold cyan]Syncing files[/]</rich_update>"</sky-payload>
<sky-payload>"<rich_start>[bold cyan]Syncing files[/]</rich_start>"</sky-payload>
<sky-payload>"<rich_update>[bold cyan]Syncing file mounts[/]  \u001b[2mView logs: sky api logs -l sky-2025-03-17-20-21-46-137034/file_mounts.log\u001b[0m</rich_update>"</sky-payload>
I 03-17 20:23:58 backend_utils.py:1315]   [2mSyncing (to 1 node): s3://skypilot-filemounts-root-726f1974-7e552ost/job-7e552ost/workdir -> ~/sky_workdir[0m
I 03-17 20:24:01 cloud_vm_ray_backend.py:4801] [0m[32m✓ Synced file_mounts.[0m  [2mView logs: sky api logs -l sky-2025-03-17-20-21-46-137034/file_mounts.log[0m
<sky-payload>"<rich_update>[bold cyan]Mounting 1 storage[/]  \u001b[2mView logs: sky api logs -l sky-2025-03-17-20-21-46-137034/storage_mounts.log\u001b[0m</rich_update>"</sky-payload>
I 03-17 20:24:01 backend_utils.py:1315]   [2mMounting (to 1 node): s3://sky-text-embeddings-multi-cluster-final -> /output[0m
I 03-17 20:24:06 cloud_vm_ray_backend.py:4892] [0m[32m✓ Storage mounted.[0m  [2mView logs: sky api logs -l sky-2025-03-17-20-21-46-137034/storage_mounts.log[0m
<sky-payload>"<rich_exit></rich_exit>"</sky-payload>
<sky-payload>"<rich_init>[bold cyan]Running setup[/]</rich_init>"</sky-payload>
<sky-payload>"<rich_update>[bold cyan]Running setup[/]</rich_update>"</sky-payload>
<sky-payload>"<rich_start>[bold cyan]Running setup[/]</rich_start>"</sky-payload>
<sky-payload>"<rich_stop></rich_stop>"</sky-payload>
I 03-17 20:24:09 cloud_vm_ray_backend.py:3357] [0m[32m✓ Setup detached.[0m
<sky-payload>"<rich_exit></rich_exit>"</sky-payload>
<sky-payload>"<rich_init>[bold cyan]Submitting job[/]</rich_init>"</sky-payload>
<sky-payload>"<rich_update>[bold cyan]Submitting job[/]</rich_update>"</sky-payload>
<sky-payload>"<rich_start>[bold cyan]Submitting job[/]</rich_start>"</sky-payload>
I 03-17 20:24:12 cloud_vm_ray_backend.py:3460] [0m⚙︎ Job submitted, ID: 1
<sky-payload>"<rich_stop></rich_stop>"</sky-payload>
<sky-payload>"<rich_exit></rich_exit>"</sky-payload>

[?25hI 03-17 20:24:12 recovery_strategy.py:289] Managed job cluster launched.
I 03-17 20:24:16 utils.py:131] === Checking the job status... ===
I 03-17 20:24:17 utils.py:137] Job status: JobStatus.SETTING_UP
I 03-17 20:24:17 utils.py:140] ==================================
I 03-17 20:24:18 state.py:471] Job started.
I 03-17 20:24:39 utils.py:131] === Checking the job status... ===
I 03-17 20:24:39 utils.py:137] Job status: JobStatus.SETTING_UP
I 03-17 20:24:39 utils.py:140] ==================================
I 03-17 20:25:00 utils.py:131] === Checking the job status... ===
I 03-17 20:25:01 utils.py:137] Job status: JobStatus.SETTING_UP
I 03-17 20:25:01 utils.py:140] ==================================
I 03-17 20:25:21 utils.py:131] === Checking the job status... ===
I 03-17 20:25:22 utils.py:137] Job status: JobStatus.SETTING_UP
I 03-17 20:25:22 utils.py:140] ==================================
I 03-17 20:25:42 utils.py:131] === Checking the job status... ===
I 03-17 20:25:43 utils.py:137] Job status: JobStatus.SETTING_UP
I 03-17 20:25:43 utils.py:140] ==================================
I 03-17 20:26:03 utils.py:131] === Checking the job status... ===
I 03-17 20:26:04 utils.py:137] Job status: JobStatus.SETTING_UP
I 03-17 20:26:04 utils.py:140] ==================================
I 03-17 20:26:24 utils.py:131] === Checking the job status... ===
I 03-17 20:26:25 utils.py:137] Job status: JobStatus.RUNNING
I 03-17 20:26:25 utils.py:140] ==================================
I 03-17 20:26:45 utils.py:131] === Checking the job status... ===
I 03-17 20:26:47 utils.py:137] Job status: JobStatus.RUNNING
I 03-17 20:26:47 utils.py:140] ==================================
I 03-17 20:27:07 utils.py:131] === Checking the job status... ===
I 03-17 20:27:08 utils.py:137] Job status: JobStatus.RUNNING
I 03-17 20:27:08 utils.py:140] ==================================
I 03-17 20:27:28 utils.py:131] === Checking the job status... ===
I 03-17 20:27:29 utils.py:137] Job status: JobStatus.RUNNING
I 03-17 20:27:29 utils.py:140] ==================================
I 03-17 20:27:49 utils.py:131] === Checking the job status... ===
I 03-17 20:27:51 utils.py:137] Job status: JobStatus.RUNNING
I 03-17 20:27:51 utils.py:140] ==================================
I 03-17 20:28:11 utils.py:131] === Checking the job status... ===
I 03-17 20:28:12 utils.py:137] Job status: JobStatus.RUNNING
I 03-17 20:28:12 utils.py:140] ==================================
I 03-17 20:28:32 utils.py:131] === Checking the job status... ===
I 03-17 20:28:33 utils.py:137] Job status: JobStatus.RUNNING
I 03-17 20:28:33 utils.py:140] ==================================
I 03-17 20:28:53 utils.py:131] === Checking the job status... ===
I 03-17 20:28:54 utils.py:137] Job status: JobStatus.RUNNING
I 03-17 20:28:54 utils.py:140] ==================================
I 03-17 20:29:14 utils.py:131] === Checking the job status... ===
I 03-17 20:29:15 utils.py:137] Job status: JobStatus.RUNNING
I 03-17 20:29:15 utils.py:140] ==================================
I 03-17 20:29:35 utils.py:131] === Checking the job status... ===
I 03-17 20:29:36 utils.py:137] Job status: JobStatus.RUNNING
I 03-17 20:29:36 utils.py:140] ==================================
I 03-17 20:29:57 utils.py:131] === Checking the job status... ===
I 03-17 20:29:58 utils.py:137] Job status: JobStatus.RUNNING
I 03-17 20:29:58 utils.py:140] ==================================
I 03-17 20:30:18 utils.py:131] === Checking the job status... ===
I 03-17 20:30:21 utils.py:137] Job status: JobStatus.RUNNING
I 03-17 20:30:21 utils.py:140] ==================================
I 03-17 20:30:41 utils.py:131] === Checking the job status... ===
I 03-17 20:30:44 utils.py:137] Job status: JobStatus.RUNNING
I 03-17 20:30:44 utils.py:140] ==================================
I 03-17 20:31:04 utils.py:131] === Checking the job status... ===
I 03-17 20:31:06 utils.py:137] Job status: JobStatus.RUNNING
I 03-17 20:31:06 utils.py:140] ==================================
I 03-17 20:31:26 utils.py:131] === Checking the job status... ===
I 03-17 20:31:27 utils.py:137] Job status: JobStatus.RUNNING
I 03-17 20:31:27 utils.py:140] ==================================
I 03-17 20:31:47 utils.py:131] === Checking the job status... ===
I 03-17 20:31:48 utils.py:137] Job status: JobStatus.RUNNING
I 03-17 20:31:48 utils.py:140] ==================================
I 03-17 20:32:08 utils.py:131] === Checking the job status... ===
I 03-17 20:32:09 utils.py:137] Job status: JobStatus.RUNNING
I 03-17 20:32:09 utils.py:140] ==================================
I 03-17 20:32:29 utils.py:131] === Checking the job status... ===
I 03-17 20:32:30 utils.py:137] Job status: JobStatus.RUNNING
I 03-17 20:32:30 utils.py:140] ==================================
I 03-17 20:32:51 utils.py:131] === Checking the job status... ===
I 03-17 20:32:52 utils.py:137] Job status: JobStatus.RUNNING
I 03-17 20:32:52 utils.py:140] ==================================
I 03-17 20:33:12 utils.py:131] === Checking the job status... ===
I 03-17 20:33:13 utils.py:137] Job status: JobStatus.RUNNING
I 03-17 20:33:13 utils.py:140] ==================================
I 03-17 20:33:33 utils.py:131] === Checking the job status... ===
I 03-17 20:33:34 utils.py:137] Job status: JobStatus.RUNNING
I 03-17 20:33:34 utils.py:140] ==================================
I 03-17 20:33:54 utils.py:131] === Checking the job status... ===
I 03-17 20:33:55 utils.py:137] Job status: JobStatus.RUNNING
I 03-17 20:33:55 utils.py:140] ==================================
I 03-17 20:34:15 utils.py:131] === Checking the job status... ===
I 03-17 20:34:16 utils.py:137] Job status: JobStatus.RUNNING
I 03-17 20:34:16 utils.py:140] ==================================
I 03-17 20:34:36 utils.py:131] === Checking the job status... ===
I 03-17 20:34:37 utils.py:137] Job status: JobStatus.RUNNING
I 03-17 20:34:37 utils.py:140] ==================================
I 03-17 20:34:57 utils.py:131] === Checking the job status... ===
I 03-17 20:34:58 utils.py:137] Job status: JobStatus.RUNNING
I 03-17 20:34:58 utils.py:140] ==================================
I 03-17 20:35:18 utils.py:131] === Checking the job status... ===
I 03-17 20:35:19 utils.py:137] Job status: JobStatus.RUNNING
I 03-17 20:35:19 utils.py:140] ==================================
I 03-17 20:35:40 utils.py:131] === Checking the job status... ===
I 03-17 20:35:41 utils.py:137] Job status: JobStatus.RUNNING
I 03-17 20:35:41 utils.py:140] ==================================
I 03-17 20:36:01 utils.py:131] === Checking the job status... ===
I 03-17 20:36:02 utils.py:137] Job status: JobStatus.RUNNING
I 03-17 20:36:02 utils.py:140] ==================================
I 03-17 20:36:22 utils.py:131] === Checking the job status... ===
I 03-17 20:36:23 utils.py:137] Job status: JobStatus.RUNNING
I 03-17 20:36:23 utils.py:140] ==================================
I 03-17 20:36:43 utils.py:131] === Checking the job status... ===
I 03-17 20:36:44 utils.py:137] Job status: JobStatus.RUNNING
I 03-17 20:36:44 utils.py:140] ==================================
I 03-17 20:37:04 utils.py:131] === Checking the job status... ===
I 03-17 20:37:05 utils.py:137] Job status: JobStatus.RUNNING
I 03-17 20:37:05 utils.py:140] ==================================
I 03-17 20:37:25 utils.py:131] === Checking the job status... ===
I 03-17 20:37:26 utils.py:137] Job status: JobStatus.RUNNING
I 03-17 20:37:26 utils.py:140] ==================================
I 03-17 20:37:46 utils.py:131] === Checking the job status... ===
I 03-17 20:37:47 utils.py:137] Job status: JobStatus.RUNNING
I 03-17 20:37:47 utils.py:140] ==================================
I 03-17 20:38:07 utils.py:131] === Checking the job status... ===
I 03-17 20:38:08 utils.py:137] Job status: JobStatus.RUNNING
I 03-17 20:38:08 utils.py:140] ==================================
I 03-17 20:38:28 utils.py:131] === Checking the job status... ===
I 03-17 20:38:29 utils.py:137] Job status: JobStatus.RUNNING
I 03-17 20:38:29 utils.py:140] ==================================
I 03-17 20:38:50 utils.py:131] === Checking the job status... ===
I 03-17 20:38:51 utils.py:137] Job status: JobStatus.RUNNING
I 03-17 20:38:51 utils.py:140] ==================================
I 03-17 20:39:11 utils.py:131] === Checking the job status... ===
I 03-17 20:39:12 utils.py:137] Job status: JobStatus.RUNNING
I 03-17 20:39:12 utils.py:140] ==================================
I 03-17 20:39:32 utils.py:131] === Checking the job status... ===
I 03-17 20:39:33 utils.py:137] Job status: JobStatus.RUNNING
I 03-17 20:39:33 utils.py:140] ==================================
I 03-17 20:39:53 utils.py:131] === Checking the job status... ===
I 03-17 20:39:54 utils.py:137] Job status: JobStatus.RUNNING
I 03-17 20:39:54 utils.py:140] ==================================
I 03-17 20:40:14 utils.py:131] === Checking the job status... ===
I 03-17 20:40:15 utils.py:137] Job status: JobStatus.RUNNING
I 03-17 20:40:15 utils.py:140] ==================================
I 03-17 20:40:35 utils.py:131] === Checking the job status... ===
I 03-17 20:40:36 utils.py:137] Job status: JobStatus.RUNNING
I 03-17 20:40:36 utils.py:140] ==================================
I 03-17 20:40:56 utils.py:131] === Checking the job status... ===
I 03-17 20:40:57 utils.py:137] Job status: JobStatus.RUNNING
I 03-17 20:40:57 utils.py:140] ==================================
I 03-17 20:41:17 utils.py:131] === Checking the job status... ===
I 03-17 20:41:18 utils.py:137] Job status: JobStatus.RUNNING
I 03-17 20:41:18 utils.py:140] ==================================
I 03-17 20:41:39 utils.py:131] === Checking the job status... ===
I 03-17 20:41:39 utils.py:137] Job status: JobStatus.RUNNING
I 03-17 20:41:39 utils.py:140] ==================================
I 03-17 20:42:00 utils.py:131] === Checking the job status... ===
I 03-17 20:42:01 utils.py:137] Job status: JobStatus.RUNNING
I 03-17 20:42:01 utils.py:140] ==================================
I 03-17 20:42:21 utils.py:131] === Checking the job status... ===
I 03-17 20:42:22 utils.py:137] Job status: JobStatus.RUNNING
I 03-17 20:42:22 utils.py:140] ==================================
I 03-17 20:42:42 utils.py:131] === Checking the job status... ===
I 03-17 20:42:43 utils.py:137] Job status: JobStatus.RUNNING
I 03-17 20:42:43 utils.py:140] ==================================
I 03-17 20:43:03 utils.py:131] === Checking the job status... ===
I 03-17 20:43:04 utils.py:137] Job status: JobStatus.RUNNING
I 03-17 20:43:04 utils.py:140] ==================================
I 03-17 20:43:24 utils.py:131] === Checking the job status... ===
I 03-17 20:43:25 utils.py:137] Job status: JobStatus.RUNNING
I 03-17 20:43:25 utils.py:140] ==================================
I 03-17 20:43:45 utils.py:131] === Checking the job status... ===
I 03-17 20:43:46 utils.py:137] Job status: JobStatus.RUNNING
I 03-17 20:43:46 utils.py:140] ==================================
I 03-17 20:44:06 utils.py:131] === Checking the job status... ===
I 03-17 20:44:07 utils.py:137] Job status: JobStatus.RUNNING
I 03-17 20:44:07 utils.py:140] ==================================
I 03-17 20:44:27 utils.py:131] === Checking the job status... ===
I 03-17 20:44:28 utils.py:137] Job status: JobStatus.RUNNING
I 03-17 20:44:28 utils.py:140] ==================================
I 03-17 20:44:48 utils.py:131] === Checking the job status... ===
I 03-17 20:44:49 utils.py:137] Job status: JobStatus.RUNNING
I 03-17 20:44:49 utils.py:140] ==================================
I 03-17 20:45:09 utils.py:131] === Checking the job status... ===
I 03-17 20:45:10 utils.py:137] Job status: JobStatus.RUNNING
I 03-17 20:45:10 utils.py:140] ==================================
I 03-17 20:45:30 utils.py:131] === Checking the job status... ===
I 03-17 20:45:31 utils.py:137] Job status: JobStatus.RUNNING
I 03-17 20:45:31 utils.py:140] ==================================
I 03-17 20:45:52 utils.py:131] === Checking the job status... ===
I 03-17 20:45:53 utils.py:137] Job status: JobStatus.RUNNING
I 03-17 20:45:53 utils.py:140] ==================================
I 03-17 20:46:13 utils.py:131] === Checking the job status... ===
I 03-17 20:46:14 utils.py:137] Job status: JobStatus.RUNNING
I 03-17 20:46:14 utils.py:140] ==================================
I 03-17 20:46:34 utils.py:131] === Checking the job status... ===
I 03-17 20:46:35 utils.py:137] Job status: JobStatus.RUNNING
I 03-17 20:46:35 utils.py:140] ==================================
I 03-17 20:46:55 utils.py:131] === Checking the job status... ===
I 03-17 20:46:56 utils.py:137] Job status: JobStatus.RUNNING
I 03-17 20:46:56 utils.py:140] ==================================
I 03-17 20:47:16 utils.py:131] === Checking the job status... ===
I 03-17 20:47:17 utils.py:137] Job status: JobStatus.RUNNING
I 03-17 20:47:17 utils.py:140] ==================================
I 03-17 20:47:37 utils.py:131] === Checking the job status... ===
I 03-17 20:47:38 utils.py:137] Job status: JobStatus.RUNNING
I 03-17 20:47:38 utils.py:140] ==================================
I 03-17 20:47:58 utils.py:131] === Checking the job status... ===
I 03-17 20:47:59 utils.py:137] Job status: JobStatus.RUNNING
I 03-17 20:47:59 utils.py:140] ==================================
I 03-17 20:48:19 utils.py:131] === Checking the job status... ===
I 03-17 20:48:20 utils.py:137] Job status: JobStatus.RUNNING
I 03-17 20:48:20 utils.py:140] ==================================
I 03-17 20:48:41 utils.py:131] === Checking the job status... ===
I 03-17 20:48:42 utils.py:137] Job status: JobStatus.RUNNING
I 03-17 20:48:42 utils.py:140] ==================================
I 03-17 20:49:02 utils.py:131] === Checking the job status... ===
I 03-17 20:49:03 utils.py:137] Job status: JobStatus.RUNNING
I 03-17 20:49:03 utils.py:140] ==================================
I 03-17 20:49:23 utils.py:131] === Checking the job status... ===
I 03-17 20:49:24 utils.py:137] Job status: JobStatus.RUNNING
I 03-17 20:49:24 utils.py:140] ==================================
I 03-17 20:49:44 utils.py:131] === Checking the job status... ===
I 03-17 20:49:45 utils.py:137] Job status: JobStatus.RUNNING
I 03-17 20:49:45 utils.py:140] ==================================
I 03-17 20:50:05 utils.py:131] === Checking the job status... ===
I 03-17 20:50:06 utils.py:137] Job status: JobStatus.RUNNING
I 03-17 20:50:06 utils.py:140] ==================================
I 03-17 20:50:26 utils.py:131] === Checking the job status... ===
I 03-17 20:50:27 utils.py:137] Job status: JobStatus.RUNNING
I 03-17 20:50:27 utils.py:140] ==================================
I 03-17 20:50:47 utils.py:131] === Checking the job status... ===
I 03-17 20:50:48 utils.py:137] Job status: JobStatus.RUNNING
I 03-17 20:50:48 utils.py:140] ==================================
I 03-17 20:51:08 utils.py:131] === Checking the job status... ===
I 03-17 20:51:09 utils.py:137] Job status: JobStatus.RUNNING
I 03-17 20:51:09 utils.py:140] ==================================
I 03-17 20:51:29 utils.py:131] === Checking the job status... ===
I 03-17 20:51:30 utils.py:137] Job status: JobStatus.RUNNING
I 03-17 20:51:30 utils.py:140] ==================================
I 03-17 20:51:50 utils.py:131] === Checking the job status... ===
I 03-17 20:51:51 utils.py:137] Job status: JobStatus.RUNNING
I 03-17 20:51:51 utils.py:140] ==================================
I 03-17 20:52:12 utils.py:131] === Checking the job status... ===
I 03-17 20:52:12 utils.py:137] Job status: JobStatus.RUNNING
I 03-17 20:52:12 utils.py:140] ==================================
I 03-17 20:52:33 utils.py:131] === Checking the job status... ===
I 03-17 20:52:34 utils.py:137] Job status: JobStatus.RUNNING
I 03-17 20:52:34 utils.py:140] ==================================
I 03-17 20:52:54 utils.py:131] === Checking the job status... ===
I 03-17 20:52:55 utils.py:137] Job status: JobStatus.RUNNING
I 03-17 20:52:55 utils.py:140] ==================================
I 03-17 20:53:15 utils.py:131] === Checking the job status... ===
I 03-17 20:53:16 utils.py:137] Job status: JobStatus.RUNNING
I 03-17 20:53:16 utils.py:140] ==================================
I 03-17 20:53:36 utils.py:131] === Checking the job status... ===
I 03-17 20:53:37 utils.py:137] Job status: JobStatus.RUNNING
I 03-17 20:53:37 utils.py:140] ==================================
I 03-17 20:53:57 utils.py:131] === Checking the job status... ===
I 03-17 20:53:58 utils.py:137] Job status: JobStatus.RUNNING
I 03-17 20:53:58 utils.py:140] ==================================
