I 03-17 20:21:51 controller.py:59] DAG:
I 03-17 20:21:51 controller.py:59] [Task<name=compute-text-vectors>(run='# Initialize and dow...')
I 03-17 20:21:51 controller.py:59]   resources: AWS(cpus=4, {'L4': 1})]
I 03-17 20:21:51 controller.py:195] Submitted managed job 136 (task: 0, name: 'compute-text-vectors'); SKYPILOT_TASK_ID: sky-managed-2025-03-17-20-21-51-441251_compute-text-vectors_136-0
I 03-17 20:21:51 controller.py:199] Started monitoring.
I 03-17 20:21:51 state.py:451] Launching the spot cluster...
I 03-17 20:21:51 storage.py:1058] Storage type StoreType.S3 already exists.
<sky-payload>"<rich_init>[bold cyan]Optimizing[/]</rich_init>"</sky-payload>
<sky-payload>"<rich_update>[bold cyan]Optimizing[/]</rich_update>"</sky-payload>
<sky-payload>"<rich_start>[bold cyan]Optimizing[/]</rich_start>"</sky-payload>
I 03-17 20:21:52 optimizer.py:736] [1mTarget:[0m minimizing cost
I 03-17 20:21:52 optimizer.py:749] [1mEstimated cost: [0m$0.8 / hour
I 03-17 20:21:52 optimizer.py:749] 
I 03-17 20:21:52 optimizer.py:884] Considered resources (1 node):
I 03-17 20:21:52 optimizer.py:952] ----------------------------------------------------------------------------------------
I 03-17 20:21:52 optimizer.py:952]  CLOUD   INSTANCE    vCPUs   Mem(GB)   ACCELERATORS   REGION/ZONE   COST ($)   CHOSEN   
I 03-17 20:21:52 optimizer.py:952] ----------------------------------------------------------------------------------------
I 03-17 20:21:52 optimizer.py:952]  AWS     g6.xlarge   4       16        L4:1           us-east-1     0.80       [32m   ✔[0m     
I 03-17 20:21:52 optimizer.py:952] ----------------------------------------------------------------------------------------
<sky-payload>"<rich_exit></rich_exit>"</sky-payload>
<sky-payload>"<rich_init>[bold cyan]Launching[/]</rich_init>"</sky-payload>
<sky-payload>"<rich_update>[bold cyan]Launching[/]</rich_update>"</sky-payload>
<sky-payload>"<rich_start>[bold cyan]Launching[/]</rich_start>"</sky-payload>
<sky-payload>"<rich_update>[bold cyan]Launching[/]  \u001b[2mView logs: sky api logs -l sky-2025-03-17-20-21-52-037804/provision.log\u001b[0m</rich_update>"</sky-payload>
<sky-payload>"<rich_update>[bold cyan]Launching[/]  \u001b[2mView logs: sky api logs -l sky-2025-03-17-20-21-52-037804/provision.log\u001b[0m</rich_update>"</sky-payload>
I 03-17 20:21:52 cloud_vm_ray_backend.py:1520] [0m⚙︎ Launching on AWS us-east-1[0m (us-east-1a,us-east-1b,us-east-1c,us-east-1d).
[2mW 03-17 20:21:55 instance.py:243] create_instances: Attempt failed with An error occurred (VcpuLimitExceeded) when calling the RunInstances operation: You have requested more vCPU capacity than your current vCPU limit of 64 allows for the instance bucket that the specified instance type belongs to. Please visit http://aws.amazon.com/contact-us/ec2-request to request an adjustment to this limit.[0m
[2mW 03-17 20:22:00 instance.py:243] create_instances: Attempt failed with An error occurred (VcpuLimitExceeded) when calling the RunInstances operation: You have requested more vCPU capacity than your current vCPU limit of 64 allows for the instance bucket that the specified instance type belongs to. Please visit http://aws.amazon.com/contact-us/ec2-request to request an adjustment to this limit.[0m
[2mW 03-17 20:22:01 instance.py:243] create_instances: Attempt failed with An error occurred (VcpuLimitExceeded) when calling the RunInstances operation: You have requested more vCPU capacity than your current vCPU limit of 64 allows for the instance bucket that the specified instance type belongs to. Please visit http://aws.amazon.com/contact-us/ec2-request to request an adjustment to this limit.[0m
W 03-17 20:22:01 cloud_vm_ray_backend.py:2061] sky.exceptions.ResourcesUnavailableError: Failed to acquire resources in all zones in us-east-1 for {AWS(cpus=4, {'L4': 1})}. 
W 03-17 20:22:01 cloud_vm_ray_backend.py:2097] 
W 03-17 20:22:01 cloud_vm_ray_backend.py:2097] [0m[33m↺[0m Trying other potential resources.
<sky-payload>"<rich_update>[bold cyan]Looking for resources[/]  \u001b[2mView logs: sky api logs -l sky-2025-03-17-20-21-52-037804/provision.log\u001b[0m</rich_update>"</sky-payload>
<sky-payload>"<rich_update>[bold cyan]Optimizing[/]</rich_update>"</sky-payload>
<sky-payload>"<rich_start>[bold cyan]Launching[/]</rich_start>"</sky-payload>
I 03-17 20:22:01 optimizer.py:736] [1mTarget:[0m minimizing cost
I 03-17 20:22:01 optimizer.py:749] [1mEstimated cost: [0m$0.8 / hour
I 03-17 20:22:01 optimizer.py:749] 
I 03-17 20:22:01 optimizer.py:884] Considered resources (1 node):
I 03-17 20:22:01 optimizer.py:952] ----------------------------------------------------------------------------------------
I 03-17 20:22:01 optimizer.py:952]  CLOUD   INSTANCE    vCPUs   Mem(GB)   ACCELERATORS   REGION/ZONE   COST ($)   CHOSEN   
I 03-17 20:22:01 optimizer.py:952] ----------------------------------------------------------------------------------------
I 03-17 20:22:01 optimizer.py:952]  AWS     g6.xlarge   4       16        L4:1           us-east-2     0.80       [32m   ✔[0m     
I 03-17 20:22:01 optimizer.py:952] ----------------------------------------------------------------------------------------
<sky-payload>"<rich_update>[bold cyan]Looking for resources[/]  \u001b[2mView logs: sky api logs -l sky-2025-03-17-20-21-52-037804/provision.log\u001b[0m</rich_update>"</sky-payload>
<sky-payload>"<rich_update>[bold cyan]Launching[/]  \u001b[2mView logs: sky api logs -l sky-2025-03-17-20-21-52-037804/provision.log\u001b[0m</rich_update>"</sky-payload>
I 03-17 20:22:01 cloud_vm_ray_backend.py:1520] [0m⚙︎ Launching on AWS us-east-2[0m (us-east-2a,us-east-2b,us-east-2c).
[2mW 03-17 20:22:04 instance.py:243] create_instances: Attempt failed with An error occurred (VcpuLimitExceeded) when calling the RunInstances operation: You have requested more vCPU capacity than your current vCPU limit of 128 allows for the instance bucket that the specified instance type belongs to. Please visit http://aws.amazon.com/contact-us/ec2-request to request an adjustment to this limit.[0m
[2mW 03-17 20:22:10 instance.py:243] create_instances: Attempt failed with An error occurred (VcpuLimitExceeded) when calling the RunInstances operation: You have requested more vCPU capacity than your current vCPU limit of 128 allows for the instance bucket that the specified instance type belongs to. Please visit http://aws.amazon.com/contact-us/ec2-request to request an adjustment to this limit.[0m
[2mW 03-17 20:22:11 instance.py:243] create_instances: Attempt failed with An error occurred (VcpuLimitExceeded) when calling the RunInstances operation: You have requested more vCPU capacity than your current vCPU limit of 128 allows for the instance bucket that the specified instance type belongs to. Please visit http://aws.amazon.com/contact-us/ec2-request to request an adjustment to this limit.[0m
W 03-17 20:22:12 cloud_vm_ray_backend.py:2061] sky.exceptions.ResourcesUnavailableError: Failed to acquire resources in all zones in us-east-2 for {AWS(cpus=4, {'L4': 1})}. 
W 03-17 20:22:12 cloud_vm_ray_backend.py:2097] 
W 03-17 20:22:12 cloud_vm_ray_backend.py:2097] [0m[33m↺[0m Trying other potential resources.
<sky-payload>"<rich_update>[bold cyan]Looking for resources[/]  \u001b[2mView logs: sky api logs -l sky-2025-03-17-20-21-52-037804/provision.log\u001b[0m</rich_update>"</sky-payload>
<sky-payload>"<rich_update>[bold cyan]Optimizing[/]</rich_update>"</sky-payload>
<sky-payload>"<rich_start>[bold cyan]Launching[/]</rich_start>"</sky-payload>
I 03-17 20:22:12 optimizer.py:736] [1mTarget:[0m minimizing cost
I 03-17 20:22:12 optimizer.py:749] [1mEstimated cost: [0m$0.8 / hour
I 03-17 20:22:12 optimizer.py:749] 
I 03-17 20:22:12 optimizer.py:884] Considered resources (1 node):
I 03-17 20:22:12 optimizer.py:952] ----------------------------------------------------------------------------------------
I 03-17 20:22:12 optimizer.py:952]  CLOUD   INSTANCE    vCPUs   Mem(GB)   ACCELERATORS   REGION/ZONE   COST ($)   CHOSEN   
I 03-17 20:22:12 optimizer.py:952] ----------------------------------------------------------------------------------------
I 03-17 20:22:12 optimizer.py:952]  AWS     g6.xlarge   4       16        L4:1           us-west-2     0.80       [32m   ✔[0m     
I 03-17 20:22:12 optimizer.py:952] ----------------------------------------------------------------------------------------
<sky-payload>"<rich_update>[bold cyan]Looking for resources[/]  \u001b[2mView logs: sky api logs -l sky-2025-03-17-20-21-52-037804/provision.log\u001b[0m</rich_update>"</sky-payload>
<sky-payload>"<rich_update>[bold cyan]Launching[/]  \u001b[2mView logs: sky api logs -l sky-2025-03-17-20-21-52-037804/provision.log\u001b[0m</rich_update>"</sky-payload>
I 03-17 20:22:12 cloud_vm_ray_backend.py:1520] [0m⚙︎ Launching on AWS us-west-2[0m (us-west-2a,us-west-2b,us-west-2c,us-west-2d).
[2mW 03-17 20:22:16 instance.py:243] create_instances: Attempt failed with An error occurred (VcpuLimitExceeded) when calling the RunInstances operation: You have requested more vCPU capacity than your current vCPU limit of 64 allows for the instance bucket that the specified instance type belongs to. Please visit http://aws.amazon.com/contact-us/ec2-request to request an adjustment to this limit.[0m
[2mW 03-17 20:22:17 instance.py:243] create_instances: Attempt failed with An error occurred (VcpuLimitExceeded) when calling the RunInstances operation: You have requested more vCPU capacity than your current vCPU limit of 64 allows for the instance bucket that the specified instance type belongs to. Please visit http://aws.amazon.com/contact-us/ec2-request to request an adjustment to this limit.[0m
[2mW 03-17 20:22:23 instance.py:243] create_instances: Attempt failed with An error occurred (VcpuLimitExceeded) when calling the RunInstances operation: You have requested more vCPU capacity than your current vCPU limit of 64 allows for the instance bucket that the specified instance type belongs to. Please visit http://aws.amazon.com/contact-us/ec2-request to request an adjustment to this limit.[0m
[2mW 03-17 20:22:38 instance.py:243] create_instances: Attempt failed with An error occurred (VcpuLimitExceeded) when calling the RunInstances operation: You have requested more vCPU capacity than your current vCPU limit of 64 allows for the instance bucket that the specified instance type belongs to. Please visit http://aws.amazon.com/contact-us/ec2-request to request an adjustment to this limit.[0m
W 03-17 20:22:39 cloud_vm_ray_backend.py:2061] sky.exceptions.ResourcesUnavailableError: Failed to acquire resources in all zones in us-west-2 for {AWS(cpus=4, {'L4': 1})}. 
W 03-17 20:22:39 cloud_vm_ray_backend.py:2097] 
W 03-17 20:22:39 cloud_vm_ray_backend.py:2097] [0m[33m↺[0m Trying other potential resources.
<sky-payload>"<rich_update>[bold cyan]Looking for resources[/]  \u001b[2mView logs: sky api logs -l sky-2025-03-17-20-21-52-037804/provision.log\u001b[0m</rich_update>"</sky-payload>
<sky-payload>"<rich_update>[bold cyan]Optimizing[/]</rich_update>"</sky-payload>
<sky-payload>"<rich_start>[bold cyan]Launching[/]</rich_start>"</sky-payload>
I 03-17 20:22:39 optimizer.py:736] [1mTarget:[0m minimizing cost
I 03-17 20:22:39 optimizer.py:749] [1mEstimated cost: [0m$0.9 / hour
I 03-17 20:22:39 optimizer.py:749] 
I 03-17 20:22:39 optimizer.py:884] Considered resources (1 node):
I 03-17 20:22:39 optimizer.py:952] ----------------------------------------------------------------------------------------
I 03-17 20:22:39 optimizer.py:952]  CLOUD   INSTANCE    vCPUs   Mem(GB)   ACCELERATORS   REGION/ZONE   COST ($)   CHOSEN   
I 03-17 20:22:39 optimizer.py:952] ----------------------------------------------------------------------------------------
I 03-17 20:22:39 optimizer.py:952]  AWS     g6.xlarge   4       16        L4:1           eu-north-1    0.85       [32m   ✔[0m     
I 03-17 20:22:39 optimizer.py:952] ----------------------------------------------------------------------------------------
<sky-payload>"<rich_update>[bold cyan]Looking for resources[/]  \u001b[2mView logs: sky api logs -l sky-2025-03-17-20-21-52-037804/provision.log\u001b[0m</rich_update>"</sky-payload>
<sky-payload>"<rich_update>[bold cyan]Launching[/]  \u001b[2mView logs: sky api logs -l sky-2025-03-17-20-21-52-037804/provision.log\u001b[0m</rich_update>"</sky-payload>
I 03-17 20:22:39 cloud_vm_ray_backend.py:1520] [0m⚙︎ Launching on AWS eu-north-1[0m (eu-north-1a,eu-north-1b).
[2mW 03-17 20:22:46 instance.py:243] create_instances: Attempt failed with An error occurred (VcpuLimitExceeded) when calling the RunInstances operation: You have requested more vCPU capacity than your current vCPU limit of 64 allows for the instance bucket that the specified instance type belongs to. Please visit http://aws.amazon.com/contact-us/ec2-request to request an adjustment to this limit.[0m
[2mW 03-17 20:22:48 instance.py:243] create_instances: Attempt failed with An error occurred (VcpuLimitExceeded) when calling the RunInstances operation: You have requested more vCPU capacity than your current vCPU limit of 64 allows for the instance bucket that the specified instance type belongs to. Please visit http://aws.amazon.com/contact-us/ec2-request to request an adjustment to this limit.[0m
W 03-17 20:22:49 cloud_vm_ray_backend.py:2061] sky.exceptions.ResourcesUnavailableError: Failed to acquire resources in all zones in eu-north-1 for {AWS(cpus=4, {'L4': 1})}. 
W 03-17 20:22:49 cloud_vm_ray_backend.py:2097] 
W 03-17 20:22:49 cloud_vm_ray_backend.py:2097] [0m[33m↺[0m Trying other potential resources.
<sky-payload>"<rich_update>[bold cyan]Looking for resources[/]  \u001b[2mView logs: sky api logs -l sky-2025-03-17-20-21-52-037804/provision.log\u001b[0m</rich_update>"</sky-payload>
<sky-payload>"<rich_update>[bold cyan]Optimizing[/]</rich_update>"</sky-payload>
<sky-payload>"<rich_start>[bold cyan]Launching[/]</rich_start>"</sky-payload>
I 03-17 20:22:49 optimizer.py:736] [1mTarget:[0m minimizing cost
I 03-17 20:22:49 optimizer.py:749] [1mEstimated cost: [0m$0.9 / hour
I 03-17 20:22:49 optimizer.py:749] 
I 03-17 20:22:49 optimizer.py:884] Considered resources (1 node):
I 03-17 20:22:49 optimizer.py:952] -----------------------------------------------------------------------------------------
I 03-17 20:22:49 optimizer.py:952]  CLOUD   INSTANCE    vCPUs   Mem(GB)   ACCELERATORS   REGION/ZONE    COST ($)   CHOSEN   
I 03-17 20:22:49 optimizer.py:952] -----------------------------------------------------------------------------------------
I 03-17 20:22:49 optimizer.py:952]  AWS     g6.xlarge   4       16        L4:1           ca-central-1   0.89       [32m   ✔[0m     
I 03-17 20:22:49 optimizer.py:952] -----------------------------------------------------------------------------------------
<sky-payload>"<rich_update>[bold cyan]Looking for resources[/]  \u001b[2mView logs: sky api logs -l sky-2025-03-17-20-21-52-037804/provision.log\u001b[0m</rich_update>"</sky-payload>
<sky-payload>"<rich_update>[bold cyan]Launching[/]  \u001b[2mView logs: sky api logs -l sky-2025-03-17-20-21-52-037804/provision.log\u001b[0m</rich_update>"</sky-payload>
I 03-17 20:22:49 cloud_vm_ray_backend.py:1520] [0m⚙︎ Launching on AWS ca-central-1[0m (ca-central-1a,ca-central-1b).
[2mW 03-17 20:22:52 instance.py:243] create_instances: Attempt failed with An error occurred (VcpuLimitExceeded) when calling the RunInstances operation: You have requested more vCPU capacity than your current vCPU limit of 64 allows for the instance bucket that the specified instance type belongs to. Please visit http://aws.amazon.com/contact-us/ec2-request to request an adjustment to this limit.[0m
[2mW 03-17 20:22:53 instance.py:243] create_instances: Attempt failed with An error occurred (VcpuLimitExceeded) when calling the RunInstances operation: You have requested more vCPU capacity than your current vCPU limit of 64 allows for the instance bucket that the specified instance type belongs to. Please visit http://aws.amazon.com/contact-us/ec2-request to request an adjustment to this limit.[0m
W 03-17 20:22:53 cloud_vm_ray_backend.py:2061] sky.exceptions.ResourcesUnavailableError: Failed to acquire resources in all zones in ca-central-1 for {AWS(cpus=4, {'L4': 1})}. 
W 03-17 20:22:53 cloud_vm_ray_backend.py:2097] 
W 03-17 20:22:53 cloud_vm_ray_backend.py:2097] [0m[33m↺[0m Trying other potential resources.
<sky-payload>"<rich_update>[bold cyan]Looking for resources[/]  \u001b[2mView logs: sky api logs -l sky-2025-03-17-20-21-52-037804/provision.log\u001b[0m</rich_update>"</sky-payload>
<sky-payload>"<rich_update>[bold cyan]Optimizing[/]</rich_update>"</sky-payload>
<sky-payload>"<rich_start>[bold cyan]Launching[/]</rich_start>"</sky-payload>
I 03-17 20:22:53 optimizer.py:736] [1mTarget:[0m minimizing cost
I 03-17 20:22:53 optimizer.py:749] [1mEstimated cost: [0m$1.0 / hour
I 03-17 20:22:53 optimizer.py:749] 
I 03-17 20:22:53 optimizer.py:884] Considered resources (1 node):
I 03-17 20:22:53 optimizer.py:952] ----------------------------------------------------------------------------------------
I 03-17 20:22:53 optimizer.py:952]  CLOUD   INSTANCE    vCPUs   Mem(GB)   ACCELERATORS   REGION/ZONE   COST ($)   CHOSEN   
I 03-17 20:22:53 optimizer.py:952] ----------------------------------------------------------------------------------------
I 03-17 20:22:53 optimizer.py:952]  AWS     g6.xlarge   4       16        L4:1           ap-south-1    0.97       [32m   ✔[0m     
I 03-17 20:22:53 optimizer.py:952] ----------------------------------------------------------------------------------------
<sky-payload>"<rich_update>[bold cyan]Looking for resources[/]  \u001b[2mView logs: sky api logs -l sky-2025-03-17-20-21-52-037804/provision.log\u001b[0m</rich_update>"</sky-payload>
<sky-payload>"<rich_update>[bold cyan]Launching[/]  \u001b[2mView logs: sky api logs -l sky-2025-03-17-20-21-52-037804/provision.log\u001b[0m</rich_update>"</sky-payload>
I 03-17 20:22:54 cloud_vm_ray_backend.py:1520] [0m⚙︎ Launching on AWS ap-south-1[0m (ap-south-1a,ap-south-1b).
<sky-payload>"<rich_update>[bold cyan]Launching - Checking instance status[/]  \u001b[2mView logs: sky api logs -l sky-2025-03-17-20-21-52-037804/provision.log\u001b[0m</rich_update>"</sky-payload>
<sky-payload>"<rich_update>[bold cyan]Launching - Waiting for SSH access[/]  \u001b[2mView logs: sky api logs -l sky-2025-03-17-20-21-52-037804/provision.log\u001b[0m</rich_update>"</sky-payload>
<sky-payload>"<rich_start>[bold cyan]Launching[/]</rich_start>"</sky-payload>
I 03-17 20:23:35 provisioner.py:451] [2m└── [0m[2mInstance is up.[0m
<sky-payload>"<rich_update>[bold cyan]Preparing SkyPilot runtime (1/3 - initializing)[/]  \u001b[2mView logs: sky api logs -l sky-2025-03-17-20-21-52-037804/provision.log\u001b[0m</rich_update>"</sky-payload>
<sky-payload>"<rich_update>[bold cyan]Preparing SkyPilot runtime (2/3 - dependencies)[/]  \u001b[2mView logs: sky api logs -l sky-2025-03-17-20-21-52-037804/provision.log\u001b[0m</rich_update>"</sky-payload>
<sky-payload>"<rich_update>[bold cyan]Preparing SkyPilot runtime (3/3 - runtime)[/]  \u001b[2mView logs: sky api logs -l sky-2025-03-17-20-21-52-037804/provision.log\u001b[0m</rich_update>"</sky-payload>
<sky-payload>"<rich_update>[bold cyan]Launching - Checking instance status[/]  \u001b[2mView logs: sky api logs -l sky-2025-03-17-20-21-52-037804/provision.log\u001b[0m</rich_update>"</sky-payload>
I 03-17 20:24:05 provisioner.py:632] [0m[32m✓ Cluster launched: compute-text-vectors-136.[0m  [2mView logs: sky api logs -l sky-2025-03-17-20-21-52-037804/provision.log[0m
<sky-payload>"<rich_exit></rich_exit>"</sky-payload>
I 03-17 20:24:05 execution.py:332] [0m⚙︎ Syncing files.
<sky-payload>"<rich_init>[bold cyan]Syncing files[/]</rich_init>"</sky-payload>
<sky-payload>"<rich_update>[bold cyan]Syncing files[/]</rich_update>"</sky-payload>
<sky-payload>"<rich_start>[bold cyan]Syncing files[/]</rich_start>"</sky-payload>
<sky-payload>"<rich_update>[bold cyan]Syncing file mounts[/]  \u001b[2mView logs: sky api logs -l sky-2025-03-17-20-21-52-037804/file_mounts.log\u001b[0m</rich_update>"</sky-payload>
I 03-17 20:24:05 backend_utils.py:1315]   [2mSyncing (to 1 node): s3://skypilot-filemounts-root-726f1974-lp4ewdao/job-lp4ewdao/workdir -> ~/sky_workdir[0m
I 03-17 20:24:08 cloud_vm_ray_backend.py:4801] [0m[32m✓ Synced file_mounts.[0m  [2mView logs: sky api logs -l sky-2025-03-17-20-21-52-037804/file_mounts.log[0m
<sky-payload>"<rich_update>[bold cyan]Mounting 1 storage[/]  \u001b[2mView logs: sky api logs -l sky-2025-03-17-20-21-52-037804/storage_mounts.log\u001b[0m</rich_update>"</sky-payload>
I 03-17 20:24:08 backend_utils.py:1315]   [2mMounting (to 1 node): s3://sky-text-embeddings-multi-cluster-final -> /output[0m
I 03-17 20:24:12 cloud_vm_ray_backend.py:4892] [0m[32m✓ Storage mounted.[0m  [2mView logs: sky api logs -l sky-2025-03-17-20-21-52-037804/storage_mounts.log[0m
<sky-payload>"<rich_exit></rich_exit>"</sky-payload>
<sky-payload>"<rich_init>[bold cyan]Running setup[/]</rich_init>"</sky-payload>
<sky-payload>"<rich_update>[bold cyan]Running setup[/]</rich_update>"</sky-payload>
<sky-payload>"<rich_start>[bold cyan]Running setup[/]</rich_start>"</sky-payload>
<sky-payload>"<rich_stop></rich_stop>"</sky-payload>
I 03-17 20:24:15 cloud_vm_ray_backend.py:3357] [0m[32m✓ Setup detached.[0m
<sky-payload>"<rich_exit></rich_exit>"</sky-payload>
<sky-payload>"<rich_init>[bold cyan]Submitting job[/]</rich_init>"</sky-payload>
<sky-payload>"<rich_update>[bold cyan]Submitting job[/]</rich_update>"</sky-payload>
<sky-payload>"<rich_start>[bold cyan]Submitting job[/]</rich_start>"</sky-payload>
I 03-17 20:24:18 cloud_vm_ray_backend.py:3460] [0m⚙︎ Job submitted, ID: 1
<sky-payload>"<rich_stop></rich_stop>"</sky-payload>
<sky-payload>"<rich_exit></rich_exit>"</sky-payload>

[?25hI 03-17 20:24:19 recovery_strategy.py:289] Managed job cluster launched.
I 03-17 20:24:22 utils.py:131] === Checking the job status... ===
I 03-17 20:24:23 utils.py:137] Job status: JobStatus.SETTING_UP
I 03-17 20:24:23 utils.py:140] ==================================
I 03-17 20:24:24 state.py:471] Job started.
I 03-17 20:24:45 utils.py:131] === Checking the job status... ===
I 03-17 20:24:46 utils.py:137] Job status: JobStatus.SETTING_UP
I 03-17 20:24:46 utils.py:140] ==================================
I 03-17 20:25:06 utils.py:131] === Checking the job status... ===
I 03-17 20:25:07 utils.py:137] Job status: JobStatus.SETTING_UP
I 03-17 20:25:07 utils.py:140] ==================================
I 03-17 20:25:27 utils.py:131] === Checking the job status... ===
I 03-17 20:25:28 utils.py:137] Job status: JobStatus.SETTING_UP
I 03-17 20:25:28 utils.py:140] ==================================
I 03-17 20:25:48 utils.py:131] === Checking the job status... ===
I 03-17 20:25:49 utils.py:137] Job status: JobStatus.SETTING_UP
I 03-17 20:25:49 utils.py:140] ==================================
I 03-17 20:26:09 utils.py:131] === Checking the job status... ===
I 03-17 20:26:10 utils.py:137] Job status: JobStatus.SETTING_UP
I 03-17 20:26:10 utils.py:140] ==================================
I 03-17 20:26:30 utils.py:131] === Checking the job status... ===
I 03-17 20:26:32 utils.py:137] Job status: JobStatus.RUNNING
I 03-17 20:26:32 utils.py:140] ==================================
I 03-17 20:26:52 utils.py:131] === Checking the job status... ===
I 03-17 20:26:53 utils.py:137] Job status: JobStatus.RUNNING
I 03-17 20:26:53 utils.py:140] ==================================
I 03-17 20:27:13 utils.py:131] === Checking the job status... ===
I 03-17 20:27:15 utils.py:137] Job status: JobStatus.RUNNING
I 03-17 20:27:15 utils.py:140] ==================================
I 03-17 20:27:35 utils.py:131] === Checking the job status... ===
I 03-17 20:27:37 utils.py:137] Job status: JobStatus.RUNNING
I 03-17 20:27:37 utils.py:140] ==================================
I 03-17 20:27:57 utils.py:131] === Checking the job status... ===
I 03-17 20:27:58 utils.py:137] Job status: JobStatus.RUNNING
I 03-17 20:27:58 utils.py:140] ==================================
I 03-17 20:28:18 utils.py:131] === Checking the job status... ===
I 03-17 20:28:20 utils.py:137] Job status: JobStatus.RUNNING
I 03-17 20:28:20 utils.py:140] ==================================
I 03-17 20:28:40 utils.py:131] === Checking the job status... ===
I 03-17 20:28:41 utils.py:137] Job status: JobStatus.RUNNING
I 03-17 20:28:41 utils.py:140] ==================================
I 03-17 20:29:01 utils.py:131] === Checking the job status... ===
I 03-17 20:29:03 utils.py:137] Job status: JobStatus.RUNNING
I 03-17 20:29:03 utils.py:140] ==================================
I 03-17 20:29:23 utils.py:131] === Checking the job status... ===
I 03-17 20:29:24 utils.py:137] Job status: JobStatus.RUNNING
I 03-17 20:29:24 utils.py:140] ==================================
I 03-17 20:29:44 utils.py:131] === Checking the job status... ===
I 03-17 20:29:45 utils.py:137] Job status: JobStatus.RUNNING
I 03-17 20:29:45 utils.py:140] ==================================
I 03-17 20:30:05 utils.py:131] === Checking the job status... ===
I 03-17 20:30:09 utils.py:137] Job status: JobStatus.RUNNING
I 03-17 20:30:09 utils.py:140] ==================================
I 03-17 20:30:29 utils.py:131] === Checking the job status... ===
I 03-17 20:30:32 utils.py:137] Job status: JobStatus.RUNNING
I 03-17 20:30:32 utils.py:140] ==================================
I 03-17 20:30:52 utils.py:131] === Checking the job status... ===
I 03-17 20:30:55 utils.py:137] Job status: JobStatus.RUNNING
I 03-17 20:30:55 utils.py:140] ==================================
I 03-17 20:31:16 utils.py:131] === Checking the job status... ===
I 03-17 20:31:17 utils.py:137] Job status: JobStatus.RUNNING
I 03-17 20:31:17 utils.py:140] ==================================
I 03-17 20:31:37 utils.py:131] === Checking the job status... ===
I 03-17 20:31:38 utils.py:137] Job status: JobStatus.RUNNING
I 03-17 20:31:38 utils.py:140] ==================================
I 03-17 20:31:58 utils.py:131] === Checking the job status... ===
I 03-17 20:31:59 utils.py:137] Job status: JobStatus.RUNNING
I 03-17 20:31:59 utils.py:140] ==================================
I 03-17 20:32:19 utils.py:131] === Checking the job status... ===
I 03-17 20:32:20 utils.py:137] Job status: JobStatus.RUNNING
I 03-17 20:32:20 utils.py:140] ==================================
I 03-17 20:32:40 utils.py:131] === Checking the job status... ===
I 03-17 20:32:41 utils.py:137] Job status: JobStatus.RUNNING
I 03-17 20:32:41 utils.py:140] ==================================
I 03-17 20:33:01 utils.py:131] === Checking the job status... ===
I 03-17 20:33:02 utils.py:137] Job status: JobStatus.RUNNING
I 03-17 20:33:02 utils.py:140] ==================================
I 03-17 20:33:22 utils.py:131] === Checking the job status... ===
I 03-17 20:33:23 utils.py:137] Job status: JobStatus.RUNNING
I 03-17 20:33:23 utils.py:140] ==================================
I 03-17 20:33:43 utils.py:131] === Checking the job status... ===
I 03-17 20:33:44 utils.py:137] Job status: JobStatus.RUNNING
I 03-17 20:33:44 utils.py:140] ==================================
I 03-17 20:34:05 utils.py:131] === Checking the job status... ===
I 03-17 20:34:05 utils.py:137] Job status: JobStatus.RUNNING
I 03-17 20:34:05 utils.py:140] ==================================
I 03-17 20:34:26 utils.py:131] === Checking the job status... ===
I 03-17 20:34:27 utils.py:137] Job status: JobStatus.RUNNING
I 03-17 20:34:27 utils.py:140] ==================================
I 03-17 20:34:47 utils.py:131] === Checking the job status... ===
I 03-17 20:34:48 utils.py:137] Job status: JobStatus.SUCCEEDED
I 03-17 20:34:48 utils.py:140] ==================================
I 03-17 20:34:49 state.py:561] Job succeeded.
I 03-17 20:34:49 controller.py:238] Managed job 136 (task: 0) SUCCEEDED. Cleaning up the cluster compute-text-vectors-136.
E 03-17 20:34:52 controller_utils.py:376] Failed to find the logs for the user program at ~/sky_logs/managed_jobs/sky-2025-03-17-20-21-52-037804/run.log.
I 03-17 20:34:52 controller.py:117] 
I 03-17 20:34:52 controller.py:117] == End of logs (ID: 136) ==
I 03-17 20:35:00 state.py:656] Cancellation skipped, job is already terminal
I 03-17 20:35:00 state.py:677] Cancellation skipped, job is not CANCELLING
I 03-17 20:35:02 controller.py:552] Killing controller process 66523.
I 03-17 20:35:02 controller.py:560] Controller process 66523 killed.
I 03-17 20:35:02 controller.py:562] Cleaning up any cluster for job 136.
I 03-17 20:35:03 storage.py:699] Verifying bucket for storage skypilot-filemounts-root-726f1974-lp4ewdao
<sky-payload>"<rich_init>[bold cyan]Deleting S3 bucket [green]skypilot-filemounts-root-726f1974-lp4ewdao[/][/]</rich_init>"</sky-payload>
<sky-payload>"<rich_update>[bold cyan]Deleting S3 bucket [green]skypilot-filemounts-root-726f1974-lp4ewdao[/][/]</rich_update>"</sky-payload>
<sky-payload>"<rich_start>[bold cyan]Deleting S3 bucket [green]skypilot-filemounts-root-726f1974-lp4ewdao[/][/]</rich_start>"</sky-payload>
<sky-payload>"<rich_exit></rich_exit>"</sky-payload>
I 03-17 20:35:05 storage.py:1505] [32mDeleted S3 bucket skypilot-filemounts-root-726f1974-lp4ewdao.[0m
I 03-17 20:35:05 controller.py:571] Cluster of managed job 136 has been cleaned up.
