I 03-17 20:19:00 controller.py:59] DAG:
I 03-17 20:19:00 controller.py:59] [Task<name=compute-text-vectors>(run='# Initialize and dow...')
I 03-17 20:19:00 controller.py:59]   resources: AWS(cpus=4, {'L4': 1})]
I 03-17 20:19:00 controller.py:195] Submitted managed job 16 (task: 0, name: 'compute-text-vectors'); SKYPILOT_TASK_ID: sky-managed-2025-03-17-20-19-00-867456_compute-text-vectors_16-0
I 03-17 20:19:00 controller.py:199] Started monitoring.
I 03-17 20:19:00 state.py:451] Launching the spot cluster...
I 03-17 20:19:01 storage.py:1058] Storage type StoreType.S3 already exists.
<sky-payload>"<rich_init>[bold cyan]Optimizing[/]</rich_init>"</sky-payload>
<sky-payload>"<rich_update>[bold cyan]Optimizing[/]</rich_update>"</sky-payload>
<sky-payload>"<rich_start>[bold cyan]Optimizing[/]</rich_start>"</sky-payload>
I 03-17 20:19:01 optimizer.py:736] [1mTarget:[0m minimizing cost
I 03-17 20:19:01 optimizer.py:749] [1mEstimated cost: [0m$0.8 / hour
I 03-17 20:19:01 optimizer.py:749] 
I 03-17 20:19:01 optimizer.py:884] Considered resources (1 node):
I 03-17 20:19:01 optimizer.py:952] ----------------------------------------------------------------------------------------
I 03-17 20:19:01 optimizer.py:952]  CLOUD   INSTANCE    vCPUs   Mem(GB)   ACCELERATORS   REGION/ZONE   COST ($)   CHOSEN   
I 03-17 20:19:01 optimizer.py:952] ----------------------------------------------------------------------------------------
I 03-17 20:19:01 optimizer.py:952]  AWS     g6.xlarge   4       16        L4:1           us-east-1     0.80       [32m   ✔[0m     
I 03-17 20:19:01 optimizer.py:952] ----------------------------------------------------------------------------------------
<sky-payload>"<rich_exit></rich_exit>"</sky-payload>
<sky-payload>"<rich_init>[bold cyan]Launching[/]</rich_init>"</sky-payload>
<sky-payload>"<rich_update>[bold cyan]Launching[/]</rich_update>"</sky-payload>
<sky-payload>"<rich_start>[bold cyan]Launching[/]</rich_start>"</sky-payload>
<sky-payload>"<rich_update>[bold cyan]Launching[/]  \u001b[2mView logs: sky api logs -l sky-2025-03-17-20-19-01-549942/provision.log\u001b[0m</rich_update>"</sky-payload>
<sky-payload>"<rich_update>[bold cyan]Launching[/]  \u001b[2mView logs: sky api logs -l sky-2025-03-17-20-19-01-549942/provision.log\u001b[0m</rich_update>"</sky-payload>
I 03-17 20:19:02 cloud_vm_ray_backend.py:1520] [0m⚙︎ Launching on AWS us-east-1[0m (us-east-1a,us-east-1b,us-east-1c,us-east-1d).
<sky-payload>"<rich_update>[bold cyan]Launching - Checking instance status[/]  \u001b[2mView logs: sky api logs -l sky-2025-03-17-20-19-01-549942/provision.log\u001b[0m</rich_update>"</sky-payload>
<sky-payload>"<rich_update>[bold cyan]Launching - Waiting for SSH access[/]  \u001b[2mView logs: sky api logs -l sky-2025-03-17-20-19-01-549942/provision.log\u001b[0m</rich_update>"</sky-payload>
<sky-payload>"<rich_start>[bold cyan]Launching[/]</rich_start>"</sky-payload>
I 03-17 20:19:28 provisioner.py:451] [2m└── [0m[2mInstance is up.[0m
<sky-payload>"<rich_update>[bold cyan]Preparing SkyPilot runtime (1/3 - initializing)[/]  \u001b[2mView logs: sky api logs -l sky-2025-03-17-20-19-01-549942/provision.log\u001b[0m</rich_update>"</sky-payload>
<sky-payload>"<rich_update>[bold cyan]Preparing SkyPilot runtime (2/3 - dependencies)[/]  \u001b[2mView logs: sky api logs -l sky-2025-03-17-20-19-01-549942/provision.log\u001b[0m</rich_update>"</sky-payload>
<sky-payload>"<rich_update>[bold cyan]Preparing SkyPilot runtime (3/3 - runtime)[/]  \u001b[2mView logs: sky api logs -l sky-2025-03-17-20-19-01-549942/provision.log\u001b[0m</rich_update>"</sky-payload>
<sky-payload>"<rich_update>[bold cyan]Launching - Checking instance status[/]  \u001b[2mView logs: sky api logs -l sky-2025-03-17-20-19-01-549942/provision.log\u001b[0m</rich_update>"</sky-payload>
I 03-17 20:19:52 provisioner.py:632] [0m[32m✓ Cluster launched: compute-text-vectors-16.[0m  [2mView logs: sky api logs -l sky-2025-03-17-20-19-01-549942/provision.log[0m
<sky-payload>"<rich_exit></rich_exit>"</sky-payload>
I 03-17 20:19:52 execution.py:332] [0m⚙︎ Syncing files.
<sky-payload>"<rich_init>[bold cyan]Syncing files[/]</rich_init>"</sky-payload>
<sky-payload>"<rich_update>[bold cyan]Syncing files[/]</rich_update>"</sky-payload>
<sky-payload>"<rich_start>[bold cyan]Syncing files[/]</rich_start>"</sky-payload>
<sky-payload>"<rich_update>[bold cyan]Syncing file mounts[/]  \u001b[2mView logs: sky api logs -l sky-2025-03-17-20-19-01-549942/file_mounts.log\u001b[0m</rich_update>"</sky-payload>
I 03-17 20:19:53 backend_utils.py:1315]   [2mSyncing (to 1 node): s3://skypilot-filemounts-root-726f1974-7izx5965/job-7izx5965/workdir -> ~/sky_workdir[0m
I 03-17 20:19:55 cloud_vm_ray_backend.py:4801] [0m[32m✓ Synced file_mounts.[0m  [2mView logs: sky api logs -l sky-2025-03-17-20-19-01-549942/file_mounts.log[0m
<sky-payload>"<rich_update>[bold cyan]Mounting 1 storage[/]  \u001b[2mView logs: sky api logs -l sky-2025-03-17-20-19-01-549942/storage_mounts.log\u001b[0m</rich_update>"</sky-payload>
I 03-17 20:19:55 backend_utils.py:1315]   [2mMounting (to 1 node): s3://sky-text-embeddings-multi-cluster-final -> /output[0m
I 03-17 20:19:57 cloud_vm_ray_backend.py:4892] [0m[32m✓ Storage mounted.[0m  [2mView logs: sky api logs -l sky-2025-03-17-20-19-01-549942/storage_mounts.log[0m
<sky-payload>"<rich_exit></rich_exit>"</sky-payload>
<sky-payload>"<rich_init>[bold cyan]Running setup[/]</rich_init>"</sky-payload>
<sky-payload>"<rich_update>[bold cyan]Running setup[/]</rich_update>"</sky-payload>
<sky-payload>"<rich_start>[bold cyan]Running setup[/]</rich_start>"</sky-payload>
<sky-payload>"<rich_stop></rich_stop>"</sky-payload>
I 03-17 20:19:57 cloud_vm_ray_backend.py:3357] [0m[32m✓ Setup detached.[0m
<sky-payload>"<rich_exit></rich_exit>"</sky-payload>
<sky-payload>"<rich_init>[bold cyan]Submitting job[/]</rich_init>"</sky-payload>
<sky-payload>"<rich_update>[bold cyan]Submitting job[/]</rich_update>"</sky-payload>
<sky-payload>"<rich_start>[bold cyan]Submitting job[/]</rich_start>"</sky-payload>
I 03-17 20:19:59 cloud_vm_ray_backend.py:3460] [0m⚙︎ Job submitted, ID: 1
<sky-payload>"<rich_stop></rich_stop>"</sky-payload>
<sky-payload>"<rich_exit></rich_exit>"</sky-payload>

[?25hI 03-17 20:19:59 recovery_strategy.py:289] Managed job cluster launched.
I 03-17 20:20:02 utils.py:131] === Checking the job status... ===
I 03-17 20:20:02 utils.py:137] Job status: JobStatus.SETTING_UP
I 03-17 20:20:02 utils.py:140] ==================================
I 03-17 20:20:03 state.py:471] Job started.
I 03-17 20:20:23 utils.py:131] === Checking the job status... ===
I 03-17 20:20:24 utils.py:137] Job status: JobStatus.SETTING_UP
I 03-17 20:20:24 utils.py:140] ==================================
I 03-17 20:20:44 utils.py:131] === Checking the job status... ===
I 03-17 20:20:44 utils.py:137] Job status: JobStatus.SETTING_UP
I 03-17 20:20:44 utils.py:140] ==================================
I 03-17 20:21:05 utils.py:131] === Checking the job status... ===
I 03-17 20:21:05 utils.py:137] Job status: JobStatus.SETTING_UP
I 03-17 20:21:05 utils.py:140] ==================================
I 03-17 20:21:25 utils.py:131] === Checking the job status... ===
I 03-17 20:21:26 utils.py:137] Job status: JobStatus.SETTING_UP
I 03-17 20:21:26 utils.py:140] ==================================
I 03-17 20:21:46 utils.py:131] === Checking the job status... ===
I 03-17 20:21:47 utils.py:137] Job status: JobStatus.SETTING_UP
I 03-17 20:21:47 utils.py:140] ==================================
I 03-17 20:22:07 utils.py:131] === Checking the job status... ===
I 03-17 20:22:07 utils.py:137] Job status: JobStatus.RUNNING
I 03-17 20:22:07 utils.py:140] ==================================
I 03-17 20:22:28 utils.py:131] === Checking the job status... ===
I 03-17 20:22:28 utils.py:137] Job status: JobStatus.RUNNING
I 03-17 20:22:28 utils.py:140] ==================================
I 03-17 20:22:49 utils.py:131] === Checking the job status... ===
I 03-17 20:22:49 utils.py:137] Job status: JobStatus.RUNNING
I 03-17 20:22:49 utils.py:140] ==================================
I 03-17 20:23:09 utils.py:131] === Checking the job status... ===
I 03-17 20:23:10 utils.py:137] Job status: JobStatus.RUNNING
I 03-17 20:23:10 utils.py:140] ==================================
I 03-17 20:23:30 utils.py:131] === Checking the job status... ===
I 03-17 20:23:31 utils.py:137] Job status: JobStatus.RUNNING
I 03-17 20:23:31 utils.py:140] ==================================
I 03-17 20:23:51 utils.py:131] === Checking the job status... ===
I 03-17 20:23:51 utils.py:137] Job status: JobStatus.RUNNING
I 03-17 20:23:51 utils.py:140] ==================================
I 03-17 20:24:11 utils.py:131] === Checking the job status... ===
I 03-17 20:24:12 utils.py:137] Job status: JobStatus.RUNNING
I 03-17 20:24:12 utils.py:140] ==================================
I 03-17 20:24:32 utils.py:131] === Checking the job status... ===
I 03-17 20:24:33 utils.py:137] Job status: JobStatus.RUNNING
I 03-17 20:24:33 utils.py:140] ==================================
I 03-17 20:24:53 utils.py:131] === Checking the job status... ===
I 03-17 20:24:53 utils.py:137] Job status: JobStatus.RUNNING
I 03-17 20:24:53 utils.py:140] ==================================
I 03-17 20:25:13 utils.py:131] === Checking the job status... ===
I 03-17 20:25:14 utils.py:137] Job status: JobStatus.RUNNING
I 03-17 20:25:14 utils.py:140] ==================================
I 03-17 20:25:34 utils.py:131] === Checking the job status... ===
I 03-17 20:25:35 utils.py:137] Job status: JobStatus.RUNNING
I 03-17 20:25:35 utils.py:140] ==================================
I 03-17 20:25:55 utils.py:131] === Checking the job status... ===
I 03-17 20:25:55 utils.py:137] Job status: JobStatus.RUNNING
I 03-17 20:25:55 utils.py:140] ==================================
I 03-17 20:26:16 utils.py:131] === Checking the job status... ===
I 03-17 20:26:16 utils.py:137] Job status: JobStatus.RUNNING
I 03-17 20:26:16 utils.py:140] ==================================
I 03-17 20:26:36 utils.py:131] === Checking the job status... ===
I 03-17 20:26:37 utils.py:137] Job status: JobStatus.RUNNING
I 03-17 20:26:37 utils.py:140] ==================================
I 03-17 20:26:57 utils.py:131] === Checking the job status... ===
I 03-17 20:26:58 utils.py:137] Job status: JobStatus.RUNNING
I 03-17 20:26:58 utils.py:140] ==================================
I 03-17 20:27:18 utils.py:131] === Checking the job status... ===
I 03-17 20:27:18 utils.py:137] Job status: JobStatus.RUNNING
I 03-17 20:27:18 utils.py:140] ==================================
I 03-17 20:27:38 utils.py:131] === Checking the job status... ===
I 03-17 20:27:39 utils.py:137] Job status: JobStatus.RUNNING
I 03-17 20:27:39 utils.py:140] ==================================
I 03-17 20:27:59 utils.py:131] === Checking the job status... ===
I 03-17 20:28:00 utils.py:137] Job status: JobStatus.RUNNING
I 03-17 20:28:00 utils.py:140] ==================================
I 03-17 20:28:20 utils.py:131] === Checking the job status... ===
I 03-17 20:28:20 utils.py:137] Job status: JobStatus.RUNNING
I 03-17 20:28:20 utils.py:140] ==================================
I 03-17 20:28:41 utils.py:131] === Checking the job status... ===
I 03-17 20:28:41 utils.py:137] Job status: JobStatus.RUNNING
I 03-17 20:28:41 utils.py:140] ==================================
I 03-17 20:29:01 utils.py:131] === Checking the job status... ===
I 03-17 20:29:02 utils.py:137] Job status: JobStatus.RUNNING
I 03-17 20:29:02 utils.py:140] ==================================
I 03-17 20:29:22 utils.py:131] === Checking the job status... ===
I 03-17 20:29:23 utils.py:137] Job status: JobStatus.RUNNING
I 03-17 20:29:23 utils.py:140] ==================================
I 03-17 20:29:43 utils.py:131] === Checking the job status... ===
I 03-17 20:29:43 utils.py:137] Job status: JobStatus.RUNNING
I 03-17 20:29:43 utils.py:140] ==================================
I 03-17 20:30:03 utils.py:131] === Checking the job status... ===
I 03-17 20:30:04 utils.py:137] Job status: JobStatus.RUNNING
I 03-17 20:30:04 utils.py:140] ==================================
I 03-17 20:30:24 utils.py:131] === Checking the job status... ===
I 03-17 20:30:25 utils.py:137] Job status: JobStatus.RUNNING
I 03-17 20:30:25 utils.py:140] ==================================
I 03-17 20:30:45 utils.py:131] === Checking the job status... ===
I 03-17 20:30:46 utils.py:137] Job status: JobStatus.RUNNING
I 03-17 20:30:46 utils.py:140] ==================================
I 03-17 20:31:06 utils.py:131] === Checking the job status... ===
I 03-17 20:31:06 utils.py:137] Job status: JobStatus.RUNNING
I 03-17 20:31:06 utils.py:140] ==================================
I 03-17 20:31:26 utils.py:131] === Checking the job status... ===
I 03-17 20:31:27 utils.py:137] Job status: JobStatus.RUNNING
I 03-17 20:31:27 utils.py:140] ==================================
I 03-17 20:31:47 utils.py:131] === Checking the job status... ===
I 03-17 20:31:48 utils.py:137] Job status: JobStatus.RUNNING
I 03-17 20:31:48 utils.py:140] ==================================
I 03-17 20:32:08 utils.py:131] === Checking the job status... ===
I 03-17 20:32:08 utils.py:137] Job status: JobStatus.RUNNING
I 03-17 20:32:08 utils.py:140] ==================================
I 03-17 20:32:28 utils.py:131] === Checking the job status... ===
I 03-17 20:32:29 utils.py:137] Job status: JobStatus.RUNNING
I 03-17 20:32:29 utils.py:140] ==================================
I 03-17 20:32:49 utils.py:131] === Checking the job status... ===
I 03-17 20:32:50 utils.py:137] Job status: JobStatus.RUNNING
I 03-17 20:32:50 utils.py:140] ==================================
I 03-17 20:33:10 utils.py:131] === Checking the job status... ===
I 03-17 20:33:10 utils.py:137] Job status: JobStatus.RUNNING
I 03-17 20:33:10 utils.py:140] ==================================
I 03-17 20:33:30 utils.py:131] === Checking the job status... ===
I 03-17 20:33:31 utils.py:137] Job status: JobStatus.RUNNING
I 03-17 20:33:31 utils.py:140] ==================================
I 03-17 20:33:51 utils.py:131] === Checking the job status... ===
I 03-17 20:33:52 utils.py:137] Job status: JobStatus.RUNNING
I 03-17 20:33:52 utils.py:140] ==================================
I 03-17 20:34:12 utils.py:131] === Checking the job status... ===
I 03-17 20:34:12 utils.py:137] Job status: JobStatus.RUNNING
I 03-17 20:34:12 utils.py:140] ==================================
I 03-17 20:34:33 utils.py:131] === Checking the job status... ===
I 03-17 20:34:33 utils.py:137] Job status: JobStatus.RUNNING
I 03-17 20:34:33 utils.py:140] ==================================
I 03-17 20:34:53 utils.py:131] === Checking the job status... ===
I 03-17 20:34:54 utils.py:137] Job status: JobStatus.RUNNING
I 03-17 20:34:54 utils.py:140] ==================================
I 03-17 20:35:14 utils.py:131] === Checking the job status... ===
I 03-17 20:35:15 utils.py:137] Job status: JobStatus.RUNNING
I 03-17 20:35:15 utils.py:140] ==================================
I 03-17 20:35:35 utils.py:131] === Checking the job status... ===
I 03-17 20:35:35 utils.py:137] Job status: JobStatus.RUNNING
I 03-17 20:35:35 utils.py:140] ==================================
I 03-17 20:35:56 utils.py:131] === Checking the job status... ===
I 03-17 20:35:56 utils.py:137] Job status: JobStatus.RUNNING
I 03-17 20:35:56 utils.py:140] ==================================
I 03-17 20:36:16 utils.py:131] === Checking the job status... ===
I 03-17 20:36:17 utils.py:137] Job status: JobStatus.RUNNING
I 03-17 20:36:17 utils.py:140] ==================================
I 03-17 20:36:37 utils.py:131] === Checking the job status... ===
I 03-17 20:36:38 utils.py:137] Job status: JobStatus.RUNNING
I 03-17 20:36:38 utils.py:140] ==================================
I 03-17 20:36:58 utils.py:131] === Checking the job status... ===
I 03-17 20:36:58 utils.py:137] Job status: JobStatus.RUNNING
I 03-17 20:36:58 utils.py:140] ==================================
I 03-17 20:37:18 utils.py:131] === Checking the job status... ===
I 03-17 20:37:19 utils.py:137] Job status: JobStatus.RUNNING
I 03-17 20:37:19 utils.py:140] ==================================
I 03-17 20:37:39 utils.py:131] === Checking the job status... ===
I 03-17 20:37:40 utils.py:137] Job status: JobStatus.RUNNING
I 03-17 20:37:40 utils.py:140] ==================================
I 03-17 20:38:00 utils.py:131] === Checking the job status... ===
I 03-17 20:38:00 utils.py:137] Job status: JobStatus.RUNNING
I 03-17 20:38:00 utils.py:140] ==================================
I 03-17 20:38:20 utils.py:131] === Checking the job status... ===
I 03-17 20:38:21 utils.py:137] Job status: JobStatus.RUNNING
I 03-17 20:38:21 utils.py:140] ==================================
I 03-17 20:38:41 utils.py:131] === Checking the job status... ===
I 03-17 20:38:42 utils.py:137] Job status: JobStatus.RUNNING
I 03-17 20:38:42 utils.py:140] ==================================
I 03-17 20:39:02 utils.py:131] === Checking the job status... ===
I 03-17 20:39:02 utils.py:137] Job status: JobStatus.RUNNING
I 03-17 20:39:02 utils.py:140] ==================================
I 03-17 20:39:23 utils.py:131] === Checking the job status... ===
I 03-17 20:39:23 utils.py:137] Job status: JobStatus.RUNNING
I 03-17 20:39:23 utils.py:140] ==================================
I 03-17 20:39:43 utils.py:131] === Checking the job status... ===
I 03-17 20:39:44 utils.py:137] Job status: JobStatus.RUNNING
I 03-17 20:39:44 utils.py:140] ==================================
I 03-17 20:40:04 utils.py:131] === Checking the job status... ===
I 03-17 20:40:05 utils.py:137] Job status: JobStatus.RUNNING
I 03-17 20:40:05 utils.py:140] ==================================
I 03-17 20:40:25 utils.py:131] === Checking the job status... ===
I 03-17 20:40:25 utils.py:137] Job status: JobStatus.RUNNING
I 03-17 20:40:25 utils.py:140] ==================================
I 03-17 20:40:45 utils.py:131] === Checking the job status... ===
I 03-17 20:40:46 utils.py:137] Job status: JobStatus.RUNNING
I 03-17 20:40:46 utils.py:140] ==================================
I 03-17 20:41:06 utils.py:131] === Checking the job status... ===
I 03-17 20:41:07 utils.py:137] Job status: JobStatus.RUNNING
I 03-17 20:41:07 utils.py:140] ==================================
I 03-17 20:41:27 utils.py:131] === Checking the job status... ===
I 03-17 20:41:27 utils.py:137] Job status: JobStatus.RUNNING
I 03-17 20:41:27 utils.py:140] ==================================
I 03-17 20:41:48 utils.py:131] === Checking the job status... ===
I 03-17 20:41:48 utils.py:137] Job status: JobStatus.RUNNING
I 03-17 20:41:48 utils.py:140] ==================================
I 03-17 20:42:08 utils.py:131] === Checking the job status... ===
I 03-17 20:42:09 utils.py:137] Job status: JobStatus.RUNNING
I 03-17 20:42:09 utils.py:140] ==================================
I 03-17 20:42:29 utils.py:131] === Checking the job status... ===
I 03-17 20:42:30 utils.py:137] Job status: JobStatus.RUNNING
I 03-17 20:42:30 utils.py:140] ==================================
I 03-17 20:42:50 utils.py:131] === Checking the job status... ===
I 03-17 20:42:50 utils.py:137] Job status: JobStatus.RUNNING
I 03-17 20:42:50 utils.py:140] ==================================
I 03-17 20:43:10 utils.py:131] === Checking the job status... ===
I 03-17 20:43:11 utils.py:137] Job status: JobStatus.RUNNING
I 03-17 20:43:11 utils.py:140] ==================================
I 03-17 20:43:31 utils.py:131] === Checking the job status... ===
I 03-17 20:43:32 utils.py:137] Job status: JobStatus.RUNNING
I 03-17 20:43:32 utils.py:140] ==================================
I 03-17 20:43:52 utils.py:131] === Checking the job status... ===
I 03-17 20:43:52 utils.py:137] Job status: JobStatus.RUNNING
I 03-17 20:43:52 utils.py:140] ==================================
I 03-17 20:44:13 utils.py:131] === Checking the job status... ===
I 03-17 20:44:13 utils.py:137] Job status: JobStatus.RUNNING
I 03-17 20:44:13 utils.py:140] ==================================
I 03-17 20:44:33 utils.py:131] === Checking the job status... ===
I 03-17 20:44:34 utils.py:137] Job status: JobStatus.RUNNING
I 03-17 20:44:34 utils.py:140] ==================================
I 03-17 20:44:54 utils.py:131] === Checking the job status... ===
I 03-17 20:44:55 utils.py:137] Job status: JobStatus.RUNNING
I 03-17 20:44:55 utils.py:140] ==================================
I 03-17 20:45:15 utils.py:131] === Checking the job status... ===
I 03-17 20:45:15 utils.py:137] Job status: JobStatus.RUNNING
I 03-17 20:45:15 utils.py:140] ==================================
I 03-17 20:45:35 utils.py:131] === Checking the job status... ===
I 03-17 20:45:36 utils.py:137] Job status: JobStatus.RUNNING
I 03-17 20:45:36 utils.py:140] ==================================
I 03-17 20:45:56 utils.py:131] === Checking the job status... ===
I 03-17 20:45:57 utils.py:137] Job status: JobStatus.RUNNING
I 03-17 20:45:57 utils.py:140] ==================================
I 03-17 20:46:17 utils.py:131] === Checking the job status... ===
I 03-17 20:46:17 utils.py:137] Job status: JobStatus.RUNNING
I 03-17 20:46:17 utils.py:140] ==================================
I 03-17 20:46:38 utils.py:131] === Checking the job status... ===
I 03-17 20:46:38 utils.py:137] Job status: JobStatus.RUNNING
I 03-17 20:46:38 utils.py:140] ==================================
I 03-17 20:46:58 utils.py:131] === Checking the job status... ===
I 03-17 20:46:59 utils.py:137] Job status: JobStatus.RUNNING
I 03-17 20:46:59 utils.py:140] ==================================
I 03-17 20:47:19 utils.py:131] === Checking the job status... ===
I 03-17 20:47:20 utils.py:137] Job status: JobStatus.RUNNING
I 03-17 20:47:20 utils.py:140] ==================================
I 03-17 20:47:40 utils.py:131] === Checking the job status... ===
I 03-17 20:47:40 utils.py:137] Job status: JobStatus.RUNNING
I 03-17 20:47:40 utils.py:140] ==================================
I 03-17 20:48:00 utils.py:131] === Checking the job status... ===
I 03-17 20:48:01 utils.py:137] Job status: JobStatus.RUNNING
I 03-17 20:48:01 utils.py:140] ==================================
I 03-17 20:48:21 utils.py:131] === Checking the job status... ===
I 03-17 20:48:22 utils.py:137] Job status: JobStatus.RUNNING
I 03-17 20:48:22 utils.py:140] ==================================
I 03-17 20:48:42 utils.py:131] === Checking the job status... ===
I 03-17 20:48:42 utils.py:137] Job status: JobStatus.RUNNING
I 03-17 20:48:42 utils.py:140] ==================================
I 03-17 20:49:03 utils.py:131] === Checking the job status... ===
I 03-17 20:49:03 utils.py:137] Job status: JobStatus.RUNNING
I 03-17 20:49:03 utils.py:140] ==================================
I 03-17 20:49:23 utils.py:131] === Checking the job status... ===
I 03-17 20:49:24 utils.py:137] Job status: JobStatus.RUNNING
I 03-17 20:49:24 utils.py:140] ==================================
I 03-17 20:49:44 utils.py:131] === Checking the job status... ===
I 03-17 20:49:45 utils.py:137] Job status: JobStatus.RUNNING
I 03-17 20:49:45 utils.py:140] ==================================
I 03-17 20:50:05 utils.py:131] === Checking the job status... ===
I 03-17 20:50:05 utils.py:137] Job status: JobStatus.RUNNING
I 03-17 20:50:05 utils.py:140] ==================================
I 03-17 20:50:25 utils.py:131] === Checking the job status... ===
I 03-17 20:50:26 utils.py:137] Job status: JobStatus.RUNNING
I 03-17 20:50:26 utils.py:140] ==================================
I 03-17 20:50:46 utils.py:131] === Checking the job status... ===
I 03-17 20:50:47 utils.py:137] Job status: JobStatus.RUNNING
I 03-17 20:50:47 utils.py:140] ==================================
I 03-17 20:51:07 utils.py:131] === Checking the job status... ===
I 03-17 20:51:07 utils.py:137] Job status: JobStatus.RUNNING
I 03-17 20:51:07 utils.py:140] ==================================
I 03-17 20:51:27 utils.py:131] === Checking the job status... ===
I 03-17 20:51:28 utils.py:137] Job status: JobStatus.RUNNING
I 03-17 20:51:28 utils.py:140] ==================================
I 03-17 20:51:48 utils.py:131] === Checking the job status... ===
I 03-17 20:51:49 utils.py:137] Job status: JobStatus.RUNNING
I 03-17 20:51:49 utils.py:140] ==================================
I 03-17 20:52:09 utils.py:131] === Checking the job status... ===
I 03-17 20:52:09 utils.py:137] Job status: JobStatus.RUNNING
I 03-17 20:52:09 utils.py:140] ==================================
I 03-17 20:52:30 utils.py:131] === Checking the job status... ===
I 03-17 20:52:30 utils.py:137] Job status: JobStatus.RUNNING
I 03-17 20:52:30 utils.py:140] ==================================
I 03-17 20:52:50 utils.py:131] === Checking the job status... ===
I 03-17 20:52:51 utils.py:137] Job status: JobStatus.RUNNING
I 03-17 20:52:51 utils.py:140] ==================================
