I 03-17 20:22:30 controller.py:59] DAG:
I 03-17 20:22:30 controller.py:59] [Task<name=compute-text-vectors>(run='# Initialize and dow...')
I 03-17 20:22:30 controller.py:59]   resources: AWS(cpus=4, {'L4': 1})]
I 03-17 20:22:30 controller.py:195] Submitted managed job 163 (task: 0, name: 'compute-text-vectors'); SKYPILOT_TASK_ID: sky-managed-2025-03-17-20-22-30-606848_compute-text-vectors_163-0
I 03-17 20:22:30 controller.py:199] Started monitoring.
I 03-17 20:22:30 state.py:451] Launching the spot cluster...
I 03-17 20:22:30 storage.py:1058] Storage type StoreType.S3 already exists.
<sky-payload>"<rich_init>[bold cyan]Optimizing[/]</rich_init>"</sky-payload>
<sky-payload>"<rich_update>[bold cyan]Optimizing[/]</rich_update>"</sky-payload>
<sky-payload>"<rich_start>[bold cyan]Optimizing[/]</rich_start>"</sky-payload>
I 03-17 20:22:31 optimizer.py:736] [1mTarget:[0m minimizing cost
I 03-17 20:22:31 optimizer.py:749] [1mEstimated cost: [0m$0.8 / hour
I 03-17 20:22:31 optimizer.py:749] 
I 03-17 20:22:31 optimizer.py:884] Considered resources (1 node):
I 03-17 20:22:31 optimizer.py:952] ----------------------------------------------------------------------------------------
I 03-17 20:22:31 optimizer.py:952]  CLOUD   INSTANCE    vCPUs   Mem(GB)   ACCELERATORS   REGION/ZONE   COST ($)   CHOSEN   
I 03-17 20:22:31 optimizer.py:952] ----------------------------------------------------------------------------------------
I 03-17 20:22:31 optimizer.py:952]  AWS     g6.xlarge   4       16        L4:1           us-east-1     0.80       [32m   ✔[0m     
I 03-17 20:22:31 optimizer.py:952] ----------------------------------------------------------------------------------------
<sky-payload>"<rich_exit></rich_exit>"</sky-payload>
<sky-payload>"<rich_init>[bold cyan]Launching[/]</rich_init>"</sky-payload>
<sky-payload>"<rich_update>[bold cyan]Launching[/]</rich_update>"</sky-payload>
<sky-payload>"<rich_start>[bold cyan]Launching[/]</rich_start>"</sky-payload>
<sky-payload>"<rich_update>[bold cyan]Launching[/]  \u001b[2mView logs: sky api logs -l sky-2025-03-17-20-22-31-272432/provision.log\u001b[0m</rich_update>"</sky-payload>
<sky-payload>"<rich_update>[bold cyan]Launching[/]  \u001b[2mView logs: sky api logs -l sky-2025-03-17-20-22-31-272432/provision.log\u001b[0m</rich_update>"</sky-payload>
I 03-17 20:22:31 cloud_vm_ray_backend.py:1520] [0m⚙︎ Launching on AWS us-east-1[0m (us-east-1a,us-east-1b,us-east-1c,us-east-1d).
[2mW 03-17 20:22:50 instance.py:243] create_instances: Attempt failed with An error occurred (VcpuLimitExceeded) when calling the RunInstances operation: You have requested more vCPU capacity than your current vCPU limit of 64 allows for the instance bucket that the specified instance type belongs to. Please visit http://aws.amazon.com/contact-us/ec2-request to request an adjustment to this limit.[0m
[2mW 03-17 20:22:58 instance.py:243] create_instances: Attempt failed with An error occurred (VcpuLimitExceeded) when calling the RunInstances operation: You have requested more vCPU capacity than your current vCPU limit of 64 allows for the instance bucket that the specified instance type belongs to. Please visit http://aws.amazon.com/contact-us/ec2-request to request an adjustment to this limit.[0m
[2mW 03-17 20:23:06 instance.py:243] create_instances: Attempt failed with An error occurred (VcpuLimitExceeded) when calling the RunInstances operation: You have requested more vCPU capacity than your current vCPU limit of 64 allows for the instance bucket that the specified instance type belongs to. Please visit http://aws.amazon.com/contact-us/ec2-request to request an adjustment to this limit.[0m
W 03-17 20:23:06 cloud_vm_ray_backend.py:2061] sky.exceptions.ResourcesUnavailableError: Failed to acquire resources in all zones in us-east-1 for {AWS(cpus=4, {'L4': 1})}. 
W 03-17 20:23:06 cloud_vm_ray_backend.py:2097] 
W 03-17 20:23:06 cloud_vm_ray_backend.py:2097] [0m[33m↺[0m Trying other potential resources.
<sky-payload>"<rich_update>[bold cyan]Looking for resources[/]  \u001b[2mView logs: sky api logs -l sky-2025-03-17-20-22-31-272432/provision.log\u001b[0m</rich_update>"</sky-payload>
<sky-payload>"<rich_update>[bold cyan]Optimizing[/]</rich_update>"</sky-payload>
<sky-payload>"<rich_start>[bold cyan]Launching[/]</rich_start>"</sky-payload>
I 03-17 20:23:06 optimizer.py:736] [1mTarget:[0m minimizing cost
I 03-17 20:23:06 optimizer.py:749] [1mEstimated cost: [0m$0.8 / hour
I 03-17 20:23:06 optimizer.py:749] 
I 03-17 20:23:06 optimizer.py:884] Considered resources (1 node):
I 03-17 20:23:06 optimizer.py:952] ----------------------------------------------------------------------------------------
I 03-17 20:23:06 optimizer.py:952]  CLOUD   INSTANCE    vCPUs   Mem(GB)   ACCELERATORS   REGION/ZONE   COST ($)   CHOSEN   
I 03-17 20:23:06 optimizer.py:952] ----------------------------------------------------------------------------------------
I 03-17 20:23:06 optimizer.py:952]  AWS     g6.xlarge   4       16        L4:1           us-east-2     0.80       [32m   ✔[0m     
I 03-17 20:23:06 optimizer.py:952] ----------------------------------------------------------------------------------------
<sky-payload>"<rich_update>[bold cyan]Looking for resources[/]  \u001b[2mView logs: sky api logs -l sky-2025-03-17-20-22-31-272432/provision.log\u001b[0m</rich_update>"</sky-payload>
<sky-payload>"<rich_update>[bold cyan]Launching[/]  \u001b[2mView logs: sky api logs -l sky-2025-03-17-20-22-31-272432/provision.log\u001b[0m</rich_update>"</sky-payload>
I 03-17 20:23:07 cloud_vm_ray_backend.py:1520] [0m⚙︎ Launching on AWS us-east-2[0m (us-east-2a,us-east-2b,us-east-2c).
[2mW 03-17 20:23:09 instance.py:243] create_instances: Attempt failed with An error occurred (VcpuLimitExceeded) when calling the RunInstances operation: You have requested more vCPU capacity than your current vCPU limit of 128 allows for the instance bucket that the specified instance type belongs to. Please visit http://aws.amazon.com/contact-us/ec2-request to request an adjustment to this limit.[0m
[2mW 03-17 20:23:10 instance.py:243] create_instances: Attempt failed with An error occurred (VcpuLimitExceeded) when calling the RunInstances operation: You have requested more vCPU capacity than your current vCPU limit of 128 allows for the instance bucket that the specified instance type belongs to. Please visit http://aws.amazon.com/contact-us/ec2-request to request an adjustment to this limit.[0m
[2mW 03-17 20:23:11 instance.py:243] create_instances: Attempt failed with An error occurred (VcpuLimitExceeded) when calling the RunInstances operation: You have requested more vCPU capacity than your current vCPU limit of 128 allows for the instance bucket that the specified instance type belongs to. Please visit http://aws.amazon.com/contact-us/ec2-request to request an adjustment to this limit.[0m
W 03-17 20:23:12 cloud_vm_ray_backend.py:2061] sky.exceptions.ResourcesUnavailableError: Failed to acquire resources in all zones in us-east-2 for {AWS(cpus=4, {'L4': 1})}. 
W 03-17 20:23:12 cloud_vm_ray_backend.py:2097] 
W 03-17 20:23:12 cloud_vm_ray_backend.py:2097] [0m[33m↺[0m Trying other potential resources.
<sky-payload>"<rich_update>[bold cyan]Looking for resources[/]  \u001b[2mView logs: sky api logs -l sky-2025-03-17-20-22-31-272432/provision.log\u001b[0m</rich_update>"</sky-payload>
<sky-payload>"<rich_update>[bold cyan]Optimizing[/]</rich_update>"</sky-payload>
<sky-payload>"<rich_start>[bold cyan]Launching[/]</rich_start>"</sky-payload>
I 03-17 20:23:12 optimizer.py:736] [1mTarget:[0m minimizing cost
I 03-17 20:23:12 optimizer.py:749] [1mEstimated cost: [0m$0.8 / hour
I 03-17 20:23:12 optimizer.py:749] 
I 03-17 20:23:12 optimizer.py:884] Considered resources (1 node):
I 03-17 20:23:12 optimizer.py:952] ----------------------------------------------------------------------------------------
I 03-17 20:23:12 optimizer.py:952]  CLOUD   INSTANCE    vCPUs   Mem(GB)   ACCELERATORS   REGION/ZONE   COST ($)   CHOSEN   
I 03-17 20:23:12 optimizer.py:952] ----------------------------------------------------------------------------------------
I 03-17 20:23:12 optimizer.py:952]  AWS     g6.xlarge   4       16        L4:1           us-west-2     0.80       [32m   ✔[0m     
I 03-17 20:23:12 optimizer.py:952] ----------------------------------------------------------------------------------------
<sky-payload>"<rich_update>[bold cyan]Looking for resources[/]  \u001b[2mView logs: sky api logs -l sky-2025-03-17-20-22-31-272432/provision.log\u001b[0m</rich_update>"</sky-payload>
<sky-payload>"<rich_update>[bold cyan]Launching[/]  \u001b[2mView logs: sky api logs -l sky-2025-03-17-20-22-31-272432/provision.log\u001b[0m</rich_update>"</sky-payload>
I 03-17 20:23:12 cloud_vm_ray_backend.py:1520] [0m⚙︎ Launching on AWS us-west-2[0m (us-west-2a,us-west-2b,us-west-2c,us-west-2d).
[2mW 03-17 20:23:20 instance.py:243] create_instances: Attempt failed with An error occurred (VcpuLimitExceeded) when calling the RunInstances operation: You have requested more vCPU capacity than your current vCPU limit of 64 allows for the instance bucket that the specified instance type belongs to. Please visit http://aws.amazon.com/contact-us/ec2-request to request an adjustment to this limit.[0m
[2mW 03-17 20:23:35 instance.py:243] create_instances: Attempt failed with An error occurred (VcpuLimitExceeded) when calling the RunInstances operation: You have requested more vCPU capacity than your current vCPU limit of 64 allows for the instance bucket that the specified instance type belongs to. Please visit http://aws.amazon.com/contact-us/ec2-request to request an adjustment to this limit.[0m
[2mW 03-17 20:23:36 instance.py:243] create_instances: Attempt failed with An error occurred (VcpuLimitExceeded) when calling the RunInstances operation: You have requested more vCPU capacity than your current vCPU limit of 64 allows for the instance bucket that the specified instance type belongs to. Please visit http://aws.amazon.com/contact-us/ec2-request to request an adjustment to this limit.[0m
[2mW 03-17 20:23:37 instance.py:243] create_instances: Attempt failed with An error occurred (VcpuLimitExceeded) when calling the RunInstances operation: You have requested more vCPU capacity than your current vCPU limit of 64 allows for the instance bucket that the specified instance type belongs to. Please visit http://aws.amazon.com/contact-us/ec2-request to request an adjustment to this limit.[0m
W 03-17 20:23:38 cloud_vm_ray_backend.py:2061] sky.exceptions.ResourcesUnavailableError: Failed to acquire resources in all zones in us-west-2 for {AWS(cpus=4, {'L4': 1})}. 
W 03-17 20:23:38 cloud_vm_ray_backend.py:2097] 
W 03-17 20:23:38 cloud_vm_ray_backend.py:2097] [0m[33m↺[0m Trying other potential resources.
<sky-payload>"<rich_update>[bold cyan]Looking for resources[/]  \u001b[2mView logs: sky api logs -l sky-2025-03-17-20-22-31-272432/provision.log\u001b[0m</rich_update>"</sky-payload>
<sky-payload>"<rich_update>[bold cyan]Optimizing[/]</rich_update>"</sky-payload>
<sky-payload>"<rich_start>[bold cyan]Launching[/]</rich_start>"</sky-payload>
I 03-17 20:23:38 optimizer.py:736] [1mTarget:[0m minimizing cost
I 03-17 20:23:38 optimizer.py:749] [1mEstimated cost: [0m$0.9 / hour
I 03-17 20:23:38 optimizer.py:749] 
I 03-17 20:23:38 optimizer.py:884] Considered resources (1 node):
I 03-17 20:23:38 optimizer.py:952] ----------------------------------------------------------------------------------------
I 03-17 20:23:38 optimizer.py:952]  CLOUD   INSTANCE    vCPUs   Mem(GB)   ACCELERATORS   REGION/ZONE   COST ($)   CHOSEN   
I 03-17 20:23:38 optimizer.py:952] ----------------------------------------------------------------------------------------
I 03-17 20:23:38 optimizer.py:952]  AWS     g6.xlarge   4       16        L4:1           eu-north-1    0.85       [32m   ✔[0m     
I 03-17 20:23:38 optimizer.py:952] ----------------------------------------------------------------------------------------
<sky-payload>"<rich_update>[bold cyan]Looking for resources[/]  \u001b[2mView logs: sky api logs -l sky-2025-03-17-20-22-31-272432/provision.log\u001b[0m</rich_update>"</sky-payload>
<sky-payload>"<rich_update>[bold cyan]Launching[/]  \u001b[2mView logs: sky api logs -l sky-2025-03-17-20-22-31-272432/provision.log\u001b[0m</rich_update>"</sky-payload>
I 03-17 20:23:38 cloud_vm_ray_backend.py:1520] [0m⚙︎ Launching on AWS eu-north-1[0m (eu-north-1a,eu-north-1b).
[2mW 03-17 20:23:45 instance.py:243] create_instances: Attempt failed with An error occurred (VcpuLimitExceeded) when calling the RunInstances operation: You have requested more vCPU capacity than your current vCPU limit of 64 allows for the instance bucket that the specified instance type belongs to. Please visit http://aws.amazon.com/contact-us/ec2-request to request an adjustment to this limit.[0m
[2mW 03-17 20:23:47 instance.py:243] create_instances: Attempt failed with An error occurred (VcpuLimitExceeded) when calling the RunInstances operation: You have requested more vCPU capacity than your current vCPU limit of 64 allows for the instance bucket that the specified instance type belongs to. Please visit http://aws.amazon.com/contact-us/ec2-request to request an adjustment to this limit.[0m
W 03-17 20:23:48 cloud_vm_ray_backend.py:2061] sky.exceptions.ResourcesUnavailableError: Failed to acquire resources in all zones in eu-north-1 for {AWS(cpus=4, {'L4': 1})}. 
W 03-17 20:23:48 cloud_vm_ray_backend.py:2097] 
W 03-17 20:23:48 cloud_vm_ray_backend.py:2097] [0m[33m↺[0m Trying other potential resources.
<sky-payload>"<rich_update>[bold cyan]Looking for resources[/]  \u001b[2mView logs: sky api logs -l sky-2025-03-17-20-22-31-272432/provision.log\u001b[0m</rich_update>"</sky-payload>
<sky-payload>"<rich_update>[bold cyan]Optimizing[/]</rich_update>"</sky-payload>
<sky-payload>"<rich_start>[bold cyan]Launching[/]</rich_start>"</sky-payload>
I 03-17 20:23:48 optimizer.py:736] [1mTarget:[0m minimizing cost
I 03-17 20:23:48 optimizer.py:749] [1mEstimated cost: [0m$0.9 / hour
I 03-17 20:23:48 optimizer.py:749] 
I 03-17 20:23:48 optimizer.py:884] Considered resources (1 node):
I 03-17 20:23:48 optimizer.py:952] -----------------------------------------------------------------------------------------
I 03-17 20:23:48 optimizer.py:952]  CLOUD   INSTANCE    vCPUs   Mem(GB)   ACCELERATORS   REGION/ZONE    COST ($)   CHOSEN   
I 03-17 20:23:48 optimizer.py:952] -----------------------------------------------------------------------------------------
I 03-17 20:23:48 optimizer.py:952]  AWS     g6.xlarge   4       16        L4:1           ca-central-1   0.89       [32m   ✔[0m     
I 03-17 20:23:48 optimizer.py:952] -----------------------------------------------------------------------------------------
<sky-payload>"<rich_update>[bold cyan]Looking for resources[/]  \u001b[2mView logs: sky api logs -l sky-2025-03-17-20-22-31-272432/provision.log\u001b[0m</rich_update>"</sky-payload>
<sky-payload>"<rich_update>[bold cyan]Launching[/]  \u001b[2mView logs: sky api logs -l sky-2025-03-17-20-22-31-272432/provision.log\u001b[0m</rich_update>"</sky-payload>
I 03-17 20:23:48 cloud_vm_ray_backend.py:1520] [0m⚙︎ Launching on AWS ca-central-1[0m (ca-central-1a,ca-central-1b).
[2mW 03-17 20:23:51 instance.py:243] create_instances: Attempt failed with An error occurred (VcpuLimitExceeded) when calling the RunInstances operation: You have requested more vCPU capacity than your current vCPU limit of 64 allows for the instance bucket that the specified instance type belongs to. Please visit http://aws.amazon.com/contact-us/ec2-request to request an adjustment to this limit.[0m
[2mW 03-17 20:23:52 instance.py:243] create_instances: Attempt failed with An error occurred (VcpuLimitExceeded) when calling the RunInstances operation: You have requested more vCPU capacity than your current vCPU limit of 64 allows for the instance bucket that the specified instance type belongs to. Please visit http://aws.amazon.com/contact-us/ec2-request to request an adjustment to this limit.[0m
W 03-17 20:23:53 cloud_vm_ray_backend.py:2061] sky.exceptions.ResourcesUnavailableError: Failed to acquire resources in all zones in ca-central-1 for {AWS(cpus=4, {'L4': 1})}. 
W 03-17 20:23:53 cloud_vm_ray_backend.py:2097] 
W 03-17 20:23:53 cloud_vm_ray_backend.py:2097] [0m[33m↺[0m Trying other potential resources.
<sky-payload>"<rich_update>[bold cyan]Looking for resources[/]  \u001b[2mView logs: sky api logs -l sky-2025-03-17-20-22-31-272432/provision.log\u001b[0m</rich_update>"</sky-payload>
<sky-payload>"<rich_update>[bold cyan]Optimizing[/]</rich_update>"</sky-payload>
<sky-payload>"<rich_start>[bold cyan]Launching[/]</rich_start>"</sky-payload>
I 03-17 20:23:53 optimizer.py:736] [1mTarget:[0m minimizing cost
I 03-17 20:23:53 optimizer.py:749] [1mEstimated cost: [0m$1.0 / hour
I 03-17 20:23:53 optimizer.py:749] 
I 03-17 20:23:53 optimizer.py:884] Considered resources (1 node):
I 03-17 20:23:53 optimizer.py:952] ----------------------------------------------------------------------------------------
I 03-17 20:23:53 optimizer.py:952]  CLOUD   INSTANCE    vCPUs   Mem(GB)   ACCELERATORS   REGION/ZONE   COST ($)   CHOSEN   
I 03-17 20:23:53 optimizer.py:952] ----------------------------------------------------------------------------------------
I 03-17 20:23:53 optimizer.py:952]  AWS     g6.xlarge   4       16        L4:1           ap-south-1    0.97       [32m   ✔[0m     
I 03-17 20:23:53 optimizer.py:952] ----------------------------------------------------------------------------------------
<sky-payload>"<rich_update>[bold cyan]Looking for resources[/]  \u001b[2mView logs: sky api logs -l sky-2025-03-17-20-22-31-272432/provision.log\u001b[0m</rich_update>"</sky-payload>
<sky-payload>"<rich_update>[bold cyan]Launching[/]  \u001b[2mView logs: sky api logs -l sky-2025-03-17-20-22-31-272432/provision.log\u001b[0m</rich_update>"</sky-payload>
I 03-17 20:23:53 cloud_vm_ray_backend.py:1520] [0m⚙︎ Launching on AWS ap-south-1[0m (ap-south-1a,ap-south-1b).
<sky-payload>"<rich_update>[bold cyan]Launching - Checking instance status[/]  \u001b[2mView logs: sky api logs -l sky-2025-03-17-20-22-31-272432/provision.log\u001b[0m</rich_update>"</sky-payload>
<sky-payload>"<rich_update>[bold cyan]Launching - Waiting for SSH access[/]  \u001b[2mView logs: sky api logs -l sky-2025-03-17-20-22-31-272432/provision.log\u001b[0m</rich_update>"</sky-payload>
<sky-payload>"<rich_start>[bold cyan]Launching[/]</rich_start>"</sky-payload>
I 03-17 20:24:25 provisioner.py:451] [2m└── [0m[2mInstance is up.[0m
<sky-payload>"<rich_update>[bold cyan]Preparing SkyPilot runtime (1/3 - initializing)[/]  \u001b[2mView logs: sky api logs -l sky-2025-03-17-20-22-31-272432/provision.log\u001b[0m</rich_update>"</sky-payload>
<sky-payload>"<rich_update>[bold cyan]Preparing SkyPilot runtime (2/3 - dependencies)[/]  \u001b[2mView logs: sky api logs -l sky-2025-03-17-20-22-31-272432/provision.log\u001b[0m</rich_update>"</sky-payload>
<sky-payload>"<rich_update>[bold cyan]Preparing SkyPilot runtime (3/3 - runtime)[/]  \u001b[2mView logs: sky api logs -l sky-2025-03-17-20-22-31-272432/provision.log\u001b[0m</rich_update>"</sky-payload>
<sky-payload>"<rich_update>[bold cyan]Launching - Checking instance status[/]  \u001b[2mView logs: sky api logs -l sky-2025-03-17-20-22-31-272432/provision.log\u001b[0m</rich_update>"</sky-payload>
I 03-17 20:25:05 provisioner.py:632] [0m[32m✓ Cluster launched: compute-text-vectors-163.[0m  [2mView logs: sky api logs -l sky-2025-03-17-20-22-31-272432/provision.log[0m
<sky-payload>"<rich_exit></rich_exit>"</sky-payload>
I 03-17 20:25:05 execution.py:332] [0m⚙︎ Syncing files.
<sky-payload>"<rich_init>[bold cyan]Syncing files[/]</rich_init>"</sky-payload>
<sky-payload>"<rich_update>[bold cyan]Syncing files[/]</rich_update>"</sky-payload>
<sky-payload>"<rich_start>[bold cyan]Syncing files[/]</rich_start>"</sky-payload>
<sky-payload>"<rich_update>[bold cyan]Syncing file mounts[/]  \u001b[2mView logs: sky api logs -l sky-2025-03-17-20-22-31-272432/file_mounts.log\u001b[0m</rich_update>"</sky-payload>
I 03-17 20:25:05 backend_utils.py:1315]   [2mSyncing (to 1 node): s3://skypilot-filemounts-root-726f1974-hc7hx8fx/job-hc7hx8fx/workdir -> ~/sky_workdir[0m
I 03-17 20:25:08 cloud_vm_ray_backend.py:4801] [0m[32m✓ Synced file_mounts.[0m  [2mView logs: sky api logs -l sky-2025-03-17-20-22-31-272432/file_mounts.log[0m
<sky-payload>"<rich_update>[bold cyan]Mounting 1 storage[/]  \u001b[2mView logs: sky api logs -l sky-2025-03-17-20-22-31-272432/storage_mounts.log\u001b[0m</rich_update>"</sky-payload>
I 03-17 20:25:08 backend_utils.py:1315]   [2mMounting (to 1 node): s3://sky-text-embeddings-multi-cluster-final -> /output[0m
I 03-17 20:25:12 cloud_vm_ray_backend.py:4892] [0m[32m✓ Storage mounted.[0m  [2mView logs: sky api logs -l sky-2025-03-17-20-22-31-272432/storage_mounts.log[0m
<sky-payload>"<rich_exit></rich_exit>"</sky-payload>
<sky-payload>"<rich_init>[bold cyan]Running setup[/]</rich_init>"</sky-payload>
<sky-payload>"<rich_update>[bold cyan]Running setup[/]</rich_update>"</sky-payload>
<sky-payload>"<rich_start>[bold cyan]Running setup[/]</rich_start>"</sky-payload>
<sky-payload>"<rich_stop></rich_stop>"</sky-payload>
I 03-17 20:25:16 cloud_vm_ray_backend.py:3357] [0m[32m✓ Setup detached.[0m
<sky-payload>"<rich_exit></rich_exit>"</sky-payload>
<sky-payload>"<rich_init>[bold cyan]Submitting job[/]</rich_init>"</sky-payload>
<sky-payload>"<rich_update>[bold cyan]Submitting job[/]</rich_update>"</sky-payload>
<sky-payload>"<rich_start>[bold cyan]Submitting job[/]</rich_start>"</sky-payload>
I 03-17 20:25:19 cloud_vm_ray_backend.py:3460] [0m⚙︎ Job submitted, ID: 1
<sky-payload>"<rich_stop></rich_stop>"</sky-payload>
<sky-payload>"<rich_exit></rich_exit>"</sky-payload>

[?25hI 03-17 20:25:19 recovery_strategy.py:289] Managed job cluster launched.
I 03-17 20:25:23 utils.py:131] === Checking the job status... ===
I 03-17 20:25:24 utils.py:137] Job status: JobStatus.SETTING_UP
I 03-17 20:25:24 utils.py:140] ==================================
I 03-17 20:25:25 state.py:471] Job started.
I 03-17 20:25:45 utils.py:131] === Checking the job status... ===
I 03-17 20:25:46 utils.py:137] Job status: JobStatus.SETTING_UP
I 03-17 20:25:46 utils.py:140] ==================================
I 03-17 20:26:06 utils.py:131] === Checking the job status... ===
I 03-17 20:26:07 utils.py:137] Job status: JobStatus.SETTING_UP
I 03-17 20:26:07 utils.py:140] ==================================
I 03-17 20:26:27 utils.py:131] === Checking the job status... ===
I 03-17 20:26:28 utils.py:137] Job status: JobStatus.SETTING_UP
I 03-17 20:26:28 utils.py:140] ==================================
I 03-17 20:26:48 utils.py:131] === Checking the job status... ===
I 03-17 20:26:49 utils.py:137] Job status: JobStatus.SETTING_UP
I 03-17 20:26:49 utils.py:140] ==================================
I 03-17 20:27:10 utils.py:131] === Checking the job status... ===
I 03-17 20:27:11 utils.py:137] Job status: JobStatus.SETTING_UP
I 03-17 20:27:11 utils.py:140] ==================================
I 03-17 20:27:31 utils.py:131] === Checking the job status... ===
I 03-17 20:27:32 utils.py:137] Job status: JobStatus.RUNNING
I 03-17 20:27:32 utils.py:140] ==================================
I 03-17 20:27:52 utils.py:131] === Checking the job status... ===
I 03-17 20:27:53 utils.py:137] Job status: JobStatus.RUNNING
I 03-17 20:27:53 utils.py:140] ==================================
I 03-17 20:28:13 utils.py:131] === Checking the job status... ===
I 03-17 20:28:15 utils.py:137] Job status: JobStatus.RUNNING
I 03-17 20:28:15 utils.py:140] ==================================
I 03-17 20:28:35 utils.py:131] === Checking the job status... ===
I 03-17 20:28:36 utils.py:137] Job status: JobStatus.RUNNING
I 03-17 20:28:36 utils.py:140] ==================================
I 03-17 20:28:56 utils.py:131] === Checking the job status... ===
I 03-17 20:28:57 utils.py:137] Job status: JobStatus.RUNNING
I 03-17 20:28:57 utils.py:140] ==================================
I 03-17 20:29:17 utils.py:131] === Checking the job status... ===
I 03-17 20:29:19 utils.py:137] Job status: JobStatus.RUNNING
I 03-17 20:29:19 utils.py:140] ==================================
I 03-17 20:29:39 utils.py:131] === Checking the job status... ===
I 03-17 20:29:40 utils.py:137] Job status: JobStatus.RUNNING
I 03-17 20:29:40 utils.py:140] ==================================
I 03-17 20:30:00 utils.py:131] === Checking the job status... ===
I 03-17 20:30:01 utils.py:137] Job status: JobStatus.RUNNING
I 03-17 20:30:01 utils.py:140] ==================================
I 03-17 20:30:21 utils.py:131] === Checking the job status... ===
I 03-17 20:30:22 utils.py:137] Job status: JobStatus.RUNNING
I 03-17 20:30:22 utils.py:140] ==================================
I 03-17 20:30:42 utils.py:131] === Checking the job status... ===
I 03-17 20:30:43 utils.py:137] Job status: JobStatus.RUNNING
I 03-17 20:30:43 utils.py:140] ==================================
I 03-17 20:31:03 utils.py:131] === Checking the job status... ===
I 03-17 20:31:08 utils.py:137] Job status: JobStatus.RUNNING
I 03-17 20:31:08 utils.py:140] ==================================
I 03-17 20:31:28 utils.py:131] === Checking the job status... ===
I 03-17 20:31:29 utils.py:137] Job status: JobStatus.RUNNING
I 03-17 20:31:29 utils.py:140] ==================================
I 03-17 20:31:49 utils.py:131] === Checking the job status... ===
I 03-17 20:31:53 utils.py:137] Job status: JobStatus.RUNNING
I 03-17 20:31:53 utils.py:140] ==================================
I 03-17 20:32:13 utils.py:131] === Checking the job status... ===
I 03-17 20:32:14 utils.py:137] Job status: JobStatus.RUNNING
I 03-17 20:32:14 utils.py:140] ==================================
I 03-17 20:32:34 utils.py:131] === Checking the job status... ===
I 03-17 20:32:35 utils.py:137] Job status: JobStatus.RUNNING
I 03-17 20:32:35 utils.py:140] ==================================
I 03-17 20:32:55 utils.py:131] === Checking the job status... ===
I 03-17 20:32:56 utils.py:137] Job status: JobStatus.RUNNING
I 03-17 20:32:56 utils.py:140] ==================================
I 03-17 20:33:16 utils.py:131] === Checking the job status... ===
I 03-17 20:33:17 utils.py:137] Job status: JobStatus.RUNNING
I 03-17 20:33:17 utils.py:140] ==================================
I 03-17 20:33:38 utils.py:131] === Checking the job status... ===
I 03-17 20:33:39 utils.py:137] Job status: JobStatus.RUNNING
I 03-17 20:33:39 utils.py:140] ==================================
I 03-17 20:33:59 utils.py:131] === Checking the job status... ===
I 03-17 20:34:00 utils.py:137] Job status: JobStatus.RUNNING
I 03-17 20:34:00 utils.py:140] ==================================
I 03-17 20:34:20 utils.py:131] === Checking the job status... ===
I 03-17 20:34:21 utils.py:137] Job status: JobStatus.RUNNING
I 03-17 20:34:21 utils.py:140] ==================================
I 03-17 20:34:41 utils.py:131] === Checking the job status... ===
I 03-17 20:34:42 utils.py:137] Job status: JobStatus.RUNNING
I 03-17 20:34:42 utils.py:140] ==================================
I 03-17 20:35:02 utils.py:131] === Checking the job status... ===
I 03-17 20:35:03 utils.py:137] Job status: JobStatus.RUNNING
I 03-17 20:35:03 utils.py:140] ==================================
I 03-17 20:35:23 utils.py:131] === Checking the job status... ===
I 03-17 20:35:24 utils.py:137] Job status: JobStatus.RUNNING
I 03-17 20:35:24 utils.py:140] ==================================
I 03-17 20:35:44 utils.py:131] === Checking the job status... ===
I 03-17 20:35:45 utils.py:137] Job status: JobStatus.RUNNING
I 03-17 20:35:45 utils.py:140] ==================================
I 03-17 20:36:06 utils.py:131] === Checking the job status... ===
I 03-17 20:36:07 utils.py:137] Job status: JobStatus.RUNNING
I 03-17 20:36:07 utils.py:140] ==================================
I 03-17 20:36:27 utils.py:131] === Checking the job status... ===
I 03-17 20:36:28 utils.py:137] Job status: JobStatus.RUNNING
I 03-17 20:36:28 utils.py:140] ==================================
I 03-17 20:36:48 utils.py:131] === Checking the job status... ===
I 03-17 20:36:49 utils.py:137] Job status: JobStatus.RUNNING
I 03-17 20:36:49 utils.py:140] ==================================
I 03-17 20:37:09 utils.py:131] === Checking the job status... ===
I 03-17 20:37:10 utils.py:137] Job status: JobStatus.RUNNING
I 03-17 20:37:10 utils.py:140] ==================================
I 03-17 20:37:30 utils.py:131] === Checking the job status... ===
I 03-17 20:37:31 utils.py:137] Job status: JobStatus.RUNNING
I 03-17 20:37:31 utils.py:140] ==================================
I 03-17 20:37:51 utils.py:131] === Checking the job status... ===
I 03-17 20:37:52 utils.py:137] Job status: JobStatus.RUNNING
I 03-17 20:37:52 utils.py:140] ==================================
I 03-17 20:38:12 utils.py:131] === Checking the job status... ===
I 03-17 20:38:13 utils.py:137] Job status: JobStatus.RUNNING
I 03-17 20:38:13 utils.py:140] ==================================
I 03-17 20:38:34 utils.py:131] === Checking the job status... ===
I 03-17 20:38:35 utils.py:137] Job status: JobStatus.RUNNING
I 03-17 20:38:35 utils.py:140] ==================================
I 03-17 20:38:55 utils.py:131] === Checking the job status... ===
I 03-17 20:38:56 utils.py:137] Job status: JobStatus.RUNNING
I 03-17 20:38:56 utils.py:140] ==================================
I 03-17 20:39:16 utils.py:131] === Checking the job status... ===
I 03-17 20:39:17 utils.py:137] Job status: JobStatus.RUNNING
I 03-17 20:39:17 utils.py:140] ==================================
I 03-17 20:39:37 utils.py:131] === Checking the job status... ===
I 03-17 20:39:38 utils.py:137] Job status: JobStatus.RUNNING
I 03-17 20:39:38 utils.py:140] ==================================
I 03-17 20:39:58 utils.py:131] === Checking the job status... ===
I 03-17 20:39:59 utils.py:137] Job status: JobStatus.RUNNING
I 03-17 20:39:59 utils.py:140] ==================================
I 03-17 20:40:19 utils.py:131] === Checking the job status... ===
I 03-17 20:40:20 utils.py:137] Job status: JobStatus.RUNNING
I 03-17 20:40:20 utils.py:140] ==================================
I 03-17 20:40:40 utils.py:131] === Checking the job status... ===
I 03-17 20:40:41 utils.py:137] Job status: JobStatus.RUNNING
I 03-17 20:40:41 utils.py:140] ==================================
I 03-17 20:41:01 utils.py:131] === Checking the job status... ===
I 03-17 20:41:02 utils.py:137] Job status: JobStatus.RUNNING
I 03-17 20:41:02 utils.py:140] ==================================
I 03-17 20:41:22 utils.py:131] === Checking the job status... ===
I 03-17 20:41:23 utils.py:137] Job status: JobStatus.RUNNING
I 03-17 20:41:23 utils.py:140] ==================================
I 03-17 20:41:43 utils.py:131] === Checking the job status... ===
I 03-17 20:41:44 utils.py:137] Job status: JobStatus.RUNNING
I 03-17 20:41:44 utils.py:140] ==================================
I 03-17 20:42:05 utils.py:131] === Checking the job status... ===
I 03-17 20:42:06 utils.py:137] Job status: JobStatus.RUNNING
I 03-17 20:42:06 utils.py:140] ==================================
I 03-17 20:42:26 utils.py:131] === Checking the job status... ===
I 03-17 20:42:27 utils.py:137] Job status: JobStatus.RUNNING
I 03-17 20:42:27 utils.py:140] ==================================
I 03-17 20:42:47 utils.py:131] === Checking the job status... ===
I 03-17 20:42:48 utils.py:137] Job status: JobStatus.RUNNING
I 03-17 20:42:48 utils.py:140] ==================================
I 03-17 20:43:08 utils.py:131] === Checking the job status... ===
I 03-17 20:43:09 utils.py:137] Job status: JobStatus.RUNNING
I 03-17 20:43:09 utils.py:140] ==================================
I 03-17 20:43:29 utils.py:131] === Checking the job status... ===
I 03-17 20:43:30 utils.py:137] Job status: JobStatus.RUNNING
I 03-17 20:43:30 utils.py:140] ==================================
I 03-17 20:43:50 utils.py:131] === Checking the job status... ===
I 03-17 20:43:51 utils.py:137] Job status: JobStatus.RUNNING
I 03-17 20:43:51 utils.py:140] ==================================
I 03-17 20:44:11 utils.py:131] === Checking the job status... ===
I 03-17 20:44:12 utils.py:137] Job status: JobStatus.RUNNING
I 03-17 20:44:12 utils.py:140] ==================================
I 03-17 20:44:32 utils.py:131] === Checking the job status... ===
I 03-17 20:44:33 utils.py:137] Job status: JobStatus.RUNNING
I 03-17 20:44:33 utils.py:140] ==================================
I 03-17 20:44:53 utils.py:131] === Checking the job status... ===
I 03-17 20:44:54 utils.py:137] Job status: JobStatus.RUNNING
I 03-17 20:44:54 utils.py:140] ==================================
I 03-17 20:45:15 utils.py:131] === Checking the job status... ===
I 03-17 20:45:16 utils.py:137] Job status: JobStatus.RUNNING
I 03-17 20:45:16 utils.py:140] ==================================
I 03-17 20:45:36 utils.py:131] === Checking the job status... ===
I 03-17 20:45:37 utils.py:137] Job status: JobStatus.RUNNING
I 03-17 20:45:37 utils.py:140] ==================================
I 03-17 20:45:57 utils.py:131] === Checking the job status... ===
I 03-17 20:45:58 utils.py:137] Job status: JobStatus.RUNNING
I 03-17 20:45:58 utils.py:140] ==================================
I 03-17 20:46:18 utils.py:131] === Checking the job status... ===
I 03-17 20:46:19 utils.py:137] Job status: JobStatus.RUNNING
I 03-17 20:46:19 utils.py:140] ==================================
I 03-17 20:46:39 utils.py:131] === Checking the job status... ===
I 03-17 20:46:40 utils.py:137] Job status: JobStatus.RUNNING
I 03-17 20:46:40 utils.py:140] ==================================
I 03-17 20:47:00 utils.py:131] === Checking the job status... ===
I 03-17 20:47:01 utils.py:137] Job status: JobStatus.RUNNING
I 03-17 20:47:01 utils.py:140] ==================================
I 03-17 20:47:21 utils.py:131] === Checking the job status... ===
I 03-17 20:47:22 utils.py:137] Job status: JobStatus.RUNNING
I 03-17 20:47:22 utils.py:140] ==================================
I 03-17 20:47:42 utils.py:131] === Checking the job status... ===
I 03-17 20:47:43 utils.py:137] Job status: JobStatus.RUNNING
I 03-17 20:47:43 utils.py:140] ==================================
I 03-17 20:48:04 utils.py:131] === Checking the job status... ===
I 03-17 20:48:05 utils.py:137] Job status: JobStatus.RUNNING
I 03-17 20:48:05 utils.py:140] ==================================
I 03-17 20:48:25 utils.py:131] === Checking the job status... ===
I 03-17 20:48:26 utils.py:137] Job status: JobStatus.RUNNING
I 03-17 20:48:26 utils.py:140] ==================================
I 03-17 20:48:46 utils.py:131] === Checking the job status... ===
I 03-17 20:48:47 utils.py:137] Job status: JobStatus.RUNNING
I 03-17 20:48:47 utils.py:140] ==================================
I 03-17 20:49:07 utils.py:131] === Checking the job status... ===
I 03-17 20:49:08 utils.py:137] Job status: JobStatus.RUNNING
I 03-17 20:49:08 utils.py:140] ==================================
I 03-17 20:49:28 utils.py:131] === Checking the job status... ===
I 03-17 20:49:29 utils.py:137] Job status: JobStatus.RUNNING
I 03-17 20:49:29 utils.py:140] ==================================
I 03-17 20:49:49 utils.py:131] === Checking the job status... ===
I 03-17 20:49:50 utils.py:137] Job status: JobStatus.RUNNING
I 03-17 20:49:50 utils.py:140] ==================================
I 03-17 20:50:10 utils.py:131] === Checking the job status... ===
I 03-17 20:50:11 utils.py:137] Job status: JobStatus.RUNNING
I 03-17 20:50:11 utils.py:140] ==================================
I 03-17 20:50:32 utils.py:131] === Checking the job status... ===
I 03-17 20:50:33 utils.py:137] Job status: JobStatus.RUNNING
I 03-17 20:50:33 utils.py:140] ==================================
I 03-17 20:50:53 utils.py:131] === Checking the job status... ===
I 03-17 20:50:54 utils.py:137] Job status: JobStatus.RUNNING
I 03-17 20:50:54 utils.py:140] ==================================
I 03-17 20:51:14 utils.py:131] === Checking the job status... ===
I 03-17 20:51:15 utils.py:137] Job status: JobStatus.RUNNING
I 03-17 20:51:15 utils.py:140] ==================================
I 03-17 20:51:35 utils.py:131] === Checking the job status... ===
I 03-17 20:51:36 utils.py:137] Job status: JobStatus.RUNNING
I 03-17 20:51:36 utils.py:140] ==================================
I 03-17 20:51:56 utils.py:131] === Checking the job status... ===
I 03-17 20:51:57 utils.py:137] Job status: JobStatus.RUNNING
I 03-17 20:51:57 utils.py:140] ==================================
I 03-17 20:52:17 utils.py:131] === Checking the job status... ===
I 03-17 20:52:18 utils.py:137] Job status: JobStatus.RUNNING
I 03-17 20:52:18 utils.py:140] ==================================
