I 03-17 20:19:12 controller.py:59] DAG:
I 03-17 20:19:12 controller.py:59] [Task<name=compute-text-vectors>(run='# Initialize and dow...')
I 03-17 20:19:12 controller.py:59]   resources: AWS(cpus=4, {'L4': 1})]
I 03-17 20:19:12 controller.py:195] Submitted managed job 24 (task: 0, name: 'compute-text-vectors'); SKYPILOT_TASK_ID: sky-managed-2025-03-17-20-19-12-049000_compute-text-vectors_24-0
I 03-17 20:19:12 controller.py:199] Started monitoring.
I 03-17 20:19:12 state.py:451] Launching the spot cluster...
I 03-17 20:19:12 storage.py:1058] Storage type StoreType.S3 already exists.
<sky-payload>"<rich_init>[bold cyan]Optimizing[/]</rich_init>"</sky-payload>
<sky-payload>"<rich_update>[bold cyan]Optimizing[/]</rich_update>"</sky-payload>
<sky-payload>"<rich_start>[bold cyan]Optimizing[/]</rich_start>"</sky-payload>
I 03-17 20:19:13 optimizer.py:736] [1mTarget:[0m minimizing cost
I 03-17 20:19:13 optimizer.py:749] [1mEstimated cost: [0m$0.8 / hour
I 03-17 20:19:13 optimizer.py:749] 
I 03-17 20:19:13 optimizer.py:884] Considered resources (1 node):
I 03-17 20:19:13 optimizer.py:952] ----------------------------------------------------------------------------------------
I 03-17 20:19:13 optimizer.py:952]  CLOUD   INSTANCE    vCPUs   Mem(GB)   ACCELERATORS   REGION/ZONE   COST ($)   CHOSEN   
I 03-17 20:19:13 optimizer.py:952] ----------------------------------------------------------------------------------------
I 03-17 20:19:13 optimizer.py:952]  AWS     g6.xlarge   4       16        L4:1           us-east-1     0.80       [32m   ✔[0m     
I 03-17 20:19:13 optimizer.py:952] ----------------------------------------------------------------------------------------
<sky-payload>"<rich_exit></rich_exit>"</sky-payload>
<sky-payload>"<rich_init>[bold cyan]Launching[/]</rich_init>"</sky-payload>
<sky-payload>"<rich_update>[bold cyan]Launching[/]</rich_update>"</sky-payload>
<sky-payload>"<rich_start>[bold cyan]Launching[/]</rich_start>"</sky-payload>
<sky-payload>"<rich_update>[bold cyan]Launching[/]  \u001b[2mView logs: sky api logs -l sky-2025-03-17-20-19-12-711100/provision.log\u001b[0m</rich_update>"</sky-payload>
<sky-payload>"<rich_update>[bold cyan]Launching[/]  \u001b[2mView logs: sky api logs -l sky-2025-03-17-20-19-12-711100/provision.log\u001b[0m</rich_update>"</sky-payload>
I 03-17 20:19:13 cloud_vm_ray_backend.py:1520] [0m⚙︎ Launching on AWS us-east-1[0m (us-east-1a,us-east-1b,us-east-1c,us-east-1d).
<sky-payload>"<rich_update>[bold cyan]Launching - Checking instance status[/]  \u001b[2mView logs: sky api logs -l sky-2025-03-17-20-19-12-711100/provision.log\u001b[0m</rich_update>"</sky-payload>
<sky-payload>"<rich_update>[bold cyan]Launching - Waiting for SSH access[/]  \u001b[2mView logs: sky api logs -l sky-2025-03-17-20-19-12-711100/provision.log\u001b[0m</rich_update>"</sky-payload>
<sky-payload>"<rich_start>[bold cyan]Launching[/]</rich_start>"</sky-payload>
I 03-17 20:19:38 provisioner.py:451] [2m└── [0m[2mInstance is up.[0m
<sky-payload>"<rich_update>[bold cyan]Preparing SkyPilot runtime (1/3 - initializing)[/]  \u001b[2mView logs: sky api logs -l sky-2025-03-17-20-19-12-711100/provision.log\u001b[0m</rich_update>"</sky-payload>
<sky-payload>"<rich_update>[bold cyan]Preparing SkyPilot runtime (2/3 - dependencies)[/]  \u001b[2mView logs: sky api logs -l sky-2025-03-17-20-19-12-711100/provision.log\u001b[0m</rich_update>"</sky-payload>
<sky-payload>"<rich_update>[bold cyan]Preparing SkyPilot runtime (3/3 - runtime)[/]  \u001b[2mView logs: sky api logs -l sky-2025-03-17-20-19-12-711100/provision.log\u001b[0m</rich_update>"</sky-payload>
<sky-payload>"<rich_update>[bold cyan]Launching - Checking instance status[/]  \u001b[2mView logs: sky api logs -l sky-2025-03-17-20-19-12-711100/provision.log\u001b[0m</rich_update>"</sky-payload>
I 03-17 20:20:03 provisioner.py:632] [0m[32m✓ Cluster launched: compute-text-vectors-24.[0m  [2mView logs: sky api logs -l sky-2025-03-17-20-19-12-711100/provision.log[0m
<sky-payload>"<rich_exit></rich_exit>"</sky-payload>
I 03-17 20:20:03 execution.py:332] [0m⚙︎ Syncing files.
<sky-payload>"<rich_init>[bold cyan]Syncing files[/]</rich_init>"</sky-payload>
<sky-payload>"<rich_update>[bold cyan]Syncing files[/]</rich_update>"</sky-payload>
<sky-payload>"<rich_start>[bold cyan]Syncing files[/]</rich_start>"</sky-payload>
<sky-payload>"<rich_update>[bold cyan]Syncing file mounts[/]  \u001b[2mView logs: sky api logs -l sky-2025-03-17-20-19-12-711100/file_mounts.log\u001b[0m</rich_update>"</sky-payload>
I 03-17 20:20:03 backend_utils.py:1315]   [2mSyncing (to 1 node): s3://skypilot-filemounts-root-726f1974-1uzoyxv3/job-1uzoyxv3/workdir -> ~/sky_workdir[0m
I 03-17 20:20:05 cloud_vm_ray_backend.py:4801] [0m[32m✓ Synced file_mounts.[0m  [2mView logs: sky api logs -l sky-2025-03-17-20-19-12-711100/file_mounts.log[0m
<sky-payload>"<rich_update>[bold cyan]Mounting 1 storage[/]  \u001b[2mView logs: sky api logs -l sky-2025-03-17-20-19-12-711100/storage_mounts.log\u001b[0m</rich_update>"</sky-payload>
I 03-17 20:20:05 backend_utils.py:1315]   [2mMounting (to 1 node): s3://sky-text-embeddings-multi-cluster-final -> /output[0m
I 03-17 20:20:07 cloud_vm_ray_backend.py:4892] [0m[32m✓ Storage mounted.[0m  [2mView logs: sky api logs -l sky-2025-03-17-20-19-12-711100/storage_mounts.log[0m
<sky-payload>"<rich_exit></rich_exit>"</sky-payload>
<sky-payload>"<rich_init>[bold cyan]Running setup[/]</rich_init>"</sky-payload>
<sky-payload>"<rich_update>[bold cyan]Running setup[/]</rich_update>"</sky-payload>
<sky-payload>"<rich_start>[bold cyan]Running setup[/]</rich_start>"</sky-payload>
<sky-payload>"<rich_stop></rich_stop>"</sky-payload>
I 03-17 20:20:07 cloud_vm_ray_backend.py:3357] [0m[32m✓ Setup detached.[0m
<sky-payload>"<rich_exit></rich_exit>"</sky-payload>
<sky-payload>"<rich_init>[bold cyan]Submitting job[/]</rich_init>"</sky-payload>
<sky-payload>"<rich_update>[bold cyan]Submitting job[/]</rich_update>"</sky-payload>
<sky-payload>"<rich_start>[bold cyan]Submitting job[/]</rich_start>"</sky-payload>
I 03-17 20:20:09 cloud_vm_ray_backend.py:3460] [0m⚙︎ Job submitted, ID: 1
<sky-payload>"<rich_stop></rich_stop>"</sky-payload>
<sky-payload>"<rich_exit></rich_exit>"</sky-payload>

[?25hI 03-17 20:20:09 recovery_strategy.py:289] Managed job cluster launched.
I 03-17 20:20:12 utils.py:131] === Checking the job status... ===
I 03-17 20:20:13 utils.py:137] Job status: JobStatus.SETTING_UP
I 03-17 20:20:13 utils.py:140] ==================================
I 03-17 20:20:14 state.py:471] Job started.
I 03-17 20:20:34 utils.py:131] === Checking the job status... ===
I 03-17 20:20:34 utils.py:137] Job status: JobStatus.SETTING_UP
I 03-17 20:20:34 utils.py:140] ==================================
I 03-17 20:20:54 utils.py:131] === Checking the job status... ===
I 03-17 20:20:55 utils.py:137] Job status: JobStatus.SETTING_UP
I 03-17 20:20:55 utils.py:140] ==================================
I 03-17 20:21:15 utils.py:131] === Checking the job status... ===
I 03-17 20:21:16 utils.py:137] Job status: JobStatus.SETTING_UP
I 03-17 20:21:16 utils.py:140] ==================================
I 03-17 20:21:36 utils.py:131] === Checking the job status... ===
I 03-17 20:21:37 utils.py:137] Job status: JobStatus.SETTING_UP
I 03-17 20:21:37 utils.py:140] ==================================
I 03-17 20:21:57 utils.py:131] === Checking the job status... ===
I 03-17 20:21:57 utils.py:137] Job status: JobStatus.SETTING_UP
I 03-17 20:21:57 utils.py:140] ==================================
I 03-17 20:22:18 utils.py:131] === Checking the job status... ===
I 03-17 20:22:18 utils.py:137] Job status: JobStatus.RUNNING
I 03-17 20:22:18 utils.py:140] ==================================
I 03-17 20:22:38 utils.py:131] === Checking the job status... ===
I 03-17 20:22:39 utils.py:137] Job status: JobStatus.RUNNING
I 03-17 20:22:39 utils.py:140] ==================================
I 03-17 20:22:59 utils.py:131] === Checking the job status... ===
I 03-17 20:23:00 utils.py:137] Job status: JobStatus.RUNNING
I 03-17 20:23:00 utils.py:140] ==================================
I 03-17 20:23:20 utils.py:131] === Checking the job status... ===
I 03-17 20:23:21 utils.py:137] Job status: JobStatus.RUNNING
I 03-17 20:23:21 utils.py:140] ==================================
I 03-17 20:23:41 utils.py:131] === Checking the job status... ===
I 03-17 20:23:41 utils.py:137] Job status: JobStatus.RUNNING
I 03-17 20:23:41 utils.py:140] ==================================
I 03-17 20:24:02 utils.py:131] === Checking the job status... ===
I 03-17 20:24:02 utils.py:137] Job status: JobStatus.RUNNING
I 03-17 20:24:02 utils.py:140] ==================================
I 03-17 20:24:22 utils.py:131] === Checking the job status... ===
I 03-17 20:24:23 utils.py:137] Job status: JobStatus.RUNNING
I 03-17 20:24:23 utils.py:140] ==================================
I 03-17 20:24:43 utils.py:131] === Checking the job status... ===
I 03-17 20:24:44 utils.py:137] Job status: JobStatus.RUNNING
I 03-17 20:24:44 utils.py:140] ==================================
I 03-17 20:25:04 utils.py:131] === Checking the job status... ===
I 03-17 20:25:05 utils.py:137] Job status: JobStatus.RUNNING
I 03-17 20:25:05 utils.py:140] ==================================
I 03-17 20:25:25 utils.py:131] === Checking the job status... ===
I 03-17 20:25:25 utils.py:137] Job status: JobStatus.RUNNING
I 03-17 20:25:25 utils.py:140] ==================================
I 03-17 20:25:46 utils.py:131] === Checking the job status... ===
I 03-17 20:25:46 utils.py:137] Job status: JobStatus.RUNNING
I 03-17 20:25:46 utils.py:140] ==================================
I 03-17 20:26:06 utils.py:131] === Checking the job status... ===
I 03-17 20:26:10 utils.py:137] Job status: JobStatus.RUNNING
I 03-17 20:26:10 utils.py:140] ==================================
I 03-17 20:26:30 utils.py:131] === Checking the job status... ===
I 03-17 20:26:33 utils.py:137] Job status: JobStatus.RUNNING
I 03-17 20:26:33 utils.py:140] ==================================
I 03-17 20:26:53 utils.py:131] === Checking the job status... ===
I 03-17 20:26:55 utils.py:137] Job status: JobStatus.RUNNING
I 03-17 20:26:55 utils.py:140] ==================================
I 03-17 20:27:15 utils.py:131] === Checking the job status... ===
I 03-17 20:27:15 utils.py:137] Job status: JobStatus.RUNNING
I 03-17 20:27:15 utils.py:140] ==================================
I 03-17 20:27:35 utils.py:131] === Checking the job status... ===
I 03-17 20:27:36 utils.py:137] Job status: JobStatus.RUNNING
I 03-17 20:27:36 utils.py:140] ==================================
I 03-17 20:27:56 utils.py:131] === Checking the job status... ===
I 03-17 20:27:57 utils.py:137] Job status: JobStatus.RUNNING
I 03-17 20:27:57 utils.py:140] ==================================
I 03-17 20:28:17 utils.py:131] === Checking the job status... ===
I 03-17 20:28:18 utils.py:137] Job status: JobStatus.RUNNING
I 03-17 20:28:18 utils.py:140] ==================================
I 03-17 20:28:38 utils.py:131] === Checking the job status... ===
I 03-17 20:28:38 utils.py:137] Job status: JobStatus.RUNNING
I 03-17 20:28:38 utils.py:140] ==================================
I 03-17 20:28:58 utils.py:131] === Checking the job status... ===
I 03-17 20:28:59 utils.py:137] Job status: JobStatus.RUNNING
I 03-17 20:28:59 utils.py:140] ==================================
I 03-17 20:29:19 utils.py:131] === Checking the job status... ===
I 03-17 20:29:20 utils.py:137] Job status: JobStatus.RUNNING
I 03-17 20:29:20 utils.py:140] ==================================
I 03-17 20:29:40 utils.py:131] === Checking the job status... ===
I 03-17 20:29:41 utils.py:137] Job status: JobStatus.RUNNING
I 03-17 20:29:41 utils.py:140] ==================================
I 03-17 20:30:01 utils.py:131] === Checking the job status... ===
I 03-17 20:30:01 utils.py:137] Job status: JobStatus.RUNNING
I 03-17 20:30:01 utils.py:140] ==================================
I 03-17 20:30:21 utils.py:131] === Checking the job status... ===
I 03-17 20:30:22 utils.py:137] Job status: JobStatus.RUNNING
I 03-17 20:30:22 utils.py:140] ==================================
I 03-17 20:30:42 utils.py:131] === Checking the job status... ===
I 03-17 20:30:43 utils.py:137] Job status: JobStatus.RUNNING
I 03-17 20:30:43 utils.py:140] ==================================
I 03-17 20:31:03 utils.py:131] === Checking the job status... ===
I 03-17 20:31:04 utils.py:137] Job status: JobStatus.RUNNING
I 03-17 20:31:04 utils.py:140] ==================================
I 03-17 20:31:24 utils.py:131] === Checking the job status... ===
I 03-17 20:31:24 utils.py:137] Job status: JobStatus.RUNNING
I 03-17 20:31:24 utils.py:140] ==================================
I 03-17 20:31:44 utils.py:131] === Checking the job status... ===
I 03-17 20:31:45 utils.py:137] Job status: JobStatus.RUNNING
I 03-17 20:31:45 utils.py:140] ==================================
I 03-17 20:32:05 utils.py:131] === Checking the job status... ===
I 03-17 20:32:06 utils.py:137] Job status: JobStatus.RUNNING
I 03-17 20:32:06 utils.py:140] ==================================
I 03-17 20:32:26 utils.py:131] === Checking the job status... ===
I 03-17 20:32:27 utils.py:137] Job status: JobStatus.RUNNING
I 03-17 20:32:27 utils.py:140] ==================================
I 03-17 20:32:47 utils.py:131] === Checking the job status... ===
I 03-17 20:32:47 utils.py:137] Job status: JobStatus.RUNNING
I 03-17 20:32:47 utils.py:140] ==================================
I 03-17 20:33:07 utils.py:131] === Checking the job status... ===
I 03-17 20:33:08 utils.py:137] Job status: JobStatus.RUNNING
I 03-17 20:33:08 utils.py:140] ==================================
I 03-17 20:33:28 utils.py:131] === Checking the job status... ===
I 03-17 20:33:29 utils.py:137] Job status: JobStatus.RUNNING
I 03-17 20:33:29 utils.py:140] ==================================
I 03-17 20:33:49 utils.py:131] === Checking the job status... ===
I 03-17 20:33:50 utils.py:137] Job status: JobStatus.RUNNING
I 03-17 20:33:50 utils.py:140] ==================================
I 03-17 20:34:10 utils.py:131] === Checking the job status... ===
I 03-17 20:34:10 utils.py:137] Job status: JobStatus.RUNNING
I 03-17 20:34:10 utils.py:140] ==================================
I 03-17 20:34:30 utils.py:131] === Checking the job status... ===
I 03-17 20:34:31 utils.py:137] Job status: JobStatus.RUNNING
I 03-17 20:34:31 utils.py:140] ==================================
I 03-17 20:34:51 utils.py:131] === Checking the job status... ===
I 03-17 20:34:52 utils.py:137] Job status: JobStatus.RUNNING
I 03-17 20:34:52 utils.py:140] ==================================
I 03-17 20:35:12 utils.py:131] === Checking the job status... ===
I 03-17 20:35:13 utils.py:137] Job status: JobStatus.RUNNING
I 03-17 20:35:13 utils.py:140] ==================================
I 03-17 20:35:33 utils.py:131] === Checking the job status... ===
I 03-17 20:35:33 utils.py:137] Job status: JobStatus.RUNNING
I 03-17 20:35:33 utils.py:140] ==================================
I 03-17 20:35:53 utils.py:131] === Checking the job status... ===
I 03-17 20:35:54 utils.py:137] Job status: JobStatus.RUNNING
I 03-17 20:35:54 utils.py:140] ==================================
I 03-17 20:36:14 utils.py:131] === Checking the job status... ===
I 03-17 20:36:15 utils.py:137] Job status: JobStatus.RUNNING
I 03-17 20:36:15 utils.py:140] ==================================
I 03-17 20:36:35 utils.py:131] === Checking the job status... ===
I 03-17 20:36:35 utils.py:137] Job status: JobStatus.RUNNING
I 03-17 20:36:35 utils.py:140] ==================================
I 03-17 20:36:56 utils.py:131] === Checking the job status... ===
I 03-17 20:36:56 utils.py:137] Job status: JobStatus.RUNNING
I 03-17 20:36:56 utils.py:140] ==================================
I 03-17 20:37:16 utils.py:131] === Checking the job status... ===
I 03-17 20:37:17 utils.py:137] Job status: JobStatus.RUNNING
I 03-17 20:37:17 utils.py:140] ==================================
I 03-17 20:37:37 utils.py:131] === Checking the job status... ===
I 03-17 20:37:38 utils.py:137] Job status: JobStatus.RUNNING
I 03-17 20:37:38 utils.py:140] ==================================
I 03-17 20:37:58 utils.py:131] === Checking the job status... ===
I 03-17 20:37:58 utils.py:137] Job status: JobStatus.RUNNING
I 03-17 20:37:58 utils.py:140] ==================================
I 03-17 20:38:19 utils.py:131] === Checking the job status... ===
I 03-17 20:38:19 utils.py:137] Job status: JobStatus.RUNNING
I 03-17 20:38:19 utils.py:140] ==================================
I 03-17 20:38:39 utils.py:131] === Checking the job status... ===
I 03-17 20:38:40 utils.py:137] Job status: JobStatus.RUNNING
I 03-17 20:38:40 utils.py:140] ==================================
I 03-17 20:39:00 utils.py:131] === Checking the job status... ===
I 03-17 20:39:01 utils.py:137] Job status: JobStatus.RUNNING
I 03-17 20:39:01 utils.py:140] ==================================
I 03-17 20:39:21 utils.py:131] === Checking the job status... ===
I 03-17 20:39:21 utils.py:137] Job status: JobStatus.RUNNING
I 03-17 20:39:21 utils.py:140] ==================================
I 03-17 20:39:41 utils.py:131] === Checking the job status... ===
I 03-17 20:39:42 utils.py:137] Job status: JobStatus.RUNNING
I 03-17 20:39:42 utils.py:140] ==================================
I 03-17 20:40:02 utils.py:131] === Checking the job status... ===
I 03-17 20:40:03 utils.py:137] Job status: JobStatus.RUNNING
I 03-17 20:40:03 utils.py:140] ==================================
I 03-17 20:40:23 utils.py:131] === Checking the job status... ===
I 03-17 20:40:23 utils.py:137] Job status: JobStatus.RUNNING
I 03-17 20:40:23 utils.py:140] ==================================
I 03-17 20:40:43 utils.py:131] === Checking the job status... ===
I 03-17 20:40:44 utils.py:137] Job status: JobStatus.RUNNING
I 03-17 20:40:44 utils.py:140] ==================================
I 03-17 20:41:04 utils.py:131] === Checking the job status... ===
I 03-17 20:41:05 utils.py:137] Job status: JobStatus.RUNNING
I 03-17 20:41:05 utils.py:140] ==================================
I 03-17 20:41:25 utils.py:131] === Checking the job status... ===
I 03-17 20:41:26 utils.py:137] Job status: JobStatus.RUNNING
I 03-17 20:41:26 utils.py:140] ==================================
I 03-17 20:41:46 utils.py:131] === Checking the job status... ===
I 03-17 20:41:46 utils.py:137] Job status: JobStatus.RUNNING
I 03-17 20:41:46 utils.py:140] ==================================
I 03-17 20:42:06 utils.py:131] === Checking the job status... ===
I 03-17 20:42:07 utils.py:137] Job status: JobStatus.RUNNING
I 03-17 20:42:07 utils.py:140] ==================================
I 03-17 20:42:27 utils.py:131] === Checking the job status... ===
I 03-17 20:42:28 utils.py:137] Job status: JobStatus.RUNNING
I 03-17 20:42:28 utils.py:140] ==================================
I 03-17 20:42:48 utils.py:131] === Checking the job status... ===
I 03-17 20:42:49 utils.py:137] Job status: JobStatus.RUNNING
I 03-17 20:42:49 utils.py:140] ==================================
I 03-17 20:43:09 utils.py:131] === Checking the job status... ===
I 03-17 20:43:09 utils.py:137] Job status: JobStatus.RUNNING
I 03-17 20:43:09 utils.py:140] ==================================
I 03-17 20:43:29 utils.py:131] === Checking the job status... ===
I 03-17 20:43:30 utils.py:137] Job status: JobStatus.RUNNING
I 03-17 20:43:30 utils.py:140] ==================================
I 03-17 20:43:50 utils.py:131] === Checking the job status... ===
I 03-17 20:43:51 utils.py:137] Job status: JobStatus.RUNNING
I 03-17 20:43:51 utils.py:140] ==================================
I 03-17 20:44:11 utils.py:131] === Checking the job status... ===
I 03-17 20:44:12 utils.py:137] Job status: JobStatus.RUNNING
I 03-17 20:44:12 utils.py:140] ==================================
I 03-17 20:44:32 utils.py:131] === Checking the job status... ===
I 03-17 20:44:32 utils.py:137] Job status: JobStatus.RUNNING
I 03-17 20:44:32 utils.py:140] ==================================
I 03-17 20:44:52 utils.py:131] === Checking the job status... ===
I 03-17 20:44:53 utils.py:137] Job status: JobStatus.RUNNING
I 03-17 20:44:53 utils.py:140] ==================================
I 03-17 20:45:13 utils.py:131] === Checking the job status... ===
I 03-17 20:45:14 utils.py:137] Job status: JobStatus.RUNNING
I 03-17 20:45:14 utils.py:140] ==================================
I 03-17 20:45:34 utils.py:131] === Checking the job status... ===
I 03-17 20:45:34 utils.py:137] Job status: JobStatus.RUNNING
I 03-17 20:45:34 utils.py:140] ==================================
I 03-17 20:45:54 utils.py:131] === Checking the job status... ===
I 03-17 20:45:55 utils.py:137] Job status: JobStatus.RUNNING
I 03-17 20:45:55 utils.py:140] ==================================
I 03-17 20:46:15 utils.py:131] === Checking the job status... ===
I 03-17 20:46:16 utils.py:137] Job status: JobStatus.RUNNING
I 03-17 20:46:16 utils.py:140] ==================================
I 03-17 20:46:36 utils.py:131] === Checking the job status... ===
I 03-17 20:46:37 utils.py:137] Job status: JobStatus.RUNNING
I 03-17 20:46:37 utils.py:140] ==================================
I 03-17 20:46:57 utils.py:131] === Checking the job status... ===
I 03-17 20:46:57 utils.py:137] Job status: JobStatus.RUNNING
I 03-17 20:46:57 utils.py:140] ==================================
I 03-17 20:47:17 utils.py:131] === Checking the job status... ===
I 03-17 20:47:18 utils.py:137] Job status: JobStatus.RUNNING
I 03-17 20:47:18 utils.py:140] ==================================
I 03-17 20:47:38 utils.py:131] === Checking the job status... ===
I 03-17 20:47:39 utils.py:137] Job status: JobStatus.RUNNING
I 03-17 20:47:39 utils.py:140] ==================================
I 03-17 20:47:59 utils.py:131] === Checking the job status... ===
I 03-17 20:48:00 utils.py:137] Job status: JobStatus.RUNNING
I 03-17 20:48:00 utils.py:140] ==================================
I 03-17 20:48:20 utils.py:131] === Checking the job status... ===
I 03-17 20:48:20 utils.py:137] Job status: JobStatus.RUNNING
I 03-17 20:48:20 utils.py:140] ==================================
I 03-17 20:48:40 utils.py:131] === Checking the job status... ===
I 03-17 20:48:41 utils.py:137] Job status: JobStatus.RUNNING
I 03-17 20:48:41 utils.py:140] ==================================
I 03-17 20:49:01 utils.py:131] === Checking the job status... ===
I 03-17 20:49:02 utils.py:137] Job status: JobStatus.RUNNING
I 03-17 20:49:02 utils.py:140] ==================================
I 03-17 20:49:22 utils.py:131] === Checking the job status... ===
I 03-17 20:49:22 utils.py:137] Job status: JobStatus.RUNNING
I 03-17 20:49:22 utils.py:140] ==================================
I 03-17 20:49:43 utils.py:131] === Checking the job status... ===
I 03-17 20:49:43 utils.py:137] Job status: JobStatus.RUNNING
I 03-17 20:49:43 utils.py:140] ==================================
I 03-17 20:50:03 utils.py:131] === Checking the job status... ===
I 03-17 20:50:04 utils.py:137] Job status: JobStatus.RUNNING
I 03-17 20:50:04 utils.py:140] ==================================
I 03-17 20:50:24 utils.py:131] === Checking the job status... ===
I 03-17 20:50:25 utils.py:137] Job status: JobStatus.RUNNING
I 03-17 20:50:25 utils.py:140] ==================================
I 03-17 20:50:45 utils.py:131] === Checking the job status... ===
I 03-17 20:50:45 utils.py:137] Job status: JobStatus.RUNNING
I 03-17 20:50:45 utils.py:140] ==================================
I 03-17 20:51:05 utils.py:131] === Checking the job status... ===
I 03-17 20:51:06 utils.py:137] Job status: JobStatus.RUNNING
I 03-17 20:51:06 utils.py:140] ==================================
I 03-17 20:51:26 utils.py:131] === Checking the job status... ===
I 03-17 20:51:27 utils.py:137] Job status: JobStatus.RUNNING
I 03-17 20:51:27 utils.py:140] ==================================
I 03-17 20:51:47 utils.py:131] === Checking the job status... ===
I 03-17 20:51:48 utils.py:137] Job status: JobStatus.RUNNING
I 03-17 20:51:48 utils.py:140] ==================================
I 03-17 20:52:08 utils.py:131] === Checking the job status... ===
I 03-17 20:52:08 utils.py:137] Job status: JobStatus.RUNNING
I 03-17 20:52:08 utils.py:140] ==================================
I 03-17 20:52:28 utils.py:131] === Checking the job status... ===
I 03-17 20:52:29 utils.py:137] Job status: JobStatus.RUNNING
I 03-17 20:52:29 utils.py:140] ==================================
I 03-17 20:52:49 utils.py:131] === Checking the job status... ===
I 03-17 20:52:50 utils.py:137] Job status: JobStatus.RUNNING
I 03-17 20:52:50 utils.py:140] ==================================
I 03-17 20:53:10 utils.py:131] === Checking the job status... ===
I 03-17 20:53:11 utils.py:137] Job status: JobStatus.RUNNING
I 03-17 20:53:11 utils.py:140] ==================================
I 03-17 20:53:31 utils.py:131] === Checking the job status... ===
I 03-17 20:53:31 utils.py:137] Job status: JobStatus.RUNNING
I 03-17 20:53:31 utils.py:140] ==================================
I 03-17 20:53:51 utils.py:131] === Checking the job status... ===
I 03-17 20:53:52 utils.py:137] Job status: JobStatus.RUNNING
I 03-17 20:53:52 utils.py:140] ==================================
