I 03-17 20:25:01 controller.py:59] DAG:
I 03-17 20:25:01 controller.py:59] [Task<name=compute-text-vectors>(run='# Initialize and dow...')
I 03-17 20:25:01 controller.py:59]   resources: AWS(cpus=4, {'L4': 1})]
I 03-17 20:25:01 controller.py:195] Submitted managed job 270 (task: 0, name: 'compute-text-vectors'); SKYPILOT_TASK_ID: sky-managed-2025-03-17-20-25-01-168097_compute-text-vectors_270-0
I 03-17 20:25:01 controller.py:199] Started monitoring.
I 03-17 20:25:01 state.py:451] Launching the spot cluster...
I 03-17 20:25:01 storage.py:1058] Storage type StoreType.S3 already exists.
<sky-payload>"<rich_init>[bold cyan]Optimizing[/]</rich_init>"</sky-payload>
<sky-payload>"<rich_update>[bold cyan]Optimizing[/]</rich_update>"</sky-payload>
<sky-payload>"<rich_start>[bold cyan]Optimizing[/]</rich_start>"</sky-payload>
I 03-17 20:25:02 optimizer.py:736] [1mTarget:[0m minimizing cost
I 03-17 20:25:02 optimizer.py:749] [1mEstimated cost: [0m$0.8 / hour
I 03-17 20:25:02 optimizer.py:749] 
I 03-17 20:25:02 optimizer.py:884] Considered resources (1 node):
I 03-17 20:25:02 optimizer.py:952] ----------------------------------------------------------------------------------------
I 03-17 20:25:02 optimizer.py:952]  CLOUD   INSTANCE    vCPUs   Mem(GB)   ACCELERATORS   REGION/ZONE   COST ($)   CHOSEN   
I 03-17 20:25:02 optimizer.py:952] ----------------------------------------------------------------------------------------
I 03-17 20:25:02 optimizer.py:952]  AWS     g6.xlarge   4       16        L4:1           us-east-1     0.80       [32m   ✔[0m     
I 03-17 20:25:02 optimizer.py:952] ----------------------------------------------------------------------------------------
<sky-payload>"<rich_exit></rich_exit>"</sky-payload>
<sky-payload>"<rich_init>[bold cyan]Launching[/]</rich_init>"</sky-payload>
<sky-payload>"<rich_update>[bold cyan]Launching[/]</rich_update>"</sky-payload>
<sky-payload>"<rich_start>[bold cyan]Launching[/]</rich_start>"</sky-payload>
<sky-payload>"<rich_update>[bold cyan]Launching[/]  \u001b[2mView logs: sky api logs -l sky-2025-03-17-20-25-01-830066/provision.log\u001b[0m</rich_update>"</sky-payload>
<sky-payload>"<rich_update>[bold cyan]Launching[/]  \u001b[2mView logs: sky api logs -l sky-2025-03-17-20-25-01-830066/provision.log\u001b[0m</rich_update>"</sky-payload>
I 03-17 20:25:02 cloud_vm_ray_backend.py:1520] [0m⚙︎ Launching on AWS us-east-1[0m (us-east-1a,us-east-1b,us-east-1c,us-east-1d).
[2mW 03-17 20:25:05 instance.py:243] create_instances: Attempt failed with An error occurred (VcpuLimitExceeded) when calling the RunInstances operation: You have requested more vCPU capacity than your current vCPU limit of 64 allows for the instance bucket that the specified instance type belongs to. Please visit http://aws.amazon.com/contact-us/ec2-request to request an adjustment to this limit.[0m
[2mW 03-17 20:25:06 instance.py:243] create_instances: Attempt failed with An error occurred (VcpuLimitExceeded) when calling the RunInstances operation: You have requested more vCPU capacity than your current vCPU limit of 64 allows for the instance bucket that the specified instance type belongs to. Please visit http://aws.amazon.com/contact-us/ec2-request to request an adjustment to this limit.[0m
[2mW 03-17 20:25:06 instance.py:243] create_instances: Attempt failed with An error occurred (VcpuLimitExceeded) when calling the RunInstances operation: You have requested more vCPU capacity than your current vCPU limit of 64 allows for the instance bucket that the specified instance type belongs to. Please visit http://aws.amazon.com/contact-us/ec2-request to request an adjustment to this limit.[0m
W 03-17 20:25:07 cloud_vm_ray_backend.py:2061] sky.exceptions.ResourcesUnavailableError: Failed to acquire resources in all zones in us-east-1 for {AWS(cpus=4, {'L4': 1})}. 
W 03-17 20:25:07 cloud_vm_ray_backend.py:2097] 
W 03-17 20:25:07 cloud_vm_ray_backend.py:2097] [0m[33m↺[0m Trying other potential resources.
<sky-payload>"<rich_update>[bold cyan]Looking for resources[/]  \u001b[2mView logs: sky api logs -l sky-2025-03-17-20-25-01-830066/provision.log\u001b[0m</rich_update>"</sky-payload>
<sky-payload>"<rich_update>[bold cyan]Optimizing[/]</rich_update>"</sky-payload>
<sky-payload>"<rich_start>[bold cyan]Launching[/]</rich_start>"</sky-payload>
I 03-17 20:25:07 optimizer.py:736] [1mTarget:[0m minimizing cost
I 03-17 20:25:07 optimizer.py:749] [1mEstimated cost: [0m$0.8 / hour
I 03-17 20:25:07 optimizer.py:749] 
I 03-17 20:25:07 optimizer.py:884] Considered resources (1 node):
I 03-17 20:25:07 optimizer.py:952] ----------------------------------------------------------------------------------------
I 03-17 20:25:07 optimizer.py:952]  CLOUD   INSTANCE    vCPUs   Mem(GB)   ACCELERATORS   REGION/ZONE   COST ($)   CHOSEN   
I 03-17 20:25:07 optimizer.py:952] ----------------------------------------------------------------------------------------
I 03-17 20:25:07 optimizer.py:952]  AWS     g6.xlarge   4       16        L4:1           us-east-2     0.80       [32m   ✔[0m     
I 03-17 20:25:07 optimizer.py:952] ----------------------------------------------------------------------------------------
<sky-payload>"<rich_update>[bold cyan]Looking for resources[/]  \u001b[2mView logs: sky api logs -l sky-2025-03-17-20-25-01-830066/provision.log\u001b[0m</rich_update>"</sky-payload>
<sky-payload>"<rich_update>[bold cyan]Launching[/]  \u001b[2mView logs: sky api logs -l sky-2025-03-17-20-25-01-830066/provision.log\u001b[0m</rich_update>"</sky-payload>
I 03-17 20:25:07 cloud_vm_ray_backend.py:1520] [0m⚙︎ Launching on AWS us-east-2[0m (us-east-2a,us-east-2b,us-east-2c).
[2mW 03-17 20:25:10 instance.py:243] create_instances: Attempt failed with An error occurred (VcpuLimitExceeded) when calling the RunInstances operation: You have requested more vCPU capacity than your current vCPU limit of 128 allows for the instance bucket that the specified instance type belongs to. Please visit http://aws.amazon.com/contact-us/ec2-request to request an adjustment to this limit.[0m
[2mW 03-17 20:25:11 instance.py:243] create_instances: Attempt failed with An error occurred (VcpuLimitExceeded) when calling the RunInstances operation: You have requested more vCPU capacity than your current vCPU limit of 128 allows for the instance bucket that the specified instance type belongs to. Please visit http://aws.amazon.com/contact-us/ec2-request to request an adjustment to this limit.[0m
[2mW 03-17 20:25:12 instance.py:243] create_instances: Attempt failed with An error occurred (VcpuLimitExceeded) when calling the RunInstances operation: You have requested more vCPU capacity than your current vCPU limit of 128 allows for the instance bucket that the specified instance type belongs to. Please visit http://aws.amazon.com/contact-us/ec2-request to request an adjustment to this limit.[0m
W 03-17 20:25:13 cloud_vm_ray_backend.py:2061] sky.exceptions.ResourcesUnavailableError: Failed to acquire resources in all zones in us-east-2 for {AWS(cpus=4, {'L4': 1})}. 
W 03-17 20:25:13 cloud_vm_ray_backend.py:2097] 
W 03-17 20:25:13 cloud_vm_ray_backend.py:2097] [0m[33m↺[0m Trying other potential resources.
<sky-payload>"<rich_update>[bold cyan]Looking for resources[/]  \u001b[2mView logs: sky api logs -l sky-2025-03-17-20-25-01-830066/provision.log\u001b[0m</rich_update>"</sky-payload>
<sky-payload>"<rich_update>[bold cyan]Optimizing[/]</rich_update>"</sky-payload>
<sky-payload>"<rich_start>[bold cyan]Launching[/]</rich_start>"</sky-payload>
I 03-17 20:25:13 optimizer.py:736] [1mTarget:[0m minimizing cost
I 03-17 20:25:13 optimizer.py:749] [1mEstimated cost: [0m$0.8 / hour
I 03-17 20:25:13 optimizer.py:749] 
I 03-17 20:25:13 optimizer.py:884] Considered resources (1 node):
I 03-17 20:25:13 optimizer.py:952] ----------------------------------------------------------------------------------------
I 03-17 20:25:13 optimizer.py:952]  CLOUD   INSTANCE    vCPUs   Mem(GB)   ACCELERATORS   REGION/ZONE   COST ($)   CHOSEN   
I 03-17 20:25:13 optimizer.py:952] ----------------------------------------------------------------------------------------
I 03-17 20:25:13 optimizer.py:952]  AWS     g6.xlarge   4       16        L4:1           us-west-2     0.80       [32m   ✔[0m     
I 03-17 20:25:13 optimizer.py:952] ----------------------------------------------------------------------------------------
<sky-payload>"<rich_update>[bold cyan]Looking for resources[/]  \u001b[2mView logs: sky api logs -l sky-2025-03-17-20-25-01-830066/provision.log\u001b[0m</rich_update>"</sky-payload>
<sky-payload>"<rich_update>[bold cyan]Launching[/]  \u001b[2mView logs: sky api logs -l sky-2025-03-17-20-25-01-830066/provision.log\u001b[0m</rich_update>"</sky-payload>
I 03-17 20:25:13 cloud_vm_ray_backend.py:1520] [0m⚙︎ Launching on AWS us-west-2[0m (us-west-2a,us-west-2b,us-west-2c,us-west-2d).
[2mW 03-17 20:26:30 instance.py:243] create_instances: Attempt failed with An error occurred (VcpuLimitExceeded) when calling the RunInstances operation: You have requested more vCPU capacity than your current vCPU limit of 64 allows for the instance bucket that the specified instance type belongs to. Please visit http://aws.amazon.com/contact-us/ec2-request to request an adjustment to this limit.[0m
[2mW 03-17 20:26:31 instance.py:243] create_instances: Attempt failed with An error occurred (VcpuLimitExceeded) when calling the RunInstances operation: You have requested more vCPU capacity than your current vCPU limit of 64 allows for the instance bucket that the specified instance type belongs to. Please visit http://aws.amazon.com/contact-us/ec2-request to request an adjustment to this limit.[0m
[2mW 03-17 20:26:45 instance.py:243] create_instances: Attempt failed with An error occurred (VcpuLimitExceeded) when calling the RunInstances operation: You have requested more vCPU capacity than your current vCPU limit of 64 allows for the instance bucket that the specified instance type belongs to. Please visit http://aws.amazon.com/contact-us/ec2-request to request an adjustment to this limit.[0m
[2mW 03-17 20:26:51 instance.py:243] create_instances: Attempt failed with An error occurred (VcpuLimitExceeded) when calling the RunInstances operation: You have requested more vCPU capacity than your current vCPU limit of 64 allows for the instance bucket that the specified instance type belongs to. Please visit http://aws.amazon.com/contact-us/ec2-request to request an adjustment to this limit.[0m
W 03-17 20:26:52 cloud_vm_ray_backend.py:2061] sky.exceptions.ResourcesUnavailableError: Failed to acquire resources in all zones in us-west-2 for {AWS(cpus=4, {'L4': 1})}. 
W 03-17 20:26:52 cloud_vm_ray_backend.py:2097] 
W 03-17 20:26:52 cloud_vm_ray_backend.py:2097] [0m[33m↺[0m Trying other potential resources.
<sky-payload>"<rich_update>[bold cyan]Looking for resources[/]  \u001b[2mView logs: sky api logs -l sky-2025-03-17-20-25-01-830066/provision.log\u001b[0m</rich_update>"</sky-payload>
<sky-payload>"<rich_update>[bold cyan]Optimizing[/]</rich_update>"</sky-payload>
<sky-payload>"<rich_start>[bold cyan]Launching[/]</rich_start>"</sky-payload>
I 03-17 20:26:52 optimizer.py:736] [1mTarget:[0m minimizing cost
I 03-17 20:26:52 optimizer.py:749] [1mEstimated cost: [0m$0.9 / hour
I 03-17 20:26:52 optimizer.py:749] 
I 03-17 20:26:52 optimizer.py:884] Considered resources (1 node):
I 03-17 20:26:52 optimizer.py:952] ----------------------------------------------------------------------------------------
I 03-17 20:26:52 optimizer.py:952]  CLOUD   INSTANCE    vCPUs   Mem(GB)   ACCELERATORS   REGION/ZONE   COST ($)   CHOSEN   
I 03-17 20:26:52 optimizer.py:952] ----------------------------------------------------------------------------------------
I 03-17 20:26:52 optimizer.py:952]  AWS     g6.xlarge   4       16        L4:1           eu-north-1    0.85       [32m   ✔[0m     
I 03-17 20:26:52 optimizer.py:952] ----------------------------------------------------------------------------------------
<sky-payload>"<rich_update>[bold cyan]Looking for resources[/]  \u001b[2mView logs: sky api logs -l sky-2025-03-17-20-25-01-830066/provision.log\u001b[0m</rich_update>"</sky-payload>
<sky-payload>"<rich_update>[bold cyan]Launching[/]  \u001b[2mView logs: sky api logs -l sky-2025-03-17-20-25-01-830066/provision.log\u001b[0m</rich_update>"</sky-payload>
I 03-17 20:26:52 cloud_vm_ray_backend.py:1520] [0m⚙︎ Launching on AWS eu-north-1[0m (eu-north-1a,eu-north-1b).
[2mW 03-17 20:26:59 instance.py:243] create_instances: Attempt failed with An error occurred (VcpuLimitExceeded) when calling the RunInstances operation: You have requested more vCPU capacity than your current vCPU limit of 64 allows for the instance bucket that the specified instance type belongs to. Please visit http://aws.amazon.com/contact-us/ec2-request to request an adjustment to this limit.[0m
[2mW 03-17 20:27:01 instance.py:243] create_instances: Attempt failed with An error occurred (VcpuLimitExceeded) when calling the RunInstances operation: You have requested more vCPU capacity than your current vCPU limit of 64 allows for the instance bucket that the specified instance type belongs to. Please visit http://aws.amazon.com/contact-us/ec2-request to request an adjustment to this limit.[0m
W 03-17 20:27:02 cloud_vm_ray_backend.py:2061] sky.exceptions.ResourcesUnavailableError: Failed to acquire resources in all zones in eu-north-1 for {AWS(cpus=4, {'L4': 1})}. 
W 03-17 20:27:02 cloud_vm_ray_backend.py:2097] 
W 03-17 20:27:02 cloud_vm_ray_backend.py:2097] [0m[33m↺[0m Trying other potential resources.
<sky-payload>"<rich_update>[bold cyan]Looking for resources[/]  \u001b[2mView logs: sky api logs -l sky-2025-03-17-20-25-01-830066/provision.log\u001b[0m</rich_update>"</sky-payload>
<sky-payload>"<rich_update>[bold cyan]Optimizing[/]</rich_update>"</sky-payload>
<sky-payload>"<rich_start>[bold cyan]Launching[/]</rich_start>"</sky-payload>
I 03-17 20:27:02 optimizer.py:736] [1mTarget:[0m minimizing cost
I 03-17 20:27:02 optimizer.py:749] [1mEstimated cost: [0m$0.9 / hour
I 03-17 20:27:02 optimizer.py:749] 
I 03-17 20:27:02 optimizer.py:884] Considered resources (1 node):
I 03-17 20:27:02 optimizer.py:952] -----------------------------------------------------------------------------------------
I 03-17 20:27:02 optimizer.py:952]  CLOUD   INSTANCE    vCPUs   Mem(GB)   ACCELERATORS   REGION/ZONE    COST ($)   CHOSEN   
I 03-17 20:27:02 optimizer.py:952] -----------------------------------------------------------------------------------------
I 03-17 20:27:02 optimizer.py:952]  AWS     g6.xlarge   4       16        L4:1           ca-central-1   0.89       [32m   ✔[0m     
I 03-17 20:27:02 optimizer.py:952] -----------------------------------------------------------------------------------------
<sky-payload>"<rich_update>[bold cyan]Looking for resources[/]  \u001b[2mView logs: sky api logs -l sky-2025-03-17-20-25-01-830066/provision.log\u001b[0m</rich_update>"</sky-payload>
<sky-payload>"<rich_update>[bold cyan]Launching[/]  \u001b[2mView logs: sky api logs -l sky-2025-03-17-20-25-01-830066/provision.log\u001b[0m</rich_update>"</sky-payload>
I 03-17 20:27:02 cloud_vm_ray_backend.py:1520] [0m⚙︎ Launching on AWS ca-central-1[0m (ca-central-1a,ca-central-1b).
[2mW 03-17 20:27:05 instance.py:243] create_instances: Attempt failed with An error occurred (VcpuLimitExceeded) when calling the RunInstances operation: You have requested more vCPU capacity than your current vCPU limit of 64 allows for the instance bucket that the specified instance type belongs to. Please visit http://aws.amazon.com/contact-us/ec2-request to request an adjustment to this limit.[0m
[2mW 03-17 20:27:06 instance.py:243] create_instances: Attempt failed with An error occurred (VcpuLimitExceeded) when calling the RunInstances operation: You have requested more vCPU capacity than your current vCPU limit of 64 allows for the instance bucket that the specified instance type belongs to. Please visit http://aws.amazon.com/contact-us/ec2-request to request an adjustment to this limit.[0m
W 03-17 20:27:07 cloud_vm_ray_backend.py:2061] sky.exceptions.ResourcesUnavailableError: Failed to acquire resources in all zones in ca-central-1 for {AWS(cpus=4, {'L4': 1})}. 
W 03-17 20:27:07 cloud_vm_ray_backend.py:2097] 
W 03-17 20:27:07 cloud_vm_ray_backend.py:2097] [0m[33m↺[0m Trying other potential resources.
<sky-payload>"<rich_update>[bold cyan]Looking for resources[/]  \u001b[2mView logs: sky api logs -l sky-2025-03-17-20-25-01-830066/provision.log\u001b[0m</rich_update>"</sky-payload>
<sky-payload>"<rich_update>[bold cyan]Optimizing[/]</rich_update>"</sky-payload>
<sky-payload>"<rich_start>[bold cyan]Launching[/]</rich_start>"</sky-payload>
I 03-17 20:27:07 optimizer.py:736] [1mTarget:[0m minimizing cost
I 03-17 20:27:07 optimizer.py:749] [1mEstimated cost: [0m$1.0 / hour
I 03-17 20:27:07 optimizer.py:749] 
I 03-17 20:27:07 optimizer.py:884] Considered resources (1 node):
I 03-17 20:27:07 optimizer.py:952] ----------------------------------------------------------------------------------------
I 03-17 20:27:07 optimizer.py:952]  CLOUD   INSTANCE    vCPUs   Mem(GB)   ACCELERATORS   REGION/ZONE   COST ($)   CHOSEN   
I 03-17 20:27:07 optimizer.py:952] ----------------------------------------------------------------------------------------
I 03-17 20:27:07 optimizer.py:952]  AWS     g6.xlarge   4       16        L4:1           ap-south-1    0.97       [32m   ✔[0m     
I 03-17 20:27:07 optimizer.py:952] ----------------------------------------------------------------------------------------
<sky-payload>"<rich_update>[bold cyan]Looking for resources[/]  \u001b[2mView logs: sky api logs -l sky-2025-03-17-20-25-01-830066/provision.log\u001b[0m</rich_update>"</sky-payload>
<sky-payload>"<rich_update>[bold cyan]Launching[/]  \u001b[2mView logs: sky api logs -l sky-2025-03-17-20-25-01-830066/provision.log\u001b[0m</rich_update>"</sky-payload>
I 03-17 20:27:07 cloud_vm_ray_backend.py:1520] [0m⚙︎ Launching on AWS ap-south-1[0m (ap-south-1a,ap-south-1b).
[2mW 03-17 20:27:15 instance.py:243] create_instances: Attempt failed with An error occurred (InsufficientInstanceCapacity) when calling the RunInstances operation (reached max retries: 0): We currently do not have sufficient g6.xlarge capacity in the Availability Zone you requested (ap-south-1a). Our system will be working on provisioning additional capacity. You can currently get g6.xlarge capacity by not specifying an Availability Zone in your request or choosing ap-south-1b.[0m
[2mW 03-17 20:27:18 instance.py:243] create_instances: Attempt failed with An error occurred (InsufficientInstanceCapacity) when calling the RunInstances operation (reached max retries: 0): We currently do not have sufficient g6.xlarge capacity in the Availability Zone you requested (ap-south-1b). Our system will be working on provisioning additional capacity. You can currently get g6.xlarge capacity by not specifying an Availability Zone in your request or choosing ap-south-1a.[0m
W 03-17 20:27:19 cloud_vm_ray_backend.py:2061] sky.exceptions.ResourcesUnavailableError: Failed to acquire resources in all zones in ap-south-1 for {AWS(cpus=4, {'L4': 1})}. 
W 03-17 20:27:19 cloud_vm_ray_backend.py:2097] 
W 03-17 20:27:19 cloud_vm_ray_backend.py:2097] [0m[33m↺[0m Trying other potential resources.
<sky-payload>"<rich_update>[bold cyan]Looking for resources[/]  \u001b[2mView logs: sky api logs -l sky-2025-03-17-20-25-01-830066/provision.log\u001b[0m</rich_update>"</sky-payload>
<sky-payload>"<rich_update>[bold cyan]Optimizing[/]</rich_update>"</sky-payload>
<sky-payload>"<rich_start>[bold cyan]Launching[/]</rich_start>"</sky-payload>
I 03-17 20:27:19 optimizer.py:736] [1mTarget:[0m minimizing cost
I 03-17 20:27:19 optimizer.py:749] [1mEstimated cost: [0m$1.0 / hour
I 03-17 20:27:19 optimizer.py:749] 
I 03-17 20:27:19 optimizer.py:884] Considered resources (1 node):
I 03-17 20:27:19 optimizer.py:952] -------------------------------------------------------------------------------------------
I 03-17 20:27:19 optimizer.py:952]  CLOUD   INSTANCE    vCPUs   Mem(GB)   ACCELERATORS   REGION/ZONE      COST ($)   CHOSEN   
I 03-17 20:27:19 optimizer.py:952] -------------------------------------------------------------------------------------------
I 03-17 20:27:19 optimizer.py:952]  AWS     g6.xlarge   4       16        L4:1           ap-northeast-2   0.99       [32m   ✔[0m     
I 03-17 20:27:19 optimizer.py:952] -------------------------------------------------------------------------------------------
<sky-payload>"<rich_update>[bold cyan]Looking for resources[/]  \u001b[2mView logs: sky api logs -l sky-2025-03-17-20-25-01-830066/provision.log\u001b[0m</rich_update>"</sky-payload>
<sky-payload>"<rich_update>[bold cyan]Launching[/]  \u001b[2mView logs: sky api logs -l sky-2025-03-17-20-25-01-830066/provision.log\u001b[0m</rich_update>"</sky-payload>
I 03-17 20:27:20 cloud_vm_ray_backend.py:1520] [0m⚙︎ Launching on AWS ap-northeast-2[0m (ap-northeast-2a,ap-northeast-2d).
[2mW 03-17 20:27:29 instance.py:243] create_instances: Attempt failed with An error occurred (InsufficientInstanceCapacity) when calling the RunInstances operation (reached max retries: 0): We currently do not have sufficient g6.xlarge capacity in the Availability Zone you requested (ap-northeast-2a). Our system will be working on provisioning additional capacity. You can currently get g6.xlarge capacity by not specifying an Availability Zone in your request or choosing ap-northeast-2d.[0m
<sky-payload>"<rich_update>[bold cyan]Launching - Checking instance status[/]  \u001b[2mView logs: sky api logs -l sky-2025-03-17-20-25-01-830066/provision.log\u001b[0m</rich_update>"</sky-payload>
<sky-payload>"<rich_update>[bold cyan]Launching - Waiting for SSH access[/]  \u001b[2mView logs: sky api logs -l sky-2025-03-17-20-25-01-830066/provision.log\u001b[0m</rich_update>"</sky-payload>
<sky-payload>"<rich_start>[bold cyan]Launching[/]</rich_start>"</sky-payload>
I 03-17 20:27:52 provisioner.py:451] [2m└── [0m[2mInstance is up.[0m
<sky-payload>"<rich_update>[bold cyan]Preparing SkyPilot runtime (1/3 - initializing)[/]  \u001b[2mView logs: sky api logs -l sky-2025-03-17-20-25-01-830066/provision.log\u001b[0m</rich_update>"</sky-payload>
<sky-payload>"<rich_update>[bold cyan]Preparing SkyPilot runtime (2/3 - dependencies)[/]  \u001b[2mView logs: sky api logs -l sky-2025-03-17-20-25-01-830066/provision.log\u001b[0m</rich_update>"</sky-payload>
<sky-payload>"<rich_update>[bold cyan]Preparing SkyPilot runtime (3/3 - runtime)[/]  \u001b[2mView logs: sky api logs -l sky-2025-03-17-20-25-01-830066/provision.log\u001b[0m</rich_update>"</sky-payload>
<sky-payload>"<rich_update>[bold cyan]Launching - Checking instance status[/]  \u001b[2mView logs: sky api logs -l sky-2025-03-17-20-25-01-830066/provision.log\u001b[0m</rich_update>"</sky-payload>
I 03-17 20:28:20 provisioner.py:632] [0m[32m✓ Cluster launched: compute-text-vectors-270.[0m  [2mView logs: sky api logs -l sky-2025-03-17-20-25-01-830066/provision.log[0m
<sky-payload>"<rich_exit></rich_exit>"</sky-payload>
I 03-17 20:28:20 execution.py:332] [0m⚙︎ Syncing files.
<sky-payload>"<rich_init>[bold cyan]Syncing files[/]</rich_init>"</sky-payload>
<sky-payload>"<rich_update>[bold cyan]Syncing files[/]</rich_update>"</sky-payload>
<sky-payload>"<rich_start>[bold cyan]Syncing files[/]</rich_start>"</sky-payload>
<sky-payload>"<rich_update>[bold cyan]Syncing file mounts[/]  \u001b[2mView logs: sky api logs -l sky-2025-03-17-20-25-01-830066/file_mounts.log\u001b[0m</rich_update>"</sky-payload>
I 03-17 20:28:21 backend_utils.py:1315]   [2mSyncing (to 1 node): s3://skypilot-filemounts-root-726f1974-emy7dsdy/job-emy7dsdy/workdir -> ~/sky_workdir[0m
I 03-17 20:28:24 cloud_vm_ray_backend.py:4801] [0m[32m✓ Synced file_mounts.[0m  [2mView logs: sky api logs -l sky-2025-03-17-20-25-01-830066/file_mounts.log[0m
<sky-payload>"<rich_update>[bold cyan]Mounting 1 storage[/]  \u001b[2mView logs: sky api logs -l sky-2025-03-17-20-25-01-830066/storage_mounts.log\u001b[0m</rich_update>"</sky-payload>
I 03-17 20:28:24 backend_utils.py:1315]   [2mMounting (to 1 node): s3://sky-text-embeddings-multi-cluster-final -> /output[0m
I 03-17 20:28:28 cloud_vm_ray_backend.py:4892] [0m[32m✓ Storage mounted.[0m  [2mView logs: sky api logs -l sky-2025-03-17-20-25-01-830066/storage_mounts.log[0m
<sky-payload>"<rich_exit></rich_exit>"</sky-payload>
<sky-payload>"<rich_init>[bold cyan]Running setup[/]</rich_init>"</sky-payload>
<sky-payload>"<rich_update>[bold cyan]Running setup[/]</rich_update>"</sky-payload>
<sky-payload>"<rich_start>[bold cyan]Running setup[/]</rich_start>"</sky-payload>
<sky-payload>"<rich_stop></rich_stop>"</sky-payload>
I 03-17 20:28:31 cloud_vm_ray_backend.py:3357] [0m[32m✓ Setup detached.[0m
<sky-payload>"<rich_exit></rich_exit>"</sky-payload>
<sky-payload>"<rich_init>[bold cyan]Submitting job[/]</rich_init>"</sky-payload>
<sky-payload>"<rich_update>[bold cyan]Submitting job[/]</rich_update>"</sky-payload>
<sky-payload>"<rich_start>[bold cyan]Submitting job[/]</rich_start>"</sky-payload>
I 03-17 20:28:34 cloud_vm_ray_backend.py:3460] [0m⚙︎ Job submitted, ID: 1
<sky-payload>"<rich_stop></rich_stop>"</sky-payload>
<sky-payload>"<rich_exit></rich_exit>"</sky-payload>

[?25hI 03-17 20:28:35 recovery_strategy.py:289] Managed job cluster launched.
I 03-17 20:28:39 utils.py:131] === Checking the job status... ===
I 03-17 20:28:40 utils.py:137] Job status: JobStatus.SETTING_UP
I 03-17 20:28:40 utils.py:140] ==================================
I 03-17 20:28:41 state.py:471] Job started.
I 03-17 20:29:01 utils.py:131] === Checking the job status... ===
I 03-17 20:29:02 utils.py:137] Job status: JobStatus.SETTING_UP
I 03-17 20:29:02 utils.py:140] ==================================
I 03-17 20:29:22 utils.py:131] === Checking the job status... ===
I 03-17 20:29:23 utils.py:137] Job status: JobStatus.SETTING_UP
I 03-17 20:29:23 utils.py:140] ==================================
I 03-17 20:29:43 utils.py:131] === Checking the job status... ===
I 03-17 20:29:44 utils.py:137] Job status: JobStatus.SETTING_UP
I 03-17 20:29:44 utils.py:140] ==================================
I 03-17 20:30:04 utils.py:131] === Checking the job status... ===
I 03-17 20:30:05 utils.py:137] Job status: JobStatus.SETTING_UP
I 03-17 20:30:05 utils.py:140] ==================================
I 03-17 20:30:25 utils.py:131] === Checking the job status... ===
I 03-17 20:30:26 utils.py:137] Job status: JobStatus.SETTING_UP
I 03-17 20:30:26 utils.py:140] ==================================
I 03-17 20:30:46 utils.py:131] === Checking the job status... ===
I 03-17 20:30:47 utils.py:137] Job status: JobStatus.SETTING_UP
I 03-17 20:30:47 utils.py:140] ==================================
I 03-17 20:31:08 utils.py:131] === Checking the job status... ===
I 03-17 20:31:09 utils.py:137] Job status: JobStatus.RUNNING
I 03-17 20:31:09 utils.py:140] ==================================
I 03-17 20:31:29 utils.py:131] === Checking the job status... ===
I 03-17 20:31:30 utils.py:137] Job status: JobStatus.RUNNING
I 03-17 20:31:30 utils.py:140] ==================================
I 03-17 20:31:50 utils.py:131] === Checking the job status... ===
I 03-17 20:31:51 utils.py:137] Job status: JobStatus.RUNNING
I 03-17 20:31:51 utils.py:140] ==================================
I 03-17 20:32:11 utils.py:131] === Checking the job status... ===
I 03-17 20:32:12 utils.py:137] Job status: JobStatus.RUNNING
I 03-17 20:32:12 utils.py:140] ==================================
I 03-17 20:32:32 utils.py:131] === Checking the job status... ===
I 03-17 20:32:33 utils.py:137] Job status: JobStatus.RUNNING
I 03-17 20:32:33 utils.py:140] ==================================
I 03-17 20:32:53 utils.py:131] === Checking the job status... ===
I 03-17 20:32:54 utils.py:137] Job status: JobStatus.RUNNING
I 03-17 20:32:54 utils.py:140] ==================================
I 03-17 20:33:14 utils.py:131] === Checking the job status... ===
I 03-17 20:33:16 utils.py:137] Job status: JobStatus.RUNNING
I 03-17 20:33:16 utils.py:140] ==================================
I 03-17 20:33:36 utils.py:131] === Checking the job status... ===
I 03-17 20:33:37 utils.py:137] Job status: JobStatus.RUNNING
I 03-17 20:33:37 utils.py:140] ==================================
I 03-17 20:33:57 utils.py:131] === Checking the job status... ===
I 03-17 20:33:58 utils.py:137] Job status: JobStatus.RUNNING
I 03-17 20:33:58 utils.py:140] ==================================
I 03-17 20:34:18 utils.py:131] === Checking the job status... ===
I 03-17 20:34:19 utils.py:137] Job status: JobStatus.RUNNING
I 03-17 20:34:19 utils.py:140] ==================================
I 03-17 20:34:39 utils.py:131] === Checking the job status... ===
I 03-17 20:34:40 utils.py:137] Job status: JobStatus.RUNNING
I 03-17 20:34:40 utils.py:140] ==================================
I 03-17 20:35:00 utils.py:131] === Checking the job status... ===
I 03-17 20:35:05 utils.py:137] Job status: JobStatus.RUNNING
I 03-17 20:35:05 utils.py:140] ==================================
I 03-17 20:35:25 utils.py:131] === Checking the job status... ===
I 03-17 20:35:29 utils.py:137] Job status: JobStatus.RUNNING
I 03-17 20:35:29 utils.py:140] ==================================
I 03-17 20:35:50 utils.py:131] === Checking the job status... ===
I 03-17 20:35:51 utils.py:137] Job status: JobStatus.RUNNING
I 03-17 20:35:51 utils.py:140] ==================================
I 03-17 20:36:11 utils.py:131] === Checking the job status... ===
I 03-17 20:36:12 utils.py:137] Job status: JobStatus.RUNNING
I 03-17 20:36:12 utils.py:140] ==================================
I 03-17 20:36:32 utils.py:131] === Checking the job status... ===
I 03-17 20:36:33 utils.py:137] Job status: JobStatus.RUNNING
I 03-17 20:36:33 utils.py:140] ==================================
I 03-17 20:36:53 utils.py:131] === Checking the job status... ===
I 03-17 20:36:54 utils.py:137] Job status: JobStatus.RUNNING
I 03-17 20:36:54 utils.py:140] ==================================
I 03-17 20:37:15 utils.py:131] === Checking the job status... ===
I 03-17 20:37:15 utils.py:137] Job status: JobStatus.RUNNING
I 03-17 20:37:15 utils.py:140] ==================================
I 03-17 20:37:36 utils.py:131] === Checking the job status... ===
I 03-17 20:37:37 utils.py:137] Job status: JobStatus.RUNNING
I 03-17 20:37:37 utils.py:140] ==================================
I 03-17 20:37:57 utils.py:131] === Checking the job status... ===
I 03-17 20:37:58 utils.py:137] Job status: JobStatus.RUNNING
I 03-17 20:37:58 utils.py:140] ==================================
I 03-17 20:38:18 utils.py:131] === Checking the job status... ===
I 03-17 20:38:19 utils.py:137] Job status: JobStatus.RUNNING
I 03-17 20:38:19 utils.py:140] ==================================
I 03-17 20:38:39 utils.py:131] === Checking the job status... ===
I 03-17 20:38:40 utils.py:137] Job status: JobStatus.RUNNING
I 03-17 20:38:40 utils.py:140] ==================================
I 03-17 20:39:00 utils.py:131] === Checking the job status... ===
I 03-17 20:39:01 utils.py:137] Job status: JobStatus.RUNNING
I 03-17 20:39:01 utils.py:140] ==================================
I 03-17 20:39:21 utils.py:131] === Checking the job status... ===
I 03-17 20:39:22 utils.py:137] Job status: JobStatus.RUNNING
I 03-17 20:39:22 utils.py:140] ==================================
I 03-17 20:39:42 utils.py:131] === Checking the job status... ===
I 03-17 20:39:43 utils.py:137] Job status: JobStatus.RUNNING
I 03-17 20:39:43 utils.py:140] ==================================
I 03-17 20:40:03 utils.py:131] === Checking the job status... ===
I 03-17 20:40:04 utils.py:137] Job status: JobStatus.RUNNING
I 03-17 20:40:04 utils.py:140] ==================================
I 03-17 20:40:24 utils.py:131] === Checking the job status... ===
I 03-17 20:40:25 utils.py:137] Job status: JobStatus.RUNNING
I 03-17 20:40:25 utils.py:140] ==================================
I 03-17 20:40:45 utils.py:131] === Checking the job status... ===
I 03-17 20:40:46 utils.py:137] Job status: JobStatus.RUNNING
I 03-17 20:40:46 utils.py:140] ==================================
I 03-17 20:41:06 utils.py:131] === Checking the job status... ===
I 03-17 20:41:07 utils.py:137] Job status: JobStatus.RUNNING
I 03-17 20:41:07 utils.py:140] ==================================
I 03-17 20:41:28 utils.py:131] === Checking the job status... ===
I 03-17 20:41:28 utils.py:137] Job status: JobStatus.RUNNING
I 03-17 20:41:28 utils.py:140] ==================================
I 03-17 20:41:49 utils.py:131] === Checking the job status... ===
I 03-17 20:41:50 utils.py:137] Job status: JobStatus.RUNNING
I 03-17 20:41:50 utils.py:140] ==================================
I 03-17 20:42:10 utils.py:131] === Checking the job status... ===
I 03-17 20:42:11 utils.py:137] Job status: JobStatus.RUNNING
I 03-17 20:42:11 utils.py:140] ==================================
I 03-17 20:42:31 utils.py:131] === Checking the job status... ===
I 03-17 20:42:32 utils.py:137] Job status: JobStatus.RUNNING
I 03-17 20:42:32 utils.py:140] ==================================
I 03-17 20:42:52 utils.py:131] === Checking the job status... ===
I 03-17 20:42:53 utils.py:137] Job status: JobStatus.RUNNING
I 03-17 20:42:53 utils.py:140] ==================================
I 03-17 20:43:13 utils.py:131] === Checking the job status... ===
I 03-17 20:43:14 utils.py:137] Job status: JobStatus.RUNNING
I 03-17 20:43:14 utils.py:140] ==================================
I 03-17 20:43:34 utils.py:131] === Checking the job status... ===
I 03-17 20:43:35 utils.py:137] Job status: JobStatus.RUNNING
I 03-17 20:43:35 utils.py:140] ==================================
I 03-17 20:43:55 utils.py:131] === Checking the job status... ===
I 03-17 20:43:56 utils.py:137] Job status: JobStatus.RUNNING
I 03-17 20:43:56 utils.py:140] ==================================
I 03-17 20:44:16 utils.py:131] === Checking the job status... ===
I 03-17 20:44:17 utils.py:137] Job status: JobStatus.RUNNING
I 03-17 20:44:17 utils.py:140] ==================================
I 03-17 20:44:37 utils.py:131] === Checking the job status... ===
I 03-17 20:44:38 utils.py:137] Job status: JobStatus.RUNNING
I 03-17 20:44:38 utils.py:140] ==================================
I 03-17 20:44:58 utils.py:131] === Checking the job status... ===
I 03-17 20:44:59 utils.py:137] Job status: JobStatus.RUNNING
I 03-17 20:44:59 utils.py:140] ==================================
I 03-17 20:45:19 utils.py:131] === Checking the job status... ===
I 03-17 20:45:20 utils.py:137] Job status: JobStatus.RUNNING
I 03-17 20:45:20 utils.py:140] ==================================
I 03-17 20:45:41 utils.py:131] === Checking the job status... ===
I 03-17 20:45:42 utils.py:137] Job status: JobStatus.RUNNING
I 03-17 20:45:42 utils.py:140] ==================================
I 03-17 20:46:02 utils.py:131] === Checking the job status... ===
I 03-17 20:46:03 utils.py:137] Job status: JobStatus.RUNNING
I 03-17 20:46:03 utils.py:140] ==================================
I 03-17 20:46:23 utils.py:131] === Checking the job status... ===
I 03-17 20:46:24 utils.py:137] Job status: JobStatus.RUNNING
I 03-17 20:46:24 utils.py:140] ==================================
I 03-17 20:46:44 utils.py:131] === Checking the job status... ===
I 03-17 20:46:45 utils.py:137] Job status: JobStatus.RUNNING
I 03-17 20:46:45 utils.py:140] ==================================
I 03-17 20:47:05 utils.py:131] === Checking the job status... ===
I 03-17 20:47:06 utils.py:137] Job status: JobStatus.RUNNING
I 03-17 20:47:06 utils.py:140] ==================================
I 03-17 20:47:26 utils.py:131] === Checking the job status... ===
I 03-17 20:47:27 utils.py:137] Job status: JobStatus.RUNNING
I 03-17 20:47:27 utils.py:140] ==================================
I 03-17 20:47:47 utils.py:131] === Checking the job status... ===
I 03-17 20:47:48 utils.py:137] Job status: JobStatus.RUNNING
I 03-17 20:47:48 utils.py:140] ==================================
I 03-17 20:48:08 utils.py:131] === Checking the job status... ===
I 03-17 20:48:09 utils.py:137] Job status: JobStatus.RUNNING
I 03-17 20:48:09 utils.py:140] ==================================
I 03-17 20:48:29 utils.py:131] === Checking the job status... ===
I 03-17 20:48:30 utils.py:137] Job status: JobStatus.RUNNING
I 03-17 20:48:30 utils.py:140] ==================================
I 03-17 20:48:50 utils.py:131] === Checking the job status... ===
I 03-17 20:48:51 utils.py:137] Job status: JobStatus.RUNNING
I 03-17 20:48:51 utils.py:140] ==================================
I 03-17 20:49:11 utils.py:131] === Checking the job status... ===
I 03-17 20:49:12 utils.py:137] Job status: JobStatus.RUNNING
I 03-17 20:49:12 utils.py:140] ==================================
I 03-17 20:49:32 utils.py:131] === Checking the job status... ===
I 03-17 20:49:33 utils.py:137] Job status: JobStatus.RUNNING
I 03-17 20:49:33 utils.py:140] ==================================
I 03-17 20:49:53 utils.py:131] === Checking the job status... ===
I 03-17 20:49:54 utils.py:137] Job status: JobStatus.RUNNING
I 03-17 20:49:54 utils.py:140] ==================================
I 03-17 20:50:15 utils.py:131] === Checking the job status... ===
I 03-17 20:50:15 utils.py:137] Job status: JobStatus.RUNNING
I 03-17 20:50:15 utils.py:140] ==================================
I 03-17 20:50:36 utils.py:131] === Checking the job status... ===
I 03-17 20:50:37 utils.py:137] Job status: JobStatus.RUNNING
I 03-17 20:50:37 utils.py:140] ==================================
I 03-17 20:50:57 utils.py:131] === Checking the job status... ===
I 03-17 20:50:58 utils.py:137] Job status: JobStatus.RUNNING
I 03-17 20:50:58 utils.py:140] ==================================
I 03-17 20:51:18 utils.py:131] === Checking the job status... ===
I 03-17 20:51:19 utils.py:137] Job status: JobStatus.RUNNING
I 03-17 20:51:19 utils.py:140] ==================================
I 03-17 20:51:39 utils.py:131] === Checking the job status... ===
I 03-17 20:51:40 utils.py:137] Job status: JobStatus.RUNNING
I 03-17 20:51:40 utils.py:140] ==================================
I 03-17 20:52:00 utils.py:131] === Checking the job status... ===
I 03-17 20:52:01 utils.py:137] Job status: JobStatus.RUNNING
I 03-17 20:52:01 utils.py:140] ==================================
