I 03-17 20:25:49 controller.py:59] DAG:
I 03-17 20:25:49 controller.py:59] [Task<name=compute-text-vectors>(run='# Initialize and dow...')
I 03-17 20:25:49 controller.py:59]   resources: AWS(cpus=4, {'L4': 1})]
I 03-17 20:25:49 controller.py:195] Submitted managed job 303 (task: 0, name: 'compute-text-vectors'); SKYPILOT_TASK_ID: sky-managed-2025-03-17-20-25-49-032329_compute-text-vectors_303-0
I 03-17 20:25:49 controller.py:199] Started monitoring.
I 03-17 20:25:49 state.py:451] Launching the spot cluster...
I 03-17 20:25:49 storage.py:1058] Storage type StoreType.S3 already exists.
<sky-payload>"<rich_init>[bold cyan]Optimizing[/]</rich_init>"</sky-payload>
<sky-payload>"<rich_update>[bold cyan]Optimizing[/]</rich_update>"</sky-payload>
<sky-payload>"<rich_start>[bold cyan]Optimizing[/]</rich_start>"</sky-payload>
I 03-17 20:25:50 optimizer.py:736] [1mTarget:[0m minimizing cost
I 03-17 20:25:50 optimizer.py:749] [1mEstimated cost: [0m$0.8 / hour
I 03-17 20:25:50 optimizer.py:749] 
I 03-17 20:25:50 optimizer.py:884] Considered resources (1 node):
I 03-17 20:25:50 optimizer.py:952] ----------------------------------------------------------------------------------------
I 03-17 20:25:50 optimizer.py:952]  CLOUD   INSTANCE    vCPUs   Mem(GB)   ACCELERATORS   REGION/ZONE   COST ($)   CHOSEN   
I 03-17 20:25:50 optimizer.py:952] ----------------------------------------------------------------------------------------
I 03-17 20:25:50 optimizer.py:952]  AWS     g6.xlarge   4       16        L4:1           us-east-1     0.80       [32m   ✔[0m     
I 03-17 20:25:50 optimizer.py:952] ----------------------------------------------------------------------------------------
<sky-payload>"<rich_exit></rich_exit>"</sky-payload>
<sky-payload>"<rich_init>[bold cyan]Launching[/]</rich_init>"</sky-payload>
<sky-payload>"<rich_update>[bold cyan]Launching[/]</rich_update>"</sky-payload>
<sky-payload>"<rich_start>[bold cyan]Launching[/]</rich_start>"</sky-payload>
<sky-payload>"<rich_update>[bold cyan]Launching[/]  \u001b[2mView logs: sky api logs -l sky-2025-03-17-20-25-49-693409/provision.log\u001b[0m</rich_update>"</sky-payload>
<sky-payload>"<rich_update>[bold cyan]Launching[/]  \u001b[2mView logs: sky api logs -l sky-2025-03-17-20-25-49-693409/provision.log\u001b[0m</rich_update>"</sky-payload>
I 03-17 20:25:50 cloud_vm_ray_backend.py:1520] [0m⚙︎ Launching on AWS us-east-1[0m (us-east-1a,us-east-1b,us-east-1c,us-east-1d).
[2mW 03-17 20:26:22 instance.py:243] create_instances: Attempt failed with An error occurred (VcpuLimitExceeded) when calling the RunInstances operation: You have requested more vCPU capacity than your current vCPU limit of 64 allows for the instance bucket that the specified instance type belongs to. Please visit http://aws.amazon.com/contact-us/ec2-request to request an adjustment to this limit.[0m
[2mW 03-17 20:26:29 instance.py:243] create_instances: Attempt failed with An error occurred (VcpuLimitExceeded) when calling the RunInstances operation: You have requested more vCPU capacity than your current vCPU limit of 64 allows for the instance bucket that the specified instance type belongs to. Please visit http://aws.amazon.com/contact-us/ec2-request to request an adjustment to this limit.[0m
[2mW 03-17 20:28:00 instance.py:243] create_instances: Attempt failed with An error occurred (VcpuLimitExceeded) when calling the RunInstances operation: You have requested more vCPU capacity than your current vCPU limit of 64 allows for the instance bucket that the specified instance type belongs to. Please visit http://aws.amazon.com/contact-us/ec2-request to request an adjustment to this limit.[0m
W 03-17 20:28:00 cloud_vm_ray_backend.py:2061] sky.exceptions.ResourcesUnavailableError: Failed to acquire resources in all zones in us-east-1 for {AWS(cpus=4, {'L4': 1})}. 
W 03-17 20:28:00 cloud_vm_ray_backend.py:2097] 
W 03-17 20:28:00 cloud_vm_ray_backend.py:2097] [0m[33m↺[0m Trying other potential resources.
<sky-payload>"<rich_update>[bold cyan]Looking for resources[/]  \u001b[2mView logs: sky api logs -l sky-2025-03-17-20-25-49-693409/provision.log\u001b[0m</rich_update>"</sky-payload>
<sky-payload>"<rich_update>[bold cyan]Optimizing[/]</rich_update>"</sky-payload>
<sky-payload>"<rich_start>[bold cyan]Launching[/]</rich_start>"</sky-payload>
I 03-17 20:28:00 optimizer.py:736] [1mTarget:[0m minimizing cost
I 03-17 20:28:00 optimizer.py:749] [1mEstimated cost: [0m$0.8 / hour
I 03-17 20:28:00 optimizer.py:749] 
I 03-17 20:28:00 optimizer.py:884] Considered resources (1 node):
I 03-17 20:28:00 optimizer.py:952] ----------------------------------------------------------------------------------------
I 03-17 20:28:00 optimizer.py:952]  CLOUD   INSTANCE    vCPUs   Mem(GB)   ACCELERATORS   REGION/ZONE   COST ($)   CHOSEN   
I 03-17 20:28:00 optimizer.py:952] ----------------------------------------------------------------------------------------
I 03-17 20:28:00 optimizer.py:952]  AWS     g6.xlarge   4       16        L4:1           us-east-2     0.80       [32m   ✔[0m     
I 03-17 20:28:00 optimizer.py:952] ----------------------------------------------------------------------------------------
<sky-payload>"<rich_update>[bold cyan]Looking for resources[/]  \u001b[2mView logs: sky api logs -l sky-2025-03-17-20-25-49-693409/provision.log\u001b[0m</rich_update>"</sky-payload>
<sky-payload>"<rich_update>[bold cyan]Launching[/]  \u001b[2mView logs: sky api logs -l sky-2025-03-17-20-25-49-693409/provision.log\u001b[0m</rich_update>"</sky-payload>
I 03-17 20:28:01 cloud_vm_ray_backend.py:1520] [0m⚙︎ Launching on AWS us-east-2[0m (us-east-2a,us-east-2b,us-east-2c).
[2mW 03-17 20:28:03 instance.py:243] create_instances: Attempt failed with An error occurred (VcpuLimitExceeded) when calling the RunInstances operation: You have requested more vCPU capacity than your current vCPU limit of 128 allows for the instance bucket that the specified instance type belongs to. Please visit http://aws.amazon.com/contact-us/ec2-request to request an adjustment to this limit.[0m
[2mW 03-17 20:28:04 instance.py:243] create_instances: Attempt failed with An error occurred (VcpuLimitExceeded) when calling the RunInstances operation: You have requested more vCPU capacity than your current vCPU limit of 128 allows for the instance bucket that the specified instance type belongs to. Please visit http://aws.amazon.com/contact-us/ec2-request to request an adjustment to this limit.[0m
[2mW 03-17 20:28:05 instance.py:243] create_instances: Attempt failed with An error occurred (VcpuLimitExceeded) when calling the RunInstances operation: You have requested more vCPU capacity than your current vCPU limit of 128 allows for the instance bucket that the specified instance type belongs to. Please visit http://aws.amazon.com/contact-us/ec2-request to request an adjustment to this limit.[0m
W 03-17 20:28:06 cloud_vm_ray_backend.py:2061] sky.exceptions.ResourcesUnavailableError: Failed to acquire resources in all zones in us-east-2 for {AWS(cpus=4, {'L4': 1})}. 
W 03-17 20:28:06 cloud_vm_ray_backend.py:2097] 
W 03-17 20:28:06 cloud_vm_ray_backend.py:2097] [0m[33m↺[0m Trying other potential resources.
<sky-payload>"<rich_update>[bold cyan]Looking for resources[/]  \u001b[2mView logs: sky api logs -l sky-2025-03-17-20-25-49-693409/provision.log\u001b[0m</rich_update>"</sky-payload>
<sky-payload>"<rich_update>[bold cyan]Optimizing[/]</rich_update>"</sky-payload>
<sky-payload>"<rich_start>[bold cyan]Launching[/]</rich_start>"</sky-payload>
I 03-17 20:28:06 optimizer.py:736] [1mTarget:[0m minimizing cost
I 03-17 20:28:06 optimizer.py:749] [1mEstimated cost: [0m$0.8 / hour
I 03-17 20:28:06 optimizer.py:749] 
I 03-17 20:28:06 optimizer.py:884] Considered resources (1 node):
I 03-17 20:28:06 optimizer.py:952] ----------------------------------------------------------------------------------------
I 03-17 20:28:06 optimizer.py:952]  CLOUD   INSTANCE    vCPUs   Mem(GB)   ACCELERATORS   REGION/ZONE   COST ($)   CHOSEN   
I 03-17 20:28:06 optimizer.py:952] ----------------------------------------------------------------------------------------
I 03-17 20:28:06 optimizer.py:952]  AWS     g6.xlarge   4       16        L4:1           us-west-2     0.80       [32m   ✔[0m     
I 03-17 20:28:06 optimizer.py:952] ----------------------------------------------------------------------------------------
<sky-payload>"<rich_update>[bold cyan]Looking for resources[/]  \u001b[2mView logs: sky api logs -l sky-2025-03-17-20-25-49-693409/provision.log\u001b[0m</rich_update>"</sky-payload>
<sky-payload>"<rich_update>[bold cyan]Launching[/]  \u001b[2mView logs: sky api logs -l sky-2025-03-17-20-25-49-693409/provision.log\u001b[0m</rich_update>"</sky-payload>
I 03-17 20:28:06 cloud_vm_ray_backend.py:1520] [0m⚙︎ Launching on AWS us-west-2[0m (us-west-2a,us-west-2b,us-west-2c,us-west-2d).
[2mW 03-17 20:28:26 instance.py:243] create_instances: Attempt failed with An error occurred (VcpuLimitExceeded) when calling the RunInstances operation: You have requested more vCPU capacity than your current vCPU limit of 64 allows for the instance bucket that the specified instance type belongs to. Please visit http://aws.amazon.com/contact-us/ec2-request to request an adjustment to this limit.[0m
[2mW 03-17 20:28:46 instance.py:243] create_instances: Attempt failed with An error occurred (VcpuLimitExceeded) when calling the RunInstances operation: You have requested more vCPU capacity than your current vCPU limit of 64 allows for the instance bucket that the specified instance type belongs to. Please visit http://aws.amazon.com/contact-us/ec2-request to request an adjustment to this limit.[0m
[2mW 03-17 20:28:50 instance.py:243] create_instances: Attempt failed with An error occurred (VcpuLimitExceeded) when calling the RunInstances operation: You have requested more vCPU capacity than your current vCPU limit of 64 allows for the instance bucket that the specified instance type belongs to. Please visit http://aws.amazon.com/contact-us/ec2-request to request an adjustment to this limit.[0m
[2mW 03-17 20:29:36 instance.py:243] create_instances: Attempt failed with An error occurred (VcpuLimitExceeded) when calling the RunInstances operation: You have requested more vCPU capacity than your current vCPU limit of 64 allows for the instance bucket that the specified instance type belongs to. Please visit http://aws.amazon.com/contact-us/ec2-request to request an adjustment to this limit.[0m
W 03-17 20:29:36 cloud_vm_ray_backend.py:2061] sky.exceptions.ResourcesUnavailableError: Failed to acquire resources in all zones in us-west-2 for {AWS(cpus=4, {'L4': 1})}. 
W 03-17 20:29:36 cloud_vm_ray_backend.py:2097] 
W 03-17 20:29:36 cloud_vm_ray_backend.py:2097] [0m[33m↺[0m Trying other potential resources.
<sky-payload>"<rich_update>[bold cyan]Looking for resources[/]  \u001b[2mView logs: sky api logs -l sky-2025-03-17-20-25-49-693409/provision.log\u001b[0m</rich_update>"</sky-payload>
<sky-payload>"<rich_update>[bold cyan]Optimizing[/]</rich_update>"</sky-payload>
<sky-payload>"<rich_start>[bold cyan]Launching[/]</rich_start>"</sky-payload>
I 03-17 20:29:36 optimizer.py:736] [1mTarget:[0m minimizing cost
I 03-17 20:29:36 optimizer.py:749] [1mEstimated cost: [0m$0.9 / hour
I 03-17 20:29:36 optimizer.py:749] 
I 03-17 20:29:36 optimizer.py:884] Considered resources (1 node):
I 03-17 20:29:36 optimizer.py:952] ----------------------------------------------------------------------------------------
I 03-17 20:29:36 optimizer.py:952]  CLOUD   INSTANCE    vCPUs   Mem(GB)   ACCELERATORS   REGION/ZONE   COST ($)   CHOSEN   
I 03-17 20:29:36 optimizer.py:952] ----------------------------------------------------------------------------------------
I 03-17 20:29:36 optimizer.py:952]  AWS     g6.xlarge   4       16        L4:1           eu-north-1    0.85       [32m   ✔[0m     
I 03-17 20:29:36 optimizer.py:952] ----------------------------------------------------------------------------------------
<sky-payload>"<rich_update>[bold cyan]Looking for resources[/]  \u001b[2mView logs: sky api logs -l sky-2025-03-17-20-25-49-693409/provision.log\u001b[0m</rich_update>"</sky-payload>
<sky-payload>"<rich_update>[bold cyan]Launching[/]  \u001b[2mView logs: sky api logs -l sky-2025-03-17-20-25-49-693409/provision.log\u001b[0m</rich_update>"</sky-payload>
I 03-17 20:29:36 cloud_vm_ray_backend.py:1520] [0m⚙︎ Launching on AWS eu-north-1[0m (eu-north-1a,eu-north-1b).
[2mW 03-17 20:29:44 instance.py:243] create_instances: Attempt failed with An error occurred (VcpuLimitExceeded) when calling the RunInstances operation: You have requested more vCPU capacity than your current vCPU limit of 64 allows for the instance bucket that the specified instance type belongs to. Please visit http://aws.amazon.com/contact-us/ec2-request to request an adjustment to this limit.[0m
[2mW 03-17 20:29:46 instance.py:243] create_instances: Attempt failed with An error occurred (VcpuLimitExceeded) when calling the RunInstances operation: You have requested more vCPU capacity than your current vCPU limit of 64 allows for the instance bucket that the specified instance type belongs to. Please visit http://aws.amazon.com/contact-us/ec2-request to request an adjustment to this limit.[0m
W 03-17 20:29:47 cloud_vm_ray_backend.py:2061] sky.exceptions.ResourcesUnavailableError: Failed to acquire resources in all zones in eu-north-1 for {AWS(cpus=4, {'L4': 1})}. 
W 03-17 20:29:47 cloud_vm_ray_backend.py:2097] 
W 03-17 20:29:47 cloud_vm_ray_backend.py:2097] [0m[33m↺[0m Trying other potential resources.
<sky-payload>"<rich_update>[bold cyan]Looking for resources[/]  \u001b[2mView logs: sky api logs -l sky-2025-03-17-20-25-49-693409/provision.log\u001b[0m</rich_update>"</sky-payload>
<sky-payload>"<rich_update>[bold cyan]Optimizing[/]</rich_update>"</sky-payload>
<sky-payload>"<rich_start>[bold cyan]Launching[/]</rich_start>"</sky-payload>
I 03-17 20:29:47 optimizer.py:736] [1mTarget:[0m minimizing cost
I 03-17 20:29:47 optimizer.py:749] [1mEstimated cost: [0m$0.9 / hour
I 03-17 20:29:47 optimizer.py:749] 
I 03-17 20:29:47 optimizer.py:884] Considered resources (1 node):
I 03-17 20:29:47 optimizer.py:952] -----------------------------------------------------------------------------------------
I 03-17 20:29:47 optimizer.py:952]  CLOUD   INSTANCE    vCPUs   Mem(GB)   ACCELERATORS   REGION/ZONE    COST ($)   CHOSEN   
I 03-17 20:29:47 optimizer.py:952] -----------------------------------------------------------------------------------------
I 03-17 20:29:47 optimizer.py:952]  AWS     g6.xlarge   4       16        L4:1           ca-central-1   0.89       [32m   ✔[0m     
I 03-17 20:29:47 optimizer.py:952] -----------------------------------------------------------------------------------------
<sky-payload>"<rich_update>[bold cyan]Looking for resources[/]  \u001b[2mView logs: sky api logs -l sky-2025-03-17-20-25-49-693409/provision.log\u001b[0m</rich_update>"</sky-payload>
<sky-payload>"<rich_update>[bold cyan]Launching[/]  \u001b[2mView logs: sky api logs -l sky-2025-03-17-20-25-49-693409/provision.log\u001b[0m</rich_update>"</sky-payload>
I 03-17 20:29:47 cloud_vm_ray_backend.py:1520] [0m⚙︎ Launching on AWS ca-central-1[0m (ca-central-1a,ca-central-1b).
[2mW 03-17 20:29:50 instance.py:243] create_instances: Attempt failed with An error occurred (VcpuLimitExceeded) when calling the RunInstances operation: You have requested more vCPU capacity than your current vCPU limit of 64 allows for the instance bucket that the specified instance type belongs to. Please visit http://aws.amazon.com/contact-us/ec2-request to request an adjustment to this limit.[0m
[2mW 03-17 20:29:51 instance.py:243] create_instances: Attempt failed with An error occurred (VcpuLimitExceeded) when calling the RunInstances operation: You have requested more vCPU capacity than your current vCPU limit of 64 allows for the instance bucket that the specified instance type belongs to. Please visit http://aws.amazon.com/contact-us/ec2-request to request an adjustment to this limit.[0m
W 03-17 20:29:52 cloud_vm_ray_backend.py:2061] sky.exceptions.ResourcesUnavailableError: Failed to acquire resources in all zones in ca-central-1 for {AWS(cpus=4, {'L4': 1})}. 
W 03-17 20:29:52 cloud_vm_ray_backend.py:2097] 
W 03-17 20:29:52 cloud_vm_ray_backend.py:2097] [0m[33m↺[0m Trying other potential resources.
<sky-payload>"<rich_update>[bold cyan]Looking for resources[/]  \u001b[2mView logs: sky api logs -l sky-2025-03-17-20-25-49-693409/provision.log\u001b[0m</rich_update>"</sky-payload>
<sky-payload>"<rich_update>[bold cyan]Optimizing[/]</rich_update>"</sky-payload>
<sky-payload>"<rich_start>[bold cyan]Launching[/]</rich_start>"</sky-payload>
I 03-17 20:29:52 optimizer.py:736] [1mTarget:[0m minimizing cost
I 03-17 20:29:52 optimizer.py:749] [1mEstimated cost: [0m$1.0 / hour
I 03-17 20:29:52 optimizer.py:749] 
I 03-17 20:29:52 optimizer.py:884] Considered resources (1 node):
I 03-17 20:29:52 optimizer.py:952] ----------------------------------------------------------------------------------------
I 03-17 20:29:52 optimizer.py:952]  CLOUD   INSTANCE    vCPUs   Mem(GB)   ACCELERATORS   REGION/ZONE   COST ($)   CHOSEN   
I 03-17 20:29:52 optimizer.py:952] ----------------------------------------------------------------------------------------
I 03-17 20:29:52 optimizer.py:952]  AWS     g6.xlarge   4       16        L4:1           ap-south-1    0.97       [32m   ✔[0m     
I 03-17 20:29:52 optimizer.py:952] ----------------------------------------------------------------------------------------
<sky-payload>"<rich_update>[bold cyan]Looking for resources[/]  \u001b[2mView logs: sky api logs -l sky-2025-03-17-20-25-49-693409/provision.log\u001b[0m</rich_update>"</sky-payload>
<sky-payload>"<rich_update>[bold cyan]Launching[/]  \u001b[2mView logs: sky api logs -l sky-2025-03-17-20-25-49-693409/provision.log\u001b[0m</rich_update>"</sky-payload>
I 03-17 20:29:52 cloud_vm_ray_backend.py:1520] [0m⚙︎ Launching on AWS ap-south-1[0m (ap-south-1a,ap-south-1b).
[2mW 03-17 20:30:00 instance.py:243] create_instances: Attempt failed with An error occurred (InsufficientInstanceCapacity) when calling the RunInstances operation (reached max retries: 0): We currently do not have sufficient g6.xlarge capacity in the Availability Zone you requested (ap-south-1a). Our system will be working on provisioning additional capacity. You can currently get g6.xlarge capacity by not specifying an Availability Zone in your request or choosing ap-south-1b.[0m
[2mW 03-17 20:30:03 instance.py:243] create_instances: Attempt failed with An error occurred (InsufficientInstanceCapacity) when calling the RunInstances operation (reached max retries: 0): We currently do not have sufficient g6.xlarge capacity in the Availability Zone you requested (ap-south-1b). Our system will be working on provisioning additional capacity. You can currently get g6.xlarge capacity by not specifying an Availability Zone in your request or choosing ap-south-1a.[0m
W 03-17 20:30:04 cloud_vm_ray_backend.py:2061] sky.exceptions.ResourcesUnavailableError: Failed to acquire resources in all zones in ap-south-1 for {AWS(cpus=4, {'L4': 1})}. 
W 03-17 20:30:04 cloud_vm_ray_backend.py:2097] 
W 03-17 20:30:04 cloud_vm_ray_backend.py:2097] [0m[33m↺[0m Trying other potential resources.
<sky-payload>"<rich_update>[bold cyan]Looking for resources[/]  \u001b[2mView logs: sky api logs -l sky-2025-03-17-20-25-49-693409/provision.log\u001b[0m</rich_update>"</sky-payload>
<sky-payload>"<rich_update>[bold cyan]Optimizing[/]</rich_update>"</sky-payload>
<sky-payload>"<rich_start>[bold cyan]Launching[/]</rich_start>"</sky-payload>
I 03-17 20:30:04 optimizer.py:736] [1mTarget:[0m minimizing cost
I 03-17 20:30:04 optimizer.py:749] [1mEstimated cost: [0m$1.0 / hour
I 03-17 20:30:04 optimizer.py:749] 
I 03-17 20:30:04 optimizer.py:884] Considered resources (1 node):
I 03-17 20:30:04 optimizer.py:952] -------------------------------------------------------------------------------------------
I 03-17 20:30:04 optimizer.py:952]  CLOUD   INSTANCE    vCPUs   Mem(GB)   ACCELERATORS   REGION/ZONE      COST ($)   CHOSEN   
I 03-17 20:30:04 optimizer.py:952] -------------------------------------------------------------------------------------------
I 03-17 20:30:04 optimizer.py:952]  AWS     g6.xlarge   4       16        L4:1           ap-northeast-2   0.99       [32m   ✔[0m     
I 03-17 20:30:04 optimizer.py:952] -------------------------------------------------------------------------------------------
<sky-payload>"<rich_update>[bold cyan]Looking for resources[/]  \u001b[2mView logs: sky api logs -l sky-2025-03-17-20-25-49-693409/provision.log\u001b[0m</rich_update>"</sky-payload>
<sky-payload>"<rich_update>[bold cyan]Launching[/]  \u001b[2mView logs: sky api logs -l sky-2025-03-17-20-25-49-693409/provision.log\u001b[0m</rich_update>"</sky-payload>
I 03-17 20:30:04 cloud_vm_ray_backend.py:1520] [0m⚙︎ Launching on AWS ap-northeast-2[0m (ap-northeast-2a,ap-northeast-2d).
[2mW 03-17 20:30:13 instance.py:243] create_instances: Attempt failed with An error occurred (InsufficientInstanceCapacity) when calling the RunInstances operation (reached max retries: 0): We currently do not have sufficient g6.xlarge capacity in the Availability Zone you requested (ap-northeast-2a). Our system will be working on provisioning additional capacity. You can currently get g6.xlarge capacity by not specifying an Availability Zone in your request or choosing ap-northeast-2d.[0m
[2mW 03-17 20:30:16 instance.py:243] create_instances: Attempt failed with An error occurred (InsufficientInstanceCapacity) when calling the RunInstances operation (reached max retries: 0): We currently do not have sufficient g6.xlarge capacity in the Availability Zone you requested (ap-northeast-2d). Our system will be working on provisioning additional capacity. You can currently get g6.xlarge capacity by not specifying an Availability Zone in your request or choosing ap-northeast-2a.[0m
W 03-17 20:30:17 cloud_vm_ray_backend.py:2061] sky.exceptions.ResourcesUnavailableError: Failed to acquire resources in all zones in ap-northeast-2 for {AWS(cpus=4, {'L4': 1})}. 
W 03-17 20:30:17 cloud_vm_ray_backend.py:2097] 
W 03-17 20:30:17 cloud_vm_ray_backend.py:2097] [0m[33m↺[0m Trying other potential resources.
<sky-payload>"<rich_update>[bold cyan]Looking for resources[/]  \u001b[2mView logs: sky api logs -l sky-2025-03-17-20-25-49-693409/provision.log\u001b[0m</rich_update>"</sky-payload>
<sky-payload>"<rich_update>[bold cyan]Optimizing[/]</rich_update>"</sky-payload>
<sky-payload>"<rich_start>[bold cyan]Launching[/]</rich_start>"</sky-payload>
I 03-17 20:30:17 optimizer.py:736] [1mTarget:[0m minimizing cost
I 03-17 20:30:17 optimizer.py:749] [1mEstimated cost: [0m$1.0 / hour
I 03-17 20:30:17 optimizer.py:749] 
I 03-17 20:30:17 optimizer.py:884] Considered resources (1 node):
I 03-17 20:30:17 optimizer.py:952] -----------------------------------------------------------------------------------------
I 03-17 20:30:17 optimizer.py:952]  CLOUD   INSTANCE    vCPUs   Mem(GB)   ACCELERATORS   REGION/ZONE    COST ($)   CHOSEN   
I 03-17 20:30:17 optimizer.py:952] -----------------------------------------------------------------------------------------
I 03-17 20:30:17 optimizer.py:952]  AWS     g6.xlarge   4       16        L4:1           eu-central-1   1.01       [32m   ✔[0m     
I 03-17 20:30:17 optimizer.py:952] -----------------------------------------------------------------------------------------
<sky-payload>"<rich_update>[bold cyan]Looking for resources[/]  \u001b[2mView logs: sky api logs -l sky-2025-03-17-20-25-49-693409/provision.log\u001b[0m</rich_update>"</sky-payload>
<sky-payload>"<rich_update>[bold cyan]Launching[/]  \u001b[2mView logs: sky api logs -l sky-2025-03-17-20-25-49-693409/provision.log\u001b[0m</rich_update>"</sky-payload>
I 03-17 20:30:17 cloud_vm_ray_backend.py:1520] [0m⚙︎ Launching on AWS eu-central-1[0m (eu-central-1a,eu-central-1b).
[2mW 03-17 20:30:23 instance.py:243] create_instances: Attempt failed with An error occurred (VcpuLimitExceeded) when calling the RunInstances operation: You have requested more vCPU capacity than your current vCPU limit of 64 allows for the instance bucket that the specified instance type belongs to. Please visit http://aws.amazon.com/contact-us/ec2-request to request an adjustment to this limit.[0m
[2mW 03-17 20:30:25 instance.py:243] create_instances: Attempt failed with An error occurred (VcpuLimitExceeded) when calling the RunInstances operation: You have requested more vCPU capacity than your current vCPU limit of 64 allows for the instance bucket that the specified instance type belongs to. Please visit http://aws.amazon.com/contact-us/ec2-request to request an adjustment to this limit.[0m
W 03-17 20:30:26 cloud_vm_ray_backend.py:2061] sky.exceptions.ResourcesUnavailableError: Failed to acquire resources in all zones in eu-central-1 for {AWS(cpus=4, {'L4': 1})}. 
W 03-17 20:30:26 cloud_vm_ray_backend.py:2097] 
W 03-17 20:30:26 cloud_vm_ray_backend.py:2097] [0m[33m↺[0m Trying other potential resources.
<sky-payload>"<rich_update>[bold cyan]Looking for resources[/]  \u001b[2mView logs: sky api logs -l sky-2025-03-17-20-25-49-693409/provision.log\u001b[0m</rich_update>"</sky-payload>
<sky-payload>"<rich_update>[bold cyan]Optimizing[/]</rich_update>"</sky-payload>
<sky-payload>"<rich_start>[bold cyan]Launching[/]</rich_start>"</sky-payload>
I 03-17 20:30:26 optimizer.py:736] [1mTarget:[0m minimizing cost
I 03-17 20:30:26 optimizer.py:749] [1mEstimated cost: [0m$1.0 / hour
I 03-17 20:30:26 optimizer.py:749] 
I 03-17 20:30:26 optimizer.py:884] Considered resources (1 node):
I 03-17 20:30:26 optimizer.py:952] ----------------------------------------------------------------------------------------
I 03-17 20:30:26 optimizer.py:952]  CLOUD   INSTANCE    vCPUs   Mem(GB)   ACCELERATORS   REGION/ZONE   COST ($)   CHOSEN   
I 03-17 20:30:26 optimizer.py:952] ----------------------------------------------------------------------------------------
I 03-17 20:30:26 optimizer.py:952]  AWS     g6.xlarge   4       16        L4:1           eu-west-2     1.02       [32m   ✔[0m     
I 03-17 20:30:26 optimizer.py:952] ----------------------------------------------------------------------------------------
<sky-payload>"<rich_update>[bold cyan]Looking for resources[/]  \u001b[2mView logs: sky api logs -l sky-2025-03-17-20-25-49-693409/provision.log\u001b[0m</rich_update>"</sky-payload>
<sky-payload>"<rich_update>[bold cyan]Launching[/]  \u001b[2mView logs: sky api logs -l sky-2025-03-17-20-25-49-693409/provision.log\u001b[0m</rich_update>"</sky-payload>
I 03-17 20:30:27 cloud_vm_ray_backend.py:1520] [0m⚙︎ Launching on AWS eu-west-2[0m (eu-west-2a,eu-west-2b).
[2mW 03-17 20:30:31 instance.py:243] create_instances: Attempt failed with An error occurred (VcpuLimitExceeded) when calling the RunInstances operation: You have requested more vCPU capacity than your current vCPU limit of 64 allows for the instance bucket that the specified instance type belongs to. Please visit http://aws.amazon.com/contact-us/ec2-request to request an adjustment to this limit.[0m
[2mW 03-17 20:30:33 instance.py:243] create_instances: Attempt failed with An error occurred (VcpuLimitExceeded) when calling the RunInstances operation: You have requested more vCPU capacity than your current vCPU limit of 64 allows for the instance bucket that the specified instance type belongs to. Please visit http://aws.amazon.com/contact-us/ec2-request to request an adjustment to this limit.[0m
W 03-17 20:30:33 cloud_vm_ray_backend.py:2061] sky.exceptions.ResourcesUnavailableError: Failed to acquire resources in all zones in eu-west-2 for {AWS(cpus=4, {'L4': 1})}. 
W 03-17 20:30:33 cloud_vm_ray_backend.py:2097] 
W 03-17 20:30:33 cloud_vm_ray_backend.py:2097] [0m[33m↺[0m Trying other potential resources.
<sky-payload>"<rich_update>[bold cyan]Looking for resources[/]  \u001b[2mView logs: sky api logs -l sky-2025-03-17-20-25-49-693409/provision.log\u001b[0m</rich_update>"</sky-payload>
<sky-payload>"<rich_update>[bold cyan]Optimizing[/]</rich_update>"</sky-payload>
<sky-payload>"<rich_start>[bold cyan]Launching[/]</rich_start>"</sky-payload>
I 03-17 20:30:33 optimizer.py:736] [1mTarget:[0m minimizing cost
I 03-17 20:30:33 optimizer.py:749] [1mEstimated cost: [0m$1.0 / hour
I 03-17 20:30:33 optimizer.py:749] 
I 03-17 20:30:33 optimizer.py:884] Considered resources (1 node):
I 03-17 20:30:33 optimizer.py:952] ----------------------------------------------------------------------------------------
I 03-17 20:30:33 optimizer.py:952]  CLOUD   INSTANCE    vCPUs   Mem(GB)   ACCELERATORS   REGION/ZONE   COST ($)   CHOSEN   
I 03-17 20:30:33 optimizer.py:952] ----------------------------------------------------------------------------------------
I 03-17 20:30:33 optimizer.py:952]  AWS     g6.xlarge   4       16        L4:1           eu-west-3     1.02       [32m   ✔[0m     
I 03-17 20:30:33 optimizer.py:952] ----------------------------------------------------------------------------------------
<sky-payload>"<rich_update>[bold cyan]Looking for resources[/]  \u001b[2mView logs: sky api logs -l sky-2025-03-17-20-25-49-693409/provision.log\u001b[0m</rich_update>"</sky-payload>
<sky-payload>"<rich_update>[bold cyan]Launching[/]  \u001b[2mView logs: sky api logs -l sky-2025-03-17-20-25-49-693409/provision.log\u001b[0m</rich_update>"</sky-payload>
I 03-17 20:30:33 cloud_vm_ray_backend.py:1520] [0m⚙︎ Launching on AWS eu-west-3[0m (eu-west-3b,eu-west-3c).
<sky-payload>"<rich_update>[bold cyan]Launching - Checking instance status[/]  \u001b[2mView logs: sky api logs -l sky-2025-03-17-20-25-49-693409/provision.log\u001b[0m</rich_update>"</sky-payload>
<sky-payload>"<rich_update>[bold cyan]Launching - Waiting for SSH access[/]  \u001b[2mView logs: sky api logs -l sky-2025-03-17-20-25-49-693409/provision.log\u001b[0m</rich_update>"</sky-payload>
<sky-payload>"<rich_start>[bold cyan]Launching[/]</rich_start>"</sky-payload>
I 03-17 20:31:13 provisioner.py:451] [2m└── [0m[2mInstance is up.[0m
<sky-payload>"<rich_update>[bold cyan]Preparing SkyPilot runtime (1/3 - initializing)[/]  \u001b[2mView logs: sky api logs -l sky-2025-03-17-20-25-49-693409/provision.log\u001b[0m</rich_update>"</sky-payload>
<sky-payload>"<rich_update>[bold cyan]Preparing SkyPilot runtime (2/3 - dependencies)[/]  \u001b[2mView logs: sky api logs -l sky-2025-03-17-20-25-49-693409/provision.log\u001b[0m</rich_update>"</sky-payload>
<sky-payload>"<rich_update>[bold cyan]Preparing SkyPilot runtime (3/3 - runtime)[/]  \u001b[2mView logs: sky api logs -l sky-2025-03-17-20-25-49-693409/provision.log\u001b[0m</rich_update>"</sky-payload>
<sky-payload>"<rich_update>[bold cyan]Launching - Checking instance status[/]  \u001b[2mView logs: sky api logs -l sky-2025-03-17-20-25-49-693409/provision.log\u001b[0m</rich_update>"</sky-payload>
I 03-17 20:31:38 provisioner.py:632] [0m[32m✓ Cluster launched: compute-text-vectors-303.[0m  [2mView logs: sky api logs -l sky-2025-03-17-20-25-49-693409/provision.log[0m
<sky-payload>"<rich_exit></rich_exit>"</sky-payload>
I 03-17 20:31:38 execution.py:332] [0m⚙︎ Syncing files.
<sky-payload>"<rich_init>[bold cyan]Syncing files[/]</rich_init>"</sky-payload>
<sky-payload>"<rich_update>[bold cyan]Syncing files[/]</rich_update>"</sky-payload>
<sky-payload>"<rich_start>[bold cyan]Syncing files[/]</rich_start>"</sky-payload>
<sky-payload>"<rich_update>[bold cyan]Syncing file mounts[/]  \u001b[2mView logs: sky api logs -l sky-2025-03-17-20-25-49-693409/file_mounts.log\u001b[0m</rich_update>"</sky-payload>
I 03-17 20:31:38 backend_utils.py:1315]   [2mSyncing (to 1 node): s3://skypilot-filemounts-root-726f1974-6b56zeup/job-6b56zeup/workdir -> ~/sky_workdir[0m
I 03-17 20:31:41 cloud_vm_ray_backend.py:4801] [0m[32m✓ Synced file_mounts.[0m  [2mView logs: sky api logs -l sky-2025-03-17-20-25-49-693409/file_mounts.log[0m
<sky-payload>"<rich_update>[bold cyan]Mounting 1 storage[/]  \u001b[2mView logs: sky api logs -l sky-2025-03-17-20-25-49-693409/storage_mounts.log\u001b[0m</rich_update>"</sky-payload>
I 03-17 20:31:41 backend_utils.py:1315]   [2mMounting (to 1 node): s3://sky-text-embeddings-multi-cluster-final -> /output[0m
I 03-17 20:31:43 cloud_vm_ray_backend.py:4892] [0m[32m✓ Storage mounted.[0m  [2mView logs: sky api logs -l sky-2025-03-17-20-25-49-693409/storage_mounts.log[0m
<sky-payload>"<rich_exit></rich_exit>"</sky-payload>
<sky-payload>"<rich_init>[bold cyan]Running setup[/]</rich_init>"</sky-payload>
<sky-payload>"<rich_update>[bold cyan]Running setup[/]</rich_update>"</sky-payload>
<sky-payload>"<rich_start>[bold cyan]Running setup[/]</rich_start>"</sky-payload>
<sky-payload>"<rich_stop></rich_stop>"</sky-payload>
I 03-17 20:31:45 cloud_vm_ray_backend.py:3357] [0m[32m✓ Setup detached.[0m
<sky-payload>"<rich_exit></rich_exit>"</sky-payload>
<sky-payload>"<rich_init>[bold cyan]Submitting job[/]</rich_init>"</sky-payload>
<sky-payload>"<rich_update>[bold cyan]Submitting job[/]</rich_update>"</sky-payload>
<sky-payload>"<rich_start>[bold cyan]Submitting job[/]</rich_start>"</sky-payload>
I 03-17 20:31:47 cloud_vm_ray_backend.py:3460] [0m⚙︎ Job submitted, ID: 1
<sky-payload>"<rich_stop></rich_stop>"</sky-payload>
<sky-payload>"<rich_exit></rich_exit>"</sky-payload>

[?25hI 03-17 20:31:47 recovery_strategy.py:289] Managed job cluster launched.
I 03-17 20:31:51 utils.py:131] === Checking the job status... ===
I 03-17 20:31:52 utils.py:137] Job status: JobStatus.SETTING_UP
I 03-17 20:31:52 utils.py:140] ==================================
I 03-17 20:31:52 state.py:471] Job started.
I 03-17 20:32:13 utils.py:131] === Checking the job status... ===
I 03-17 20:32:13 utils.py:137] Job status: JobStatus.SETTING_UP
I 03-17 20:32:13 utils.py:140] ==================================
I 03-17 20:32:33 utils.py:131] === Checking the job status... ===
I 03-17 20:32:34 utils.py:137] Job status: JobStatus.SETTING_UP
I 03-17 20:32:34 utils.py:140] ==================================
I 03-17 20:32:54 utils.py:131] === Checking the job status... ===
I 03-17 20:32:55 utils.py:137] Job status: JobStatus.SETTING_UP
I 03-17 20:32:55 utils.py:140] ==================================
I 03-17 20:33:15 utils.py:131] === Checking the job status... ===
I 03-17 20:33:16 utils.py:137] Job status: JobStatus.SETTING_UP
I 03-17 20:33:16 utils.py:140] ==================================
I 03-17 20:33:36 utils.py:131] === Checking the job status... ===
I 03-17 20:33:37 utils.py:137] Job status: JobStatus.SETTING_UP
I 03-17 20:33:37 utils.py:140] ==================================
I 03-17 20:33:57 utils.py:131] === Checking the job status... ===
I 03-17 20:33:58 utils.py:137] Job status: JobStatus.RUNNING
I 03-17 20:33:58 utils.py:140] ==================================
I 03-17 20:34:18 utils.py:131] === Checking the job status... ===
I 03-17 20:34:19 utils.py:137] Job status: JobStatus.RUNNING
I 03-17 20:34:19 utils.py:140] ==================================
I 03-17 20:34:40 utils.py:131] === Checking the job status... ===
I 03-17 20:34:41 utils.py:137] Job status: JobStatus.RUNNING
I 03-17 20:34:41 utils.py:140] ==================================
I 03-17 20:35:01 utils.py:131] === Checking the job status... ===
I 03-17 20:35:03 utils.py:137] Job status: JobStatus.RUNNING
I 03-17 20:35:03 utils.py:140] ==================================
I 03-17 20:35:23 utils.py:131] === Checking the job status... ===
I 03-17 20:35:24 utils.py:137] Job status: JobStatus.RUNNING
I 03-17 20:35:24 utils.py:140] ==================================
I 03-17 20:35:44 utils.py:131] === Checking the job status... ===
I 03-17 20:35:46 utils.py:137] Job status: JobStatus.RUNNING
I 03-17 20:35:46 utils.py:140] ==================================
I 03-17 20:36:06 utils.py:131] === Checking the job status... ===
I 03-17 20:36:07 utils.py:137] Job status: JobStatus.RUNNING
I 03-17 20:36:07 utils.py:140] ==================================
I 03-17 20:36:27 utils.py:131] === Checking the job status... ===
I 03-17 20:36:28 utils.py:137] Job status: JobStatus.RUNNING
I 03-17 20:36:28 utils.py:140] ==================================
I 03-17 20:36:48 utils.py:131] === Checking the job status... ===
I 03-17 20:36:49 utils.py:137] Job status: JobStatus.RUNNING
I 03-17 20:36:49 utils.py:140] ==================================
I 03-17 20:37:09 utils.py:131] === Checking the job status... ===
I 03-17 20:37:10 utils.py:137] Job status: JobStatus.RUNNING
I 03-17 20:37:10 utils.py:140] ==================================
I 03-17 20:37:30 utils.py:131] === Checking the job status... ===
I 03-17 20:37:33 utils.py:137] Job status: JobStatus.RUNNING
I 03-17 20:37:33 utils.py:140] ==================================
I 03-17 20:37:54 utils.py:131] === Checking the job status... ===
I 03-17 20:37:56 utils.py:137] Job status: JobStatus.RUNNING
I 03-17 20:37:56 utils.py:140] ==================================
I 03-17 20:38:16 utils.py:131] === Checking the job status... ===
I 03-17 20:38:18 utils.py:137] Job status: JobStatus.RUNNING
I 03-17 20:38:18 utils.py:140] ==================================
I 03-17 20:38:38 utils.py:131] === Checking the job status... ===
I 03-17 20:38:39 utils.py:137] Job status: JobStatus.RUNNING
I 03-17 20:38:39 utils.py:140] ==================================
I 03-17 20:38:59 utils.py:131] === Checking the job status... ===
I 03-17 20:39:00 utils.py:137] Job status: JobStatus.RUNNING
I 03-17 20:39:00 utils.py:140] ==================================
I 03-17 20:39:20 utils.py:131] === Checking the job status... ===
I 03-17 20:39:21 utils.py:137] Job status: JobStatus.RUNNING
I 03-17 20:39:21 utils.py:140] ==================================
I 03-17 20:39:41 utils.py:131] === Checking the job status... ===
I 03-17 20:39:42 utils.py:137] Job status: JobStatus.RUNNING
I 03-17 20:39:42 utils.py:140] ==================================
I 03-17 20:40:02 utils.py:131] === Checking the job status... ===
I 03-17 20:40:03 utils.py:137] Job status: JobStatus.RUNNING
I 03-17 20:40:03 utils.py:140] ==================================
I 03-17 20:40:23 utils.py:131] === Checking the job status... ===
I 03-17 20:40:24 utils.py:137] Job status: JobStatus.RUNNING
I 03-17 20:40:24 utils.py:140] ==================================
I 03-17 20:40:44 utils.py:131] === Checking the job status... ===
I 03-17 20:40:44 utils.py:137] Job status: JobStatus.RUNNING
I 03-17 20:40:44 utils.py:140] ==================================
I 03-17 20:41:05 utils.py:131] === Checking the job status... ===
I 03-17 20:41:05 utils.py:137] Job status: JobStatus.RUNNING
I 03-17 20:41:05 utils.py:140] ==================================
I 03-17 20:41:25 utils.py:131] === Checking the job status... ===
I 03-17 20:41:26 utils.py:137] Job status: JobStatus.RUNNING
I 03-17 20:41:26 utils.py:140] ==================================
I 03-17 20:41:46 utils.py:131] === Checking the job status... ===
I 03-17 20:41:47 utils.py:137] Job status: JobStatus.RUNNING
I 03-17 20:41:47 utils.py:140] ==================================
I 03-17 20:42:07 utils.py:131] === Checking the job status... ===
I 03-17 20:42:08 utils.py:137] Job status: JobStatus.RUNNING
I 03-17 20:42:08 utils.py:140] ==================================
I 03-17 20:42:28 utils.py:131] === Checking the job status... ===
I 03-17 20:42:29 utils.py:137] Job status: JobStatus.RUNNING
I 03-17 20:42:29 utils.py:140] ==================================
I 03-17 20:42:49 utils.py:131] === Checking the job status... ===
I 03-17 20:42:50 utils.py:137] Job status: JobStatus.RUNNING
I 03-17 20:42:50 utils.py:140] ==================================
I 03-17 20:43:10 utils.py:131] === Checking the job status... ===
I 03-17 20:43:11 utils.py:137] Job status: JobStatus.RUNNING
I 03-17 20:43:11 utils.py:140] ==================================
I 03-17 20:43:31 utils.py:131] === Checking the job status... ===
I 03-17 20:43:32 utils.py:137] Job status: JobStatus.RUNNING
I 03-17 20:43:32 utils.py:140] ==================================
I 03-17 20:43:52 utils.py:131] === Checking the job status... ===
I 03-17 20:43:53 utils.py:137] Job status: JobStatus.RUNNING
I 03-17 20:43:53 utils.py:140] ==================================
I 03-17 20:44:13 utils.py:131] === Checking the job status... ===
I 03-17 20:44:13 utils.py:137] Job status: JobStatus.RUNNING
I 03-17 20:44:13 utils.py:140] ==================================
I 03-17 20:44:34 utils.py:131] === Checking the job status... ===
I 03-17 20:44:34 utils.py:137] Job status: JobStatus.RUNNING
I 03-17 20:44:34 utils.py:140] ==================================
I 03-17 20:44:54 utils.py:131] === Checking the job status... ===
I 03-17 20:44:55 utils.py:137] Job status: JobStatus.RUNNING
I 03-17 20:44:55 utils.py:140] ==================================
I 03-17 20:45:15 utils.py:131] === Checking the job status... ===
I 03-17 20:45:16 utils.py:137] Job status: JobStatus.RUNNING
I 03-17 20:45:16 utils.py:140] ==================================
I 03-17 20:45:36 utils.py:131] === Checking the job status... ===
I 03-17 20:45:37 utils.py:137] Job status: JobStatus.RUNNING
I 03-17 20:45:37 utils.py:140] ==================================
I 03-17 20:45:57 utils.py:131] === Checking the job status... ===
I 03-17 20:45:58 utils.py:137] Job status: JobStatus.RUNNING
I 03-17 20:45:58 utils.py:140] ==================================
I 03-17 20:46:18 utils.py:131] === Checking the job status... ===
I 03-17 20:46:19 utils.py:137] Job status: JobStatus.RUNNING
I 03-17 20:46:19 utils.py:140] ==================================
I 03-17 20:46:39 utils.py:131] === Checking the job status... ===
I 03-17 20:46:40 utils.py:137] Job status: JobStatus.RUNNING
I 03-17 20:46:40 utils.py:140] ==================================
I 03-17 20:47:00 utils.py:131] === Checking the job status... ===
I 03-17 20:47:00 utils.py:137] Job status: JobStatus.RUNNING
I 03-17 20:47:00 utils.py:140] ==================================
I 03-17 20:47:21 utils.py:131] === Checking the job status... ===
I 03-17 20:47:21 utils.py:137] Job status: JobStatus.RUNNING
I 03-17 20:47:21 utils.py:140] ==================================
I 03-17 20:47:41 utils.py:131] === Checking the job status... ===
I 03-17 20:47:42 utils.py:137] Job status: JobStatus.RUNNING
I 03-17 20:47:42 utils.py:140] ==================================
I 03-17 20:48:02 utils.py:131] === Checking the job status... ===
I 03-17 20:48:03 utils.py:137] Job status: JobStatus.RUNNING
I 03-17 20:48:03 utils.py:140] ==================================
I 03-17 20:48:23 utils.py:131] === Checking the job status... ===
I 03-17 20:48:24 utils.py:137] Job status: JobStatus.RUNNING
I 03-17 20:48:24 utils.py:140] ==================================
I 03-17 20:48:44 utils.py:131] === Checking the job status... ===
I 03-17 20:48:45 utils.py:137] Job status: JobStatus.RUNNING
I 03-17 20:48:45 utils.py:140] ==================================
I 03-17 20:49:05 utils.py:131] === Checking the job status... ===
I 03-17 20:49:06 utils.py:137] Job status: JobStatus.RUNNING
I 03-17 20:49:06 utils.py:140] ==================================
I 03-17 20:49:26 utils.py:131] === Checking the job status... ===
I 03-17 20:49:27 utils.py:137] Job status: JobStatus.RUNNING
I 03-17 20:49:27 utils.py:140] ==================================
I 03-17 20:49:47 utils.py:131] === Checking the job status... ===
I 03-17 20:49:48 utils.py:137] Job status: JobStatus.RUNNING
I 03-17 20:49:48 utils.py:140] ==================================
I 03-17 20:50:08 utils.py:131] === Checking the job status... ===
I 03-17 20:50:08 utils.py:137] Job status: JobStatus.RUNNING
I 03-17 20:50:08 utils.py:140] ==================================
I 03-17 20:50:29 utils.py:131] === Checking the job status... ===
I 03-17 20:50:29 utils.py:137] Job status: JobStatus.RUNNING
I 03-17 20:50:29 utils.py:140] ==================================
I 03-17 20:50:49 utils.py:131] === Checking the job status... ===
I 03-17 20:50:50 utils.py:137] Job status: JobStatus.RUNNING
I 03-17 20:50:50 utils.py:140] ==================================
I 03-17 20:51:10 utils.py:131] === Checking the job status... ===
I 03-17 20:51:11 utils.py:137] Job status: JobStatus.RUNNING
I 03-17 20:51:11 utils.py:140] ==================================
I 03-17 20:51:31 utils.py:131] === Checking the job status... ===
I 03-17 20:51:32 utils.py:137] Job status: JobStatus.RUNNING
I 03-17 20:51:32 utils.py:140] ==================================
I 03-17 20:51:52 utils.py:131] === Checking the job status... ===
I 03-17 20:51:53 utils.py:137] Job status: JobStatus.RUNNING
I 03-17 20:51:53 utils.py:140] ==================================
I 03-17 20:52:13 utils.py:131] === Checking the job status... ===
I 03-17 20:52:14 utils.py:137] Job status: JobStatus.RUNNING
I 03-17 20:52:14 utils.py:140] ==================================
