I 03-17 20:26:41 controller.py:59] DAG:
I 03-17 20:26:41 controller.py:59] [Task<name=compute-text-vectors>(run='# Initialize and dow...')
I 03-17 20:26:41 controller.py:59]   resources: AWS(cpus=4, {'L4': 1})]
I 03-17 20:26:41 controller.py:195] Submitted managed job 340 (task: 0, name: 'compute-text-vectors'); SKYPILOT_TASK_ID: sky-managed-2025-03-17-20-26-41-683203_compute-text-vectors_340-0
I 03-17 20:26:41 controller.py:199] Started monitoring.
I 03-17 20:26:41 state.py:451] Launching the spot cluster...
I 03-17 20:26:42 storage.py:1058] Storage type StoreType.S3 already exists.
<sky-payload>"<rich_init>[bold cyan]Optimizing[/]</rich_init>"</sky-payload>
<sky-payload>"<rich_update>[bold cyan]Optimizing[/]</rich_update>"</sky-payload>
<sky-payload>"<rich_start>[bold cyan]Optimizing[/]</rich_start>"</sky-payload>
I 03-17 20:26:42 optimizer.py:736] [1mTarget:[0m minimizing cost
I 03-17 20:26:42 optimizer.py:749] [1mEstimated cost: [0m$0.8 / hour
I 03-17 20:26:42 optimizer.py:749] 
I 03-17 20:26:42 optimizer.py:884] Considered resources (1 node):
I 03-17 20:26:42 optimizer.py:952] ----------------------------------------------------------------------------------------
I 03-17 20:26:42 optimizer.py:952]  CLOUD   INSTANCE    vCPUs   Mem(GB)   ACCELERATORS   REGION/ZONE   COST ($)   CHOSEN   
I 03-17 20:26:42 optimizer.py:952] ----------------------------------------------------------------------------------------
I 03-17 20:26:42 optimizer.py:952]  AWS     g6.xlarge   4       16        L4:1           us-east-1     0.80       [32m   ✔[0m     
I 03-17 20:26:42 optimizer.py:952] ----------------------------------------------------------------------------------------
<sky-payload>"<rich_exit></rich_exit>"</sky-payload>
<sky-payload>"<rich_init>[bold cyan]Launching[/]</rich_init>"</sky-payload>
<sky-payload>"<rich_update>[bold cyan]Launching[/]</rich_update>"</sky-payload>
<sky-payload>"<rich_start>[bold cyan]Launching[/]</rich_start>"</sky-payload>
<sky-payload>"<rich_update>[bold cyan]Launching[/]  \u001b[2mView logs: sky api logs -l sky-2025-03-17-20-26-42-350863/provision.log\u001b[0m</rich_update>"</sky-payload>
<sky-payload>"<rich_update>[bold cyan]Launching[/]  \u001b[2mView logs: sky api logs -l sky-2025-03-17-20-26-42-350863/provision.log\u001b[0m</rich_update>"</sky-payload>
I 03-17 20:26:42 cloud_vm_ray_backend.py:1520] [0m⚙︎ Launching on AWS us-east-1[0m (us-east-1a,us-east-1b,us-east-1c,us-east-1d).
[2mW 03-17 20:27:11 instance.py:243] create_instances: Attempt failed with An error occurred (VcpuLimitExceeded) when calling the RunInstances operation: You have requested more vCPU capacity than your current vCPU limit of 64 allows for the instance bucket that the specified instance type belongs to. Please visit http://aws.amazon.com/contact-us/ec2-request to request an adjustment to this limit.[0m
[2mW 03-17 20:27:41 instance.py:243] create_instances: Attempt failed with An error occurred (VcpuLimitExceeded) when calling the RunInstances operation: You have requested more vCPU capacity than your current vCPU limit of 64 allows for the instance bucket that the specified instance type belongs to. Please visit http://aws.amazon.com/contact-us/ec2-request to request an adjustment to this limit.[0m
[2mW 03-17 20:27:55 instance.py:243] create_instances: Attempt failed with An error occurred (VcpuLimitExceeded) when calling the RunInstances operation: You have requested more vCPU capacity than your current vCPU limit of 64 allows for the instance bucket that the specified instance type belongs to. Please visit http://aws.amazon.com/contact-us/ec2-request to request an adjustment to this limit.[0m
W 03-17 20:27:55 cloud_vm_ray_backend.py:2061] sky.exceptions.ResourcesUnavailableError: Failed to acquire resources in all zones in us-east-1 for {AWS(cpus=4, {'L4': 1})}. 
W 03-17 20:27:55 cloud_vm_ray_backend.py:2097] 
W 03-17 20:27:55 cloud_vm_ray_backend.py:2097] [0m[33m↺[0m Trying other potential resources.
<sky-payload>"<rich_update>[bold cyan]Looking for resources[/]  \u001b[2mView logs: sky api logs -l sky-2025-03-17-20-26-42-350863/provision.log\u001b[0m</rich_update>"</sky-payload>
<sky-payload>"<rich_update>[bold cyan]Optimizing[/]</rich_update>"</sky-payload>
<sky-payload>"<rich_start>[bold cyan]Launching[/]</rich_start>"</sky-payload>
I 03-17 20:27:55 optimizer.py:736] [1mTarget:[0m minimizing cost
I 03-17 20:27:55 optimizer.py:749] [1mEstimated cost: [0m$0.8 / hour
I 03-17 20:27:55 optimizer.py:749] 
I 03-17 20:27:55 optimizer.py:884] Considered resources (1 node):
I 03-17 20:27:55 optimizer.py:952] ----------------------------------------------------------------------------------------
I 03-17 20:27:55 optimizer.py:952]  CLOUD   INSTANCE    vCPUs   Mem(GB)   ACCELERATORS   REGION/ZONE   COST ($)   CHOSEN   
I 03-17 20:27:55 optimizer.py:952] ----------------------------------------------------------------------------------------
I 03-17 20:27:55 optimizer.py:952]  AWS     g6.xlarge   4       16        L4:1           us-east-2     0.80       [32m   ✔[0m     
I 03-17 20:27:55 optimizer.py:952] ----------------------------------------------------------------------------------------
<sky-payload>"<rich_update>[bold cyan]Looking for resources[/]  \u001b[2mView logs: sky api logs -l sky-2025-03-17-20-26-42-350863/provision.log\u001b[0m</rich_update>"</sky-payload>
<sky-payload>"<rich_update>[bold cyan]Launching[/]  \u001b[2mView logs: sky api logs -l sky-2025-03-17-20-26-42-350863/provision.log\u001b[0m</rich_update>"</sky-payload>
I 03-17 20:27:55 cloud_vm_ray_backend.py:1520] [0m⚙︎ Launching on AWS us-east-2[0m (us-east-2a,us-east-2b,us-east-2c).
[2mW 03-17 20:27:58 instance.py:243] create_instances: Attempt failed with An error occurred (VcpuLimitExceeded) when calling the RunInstances operation: You have requested more vCPU capacity than your current vCPU limit of 128 allows for the instance bucket that the specified instance type belongs to. Please visit http://aws.amazon.com/contact-us/ec2-request to request an adjustment to this limit.[0m
[2mW 03-17 20:27:59 instance.py:243] create_instances: Attempt failed with An error occurred (VcpuLimitExceeded) when calling the RunInstances operation: You have requested more vCPU capacity than your current vCPU limit of 128 allows for the instance bucket that the specified instance type belongs to. Please visit http://aws.amazon.com/contact-us/ec2-request to request an adjustment to this limit.[0m
[2mW 03-17 20:28:00 instance.py:243] create_instances: Attempt failed with An error occurred (VcpuLimitExceeded) when calling the RunInstances operation: You have requested more vCPU capacity than your current vCPU limit of 128 allows for the instance bucket that the specified instance type belongs to. Please visit http://aws.amazon.com/contact-us/ec2-request to request an adjustment to this limit.[0m
W 03-17 20:28:00 cloud_vm_ray_backend.py:2061] sky.exceptions.ResourcesUnavailableError: Failed to acquire resources in all zones in us-east-2 for {AWS(cpus=4, {'L4': 1})}. 
W 03-17 20:28:00 cloud_vm_ray_backend.py:2097] 
W 03-17 20:28:00 cloud_vm_ray_backend.py:2097] [0m[33m↺[0m Trying other potential resources.
<sky-payload>"<rich_update>[bold cyan]Looking for resources[/]  \u001b[2mView logs: sky api logs -l sky-2025-03-17-20-26-42-350863/provision.log\u001b[0m</rich_update>"</sky-payload>
<sky-payload>"<rich_update>[bold cyan]Optimizing[/]</rich_update>"</sky-payload>
<sky-payload>"<rich_start>[bold cyan]Launching[/]</rich_start>"</sky-payload>
I 03-17 20:28:01 optimizer.py:736] [1mTarget:[0m minimizing cost
I 03-17 20:28:01 optimizer.py:749] [1mEstimated cost: [0m$0.8 / hour
I 03-17 20:28:01 optimizer.py:749] 
I 03-17 20:28:01 optimizer.py:884] Considered resources (1 node):
I 03-17 20:28:01 optimizer.py:952] ----------------------------------------------------------------------------------------
I 03-17 20:28:01 optimizer.py:952]  CLOUD   INSTANCE    vCPUs   Mem(GB)   ACCELERATORS   REGION/ZONE   COST ($)   CHOSEN   
I 03-17 20:28:01 optimizer.py:952] ----------------------------------------------------------------------------------------
I 03-17 20:28:01 optimizer.py:952]  AWS     g6.xlarge   4       16        L4:1           us-west-2     0.80       [32m   ✔[0m     
I 03-17 20:28:01 optimizer.py:952] ----------------------------------------------------------------------------------------
<sky-payload>"<rich_update>[bold cyan]Looking for resources[/]  \u001b[2mView logs: sky api logs -l sky-2025-03-17-20-26-42-350863/provision.log\u001b[0m</rich_update>"</sky-payload>
<sky-payload>"<rich_update>[bold cyan]Launching[/]  \u001b[2mView logs: sky api logs -l sky-2025-03-17-20-26-42-350863/provision.log\u001b[0m</rich_update>"</sky-payload>
I 03-17 20:28:01 cloud_vm_ray_backend.py:1520] [0m⚙︎ Launching on AWS us-west-2[0m (us-west-2a,us-west-2b,us-west-2c,us-west-2d).
[2mW 03-17 20:28:05 instance.py:243] create_instances: Attempt failed with An error occurred (VcpuLimitExceeded) when calling the RunInstances operation: You have requested more vCPU capacity than your current vCPU limit of 64 allows for the instance bucket that the specified instance type belongs to. Please visit http://aws.amazon.com/contact-us/ec2-request to request an adjustment to this limit.[0m
[2mW 03-17 20:28:10 instance.py:243] create_instances: Attempt failed with An error occurred (VcpuLimitExceeded) when calling the RunInstances operation: You have requested more vCPU capacity than your current vCPU limit of 64 allows for the instance bucket that the specified instance type belongs to. Please visit http://aws.amazon.com/contact-us/ec2-request to request an adjustment to this limit.[0m
[2mW 03-17 20:29:03 instance.py:243] create_instances: Attempt failed with An error occurred (VcpuLimitExceeded) when calling the RunInstances operation: You have requested more vCPU capacity than your current vCPU limit of 64 allows for the instance bucket that the specified instance type belongs to. Please visit http://aws.amazon.com/contact-us/ec2-request to request an adjustment to this limit.[0m
[2mW 03-17 20:29:48 instance.py:243] create_instances: Attempt failed with An error occurred (VcpuLimitExceeded) when calling the RunInstances operation: You have requested more vCPU capacity than your current vCPU limit of 64 allows for the instance bucket that the specified instance type belongs to. Please visit http://aws.amazon.com/contact-us/ec2-request to request an adjustment to this limit.[0m
W 03-17 20:29:49 cloud_vm_ray_backend.py:2061] sky.exceptions.ResourcesUnavailableError: Failed to acquire resources in all zones in us-west-2 for {AWS(cpus=4, {'L4': 1})}. 
W 03-17 20:29:49 cloud_vm_ray_backend.py:2097] 
W 03-17 20:29:49 cloud_vm_ray_backend.py:2097] [0m[33m↺[0m Trying other potential resources.
<sky-payload>"<rich_update>[bold cyan]Looking for resources[/]  \u001b[2mView logs: sky api logs -l sky-2025-03-17-20-26-42-350863/provision.log\u001b[0m</rich_update>"</sky-payload>
<sky-payload>"<rich_update>[bold cyan]Optimizing[/]</rich_update>"</sky-payload>
<sky-payload>"<rich_start>[bold cyan]Launching[/]</rich_start>"</sky-payload>
I 03-17 20:29:49 optimizer.py:736] [1mTarget:[0m minimizing cost
I 03-17 20:29:49 optimizer.py:749] [1mEstimated cost: [0m$0.9 / hour
I 03-17 20:29:49 optimizer.py:749] 
I 03-17 20:29:49 optimizer.py:884] Considered resources (1 node):
I 03-17 20:29:49 optimizer.py:952] ----------------------------------------------------------------------------------------
I 03-17 20:29:49 optimizer.py:952]  CLOUD   INSTANCE    vCPUs   Mem(GB)   ACCELERATORS   REGION/ZONE   COST ($)   CHOSEN   
I 03-17 20:29:49 optimizer.py:952] ----------------------------------------------------------------------------------------
I 03-17 20:29:49 optimizer.py:952]  AWS     g6.xlarge   4       16        L4:1           eu-north-1    0.85       [32m   ✔[0m     
I 03-17 20:29:49 optimizer.py:952] ----------------------------------------------------------------------------------------
<sky-payload>"<rich_update>[bold cyan]Looking for resources[/]  \u001b[2mView logs: sky api logs -l sky-2025-03-17-20-26-42-350863/provision.log\u001b[0m</rich_update>"</sky-payload>
<sky-payload>"<rich_update>[bold cyan]Launching[/]  \u001b[2mView logs: sky api logs -l sky-2025-03-17-20-26-42-350863/provision.log\u001b[0m</rich_update>"</sky-payload>
I 03-17 20:29:49 cloud_vm_ray_backend.py:1520] [0m⚙︎ Launching on AWS eu-north-1[0m (eu-north-1a,eu-north-1b).
[2mW 03-17 20:29:56 instance.py:243] create_instances: Attempt failed with An error occurred (VcpuLimitExceeded) when calling the RunInstances operation: You have requested more vCPU capacity than your current vCPU limit of 64 allows for the instance bucket that the specified instance type belongs to. Please visit http://aws.amazon.com/contact-us/ec2-request to request an adjustment to this limit.[0m
[2mW 03-17 20:29:59 instance.py:243] create_instances: Attempt failed with An error occurred (VcpuLimitExceeded) when calling the RunInstances operation: You have requested more vCPU capacity than your current vCPU limit of 64 allows for the instance bucket that the specified instance type belongs to. Please visit http://aws.amazon.com/contact-us/ec2-request to request an adjustment to this limit.[0m
W 03-17 20:29:59 cloud_vm_ray_backend.py:2061] sky.exceptions.ResourcesUnavailableError: Failed to acquire resources in all zones in eu-north-1 for {AWS(cpus=4, {'L4': 1})}. 
W 03-17 20:29:59 cloud_vm_ray_backend.py:2097] 
W 03-17 20:29:59 cloud_vm_ray_backend.py:2097] [0m[33m↺[0m Trying other potential resources.
<sky-payload>"<rich_update>[bold cyan]Looking for resources[/]  \u001b[2mView logs: sky api logs -l sky-2025-03-17-20-26-42-350863/provision.log\u001b[0m</rich_update>"</sky-payload>
<sky-payload>"<rich_update>[bold cyan]Optimizing[/]</rich_update>"</sky-payload>
<sky-payload>"<rich_start>[bold cyan]Launching[/]</rich_start>"</sky-payload>
I 03-17 20:30:00 optimizer.py:736] [1mTarget:[0m minimizing cost
I 03-17 20:30:00 optimizer.py:749] [1mEstimated cost: [0m$0.9 / hour
I 03-17 20:30:00 optimizer.py:749] 
I 03-17 20:30:00 optimizer.py:884] Considered resources (1 node):
I 03-17 20:30:00 optimizer.py:952] -----------------------------------------------------------------------------------------
I 03-17 20:30:00 optimizer.py:952]  CLOUD   INSTANCE    vCPUs   Mem(GB)   ACCELERATORS   REGION/ZONE    COST ($)   CHOSEN   
I 03-17 20:30:00 optimizer.py:952] -----------------------------------------------------------------------------------------
I 03-17 20:30:00 optimizer.py:952]  AWS     g6.xlarge   4       16        L4:1           ca-central-1   0.89       [32m   ✔[0m     
I 03-17 20:30:00 optimizer.py:952] -----------------------------------------------------------------------------------------
<sky-payload>"<rich_update>[bold cyan]Looking for resources[/]  \u001b[2mView logs: sky api logs -l sky-2025-03-17-20-26-42-350863/provision.log\u001b[0m</rich_update>"</sky-payload>
<sky-payload>"<rich_update>[bold cyan]Launching[/]  \u001b[2mView logs: sky api logs -l sky-2025-03-17-20-26-42-350863/provision.log\u001b[0m</rich_update>"</sky-payload>
I 03-17 20:30:00 cloud_vm_ray_backend.py:1520] [0m⚙︎ Launching on AWS ca-central-1[0m (ca-central-1a,ca-central-1b).
[2mW 03-17 20:30:02 instance.py:243] create_instances: Attempt failed with An error occurred (VcpuLimitExceeded) when calling the RunInstances operation: You have requested more vCPU capacity than your current vCPU limit of 64 allows for the instance bucket that the specified instance type belongs to. Please visit http://aws.amazon.com/contact-us/ec2-request to request an adjustment to this limit.[0m
[2mW 03-17 20:30:03 instance.py:243] create_instances: Attempt failed with An error occurred (VcpuLimitExceeded) when calling the RunInstances operation: You have requested more vCPU capacity than your current vCPU limit of 64 allows for the instance bucket that the specified instance type belongs to. Please visit http://aws.amazon.com/contact-us/ec2-request to request an adjustment to this limit.[0m
W 03-17 20:30:04 cloud_vm_ray_backend.py:2061] sky.exceptions.ResourcesUnavailableError: Failed to acquire resources in all zones in ca-central-1 for {AWS(cpus=4, {'L4': 1})}. 
W 03-17 20:30:04 cloud_vm_ray_backend.py:2097] 
W 03-17 20:30:04 cloud_vm_ray_backend.py:2097] [0m[33m↺[0m Trying other potential resources.
<sky-payload>"<rich_update>[bold cyan]Looking for resources[/]  \u001b[2mView logs: sky api logs -l sky-2025-03-17-20-26-42-350863/provision.log\u001b[0m</rich_update>"</sky-payload>
<sky-payload>"<rich_update>[bold cyan]Optimizing[/]</rich_update>"</sky-payload>
<sky-payload>"<rich_start>[bold cyan]Launching[/]</rich_start>"</sky-payload>
I 03-17 20:30:04 optimizer.py:736] [1mTarget:[0m minimizing cost
I 03-17 20:30:04 optimizer.py:749] [1mEstimated cost: [0m$1.0 / hour
I 03-17 20:30:04 optimizer.py:749] 
I 03-17 20:30:04 optimizer.py:884] Considered resources (1 node):
I 03-17 20:30:04 optimizer.py:952] ----------------------------------------------------------------------------------------
I 03-17 20:30:04 optimizer.py:952]  CLOUD   INSTANCE    vCPUs   Mem(GB)   ACCELERATORS   REGION/ZONE   COST ($)   CHOSEN   
I 03-17 20:30:04 optimizer.py:952] ----------------------------------------------------------------------------------------
I 03-17 20:30:04 optimizer.py:952]  AWS     g6.xlarge   4       16        L4:1           ap-south-1    0.97       [32m   ✔[0m     
I 03-17 20:30:04 optimizer.py:952] ----------------------------------------------------------------------------------------
<sky-payload>"<rich_update>[bold cyan]Looking for resources[/]  \u001b[2mView logs: sky api logs -l sky-2025-03-17-20-26-42-350863/provision.log\u001b[0m</rich_update>"</sky-payload>
<sky-payload>"<rich_update>[bold cyan]Launching[/]  \u001b[2mView logs: sky api logs -l sky-2025-03-17-20-26-42-350863/provision.log\u001b[0m</rich_update>"</sky-payload>
I 03-17 20:30:04 cloud_vm_ray_backend.py:1520] [0m⚙︎ Launching on AWS ap-south-1[0m (ap-south-1a,ap-south-1b).
<sky-payload>"<rich_update>[bold cyan]Launching - Checking instance status[/]  \u001b[2mView logs: sky api logs -l sky-2025-03-17-20-26-42-350863/provision.log\u001b[0m</rich_update>"</sky-payload>
<sky-payload>"<rich_update>[bold cyan]Launching - Waiting for SSH access[/]  \u001b[2mView logs: sky api logs -l sky-2025-03-17-20-26-42-350863/provision.log\u001b[0m</rich_update>"</sky-payload>
<sky-payload>"<rich_start>[bold cyan]Launching[/]</rich_start>"</sky-payload>
I 03-17 20:30:35 provisioner.py:451] [2m└── [0m[2mInstance is up.[0m
<sky-payload>"<rich_update>[bold cyan]Preparing SkyPilot runtime (1/3 - initializing)[/]  \u001b[2mView logs: sky api logs -l sky-2025-03-17-20-26-42-350863/provision.log\u001b[0m</rich_update>"</sky-payload>
<sky-payload>"<rich_update>[bold cyan]Preparing SkyPilot runtime (2/3 - dependencies)[/]  \u001b[2mView logs: sky api logs -l sky-2025-03-17-20-26-42-350863/provision.log\u001b[0m</rich_update>"</sky-payload>
<sky-payload>"<rich_update>[bold cyan]Preparing SkyPilot runtime (3/3 - runtime)[/]  \u001b[2mView logs: sky api logs -l sky-2025-03-17-20-26-42-350863/provision.log\u001b[0m</rich_update>"</sky-payload>
<sky-payload>"<rich_update>[bold cyan]Launching - Checking instance status[/]  \u001b[2mView logs: sky api logs -l sky-2025-03-17-20-26-42-350863/provision.log\u001b[0m</rich_update>"</sky-payload>
I 03-17 20:31:04 provisioner.py:632] [0m[32m✓ Cluster launched: compute-text-vectors-340.[0m  [2mView logs: sky api logs -l sky-2025-03-17-20-26-42-350863/provision.log[0m
<sky-payload>"<rich_exit></rich_exit>"</sky-payload>
I 03-17 20:31:04 execution.py:332] [0m⚙︎ Syncing files.
<sky-payload>"<rich_init>[bold cyan]Syncing files[/]</rich_init>"</sky-payload>
<sky-payload>"<rich_update>[bold cyan]Syncing files[/]</rich_update>"</sky-payload>
<sky-payload>"<rich_start>[bold cyan]Syncing files[/]</rich_start>"</sky-payload>
<sky-payload>"<rich_update>[bold cyan]Syncing file mounts[/]  \u001b[2mView logs: sky api logs -l sky-2025-03-17-20-26-42-350863/file_mounts.log\u001b[0m</rich_update>"</sky-payload>
I 03-17 20:31:04 backend_utils.py:1315]   [2mSyncing (to 1 node): s3://skypilot-filemounts-root-726f1974-4sn8rlb3/job-4sn8rlb3/workdir -> ~/sky_workdir[0m
I 03-17 20:31:08 cloud_vm_ray_backend.py:4801] [0m[32m✓ Synced file_mounts.[0m  [2mView logs: sky api logs -l sky-2025-03-17-20-26-42-350863/file_mounts.log[0m
<sky-payload>"<rich_update>[bold cyan]Mounting 1 storage[/]  \u001b[2mView logs: sky api logs -l sky-2025-03-17-20-26-42-350863/storage_mounts.log\u001b[0m</rich_update>"</sky-payload>
I 03-17 20:31:08 backend_utils.py:1315]   [2mMounting (to 1 node): s3://sky-text-embeddings-multi-cluster-final -> /output[0m
I 03-17 20:31:11 cloud_vm_ray_backend.py:4892] [0m[32m✓ Storage mounted.[0m  [2mView logs: sky api logs -l sky-2025-03-17-20-26-42-350863/storage_mounts.log[0m
<sky-payload>"<rich_exit></rich_exit>"</sky-payload>
<sky-payload>"<rich_init>[bold cyan]Running setup[/]</rich_init>"</sky-payload>
<sky-payload>"<rich_update>[bold cyan]Running setup[/]</rich_update>"</sky-payload>
<sky-payload>"<rich_start>[bold cyan]Running setup[/]</rich_start>"</sky-payload>
<sky-payload>"<rich_stop></rich_stop>"</sky-payload>
I 03-17 20:31:15 cloud_vm_ray_backend.py:3357] [0m[32m✓ Setup detached.[0m
<sky-payload>"<rich_exit></rich_exit>"</sky-payload>
<sky-payload>"<rich_init>[bold cyan]Submitting job[/]</rich_init>"</sky-payload>
<sky-payload>"<rich_update>[bold cyan]Submitting job[/]</rich_update>"</sky-payload>
<sky-payload>"<rich_start>[bold cyan]Submitting job[/]</rich_start>"</sky-payload>
I 03-17 20:31:18 cloud_vm_ray_backend.py:3460] [0m⚙︎ Job submitted, ID: 1
<sky-payload>"<rich_stop></rich_stop>"</sky-payload>
<sky-payload>"<rich_exit></rich_exit>"</sky-payload>

[?25hI 03-17 20:31:18 recovery_strategy.py:289] Managed job cluster launched.
I 03-17 20:31:22 utils.py:131] === Checking the job status... ===
I 03-17 20:31:23 utils.py:137] Job status: JobStatus.SETTING_UP
I 03-17 20:31:23 utils.py:140] ==================================
I 03-17 20:31:24 state.py:471] Job started.
I 03-17 20:31:44 utils.py:131] === Checking the job status... ===
I 03-17 20:31:45 utils.py:137] Job status: JobStatus.SETTING_UP
I 03-17 20:31:45 utils.py:140] ==================================
I 03-17 20:32:05 utils.py:131] === Checking the job status... ===
I 03-17 20:32:06 utils.py:137] Job status: JobStatus.SETTING_UP
I 03-17 20:32:06 utils.py:140] ==================================
I 03-17 20:32:26 utils.py:131] === Checking the job status... ===
I 03-17 20:32:27 utils.py:137] Job status: JobStatus.SETTING_UP
I 03-17 20:32:27 utils.py:140] ==================================
I 03-17 20:32:48 utils.py:131] === Checking the job status... ===
I 03-17 20:32:49 utils.py:137] Job status: JobStatus.SETTING_UP
I 03-17 20:32:49 utils.py:140] ==================================
I 03-17 20:33:09 utils.py:131] === Checking the job status... ===
I 03-17 20:33:10 utils.py:137] Job status: JobStatus.SETTING_UP
I 03-17 20:33:10 utils.py:140] ==================================
I 03-17 20:33:30 utils.py:131] === Checking the job status... ===
I 03-17 20:33:31 utils.py:137] Job status: JobStatus.RUNNING
I 03-17 20:33:31 utils.py:140] ==================================
I 03-17 20:33:51 utils.py:131] === Checking the job status... ===
I 03-17 20:33:52 utils.py:137] Job status: JobStatus.RUNNING
I 03-17 20:33:52 utils.py:140] ==================================
I 03-17 20:34:13 utils.py:131] === Checking the job status... ===
I 03-17 20:34:14 utils.py:137] Job status: JobStatus.RUNNING
I 03-17 20:34:14 utils.py:140] ==================================
I 03-17 20:34:34 utils.py:131] === Checking the job status... ===
I 03-17 20:34:35 utils.py:137] Job status: JobStatus.RUNNING
I 03-17 20:34:35 utils.py:140] ==================================
I 03-17 20:34:56 utils.py:131] === Checking the job status... ===
I 03-17 20:34:57 utils.py:137] Job status: JobStatus.RUNNING
I 03-17 20:34:57 utils.py:140] ==================================
I 03-17 20:35:17 utils.py:131] === Checking the job status... ===
I 03-17 20:35:18 utils.py:137] Job status: JobStatus.RUNNING
I 03-17 20:35:18 utils.py:140] ==================================
I 03-17 20:35:38 utils.py:131] === Checking the job status... ===
I 03-17 20:35:40 utils.py:137] Job status: JobStatus.RUNNING
I 03-17 20:35:40 utils.py:140] ==================================
I 03-17 20:36:00 utils.py:131] === Checking the job status... ===
I 03-17 20:36:01 utils.py:137] Job status: JobStatus.RUNNING
I 03-17 20:36:01 utils.py:140] ==================================
I 03-17 20:36:21 utils.py:131] === Checking the job status... ===
I 03-17 20:36:22 utils.py:137] Job status: JobStatus.RUNNING
I 03-17 20:36:22 utils.py:140] ==================================
I 03-17 20:36:42 utils.py:131] === Checking the job status... ===
I 03-17 20:36:43 utils.py:137] Job status: JobStatus.RUNNING
I 03-17 20:36:43 utils.py:140] ==================================
I 03-17 20:37:03 utils.py:131] === Checking the job status... ===
I 03-17 20:37:04 utils.py:137] Job status: JobStatus.RUNNING
I 03-17 20:37:04 utils.py:140] ==================================
I 03-17 20:37:24 utils.py:131] === Checking the job status... ===
I 03-17 20:37:28 utils.py:137] Job status: JobStatus.RUNNING
I 03-17 20:37:28 utils.py:140] ==================================
I 03-17 20:37:49 utils.py:131] === Checking the job status... ===
I 03-17 20:37:52 utils.py:137] Job status: JobStatus.RUNNING
I 03-17 20:37:52 utils.py:140] ==================================
I 03-17 20:38:12 utils.py:131] === Checking the job status... ===
I 03-17 20:38:14 utils.py:137] Job status: JobStatus.RUNNING
I 03-17 20:38:14 utils.py:140] ==================================
I 03-17 20:38:34 utils.py:131] === Checking the job status... ===
I 03-17 20:38:35 utils.py:137] Job status: JobStatus.RUNNING
I 03-17 20:38:35 utils.py:140] ==================================
I 03-17 20:38:55 utils.py:131] === Checking the job status... ===
I 03-17 20:38:56 utils.py:137] Job status: JobStatus.RUNNING
I 03-17 20:38:56 utils.py:140] ==================================
I 03-17 20:39:16 utils.py:131] === Checking the job status... ===
I 03-17 20:39:17 utils.py:137] Job status: JobStatus.RUNNING
I 03-17 20:39:17 utils.py:140] ==================================
I 03-17 20:39:37 utils.py:131] === Checking the job status... ===
I 03-17 20:39:38 utils.py:137] Job status: JobStatus.RUNNING
I 03-17 20:39:38 utils.py:140] ==================================
I 03-17 20:39:58 utils.py:131] === Checking the job status... ===
I 03-17 20:39:59 utils.py:137] Job status: JobStatus.RUNNING
I 03-17 20:39:59 utils.py:140] ==================================
I 03-17 20:40:19 utils.py:131] === Checking the job status... ===
I 03-17 20:40:20 utils.py:137] Job status: JobStatus.RUNNING
I 03-17 20:40:20 utils.py:140] ==================================
I 03-17 20:40:40 utils.py:131] === Checking the job status... ===
I 03-17 20:40:41 utils.py:137] Job status: JobStatus.RUNNING
I 03-17 20:40:41 utils.py:140] ==================================
I 03-17 20:41:01 utils.py:131] === Checking the job status... ===
I 03-17 20:41:02 utils.py:137] Job status: JobStatus.RUNNING
I 03-17 20:41:02 utils.py:140] ==================================
I 03-17 20:41:23 utils.py:131] === Checking the job status... ===
I 03-17 20:41:24 utils.py:137] Job status: JobStatus.RUNNING
I 03-17 20:41:24 utils.py:140] ==================================
I 03-17 20:41:44 utils.py:131] === Checking the job status... ===
I 03-17 20:41:45 utils.py:137] Job status: JobStatus.RUNNING
I 03-17 20:41:45 utils.py:140] ==================================
I 03-17 20:42:05 utils.py:131] === Checking the job status... ===
I 03-17 20:42:06 utils.py:137] Job status: JobStatus.RUNNING
I 03-17 20:42:06 utils.py:140] ==================================
I 03-17 20:42:26 utils.py:131] === Checking the job status... ===
I 03-17 20:42:27 utils.py:137] Job status: JobStatus.RUNNING
I 03-17 20:42:27 utils.py:140] ==================================
I 03-17 20:42:47 utils.py:131] === Checking the job status... ===
I 03-17 20:42:48 utils.py:137] Job status: JobStatus.RUNNING
I 03-17 20:42:48 utils.py:140] ==================================
I 03-17 20:43:08 utils.py:131] === Checking the job status... ===
I 03-17 20:43:09 utils.py:137] Job status: JobStatus.RUNNING
I 03-17 20:43:09 utils.py:140] ==================================
I 03-17 20:43:29 utils.py:131] === Checking the job status... ===
I 03-17 20:43:30 utils.py:137] Job status: JobStatus.RUNNING
I 03-17 20:43:30 utils.py:140] ==================================
I 03-17 20:43:50 utils.py:131] === Checking the job status... ===
I 03-17 20:43:51 utils.py:137] Job status: JobStatus.RUNNING
I 03-17 20:43:51 utils.py:140] ==================================
I 03-17 20:44:11 utils.py:131] === Checking the job status... ===
I 03-17 20:44:12 utils.py:137] Job status: JobStatus.RUNNING
I 03-17 20:44:12 utils.py:140] ==================================
I 03-17 20:44:33 utils.py:131] === Checking the job status... ===
I 03-17 20:44:33 utils.py:137] Job status: JobStatus.RUNNING
I 03-17 20:44:33 utils.py:140] ==================================
I 03-17 20:44:54 utils.py:131] === Checking the job status... ===
I 03-17 20:44:55 utils.py:137] Job status: JobStatus.RUNNING
I 03-17 20:44:55 utils.py:140] ==================================
I 03-17 20:45:15 utils.py:131] === Checking the job status... ===
I 03-17 20:45:16 utils.py:137] Job status: JobStatus.RUNNING
I 03-17 20:45:16 utils.py:140] ==================================
I 03-17 20:45:36 utils.py:131] === Checking the job status... ===
I 03-17 20:45:37 utils.py:137] Job status: JobStatus.RUNNING
I 03-17 20:45:37 utils.py:140] ==================================
I 03-17 20:45:57 utils.py:131] === Checking the job status... ===
I 03-17 20:45:58 utils.py:137] Job status: JobStatus.RUNNING
I 03-17 20:45:58 utils.py:140] ==================================
I 03-17 20:46:18 utils.py:131] === Checking the job status... ===
I 03-17 20:46:19 utils.py:137] Job status: JobStatus.RUNNING
I 03-17 20:46:19 utils.py:140] ==================================
I 03-17 20:46:39 utils.py:131] === Checking the job status... ===
I 03-17 20:46:40 utils.py:137] Job status: JobStatus.RUNNING
I 03-17 20:46:40 utils.py:140] ==================================
I 03-17 20:47:00 utils.py:131] === Checking the job status... ===
I 03-17 20:47:01 utils.py:137] Job status: JobStatus.RUNNING
I 03-17 20:47:01 utils.py:140] ==================================
I 03-17 20:47:21 utils.py:131] === Checking the job status... ===
I 03-17 20:47:22 utils.py:137] Job status: JobStatus.RUNNING
I 03-17 20:47:22 utils.py:140] ==================================
I 03-17 20:47:42 utils.py:131] === Checking the job status... ===
I 03-17 20:47:43 utils.py:137] Job status: JobStatus.RUNNING
I 03-17 20:47:43 utils.py:140] ==================================
I 03-17 20:48:03 utils.py:131] === Checking the job status... ===
I 03-17 20:48:04 utils.py:137] Job status: JobStatus.RUNNING
I 03-17 20:48:04 utils.py:140] ==================================
I 03-17 20:48:24 utils.py:131] === Checking the job status... ===
I 03-17 20:48:25 utils.py:137] Job status: JobStatus.RUNNING
I 03-17 20:48:25 utils.py:140] ==================================
I 03-17 20:48:45 utils.py:131] === Checking the job status... ===
I 03-17 20:48:46 utils.py:137] Job status: JobStatus.RUNNING
I 03-17 20:48:46 utils.py:140] ==================================
I 03-17 20:49:06 utils.py:131] === Checking the job status... ===
I 03-17 20:49:07 utils.py:137] Job status: JobStatus.RUNNING
I 03-17 20:49:07 utils.py:140] ==================================
I 03-17 20:49:28 utils.py:131] === Checking the job status... ===
I 03-17 20:49:29 utils.py:137] Job status: JobStatus.RUNNING
I 03-17 20:49:29 utils.py:140] ==================================
I 03-17 20:49:49 utils.py:131] === Checking the job status... ===
I 03-17 20:49:50 utils.py:137] Job status: JobStatus.RUNNING
I 03-17 20:49:50 utils.py:140] ==================================
I 03-17 20:50:10 utils.py:131] === Checking the job status... ===
I 03-17 20:50:11 utils.py:137] Job status: JobStatus.RUNNING
I 03-17 20:50:11 utils.py:140] ==================================
I 03-17 20:50:31 utils.py:131] === Checking the job status... ===
I 03-17 20:50:32 utils.py:137] Job status: JobStatus.RUNNING
I 03-17 20:50:32 utils.py:140] ==================================
I 03-17 20:50:52 utils.py:131] === Checking the job status... ===
I 03-17 20:50:53 utils.py:137] Job status: JobStatus.RUNNING
I 03-17 20:50:53 utils.py:140] ==================================
I 03-17 20:51:13 utils.py:131] === Checking the job status... ===
I 03-17 20:51:14 utils.py:137] Job status: JobStatus.RUNNING
I 03-17 20:51:14 utils.py:140] ==================================
I 03-17 20:51:34 utils.py:131] === Checking the job status... ===
I 03-17 20:51:35 utils.py:137] Job status: JobStatus.RUNNING
I 03-17 20:51:35 utils.py:140] ==================================
I 03-17 20:51:55 utils.py:131] === Checking the job status... ===
I 03-17 20:51:56 utils.py:137] Job status: JobStatus.RUNNING
I 03-17 20:51:56 utils.py:140] ==================================
I 03-17 20:52:16 utils.py:131] === Checking the job status... ===
I 03-17 20:52:17 utils.py:137] Job status: JobStatus.RUNNING
I 03-17 20:52:17 utils.py:140] ==================================
I 03-17 20:52:37 utils.py:131] === Checking the job status... ===
I 03-17 20:52:38 utils.py:137] Job status: JobStatus.RUNNING
I 03-17 20:52:38 utils.py:140] ==================================
I 03-17 20:52:58 utils.py:131] === Checking the job status... ===
I 03-17 20:52:59 utils.py:137] Job status: JobStatus.RUNNING
I 03-17 20:52:59 utils.py:140] ==================================
