I 03-17 20:26:50 controller.py:59] DAG:
I 03-17 20:26:50 controller.py:59] [Task<name=compute-text-vectors>(run='# Initialize and dow...')
I 03-17 20:26:50 controller.py:59]   resources: AWS(cpus=4, {'L4': 1})]
I 03-17 20:26:50 controller.py:195] Submitted managed job 347 (task: 0, name: 'compute-text-vectors'); SKYPILOT_TASK_ID: sky-managed-2025-03-17-20-26-50-145577_compute-text-vectors_347-0
I 03-17 20:26:50 controller.py:199] Started monitoring.
I 03-17 20:26:50 state.py:451] Launching the spot cluster...
I 03-17 20:26:50 storage.py:1058] Storage type StoreType.S3 already exists.
<sky-payload>"<rich_init>[bold cyan]Optimizing[/]</rich_init>"</sky-payload>
<sky-payload>"<rich_update>[bold cyan]Optimizing[/]</rich_update>"</sky-payload>
<sky-payload>"<rich_start>[bold cyan]Optimizing[/]</rich_start>"</sky-payload>
I 03-17 20:26:51 optimizer.py:736] [1mTarget:[0m minimizing cost
I 03-17 20:26:51 optimizer.py:749] [1mEstimated cost: [0m$0.8 / hour
I 03-17 20:26:51 optimizer.py:749] 
I 03-17 20:26:51 optimizer.py:884] Considered resources (1 node):
I 03-17 20:26:51 optimizer.py:952] ----------------------------------------------------------------------------------------
I 03-17 20:26:51 optimizer.py:952]  CLOUD   INSTANCE    vCPUs   Mem(GB)   ACCELERATORS   REGION/ZONE   COST ($)   CHOSEN   
I 03-17 20:26:51 optimizer.py:952] ----------------------------------------------------------------------------------------
I 03-17 20:26:51 optimizer.py:952]  AWS     g6.xlarge   4       16        L4:1           us-east-1     0.80       [32m   ✔[0m     
I 03-17 20:26:51 optimizer.py:952] ----------------------------------------------------------------------------------------
<sky-payload>"<rich_exit></rich_exit>"</sky-payload>
<sky-payload>"<rich_init>[bold cyan]Launching[/]</rich_init>"</sky-payload>
<sky-payload>"<rich_update>[bold cyan]Launching[/]</rich_update>"</sky-payload>
<sky-payload>"<rich_start>[bold cyan]Launching[/]</rich_start>"</sky-payload>
<sky-payload>"<rich_update>[bold cyan]Launching[/]  \u001b[2mView logs: sky api logs -l sky-2025-03-17-20-26-50-812002/provision.log\u001b[0m</rich_update>"</sky-payload>
<sky-payload>"<rich_update>[bold cyan]Launching[/]  \u001b[2mView logs: sky api logs -l sky-2025-03-17-20-26-50-812002/provision.log\u001b[0m</rich_update>"</sky-payload>
I 03-17 20:26:51 cloud_vm_ray_backend.py:1520] [0m⚙︎ Launching on AWS us-east-1[0m (us-east-1a,us-east-1b,us-east-1c,us-east-1d).
[2mW 03-17 20:26:54 instance.py:243] create_instances: Attempt failed with An error occurred (VcpuLimitExceeded) when calling the RunInstances operation: You have requested more vCPU capacity than your current vCPU limit of 64 allows for the instance bucket that the specified instance type belongs to. Please visit http://aws.amazon.com/contact-us/ec2-request to request an adjustment to this limit.[0m
[2mW 03-17 20:29:06 instance.py:243] create_instances: Attempt failed with An error occurred (VcpuLimitExceeded) when calling the RunInstances operation: You have requested more vCPU capacity than your current vCPU limit of 64 allows for the instance bucket that the specified instance type belongs to. Please visit http://aws.amazon.com/contact-us/ec2-request to request an adjustment to this limit.[0m
[2mW 03-17 20:29:07 instance.py:243] create_instances: Attempt failed with An error occurred (VcpuLimitExceeded) when calling the RunInstances operation: You have requested more vCPU capacity than your current vCPU limit of 64 allows for the instance bucket that the specified instance type belongs to. Please visit http://aws.amazon.com/contact-us/ec2-request to request an adjustment to this limit.[0m
W 03-17 20:29:08 cloud_vm_ray_backend.py:2061] sky.exceptions.ResourcesUnavailableError: Failed to acquire resources in all zones in us-east-1 for {AWS(cpus=4, {'L4': 1})}. 
W 03-17 20:29:08 cloud_vm_ray_backend.py:2097] 
W 03-17 20:29:08 cloud_vm_ray_backend.py:2097] [0m[33m↺[0m Trying other potential resources.
<sky-payload>"<rich_update>[bold cyan]Looking for resources[/]  \u001b[2mView logs: sky api logs -l sky-2025-03-17-20-26-50-812002/provision.log\u001b[0m</rich_update>"</sky-payload>
<sky-payload>"<rich_update>[bold cyan]Optimizing[/]</rich_update>"</sky-payload>
<sky-payload>"<rich_start>[bold cyan]Launching[/]</rich_start>"</sky-payload>
I 03-17 20:29:08 optimizer.py:736] [1mTarget:[0m minimizing cost
I 03-17 20:29:08 optimizer.py:749] [1mEstimated cost: [0m$0.8 / hour
I 03-17 20:29:08 optimizer.py:749] 
I 03-17 20:29:08 optimizer.py:884] Considered resources (1 node):
I 03-17 20:29:08 optimizer.py:952] ----------------------------------------------------------------------------------------
I 03-17 20:29:08 optimizer.py:952]  CLOUD   INSTANCE    vCPUs   Mem(GB)   ACCELERATORS   REGION/ZONE   COST ($)   CHOSEN   
I 03-17 20:29:08 optimizer.py:952] ----------------------------------------------------------------------------------------
I 03-17 20:29:08 optimizer.py:952]  AWS     g6.xlarge   4       16        L4:1           us-east-2     0.80       [32m   ✔[0m     
I 03-17 20:29:08 optimizer.py:952] ----------------------------------------------------------------------------------------
<sky-payload>"<rich_update>[bold cyan]Looking for resources[/]  \u001b[2mView logs: sky api logs -l sky-2025-03-17-20-26-50-812002/provision.log\u001b[0m</rich_update>"</sky-payload>
<sky-payload>"<rich_update>[bold cyan]Launching[/]  \u001b[2mView logs: sky api logs -l sky-2025-03-17-20-26-50-812002/provision.log\u001b[0m</rich_update>"</sky-payload>
I 03-17 20:29:08 cloud_vm_ray_backend.py:1520] [0m⚙︎ Launching on AWS us-east-2[0m (us-east-2a,us-east-2b,us-east-2c).
[2mW 03-17 20:29:11 instance.py:243] create_instances: Attempt failed with An error occurred (VcpuLimitExceeded) when calling the RunInstances operation: You have requested more vCPU capacity than your current vCPU limit of 128 allows for the instance bucket that the specified instance type belongs to. Please visit http://aws.amazon.com/contact-us/ec2-request to request an adjustment to this limit.[0m
[2mW 03-17 20:29:12 instance.py:243] create_instances: Attempt failed with An error occurred (VcpuLimitExceeded) when calling the RunInstances operation: You have requested more vCPU capacity than your current vCPU limit of 128 allows for the instance bucket that the specified instance type belongs to. Please visit http://aws.amazon.com/contact-us/ec2-request to request an adjustment to this limit.[0m
[2mW 03-17 20:29:13 instance.py:243] create_instances: Attempt failed with An error occurred (VcpuLimitExceeded) when calling the RunInstances operation: You have requested more vCPU capacity than your current vCPU limit of 128 allows for the instance bucket that the specified instance type belongs to. Please visit http://aws.amazon.com/contact-us/ec2-request to request an adjustment to this limit.[0m
W 03-17 20:29:14 cloud_vm_ray_backend.py:2061] sky.exceptions.ResourcesUnavailableError: Failed to acquire resources in all zones in us-east-2 for {AWS(cpus=4, {'L4': 1})}. 
W 03-17 20:29:14 cloud_vm_ray_backend.py:2097] 
W 03-17 20:29:14 cloud_vm_ray_backend.py:2097] [0m[33m↺[0m Trying other potential resources.
<sky-payload>"<rich_update>[bold cyan]Looking for resources[/]  \u001b[2mView logs: sky api logs -l sky-2025-03-17-20-26-50-812002/provision.log\u001b[0m</rich_update>"</sky-payload>
<sky-payload>"<rich_update>[bold cyan]Optimizing[/]</rich_update>"</sky-payload>
<sky-payload>"<rich_start>[bold cyan]Launching[/]</rich_start>"</sky-payload>
I 03-17 20:29:14 optimizer.py:736] [1mTarget:[0m minimizing cost
I 03-17 20:29:14 optimizer.py:749] [1mEstimated cost: [0m$0.8 / hour
I 03-17 20:29:14 optimizer.py:749] 
I 03-17 20:29:14 optimizer.py:884] Considered resources (1 node):
I 03-17 20:29:14 optimizer.py:952] ----------------------------------------------------------------------------------------
I 03-17 20:29:14 optimizer.py:952]  CLOUD   INSTANCE    vCPUs   Mem(GB)   ACCELERATORS   REGION/ZONE   COST ($)   CHOSEN   
I 03-17 20:29:14 optimizer.py:952] ----------------------------------------------------------------------------------------
I 03-17 20:29:14 optimizer.py:952]  AWS     g6.xlarge   4       16        L4:1           us-west-2     0.80       [32m   ✔[0m     
I 03-17 20:29:14 optimizer.py:952] ----------------------------------------------------------------------------------------
<sky-payload>"<rich_update>[bold cyan]Looking for resources[/]  \u001b[2mView logs: sky api logs -l sky-2025-03-17-20-26-50-812002/provision.log\u001b[0m</rich_update>"</sky-payload>
<sky-payload>"<rich_update>[bold cyan]Launching[/]  \u001b[2mView logs: sky api logs -l sky-2025-03-17-20-26-50-812002/provision.log\u001b[0m</rich_update>"</sky-payload>
I 03-17 20:29:14 cloud_vm_ray_backend.py:1520] [0m⚙︎ Launching on AWS us-west-2[0m (us-west-2a,us-west-2b,us-west-2c,us-west-2d).
[2mW 03-17 20:29:18 instance.py:243] create_instances: Attempt failed with An error occurred (VcpuLimitExceeded) when calling the RunInstances operation: You have requested more vCPU capacity than your current vCPU limit of 64 allows for the instance bucket that the specified instance type belongs to. Please visit http://aws.amazon.com/contact-us/ec2-request to request an adjustment to this limit.[0m
[2mW 03-17 20:29:25 instance.py:243] create_instances: Attempt failed with An error occurred (VcpuLimitExceeded) when calling the RunInstances operation: You have requested more vCPU capacity than your current vCPU limit of 64 allows for the instance bucket that the specified instance type belongs to. Please visit http://aws.amazon.com/contact-us/ec2-request to request an adjustment to this limit.[0m
[2mW 03-17 20:31:37 instance.py:243] create_instances: Attempt failed with An error occurred (VcpuLimitExceeded) when calling the RunInstances operation: You have requested more vCPU capacity than your current vCPU limit of 64 allows for the instance bucket that the specified instance type belongs to. Please visit http://aws.amazon.com/contact-us/ec2-request to request an adjustment to this limit.[0m
[2mW 03-17 20:34:14 instance.py:243] create_instances: Attempt failed with An error occurred (VcpuLimitExceeded) when calling the RunInstances operation: You have requested more vCPU capacity than your current vCPU limit of 64 allows for the instance bucket that the specified instance type belongs to. Please visit http://aws.amazon.com/contact-us/ec2-request to request an adjustment to this limit.[0m
W 03-17 20:34:15 cloud_vm_ray_backend.py:2061] sky.exceptions.ResourcesUnavailableError: Failed to acquire resources in all zones in us-west-2 for {AWS(cpus=4, {'L4': 1})}. 
W 03-17 20:34:15 cloud_vm_ray_backend.py:2097] 
W 03-17 20:34:15 cloud_vm_ray_backend.py:2097] [0m[33m↺[0m Trying other potential resources.
<sky-payload>"<rich_update>[bold cyan]Looking for resources[/]  \u001b[2mView logs: sky api logs -l sky-2025-03-17-20-26-50-812002/provision.log\u001b[0m</rich_update>"</sky-payload>
<sky-payload>"<rich_update>[bold cyan]Optimizing[/]</rich_update>"</sky-payload>
<sky-payload>"<rich_start>[bold cyan]Launching[/]</rich_start>"</sky-payload>
I 03-17 20:34:15 optimizer.py:736] [1mTarget:[0m minimizing cost
I 03-17 20:34:15 optimizer.py:749] [1mEstimated cost: [0m$0.9 / hour
I 03-17 20:34:15 optimizer.py:749] 
I 03-17 20:34:15 optimizer.py:884] Considered resources (1 node):
I 03-17 20:34:15 optimizer.py:952] ----------------------------------------------------------------------------------------
I 03-17 20:34:15 optimizer.py:952]  CLOUD   INSTANCE    vCPUs   Mem(GB)   ACCELERATORS   REGION/ZONE   COST ($)   CHOSEN   
I 03-17 20:34:15 optimizer.py:952] ----------------------------------------------------------------------------------------
I 03-17 20:34:15 optimizer.py:952]  AWS     g6.xlarge   4       16        L4:1           eu-north-1    0.85       [32m   ✔[0m     
I 03-17 20:34:15 optimizer.py:952] ----------------------------------------------------------------------------------------
<sky-payload>"<rich_update>[bold cyan]Looking for resources[/]  \u001b[2mView logs: sky api logs -l sky-2025-03-17-20-26-50-812002/provision.log\u001b[0m</rich_update>"</sky-payload>
<sky-payload>"<rich_update>[bold cyan]Launching[/]  \u001b[2mView logs: sky api logs -l sky-2025-03-17-20-26-50-812002/provision.log\u001b[0m</rich_update>"</sky-payload>
I 03-17 20:34:15 cloud_vm_ray_backend.py:1520] [0m⚙︎ Launching on AWS eu-north-1[0m (eu-north-1a,eu-north-1b).
[2mW 03-17 20:34:57 instance.py:243] create_instances: Attempt failed with An error occurred (VcpuLimitExceeded) when calling the RunInstances operation: You have requested more vCPU capacity than your current vCPU limit of 64 allows for the instance bucket that the specified instance type belongs to. Please visit http://aws.amazon.com/contact-us/ec2-request to request an adjustment to this limit.[0m
[2mW 03-17 20:36:29 instance.py:243] create_instances: Attempt failed with An error occurred (VcpuLimitExceeded) when calling the RunInstances operation: You have requested more vCPU capacity than your current vCPU limit of 64 allows for the instance bucket that the specified instance type belongs to. Please visit http://aws.amazon.com/contact-us/ec2-request to request an adjustment to this limit.[0m
W 03-17 20:36:30 cloud_vm_ray_backend.py:2061] sky.exceptions.ResourcesUnavailableError: Failed to acquire resources in all zones in eu-north-1 for {AWS(cpus=4, {'L4': 1})}. 
W 03-17 20:36:30 cloud_vm_ray_backend.py:2097] 
W 03-17 20:36:30 cloud_vm_ray_backend.py:2097] [0m[33m↺[0m Trying other potential resources.
<sky-payload>"<rich_update>[bold cyan]Looking for resources[/]  \u001b[2mView logs: sky api logs -l sky-2025-03-17-20-26-50-812002/provision.log\u001b[0m</rich_update>"</sky-payload>
<sky-payload>"<rich_update>[bold cyan]Optimizing[/]</rich_update>"</sky-payload>
<sky-payload>"<rich_start>[bold cyan]Launching[/]</rich_start>"</sky-payload>
I 03-17 20:36:30 optimizer.py:736] [1mTarget:[0m minimizing cost
I 03-17 20:36:30 optimizer.py:749] [1mEstimated cost: [0m$0.9 / hour
I 03-17 20:36:30 optimizer.py:749] 
I 03-17 20:36:30 optimizer.py:884] Considered resources (1 node):
I 03-17 20:36:30 optimizer.py:952] -----------------------------------------------------------------------------------------
I 03-17 20:36:30 optimizer.py:952]  CLOUD   INSTANCE    vCPUs   Mem(GB)   ACCELERATORS   REGION/ZONE    COST ($)   CHOSEN   
I 03-17 20:36:30 optimizer.py:952] -----------------------------------------------------------------------------------------
I 03-17 20:36:30 optimizer.py:952]  AWS     g6.xlarge   4       16        L4:1           ca-central-1   0.89       [32m   ✔[0m     
I 03-17 20:36:30 optimizer.py:952] -----------------------------------------------------------------------------------------
<sky-payload>"<rich_update>[bold cyan]Looking for resources[/]  \u001b[2mView logs: sky api logs -l sky-2025-03-17-20-26-50-812002/provision.log\u001b[0m</rich_update>"</sky-payload>
<sky-payload>"<rich_update>[bold cyan]Launching[/]  \u001b[2mView logs: sky api logs -l sky-2025-03-17-20-26-50-812002/provision.log\u001b[0m</rich_update>"</sky-payload>
I 03-17 20:36:30 cloud_vm_ray_backend.py:1520] [0m⚙︎ Launching on AWS ca-central-1[0m (ca-central-1a,ca-central-1b).
[2mW 03-17 20:36:36 instance.py:243] create_instances: Attempt failed with An error occurred (VcpuLimitExceeded) when calling the RunInstances operation: You have requested more vCPU capacity than your current vCPU limit of 64 allows for the instance bucket that the specified instance type belongs to. Please visit http://aws.amazon.com/contact-us/ec2-request to request an adjustment to this limit.[0m
[2mW 03-17 20:37:05 instance.py:243] create_instances: Attempt failed with An error occurred (VcpuLimitExceeded) when calling the RunInstances operation: You have requested more vCPU capacity than your current vCPU limit of 64 allows for the instance bucket that the specified instance type belongs to. Please visit http://aws.amazon.com/contact-us/ec2-request to request an adjustment to this limit.[0m
W 03-17 20:37:06 cloud_vm_ray_backend.py:2061] sky.exceptions.ResourcesUnavailableError: Failed to acquire resources in all zones in ca-central-1 for {AWS(cpus=4, {'L4': 1})}. 
W 03-17 20:37:06 cloud_vm_ray_backend.py:2097] 
W 03-17 20:37:06 cloud_vm_ray_backend.py:2097] [0m[33m↺[0m Trying other potential resources.
<sky-payload>"<rich_update>[bold cyan]Looking for resources[/]  \u001b[2mView logs: sky api logs -l sky-2025-03-17-20-26-50-812002/provision.log\u001b[0m</rich_update>"</sky-payload>
<sky-payload>"<rich_update>[bold cyan]Optimizing[/]</rich_update>"</sky-payload>
<sky-payload>"<rich_start>[bold cyan]Launching[/]</rich_start>"</sky-payload>
I 03-17 20:37:06 optimizer.py:736] [1mTarget:[0m minimizing cost
I 03-17 20:37:06 optimizer.py:749] [1mEstimated cost: [0m$1.0 / hour
I 03-17 20:37:06 optimizer.py:749] 
I 03-17 20:37:06 optimizer.py:884] Considered resources (1 node):
I 03-17 20:37:06 optimizer.py:952] ----------------------------------------------------------------------------------------
I 03-17 20:37:06 optimizer.py:952]  CLOUD   INSTANCE    vCPUs   Mem(GB)   ACCELERATORS   REGION/ZONE   COST ($)   CHOSEN   
I 03-17 20:37:06 optimizer.py:952] ----------------------------------------------------------------------------------------
I 03-17 20:37:06 optimizer.py:952]  AWS     g6.xlarge   4       16        L4:1           ap-south-1    0.97       [32m   ✔[0m     
I 03-17 20:37:06 optimizer.py:952] ----------------------------------------------------------------------------------------
<sky-payload>"<rich_update>[bold cyan]Looking for resources[/]  \u001b[2mView logs: sky api logs -l sky-2025-03-17-20-26-50-812002/provision.log\u001b[0m</rich_update>"</sky-payload>
<sky-payload>"<rich_update>[bold cyan]Launching[/]  \u001b[2mView logs: sky api logs -l sky-2025-03-17-20-26-50-812002/provision.log\u001b[0m</rich_update>"</sky-payload>
I 03-17 20:37:06 cloud_vm_ray_backend.py:1520] [0m⚙︎ Launching on AWS ap-south-1[0m (ap-south-1a,ap-south-1b).
[2mW 03-17 20:37:15 instance.py:243] create_instances: Attempt failed with An error occurred (InsufficientInstanceCapacity) when calling the RunInstances operation (reached max retries: 0): We currently do not have sufficient g6.xlarge capacity in the Availability Zone you requested (ap-south-1a). Our system will be working on provisioning additional capacity. You can currently get g6.xlarge capacity by not specifying an Availability Zone in your request or choosing ap-south-1b.[0m
[2mW 03-17 20:37:23 instance.py:243] create_instances: Attempt failed with An error occurred (InsufficientInstanceCapacity) when calling the RunInstances operation (reached max retries: 0): We currently do not have sufficient g6.xlarge capacity in the Availability Zone you requested (ap-south-1b). Our system will be working on provisioning additional capacity. You can currently get g6.xlarge capacity by not specifying an Availability Zone in your request or choosing ap-south-1a.[0m
W 03-17 20:37:25 cloud_vm_ray_backend.py:2061] sky.exceptions.ResourcesUnavailableError: Failed to acquire resources in all zones in ap-south-1 for {AWS(cpus=4, {'L4': 1})}. 
W 03-17 20:37:25 cloud_vm_ray_backend.py:2097] 
W 03-17 20:37:25 cloud_vm_ray_backend.py:2097] [0m[33m↺[0m Trying other potential resources.
<sky-payload>"<rich_update>[bold cyan]Looking for resources[/]  \u001b[2mView logs: sky api logs -l sky-2025-03-17-20-26-50-812002/provision.log\u001b[0m</rich_update>"</sky-payload>
<sky-payload>"<rich_update>[bold cyan]Optimizing[/]</rich_update>"</sky-payload>
<sky-payload>"<rich_start>[bold cyan]Launching[/]</rich_start>"</sky-payload>
I 03-17 20:37:25 optimizer.py:736] [1mTarget:[0m minimizing cost
I 03-17 20:37:25 optimizer.py:749] [1mEstimated cost: [0m$1.0 / hour
I 03-17 20:37:25 optimizer.py:749] 
I 03-17 20:37:25 optimizer.py:884] Considered resources (1 node):
I 03-17 20:37:25 optimizer.py:952] -------------------------------------------------------------------------------------------
I 03-17 20:37:25 optimizer.py:952]  CLOUD   INSTANCE    vCPUs   Mem(GB)   ACCELERATORS   REGION/ZONE      COST ($)   CHOSEN   
I 03-17 20:37:25 optimizer.py:952] -------------------------------------------------------------------------------------------
I 03-17 20:37:25 optimizer.py:952]  AWS     g6.xlarge   4       16        L4:1           ap-northeast-2   0.99       [32m   ✔[0m     
I 03-17 20:37:25 optimizer.py:952] -------------------------------------------------------------------------------------------
<sky-payload>"<rich_update>[bold cyan]Looking for resources[/]  \u001b[2mView logs: sky api logs -l sky-2025-03-17-20-26-50-812002/provision.log\u001b[0m</rich_update>"</sky-payload>
<sky-payload>"<rich_update>[bold cyan]Launching[/]  \u001b[2mView logs: sky api logs -l sky-2025-03-17-20-26-50-812002/provision.log\u001b[0m</rich_update>"</sky-payload>
I 03-17 20:37:25 cloud_vm_ray_backend.py:1520] [0m⚙︎ Launching on AWS ap-northeast-2[0m (ap-northeast-2a,ap-northeast-2d).
[2mW 03-17 20:37:33 instance.py:243] create_instances: Attempt failed with An error occurred (InsufficientInstanceCapacity) when calling the RunInstances operation (reached max retries: 0): We currently do not have sufficient g6.xlarge capacity in the Availability Zone you requested (ap-northeast-2a). Our system will be working on provisioning additional capacity. You can currently get g6.xlarge capacity by not specifying an Availability Zone in your request or choosing ap-northeast-2d.[0m
[2mW 03-17 20:37:36 instance.py:243] create_instances: Attempt failed with An error occurred (InsufficientInstanceCapacity) when calling the RunInstances operation (reached max retries: 0): We currently do not have sufficient g6.xlarge capacity in the Availability Zone you requested (ap-northeast-2d). Our system will be working on provisioning additional capacity. You can currently get g6.xlarge capacity by not specifying an Availability Zone in your request or choosing ap-northeast-2a.[0m
W 03-17 20:37:37 cloud_vm_ray_backend.py:2061] sky.exceptions.ResourcesUnavailableError: Failed to acquire resources in all zones in ap-northeast-2 for {AWS(cpus=4, {'L4': 1})}. 
W 03-17 20:37:37 cloud_vm_ray_backend.py:2097] 
W 03-17 20:37:37 cloud_vm_ray_backend.py:2097] [0m[33m↺[0m Trying other potential resources.
<sky-payload>"<rich_update>[bold cyan]Looking for resources[/]  \u001b[2mView logs: sky api logs -l sky-2025-03-17-20-26-50-812002/provision.log\u001b[0m</rich_update>"</sky-payload>
<sky-payload>"<rich_update>[bold cyan]Optimizing[/]</rich_update>"</sky-payload>
<sky-payload>"<rich_start>[bold cyan]Launching[/]</rich_start>"</sky-payload>
I 03-17 20:37:37 optimizer.py:736] [1mTarget:[0m minimizing cost
I 03-17 20:37:37 optimizer.py:749] [1mEstimated cost: [0m$1.0 / hour
I 03-17 20:37:37 optimizer.py:749] 
I 03-17 20:37:37 optimizer.py:884] Considered resources (1 node):
I 03-17 20:37:37 optimizer.py:952] -----------------------------------------------------------------------------------------
I 03-17 20:37:37 optimizer.py:952]  CLOUD   INSTANCE    vCPUs   Mem(GB)   ACCELERATORS   REGION/ZONE    COST ($)   CHOSEN   
I 03-17 20:37:37 optimizer.py:952] -----------------------------------------------------------------------------------------
I 03-17 20:37:37 optimizer.py:952]  AWS     g6.xlarge   4       16        L4:1           eu-central-1   1.01       [32m   ✔[0m     
I 03-17 20:37:37 optimizer.py:952] -----------------------------------------------------------------------------------------
<sky-payload>"<rich_update>[bold cyan]Looking for resources[/]  \u001b[2mView logs: sky api logs -l sky-2025-03-17-20-26-50-812002/provision.log\u001b[0m</rich_update>"</sky-payload>
<sky-payload>"<rich_update>[bold cyan]Launching[/]  \u001b[2mView logs: sky api logs -l sky-2025-03-17-20-26-50-812002/provision.log\u001b[0m</rich_update>"</sky-payload>
I 03-17 20:37:37 cloud_vm_ray_backend.py:1520] [0m⚙︎ Launching on AWS eu-central-1[0m (eu-central-1a,eu-central-1b).
[2mW 03-17 20:37:43 instance.py:243] create_instances: Attempt failed with An error occurred (VcpuLimitExceeded) when calling the RunInstances operation: You have requested more vCPU capacity than your current vCPU limit of 64 allows for the instance bucket that the specified instance type belongs to. Please visit http://aws.amazon.com/contact-us/ec2-request to request an adjustment to this limit.[0m
[2mW 03-17 20:37:45 instance.py:243] create_instances: Attempt failed with An error occurred (VcpuLimitExceeded) when calling the RunInstances operation: You have requested more vCPU capacity than your current vCPU limit of 64 allows for the instance bucket that the specified instance type belongs to. Please visit http://aws.amazon.com/contact-us/ec2-request to request an adjustment to this limit.[0m
W 03-17 20:37:46 cloud_vm_ray_backend.py:2061] sky.exceptions.ResourcesUnavailableError: Failed to acquire resources in all zones in eu-central-1 for {AWS(cpus=4, {'L4': 1})}. 
W 03-17 20:37:46 cloud_vm_ray_backend.py:2097] 
W 03-17 20:37:46 cloud_vm_ray_backend.py:2097] [0m[33m↺[0m Trying other potential resources.
<sky-payload>"<rich_update>[bold cyan]Looking for resources[/]  \u001b[2mView logs: sky api logs -l sky-2025-03-17-20-26-50-812002/provision.log\u001b[0m</rich_update>"</sky-payload>
<sky-payload>"<rich_update>[bold cyan]Optimizing[/]</rich_update>"</sky-payload>
<sky-payload>"<rich_start>[bold cyan]Launching[/]</rich_start>"</sky-payload>
I 03-17 20:37:46 optimizer.py:736] [1mTarget:[0m minimizing cost
I 03-17 20:37:46 optimizer.py:749] [1mEstimated cost: [0m$1.0 / hour
I 03-17 20:37:46 optimizer.py:749] 
I 03-17 20:37:46 optimizer.py:884] Considered resources (1 node):
I 03-17 20:37:46 optimizer.py:952] ----------------------------------------------------------------------------------------
I 03-17 20:37:46 optimizer.py:952]  CLOUD   INSTANCE    vCPUs   Mem(GB)   ACCELERATORS   REGION/ZONE   COST ($)   CHOSEN   
I 03-17 20:37:46 optimizer.py:952] ----------------------------------------------------------------------------------------
I 03-17 20:37:46 optimizer.py:952]  AWS     g6.xlarge   4       16        L4:1           eu-west-2     1.02       [32m   ✔[0m     
I 03-17 20:37:46 optimizer.py:952] ----------------------------------------------------------------------------------------
<sky-payload>"<rich_update>[bold cyan]Looking for resources[/]  \u001b[2mView logs: sky api logs -l sky-2025-03-17-20-26-50-812002/provision.log\u001b[0m</rich_update>"</sky-payload>
<sky-payload>"<rich_update>[bold cyan]Launching[/]  \u001b[2mView logs: sky api logs -l sky-2025-03-17-20-26-50-812002/provision.log\u001b[0m</rich_update>"</sky-payload>
I 03-17 20:37:46 cloud_vm_ray_backend.py:1520] [0m⚙︎ Launching on AWS eu-west-2[0m (eu-west-2a,eu-west-2b).
[2mW 03-17 20:37:51 instance.py:243] create_instances: Attempt failed with An error occurred (VcpuLimitExceeded) when calling the RunInstances operation: You have requested more vCPU capacity than your current vCPU limit of 64 allows for the instance bucket that the specified instance type belongs to. Please visit http://aws.amazon.com/contact-us/ec2-request to request an adjustment to this limit.[0m
[2mW 03-17 20:37:58 instance.py:243] create_instances: Attempt failed with An error occurred (VcpuLimitExceeded) when calling the RunInstances operation: You have requested more vCPU capacity than your current vCPU limit of 64 allows for the instance bucket that the specified instance type belongs to. Please visit http://aws.amazon.com/contact-us/ec2-request to request an adjustment to this limit.[0m
W 03-17 20:37:59 cloud_vm_ray_backend.py:2061] sky.exceptions.ResourcesUnavailableError: Failed to acquire resources in all zones in eu-west-2 for {AWS(cpus=4, {'L4': 1})}. 
W 03-17 20:37:59 cloud_vm_ray_backend.py:2097] 
W 03-17 20:37:59 cloud_vm_ray_backend.py:2097] [0m[33m↺[0m Trying other potential resources.
<sky-payload>"<rich_update>[bold cyan]Looking for resources[/]  \u001b[2mView logs: sky api logs -l sky-2025-03-17-20-26-50-812002/provision.log\u001b[0m</rich_update>"</sky-payload>
<sky-payload>"<rich_update>[bold cyan]Optimizing[/]</rich_update>"</sky-payload>
<sky-payload>"<rich_start>[bold cyan]Launching[/]</rich_start>"</sky-payload>
I 03-17 20:37:59 optimizer.py:736] [1mTarget:[0m minimizing cost
I 03-17 20:37:59 optimizer.py:749] [1mEstimated cost: [0m$1.0 / hour
I 03-17 20:37:59 optimizer.py:749] 
I 03-17 20:37:59 optimizer.py:884] Considered resources (1 node):
I 03-17 20:37:59 optimizer.py:952] ----------------------------------------------------------------------------------------
I 03-17 20:37:59 optimizer.py:952]  CLOUD   INSTANCE    vCPUs   Mem(GB)   ACCELERATORS   REGION/ZONE   COST ($)   CHOSEN   
I 03-17 20:37:59 optimizer.py:952] ----------------------------------------------------------------------------------------
I 03-17 20:37:59 optimizer.py:952]  AWS     g6.xlarge   4       16        L4:1           eu-west-3     1.02       [32m   ✔[0m     
I 03-17 20:37:59 optimizer.py:952] ----------------------------------------------------------------------------------------
<sky-payload>"<rich_update>[bold cyan]Looking for resources[/]  \u001b[2mView logs: sky api logs -l sky-2025-03-17-20-26-50-812002/provision.log\u001b[0m</rich_update>"</sky-payload>
<sky-payload>"<rich_update>[bold cyan]Launching[/]  \u001b[2mView logs: sky api logs -l sky-2025-03-17-20-26-50-812002/provision.log\u001b[0m</rich_update>"</sky-payload>
I 03-17 20:37:59 cloud_vm_ray_backend.py:1520] [0m⚙︎ Launching on AWS eu-west-3[0m (eu-west-3b,eu-west-3c).
[2mW 03-17 20:38:03 instance.py:243] create_instances: Attempt failed with An error occurred (InsufficientInstanceCapacity) when calling the RunInstances operation (reached max retries: 0): We currently do not have sufficient g6.xlarge capacity in the Availability Zone you requested (eu-west-3b). Our system will be working on provisioning additional capacity. You can currently get g6.xlarge capacity by not specifying an Availability Zone in your request or choosing eu-west-3c.[0m
[2mW 03-17 20:38:05 instance.py:243] create_instances: Attempt failed with An error occurred (InsufficientInstanceCapacity) when calling the RunInstances operation (reached max retries: 0): We currently do not have sufficient g6.xlarge capacity in the Availability Zone you requested (eu-west-3c). Our system will be working on provisioning additional capacity. You can currently get g6.xlarge capacity by not specifying an Availability Zone in your request or choosing eu-west-3b.[0m
W 03-17 20:38:06 cloud_vm_ray_backend.py:2061] sky.exceptions.ResourcesUnavailableError: Failed to acquire resources in all zones in eu-west-3 for {AWS(cpus=4, {'L4': 1})}. 
W 03-17 20:38:06 cloud_vm_ray_backend.py:2097] 
W 03-17 20:38:06 cloud_vm_ray_backend.py:2097] [0m[33m↺[0m Trying other potential resources.
<sky-payload>"<rich_update>[bold cyan]Looking for resources[/]  \u001b[2mView logs: sky api logs -l sky-2025-03-17-20-26-50-812002/provision.log\u001b[0m</rich_update>"</sky-payload>
<sky-payload>"<rich_update>[bold cyan]Optimizing[/]</rich_update>"</sky-payload>
<sky-payload>"<rich_start>[bold cyan]Launching[/]</rich_start>"</sky-payload>
I 03-17 20:38:06 optimizer.py:736] [1mTarget:[0m minimizing cost
I 03-17 20:38:06 optimizer.py:749] [1mEstimated cost: [0m$1.0 / hour
I 03-17 20:38:06 optimizer.py:749] 
I 03-17 20:38:06 optimizer.py:884] Considered resources (1 node):
I 03-17 20:38:06 optimizer.py:952] -------------------------------------------------------------------------------------------
I 03-17 20:38:06 optimizer.py:952]  CLOUD   INSTANCE    vCPUs   Mem(GB)   ACCELERATORS   REGION/ZONE      COST ($)   CHOSEN   
I 03-17 20:38:06 optimizer.py:952] -------------------------------------------------------------------------------------------
I 03-17 20:38:06 optimizer.py:952]  AWS     g6.xlarge   4       16        L4:1           ap-southeast-2   1.05       [32m   ✔[0m     
I 03-17 20:38:06 optimizer.py:952] -------------------------------------------------------------------------------------------
<sky-payload>"<rich_update>[bold cyan]Looking for resources[/]  \u001b[2mView logs: sky api logs -l sky-2025-03-17-20-26-50-812002/provision.log\u001b[0m</rich_update>"</sky-payload>
<sky-payload>"<rich_update>[bold cyan]Launching[/]  \u001b[2mView logs: sky api logs -l sky-2025-03-17-20-26-50-812002/provision.log\u001b[0m</rich_update>"</sky-payload>
I 03-17 20:38:06 cloud_vm_ray_backend.py:1520] [0m⚙︎ Launching on AWS ap-southeast-2[0m (ap-southeast-2a,ap-southeast-2c).
[2mW 03-17 20:38:13 instance.py:243] create_instances: Attempt failed with An error occurred (VcpuLimitExceeded) when calling the RunInstances operation: You have requested more vCPU capacity than your current vCPU limit of 256 allows for the instance bucket that the specified instance type belongs to. Please visit http://aws.amazon.com/contact-us/ec2-request to request an adjustment to this limit.[0m
[2mW 03-17 20:38:15 instance.py:243] create_instances: Attempt failed with An error occurred (VcpuLimitExceeded) when calling the RunInstances operation: You have requested more vCPU capacity than your current vCPU limit of 256 allows for the instance bucket that the specified instance type belongs to. Please visit http://aws.amazon.com/contact-us/ec2-request to request an adjustment to this limit.[0m
W 03-17 20:38:17 cloud_vm_ray_backend.py:2061] sky.exceptions.ResourcesUnavailableError: Failed to acquire resources in all zones in ap-southeast-2 for {AWS(cpus=4, {'L4': 1})}. 
W 03-17 20:38:17 cloud_vm_ray_backend.py:2097] 
W 03-17 20:38:17 cloud_vm_ray_backend.py:2097] [0m[33m↺[0m Trying other potential resources.
<sky-payload>"<rich_update>[bold cyan]Looking for resources[/]  \u001b[2mView logs: sky api logs -l sky-2025-03-17-20-26-50-812002/provision.log\u001b[0m</rich_update>"</sky-payload>
<sky-payload>"<rich_update>[bold cyan]Optimizing[/]</rich_update>"</sky-payload>
<sky-payload>"<rich_start>[bold cyan]Launching[/]</rich_start>"</sky-payload>
I 03-17 20:38:17 optimizer.py:749] [1mEstimated cost: [0m$1.2 / hour
I 03-17 20:38:17 optimizer.py:749] 
I 03-17 20:38:17 optimizer.py:884] Considered resources (1 node):
I 03-17 20:38:17 optimizer.py:952] -------------------------------------------------------------------------------------------
I 03-17 20:38:17 optimizer.py:952]  CLOUD   INSTANCE    vCPUs   Mem(GB)   ACCELERATORS   REGION/ZONE      COST ($)   CHOSEN   
I 03-17 20:38:17 optimizer.py:952] -------------------------------------------------------------------------------------------
I 03-17 20:38:17 optimizer.py:952]  AWS     g6.xlarge   4       16        L4:1           ap-northeast-1   1.17       [32m   ✔[0m     
I 03-17 20:38:17 optimizer.py:952] -------------------------------------------------------------------------------------------
<sky-payload>"<rich_update>[bold cyan]Looking for resources[/]  \u001b[2mView logs: sky api logs -l sky-2025-03-17-20-26-50-812002/provision.log\u001b[0m</rich_update>"</sky-payload>
<sky-payload>"<rich_update>[bold cyan]Launching[/]  \u001b[2mView logs: sky api logs -l sky-2025-03-17-20-26-50-812002/provision.log\u001b[0m</rich_update>"</sky-payload>
I 03-17 20:38:17 cloud_vm_ray_backend.py:1520] [0m⚙︎ Launching on AWS ap-northeast-1[0m (ap-northeast-1a,ap-northeast-1c).
<sky-payload>"<rich_update>[bold cyan]Launching - Checking instance status[/]  \u001b[2mView logs: sky api logs -l sky-2025-03-17-20-26-50-812002/provision.log\u001b[0m</rich_update>"</sky-payload>
<sky-payload>"<rich_update>[bold cyan]Launching - Waiting for SSH access[/]  \u001b[2mView logs: sky api logs -l sky-2025-03-17-20-26-50-812002/provision.log\u001b[0m</rich_update>"</sky-payload>
<sky-payload>"<rich_start>[bold cyan]Launching[/]</rich_start>"</sky-payload>
I 03-17 20:38:46 provisioner.py:451] [2m└── [0m[2mInstance is up.[0m
<sky-payload>"<rich_update>[bold cyan]Preparing SkyPilot runtime (1/3 - initializing)[/]  \u001b[2mView logs: sky api logs -l sky-2025-03-17-20-26-50-812002/provision.log\u001b[0m</rich_update>"</sky-payload>
<sky-payload>"<rich_update>[bold cyan]Preparing SkyPilot runtime (2/3 - dependencies)[/]  \u001b[2mView logs: sky api logs -l sky-2025-03-17-20-26-50-812002/provision.log\u001b[0m</rich_update>"</sky-payload>
<sky-payload>"<rich_update>[bold cyan]Preparing SkyPilot runtime (3/3 - runtime)[/]  \u001b[2mView logs: sky api logs -l sky-2025-03-17-20-26-50-812002/provision.log\u001b[0m</rich_update>"</sky-payload>
<sky-payload>"<rich_update>[bold cyan]Launching - Checking instance status[/]  \u001b[2mView logs: sky api logs -l sky-2025-03-17-20-26-50-812002/provision.log\u001b[0m</rich_update>"</sky-payload>
I 03-17 20:39:13 provisioner.py:632] [0m[32m✓ Cluster launched: compute-text-vectors-347.[0m  [2mView logs: sky api logs -l sky-2025-03-17-20-26-50-812002/provision.log[0m
<sky-payload>"<rich_exit></rich_exit>"</sky-payload>
I 03-17 20:39:13 execution.py:332] [0m⚙︎ Syncing files.
<sky-payload>"<rich_init>[bold cyan]Syncing files[/]</rich_init>"</sky-payload>
<sky-payload>"<rich_update>[bold cyan]Syncing files[/]</rich_update>"</sky-payload>
<sky-payload>"<rich_start>[bold cyan]Syncing files[/]</rich_start>"</sky-payload>
<sky-payload>"<rich_update>[bold cyan]Syncing file mounts[/]  \u001b[2mView logs: sky api logs -l sky-2025-03-17-20-26-50-812002/file_mounts.log\u001b[0m</rich_update>"</sky-payload>
I 03-17 20:39:13 backend_utils.py:1315]   [2mSyncing (to 1 node): s3://skypilot-filemounts-root-726f1974-ect8zdpl/job-ect8zdpl/workdir -> ~/sky_workdir[0m
I 03-17 20:39:16 cloud_vm_ray_backend.py:4801] [0m[32m✓ Synced file_mounts.[0m  [2mView logs: sky api logs -l sky-2025-03-17-20-26-50-812002/file_mounts.log[0m
<sky-payload>"<rich_update>[bold cyan]Mounting 1 storage[/]  \u001b[2mView logs: sky api logs -l sky-2025-03-17-20-26-50-812002/storage_mounts.log\u001b[0m</rich_update>"</sky-payload>
I 03-17 20:39:16 backend_utils.py:1315]   [2mMounting (to 1 node): s3://sky-text-embeddings-multi-cluster-final -> /output[0m
I 03-17 20:39:19 cloud_vm_ray_backend.py:4892] [0m[32m✓ Storage mounted.[0m  [2mView logs: sky api logs -l sky-2025-03-17-20-26-50-812002/storage_mounts.log[0m
<sky-payload>"<rich_exit></rich_exit>"</sky-payload>
<sky-payload>"<rich_init>[bold cyan]Running setup[/]</rich_init>"</sky-payload>
<sky-payload>"<rich_update>[bold cyan]Running setup[/]</rich_update>"</sky-payload>
<sky-payload>"<rich_start>[bold cyan]Running setup[/]</rich_start>"</sky-payload>
<sky-payload>"<rich_stop></rich_stop>"</sky-payload>
I 03-17 20:39:22 cloud_vm_ray_backend.py:3357] [0m[32m✓ Setup detached.[0m
<sky-payload>"<rich_exit></rich_exit>"</sky-payload>
<sky-payload>"<rich_init>[bold cyan]Submitting job[/]</rich_init>"</sky-payload>
<sky-payload>"<rich_update>[bold cyan]Submitting job[/]</rich_update>"</sky-payload>
<sky-payload>"<rich_start>[bold cyan]Submitting job[/]</rich_start>"</sky-payload>
I 03-17 20:39:25 cloud_vm_ray_backend.py:3460] [0m⚙︎ Job submitted, ID: 1
<sky-payload>"<rich_stop></rich_stop>"</sky-payload>
<sky-payload>"<rich_exit></rich_exit>"</sky-payload>

[?25hI 03-17 20:39:25 recovery_strategy.py:289] Managed job cluster launched.
I 03-17 20:39:29 utils.py:131] === Checking the job status... ===
I 03-17 20:39:30 utils.py:137] Job status: JobStatus.SETTING_UP
I 03-17 20:39:30 utils.py:140] ==================================
I 03-17 20:39:31 state.py:471] Job started.
I 03-17 20:39:51 utils.py:131] === Checking the job status... ===
I 03-17 20:39:52 utils.py:137] Job status: JobStatus.SETTING_UP
I 03-17 20:39:52 utils.py:140] ==================================
I 03-17 20:40:12 utils.py:131] === Checking the job status... ===
I 03-17 20:40:13 utils.py:137] Job status: JobStatus.SETTING_UP
I 03-17 20:40:13 utils.py:140] ==================================
I 03-17 20:40:33 utils.py:131] === Checking the job status... ===
I 03-17 20:40:34 utils.py:137] Job status: JobStatus.SETTING_UP
I 03-17 20:40:34 utils.py:140] ==================================
I 03-17 20:40:54 utils.py:131] === Checking the job status... ===
I 03-17 20:40:55 utils.py:137] Job status: JobStatus.SETTING_UP
I 03-17 20:40:55 utils.py:140] ==================================
I 03-17 20:41:15 utils.py:131] === Checking the job status... ===
I 03-17 20:41:16 utils.py:137] Job status: JobStatus.SETTING_UP
I 03-17 20:41:16 utils.py:140] ==================================
I 03-17 20:41:36 utils.py:131] === Checking the job status... ===
I 03-17 20:41:38 utils.py:137] Job status: JobStatus.RUNNING
I 03-17 20:41:38 utils.py:140] ==================================
I 03-17 20:41:58 utils.py:131] === Checking the job status... ===
I 03-17 20:41:59 utils.py:137] Job status: JobStatus.RUNNING
I 03-17 20:41:59 utils.py:140] ==================================
I 03-17 20:42:19 utils.py:131] === Checking the job status... ===
I 03-17 20:42:20 utils.py:137] Job status: JobStatus.RUNNING
I 03-17 20:42:20 utils.py:140] ==================================
I 03-17 20:42:40 utils.py:131] === Checking the job status... ===
I 03-17 20:42:41 utils.py:137] Job status: JobStatus.RUNNING
I 03-17 20:42:41 utils.py:140] ==================================
I 03-17 20:43:01 utils.py:131] === Checking the job status... ===
I 03-17 20:43:02 utils.py:137] Job status: JobStatus.RUNNING
I 03-17 20:43:02 utils.py:140] ==================================
I 03-17 20:43:22 utils.py:131] === Checking the job status... ===
I 03-17 20:43:23 utils.py:137] Job status: JobStatus.RUNNING
I 03-17 20:43:23 utils.py:140] ==================================
I 03-17 20:43:43 utils.py:131] === Checking the job status... ===
I 03-17 20:43:44 utils.py:137] Job status: JobStatus.RUNNING
I 03-17 20:43:44 utils.py:140] ==================================
I 03-17 20:44:04 utils.py:131] === Checking the job status... ===
I 03-17 20:44:06 utils.py:137] Job status: JobStatus.RUNNING
I 03-17 20:44:06 utils.py:140] ==================================
I 03-17 20:44:26 utils.py:131] === Checking the job status... ===
I 03-17 20:44:27 utils.py:137] Job status: JobStatus.RUNNING
I 03-17 20:44:27 utils.py:140] ==================================
I 03-17 20:44:47 utils.py:131] === Checking the job status... ===
I 03-17 20:44:48 utils.py:137] Job status: JobStatus.RUNNING
I 03-17 20:44:48 utils.py:140] ==================================
I 03-17 20:45:08 utils.py:131] === Checking the job status... ===
I 03-17 20:45:12 utils.py:137] Job status: JobStatus.RUNNING
I 03-17 20:45:12 utils.py:140] ==================================
I 03-17 20:45:32 utils.py:131] === Checking the job status... ===
I 03-17 20:45:35 utils.py:137] Job status: JobStatus.RUNNING
I 03-17 20:45:35 utils.py:140] ==================================
I 03-17 20:45:55 utils.py:131] === Checking the job status... ===
I 03-17 20:45:59 utils.py:137] Job status: JobStatus.RUNNING
I 03-17 20:45:59 utils.py:140] ==================================
I 03-17 20:46:19 utils.py:131] === Checking the job status... ===
I 03-17 20:46:20 utils.py:137] Job status: JobStatus.RUNNING
I 03-17 20:46:20 utils.py:140] ==================================
I 03-17 20:46:40 utils.py:131] === Checking the job status... ===
I 03-17 20:46:41 utils.py:137] Job status: JobStatus.RUNNING
I 03-17 20:46:41 utils.py:140] ==================================
I 03-17 20:47:01 utils.py:131] === Checking the job status... ===
I 03-17 20:47:02 utils.py:137] Job status: JobStatus.RUNNING
I 03-17 20:47:02 utils.py:140] ==================================
I 03-17 20:47:22 utils.py:131] === Checking the job status... ===
I 03-17 20:47:23 utils.py:137] Job status: JobStatus.RUNNING
I 03-17 20:47:23 utils.py:140] ==================================
I 03-17 20:47:43 utils.py:131] === Checking the job status... ===
I 03-17 20:47:44 utils.py:137] Job status: JobStatus.RUNNING
I 03-17 20:47:44 utils.py:140] ==================================
I 03-17 20:48:04 utils.py:131] === Checking the job status... ===
I 03-17 20:48:05 utils.py:137] Job status: JobStatus.RUNNING
I 03-17 20:48:05 utils.py:140] ==================================
I 03-17 20:48:25 utils.py:131] === Checking the job status... ===
I 03-17 20:48:26 utils.py:137] Job status: JobStatus.RUNNING
I 03-17 20:48:26 utils.py:140] ==================================
I 03-17 20:48:46 utils.py:131] === Checking the job status... ===
I 03-17 20:48:47 utils.py:137] Job status: JobStatus.RUNNING
I 03-17 20:48:47 utils.py:140] ==================================
I 03-17 20:49:07 utils.py:131] === Checking the job status... ===
I 03-17 20:49:08 utils.py:137] Job status: JobStatus.RUNNING
I 03-17 20:49:08 utils.py:140] ==================================
I 03-17 20:49:28 utils.py:131] === Checking the job status... ===
I 03-17 20:49:29 utils.py:137] Job status: JobStatus.RUNNING
I 03-17 20:49:29 utils.py:140] ==================================
I 03-17 20:49:49 utils.py:131] === Checking the job status... ===
I 03-17 20:49:50 utils.py:137] Job status: JobStatus.RUNNING
I 03-17 20:49:50 utils.py:140] ==================================
I 03-17 20:50:10 utils.py:131] === Checking the job status... ===
I 03-17 20:50:11 utils.py:137] Job status: JobStatus.RUNNING
I 03-17 20:50:11 utils.py:140] ==================================
I 03-17 20:50:31 utils.py:131] === Checking the job status... ===
I 03-17 20:50:32 utils.py:137] Job status: JobStatus.RUNNING
I 03-17 20:50:32 utils.py:140] ==================================
I 03-17 20:50:52 utils.py:131] === Checking the job status... ===
I 03-17 20:50:53 utils.py:137] Job status: JobStatus.RUNNING
I 03-17 20:50:53 utils.py:140] ==================================
I 03-17 20:51:13 utils.py:131] === Checking the job status... ===
I 03-17 20:51:14 utils.py:137] Job status: JobStatus.RUNNING
I 03-17 20:51:14 utils.py:140] ==================================
I 03-17 20:51:34 utils.py:131] === Checking the job status... ===
I 03-17 20:51:35 utils.py:137] Job status: JobStatus.RUNNING
I 03-17 20:51:35 utils.py:140] ==================================
I 03-17 20:51:55 utils.py:131] === Checking the job status... ===
I 03-17 20:51:56 utils.py:137] Job status: JobStatus.RUNNING
I 03-17 20:51:56 utils.py:140] ==================================
I 03-17 20:52:16 utils.py:131] === Checking the job status... ===
I 03-17 20:52:17 utils.py:137] Job status: JobStatus.RUNNING
I 03-17 20:52:17 utils.py:140] ==================================
I 03-17 20:52:37 utils.py:131] === Checking the job status... ===
I 03-17 20:52:38 utils.py:137] Job status: JobStatus.RUNNING
I 03-17 20:52:38 utils.py:140] ==================================
I 03-17 20:52:58 utils.py:131] === Checking the job status... ===
I 03-17 20:52:59 utils.py:137] Job status: JobStatus.RUNNING
I 03-17 20:52:59 utils.py:140] ==================================
I 03-17 20:53:20 utils.py:131] === Checking the job status... ===
I 03-17 20:53:20 utils.py:137] Job status: JobStatus.RUNNING
I 03-17 20:53:20 utils.py:140] ==================================
I 03-17 20:53:41 utils.py:131] === Checking the job status... ===
I 03-17 20:53:42 utils.py:137] Job status: JobStatus.RUNNING
I 03-17 20:53:42 utils.py:140] ==================================
