I 03-17 20:19:31 controller.py:59] DAG:
I 03-17 20:19:31 controller.py:59] [Task<name=compute-text-vectors>(run='# Initialize and dow...')
I 03-17 20:19:31 controller.py:59]   resources: AWS(cpus=4, {'L4': 1})]
I 03-17 20:19:31 controller.py:195] Submitted managed job 35 (task: 0, name: 'compute-text-vectors'); SKYPILOT_TASK_ID: sky-managed-2025-03-17-20-19-31-053920_compute-text-vectors_35-0
I 03-17 20:19:31 controller.py:199] Started monitoring.
I 03-17 20:19:31 state.py:451] Launching the spot cluster...
I 03-17 20:19:31 storage.py:1058] Storage type StoreType.S3 already exists.
<sky-payload>"<rich_init>[bold cyan]Optimizing[/]</rich_init>"</sky-payload>
<sky-payload>"<rich_update>[bold cyan]Optimizing[/]</rich_update>"</sky-payload>
<sky-payload>"<rich_start>[bold cyan]Optimizing[/]</rich_start>"</sky-payload>
I 03-17 20:19:32 optimizer.py:736] [1mTarget:[0m minimizing cost
I 03-17 20:19:32 optimizer.py:749] [1mEstimated cost: [0m$0.8 / hour
I 03-17 20:19:32 optimizer.py:749] 
I 03-17 20:19:32 optimizer.py:884] Considered resources (1 node):
I 03-17 20:19:32 optimizer.py:952] ----------------------------------------------------------------------------------------
I 03-17 20:19:32 optimizer.py:952]  CLOUD   INSTANCE    vCPUs   Mem(GB)   ACCELERATORS   REGION/ZONE   COST ($)   CHOSEN   
I 03-17 20:19:32 optimizer.py:952] ----------------------------------------------------------------------------------------
I 03-17 20:19:32 optimizer.py:952]  AWS     g6.xlarge   4       16        L4:1           us-east-1     0.80       [32m   ✔[0m     
I 03-17 20:19:32 optimizer.py:952] ----------------------------------------------------------------------------------------
<sky-payload>"<rich_exit></rich_exit>"</sky-payload>
<sky-payload>"<rich_init>[bold cyan]Launching[/]</rich_init>"</sky-payload>
<sky-payload>"<rich_update>[bold cyan]Launching[/]</rich_update>"</sky-payload>
<sky-payload>"<rich_start>[bold cyan]Launching[/]</rich_start>"</sky-payload>
<sky-payload>"<rich_update>[bold cyan]Launching[/]  \u001b[2mView logs: sky api logs -l sky-2025-03-17-20-19-31-718308/provision.log\u001b[0m</rich_update>"</sky-payload>
<sky-payload>"<rich_update>[bold cyan]Launching[/]  \u001b[2mView logs: sky api logs -l sky-2025-03-17-20-19-31-718308/provision.log\u001b[0m</rich_update>"</sky-payload>
I 03-17 20:19:32 cloud_vm_ray_backend.py:1520] [0m⚙︎ Launching on AWS us-east-1[0m (us-east-1a,us-east-1b,us-east-1c,us-east-1d).
[2mW 03-17 20:19:34 instance.py:243] create_instances: Attempt failed with An error occurred (VcpuLimitExceeded) when calling the RunInstances operation: You have requested more vCPU capacity than your current vCPU limit of 64 allows for the instance bucket that the specified instance type belongs to. Please visit http://aws.amazon.com/contact-us/ec2-request to request an adjustment to this limit.[0m
[2mW 03-17 20:19:35 instance.py:243] create_instances: Attempt failed with An error occurred (VcpuLimitExceeded) when calling the RunInstances operation: You have requested more vCPU capacity than your current vCPU limit of 64 allows for the instance bucket that the specified instance type belongs to. Please visit http://aws.amazon.com/contact-us/ec2-request to request an adjustment to this limit.[0m
[2mW 03-17 20:19:36 instance.py:243] create_instances: Attempt failed with An error occurred (VcpuLimitExceeded) when calling the RunInstances operation: You have requested more vCPU capacity than your current vCPU limit of 64 allows for the instance bucket that the specified instance type belongs to. Please visit http://aws.amazon.com/contact-us/ec2-request to request an adjustment to this limit.[0m
W 03-17 20:19:36 cloud_vm_ray_backend.py:2061] sky.exceptions.ResourcesUnavailableError: Failed to acquire resources in all zones in us-east-1 for {AWS(cpus=4, {'L4': 1})}. 
W 03-17 20:19:36 cloud_vm_ray_backend.py:2097] 
W 03-17 20:19:36 cloud_vm_ray_backend.py:2097] [0m[33m↺[0m Trying other potential resources.
<sky-payload>"<rich_update>[bold cyan]Looking for resources[/]  \u001b[2mView logs: sky api logs -l sky-2025-03-17-20-19-31-718308/provision.log\u001b[0m</rich_update>"</sky-payload>
<sky-payload>"<rich_update>[bold cyan]Optimizing[/]</rich_update>"</sky-payload>
<sky-payload>"<rich_start>[bold cyan]Launching[/]</rich_start>"</sky-payload>
I 03-17 20:19:37 optimizer.py:736] [1mTarget:[0m minimizing cost
I 03-17 20:19:37 optimizer.py:749] [1mEstimated cost: [0m$0.8 / hour
I 03-17 20:19:37 optimizer.py:749] 
I 03-17 20:19:37 optimizer.py:884] Considered resources (1 node):
I 03-17 20:19:37 optimizer.py:952] ----------------------------------------------------------------------------------------
I 03-17 20:19:37 optimizer.py:952]  CLOUD   INSTANCE    vCPUs   Mem(GB)   ACCELERATORS   REGION/ZONE   COST ($)   CHOSEN   
I 03-17 20:19:37 optimizer.py:952] ----------------------------------------------------------------------------------------
I 03-17 20:19:37 optimizer.py:952]  AWS     g6.xlarge   4       16        L4:1           us-east-2     0.80       [32m   ✔[0m     
I 03-17 20:19:37 optimizer.py:952] ----------------------------------------------------------------------------------------
<sky-payload>"<rich_update>[bold cyan]Looking for resources[/]  \u001b[2mView logs: sky api logs -l sky-2025-03-17-20-19-31-718308/provision.log\u001b[0m</rich_update>"</sky-payload>
<sky-payload>"<rich_update>[bold cyan]Launching[/]  \u001b[2mView logs: sky api logs -l sky-2025-03-17-20-19-31-718308/provision.log\u001b[0m</rich_update>"</sky-payload>
I 03-17 20:19:37 cloud_vm_ray_backend.py:1520] [0m⚙︎ Launching on AWS us-east-2[0m (us-east-2a,us-east-2b,us-east-2c).
<sky-payload>"<rich_update>[bold cyan]Launching - Checking instance status[/]  \u001b[2mView logs: sky api logs -l sky-2025-03-17-20-19-31-718308/provision.log\u001b[0m</rich_update>"</sky-payload>
<sky-payload>"<rich_update>[bold cyan]Launching - Waiting for SSH access[/]  \u001b[2mView logs: sky api logs -l sky-2025-03-17-20-19-31-718308/provision.log\u001b[0m</rich_update>"</sky-payload>
<sky-payload>"<rich_start>[bold cyan]Launching[/]</rich_start>"</sky-payload>
I 03-17 20:20:10 provisioner.py:451] [2m└── [0m[2mInstance is up.[0m
<sky-payload>"<rich_update>[bold cyan]Preparing SkyPilot runtime (1/3 - initializing)[/]  \u001b[2mView logs: sky api logs -l sky-2025-03-17-20-19-31-718308/provision.log\u001b[0m</rich_update>"</sky-payload>
<sky-payload>"<rich_update>[bold cyan]Preparing SkyPilot runtime (2/3 - dependencies)[/]  \u001b[2mView logs: sky api logs -l sky-2025-03-17-20-19-31-718308/provision.log\u001b[0m</rich_update>"</sky-payload>
<sky-payload>"<rich_update>[bold cyan]Preparing SkyPilot runtime (3/3 - runtime)[/]  \u001b[2mView logs: sky api logs -l sky-2025-03-17-20-19-31-718308/provision.log\u001b[0m</rich_update>"</sky-payload>
<sky-payload>"<rich_update>[bold cyan]Launching - Checking instance status[/]  \u001b[2mView logs: sky api logs -l sky-2025-03-17-20-19-31-718308/provision.log\u001b[0m</rich_update>"</sky-payload>
I 03-17 20:20:32 provisioner.py:632] [0m[32m✓ Cluster launched: compute-text-vectors-35.[0m  [2mView logs: sky api logs -l sky-2025-03-17-20-19-31-718308/provision.log[0m
<sky-payload>"<rich_exit></rich_exit>"</sky-payload>
I 03-17 20:20:32 execution.py:332] [0m⚙︎ Syncing files.
<sky-payload>"<rich_init>[bold cyan]Syncing files[/]</rich_init>"</sky-payload>
<sky-payload>"<rich_update>[bold cyan]Syncing files[/]</rich_update>"</sky-payload>
<sky-payload>"<rich_start>[bold cyan]Syncing files[/]</rich_start>"</sky-payload>
<sky-payload>"<rich_update>[bold cyan]Syncing file mounts[/]  \u001b[2mView logs: sky api logs -l sky-2025-03-17-20-19-31-718308/file_mounts.log\u001b[0m</rich_update>"</sky-payload>
I 03-17 20:20:32 backend_utils.py:1315]   [2mSyncing (to 1 node): s3://skypilot-filemounts-root-726f1974-bgsff394/job-bgsff394/workdir -> ~/sky_workdir[0m
I 03-17 20:20:34 cloud_vm_ray_backend.py:4801] [0m[32m✓ Synced file_mounts.[0m  [2mView logs: sky api logs -l sky-2025-03-17-20-19-31-718308/file_mounts.log[0m
<sky-payload>"<rich_update>[bold cyan]Mounting 1 storage[/]  \u001b[2mView logs: sky api logs -l sky-2025-03-17-20-19-31-718308/storage_mounts.log\u001b[0m</rich_update>"</sky-payload>
I 03-17 20:20:34 backend_utils.py:1315]   [2mMounting (to 1 node): s3://sky-text-embeddings-multi-cluster-final -> /output[0m
I 03-17 20:20:36 cloud_vm_ray_backend.py:4892] [0m[32m✓ Storage mounted.[0m  [2mView logs: sky api logs -l sky-2025-03-17-20-19-31-718308/storage_mounts.log[0m
<sky-payload>"<rich_exit></rich_exit>"</sky-payload>
<sky-payload>"<rich_init>[bold cyan]Running setup[/]</rich_init>"</sky-payload>
<sky-payload>"<rich_update>[bold cyan]Running setup[/]</rich_update>"</sky-payload>
<sky-payload>"<rich_start>[bold cyan]Running setup[/]</rich_start>"</sky-payload>
<sky-payload>"<rich_stop></rich_stop>"</sky-payload>
I 03-17 20:20:37 cloud_vm_ray_backend.py:3357] [0m[32m✓ Setup detached.[0m
<sky-payload>"<rich_exit></rich_exit>"</sky-payload>
<sky-payload>"<rich_init>[bold cyan]Submitting job[/]</rich_init>"</sky-payload>
<sky-payload>"<rich_update>[bold cyan]Submitting job[/]</rich_update>"</sky-payload>
<sky-payload>"<rich_start>[bold cyan]Submitting job[/]</rich_start>"</sky-payload>
I 03-17 20:20:39 cloud_vm_ray_backend.py:3460] [0m⚙︎ Job submitted, ID: 1
<sky-payload>"<rich_stop></rich_stop>"</sky-payload>
<sky-payload>"<rich_exit></rich_exit>"</sky-payload>

[?25hI 03-17 20:20:39 recovery_strategy.py:289] Managed job cluster launched.
I 03-17 20:20:42 utils.py:131] === Checking the job status... ===
I 03-17 20:20:43 utils.py:137] Job status: JobStatus.SETTING_UP
I 03-17 20:20:43 utils.py:140] ==================================
I 03-17 20:20:43 state.py:471] Job started.
I 03-17 20:21:03 utils.py:131] === Checking the job status... ===
I 03-17 20:21:04 utils.py:137] Job status: JobStatus.SETTING_UP
I 03-17 20:21:04 utils.py:140] ==================================
I 03-17 20:21:24 utils.py:131] === Checking the job status... ===
I 03-17 20:21:25 utils.py:137] Job status: JobStatus.SETTING_UP
I 03-17 20:21:25 utils.py:140] ==================================
I 03-17 20:21:45 utils.py:131] === Checking the job status... ===
I 03-17 20:21:46 utils.py:137] Job status: JobStatus.SETTING_UP
I 03-17 20:21:46 utils.py:140] ==================================
I 03-17 20:22:06 utils.py:131] === Checking the job status... ===
I 03-17 20:22:06 utils.py:137] Job status: JobStatus.SETTING_UP
I 03-17 20:22:06 utils.py:140] ==================================
I 03-17 20:22:27 utils.py:131] === Checking the job status... ===
I 03-17 20:22:27 utils.py:137] Job status: JobStatus.SETTING_UP
I 03-17 20:22:27 utils.py:140] ==================================
I 03-17 20:22:47 utils.py:131] === Checking the job status... ===
I 03-17 20:22:48 utils.py:137] Job status: JobStatus.SETTING_UP
I 03-17 20:22:48 utils.py:140] ==================================
I 03-17 20:23:08 utils.py:131] === Checking the job status... ===
I 03-17 20:23:09 utils.py:137] Job status: JobStatus.SETTING_UP
I 03-17 20:23:09 utils.py:140] ==================================
I 03-17 20:23:29 utils.py:131] === Checking the job status... ===
I 03-17 20:23:30 utils.py:137] Job status: JobStatus.SETTING_UP
I 03-17 20:23:30 utils.py:140] ==================================
I 03-17 20:23:50 utils.py:131] === Checking the job status... ===
I 03-17 20:23:51 utils.py:137] Job status: JobStatus.SETTING_UP
I 03-17 20:23:51 utils.py:140] ==================================
I 03-17 20:24:11 utils.py:131] === Checking the job status... ===
I 03-17 20:24:11 utils.py:137] Job status: JobStatus.SETTING_UP
I 03-17 20:24:11 utils.py:140] ==================================
I 03-17 20:24:31 utils.py:131] === Checking the job status... ===
I 03-17 20:24:32 utils.py:137] Job status: JobStatus.SETTING_UP
I 03-17 20:24:32 utils.py:140] ==================================
I 03-17 20:24:52 utils.py:131] === Checking the job status... ===
I 03-17 20:24:53 utils.py:137] Job status: JobStatus.SETTING_UP
I 03-17 20:24:53 utils.py:140] ==================================
I 03-17 20:25:13 utils.py:131] === Checking the job status... ===
I 03-17 20:25:14 utils.py:137] Job status: JobStatus.SETTING_UP
I 03-17 20:25:14 utils.py:140] ==================================
I 03-17 20:25:34 utils.py:131] === Checking the job status... ===
I 03-17 20:25:35 utils.py:137] Job status: JobStatus.RUNNING
I 03-17 20:25:35 utils.py:140] ==================================
I 03-17 20:25:55 utils.py:131] === Checking the job status... ===
I 03-17 20:25:55 utils.py:137] Job status: JobStatus.RUNNING
I 03-17 20:25:55 utils.py:140] ==================================
I 03-17 20:26:15 utils.py:131] === Checking the job status... ===
I 03-17 20:26:16 utils.py:137] Job status: JobStatus.RUNNING
I 03-17 20:26:16 utils.py:140] ==================================
I 03-17 20:26:36 utils.py:131] === Checking the job status... ===
I 03-17 20:26:37 utils.py:137] Job status: JobStatus.RUNNING
I 03-17 20:26:37 utils.py:140] ==================================
I 03-17 20:26:57 utils.py:131] === Checking the job status... ===
I 03-17 20:26:58 utils.py:137] Job status: JobStatus.RUNNING
I 03-17 20:26:58 utils.py:140] ==================================
I 03-17 20:27:18 utils.py:131] === Checking the job status... ===
I 03-17 20:27:19 utils.py:137] Job status: JobStatus.RUNNING
I 03-17 20:27:19 utils.py:140] ==================================
I 03-17 20:27:39 utils.py:131] === Checking the job status... ===
I 03-17 20:27:39 utils.py:137] Job status: JobStatus.RUNNING
I 03-17 20:27:39 utils.py:140] ==================================
I 03-17 20:28:00 utils.py:131] === Checking the job status... ===
I 03-17 20:28:00 utils.py:137] Job status: JobStatus.RUNNING
I 03-17 20:28:00 utils.py:140] ==================================
I 03-17 20:28:20 utils.py:131] === Checking the job status... ===
I 03-17 20:28:21 utils.py:137] Job status: JobStatus.RUNNING
I 03-17 20:28:21 utils.py:140] ==================================
I 03-17 20:28:41 utils.py:131] === Checking the job status... ===
I 03-17 20:28:42 utils.py:137] Job status: JobStatus.RUNNING
I 03-17 20:28:42 utils.py:140] ==================================
I 03-17 20:29:02 utils.py:131] === Checking the job status... ===
I 03-17 20:29:06 utils.py:137] Job status: JobStatus.RUNNING
I 03-17 20:29:06 utils.py:140] ==================================
I 03-17 20:29:26 utils.py:131] === Checking the job status... ===
I 03-17 20:29:28 utils.py:137] Job status: JobStatus.RUNNING
I 03-17 20:29:28 utils.py:140] ==================================
I 03-17 20:29:49 utils.py:131] === Checking the job status... ===
I 03-17 20:29:50 utils.py:137] Job status: JobStatus.RUNNING
I 03-17 20:29:50 utils.py:140] ==================================
I 03-17 20:30:10 utils.py:131] === Checking the job status... ===
I 03-17 20:30:11 utils.py:137] Job status: JobStatus.RUNNING
I 03-17 20:30:11 utils.py:140] ==================================
I 03-17 20:30:31 utils.py:131] === Checking the job status... ===
I 03-17 20:30:31 utils.py:137] Job status: JobStatus.RUNNING
I 03-17 20:30:31 utils.py:140] ==================================
I 03-17 20:30:52 utils.py:131] === Checking the job status... ===
I 03-17 20:30:52 utils.py:137] Job status: JobStatus.RUNNING
I 03-17 20:30:52 utils.py:140] ==================================
I 03-17 20:31:12 utils.py:131] === Checking the job status... ===
I 03-17 20:31:13 utils.py:137] Job status: JobStatus.RUNNING
I 03-17 20:31:13 utils.py:140] ==================================
I 03-17 20:31:33 utils.py:131] === Checking the job status... ===
I 03-17 20:31:34 utils.py:137] Job status: JobStatus.RUNNING
I 03-17 20:31:34 utils.py:140] ==================================
I 03-17 20:31:54 utils.py:131] === Checking the job status... ===
I 03-17 20:31:54 utils.py:137] Job status: JobStatus.RUNNING
I 03-17 20:31:54 utils.py:140] ==================================
I 03-17 20:32:15 utils.py:131] === Checking the job status... ===
I 03-17 20:32:15 utils.py:137] Job status: JobStatus.RUNNING
I 03-17 20:32:15 utils.py:140] ==================================
I 03-17 20:32:35 utils.py:131] === Checking the job status... ===
I 03-17 20:32:36 utils.py:137] Job status: JobStatus.RUNNING
I 03-17 20:32:36 utils.py:140] ==================================
I 03-17 20:32:56 utils.py:131] === Checking the job status... ===
I 03-17 20:32:57 utils.py:137] Job status: JobStatus.RUNNING
I 03-17 20:32:57 utils.py:140] ==================================
I 03-17 20:33:17 utils.py:131] === Checking the job status... ===
I 03-17 20:33:17 utils.py:137] Job status: JobStatus.RUNNING
I 03-17 20:33:17 utils.py:140] ==================================
I 03-17 20:33:38 utils.py:131] === Checking the job status... ===
I 03-17 20:33:38 utils.py:137] Job status: JobStatus.RUNNING
I 03-17 20:33:38 utils.py:140] ==================================
I 03-17 20:33:58 utils.py:131] === Checking the job status... ===
I 03-17 20:33:59 utils.py:137] Job status: JobStatus.RUNNING
I 03-17 20:33:59 utils.py:140] ==================================
I 03-17 20:34:19 utils.py:131] === Checking the job status... ===
I 03-17 20:34:20 utils.py:137] Job status: JobStatus.RUNNING
I 03-17 20:34:20 utils.py:140] ==================================
I 03-17 20:34:40 utils.py:131] === Checking the job status... ===
I 03-17 20:34:41 utils.py:137] Job status: JobStatus.RUNNING
I 03-17 20:34:41 utils.py:140] ==================================
I 03-17 20:35:01 utils.py:131] === Checking the job status... ===
I 03-17 20:35:01 utils.py:137] Job status: JobStatus.RUNNING
I 03-17 20:35:01 utils.py:140] ==================================
I 03-17 20:35:21 utils.py:131] === Checking the job status... ===
I 03-17 20:35:22 utils.py:137] Job status: JobStatus.RUNNING
I 03-17 20:35:22 utils.py:140] ==================================
I 03-17 20:35:42 utils.py:131] === Checking the job status... ===
I 03-17 20:35:43 utils.py:137] Job status: JobStatus.RUNNING
I 03-17 20:35:43 utils.py:140] ==================================
I 03-17 20:36:03 utils.py:131] === Checking the job status... ===
I 03-17 20:36:04 utils.py:137] Job status: JobStatus.RUNNING
I 03-17 20:36:04 utils.py:140] ==================================
I 03-17 20:36:24 utils.py:131] === Checking the job status... ===
I 03-17 20:36:24 utils.py:137] Job status: JobStatus.RUNNING
I 03-17 20:36:24 utils.py:140] ==================================
I 03-17 20:36:45 utils.py:131] === Checking the job status... ===
I 03-17 20:36:45 utils.py:137] Job status: JobStatus.RUNNING
I 03-17 20:36:45 utils.py:140] ==================================
I 03-17 20:37:05 utils.py:131] === Checking the job status... ===
I 03-17 20:37:06 utils.py:137] Job status: JobStatus.RUNNING
I 03-17 20:37:06 utils.py:140] ==================================
I 03-17 20:37:26 utils.py:131] === Checking the job status... ===
I 03-17 20:37:27 utils.py:137] Job status: JobStatus.RUNNING
I 03-17 20:37:27 utils.py:140] ==================================
I 03-17 20:37:47 utils.py:131] === Checking the job status... ===
I 03-17 20:37:47 utils.py:137] Job status: JobStatus.RUNNING
I 03-17 20:37:47 utils.py:140] ==================================
I 03-17 20:38:08 utils.py:131] === Checking the job status... ===
I 03-17 20:38:08 utils.py:137] Job status: JobStatus.RUNNING
I 03-17 20:38:08 utils.py:140] ==================================
I 03-17 20:38:28 utils.py:131] === Checking the job status... ===
I 03-17 20:38:29 utils.py:137] Job status: JobStatus.RUNNING
I 03-17 20:38:29 utils.py:140] ==================================
I 03-17 20:38:49 utils.py:131] === Checking the job status... ===
I 03-17 20:38:50 utils.py:137] Job status: JobStatus.RUNNING
I 03-17 20:38:50 utils.py:140] ==================================
I 03-17 20:39:10 utils.py:131] === Checking the job status... ===
I 03-17 20:39:11 utils.py:137] Job status: JobStatus.RUNNING
I 03-17 20:39:11 utils.py:140] ==================================
I 03-17 20:39:31 utils.py:131] === Checking the job status... ===
I 03-17 20:39:31 utils.py:137] Job status: JobStatus.RUNNING
I 03-17 20:39:31 utils.py:140] ==================================
I 03-17 20:39:51 utils.py:131] === Checking the job status... ===
I 03-17 20:39:52 utils.py:137] Job status: JobStatus.RUNNING
I 03-17 20:39:52 utils.py:140] ==================================
I 03-17 20:40:12 utils.py:131] === Checking the job status... ===
I 03-17 20:40:13 utils.py:137] Job status: JobStatus.RUNNING
I 03-17 20:40:13 utils.py:140] ==================================
I 03-17 20:40:33 utils.py:131] === Checking the job status... ===
I 03-17 20:40:34 utils.py:137] Job status: JobStatus.RUNNING
I 03-17 20:40:34 utils.py:140] ==================================
I 03-17 20:40:54 utils.py:131] === Checking the job status... ===
I 03-17 20:40:54 utils.py:137] Job status: JobStatus.RUNNING
I 03-17 20:40:54 utils.py:140] ==================================
I 03-17 20:41:14 utils.py:131] === Checking the job status... ===
I 03-17 20:41:15 utils.py:137] Job status: JobStatus.RUNNING
I 03-17 20:41:15 utils.py:140] ==================================
I 03-17 20:41:35 utils.py:131] === Checking the job status... ===
I 03-17 20:41:36 utils.py:137] Job status: JobStatus.RUNNING
I 03-17 20:41:36 utils.py:140] ==================================
I 03-17 20:41:56 utils.py:131] === Checking the job status... ===
I 03-17 20:41:57 utils.py:137] Job status: JobStatus.RUNNING
I 03-17 20:41:57 utils.py:140] ==================================
I 03-17 20:42:17 utils.py:131] === Checking the job status... ===
I 03-17 20:42:17 utils.py:137] Job status: JobStatus.RUNNING
I 03-17 20:42:17 utils.py:140] ==================================
I 03-17 20:42:38 utils.py:131] === Checking the job status... ===
I 03-17 20:42:38 utils.py:137] Job status: JobStatus.RUNNING
I 03-17 20:42:38 utils.py:140] ==================================
I 03-17 20:42:58 utils.py:131] === Checking the job status... ===
I 03-17 20:42:59 utils.py:137] Job status: JobStatus.RUNNING
I 03-17 20:42:59 utils.py:140] ==================================
I 03-17 20:43:19 utils.py:131] === Checking the job status... ===
I 03-17 20:43:20 utils.py:137] Job status: JobStatus.RUNNING
I 03-17 20:43:20 utils.py:140] ==================================
I 03-17 20:43:40 utils.py:131] === Checking the job status... ===
I 03-17 20:43:41 utils.py:137] Job status: JobStatus.RUNNING
I 03-17 20:43:41 utils.py:140] ==================================
I 03-17 20:44:01 utils.py:131] === Checking the job status... ===
I 03-17 20:44:01 utils.py:137] Job status: JobStatus.RUNNING
I 03-17 20:44:01 utils.py:140] ==================================
I 03-17 20:44:21 utils.py:131] === Checking the job status... ===
I 03-17 20:44:22 utils.py:137] Job status: JobStatus.RUNNING
I 03-17 20:44:22 utils.py:140] ==================================
I 03-17 20:44:42 utils.py:131] === Checking the job status... ===
I 03-17 20:44:43 utils.py:137] Job status: JobStatus.RUNNING
I 03-17 20:44:43 utils.py:140] ==================================
I 03-17 20:45:03 utils.py:131] === Checking the job status... ===
I 03-17 20:45:04 utils.py:137] Job status: JobStatus.RUNNING
I 03-17 20:45:04 utils.py:140] ==================================
I 03-17 20:45:24 utils.py:131] === Checking the job status... ===
I 03-17 20:45:24 utils.py:137] Job status: JobStatus.RUNNING
I 03-17 20:45:24 utils.py:140] ==================================
I 03-17 20:45:45 utils.py:131] === Checking the job status... ===
I 03-17 20:45:45 utils.py:137] Job status: JobStatus.RUNNING
I 03-17 20:45:45 utils.py:140] ==================================
I 03-17 20:46:05 utils.py:131] === Checking the job status... ===
I 03-17 20:46:06 utils.py:137] Job status: JobStatus.RUNNING
I 03-17 20:46:06 utils.py:140] ==================================
I 03-17 20:46:26 utils.py:131] === Checking the job status... ===
I 03-17 20:46:27 utils.py:137] Job status: JobStatus.RUNNING
I 03-17 20:46:27 utils.py:140] ==================================
I 03-17 20:46:47 utils.py:131] === Checking the job status... ===
I 03-17 20:46:48 utils.py:137] Job status: JobStatus.RUNNING
I 03-17 20:46:48 utils.py:140] ==================================
I 03-17 20:47:08 utils.py:131] === Checking the job status... ===
I 03-17 20:47:08 utils.py:137] Job status: JobStatus.RUNNING
I 03-17 20:47:08 utils.py:140] ==================================
I 03-17 20:47:28 utils.py:131] === Checking the job status... ===
I 03-17 20:47:29 utils.py:137] Job status: JobStatus.RUNNING
I 03-17 20:47:29 utils.py:140] ==================================
I 03-17 20:47:49 utils.py:131] === Checking the job status... ===
I 03-17 20:47:50 utils.py:137] Job status: JobStatus.RUNNING
I 03-17 20:47:50 utils.py:140] ==================================
I 03-17 20:48:10 utils.py:131] === Checking the job status... ===
I 03-17 20:48:11 utils.py:137] Job status: JobStatus.RUNNING
I 03-17 20:48:11 utils.py:140] ==================================
I 03-17 20:48:31 utils.py:131] === Checking the job status... ===
I 03-17 20:48:31 utils.py:137] Job status: JobStatus.RUNNING
I 03-17 20:48:31 utils.py:140] ==================================
I 03-17 20:48:51 utils.py:131] === Checking the job status... ===
I 03-17 20:48:52 utils.py:137] Job status: JobStatus.RUNNING
I 03-17 20:48:52 utils.py:140] ==================================
I 03-17 20:49:12 utils.py:131] === Checking the job status... ===
I 03-17 20:49:13 utils.py:137] Job status: JobStatus.RUNNING
I 03-17 20:49:13 utils.py:140] ==================================
I 03-17 20:49:33 utils.py:131] === Checking the job status... ===
I 03-17 20:49:33 utils.py:137] Job status: JobStatus.RUNNING
I 03-17 20:49:33 utils.py:140] ==================================
I 03-17 20:49:54 utils.py:131] === Checking the job status... ===
I 03-17 20:49:54 utils.py:137] Job status: JobStatus.RUNNING
I 03-17 20:49:54 utils.py:140] ==================================
I 03-17 20:50:14 utils.py:131] === Checking the job status... ===
I 03-17 20:50:15 utils.py:137] Job status: JobStatus.RUNNING
I 03-17 20:50:15 utils.py:140] ==================================
I 03-17 20:50:35 utils.py:131] === Checking the job status... ===
I 03-17 20:50:36 utils.py:137] Job status: JobStatus.RUNNING
I 03-17 20:50:36 utils.py:140] ==================================
I 03-17 20:50:56 utils.py:131] === Checking the job status... ===
I 03-17 20:50:56 utils.py:137] Job status: JobStatus.RUNNING
I 03-17 20:50:56 utils.py:140] ==================================
I 03-17 20:51:17 utils.py:131] === Checking the job status... ===
I 03-17 20:51:17 utils.py:137] Job status: JobStatus.RUNNING
I 03-17 20:51:17 utils.py:140] ==================================
I 03-17 20:51:37 utils.py:131] === Checking the job status... ===
I 03-17 20:51:38 utils.py:137] Job status: JobStatus.RUNNING
I 03-17 20:51:38 utils.py:140] ==================================
I 03-17 20:51:58 utils.py:131] === Checking the job status... ===
I 03-17 20:51:59 utils.py:137] Job status: JobStatus.RUNNING
I 03-17 20:51:59 utils.py:140] ==================================
I 03-17 20:52:19 utils.py:131] === Checking the job status... ===
I 03-17 20:52:19 utils.py:137] Job status: JobStatus.RUNNING
I 03-17 20:52:19 utils.py:140] ==================================
I 03-17 20:52:40 utils.py:131] === Checking the job status... ===
I 03-17 20:52:40 utils.py:137] Job status: JobStatus.RUNNING
I 03-17 20:52:40 utils.py:140] ==================================
I 03-17 20:53:00 utils.py:131] === Checking the job status... ===
I 03-17 20:53:01 utils.py:137] Job status: JobStatus.RUNNING
I 03-17 20:53:01 utils.py:140] ==================================
