I 03-17 20:19:32 controller.py:59] DAG:
I 03-17 20:19:32 controller.py:59] [Task<name=compute-text-vectors>(run='# Initialize and dow...')
I 03-17 20:19:32 controller.py:59]   resources: AWS(cpus=4, {'L4': 1})]
I 03-17 20:19:32 controller.py:195] Submitted managed job 37 (task: 0, name: 'compute-text-vectors'); SKYPILOT_TASK_ID: sky-managed-2025-03-17-20-19-32-736679_compute-text-vectors_37-0
I 03-17 20:19:32 controller.py:199] Started monitoring.
I 03-17 20:19:32 state.py:451] Launching the spot cluster...
I 03-17 20:19:33 storage.py:1058] Storage type StoreType.S3 already exists.
<sky-payload>"<rich_init>[bold cyan]Optimizing[/]</rich_init>"</sky-payload>
<sky-payload>"<rich_update>[bold cyan]Optimizing[/]</rich_update>"</sky-payload>
<sky-payload>"<rich_start>[bold cyan]Optimizing[/]</rich_start>"</sky-payload>
I 03-17 20:19:33 optimizer.py:736] [1mTarget:[0m minimizing cost
I 03-17 20:19:33 optimizer.py:749] [1mEstimated cost: [0m$0.8 / hour
I 03-17 20:19:33 optimizer.py:749] 
I 03-17 20:19:33 optimizer.py:884] Considered resources (1 node):
I 03-17 20:19:33 optimizer.py:952] ----------------------------------------------------------------------------------------
I 03-17 20:19:33 optimizer.py:952]  CLOUD   INSTANCE    vCPUs   Mem(GB)   ACCELERATORS   REGION/ZONE   COST ($)   CHOSEN   
I 03-17 20:19:33 optimizer.py:952] ----------------------------------------------------------------------------------------
I 03-17 20:19:33 optimizer.py:952]  AWS     g6.xlarge   4       16        L4:1           us-east-1     0.80       [32m   ✔[0m     
I 03-17 20:19:33 optimizer.py:952] ----------------------------------------------------------------------------------------
<sky-payload>"<rich_exit></rich_exit>"</sky-payload>
<sky-payload>"<rich_init>[bold cyan]Launching[/]</rich_init>"</sky-payload>
<sky-payload>"<rich_update>[bold cyan]Launching[/]</rich_update>"</sky-payload>
<sky-payload>"<rich_start>[bold cyan]Launching[/]</rich_start>"</sky-payload>
<sky-payload>"<rich_update>[bold cyan]Launching[/]  \u001b[2mView logs: sky api logs -l sky-2025-03-17-20-19-33-369117/provision.log\u001b[0m</rich_update>"</sky-payload>
<sky-payload>"<rich_update>[bold cyan]Launching[/]  \u001b[2mView logs: sky api logs -l sky-2025-03-17-20-19-33-369117/provision.log\u001b[0m</rich_update>"</sky-payload>
I 03-17 20:19:33 cloud_vm_ray_backend.py:1520] [0m⚙︎ Launching on AWS us-east-1[0m (us-east-1a,us-east-1b,us-east-1c,us-east-1d).
[2mW 03-17 20:19:36 instance.py:243] create_instances: Attempt failed with An error occurred (VcpuLimitExceeded) when calling the RunInstances operation: You have requested more vCPU capacity than your current vCPU limit of 64 allows for the instance bucket that the specified instance type belongs to. Please visit http://aws.amazon.com/contact-us/ec2-request to request an adjustment to this limit.[0m
[2mW 03-17 20:19:37 instance.py:243] create_instances: Attempt failed with An error occurred (VcpuLimitExceeded) when calling the RunInstances operation: You have requested more vCPU capacity than your current vCPU limit of 64 allows for the instance bucket that the specified instance type belongs to. Please visit http://aws.amazon.com/contact-us/ec2-request to request an adjustment to this limit.[0m
[2mW 03-17 20:19:38 instance.py:243] create_instances: Attempt failed with An error occurred (VcpuLimitExceeded) when calling the RunInstances operation: You have requested more vCPU capacity than your current vCPU limit of 64 allows for the instance bucket that the specified instance type belongs to. Please visit http://aws.amazon.com/contact-us/ec2-request to request an adjustment to this limit.[0m
W 03-17 20:19:38 cloud_vm_ray_backend.py:2061] sky.exceptions.ResourcesUnavailableError: Failed to acquire resources in all zones in us-east-1 for {AWS(cpus=4, {'L4': 1})}. 
W 03-17 20:19:38 cloud_vm_ray_backend.py:2097] 
W 03-17 20:19:38 cloud_vm_ray_backend.py:2097] [0m[33m↺[0m Trying other potential resources.
<sky-payload>"<rich_update>[bold cyan]Looking for resources[/]  \u001b[2mView logs: sky api logs -l sky-2025-03-17-20-19-33-369117/provision.log\u001b[0m</rich_update>"</sky-payload>
<sky-payload>"<rich_update>[bold cyan]Optimizing[/]</rich_update>"</sky-payload>
<sky-payload>"<rich_start>[bold cyan]Launching[/]</rich_start>"</sky-payload>
I 03-17 20:19:39 optimizer.py:736] [1mTarget:[0m minimizing cost
I 03-17 20:19:39 optimizer.py:749] [1mEstimated cost: [0m$0.8 / hour
I 03-17 20:19:39 optimizer.py:749] 
I 03-17 20:19:39 optimizer.py:884] Considered resources (1 node):
I 03-17 20:19:39 optimizer.py:952] ----------------------------------------------------------------------------------------
I 03-17 20:19:39 optimizer.py:952]  CLOUD   INSTANCE    vCPUs   Mem(GB)   ACCELERATORS   REGION/ZONE   COST ($)   CHOSEN   
I 03-17 20:19:39 optimizer.py:952] ----------------------------------------------------------------------------------------
I 03-17 20:19:39 optimizer.py:952]  AWS     g6.xlarge   4       16        L4:1           us-east-2     0.80       [32m   ✔[0m     
I 03-17 20:19:39 optimizer.py:952] ----------------------------------------------------------------------------------------
<sky-payload>"<rich_update>[bold cyan]Looking for resources[/]  \u001b[2mView logs: sky api logs -l sky-2025-03-17-20-19-33-369117/provision.log\u001b[0m</rich_update>"</sky-payload>
<sky-payload>"<rich_update>[bold cyan]Launching[/]  \u001b[2mView logs: sky api logs -l sky-2025-03-17-20-19-33-369117/provision.log\u001b[0m</rich_update>"</sky-payload>
I 03-17 20:19:39 cloud_vm_ray_backend.py:1520] [0m⚙︎ Launching on AWS us-east-2[0m (us-east-2a,us-east-2b,us-east-2c).
<sky-payload>"<rich_update>[bold cyan]Launching - Checking instance status[/]  \u001b[2mView logs: sky api logs -l sky-2025-03-17-20-19-33-369117/provision.log\u001b[0m</rich_update>"</sky-payload>
<sky-payload>"<rich_update>[bold cyan]Launching - Waiting for SSH access[/]  \u001b[2mView logs: sky api logs -l sky-2025-03-17-20-19-33-369117/provision.log\u001b[0m</rich_update>"</sky-payload>
<sky-payload>"<rich_start>[bold cyan]Launching[/]</rich_start>"</sky-payload>
I 03-17 20:20:14 provisioner.py:451] [2m└── [0m[2mInstance is up.[0m
<sky-payload>"<rich_update>[bold cyan]Preparing SkyPilot runtime (1/3 - initializing)[/]  \u001b[2mView logs: sky api logs -l sky-2025-03-17-20-19-33-369117/provision.log\u001b[0m</rich_update>"</sky-payload>
<sky-payload>"<rich_update>[bold cyan]Preparing SkyPilot runtime (2/3 - dependencies)[/]  \u001b[2mView logs: sky api logs -l sky-2025-03-17-20-19-33-369117/provision.log\u001b[0m</rich_update>"</sky-payload>
<sky-payload>"<rich_update>[bold cyan]Preparing SkyPilot runtime (3/3 - runtime)[/]  \u001b[2mView logs: sky api logs -l sky-2025-03-17-20-19-33-369117/provision.log\u001b[0m</rich_update>"</sky-payload>
<sky-payload>"<rich_update>[bold cyan]Launching - Checking instance status[/]  \u001b[2mView logs: sky api logs -l sky-2025-03-17-20-19-33-369117/provision.log\u001b[0m</rich_update>"</sky-payload>
I 03-17 20:20:36 provisioner.py:632] [0m[32m✓ Cluster launched: compute-text-vectors-37.[0m  [2mView logs: sky api logs -l sky-2025-03-17-20-19-33-369117/provision.log[0m
<sky-payload>"<rich_exit></rich_exit>"</sky-payload>
I 03-17 20:20:36 execution.py:332] [0m⚙︎ Syncing files.
<sky-payload>"<rich_init>[bold cyan]Syncing files[/]</rich_init>"</sky-payload>
<sky-payload>"<rich_update>[bold cyan]Syncing files[/]</rich_update>"</sky-payload>
<sky-payload>"<rich_start>[bold cyan]Syncing files[/]</rich_start>"</sky-payload>
<sky-payload>"<rich_update>[bold cyan]Syncing file mounts[/]  \u001b[2mView logs: sky api logs -l sky-2025-03-17-20-19-33-369117/file_mounts.log\u001b[0m</rich_update>"</sky-payload>
I 03-17 20:20:36 backend_utils.py:1315]   [2mSyncing (to 1 node): s3://skypilot-filemounts-root-726f1974-6j5w2wqp/job-6j5w2wqp/workdir -> ~/sky_workdir[0m
I 03-17 20:20:38 cloud_vm_ray_backend.py:4801] [0m[32m✓ Synced file_mounts.[0m  [2mView logs: sky api logs -l sky-2025-03-17-20-19-33-369117/file_mounts.log[0m
<sky-payload>"<rich_update>[bold cyan]Mounting 1 storage[/]  \u001b[2mView logs: sky api logs -l sky-2025-03-17-20-19-33-369117/storage_mounts.log\u001b[0m</rich_update>"</sky-payload>
I 03-17 20:20:38 backend_utils.py:1315]   [2mMounting (to 1 node): s3://sky-text-embeddings-multi-cluster-final -> /output[0m
I 03-17 20:20:40 cloud_vm_ray_backend.py:4892] [0m[32m✓ Storage mounted.[0m  [2mView logs: sky api logs -l sky-2025-03-17-20-19-33-369117/storage_mounts.log[0m
<sky-payload>"<rich_exit></rich_exit>"</sky-payload>
<sky-payload>"<rich_init>[bold cyan]Running setup[/]</rich_init>"</sky-payload>
<sky-payload>"<rich_update>[bold cyan]Running setup[/]</rich_update>"</sky-payload>
<sky-payload>"<rich_start>[bold cyan]Running setup[/]</rich_start>"</sky-payload>
<sky-payload>"<rich_stop></rich_stop>"</sky-payload>
I 03-17 20:20:41 cloud_vm_ray_backend.py:3357] [0m[32m✓ Setup detached.[0m
<sky-payload>"<rich_exit></rich_exit>"</sky-payload>
<sky-payload>"<rich_init>[bold cyan]Submitting job[/]</rich_init>"</sky-payload>
<sky-payload>"<rich_update>[bold cyan]Submitting job[/]</rich_update>"</sky-payload>
<sky-payload>"<rich_start>[bold cyan]Submitting job[/]</rich_start>"</sky-payload>
I 03-17 20:20:42 cloud_vm_ray_backend.py:3460] [0m⚙︎ Job submitted, ID: 1
<sky-payload>"<rich_stop></rich_stop>"</sky-payload>
<sky-payload>"<rich_exit></rich_exit>"</sky-payload>

[?25hI 03-17 20:20:43 recovery_strategy.py:289] Managed job cluster launched.
I 03-17 20:20:46 utils.py:131] === Checking the job status... ===
I 03-17 20:20:46 utils.py:137] Job status: JobStatus.SETTING_UP
I 03-17 20:20:46 utils.py:140] ==================================
I 03-17 20:20:47 state.py:471] Job started.
I 03-17 20:21:07 utils.py:131] === Checking the job status... ===
I 03-17 20:21:08 utils.py:137] Job status: JobStatus.SETTING_UP
I 03-17 20:21:08 utils.py:140] ==================================
I 03-17 20:21:28 utils.py:131] === Checking the job status... ===
I 03-17 20:21:29 utils.py:137] Job status: JobStatus.SETTING_UP
I 03-17 20:21:29 utils.py:140] ==================================
I 03-17 20:21:49 utils.py:131] === Checking the job status... ===
I 03-17 20:21:49 utils.py:137] Job status: JobStatus.SETTING_UP
I 03-17 20:21:49 utils.py:140] ==================================
I 03-17 20:22:10 utils.py:131] === Checking the job status... ===
I 03-17 20:22:10 utils.py:137] Job status: JobStatus.SETTING_UP
I 03-17 20:22:10 utils.py:140] ==================================
I 03-17 20:22:30 utils.py:131] === Checking the job status... ===
I 03-17 20:22:31 utils.py:137] Job status: JobStatus.SETTING_UP
I 03-17 20:22:31 utils.py:140] ==================================
I 03-17 20:22:51 utils.py:131] === Checking the job status... ===
I 03-17 20:22:52 utils.py:137] Job status: JobStatus.SETTING_UP
I 03-17 20:22:52 utils.py:140] ==================================
I 03-17 20:23:12 utils.py:131] === Checking the job status... ===
I 03-17 20:23:12 utils.py:137] Job status: JobStatus.SETTING_UP
I 03-17 20:23:12 utils.py:140] ==================================
I 03-17 20:23:33 utils.py:131] === Checking the job status... ===
I 03-17 20:23:33 utils.py:137] Job status: JobStatus.SETTING_UP
I 03-17 20:23:33 utils.py:140] ==================================
I 03-17 20:23:53 utils.py:131] === Checking the job status... ===
I 03-17 20:23:54 utils.py:137] Job status: JobStatus.SETTING_UP
I 03-17 20:23:54 utils.py:140] ==================================
I 03-17 20:24:14 utils.py:131] === Checking the job status... ===
I 03-17 20:24:15 utils.py:137] Job status: JobStatus.SETTING_UP
I 03-17 20:24:15 utils.py:140] ==================================
I 03-17 20:24:35 utils.py:131] === Checking the job status... ===
I 03-17 20:24:35 utils.py:137] Job status: JobStatus.SETTING_UP
I 03-17 20:24:35 utils.py:140] ==================================
I 03-17 20:24:56 utils.py:131] === Checking the job status... ===
I 03-17 20:24:56 utils.py:137] Job status: JobStatus.RUNNING
I 03-17 20:24:56 utils.py:140] ==================================
I 03-17 20:25:16 utils.py:131] === Checking the job status... ===
I 03-17 20:25:17 utils.py:137] Job status: JobStatus.RUNNING
I 03-17 20:25:17 utils.py:140] ==================================
I 03-17 20:25:37 utils.py:131] === Checking the job status... ===
I 03-17 20:25:38 utils.py:137] Job status: JobStatus.RUNNING
I 03-17 20:25:38 utils.py:140] ==================================
I 03-17 20:25:58 utils.py:131] === Checking the job status... ===
I 03-17 20:25:59 utils.py:137] Job status: JobStatus.RUNNING
I 03-17 20:25:59 utils.py:140] ==================================
I 03-17 20:26:19 utils.py:131] === Checking the job status... ===
I 03-17 20:26:20 utils.py:137] Job status: JobStatus.RUNNING
I 03-17 20:26:20 utils.py:140] ==================================
I 03-17 20:26:40 utils.py:131] === Checking the job status... ===
I 03-17 20:26:41 utils.py:137] Job status: JobStatus.RUNNING
I 03-17 20:26:41 utils.py:140] ==================================
I 03-17 20:27:01 utils.py:131] === Checking the job status... ===
I 03-17 20:27:02 utils.py:137] Job status: JobStatus.RUNNING
I 03-17 20:27:02 utils.py:140] ==================================
I 03-17 20:27:22 utils.py:131] === Checking the job status... ===
I 03-17 20:27:22 utils.py:137] Job status: JobStatus.RUNNING
I 03-17 20:27:22 utils.py:140] ==================================
I 03-17 20:27:42 utils.py:131] === Checking the job status... ===
I 03-17 20:27:43 utils.py:137] Job status: JobStatus.RUNNING
I 03-17 20:27:43 utils.py:140] ==================================
I 03-17 20:28:03 utils.py:131] === Checking the job status... ===
I 03-17 20:28:04 utils.py:137] Job status: JobStatus.RUNNING
I 03-17 20:28:04 utils.py:140] ==================================
I 03-17 20:28:24 utils.py:131] === Checking the job status... ===
I 03-17 20:28:28 utils.py:137] Job status: JobStatus.RUNNING
I 03-17 20:28:28 utils.py:140] ==================================
I 03-17 20:28:48 utils.py:131] === Checking the job status... ===
I 03-17 20:28:51 utils.py:137] Job status: JobStatus.RUNNING
I 03-17 20:28:51 utils.py:140] ==================================
I 03-17 20:29:11 utils.py:131] === Checking the job status... ===
I 03-17 20:29:13 utils.py:137] Job status: JobStatus.RUNNING
I 03-17 20:29:13 utils.py:140] ==================================
I 03-17 20:29:33 utils.py:131] === Checking the job status... ===
I 03-17 20:29:34 utils.py:137] Job status: JobStatus.RUNNING
I 03-17 20:29:34 utils.py:140] ==================================
I 03-17 20:29:54 utils.py:131] === Checking the job status... ===
I 03-17 20:29:55 utils.py:137] Job status: JobStatus.RUNNING
I 03-17 20:29:55 utils.py:140] ==================================
I 03-17 20:30:15 utils.py:131] === Checking the job status... ===
I 03-17 20:30:16 utils.py:137] Job status: JobStatus.RUNNING
I 03-17 20:30:16 utils.py:140] ==================================
I 03-17 20:30:36 utils.py:131] === Checking the job status... ===
I 03-17 20:30:36 utils.py:137] Job status: JobStatus.RUNNING
I 03-17 20:30:36 utils.py:140] ==================================
I 03-17 20:30:56 utils.py:131] === Checking the job status... ===
I 03-17 20:30:57 utils.py:137] Job status: JobStatus.RUNNING
I 03-17 20:30:57 utils.py:140] ==================================
I 03-17 20:31:17 utils.py:131] === Checking the job status... ===
I 03-17 20:31:18 utils.py:137] Job status: JobStatus.RUNNING
I 03-17 20:31:18 utils.py:140] ==================================
I 03-17 20:31:38 utils.py:131] === Checking the job status... ===
I 03-17 20:31:39 utils.py:137] Job status: JobStatus.RUNNING
I 03-17 20:31:39 utils.py:140] ==================================
I 03-17 20:31:59 utils.py:131] === Checking the job status... ===
I 03-17 20:31:59 utils.py:137] Job status: JobStatus.RUNNING
I 03-17 20:31:59 utils.py:140] ==================================
I 03-17 20:32:20 utils.py:131] === Checking the job status... ===
I 03-17 20:32:20 utils.py:137] Job status: JobStatus.RUNNING
I 03-17 20:32:20 utils.py:140] ==================================
I 03-17 20:32:40 utils.py:131] === Checking the job status... ===
I 03-17 20:32:41 utils.py:137] Job status: JobStatus.RUNNING
I 03-17 20:32:41 utils.py:140] ==================================
I 03-17 20:33:01 utils.py:131] === Checking the job status... ===
I 03-17 20:33:02 utils.py:137] Job status: JobStatus.RUNNING
I 03-17 20:33:02 utils.py:140] ==================================
I 03-17 20:33:22 utils.py:131] === Checking the job status... ===
I 03-17 20:33:22 utils.py:137] Job status: JobStatus.RUNNING
I 03-17 20:33:22 utils.py:140] ==================================
I 03-17 20:33:43 utils.py:131] === Checking the job status... ===
I 03-17 20:33:43 utils.py:137] Job status: JobStatus.RUNNING
I 03-17 20:33:43 utils.py:140] ==================================
I 03-17 20:34:03 utils.py:131] === Checking the job status... ===
I 03-17 20:34:04 utils.py:137] Job status: JobStatus.RUNNING
I 03-17 20:34:04 utils.py:140] ==================================
I 03-17 20:34:24 utils.py:131] === Checking the job status... ===
I 03-17 20:34:25 utils.py:137] Job status: JobStatus.RUNNING
I 03-17 20:34:25 utils.py:140] ==================================
I 03-17 20:34:45 utils.py:131] === Checking the job status... ===
I 03-17 20:34:46 utils.py:137] Job status: JobStatus.RUNNING
I 03-17 20:34:46 utils.py:140] ==================================
I 03-17 20:35:06 utils.py:131] === Checking the job status... ===
I 03-17 20:35:06 utils.py:137] Job status: JobStatus.RUNNING
I 03-17 20:35:06 utils.py:140] ==================================
I 03-17 20:35:26 utils.py:131] === Checking the job status... ===
I 03-17 20:35:27 utils.py:137] Job status: JobStatus.RUNNING
I 03-17 20:35:27 utils.py:140] ==================================
I 03-17 20:35:47 utils.py:131] === Checking the job status... ===
I 03-17 20:35:48 utils.py:137] Job status: JobStatus.RUNNING
I 03-17 20:35:48 utils.py:140] ==================================
I 03-17 20:36:08 utils.py:131] === Checking the job status... ===
I 03-17 20:36:08 utils.py:137] Job status: JobStatus.RUNNING
I 03-17 20:36:08 utils.py:140] ==================================
I 03-17 20:36:29 utils.py:131] === Checking the job status... ===
I 03-17 20:36:29 utils.py:137] Job status: JobStatus.RUNNING
I 03-17 20:36:29 utils.py:140] ==================================
I 03-17 20:36:49 utils.py:131] === Checking the job status... ===
I 03-17 20:36:50 utils.py:137] Job status: JobStatus.RUNNING
I 03-17 20:36:50 utils.py:140] ==================================
I 03-17 20:37:10 utils.py:131] === Checking the job status... ===
I 03-17 20:37:11 utils.py:137] Job status: JobStatus.RUNNING
I 03-17 20:37:11 utils.py:140] ==================================
I 03-17 20:37:31 utils.py:131] === Checking the job status... ===
I 03-17 20:37:32 utils.py:137] Job status: JobStatus.RUNNING
I 03-17 20:37:32 utils.py:140] ==================================
I 03-17 20:37:52 utils.py:131] === Checking the job status... ===
I 03-17 20:37:52 utils.py:137] Job status: JobStatus.RUNNING
I 03-17 20:37:52 utils.py:140] ==================================
I 03-17 20:38:12 utils.py:131] === Checking the job status... ===
I 03-17 20:38:13 utils.py:137] Job status: JobStatus.RUNNING
I 03-17 20:38:13 utils.py:140] ==================================
I 03-17 20:38:33 utils.py:131] === Checking the job status... ===
I 03-17 20:38:34 utils.py:137] Job status: JobStatus.RUNNING
I 03-17 20:38:34 utils.py:140] ==================================
I 03-17 20:38:54 utils.py:131] === Checking the job status... ===
I 03-17 20:38:55 utils.py:137] Job status: JobStatus.RUNNING
I 03-17 20:38:55 utils.py:140] ==================================
I 03-17 20:39:15 utils.py:131] === Checking the job status... ===
I 03-17 20:39:15 utils.py:137] Job status: JobStatus.RUNNING
I 03-17 20:39:15 utils.py:140] ==================================
I 03-17 20:39:35 utils.py:131] === Checking the job status... ===
I 03-17 20:39:36 utils.py:137] Job status: JobStatus.RUNNING
I 03-17 20:39:36 utils.py:140] ==================================
I 03-17 20:39:56 utils.py:131] === Checking the job status... ===
I 03-17 20:39:57 utils.py:137] Job status: JobStatus.RUNNING
I 03-17 20:39:57 utils.py:140] ==================================
I 03-17 20:40:17 utils.py:131] === Checking the job status... ===
I 03-17 20:40:17 utils.py:137] Job status: JobStatus.RUNNING
I 03-17 20:40:17 utils.py:140] ==================================
I 03-17 20:40:38 utils.py:131] === Checking the job status... ===
I 03-17 20:40:38 utils.py:137] Job status: JobStatus.RUNNING
I 03-17 20:40:38 utils.py:140] ==================================
I 03-17 20:40:58 utils.py:131] === Checking the job status... ===
I 03-17 20:40:59 utils.py:137] Job status: JobStatus.RUNNING
I 03-17 20:40:59 utils.py:140] ==================================
I 03-17 20:41:19 utils.py:131] === Checking the job status... ===
I 03-17 20:41:20 utils.py:137] Job status: JobStatus.RUNNING
I 03-17 20:41:20 utils.py:140] ==================================
I 03-17 20:41:40 utils.py:131] === Checking the job status... ===
I 03-17 20:41:40 utils.py:137] Job status: JobStatus.RUNNING
I 03-17 20:41:40 utils.py:140] ==================================
I 03-17 20:42:00 utils.py:131] === Checking the job status... ===
I 03-17 20:42:01 utils.py:137] Job status: JobStatus.RUNNING
I 03-17 20:42:01 utils.py:140] ==================================
I 03-17 20:42:21 utils.py:131] === Checking the job status... ===
I 03-17 20:42:22 utils.py:137] Job status: JobStatus.RUNNING
I 03-17 20:42:22 utils.py:140] ==================================
I 03-17 20:42:42 utils.py:131] === Checking the job status... ===
I 03-17 20:42:43 utils.py:137] Job status: JobStatus.RUNNING
I 03-17 20:42:43 utils.py:140] ==================================
I 03-17 20:43:03 utils.py:131] === Checking the job status... ===
I 03-17 20:43:03 utils.py:137] Job status: JobStatus.RUNNING
I 03-17 20:43:03 utils.py:140] ==================================
I 03-17 20:43:23 utils.py:131] === Checking the job status... ===
I 03-17 20:43:24 utils.py:137] Job status: JobStatus.RUNNING
I 03-17 20:43:24 utils.py:140] ==================================
I 03-17 20:43:44 utils.py:131] === Checking the job status... ===
I 03-17 20:43:45 utils.py:137] Job status: JobStatus.RUNNING
I 03-17 20:43:45 utils.py:140] ==================================
I 03-17 20:44:05 utils.py:131] === Checking the job status... ===
I 03-17 20:44:06 utils.py:137] Job status: JobStatus.RUNNING
I 03-17 20:44:06 utils.py:140] ==================================
I 03-17 20:44:26 utils.py:131] === Checking the job status... ===
I 03-17 20:44:26 utils.py:137] Job status: JobStatus.RUNNING
I 03-17 20:44:26 utils.py:140] ==================================
I 03-17 20:44:46 utils.py:131] === Checking the job status... ===
I 03-17 20:44:47 utils.py:137] Job status: JobStatus.RUNNING
I 03-17 20:44:47 utils.py:140] ==================================
I 03-17 20:45:07 utils.py:131] === Checking the job status... ===
I 03-17 20:45:08 utils.py:137] Job status: JobStatus.RUNNING
I 03-17 20:45:08 utils.py:140] ==================================
I 03-17 20:45:28 utils.py:131] === Checking the job status... ===
I 03-17 20:45:29 utils.py:137] Job status: JobStatus.RUNNING
I 03-17 20:45:29 utils.py:140] ==================================
I 03-17 20:45:49 utils.py:131] === Checking the job status... ===
I 03-17 20:45:49 utils.py:137] Job status: JobStatus.RUNNING
I 03-17 20:45:49 utils.py:140] ==================================
I 03-17 20:46:10 utils.py:131] === Checking the job status... ===
I 03-17 20:46:10 utils.py:137] Job status: JobStatus.RUNNING
I 03-17 20:46:10 utils.py:140] ==================================
I 03-17 20:46:30 utils.py:131] === Checking the job status... ===
I 03-17 20:46:31 utils.py:137] Job status: JobStatus.RUNNING
I 03-17 20:46:31 utils.py:140] ==================================
I 03-17 20:46:51 utils.py:131] === Checking the job status... ===
I 03-17 20:46:52 utils.py:137] Job status: JobStatus.RUNNING
I 03-17 20:46:52 utils.py:140] ==================================
I 03-17 20:47:12 utils.py:131] === Checking the job status... ===
I 03-17 20:47:13 utils.py:137] Job status: JobStatus.RUNNING
I 03-17 20:47:13 utils.py:140] ==================================
I 03-17 20:47:33 utils.py:131] === Checking the job status... ===
I 03-17 20:47:33 utils.py:137] Job status: JobStatus.RUNNING
I 03-17 20:47:33 utils.py:140] ==================================
I 03-17 20:47:53 utils.py:131] === Checking the job status... ===
I 03-17 20:47:54 utils.py:137] Job status: JobStatus.RUNNING
I 03-17 20:47:54 utils.py:140] ==================================
I 03-17 20:48:14 utils.py:131] === Checking the job status... ===
I 03-17 20:48:15 utils.py:137] Job status: JobStatus.RUNNING
I 03-17 20:48:15 utils.py:140] ==================================
I 03-17 20:48:35 utils.py:131] === Checking the job status... ===
I 03-17 20:48:36 utils.py:137] Job status: JobStatus.RUNNING
I 03-17 20:48:36 utils.py:140] ==================================
I 03-17 20:48:56 utils.py:131] === Checking the job status... ===
I 03-17 20:48:56 utils.py:137] Job status: JobStatus.RUNNING
I 03-17 20:48:56 utils.py:140] ==================================
I 03-17 20:49:16 utils.py:131] === Checking the job status... ===
I 03-17 20:49:17 utils.py:137] Job status: JobStatus.RUNNING
I 03-17 20:49:17 utils.py:140] ==================================
I 03-17 20:49:37 utils.py:131] === Checking the job status... ===
I 03-17 20:49:38 utils.py:137] Job status: JobStatus.RUNNING
I 03-17 20:49:38 utils.py:140] ==================================
I 03-17 20:49:58 utils.py:131] === Checking the job status... ===
I 03-17 20:49:59 utils.py:137] Job status: JobStatus.RUNNING
I 03-17 20:49:59 utils.py:140] ==================================
I 03-17 20:50:19 utils.py:131] === Checking the job status... ===
I 03-17 20:50:19 utils.py:137] Job status: JobStatus.RUNNING
I 03-17 20:50:19 utils.py:140] ==================================
I 03-17 20:50:39 utils.py:131] === Checking the job status... ===
I 03-17 20:50:40 utils.py:137] Job status: JobStatus.RUNNING
I 03-17 20:50:40 utils.py:140] ==================================
I 03-17 20:51:00 utils.py:131] === Checking the job status... ===
I 03-17 20:51:01 utils.py:137] Job status: JobStatus.RUNNING
I 03-17 20:51:01 utils.py:140] ==================================
I 03-17 20:51:21 utils.py:131] === Checking the job status... ===
I 03-17 20:51:22 utils.py:137] Job status: JobStatus.RUNNING
I 03-17 20:51:22 utils.py:140] ==================================
I 03-17 20:51:42 utils.py:131] === Checking the job status... ===
I 03-17 20:51:42 utils.py:137] Job status: JobStatus.RUNNING
I 03-17 20:51:42 utils.py:140] ==================================
I 03-17 20:52:03 utils.py:131] === Checking the job status... ===
I 03-17 20:52:03 utils.py:137] Job status: JobStatus.RUNNING
I 03-17 20:52:03 utils.py:140] ==================================
I 03-17 20:52:23 utils.py:131] === Checking the job status... ===
I 03-17 20:52:24 utils.py:137] Job status: JobStatus.RUNNING
I 03-17 20:52:24 utils.py:140] ==================================
I 03-17 20:52:44 utils.py:131] === Checking the job status... ===
I 03-17 20:52:45 utils.py:137] Job status: JobStatus.RUNNING
I 03-17 20:52:45 utils.py:140] ==================================
