I 03-17 20:27:58 controller.py:59] DAG:
I 03-17 20:27:58 controller.py:59] [Task<name=compute-text-vectors>(run='# Initialize and dow...')
I 03-17 20:27:58 controller.py:59]   resources: AWS(cpus=4, {'L4': 1})]
I 03-17 20:27:58 controller.py:195] Submitted managed job 394 (task: 0, name: 'compute-text-vectors'); SKYPILOT_TASK_ID: sky-managed-2025-03-17-20-27-58-003392_compute-text-vectors_394-0
I 03-17 20:27:58 controller.py:199] Started monitoring.
I 03-17 20:27:58 state.py:451] Launching the spot cluster...
I 03-17 20:27:58 storage.py:1058] Storage type StoreType.S3 already exists.
<sky-payload>"<rich_init>[bold cyan]Optimizing[/]</rich_init>"</sky-payload>
<sky-payload>"<rich_update>[bold cyan]Optimizing[/]</rich_update>"</sky-payload>
<sky-payload>"<rich_start>[bold cyan]Optimizing[/]</rich_start>"</sky-payload>
I 03-17 20:27:59 optimizer.py:736] [1mTarget:[0m minimizing cost
I 03-17 20:27:59 optimizer.py:749] [1mEstimated cost: [0m$0.8 / hour
I 03-17 20:27:59 optimizer.py:749] 
I 03-17 20:27:59 optimizer.py:884] Considered resources (1 node):
I 03-17 20:27:59 optimizer.py:952] ----------------------------------------------------------------------------------------
I 03-17 20:27:59 optimizer.py:952]  CLOUD   INSTANCE    vCPUs   Mem(GB)   ACCELERATORS   REGION/ZONE   COST ($)   CHOSEN   
I 03-17 20:27:59 optimizer.py:952] ----------------------------------------------------------------------------------------
I 03-17 20:27:59 optimizer.py:952]  AWS     g6.xlarge   4       16        L4:1           us-east-1     0.80       [32m   ✔[0m     
I 03-17 20:27:59 optimizer.py:952] ----------------------------------------------------------------------------------------
<sky-payload>"<rich_exit></rich_exit>"</sky-payload>
<sky-payload>"<rich_init>[bold cyan]Launching[/]</rich_init>"</sky-payload>
<sky-payload>"<rich_update>[bold cyan]Launching[/]</rich_update>"</sky-payload>
<sky-payload>"<rich_start>[bold cyan]Launching[/]</rich_start>"</sky-payload>
<sky-payload>"<rich_update>[bold cyan]Launching[/]  \u001b[2mView logs: sky api logs -l sky-2025-03-17-20-27-58-598136/provision.log\u001b[0m</rich_update>"</sky-payload>
<sky-payload>"<rich_update>[bold cyan]Launching[/]  \u001b[2mView logs: sky api logs -l sky-2025-03-17-20-27-58-598136/provision.log\u001b[0m</rich_update>"</sky-payload>
I 03-17 20:27:59 cloud_vm_ray_backend.py:1520] [0m⚙︎ Launching on AWS us-east-1[0m (us-east-1a,us-east-1b,us-east-1c,us-east-1d).
[2mW 03-17 20:28:01 instance.py:243] create_instances: Attempt failed with An error occurred (VcpuLimitExceeded) when calling the RunInstances operation: You have requested more vCPU capacity than your current vCPU limit of 64 allows for the instance bucket that the specified instance type belongs to. Please visit http://aws.amazon.com/contact-us/ec2-request to request an adjustment to this limit.[0m
[2mW 03-17 20:28:11 instance.py:243] create_instances: Attempt failed with An error occurred (VcpuLimitExceeded) when calling the RunInstances operation: You have requested more vCPU capacity than your current vCPU limit of 64 allows for the instance bucket that the specified instance type belongs to. Please visit http://aws.amazon.com/contact-us/ec2-request to request an adjustment to this limit.[0m
[2mW 03-17 20:28:12 instance.py:243] create_instances: Attempt failed with An error occurred (VcpuLimitExceeded) when calling the RunInstances operation: You have requested more vCPU capacity than your current vCPU limit of 64 allows for the instance bucket that the specified instance type belongs to. Please visit http://aws.amazon.com/contact-us/ec2-request to request an adjustment to this limit.[0m
W 03-17 20:28:12 cloud_vm_ray_backend.py:2061] sky.exceptions.ResourcesUnavailableError: Failed to acquire resources in all zones in us-east-1 for {AWS(cpus=4, {'L4': 1})}. 
W 03-17 20:28:12 cloud_vm_ray_backend.py:2097] 
W 03-17 20:28:12 cloud_vm_ray_backend.py:2097] [0m[33m↺[0m Trying other potential resources.
<sky-payload>"<rich_update>[bold cyan]Looking for resources[/]  \u001b[2mView logs: sky api logs -l sky-2025-03-17-20-27-58-598136/provision.log\u001b[0m</rich_update>"</sky-payload>
<sky-payload>"<rich_update>[bold cyan]Optimizing[/]</rich_update>"</sky-payload>
<sky-payload>"<rich_start>[bold cyan]Launching[/]</rich_start>"</sky-payload>
I 03-17 20:28:12 optimizer.py:736] [1mTarget:[0m minimizing cost
I 03-17 20:28:12 optimizer.py:749] [1mEstimated cost: [0m$0.8 / hour
I 03-17 20:28:12 optimizer.py:749] 
I 03-17 20:28:12 optimizer.py:884] Considered resources (1 node):
I 03-17 20:28:12 optimizer.py:952] ----------------------------------------------------------------------------------------
I 03-17 20:28:12 optimizer.py:952]  CLOUD   INSTANCE    vCPUs   Mem(GB)   ACCELERATORS   REGION/ZONE   COST ($)   CHOSEN   
I 03-17 20:28:12 optimizer.py:952] ----------------------------------------------------------------------------------------
I 03-17 20:28:12 optimizer.py:952]  AWS     g6.xlarge   4       16        L4:1           us-east-2     0.80       [32m   ✔[0m     
I 03-17 20:28:12 optimizer.py:952] ----------------------------------------------------------------------------------------
<sky-payload>"<rich_update>[bold cyan]Looking for resources[/]  \u001b[2mView logs: sky api logs -l sky-2025-03-17-20-27-58-598136/provision.log\u001b[0m</rich_update>"</sky-payload>
<sky-payload>"<rich_update>[bold cyan]Launching[/]  \u001b[2mView logs: sky api logs -l sky-2025-03-17-20-27-58-598136/provision.log\u001b[0m</rich_update>"</sky-payload>
I 03-17 20:28:12 cloud_vm_ray_backend.py:1520] [0m⚙︎ Launching on AWS us-east-2[0m (us-east-2a,us-east-2b,us-east-2c).
[2mW 03-17 20:28:15 instance.py:243] create_instances: Attempt failed with An error occurred (VcpuLimitExceeded) when calling the RunInstances operation: You have requested more vCPU capacity than your current vCPU limit of 128 allows for the instance bucket that the specified instance type belongs to. Please visit http://aws.amazon.com/contact-us/ec2-request to request an adjustment to this limit.[0m
[2mW 03-17 20:28:16 instance.py:243] create_instances: Attempt failed with An error occurred (VcpuLimitExceeded) when calling the RunInstances operation: You have requested more vCPU capacity than your current vCPU limit of 128 allows for the instance bucket that the specified instance type belongs to. Please visit http://aws.amazon.com/contact-us/ec2-request to request an adjustment to this limit.[0m
[2mW 03-17 20:28:17 instance.py:243] create_instances: Attempt failed with An error occurred (VcpuLimitExceeded) when calling the RunInstances operation: You have requested more vCPU capacity than your current vCPU limit of 128 allows for the instance bucket that the specified instance type belongs to. Please visit http://aws.amazon.com/contact-us/ec2-request to request an adjustment to this limit.[0m
W 03-17 20:28:18 cloud_vm_ray_backend.py:2061] sky.exceptions.ResourcesUnavailableError: Failed to acquire resources in all zones in us-east-2 for {AWS(cpus=4, {'L4': 1})}. 
W 03-17 20:28:18 cloud_vm_ray_backend.py:2097] 
W 03-17 20:28:18 cloud_vm_ray_backend.py:2097] [0m[33m↺[0m Trying other potential resources.
<sky-payload>"<rich_update>[bold cyan]Looking for resources[/]  \u001b[2mView logs: sky api logs -l sky-2025-03-17-20-27-58-598136/provision.log\u001b[0m</rich_update>"</sky-payload>
<sky-payload>"<rich_update>[bold cyan]Optimizing[/]</rich_update>"</sky-payload>
<sky-payload>"<rich_start>[bold cyan]Launching[/]</rich_start>"</sky-payload>
I 03-17 20:28:18 optimizer.py:736] [1mTarget:[0m minimizing cost
I 03-17 20:28:18 optimizer.py:749] [1mEstimated cost: [0m$0.8 / hour
I 03-17 20:28:18 optimizer.py:749] 
I 03-17 20:28:18 optimizer.py:884] Considered resources (1 node):
I 03-17 20:28:18 optimizer.py:952] ----------------------------------------------------------------------------------------
I 03-17 20:28:18 optimizer.py:952]  CLOUD   INSTANCE    vCPUs   Mem(GB)   ACCELERATORS   REGION/ZONE   COST ($)   CHOSEN   
I 03-17 20:28:18 optimizer.py:952] ----------------------------------------------------------------------------------------
I 03-17 20:28:18 optimizer.py:952]  AWS     g6.xlarge   4       16        L4:1           us-west-2     0.80       [32m   ✔[0m     
I 03-17 20:28:18 optimizer.py:952] ----------------------------------------------------------------------------------------
<sky-payload>"<rich_update>[bold cyan]Looking for resources[/]  \u001b[2mView logs: sky api logs -l sky-2025-03-17-20-27-58-598136/provision.log\u001b[0m</rich_update>"</sky-payload>
<sky-payload>"<rich_update>[bold cyan]Launching[/]  \u001b[2mView logs: sky api logs -l sky-2025-03-17-20-27-58-598136/provision.log\u001b[0m</rich_update>"</sky-payload>
I 03-17 20:28:18 cloud_vm_ray_backend.py:1520] [0m⚙︎ Launching on AWS us-west-2[0m (us-west-2a,us-west-2b,us-west-2c,us-west-2d).
[2mW 03-17 20:28:28 instance.py:243] create_instances: Attempt failed with An error occurred (VcpuLimitExceeded) when calling the RunInstances operation: You have requested more vCPU capacity than your current vCPU limit of 64 allows for the instance bucket that the specified instance type belongs to. Please visit http://aws.amazon.com/contact-us/ec2-request to request an adjustment to this limit.[0m
[2mW 03-17 20:29:21 instance.py:243] create_instances: Attempt failed with An error occurred (VcpuLimitExceeded) when calling the RunInstances operation: You have requested more vCPU capacity than your current vCPU limit of 64 allows for the instance bucket that the specified instance type belongs to. Please visit http://aws.amazon.com/contact-us/ec2-request to request an adjustment to this limit.[0m
[2mW 03-17 20:29:38 instance.py:243] create_instances: Attempt failed with An error occurred (VcpuLimitExceeded) when calling the RunInstances operation: You have requested more vCPU capacity than your current vCPU limit of 64 allows for the instance bucket that the specified instance type belongs to. Please visit http://aws.amazon.com/contact-us/ec2-request to request an adjustment to this limit.[0m
[2mW 03-17 20:29:43 instance.py:243] create_instances: Attempt failed with An error occurred (VcpuLimitExceeded) when calling the RunInstances operation: You have requested more vCPU capacity than your current vCPU limit of 64 allows for the instance bucket that the specified instance type belongs to. Please visit http://aws.amazon.com/contact-us/ec2-request to request an adjustment to this limit.[0m
W 03-17 20:29:44 cloud_vm_ray_backend.py:2061] sky.exceptions.ResourcesUnavailableError: Failed to acquire resources in all zones in us-west-2 for {AWS(cpus=4, {'L4': 1})}. 
W 03-17 20:29:44 cloud_vm_ray_backend.py:2097] 
W 03-17 20:29:44 cloud_vm_ray_backend.py:2097] [0m[33m↺[0m Trying other potential resources.
<sky-payload>"<rich_update>[bold cyan]Looking for resources[/]  \u001b[2mView logs: sky api logs -l sky-2025-03-17-20-27-58-598136/provision.log\u001b[0m</rich_update>"</sky-payload>
<sky-payload>"<rich_update>[bold cyan]Optimizing[/]</rich_update>"</sky-payload>
<sky-payload>"<rich_start>[bold cyan]Launching[/]</rich_start>"</sky-payload>
I 03-17 20:29:44 optimizer.py:736] [1mTarget:[0m minimizing cost
I 03-17 20:29:44 optimizer.py:749] [1mEstimated cost: [0m$0.9 / hour
I 03-17 20:29:44 optimizer.py:749] 
I 03-17 20:29:44 optimizer.py:884] Considered resources (1 node):
I 03-17 20:29:44 optimizer.py:952] ----------------------------------------------------------------------------------------
I 03-17 20:29:44 optimizer.py:952]  CLOUD   INSTANCE    vCPUs   Mem(GB)   ACCELERATORS   REGION/ZONE   COST ($)   CHOSEN   
I 03-17 20:29:44 optimizer.py:952] ----------------------------------------------------------------------------------------
I 03-17 20:29:44 optimizer.py:952]  AWS     g6.xlarge   4       16        L4:1           eu-north-1    0.85       [32m   ✔[0m     
I 03-17 20:29:44 optimizer.py:952] ----------------------------------------------------------------------------------------
<sky-payload>"<rich_update>[bold cyan]Looking for resources[/]  \u001b[2mView logs: sky api logs -l sky-2025-03-17-20-27-58-598136/provision.log\u001b[0m</rich_update>"</sky-payload>
<sky-payload>"<rich_update>[bold cyan]Launching[/]  \u001b[2mView logs: sky api logs -l sky-2025-03-17-20-27-58-598136/provision.log\u001b[0m</rich_update>"</sky-payload>
I 03-17 20:29:44 cloud_vm_ray_backend.py:1520] [0m⚙︎ Launching on AWS eu-north-1[0m (eu-north-1a,eu-north-1b).
[2mW 03-17 20:29:58 instance.py:243] create_instances: Attempt failed with An error occurred (VcpuLimitExceeded) when calling the RunInstances operation: You have requested more vCPU capacity than your current vCPU limit of 64 allows for the instance bucket that the specified instance type belongs to. Please visit http://aws.amazon.com/contact-us/ec2-request to request an adjustment to this limit.[0m
[2mW 03-17 20:30:06 instance.py:243] create_instances: Attempt failed with An error occurred (VcpuLimitExceeded) when calling the RunInstances operation: You have requested more vCPU capacity than your current vCPU limit of 64 allows for the instance bucket that the specified instance type belongs to. Please visit http://aws.amazon.com/contact-us/ec2-request to request an adjustment to this limit.[0m
W 03-17 20:30:07 cloud_vm_ray_backend.py:2061] sky.exceptions.ResourcesUnavailableError: Failed to acquire resources in all zones in eu-north-1 for {AWS(cpus=4, {'L4': 1})}. 
W 03-17 20:30:07 cloud_vm_ray_backend.py:2097] 
W 03-17 20:30:07 cloud_vm_ray_backend.py:2097] [0m[33m↺[0m Trying other potential resources.
<sky-payload>"<rich_update>[bold cyan]Looking for resources[/]  \u001b[2mView logs: sky api logs -l sky-2025-03-17-20-27-58-598136/provision.log\u001b[0m</rich_update>"</sky-payload>
<sky-payload>"<rich_update>[bold cyan]Optimizing[/]</rich_update>"</sky-payload>
<sky-payload>"<rich_start>[bold cyan]Launching[/]</rich_start>"</sky-payload>
I 03-17 20:30:07 optimizer.py:736] [1mTarget:[0m minimizing cost
I 03-17 20:30:07 optimizer.py:749] [1mEstimated cost: [0m$0.9 / hour
I 03-17 20:30:07 optimizer.py:749] 
I 03-17 20:30:07 optimizer.py:884] Considered resources (1 node):
I 03-17 20:30:07 optimizer.py:952] -----------------------------------------------------------------------------------------
I 03-17 20:30:07 optimizer.py:952]  CLOUD   INSTANCE    vCPUs   Mem(GB)   ACCELERATORS   REGION/ZONE    COST ($)   CHOSEN   
I 03-17 20:30:07 optimizer.py:952] -----------------------------------------------------------------------------------------
I 03-17 20:30:07 optimizer.py:952]  AWS     g6.xlarge   4       16        L4:1           ca-central-1   0.89       [32m   ✔[0m     
I 03-17 20:30:07 optimizer.py:952] -----------------------------------------------------------------------------------------
<sky-payload>"<rich_update>[bold cyan]Looking for resources[/]  \u001b[2mView logs: sky api logs -l sky-2025-03-17-20-27-58-598136/provision.log\u001b[0m</rich_update>"</sky-payload>
<sky-payload>"<rich_update>[bold cyan]Launching[/]  \u001b[2mView logs: sky api logs -l sky-2025-03-17-20-27-58-598136/provision.log\u001b[0m</rich_update>"</sky-payload>
I 03-17 20:30:07 cloud_vm_ray_backend.py:1520] [0m⚙︎ Launching on AWS ca-central-1[0m (ca-central-1a,ca-central-1b).
[2mW 03-17 20:30:09 instance.py:243] create_instances: Attempt failed with An error occurred (VcpuLimitExceeded) when calling the RunInstances operation: You have requested more vCPU capacity than your current vCPU limit of 64 allows for the instance bucket that the specified instance type belongs to. Please visit http://aws.amazon.com/contact-us/ec2-request to request an adjustment to this limit.[0m
[2mW 03-17 20:30:11 instance.py:243] create_instances: Attempt failed with An error occurred (VcpuLimitExceeded) when calling the RunInstances operation: You have requested more vCPU capacity than your current vCPU limit of 64 allows for the instance bucket that the specified instance type belongs to. Please visit http://aws.amazon.com/contact-us/ec2-request to request an adjustment to this limit.[0m
W 03-17 20:30:11 cloud_vm_ray_backend.py:2061] sky.exceptions.ResourcesUnavailableError: Failed to acquire resources in all zones in ca-central-1 for {AWS(cpus=4, {'L4': 1})}. 
W 03-17 20:30:11 cloud_vm_ray_backend.py:2097] 
W 03-17 20:30:11 cloud_vm_ray_backend.py:2097] [0m[33m↺[0m Trying other potential resources.
<sky-payload>"<rich_update>[bold cyan]Looking for resources[/]  \u001b[2mView logs: sky api logs -l sky-2025-03-17-20-27-58-598136/provision.log\u001b[0m</rich_update>"</sky-payload>
<sky-payload>"<rich_update>[bold cyan]Optimizing[/]</rich_update>"</sky-payload>
<sky-payload>"<rich_start>[bold cyan]Launching[/]</rich_start>"</sky-payload>
I 03-17 20:30:11 optimizer.py:736] [1mTarget:[0m minimizing cost
I 03-17 20:30:11 optimizer.py:749] [1mEstimated cost: [0m$1.0 / hour
I 03-17 20:30:11 optimizer.py:749] 
I 03-17 20:30:11 optimizer.py:884] Considered resources (1 node):
I 03-17 20:30:11 optimizer.py:952] ----------------------------------------------------------------------------------------
I 03-17 20:30:11 optimizer.py:952]  CLOUD   INSTANCE    vCPUs   Mem(GB)   ACCELERATORS   REGION/ZONE   COST ($)   CHOSEN   
I 03-17 20:30:11 optimizer.py:952] ----------------------------------------------------------------------------------------
I 03-17 20:30:11 optimizer.py:952]  AWS     g6.xlarge   4       16        L4:1           ap-south-1    0.97       [32m   ✔[0m     
I 03-17 20:30:11 optimizer.py:952] ----------------------------------------------------------------------------------------
<sky-payload>"<rich_update>[bold cyan]Looking for resources[/]  \u001b[2mView logs: sky api logs -l sky-2025-03-17-20-27-58-598136/provision.log\u001b[0m</rich_update>"</sky-payload>
<sky-payload>"<rich_update>[bold cyan]Launching[/]  \u001b[2mView logs: sky api logs -l sky-2025-03-17-20-27-58-598136/provision.log\u001b[0m</rich_update>"</sky-payload>
I 03-17 20:30:12 cloud_vm_ray_backend.py:1520] [0m⚙︎ Launching on AWS ap-south-1[0m (ap-south-1a,ap-south-1b).
[2mW 03-17 20:30:20 instance.py:243] create_instances: Attempt failed with An error occurred (InsufficientInstanceCapacity) when calling the RunInstances operation (reached max retries: 0): We currently do not have sufficient g6.xlarge capacity in the Availability Zone you requested (ap-south-1a). Our system will be working on provisioning additional capacity. You can currently get g6.xlarge capacity by not specifying an Availability Zone in your request or choosing ap-south-1b.[0m
[2mW 03-17 20:30:23 instance.py:243] create_instances: Attempt failed with An error occurred (InsufficientInstanceCapacity) when calling the RunInstances operation (reached max retries: 0): We currently do not have sufficient g6.xlarge capacity in the Availability Zone you requested (ap-south-1b). Our system will be working on provisioning additional capacity. You can currently get g6.xlarge capacity by not specifying an Availability Zone in your request or choosing ap-south-1a.[0m
W 03-17 20:30:25 cloud_vm_ray_backend.py:2061] sky.exceptions.ResourcesUnavailableError: Failed to acquire resources in all zones in ap-south-1 for {AWS(cpus=4, {'L4': 1})}. 
W 03-17 20:30:25 cloud_vm_ray_backend.py:2097] 
W 03-17 20:30:25 cloud_vm_ray_backend.py:2097] [0m[33m↺[0m Trying other potential resources.
<sky-payload>"<rich_update>[bold cyan]Looking for resources[/]  \u001b[2mView logs: sky api logs -l sky-2025-03-17-20-27-58-598136/provision.log\u001b[0m</rich_update>"</sky-payload>
<sky-payload>"<rich_update>[bold cyan]Optimizing[/]</rich_update>"</sky-payload>
<sky-payload>"<rich_start>[bold cyan]Launching[/]</rich_start>"</sky-payload>
I 03-17 20:30:25 optimizer.py:736] [1mTarget:[0m minimizing cost
I 03-17 20:30:25 optimizer.py:749] [1mEstimated cost: [0m$1.0 / hour
I 03-17 20:30:25 optimizer.py:749] 
I 03-17 20:30:25 optimizer.py:884] Considered resources (1 node):
I 03-17 20:30:25 optimizer.py:952] -------------------------------------------------------------------------------------------
I 03-17 20:30:25 optimizer.py:952]  CLOUD   INSTANCE    vCPUs   Mem(GB)   ACCELERATORS   REGION/ZONE      COST ($)   CHOSEN   
I 03-17 20:30:25 optimizer.py:952] -------------------------------------------------------------------------------------------
I 03-17 20:30:25 optimizer.py:952]  AWS     g6.xlarge   4       16        L4:1           ap-northeast-2   0.99       [32m   ✔[0m     
I 03-17 20:30:25 optimizer.py:952] -------------------------------------------------------------------------------------------
<sky-payload>"<rich_update>[bold cyan]Looking for resources[/]  \u001b[2mView logs: sky api logs -l sky-2025-03-17-20-27-58-598136/provision.log\u001b[0m</rich_update>"</sky-payload>
<sky-payload>"<rich_update>[bold cyan]Launching[/]  \u001b[2mView logs: sky api logs -l sky-2025-03-17-20-27-58-598136/provision.log\u001b[0m</rich_update>"</sky-payload>
I 03-17 20:30:25 cloud_vm_ray_backend.py:1520] [0m⚙︎ Launching on AWS ap-northeast-2[0m (ap-northeast-2a,ap-northeast-2d).
[2mW 03-17 20:30:33 instance.py:243] create_instances: Attempt failed with An error occurred (InsufficientInstanceCapacity) when calling the RunInstances operation (reached max retries: 0): We currently do not have sufficient g6.xlarge capacity in the Availability Zone you requested (ap-northeast-2a). Our system will be working on provisioning additional capacity. You can currently get g6.xlarge capacity by not specifying an Availability Zone in your request or choosing ap-northeast-2d.[0m
[2mW 03-17 20:30:36 instance.py:243] create_instances: Attempt failed with An error occurred (InsufficientInstanceCapacity) when calling the RunInstances operation (reached max retries: 0): We currently do not have sufficient g6.xlarge capacity in the Availability Zone you requested (ap-northeast-2d). Our system will be working on provisioning additional capacity. You can currently get g6.xlarge capacity by not specifying an Availability Zone in your request or choosing ap-northeast-2a.[0m
W 03-17 20:30:37 cloud_vm_ray_backend.py:2061] sky.exceptions.ResourcesUnavailableError: Failed to acquire resources in all zones in ap-northeast-2 for {AWS(cpus=4, {'L4': 1})}. 
W 03-17 20:30:37 cloud_vm_ray_backend.py:2097] 
W 03-17 20:30:37 cloud_vm_ray_backend.py:2097] [0m[33m↺[0m Trying other potential resources.
<sky-payload>"<rich_update>[bold cyan]Looking for resources[/]  \u001b[2mView logs: sky api logs -l sky-2025-03-17-20-27-58-598136/provision.log\u001b[0m</rich_update>"</sky-payload>
<sky-payload>"<rich_update>[bold cyan]Optimizing[/]</rich_update>"</sky-payload>
<sky-payload>"<rich_start>[bold cyan]Launching[/]</rich_start>"</sky-payload>
I 03-17 20:30:37 optimizer.py:736] [1mTarget:[0m minimizing cost
I 03-17 20:30:37 optimizer.py:749] [1mEstimated cost: [0m$1.0 / hour
I 03-17 20:30:37 optimizer.py:749] 
I 03-17 20:30:37 optimizer.py:884] Considered resources (1 node):
I 03-17 20:30:37 optimizer.py:952] -----------------------------------------------------------------------------------------
I 03-17 20:30:37 optimizer.py:952]  CLOUD   INSTANCE    vCPUs   Mem(GB)   ACCELERATORS   REGION/ZONE    COST ($)   CHOSEN   
I 03-17 20:30:37 optimizer.py:952] -----------------------------------------------------------------------------------------
I 03-17 20:30:37 optimizer.py:952]  AWS     g6.xlarge   4       16        L4:1           eu-central-1   1.01       [32m   ✔[0m     
I 03-17 20:30:37 optimizer.py:952] -----------------------------------------------------------------------------------------
<sky-payload>"<rich_update>[bold cyan]Looking for resources[/]  \u001b[2mView logs: sky api logs -l sky-2025-03-17-20-27-58-598136/provision.log\u001b[0m</rich_update>"</sky-payload>
<sky-payload>"<rich_update>[bold cyan]Launching[/]  \u001b[2mView logs: sky api logs -l sky-2025-03-17-20-27-58-598136/provision.log\u001b[0m</rich_update>"</sky-payload>
I 03-17 20:30:37 cloud_vm_ray_backend.py:1520] [0m⚙︎ Launching on AWS eu-central-1[0m (eu-central-1a,eu-central-1b).
[2mW 03-17 20:30:43 instance.py:243] create_instances: Attempt failed with An error occurred (VcpuLimitExceeded) when calling the RunInstances operation: You have requested more vCPU capacity than your current vCPU limit of 64 allows for the instance bucket that the specified instance type belongs to. Please visit http://aws.amazon.com/contact-us/ec2-request to request an adjustment to this limit.[0m
[2mW 03-17 20:30:46 instance.py:243] create_instances: Attempt failed with An error occurred (VcpuLimitExceeded) when calling the RunInstances operation: You have requested more vCPU capacity than your current vCPU limit of 64 allows for the instance bucket that the specified instance type belongs to. Please visit http://aws.amazon.com/contact-us/ec2-request to request an adjustment to this limit.[0m
W 03-17 20:30:46 cloud_vm_ray_backend.py:2061] sky.exceptions.ResourcesUnavailableError: Failed to acquire resources in all zones in eu-central-1 for {AWS(cpus=4, {'L4': 1})}. 
W 03-17 20:30:46 cloud_vm_ray_backend.py:2097] 
W 03-17 20:30:46 cloud_vm_ray_backend.py:2097] [0m[33m↺[0m Trying other potential resources.
<sky-payload>"<rich_update>[bold cyan]Looking for resources[/]  \u001b[2mView logs: sky api logs -l sky-2025-03-17-20-27-58-598136/provision.log\u001b[0m</rich_update>"</sky-payload>
<sky-payload>"<rich_update>[bold cyan]Optimizing[/]</rich_update>"</sky-payload>
<sky-payload>"<rich_start>[bold cyan]Launching[/]</rich_start>"</sky-payload>
I 03-17 20:30:47 optimizer.py:736] [1mTarget:[0m minimizing cost
I 03-17 20:30:47 optimizer.py:749] [1mEstimated cost: [0m$1.0 / hour
I 03-17 20:30:47 optimizer.py:749] 
I 03-17 20:30:47 optimizer.py:884] Considered resources (1 node):
I 03-17 20:30:47 optimizer.py:952] ----------------------------------------------------------------------------------------
I 03-17 20:30:47 optimizer.py:952]  CLOUD   INSTANCE    vCPUs   Mem(GB)   ACCELERATORS   REGION/ZONE   COST ($)   CHOSEN   
I 03-17 20:30:47 optimizer.py:952] ----------------------------------------------------------------------------------------
I 03-17 20:30:47 optimizer.py:952]  AWS     g6.xlarge   4       16        L4:1           eu-west-2     1.02       [32m   ✔[0m     
I 03-17 20:30:47 optimizer.py:952] ----------------------------------------------------------------------------------------
<sky-payload>"<rich_update>[bold cyan]Looking for resources[/]  \u001b[2mView logs: sky api logs -l sky-2025-03-17-20-27-58-598136/provision.log\u001b[0m</rich_update>"</sky-payload>
<sky-payload>"<rich_update>[bold cyan]Launching[/]  \u001b[2mView logs: sky api logs -l sky-2025-03-17-20-27-58-598136/provision.log\u001b[0m</rich_update>"</sky-payload>
I 03-17 20:30:47 cloud_vm_ray_backend.py:1520] [0m⚙︎ Launching on AWS eu-west-2[0m (eu-west-2a,eu-west-2b).
[2mW 03-17 20:30:51 instance.py:243] create_instances: Attempt failed with An error occurred (VcpuLimitExceeded) when calling the RunInstances operation: You have requested more vCPU capacity than your current vCPU limit of 64 allows for the instance bucket that the specified instance type belongs to. Please visit http://aws.amazon.com/contact-us/ec2-request to request an adjustment to this limit.[0m
[2mW 03-17 20:30:53 instance.py:243] create_instances: Attempt failed with An error occurred (VcpuLimitExceeded) when calling the RunInstances operation: You have requested more vCPU capacity than your current vCPU limit of 64 allows for the instance bucket that the specified instance type belongs to. Please visit http://aws.amazon.com/contact-us/ec2-request to request an adjustment to this limit.[0m
W 03-17 20:30:53 cloud_vm_ray_backend.py:2061] sky.exceptions.ResourcesUnavailableError: Failed to acquire resources in all zones in eu-west-2 for {AWS(cpus=4, {'L4': 1})}. 
W 03-17 20:30:53 cloud_vm_ray_backend.py:2097] 
W 03-17 20:30:53 cloud_vm_ray_backend.py:2097] [0m[33m↺[0m Trying other potential resources.
<sky-payload>"<rich_update>[bold cyan]Looking for resources[/]  \u001b[2mView logs: sky api logs -l sky-2025-03-17-20-27-58-598136/provision.log\u001b[0m</rich_update>"</sky-payload>
<sky-payload>"<rich_update>[bold cyan]Optimizing[/]</rich_update>"</sky-payload>
<sky-payload>"<rich_start>[bold cyan]Launching[/]</rich_start>"</sky-payload>
I 03-17 20:30:53 optimizer.py:736] [1mTarget:[0m minimizing cost
I 03-17 20:30:53 optimizer.py:749] [1mEstimated cost: [0m$1.0 / hour
I 03-17 20:30:53 optimizer.py:749] 
I 03-17 20:30:53 optimizer.py:884] Considered resources (1 node):
I 03-17 20:30:53 optimizer.py:952] ----------------------------------------------------------------------------------------
I 03-17 20:30:53 optimizer.py:952]  CLOUD   INSTANCE    vCPUs   Mem(GB)   ACCELERATORS   REGION/ZONE   COST ($)   CHOSEN   
I 03-17 20:30:53 optimizer.py:952] ----------------------------------------------------------------------------------------
I 03-17 20:30:53 optimizer.py:952]  AWS     g6.xlarge   4       16        L4:1           eu-west-3     1.02       [32m   ✔[0m     
I 03-17 20:30:53 optimizer.py:952] ----------------------------------------------------------------------------------------
<sky-payload>"<rich_update>[bold cyan]Looking for resources[/]  \u001b[2mView logs: sky api logs -l sky-2025-03-17-20-27-58-598136/provision.log\u001b[0m</rich_update>"</sky-payload>
<sky-payload>"<rich_update>[bold cyan]Launching[/]  \u001b[2mView logs: sky api logs -l sky-2025-03-17-20-27-58-598136/provision.log\u001b[0m</rich_update>"</sky-payload>
I 03-17 20:30:53 cloud_vm_ray_backend.py:1520] [0m⚙︎ Launching on AWS eu-west-3[0m (eu-west-3b,eu-west-3c).
<sky-payload>"<rich_update>[bold cyan]Launching - Checking instance status[/]  \u001b[2mView logs: sky api logs -l sky-2025-03-17-20-27-58-598136/provision.log\u001b[0m</rich_update>"</sky-payload>
<sky-payload>"<rich_update>[bold cyan]Launching - Waiting for SSH access[/]  \u001b[2mView logs: sky api logs -l sky-2025-03-17-20-27-58-598136/provision.log\u001b[0m</rich_update>"</sky-payload>
<sky-payload>"<rich_start>[bold cyan]Launching[/]</rich_start>"</sky-payload>
I 03-17 20:31:18 provisioner.py:451] [2m└── [0m[2mInstance is up.[0m
<sky-payload>"<rich_update>[bold cyan]Preparing SkyPilot runtime (1/3 - initializing)[/]  \u001b[2mView logs: sky api logs -l sky-2025-03-17-20-27-58-598136/provision.log\u001b[0m</rich_update>"</sky-payload>
<sky-payload>"<rich_update>[bold cyan]Preparing SkyPilot runtime (2/3 - dependencies)[/]  \u001b[2mView logs: sky api logs -l sky-2025-03-17-20-27-58-598136/provision.log\u001b[0m</rich_update>"</sky-payload>
<sky-payload>"<rich_update>[bold cyan]Preparing SkyPilot runtime (3/3 - runtime)[/]  \u001b[2mView logs: sky api logs -l sky-2025-03-17-20-27-58-598136/provision.log\u001b[0m</rich_update>"</sky-payload>
<sky-payload>"<rich_update>[bold cyan]Launching - Checking instance status[/]  \u001b[2mView logs: sky api logs -l sky-2025-03-17-20-27-58-598136/provision.log\u001b[0m</rich_update>"</sky-payload>
I 03-17 20:31:45 provisioner.py:632] [0m[32m✓ Cluster launched: compute-text-vectors-394.[0m  [2mView logs: sky api logs -l sky-2025-03-17-20-27-58-598136/provision.log[0m
<sky-payload>"<rich_exit></rich_exit>"</sky-payload>
I 03-17 20:31:45 execution.py:332] [0m⚙︎ Syncing files.
<sky-payload>"<rich_init>[bold cyan]Syncing files[/]</rich_init>"</sky-payload>
<sky-payload>"<rich_update>[bold cyan]Syncing files[/]</rich_update>"</sky-payload>
<sky-payload>"<rich_start>[bold cyan]Syncing files[/]</rich_start>"</sky-payload>
<sky-payload>"<rich_update>[bold cyan]Syncing file mounts[/]  \u001b[2mView logs: sky api logs -l sky-2025-03-17-20-27-58-598136/file_mounts.log\u001b[0m</rich_update>"</sky-payload>
I 03-17 20:31:46 backend_utils.py:1315]   [2mSyncing (to 1 node): s3://skypilot-filemounts-root-726f1974-7zoluq6d/job-7zoluq6d/workdir -> ~/sky_workdir[0m
I 03-17 20:31:49 cloud_vm_ray_backend.py:4801] [0m[32m✓ Synced file_mounts.[0m  [2mView logs: sky api logs -l sky-2025-03-17-20-27-58-598136/file_mounts.log[0m
<sky-payload>"<rich_update>[bold cyan]Mounting 1 storage[/]  \u001b[2mView logs: sky api logs -l sky-2025-03-17-20-27-58-598136/storage_mounts.log\u001b[0m</rich_update>"</sky-payload>
I 03-17 20:31:49 backend_utils.py:1315]   [2mMounting (to 1 node): s3://sky-text-embeddings-multi-cluster-final -> /output[0m
I 03-17 20:31:51 cloud_vm_ray_backend.py:4892] [0m[32m✓ Storage mounted.[0m  [2mView logs: sky api logs -l sky-2025-03-17-20-27-58-598136/storage_mounts.log[0m
<sky-payload>"<rich_exit></rich_exit>"</sky-payload>
<sky-payload>"<rich_init>[bold cyan]Running setup[/]</rich_init>"</sky-payload>
<sky-payload>"<rich_update>[bold cyan]Running setup[/]</rich_update>"</sky-payload>
<sky-payload>"<rich_start>[bold cyan]Running setup[/]</rich_start>"</sky-payload>
<sky-payload>"<rich_stop></rich_stop>"</sky-payload>
I 03-17 20:31:53 cloud_vm_ray_backend.py:3357] [0m[32m✓ Setup detached.[0m
<sky-payload>"<rich_exit></rich_exit>"</sky-payload>
<sky-payload>"<rich_init>[bold cyan]Submitting job[/]</rich_init>"</sky-payload>
<sky-payload>"<rich_update>[bold cyan]Submitting job[/]</rich_update>"</sky-payload>
<sky-payload>"<rich_start>[bold cyan]Submitting job[/]</rich_start>"</sky-payload>
I 03-17 20:31:55 cloud_vm_ray_backend.py:3460] [0m⚙︎ Job submitted, ID: 1
<sky-payload>"<rich_stop></rich_stop>"</sky-payload>
<sky-payload>"<rich_exit></rich_exit>"</sky-payload>

[?25hI 03-17 20:31:55 recovery_strategy.py:289] Managed job cluster launched.
I 03-17 20:31:59 utils.py:131] === Checking the job status... ===
I 03-17 20:32:00 utils.py:137] Job status: JobStatus.SETTING_UP
I 03-17 20:32:00 utils.py:140] ==================================
I 03-17 20:32:00 state.py:471] Job started.
I 03-17 20:32:21 utils.py:131] === Checking the job status... ===
I 03-17 20:32:21 utils.py:137] Job status: JobStatus.SETTING_UP
I 03-17 20:32:21 utils.py:140] ==================================
I 03-17 20:32:42 utils.py:131] === Checking the job status... ===
I 03-17 20:32:42 utils.py:137] Job status: JobStatus.SETTING_UP
I 03-17 20:32:42 utils.py:140] ==================================
I 03-17 20:33:03 utils.py:131] === Checking the job status... ===
I 03-17 20:33:03 utils.py:137] Job status: JobStatus.SETTING_UP
I 03-17 20:33:03 utils.py:140] ==================================
I 03-17 20:33:23 utils.py:131] === Checking the job status... ===
I 03-17 20:33:24 utils.py:137] Job status: JobStatus.SETTING_UP
I 03-17 20:33:24 utils.py:140] ==================================
I 03-17 20:33:44 utils.py:131] === Checking the job status... ===
I 03-17 20:33:45 utils.py:137] Job status: JobStatus.SETTING_UP
I 03-17 20:33:45 utils.py:140] ==================================
I 03-17 20:34:05 utils.py:131] === Checking the job status... ===
I 03-17 20:34:06 utils.py:137] Job status: JobStatus.SETTING_UP
I 03-17 20:34:06 utils.py:140] ==================================
I 03-17 20:34:26 utils.py:131] === Checking the job status... ===
I 03-17 20:34:27 utils.py:137] Job status: JobStatus.RUNNING
I 03-17 20:34:27 utils.py:140] ==================================
I 03-17 20:34:47 utils.py:131] === Checking the job status... ===
I 03-17 20:34:48 utils.py:137] Job status: JobStatus.RUNNING
I 03-17 20:34:48 utils.py:140] ==================================
I 03-17 20:35:08 utils.py:131] === Checking the job status... ===
I 03-17 20:35:09 utils.py:137] Job status: JobStatus.RUNNING
I 03-17 20:35:09 utils.py:140] ==================================
I 03-17 20:35:29 utils.py:131] === Checking the job status... ===
I 03-17 20:35:30 utils.py:137] Job status: JobStatus.RUNNING
I 03-17 20:35:30 utils.py:140] ==================================
I 03-17 20:35:50 utils.py:131] === Checking the job status... ===
I 03-17 20:35:51 utils.py:137] Job status: JobStatus.RUNNING
I 03-17 20:35:51 utils.py:140] ==================================
I 03-17 20:36:11 utils.py:131] === Checking the job status... ===
I 03-17 20:36:12 utils.py:137] Job status: JobStatus.RUNNING
I 03-17 20:36:12 utils.py:140] ==================================
I 03-17 20:36:33 utils.py:131] === Checking the job status... ===
I 03-17 20:36:33 utils.py:137] Job status: JobStatus.RUNNING
I 03-17 20:36:33 utils.py:140] ==================================
I 03-17 20:36:53 utils.py:131] === Checking the job status... ===
I 03-17 20:36:54 utils.py:137] Job status: JobStatus.RUNNING
I 03-17 20:36:54 utils.py:140] ==================================
I 03-17 20:37:15 utils.py:131] === Checking the job status... ===
I 03-17 20:37:15 utils.py:137] Job status: JobStatus.RUNNING
I 03-17 20:37:15 utils.py:140] ==================================
I 03-17 20:37:36 utils.py:131] === Checking the job status... ===
I 03-17 20:37:36 utils.py:137] Job status: JobStatus.RUNNING
I 03-17 20:37:36 utils.py:140] ==================================
I 03-17 20:37:56 utils.py:131] === Checking the job status... ===
I 03-17 20:38:00 utils.py:137] Job status: JobStatus.RUNNING
I 03-17 20:38:00 utils.py:140] ==================================
I 03-17 20:38:20 utils.py:131] === Checking the job status... ===
I 03-17 20:38:23 utils.py:137] Job status: JobStatus.RUNNING
I 03-17 20:38:23 utils.py:140] ==================================
I 03-17 20:38:43 utils.py:131] === Checking the job status... ===
I 03-17 20:38:45 utils.py:137] Job status: JobStatus.RUNNING
I 03-17 20:38:45 utils.py:140] ==================================
I 03-17 20:39:05 utils.py:131] === Checking the job status... ===
I 03-17 20:39:05 utils.py:137] Job status: JobStatus.RUNNING
I 03-17 20:39:05 utils.py:140] ==================================
I 03-17 20:39:26 utils.py:131] === Checking the job status... ===
I 03-17 20:39:26 utils.py:137] Job status: JobStatus.RUNNING
I 03-17 20:39:26 utils.py:140] ==================================
I 03-17 20:39:47 utils.py:131] === Checking the job status... ===
I 03-17 20:39:47 utils.py:137] Job status: JobStatus.RUNNING
I 03-17 20:39:47 utils.py:140] ==================================
I 03-17 20:40:07 utils.py:131] === Checking the job status... ===
I 03-17 20:40:08 utils.py:137] Job status: JobStatus.RUNNING
I 03-17 20:40:08 utils.py:140] ==================================
I 03-17 20:40:28 utils.py:131] === Checking the job status... ===
I 03-17 20:40:29 utils.py:137] Job status: JobStatus.RUNNING
I 03-17 20:40:29 utils.py:140] ==================================
I 03-17 20:40:49 utils.py:131] === Checking the job status... ===
I 03-17 20:40:50 utils.py:137] Job status: JobStatus.RUNNING
I 03-17 20:40:50 utils.py:140] ==================================
I 03-17 20:41:10 utils.py:131] === Checking the job status... ===
I 03-17 20:41:11 utils.py:137] Job status: JobStatus.RUNNING
I 03-17 20:41:11 utils.py:140] ==================================
I 03-17 20:41:31 utils.py:131] === Checking the job status... ===
I 03-17 20:41:32 utils.py:137] Job status: JobStatus.RUNNING
I 03-17 20:41:32 utils.py:140] ==================================
I 03-17 20:41:52 utils.py:131] === Checking the job status... ===
I 03-17 20:41:53 utils.py:137] Job status: JobStatus.RUNNING
I 03-17 20:41:53 utils.py:140] ==================================
I 03-17 20:42:13 utils.py:131] === Checking the job status... ===
I 03-17 20:42:14 utils.py:137] Job status: JobStatus.RUNNING
I 03-17 20:42:14 utils.py:140] ==================================
I 03-17 20:42:34 utils.py:131] === Checking the job status... ===
I 03-17 20:42:35 utils.py:137] Job status: JobStatus.RUNNING
I 03-17 20:42:35 utils.py:140] ==================================
I 03-17 20:42:55 utils.py:131] === Checking the job status... ===
I 03-17 20:42:55 utils.py:137] Job status: JobStatus.RUNNING
I 03-17 20:42:55 utils.py:140] ==================================
I 03-17 20:43:16 utils.py:131] === Checking the job status... ===
I 03-17 20:43:16 utils.py:137] Job status: JobStatus.RUNNING
I 03-17 20:43:16 utils.py:140] ==================================
I 03-17 20:43:37 utils.py:131] === Checking the job status... ===
I 03-17 20:43:37 utils.py:137] Job status: JobStatus.RUNNING
I 03-17 20:43:37 utils.py:140] ==================================
I 03-17 20:43:57 utils.py:131] === Checking the job status... ===
I 03-17 20:43:58 utils.py:137] Job status: JobStatus.RUNNING
I 03-17 20:43:58 utils.py:140] ==================================
I 03-17 20:44:18 utils.py:131] === Checking the job status... ===
I 03-17 20:44:19 utils.py:137] Job status: JobStatus.RUNNING
I 03-17 20:44:19 utils.py:140] ==================================
I 03-17 20:44:39 utils.py:131] === Checking the job status... ===
I 03-17 20:44:40 utils.py:137] Job status: JobStatus.RUNNING
I 03-17 20:44:40 utils.py:140] ==================================
I 03-17 20:45:00 utils.py:131] === Checking the job status... ===
I 03-17 20:45:01 utils.py:137] Job status: JobStatus.RUNNING
I 03-17 20:45:01 utils.py:140] ==================================
I 03-17 20:45:21 utils.py:131] === Checking the job status... ===
I 03-17 20:45:22 utils.py:137] Job status: JobStatus.RUNNING
I 03-17 20:45:22 utils.py:140] ==================================
I 03-17 20:45:42 utils.py:131] === Checking the job status... ===
I 03-17 20:45:43 utils.py:137] Job status: JobStatus.RUNNING
I 03-17 20:45:43 utils.py:140] ==================================
I 03-17 20:46:03 utils.py:131] === Checking the job status... ===
I 03-17 20:46:03 utils.py:137] Job status: JobStatus.RUNNING
I 03-17 20:46:03 utils.py:140] ==================================
I 03-17 20:46:24 utils.py:131] === Checking the job status... ===
I 03-17 20:46:24 utils.py:137] Job status: JobStatus.RUNNING
I 03-17 20:46:24 utils.py:140] ==================================
I 03-17 20:46:45 utils.py:131] === Checking the job status... ===
I 03-17 20:46:45 utils.py:137] Job status: JobStatus.RUNNING
I 03-17 20:46:45 utils.py:140] ==================================
I 03-17 20:47:05 utils.py:131] === Checking the job status... ===
I 03-17 20:47:06 utils.py:137] Job status: JobStatus.RUNNING
I 03-17 20:47:06 utils.py:140] ==================================
I 03-17 20:47:26 utils.py:131] === Checking the job status... ===
I 03-17 20:47:27 utils.py:137] Job status: JobStatus.RUNNING
I 03-17 20:47:27 utils.py:140] ==================================
I 03-17 20:47:47 utils.py:131] === Checking the job status... ===
I 03-17 20:47:48 utils.py:137] Job status: JobStatus.RUNNING
I 03-17 20:47:48 utils.py:140] ==================================
I 03-17 20:48:08 utils.py:131] === Checking the job status... ===
I 03-17 20:48:09 utils.py:137] Job status: JobStatus.RUNNING
I 03-17 20:48:09 utils.py:140] ==================================
I 03-17 20:48:29 utils.py:131] === Checking the job status... ===
I 03-17 20:48:30 utils.py:137] Job status: JobStatus.RUNNING
I 03-17 20:48:30 utils.py:140] ==================================
I 03-17 20:48:50 utils.py:131] === Checking the job status... ===
I 03-17 20:48:51 utils.py:137] Job status: JobStatus.RUNNING
I 03-17 20:48:51 utils.py:140] ==================================
I 03-17 20:49:11 utils.py:131] === Checking the job status... ===
I 03-17 20:49:12 utils.py:137] Job status: JobStatus.RUNNING
I 03-17 20:49:12 utils.py:140] ==================================
I 03-17 20:49:32 utils.py:131] === Checking the job status... ===
I 03-17 20:49:32 utils.py:137] Job status: JobStatus.RUNNING
I 03-17 20:49:32 utils.py:140] ==================================
I 03-17 20:49:53 utils.py:131] === Checking the job status... ===
I 03-17 20:49:53 utils.py:137] Job status: JobStatus.RUNNING
I 03-17 20:49:53 utils.py:140] ==================================
I 03-17 20:50:13 utils.py:131] === Checking the job status... ===
I 03-17 20:50:14 utils.py:137] Job status: JobStatus.RUNNING
I 03-17 20:50:14 utils.py:140] ==================================
I 03-17 20:50:34 utils.py:131] === Checking the job status... ===
I 03-17 20:50:35 utils.py:137] Job status: JobStatus.RUNNING
I 03-17 20:50:35 utils.py:140] ==================================
I 03-17 20:50:55 utils.py:131] === Checking the job status... ===
I 03-17 20:50:56 utils.py:137] Job status: JobStatus.SUCCEEDED
I 03-17 20:50:56 utils.py:140] ==================================
I 03-17 20:50:57 state.py:561] Job succeeded.
I 03-17 20:50:57 controller.py:238] Managed job 394 (task: 0) SUCCEEDED. Cleaning up the cluster compute-text-vectors-394.
E 03-17 20:50:59 controller_utils.py:376] Failed to find the logs for the user program at ~/sky_logs/managed_jobs/sky-2025-03-17-20-27-58-598136/run.log.
I 03-17 20:50:59 controller.py:117] 
I 03-17 20:50:59 controller.py:117] == End of logs (ID: 394) ==
I 03-17 20:51:07 state.py:656] Cancellation skipped, job is already terminal
I 03-17 20:51:07 state.py:677] Cancellation skipped, job is not CANCELLING
I 03-17 20:51:08 controller.py:552] Killing controller process 214554.
I 03-17 20:51:08 controller.py:560] Controller process 214554 killed.
I 03-17 20:51:08 controller.py:562] Cleaning up any cluster for job 394.
I 03-17 20:51:08 storage.py:699] Verifying bucket for storage skypilot-filemounts-root-726f1974-7zoluq6d
<sky-payload>"<rich_init>[bold cyan]Deleting S3 bucket [green]skypilot-filemounts-root-726f1974-7zoluq6d[/][/]</rich_init>"</sky-payload>
<sky-payload>"<rich_update>[bold cyan]Deleting S3 bucket [green]skypilot-filemounts-root-726f1974-7zoluq6d[/][/]</rich_update>"</sky-payload>
<sky-payload>"<rich_start>[bold cyan]Deleting S3 bucket [green]skypilot-filemounts-root-726f1974-7zoluq6d[/][/]</rich_start>"</sky-payload>
<sky-payload>"<rich_exit></rich_exit>"</sky-payload>
I 03-17 20:51:10 storage.py:1505] [32mDeleted S3 bucket skypilot-filemounts-root-726f1974-7zoluq6d.[0m
I 03-17 20:51:10 controller.py:571] Cluster of managed job 394 has been cleaned up.
