I 03-17 20:28:31 controller.py:59] DAG:
I 03-17 20:28:31 controller.py:59] [Task<name=compute-text-vectors>(run='# Initialize and dow...')
I 03-17 20:28:31 controller.py:59]   resources: AWS(cpus=4, {'L4': 1})]
I 03-17 20:28:32 controller.py:195] Submitted managed job 419 (task: 0, name: 'compute-text-vectors'); SKYPILOT_TASK_ID: sky-managed-2025-03-17-20-28-31-996018_compute-text-vectors_419-0
I 03-17 20:28:32 controller.py:199] Started monitoring.
I 03-17 20:28:32 state.py:451] Launching the spot cluster...
I 03-17 20:28:32 storage.py:1058] Storage type StoreType.S3 already exists.
<sky-payload>"<rich_init>[bold cyan]Optimizing[/]</rich_init>"</sky-payload>
<sky-payload>"<rich_update>[bold cyan]Optimizing[/]</rich_update>"</sky-payload>
<sky-payload>"<rich_start>[bold cyan]Optimizing[/]</rich_start>"</sky-payload>
I 03-17 20:28:33 optimizer.py:736] [1mTarget:[0m minimizing cost
I 03-17 20:28:33 optimizer.py:749] [1mEstimated cost: [0m$0.8 / hour
I 03-17 20:28:33 optimizer.py:749] 
I 03-17 20:28:33 optimizer.py:884] Considered resources (1 node):
I 03-17 20:28:33 optimizer.py:952] ----------------------------------------------------------------------------------------
I 03-17 20:28:33 optimizer.py:952]  CLOUD   INSTANCE    vCPUs   Mem(GB)   ACCELERATORS   REGION/ZONE   COST ($)   CHOSEN   
I 03-17 20:28:33 optimizer.py:952] ----------------------------------------------------------------------------------------
I 03-17 20:28:33 optimizer.py:952]  AWS     g6.xlarge   4       16        L4:1           us-east-1     0.80       [32m   ✔[0m     
I 03-17 20:28:33 optimizer.py:952] ----------------------------------------------------------------------------------------
<sky-payload>"<rich_exit></rich_exit>"</sky-payload>
<sky-payload>"<rich_init>[bold cyan]Launching[/]</rich_init>"</sky-payload>
<sky-payload>"<rich_update>[bold cyan]Launching[/]</rich_update>"</sky-payload>
<sky-payload>"<rich_start>[bold cyan]Launching[/]</rich_start>"</sky-payload>
<sky-payload>"<rich_update>[bold cyan]Launching[/]  \u001b[2mView logs: sky api logs -l sky-2025-03-17-20-28-32-643622/provision.log\u001b[0m</rich_update>"</sky-payload>
<sky-payload>"<rich_update>[bold cyan]Launching[/]  \u001b[2mView logs: sky api logs -l sky-2025-03-17-20-28-32-643622/provision.log\u001b[0m</rich_update>"</sky-payload>
I 03-17 20:28:33 cloud_vm_ray_backend.py:1520] [0m⚙︎ Launching on AWS us-east-1[0m (us-east-1a,us-east-1b,us-east-1c,us-east-1d).
[2mW 03-17 20:28:52 instance.py:243] create_instances: Attempt failed with An error occurred (VcpuLimitExceeded) when calling the RunInstances operation: You have requested more vCPU capacity than your current vCPU limit of 64 allows for the instance bucket that the specified instance type belongs to. Please visit http://aws.amazon.com/contact-us/ec2-request to request an adjustment to this limit.[0m
[2mW 03-17 20:29:01 instance.py:243] create_instances: Attempt failed with An error occurred (VcpuLimitExceeded) when calling the RunInstances operation: You have requested more vCPU capacity than your current vCPU limit of 64 allows for the instance bucket that the specified instance type belongs to. Please visit http://aws.amazon.com/contact-us/ec2-request to request an adjustment to this limit.[0m
[2mW 03-17 20:29:02 instance.py:243] create_instances: Attempt failed with An error occurred (VcpuLimitExceeded) when calling the RunInstances operation: You have requested more vCPU capacity than your current vCPU limit of 64 allows for the instance bucket that the specified instance type belongs to. Please visit http://aws.amazon.com/contact-us/ec2-request to request an adjustment to this limit.[0m
W 03-17 20:29:03 cloud_vm_ray_backend.py:2061] sky.exceptions.ResourcesUnavailableError: Failed to acquire resources in all zones in us-east-1 for {AWS(cpus=4, {'L4': 1})}. 
W 03-17 20:29:03 cloud_vm_ray_backend.py:2097] 
W 03-17 20:29:03 cloud_vm_ray_backend.py:2097] [0m[33m↺[0m Trying other potential resources.
<sky-payload>"<rich_update>[bold cyan]Looking for resources[/]  \u001b[2mView logs: sky api logs -l sky-2025-03-17-20-28-32-643622/provision.log\u001b[0m</rich_update>"</sky-payload>
<sky-payload>"<rich_update>[bold cyan]Optimizing[/]</rich_update>"</sky-payload>
<sky-payload>"<rich_start>[bold cyan]Launching[/]</rich_start>"</sky-payload>
I 03-17 20:29:03 optimizer.py:736] [1mTarget:[0m minimizing cost
I 03-17 20:29:03 optimizer.py:749] [1mEstimated cost: [0m$0.8 / hour
I 03-17 20:29:03 optimizer.py:749] 
I 03-17 20:29:03 optimizer.py:884] Considered resources (1 node):
I 03-17 20:29:03 optimizer.py:952] ----------------------------------------------------------------------------------------
I 03-17 20:29:03 optimizer.py:952]  CLOUD   INSTANCE    vCPUs   Mem(GB)   ACCELERATORS   REGION/ZONE   COST ($)   CHOSEN   
I 03-17 20:29:03 optimizer.py:952] ----------------------------------------------------------------------------------------
I 03-17 20:29:03 optimizer.py:952]  AWS     g6.xlarge   4       16        L4:1           us-east-2     0.80       [32m   ✔[0m     
I 03-17 20:29:03 optimizer.py:952] ----------------------------------------------------------------------------------------
<sky-payload>"<rich_update>[bold cyan]Looking for resources[/]  \u001b[2mView logs: sky api logs -l sky-2025-03-17-20-28-32-643622/provision.log\u001b[0m</rich_update>"</sky-payload>
<sky-payload>"<rich_update>[bold cyan]Launching[/]  \u001b[2mView logs: sky api logs -l sky-2025-03-17-20-28-32-643622/provision.log\u001b[0m</rich_update>"</sky-payload>
I 03-17 20:29:03 cloud_vm_ray_backend.py:1520] [0m⚙︎ Launching on AWS us-east-2[0m (us-east-2a,us-east-2b,us-east-2c).
[2mW 03-17 20:29:06 instance.py:243] create_instances: Attempt failed with An error occurred (VcpuLimitExceeded) when calling the RunInstances operation: You have requested more vCPU capacity than your current vCPU limit of 128 allows for the instance bucket that the specified instance type belongs to. Please visit http://aws.amazon.com/contact-us/ec2-request to request an adjustment to this limit.[0m
[2mW 03-17 20:29:07 instance.py:243] create_instances: Attempt failed with An error occurred (VcpuLimitExceeded) when calling the RunInstances operation: You have requested more vCPU capacity than your current vCPU limit of 128 allows for the instance bucket that the specified instance type belongs to. Please visit http://aws.amazon.com/contact-us/ec2-request to request an adjustment to this limit.[0m
[2mW 03-17 20:29:07 instance.py:243] create_instances: Attempt failed with An error occurred (VcpuLimitExceeded) when calling the RunInstances operation: You have requested more vCPU capacity than your current vCPU limit of 128 allows for the instance bucket that the specified instance type belongs to. Please visit http://aws.amazon.com/contact-us/ec2-request to request an adjustment to this limit.[0m
W 03-17 20:29:08 cloud_vm_ray_backend.py:2061] sky.exceptions.ResourcesUnavailableError: Failed to acquire resources in all zones in us-east-2 for {AWS(cpus=4, {'L4': 1})}. 
W 03-17 20:29:08 cloud_vm_ray_backend.py:2097] 
W 03-17 20:29:08 cloud_vm_ray_backend.py:2097] [0m[33m↺[0m Trying other potential resources.
<sky-payload>"<rich_update>[bold cyan]Looking for resources[/]  \u001b[2mView logs: sky api logs -l sky-2025-03-17-20-28-32-643622/provision.log\u001b[0m</rich_update>"</sky-payload>
<sky-payload>"<rich_update>[bold cyan]Optimizing[/]</rich_update>"</sky-payload>
<sky-payload>"<rich_start>[bold cyan]Launching[/]</rich_start>"</sky-payload>
I 03-17 20:29:08 optimizer.py:736] [1mTarget:[0m minimizing cost
I 03-17 20:29:08 optimizer.py:749] [1mEstimated cost: [0m$0.8 / hour
I 03-17 20:29:08 optimizer.py:749] 
I 03-17 20:29:08 optimizer.py:884] Considered resources (1 node):
I 03-17 20:29:08 optimizer.py:952] ----------------------------------------------------------------------------------------
I 03-17 20:29:08 optimizer.py:952]  CLOUD   INSTANCE    vCPUs   Mem(GB)   ACCELERATORS   REGION/ZONE   COST ($)   CHOSEN   
I 03-17 20:29:08 optimizer.py:952] ----------------------------------------------------------------------------------------
I 03-17 20:29:08 optimizer.py:952]  AWS     g6.xlarge   4       16        L4:1           us-west-2     0.80       [32m   ✔[0m     
I 03-17 20:29:08 optimizer.py:952] ----------------------------------------------------------------------------------------
<sky-payload>"<rich_update>[bold cyan]Looking for resources[/]  \u001b[2mView logs: sky api logs -l sky-2025-03-17-20-28-32-643622/provision.log\u001b[0m</rich_update>"</sky-payload>
<sky-payload>"<rich_update>[bold cyan]Launching[/]  \u001b[2mView logs: sky api logs -l sky-2025-03-17-20-28-32-643622/provision.log\u001b[0m</rich_update>"</sky-payload>
I 03-17 20:29:08 cloud_vm_ray_backend.py:1520] [0m⚙︎ Launching on AWS us-west-2[0m (us-west-2a,us-west-2b,us-west-2c,us-west-2d).
[2mW 03-17 20:29:25 instance.py:243] create_instances: Attempt failed with An error occurred (VcpuLimitExceeded) when calling the RunInstances operation: You have requested more vCPU capacity than your current vCPU limit of 64 allows for the instance bucket that the specified instance type belongs to. Please visit http://aws.amazon.com/contact-us/ec2-request to request an adjustment to this limit.[0m
[2mW 03-17 20:29:26 instance.py:243] create_instances: Attempt failed with An error occurred (VcpuLimitExceeded) when calling the RunInstances operation: You have requested more vCPU capacity than your current vCPU limit of 64 allows for the instance bucket that the specified instance type belongs to. Please visit http://aws.amazon.com/contact-us/ec2-request to request an adjustment to this limit.[0m
[2mW 03-17 20:29:26 instance.py:243] create_instances: Attempt failed with An error occurred (VcpuLimitExceeded) when calling the RunInstances operation: You have requested more vCPU capacity than your current vCPU limit of 64 allows for the instance bucket that the specified instance type belongs to. Please visit http://aws.amazon.com/contact-us/ec2-request to request an adjustment to this limit.[0m
[2mW 03-17 20:29:59 instance.py:243] create_instances: Attempt failed with An error occurred (VcpuLimitExceeded) when calling the RunInstances operation: You have requested more vCPU capacity than your current vCPU limit of 64 allows for the instance bucket that the specified instance type belongs to. Please visit http://aws.amazon.com/contact-us/ec2-request to request an adjustment to this limit.[0m
W 03-17 20:30:00 cloud_vm_ray_backend.py:2061] sky.exceptions.ResourcesUnavailableError: Failed to acquire resources in all zones in us-west-2 for {AWS(cpus=4, {'L4': 1})}. 
W 03-17 20:30:00 cloud_vm_ray_backend.py:2097] 
W 03-17 20:30:00 cloud_vm_ray_backend.py:2097] [0m[33m↺[0m Trying other potential resources.
<sky-payload>"<rich_update>[bold cyan]Looking for resources[/]  \u001b[2mView logs: sky api logs -l sky-2025-03-17-20-28-32-643622/provision.log\u001b[0m</rich_update>"</sky-payload>
<sky-payload>"<rich_update>[bold cyan]Optimizing[/]</rich_update>"</sky-payload>
<sky-payload>"<rich_start>[bold cyan]Launching[/]</rich_start>"</sky-payload>
I 03-17 20:30:00 optimizer.py:736] [1mTarget:[0m minimizing cost
I 03-17 20:30:00 optimizer.py:749] [1mEstimated cost: [0m$0.9 / hour
I 03-17 20:30:00 optimizer.py:749] 
I 03-17 20:30:00 optimizer.py:884] Considered resources (1 node):
I 03-17 20:30:00 optimizer.py:952] ----------------------------------------------------------------------------------------
I 03-17 20:30:00 optimizer.py:952]  CLOUD   INSTANCE    vCPUs   Mem(GB)   ACCELERATORS   REGION/ZONE   COST ($)   CHOSEN   
I 03-17 20:30:00 optimizer.py:952] ----------------------------------------------------------------------------------------
I 03-17 20:30:00 optimizer.py:952]  AWS     g6.xlarge   4       16        L4:1           eu-north-1    0.85       [32m   ✔[0m     
I 03-17 20:30:00 optimizer.py:952] ----------------------------------------------------------------------------------------
<sky-payload>"<rich_update>[bold cyan]Looking for resources[/]  \u001b[2mView logs: sky api logs -l sky-2025-03-17-20-28-32-643622/provision.log\u001b[0m</rich_update>"</sky-payload>
<sky-payload>"<rich_update>[bold cyan]Launching[/]  \u001b[2mView logs: sky api logs -l sky-2025-03-17-20-28-32-643622/provision.log\u001b[0m</rich_update>"</sky-payload>
I 03-17 20:30:00 cloud_vm_ray_backend.py:1520] [0m⚙︎ Launching on AWS eu-north-1[0m (eu-north-1a,eu-north-1b).
[2mW 03-17 20:30:07 instance.py:243] create_instances: Attempt failed with An error occurred (VcpuLimitExceeded) when calling the RunInstances operation: You have requested more vCPU capacity than your current vCPU limit of 64 allows for the instance bucket that the specified instance type belongs to. Please visit http://aws.amazon.com/contact-us/ec2-request to request an adjustment to this limit.[0m
[2mW 03-17 20:30:10 instance.py:243] create_instances: Attempt failed with An error occurred (VcpuLimitExceeded) when calling the RunInstances operation: You have requested more vCPU capacity than your current vCPU limit of 64 allows for the instance bucket that the specified instance type belongs to. Please visit http://aws.amazon.com/contact-us/ec2-request to request an adjustment to this limit.[0m
W 03-17 20:30:11 cloud_vm_ray_backend.py:2061] sky.exceptions.ResourcesUnavailableError: Failed to acquire resources in all zones in eu-north-1 for {AWS(cpus=4, {'L4': 1})}. 
W 03-17 20:30:11 cloud_vm_ray_backend.py:2097] 
W 03-17 20:30:11 cloud_vm_ray_backend.py:2097] [0m[33m↺[0m Trying other potential resources.
<sky-payload>"<rich_update>[bold cyan]Looking for resources[/]  \u001b[2mView logs: sky api logs -l sky-2025-03-17-20-28-32-643622/provision.log\u001b[0m</rich_update>"</sky-payload>
<sky-payload>"<rich_update>[bold cyan]Optimizing[/]</rich_update>"</sky-payload>
<sky-payload>"<rich_start>[bold cyan]Launching[/]</rich_start>"</sky-payload>
I 03-17 20:30:11 optimizer.py:736] [1mTarget:[0m minimizing cost
I 03-17 20:30:11 optimizer.py:749] [1mEstimated cost: [0m$0.9 / hour
I 03-17 20:30:11 optimizer.py:749] 
I 03-17 20:30:11 optimizer.py:884] Considered resources (1 node):
I 03-17 20:30:11 optimizer.py:952] -----------------------------------------------------------------------------------------
I 03-17 20:30:11 optimizer.py:952]  CLOUD   INSTANCE    vCPUs   Mem(GB)   ACCELERATORS   REGION/ZONE    COST ($)   CHOSEN   
I 03-17 20:30:11 optimizer.py:952] -----------------------------------------------------------------------------------------
I 03-17 20:30:11 optimizer.py:952]  AWS     g6.xlarge   4       16        L4:1           ca-central-1   0.89       [32m   ✔[0m     
I 03-17 20:30:11 optimizer.py:952] -----------------------------------------------------------------------------------------
<sky-payload>"<rich_update>[bold cyan]Looking for resources[/]  \u001b[2mView logs: sky api logs -l sky-2025-03-17-20-28-32-643622/provision.log\u001b[0m</rich_update>"</sky-payload>
<sky-payload>"<rich_update>[bold cyan]Launching[/]  \u001b[2mView logs: sky api logs -l sky-2025-03-17-20-28-32-643622/provision.log\u001b[0m</rich_update>"</sky-payload>
I 03-17 20:30:11 cloud_vm_ray_backend.py:1520] [0m⚙︎ Launching on AWS ca-central-1[0m (ca-central-1a,ca-central-1b).
[2mW 03-17 20:30:14 instance.py:243] create_instances: Attempt failed with An error occurred (VcpuLimitExceeded) when calling the RunInstances operation: You have requested more vCPU capacity than your current vCPU limit of 64 allows for the instance bucket that the specified instance type belongs to. Please visit http://aws.amazon.com/contact-us/ec2-request to request an adjustment to this limit.[0m
[2mW 03-17 20:30:15 instance.py:243] create_instances: Attempt failed with An error occurred (VcpuLimitExceeded) when calling the RunInstances operation: You have requested more vCPU capacity than your current vCPU limit of 64 allows for the instance bucket that the specified instance type belongs to. Please visit http://aws.amazon.com/contact-us/ec2-request to request an adjustment to this limit.[0m
W 03-17 20:30:15 cloud_vm_ray_backend.py:2061] sky.exceptions.ResourcesUnavailableError: Failed to acquire resources in all zones in ca-central-1 for {AWS(cpus=4, {'L4': 1})}. 
W 03-17 20:30:15 cloud_vm_ray_backend.py:2097] 
W 03-17 20:30:15 cloud_vm_ray_backend.py:2097] [0m[33m↺[0m Trying other potential resources.
<sky-payload>"<rich_update>[bold cyan]Looking for resources[/]  \u001b[2mView logs: sky api logs -l sky-2025-03-17-20-28-32-643622/provision.log\u001b[0m</rich_update>"</sky-payload>
<sky-payload>"<rich_update>[bold cyan]Optimizing[/]</rich_update>"</sky-payload>
<sky-payload>"<rich_start>[bold cyan]Launching[/]</rich_start>"</sky-payload>
I 03-17 20:30:15 optimizer.py:736] [1mTarget:[0m minimizing cost
I 03-17 20:30:15 optimizer.py:749] [1mEstimated cost: [0m$1.0 / hour
I 03-17 20:30:15 optimizer.py:749] 
I 03-17 20:30:15 optimizer.py:884] Considered resources (1 node):
I 03-17 20:30:15 optimizer.py:952] ----------------------------------------------------------------------------------------
I 03-17 20:30:15 optimizer.py:952]  CLOUD   INSTANCE    vCPUs   Mem(GB)   ACCELERATORS   REGION/ZONE   COST ($)   CHOSEN   
I 03-17 20:30:15 optimizer.py:952] ----------------------------------------------------------------------------------------
I 03-17 20:30:15 optimizer.py:952]  AWS     g6.xlarge   4       16        L4:1           ap-south-1    0.97       [32m   ✔[0m     
I 03-17 20:30:15 optimizer.py:952] ----------------------------------------------------------------------------------------
<sky-payload>"<rich_update>[bold cyan]Looking for resources[/]  \u001b[2mView logs: sky api logs -l sky-2025-03-17-20-28-32-643622/provision.log\u001b[0m</rich_update>"</sky-payload>
<sky-payload>"<rich_update>[bold cyan]Launching[/]  \u001b[2mView logs: sky api logs -l sky-2025-03-17-20-28-32-643622/provision.log\u001b[0m</rich_update>"</sky-payload>
I 03-17 20:30:15 cloud_vm_ray_backend.py:1520] [0m⚙︎ Launching on AWS ap-south-1[0m (ap-south-1a,ap-south-1b).
<sky-payload>"<rich_update>[bold cyan]Launching - Checking instance status[/]  \u001b[2mView logs: sky api logs -l sky-2025-03-17-20-28-32-643622/provision.log\u001b[0m</rich_update>"</sky-payload>
<sky-payload>"<rich_update>[bold cyan]Launching - Waiting for SSH access[/]  \u001b[2mView logs: sky api logs -l sky-2025-03-17-20-28-32-643622/provision.log\u001b[0m</rich_update>"</sky-payload>
<sky-payload>"<rich_start>[bold cyan]Launching[/]</rich_start>"</sky-payload>
I 03-17 20:30:46 provisioner.py:451] [2m└── [0m[2mInstance is up.[0m
<sky-payload>"<rich_update>[bold cyan]Preparing SkyPilot runtime (1/3 - initializing)[/]  \u001b[2mView logs: sky api logs -l sky-2025-03-17-20-28-32-643622/provision.log\u001b[0m</rich_update>"</sky-payload>
<sky-payload>"<rich_update>[bold cyan]Preparing SkyPilot runtime (2/3 - dependencies)[/]  \u001b[2mView logs: sky api logs -l sky-2025-03-17-20-28-32-643622/provision.log\u001b[0m</rich_update>"</sky-payload>
<sky-payload>"<rich_update>[bold cyan]Preparing SkyPilot runtime (3/3 - runtime)[/]  \u001b[2mView logs: sky api logs -l sky-2025-03-17-20-28-32-643622/provision.log\u001b[0m</rich_update>"</sky-payload>
<sky-payload>"<rich_update>[bold cyan]Launching - Checking instance status[/]  \u001b[2mView logs: sky api logs -l sky-2025-03-17-20-28-32-643622/provision.log\u001b[0m</rich_update>"</sky-payload>
I 03-17 20:31:15 provisioner.py:632] [0m[32m✓ Cluster launched: compute-text-vectors-419.[0m  [2mView logs: sky api logs -l sky-2025-03-17-20-28-32-643622/provision.log[0m
<sky-payload>"<rich_exit></rich_exit>"</sky-payload>
I 03-17 20:31:15 execution.py:332] [0m⚙︎ Syncing files.
<sky-payload>"<rich_init>[bold cyan]Syncing files[/]</rich_init>"</sky-payload>
<sky-payload>"<rich_update>[bold cyan]Syncing files[/]</rich_update>"</sky-payload>
<sky-payload>"<rich_start>[bold cyan]Syncing files[/]</rich_start>"</sky-payload>
<sky-payload>"<rich_update>[bold cyan]Syncing file mounts[/]  \u001b[2mView logs: sky api logs -l sky-2025-03-17-20-28-32-643622/file_mounts.log\u001b[0m</rich_update>"</sky-payload>
I 03-17 20:31:15 backend_utils.py:1315]   [2mSyncing (to 1 node): s3://skypilot-filemounts-root-726f1974-hnor9d4t/job-hnor9d4t/workdir -> ~/sky_workdir[0m
I 03-17 20:31:18 cloud_vm_ray_backend.py:4801] [0m[32m✓ Synced file_mounts.[0m  [2mView logs: sky api logs -l sky-2025-03-17-20-28-32-643622/file_mounts.log[0m
<sky-payload>"<rich_update>[bold cyan]Mounting 1 storage[/]  \u001b[2mView logs: sky api logs -l sky-2025-03-17-20-28-32-643622/storage_mounts.log\u001b[0m</rich_update>"</sky-payload>
I 03-17 20:31:18 backend_utils.py:1315]   [2mMounting (to 1 node): s3://sky-text-embeddings-multi-cluster-final -> /output[0m
I 03-17 20:31:22 cloud_vm_ray_backend.py:4892] [0m[32m✓ Storage mounted.[0m  [2mView logs: sky api logs -l sky-2025-03-17-20-28-32-643622/storage_mounts.log[0m
<sky-payload>"<rich_exit></rich_exit>"</sky-payload>
<sky-payload>"<rich_init>[bold cyan]Running setup[/]</rich_init>"</sky-payload>
<sky-payload>"<rich_update>[bold cyan]Running setup[/]</rich_update>"</sky-payload>
<sky-payload>"<rich_start>[bold cyan]Running setup[/]</rich_start>"</sky-payload>
<sky-payload>"<rich_stop></rich_stop>"</sky-payload>
I 03-17 20:31:26 cloud_vm_ray_backend.py:3357] [0m[32m✓ Setup detached.[0m
<sky-payload>"<rich_exit></rich_exit>"</sky-payload>
<sky-payload>"<rich_init>[bold cyan]Submitting job[/]</rich_init>"</sky-payload>
<sky-payload>"<rich_update>[bold cyan]Submitting job[/]</rich_update>"</sky-payload>
<sky-payload>"<rich_start>[bold cyan]Submitting job[/]</rich_start>"</sky-payload>
I 03-17 20:31:29 cloud_vm_ray_backend.py:3460] [0m⚙︎ Job submitted, ID: 1
<sky-payload>"<rich_stop></rich_stop>"</sky-payload>
<sky-payload>"<rich_exit></rich_exit>"</sky-payload>

[?25hI 03-17 20:31:29 recovery_strategy.py:289] Managed job cluster launched.
I 03-17 20:31:33 utils.py:131] === Checking the job status... ===
I 03-17 20:31:34 utils.py:137] Job status: JobStatus.SETTING_UP
I 03-17 20:31:34 utils.py:140] ==================================
I 03-17 20:31:35 state.py:471] Job started.
I 03-17 20:31:55 utils.py:131] === Checking the job status... ===
I 03-17 20:31:56 utils.py:137] Job status: JobStatus.SETTING_UP
I 03-17 20:31:56 utils.py:140] ==================================
I 03-17 20:32:16 utils.py:131] === Checking the job status... ===
I 03-17 20:32:17 utils.py:137] Job status: JobStatus.SETTING_UP
I 03-17 20:32:17 utils.py:140] ==================================
I 03-17 20:32:38 utils.py:131] === Checking the job status... ===
I 03-17 20:32:39 utils.py:137] Job status: JobStatus.SETTING_UP
I 03-17 20:32:39 utils.py:140] ==================================
I 03-17 20:32:59 utils.py:131] === Checking the job status... ===
I 03-17 20:33:00 utils.py:137] Job status: JobStatus.SETTING_UP
I 03-17 20:33:00 utils.py:140] ==================================
I 03-17 20:33:20 utils.py:131] === Checking the job status... ===
I 03-17 20:33:21 utils.py:137] Job status: JobStatus.SETTING_UP
I 03-17 20:33:21 utils.py:140] ==================================
I 03-17 20:33:41 utils.py:131] === Checking the job status... ===
I 03-17 20:33:42 utils.py:137] Job status: JobStatus.RUNNING
I 03-17 20:33:42 utils.py:140] ==================================
I 03-17 20:34:02 utils.py:131] === Checking the job status... ===
I 03-17 20:34:03 utils.py:137] Job status: JobStatus.RUNNING
I 03-17 20:34:03 utils.py:140] ==================================
I 03-17 20:34:23 utils.py:131] === Checking the job status... ===
I 03-17 20:34:24 utils.py:137] Job status: JobStatus.RUNNING
I 03-17 20:34:24 utils.py:140] ==================================
I 03-17 20:34:44 utils.py:131] === Checking the job status... ===
I 03-17 20:34:45 utils.py:137] Job status: JobStatus.RUNNING
I 03-17 20:34:45 utils.py:140] ==================================
I 03-17 20:35:05 utils.py:131] === Checking the job status... ===
I 03-17 20:35:06 utils.py:137] Job status: JobStatus.RUNNING
I 03-17 20:35:06 utils.py:140] ==================================
I 03-17 20:35:27 utils.py:131] === Checking the job status... ===
I 03-17 20:35:28 utils.py:137] Job status: JobStatus.RUNNING
I 03-17 20:35:28 utils.py:140] ==================================
I 03-17 20:35:48 utils.py:131] === Checking the job status... ===
I 03-17 20:35:49 utils.py:137] Job status: JobStatus.RUNNING
I 03-17 20:35:49 utils.py:140] ==================================
I 03-17 20:36:09 utils.py:131] === Checking the job status... ===
I 03-17 20:36:10 utils.py:137] Job status: JobStatus.RUNNING
I 03-17 20:36:10 utils.py:140] ==================================
I 03-17 20:36:30 utils.py:131] === Checking the job status... ===
I 03-17 20:36:31 utils.py:137] Job status: JobStatus.RUNNING
I 03-17 20:36:31 utils.py:140] ==================================
I 03-17 20:36:51 utils.py:131] === Checking the job status... ===
I 03-17 20:36:52 utils.py:137] Job status: JobStatus.RUNNING
I 03-17 20:36:52 utils.py:140] ==================================
I 03-17 20:37:12 utils.py:131] === Checking the job status... ===
I 03-17 20:37:13 utils.py:137] Job status: JobStatus.RUNNING
I 03-17 20:37:13 utils.py:140] ==================================
I 03-17 20:37:33 utils.py:131] === Checking the job status... ===
I 03-17 20:37:34 utils.py:137] Job status: JobStatus.RUNNING
I 03-17 20:37:34 utils.py:140] ==================================
I 03-17 20:37:54 utils.py:131] === Checking the job status... ===
I 03-17 20:37:55 utils.py:137] Job status: JobStatus.RUNNING
I 03-17 20:37:55 utils.py:140] ==================================
I 03-17 20:38:15 utils.py:131] === Checking the job status... ===
I 03-17 20:38:16 utils.py:137] Job status: JobStatus.RUNNING
I 03-17 20:38:16 utils.py:140] ==================================
I 03-17 20:38:36 utils.py:131] === Checking the job status... ===
I 03-17 20:38:37 utils.py:137] Job status: JobStatus.RUNNING
I 03-17 20:38:37 utils.py:140] ==================================
I 03-17 20:38:58 utils.py:131] === Checking the job status... ===
I 03-17 20:38:58 utils.py:137] Job status: JobStatus.RUNNING
I 03-17 20:38:58 utils.py:140] ==================================
I 03-17 20:39:19 utils.py:131] === Checking the job status... ===
I 03-17 20:39:20 utils.py:137] Job status: JobStatus.RUNNING
I 03-17 20:39:20 utils.py:140] ==================================
I 03-17 20:39:40 utils.py:131] === Checking the job status... ===
I 03-17 20:39:41 utils.py:137] Job status: JobStatus.RUNNING
I 03-17 20:39:41 utils.py:140] ==================================
I 03-17 20:40:01 utils.py:131] === Checking the job status... ===
I 03-17 20:40:02 utils.py:137] Job status: JobStatus.RUNNING
I 03-17 20:40:02 utils.py:140] ==================================
I 03-17 20:40:22 utils.py:131] === Checking the job status... ===
I 03-17 20:40:23 utils.py:137] Job status: JobStatus.RUNNING
I 03-17 20:40:23 utils.py:140] ==================================
I 03-17 20:40:43 utils.py:131] === Checking the job status... ===
I 03-17 20:40:44 utils.py:137] Job status: JobStatus.RUNNING
I 03-17 20:40:44 utils.py:140] ==================================
I 03-17 20:41:04 utils.py:131] === Checking the job status... ===
I 03-17 20:41:05 utils.py:137] Job status: JobStatus.RUNNING
I 03-17 20:41:05 utils.py:140] ==================================
I 03-17 20:41:25 utils.py:131] === Checking the job status... ===
I 03-17 20:41:26 utils.py:137] Job status: JobStatus.RUNNING
I 03-17 20:41:26 utils.py:140] ==================================
I 03-17 20:41:46 utils.py:131] === Checking the job status... ===
I 03-17 20:41:47 utils.py:137] Job status: JobStatus.RUNNING
I 03-17 20:41:47 utils.py:140] ==================================
I 03-17 20:42:07 utils.py:131] === Checking the job status... ===
I 03-17 20:42:08 utils.py:137] Job status: JobStatus.RUNNING
I 03-17 20:42:08 utils.py:140] ==================================
I 03-17 20:42:28 utils.py:131] === Checking the job status... ===
I 03-17 20:42:29 utils.py:137] Job status: JobStatus.RUNNING
I 03-17 20:42:29 utils.py:140] ==================================
I 03-17 20:42:50 utils.py:131] === Checking the job status... ===
I 03-17 20:42:51 utils.py:137] Job status: JobStatus.RUNNING
I 03-17 20:42:51 utils.py:140] ==================================
I 03-17 20:43:11 utils.py:131] === Checking the job status... ===
I 03-17 20:43:12 utils.py:137] Job status: JobStatus.RUNNING
I 03-17 20:43:12 utils.py:140] ==================================
I 03-17 20:43:32 utils.py:131] === Checking the job status... ===
I 03-17 20:43:33 utils.py:137] Job status: JobStatus.RUNNING
I 03-17 20:43:33 utils.py:140] ==================================
I 03-17 20:43:53 utils.py:131] === Checking the job status... ===
I 03-17 20:43:54 utils.py:137] Job status: JobStatus.RUNNING
I 03-17 20:43:54 utils.py:140] ==================================
I 03-17 20:44:14 utils.py:131] === Checking the job status... ===
I 03-17 20:44:15 utils.py:137] Job status: JobStatus.RUNNING
I 03-17 20:44:15 utils.py:140] ==================================
I 03-17 20:44:35 utils.py:131] === Checking the job status... ===
I 03-17 20:44:36 utils.py:137] Job status: JobStatus.RUNNING
I 03-17 20:44:36 utils.py:140] ==================================
I 03-17 20:44:56 utils.py:131] === Checking the job status... ===
I 03-17 20:44:57 utils.py:137] Job status: JobStatus.RUNNING
I 03-17 20:44:57 utils.py:140] ==================================
I 03-17 20:45:17 utils.py:131] === Checking the job status... ===
I 03-17 20:45:18 utils.py:137] Job status: JobStatus.RUNNING
I 03-17 20:45:18 utils.py:140] ==================================
I 03-17 20:45:38 utils.py:131] === Checking the job status... ===
I 03-17 20:45:39 utils.py:137] Job status: JobStatus.RUNNING
I 03-17 20:45:39 utils.py:140] ==================================
I 03-17 20:45:59 utils.py:131] === Checking the job status... ===
I 03-17 20:46:00 utils.py:137] Job status: JobStatus.RUNNING
I 03-17 20:46:00 utils.py:140] ==================================
I 03-17 20:46:21 utils.py:131] === Checking the job status... ===
I 03-17 20:46:22 utils.py:137] Job status: JobStatus.RUNNING
I 03-17 20:46:22 utils.py:140] ==================================
I 03-17 20:46:42 utils.py:131] === Checking the job status... ===
I 03-17 20:46:43 utils.py:137] Job status: JobStatus.RUNNING
I 03-17 20:46:43 utils.py:140] ==================================
I 03-17 20:47:03 utils.py:131] === Checking the job status... ===
I 03-17 20:47:04 utils.py:137] Job status: JobStatus.RUNNING
I 03-17 20:47:04 utils.py:140] ==================================
I 03-17 20:47:24 utils.py:131] === Checking the job status... ===
I 03-17 20:47:25 utils.py:137] Job status: JobStatus.RUNNING
I 03-17 20:47:25 utils.py:140] ==================================
I 03-17 20:47:45 utils.py:131] === Checking the job status... ===
I 03-17 20:47:46 utils.py:137] Job status: JobStatus.RUNNING
I 03-17 20:47:46 utils.py:140] ==================================
I 03-17 20:48:06 utils.py:131] === Checking the job status... ===
I 03-17 20:48:07 utils.py:137] Job status: JobStatus.RUNNING
I 03-17 20:48:07 utils.py:140] ==================================
I 03-17 20:48:27 utils.py:131] === Checking the job status... ===
I 03-17 20:48:28 utils.py:137] Job status: JobStatus.RUNNING
I 03-17 20:48:28 utils.py:140] ==================================
I 03-17 20:48:48 utils.py:131] === Checking the job status... ===
I 03-17 20:48:49 utils.py:137] Job status: JobStatus.RUNNING
I 03-17 20:48:49 utils.py:140] ==================================
I 03-17 20:49:09 utils.py:131] === Checking the job status... ===
I 03-17 20:49:10 utils.py:137] Job status: JobStatus.RUNNING
I 03-17 20:49:10 utils.py:140] ==================================
I 03-17 20:49:30 utils.py:131] === Checking the job status... ===
I 03-17 20:49:31 utils.py:137] Job status: JobStatus.RUNNING
I 03-17 20:49:31 utils.py:140] ==================================
I 03-17 20:49:52 utils.py:131] === Checking the job status... ===
I 03-17 20:49:53 utils.py:137] Job status: JobStatus.RUNNING
I 03-17 20:49:53 utils.py:140] ==================================
I 03-17 20:50:13 utils.py:131] === Checking the job status... ===
I 03-17 20:50:14 utils.py:137] Job status: JobStatus.RUNNING
I 03-17 20:50:14 utils.py:140] ==================================
I 03-17 20:50:34 utils.py:131] === Checking the job status... ===
I 03-17 20:50:35 utils.py:137] Job status: JobStatus.RUNNING
I 03-17 20:50:35 utils.py:140] ==================================
I 03-17 20:50:55 utils.py:131] === Checking the job status... ===
I 03-17 20:50:56 utils.py:137] Job status: JobStatus.RUNNING
I 03-17 20:50:56 utils.py:140] ==================================
I 03-17 20:51:16 utils.py:131] === Checking the job status... ===
I 03-17 20:51:17 utils.py:137] Job status: JobStatus.RUNNING
I 03-17 20:51:17 utils.py:140] ==================================
I 03-17 20:51:37 utils.py:131] === Checking the job status... ===
I 03-17 20:51:38 utils.py:137] Job status: JobStatus.RUNNING
I 03-17 20:51:38 utils.py:140] ==================================
I 03-17 20:51:58 utils.py:131] === Checking the job status... ===
I 03-17 20:51:59 utils.py:137] Job status: JobStatus.RUNNING
I 03-17 20:51:59 utils.py:140] ==================================
