I 03-17 20:29:07 controller.py:59] DAG:
I 03-17 20:29:07 controller.py:59] [Task<name=compute-text-vectors>(run='# Initialize and dow...')
I 03-17 20:29:07 controller.py:59]   resources: AWS(cpus=4, {'L4': 1})]
I 03-17 20:29:07 controller.py:195] Submitted managed job 444 (task: 0, name: 'compute-text-vectors'); SKYPILOT_TASK_ID: sky-managed-2025-03-17-20-29-07-371566_compute-text-vectors_444-0
I 03-17 20:29:07 controller.py:199] Started monitoring.
I 03-17 20:29:07 state.py:451] Launching the spot cluster...
I 03-17 20:29:07 storage.py:1058] Storage type StoreType.S3 already exists.
<sky-payload>"<rich_init>[bold cyan]Optimizing[/]</rich_init>"</sky-payload>
<sky-payload>"<rich_update>[bold cyan]Optimizing[/]</rich_update>"</sky-payload>
<sky-payload>"<rich_start>[bold cyan]Optimizing[/]</rich_start>"</sky-payload>
I 03-17 20:29:08 optimizer.py:736] [1mTarget:[0m minimizing cost
I 03-17 20:29:08 optimizer.py:749] [1mEstimated cost: [0m$0.8 / hour
I 03-17 20:29:08 optimizer.py:749] 
I 03-17 20:29:08 optimizer.py:884] Considered resources (1 node):
I 03-17 20:29:08 optimizer.py:952] ----------------------------------------------------------------------------------------
I 03-17 20:29:08 optimizer.py:952]  CLOUD   INSTANCE    vCPUs   Mem(GB)   ACCELERATORS   REGION/ZONE   COST ($)   CHOSEN   
I 03-17 20:29:08 optimizer.py:952] ----------------------------------------------------------------------------------------
I 03-17 20:29:08 optimizer.py:952]  AWS     g6.xlarge   4       16        L4:1           us-east-1     0.80       [32m   ✔[0m     
I 03-17 20:29:08 optimizer.py:952] ----------------------------------------------------------------------------------------
<sky-payload>"<rich_exit></rich_exit>"</sky-payload>
<sky-payload>"<rich_init>[bold cyan]Launching[/]</rich_init>"</sky-payload>
<sky-payload>"<rich_update>[bold cyan]Launching[/]</rich_update>"</sky-payload>
<sky-payload>"<rich_start>[bold cyan]Launching[/]</rich_start>"</sky-payload>
<sky-payload>"<rich_update>[bold cyan]Launching[/]  \u001b[2mView logs: sky api logs -l sky-2025-03-17-20-29-08-054224/provision.log\u001b[0m</rich_update>"</sky-payload>
<sky-payload>"<rich_update>[bold cyan]Launching[/]  \u001b[2mView logs: sky api logs -l sky-2025-03-17-20-29-08-054224/provision.log\u001b[0m</rich_update>"</sky-payload>
I 03-17 20:29:08 cloud_vm_ray_backend.py:1520] [0m⚙︎ Launching on AWS us-east-1[0m (us-east-1a,us-east-1b,us-east-1c,us-east-1d).
[2mW 03-17 20:29:47 instance.py:243] create_instances: Attempt failed with An error occurred (VcpuLimitExceeded) when calling the RunInstances operation: You have requested more vCPU capacity than your current vCPU limit of 64 allows for the instance bucket that the specified instance type belongs to. Please visit http://aws.amazon.com/contact-us/ec2-request to request an adjustment to this limit.[0m
[2mW 03-17 20:29:48 instance.py:243] create_instances: Attempt failed with An error occurred (VcpuLimitExceeded) when calling the RunInstances operation: You have requested more vCPU capacity than your current vCPU limit of 64 allows for the instance bucket that the specified instance type belongs to. Please visit http://aws.amazon.com/contact-us/ec2-request to request an adjustment to this limit.[0m
[2mW 03-17 20:30:01 instance.py:243] create_instances: Attempt failed with An error occurred (VcpuLimitExceeded) when calling the RunInstances operation: You have requested more vCPU capacity than your current vCPU limit of 64 allows for the instance bucket that the specified instance type belongs to. Please visit http://aws.amazon.com/contact-us/ec2-request to request an adjustment to this limit.[0m
W 03-17 20:30:01 cloud_vm_ray_backend.py:2061] sky.exceptions.ResourcesUnavailableError: Failed to acquire resources in all zones in us-east-1 for {AWS(cpus=4, {'L4': 1})}. 
W 03-17 20:30:01 cloud_vm_ray_backend.py:2097] 
W 03-17 20:30:01 cloud_vm_ray_backend.py:2097] [0m[33m↺[0m Trying other potential resources.
<sky-payload>"<rich_update>[bold cyan]Looking for resources[/]  \u001b[2mView logs: sky api logs -l sky-2025-03-17-20-29-08-054224/provision.log\u001b[0m</rich_update>"</sky-payload>
<sky-payload>"<rich_update>[bold cyan]Optimizing[/]</rich_update>"</sky-payload>
<sky-payload>"<rich_start>[bold cyan]Launching[/]</rich_start>"</sky-payload>
I 03-17 20:30:01 optimizer.py:736] [1mTarget:[0m minimizing cost
I 03-17 20:30:01 optimizer.py:749] [1mEstimated cost: [0m$0.8 / hour
I 03-17 20:30:01 optimizer.py:749] 
I 03-17 20:30:01 optimizer.py:884] Considered resources (1 node):
I 03-17 20:30:01 optimizer.py:952] ----------------------------------------------------------------------------------------
I 03-17 20:30:01 optimizer.py:952]  CLOUD   INSTANCE    vCPUs   Mem(GB)   ACCELERATORS   REGION/ZONE   COST ($)   CHOSEN   
I 03-17 20:30:01 optimizer.py:952] ----------------------------------------------------------------------------------------
I 03-17 20:30:01 optimizer.py:952]  AWS     g6.xlarge   4       16        L4:1           us-east-2     0.80       [32m   ✔[0m     
I 03-17 20:30:01 optimizer.py:952] ----------------------------------------------------------------------------------------
<sky-payload>"<rich_update>[bold cyan]Looking for resources[/]  \u001b[2mView logs: sky api logs -l sky-2025-03-17-20-29-08-054224/provision.log\u001b[0m</rich_update>"</sky-payload>
<sky-payload>"<rich_update>[bold cyan]Launching[/]  \u001b[2mView logs: sky api logs -l sky-2025-03-17-20-29-08-054224/provision.log\u001b[0m</rich_update>"</sky-payload>
I 03-17 20:30:01 cloud_vm_ray_backend.py:1520] [0m⚙︎ Launching on AWS us-east-2[0m (us-east-2a,us-east-2b,us-east-2c).
[2mW 03-17 20:30:04 instance.py:243] create_instances: Attempt failed with An error occurred (VcpuLimitExceeded) when calling the RunInstances operation: You have requested more vCPU capacity than your current vCPU limit of 128 allows for the instance bucket that the specified instance type belongs to. Please visit http://aws.amazon.com/contact-us/ec2-request to request an adjustment to this limit.[0m
[2mW 03-17 20:30:05 instance.py:243] create_instances: Attempt failed with An error occurred (VcpuLimitExceeded) when calling the RunInstances operation: You have requested more vCPU capacity than your current vCPU limit of 128 allows for the instance bucket that the specified instance type belongs to. Please visit http://aws.amazon.com/contact-us/ec2-request to request an adjustment to this limit.[0m
[2mW 03-17 20:30:06 instance.py:243] create_instances: Attempt failed with An error occurred (VcpuLimitExceeded) when calling the RunInstances operation: You have requested more vCPU capacity than your current vCPU limit of 128 allows for the instance bucket that the specified instance type belongs to. Please visit http://aws.amazon.com/contact-us/ec2-request to request an adjustment to this limit.[0m
W 03-17 20:30:07 cloud_vm_ray_backend.py:2061] sky.exceptions.ResourcesUnavailableError: Failed to acquire resources in all zones in us-east-2 for {AWS(cpus=4, {'L4': 1})}. 
W 03-17 20:30:07 cloud_vm_ray_backend.py:2097] 
W 03-17 20:30:07 cloud_vm_ray_backend.py:2097] [0m[33m↺[0m Trying other potential resources.
<sky-payload>"<rich_update>[bold cyan]Looking for resources[/]  \u001b[2mView logs: sky api logs -l sky-2025-03-17-20-29-08-054224/provision.log\u001b[0m</rich_update>"</sky-payload>
<sky-payload>"<rich_update>[bold cyan]Optimizing[/]</rich_update>"</sky-payload>
<sky-payload>"<rich_start>[bold cyan]Launching[/]</rich_start>"</sky-payload>
I 03-17 20:30:07 optimizer.py:736] [1mTarget:[0m minimizing cost
I 03-17 20:30:07 optimizer.py:749] [1mEstimated cost: [0m$0.8 / hour
I 03-17 20:30:07 optimizer.py:749] 
I 03-17 20:30:07 optimizer.py:884] Considered resources (1 node):
I 03-17 20:30:07 optimizer.py:952] ----------------------------------------------------------------------------------------
I 03-17 20:30:07 optimizer.py:952]  CLOUD   INSTANCE    vCPUs   Mem(GB)   ACCELERATORS   REGION/ZONE   COST ($)   CHOSEN   
I 03-17 20:30:07 optimizer.py:952] ----------------------------------------------------------------------------------------
I 03-17 20:30:07 optimizer.py:952]  AWS     g6.xlarge   4       16        L4:1           us-west-2     0.80       [32m   ✔[0m     
I 03-17 20:30:07 optimizer.py:952] ----------------------------------------------------------------------------------------
<sky-payload>"<rich_update>[bold cyan]Looking for resources[/]  \u001b[2mView logs: sky api logs -l sky-2025-03-17-20-29-08-054224/provision.log\u001b[0m</rich_update>"</sky-payload>
<sky-payload>"<rich_update>[bold cyan]Launching[/]  \u001b[2mView logs: sky api logs -l sky-2025-03-17-20-29-08-054224/provision.log\u001b[0m</rich_update>"</sky-payload>
I 03-17 20:30:07 cloud_vm_ray_backend.py:1520] [0m⚙︎ Launching on AWS us-west-2[0m (us-west-2a,us-west-2b,us-west-2c,us-west-2d).
[2mW 03-17 20:30:22 instance.py:243] create_instances: Attempt failed with An error occurred (VcpuLimitExceeded) when calling the RunInstances operation: You have requested more vCPU capacity than your current vCPU limit of 64 allows for the instance bucket that the specified instance type belongs to. Please visit http://aws.amazon.com/contact-us/ec2-request to request an adjustment to this limit.[0m
[2mW 03-17 20:30:43 instance.py:243] create_instances: Attempt failed with An error occurred (VcpuLimitExceeded) when calling the RunInstances operation: You have requested more vCPU capacity than your current vCPU limit of 64 allows for the instance bucket that the specified instance type belongs to. Please visit http://aws.amazon.com/contact-us/ec2-request to request an adjustment to this limit.[0m
[2mW 03-17 20:31:05 instance.py:243] create_instances: Attempt failed with An error occurred (VcpuLimitExceeded) when calling the RunInstances operation: You have requested more vCPU capacity than your current vCPU limit of 64 allows for the instance bucket that the specified instance type belongs to. Please visit http://aws.amazon.com/contact-us/ec2-request to request an adjustment to this limit.[0m
[2mW 03-17 20:31:10 instance.py:243] create_instances: Attempt failed with An error occurred (VcpuLimitExceeded) when calling the RunInstances operation: You have requested more vCPU capacity than your current vCPU limit of 64 allows for the instance bucket that the specified instance type belongs to. Please visit http://aws.amazon.com/contact-us/ec2-request to request an adjustment to this limit.[0m
W 03-17 20:31:11 cloud_vm_ray_backend.py:2061] sky.exceptions.ResourcesUnavailableError: Failed to acquire resources in all zones in us-west-2 for {AWS(cpus=4, {'L4': 1})}. 
W 03-17 20:31:11 cloud_vm_ray_backend.py:2097] 
W 03-17 20:31:11 cloud_vm_ray_backend.py:2097] [0m[33m↺[0m Trying other potential resources.
<sky-payload>"<rich_update>[bold cyan]Looking for resources[/]  \u001b[2mView logs: sky api logs -l sky-2025-03-17-20-29-08-054224/provision.log\u001b[0m</rich_update>"</sky-payload>
<sky-payload>"<rich_update>[bold cyan]Optimizing[/]</rich_update>"</sky-payload>
<sky-payload>"<rich_start>[bold cyan]Launching[/]</rich_start>"</sky-payload>
I 03-17 20:31:11 optimizer.py:736] [1mTarget:[0m minimizing cost
I 03-17 20:31:11 optimizer.py:749] [1mEstimated cost: [0m$0.9 / hour
I 03-17 20:31:11 optimizer.py:749] 
I 03-17 20:31:11 optimizer.py:884] Considered resources (1 node):
I 03-17 20:31:11 optimizer.py:952] ----------------------------------------------------------------------------------------
I 03-17 20:31:11 optimizer.py:952]  CLOUD   INSTANCE    vCPUs   Mem(GB)   ACCELERATORS   REGION/ZONE   COST ($)   CHOSEN   
I 03-17 20:31:11 optimizer.py:952] ----------------------------------------------------------------------------------------
I 03-17 20:31:11 optimizer.py:952]  AWS     g6.xlarge   4       16        L4:1           eu-north-1    0.85       [32m   ✔[0m     
I 03-17 20:31:11 optimizer.py:952] ----------------------------------------------------------------------------------------
<sky-payload>"<rich_update>[bold cyan]Looking for resources[/]  \u001b[2mView logs: sky api logs -l sky-2025-03-17-20-29-08-054224/provision.log\u001b[0m</rich_update>"</sky-payload>
<sky-payload>"<rich_update>[bold cyan]Launching[/]  \u001b[2mView logs: sky api logs -l sky-2025-03-17-20-29-08-054224/provision.log\u001b[0m</rich_update>"</sky-payload>
I 03-17 20:31:11 cloud_vm_ray_backend.py:1520] [0m⚙︎ Launching on AWS eu-north-1[0m (eu-north-1a,eu-north-1b).
[2mW 03-17 20:31:18 instance.py:243] create_instances: Attempt failed with An error occurred (VcpuLimitExceeded) when calling the RunInstances operation: You have requested more vCPU capacity than your current vCPU limit of 64 allows for the instance bucket that the specified instance type belongs to. Please visit http://aws.amazon.com/contact-us/ec2-request to request an adjustment to this limit.[0m
[2mW 03-17 20:31:20 instance.py:243] create_instances: Attempt failed with An error occurred (VcpuLimitExceeded) when calling the RunInstances operation: You have requested more vCPU capacity than your current vCPU limit of 64 allows for the instance bucket that the specified instance type belongs to. Please visit http://aws.amazon.com/contact-us/ec2-request to request an adjustment to this limit.[0m
W 03-17 20:31:21 cloud_vm_ray_backend.py:2061] sky.exceptions.ResourcesUnavailableError: Failed to acquire resources in all zones in eu-north-1 for {AWS(cpus=4, {'L4': 1})}. 
W 03-17 20:31:21 cloud_vm_ray_backend.py:2097] 
W 03-17 20:31:21 cloud_vm_ray_backend.py:2097] [0m[33m↺[0m Trying other potential resources.
<sky-payload>"<rich_update>[bold cyan]Looking for resources[/]  \u001b[2mView logs: sky api logs -l sky-2025-03-17-20-29-08-054224/provision.log\u001b[0m</rich_update>"</sky-payload>
<sky-payload>"<rich_update>[bold cyan]Optimizing[/]</rich_update>"</sky-payload>
<sky-payload>"<rich_start>[bold cyan]Launching[/]</rich_start>"</sky-payload>
I 03-17 20:31:21 optimizer.py:736] [1mTarget:[0m minimizing cost
I 03-17 20:31:21 optimizer.py:749] [1mEstimated cost: [0m$0.9 / hour
I 03-17 20:31:21 optimizer.py:749] 
I 03-17 20:31:21 optimizer.py:884] Considered resources (1 node):
I 03-17 20:31:21 optimizer.py:952] -----------------------------------------------------------------------------------------
I 03-17 20:31:21 optimizer.py:952]  CLOUD   INSTANCE    vCPUs   Mem(GB)   ACCELERATORS   REGION/ZONE    COST ($)   CHOSEN   
I 03-17 20:31:21 optimizer.py:952] -----------------------------------------------------------------------------------------
I 03-17 20:31:21 optimizer.py:952]  AWS     g6.xlarge   4       16        L4:1           ca-central-1   0.89       [32m   ✔[0m     
I 03-17 20:31:21 optimizer.py:952] -----------------------------------------------------------------------------------------
<sky-payload>"<rich_update>[bold cyan]Looking for resources[/]  \u001b[2mView logs: sky api logs -l sky-2025-03-17-20-29-08-054224/provision.log\u001b[0m</rich_update>"</sky-payload>
<sky-payload>"<rich_update>[bold cyan]Launching[/]  \u001b[2mView logs: sky api logs -l sky-2025-03-17-20-29-08-054224/provision.log\u001b[0m</rich_update>"</sky-payload>
I 03-17 20:31:22 cloud_vm_ray_backend.py:1520] [0m⚙︎ Launching on AWS ca-central-1[0m (ca-central-1a,ca-central-1b).
[2mW 03-17 20:31:24 instance.py:243] create_instances: Attempt failed with An error occurred (VcpuLimitExceeded) when calling the RunInstances operation: You have requested more vCPU capacity than your current vCPU limit of 64 allows for the instance bucket that the specified instance type belongs to. Please visit http://aws.amazon.com/contact-us/ec2-request to request an adjustment to this limit.[0m
[2mW 03-17 20:31:25 instance.py:243] create_instances: Attempt failed with An error occurred (VcpuLimitExceeded) when calling the RunInstances operation: You have requested more vCPU capacity than your current vCPU limit of 64 allows for the instance bucket that the specified instance type belongs to. Please visit http://aws.amazon.com/contact-us/ec2-request to request an adjustment to this limit.[0m
W 03-17 20:31:26 cloud_vm_ray_backend.py:2061] sky.exceptions.ResourcesUnavailableError: Failed to acquire resources in all zones in ca-central-1 for {AWS(cpus=4, {'L4': 1})}. 
W 03-17 20:31:26 cloud_vm_ray_backend.py:2097] 
W 03-17 20:31:26 cloud_vm_ray_backend.py:2097] [0m[33m↺[0m Trying other potential resources.
<sky-payload>"<rich_update>[bold cyan]Looking for resources[/]  \u001b[2mView logs: sky api logs -l sky-2025-03-17-20-29-08-054224/provision.log\u001b[0m</rich_update>"</sky-payload>
<sky-payload>"<rich_update>[bold cyan]Optimizing[/]</rich_update>"</sky-payload>
<sky-payload>"<rich_start>[bold cyan]Launching[/]</rich_start>"</sky-payload>
I 03-17 20:31:26 optimizer.py:736] [1mTarget:[0m minimizing cost
I 03-17 20:31:26 optimizer.py:749] [1mEstimated cost: [0m$1.0 / hour
I 03-17 20:31:26 optimizer.py:749] 
I 03-17 20:31:26 optimizer.py:884] Considered resources (1 node):
I 03-17 20:31:26 optimizer.py:952] ----------------------------------------------------------------------------------------
I 03-17 20:31:26 optimizer.py:952]  CLOUD   INSTANCE    vCPUs   Mem(GB)   ACCELERATORS   REGION/ZONE   COST ($)   CHOSEN   
I 03-17 20:31:26 optimizer.py:952] ----------------------------------------------------------------------------------------
I 03-17 20:31:26 optimizer.py:952]  AWS     g6.xlarge   4       16        L4:1           ap-south-1    0.97       [32m   ✔[0m     
I 03-17 20:31:26 optimizer.py:952] ----------------------------------------------------------------------------------------
<sky-payload>"<rich_update>[bold cyan]Looking for resources[/]  \u001b[2mView logs: sky api logs -l sky-2025-03-17-20-29-08-054224/provision.log\u001b[0m</rich_update>"</sky-payload>
<sky-payload>"<rich_update>[bold cyan]Launching[/]  \u001b[2mView logs: sky api logs -l sky-2025-03-17-20-29-08-054224/provision.log\u001b[0m</rich_update>"</sky-payload>
I 03-17 20:31:26 cloud_vm_ray_backend.py:1520] [0m⚙︎ Launching on AWS ap-south-1[0m (ap-south-1a,ap-south-1b).
[2mW 03-17 20:31:35 instance.py:243] create_instances: Attempt failed with An error occurred (InsufficientInstanceCapacity) when calling the RunInstances operation (reached max retries: 0): We currently do not have sufficient g6.xlarge capacity in the Availability Zone you requested (ap-south-1a). Our system will be working on provisioning additional capacity. You can currently get g6.xlarge capacity by not specifying an Availability Zone in your request or choosing ap-south-1b.[0m
[2mW 03-17 20:31:37 instance.py:243] create_instances: Attempt failed with An error occurred (InsufficientInstanceCapacity) when calling the RunInstances operation (reached max retries: 0): We currently do not have sufficient g6.xlarge capacity in the Availability Zone you requested (ap-south-1b). Our system will be working on provisioning additional capacity. You can currently get g6.xlarge capacity by not specifying an Availability Zone in your request or choosing ap-south-1a.[0m
W 03-17 20:31:38 cloud_vm_ray_backend.py:2061] sky.exceptions.ResourcesUnavailableError: Failed to acquire resources in all zones in ap-south-1 for {AWS(cpus=4, {'L4': 1})}. 
W 03-17 20:31:38 cloud_vm_ray_backend.py:2097] 
W 03-17 20:31:38 cloud_vm_ray_backend.py:2097] [0m[33m↺[0m Trying other potential resources.
<sky-payload>"<rich_update>[bold cyan]Looking for resources[/]  \u001b[2mView logs: sky api logs -l sky-2025-03-17-20-29-08-054224/provision.log\u001b[0m</rich_update>"</sky-payload>
<sky-payload>"<rich_update>[bold cyan]Optimizing[/]</rich_update>"</sky-payload>
<sky-payload>"<rich_start>[bold cyan]Launching[/]</rich_start>"</sky-payload>
I 03-17 20:31:38 optimizer.py:736] [1mTarget:[0m minimizing cost
I 03-17 20:31:38 optimizer.py:749] [1mEstimated cost: [0m$1.0 / hour
I 03-17 20:31:38 optimizer.py:749] 
I 03-17 20:31:38 optimizer.py:884] Considered resources (1 node):
I 03-17 20:31:38 optimizer.py:952] -------------------------------------------------------------------------------------------
I 03-17 20:31:38 optimizer.py:952]  CLOUD   INSTANCE    vCPUs   Mem(GB)   ACCELERATORS   REGION/ZONE      COST ($)   CHOSEN   
I 03-17 20:31:38 optimizer.py:952] -------------------------------------------------------------------------------------------
I 03-17 20:31:38 optimizer.py:952]  AWS     g6.xlarge   4       16        L4:1           ap-northeast-2   0.99       [32m   ✔[0m     
I 03-17 20:31:38 optimizer.py:952] -------------------------------------------------------------------------------------------
<sky-payload>"<rich_update>[bold cyan]Looking for resources[/]  \u001b[2mView logs: sky api logs -l sky-2025-03-17-20-29-08-054224/provision.log\u001b[0m</rich_update>"</sky-payload>
<sky-payload>"<rich_update>[bold cyan]Launching[/]  \u001b[2mView logs: sky api logs -l sky-2025-03-17-20-29-08-054224/provision.log\u001b[0m</rich_update>"</sky-payload>
I 03-17 20:31:39 cloud_vm_ray_backend.py:1520] [0m⚙︎ Launching on AWS ap-northeast-2[0m (ap-northeast-2a,ap-northeast-2d).
[2mW 03-17 20:31:47 instance.py:243] create_instances: Attempt failed with An error occurred (InsufficientInstanceCapacity) when calling the RunInstances operation (reached max retries: 0): We currently do not have sufficient g6.xlarge capacity in the Availability Zone you requested (ap-northeast-2a). Our system will be working on provisioning additional capacity. You can currently get g6.xlarge capacity by not specifying an Availability Zone in your request or choosing ap-northeast-2d.[0m
[2mW 03-17 20:31:49 instance.py:243] create_instances: Attempt failed with An error occurred (InsufficientInstanceCapacity) when calling the RunInstances operation (reached max retries: 0): We currently do not have sufficient g6.xlarge capacity in the Availability Zone you requested (ap-northeast-2d). Our system will be working on provisioning additional capacity. You can currently get g6.xlarge capacity by not specifying an Availability Zone in your request or choosing ap-northeast-2a.[0m
W 03-17 20:31:50 cloud_vm_ray_backend.py:2061] sky.exceptions.ResourcesUnavailableError: Failed to acquire resources in all zones in ap-northeast-2 for {AWS(cpus=4, {'L4': 1})}. 
W 03-17 20:31:50 cloud_vm_ray_backend.py:2097] 
W 03-17 20:31:50 cloud_vm_ray_backend.py:2097] [0m[33m↺[0m Trying other potential resources.
<sky-payload>"<rich_update>[bold cyan]Looking for resources[/]  \u001b[2mView logs: sky api logs -l sky-2025-03-17-20-29-08-054224/provision.log\u001b[0m</rich_update>"</sky-payload>
<sky-payload>"<rich_update>[bold cyan]Optimizing[/]</rich_update>"</sky-payload>
<sky-payload>"<rich_start>[bold cyan]Launching[/]</rich_start>"</sky-payload>
I 03-17 20:31:50 optimizer.py:736] [1mTarget:[0m minimizing cost
I 03-17 20:31:50 optimizer.py:749] [1mEstimated cost: [0m$1.0 / hour
I 03-17 20:31:50 optimizer.py:749] 
I 03-17 20:31:50 optimizer.py:884] Considered resources (1 node):
I 03-17 20:31:50 optimizer.py:952] -----------------------------------------------------------------------------------------
I 03-17 20:31:50 optimizer.py:952]  CLOUD   INSTANCE    vCPUs   Mem(GB)   ACCELERATORS   REGION/ZONE    COST ($)   CHOSEN   
I 03-17 20:31:50 optimizer.py:952] -----------------------------------------------------------------------------------------
I 03-17 20:31:50 optimizer.py:952]  AWS     g6.xlarge   4       16        L4:1           eu-central-1   1.01       [32m   ✔[0m     
I 03-17 20:31:50 optimizer.py:952] -----------------------------------------------------------------------------------------
<sky-payload>"<rich_update>[bold cyan]Looking for resources[/]  \u001b[2mView logs: sky api logs -l sky-2025-03-17-20-29-08-054224/provision.log\u001b[0m</rich_update>"</sky-payload>
<sky-payload>"<rich_update>[bold cyan]Launching[/]  \u001b[2mView logs: sky api logs -l sky-2025-03-17-20-29-08-054224/provision.log\u001b[0m</rich_update>"</sky-payload>
I 03-17 20:31:51 cloud_vm_ray_backend.py:1520] [0m⚙︎ Launching on AWS eu-central-1[0m (eu-central-1a,eu-central-1b).
[2mW 03-17 20:31:57 instance.py:243] create_instances: Attempt failed with An error occurred (VcpuLimitExceeded) when calling the RunInstances operation: You have requested more vCPU capacity than your current vCPU limit of 64 allows for the instance bucket that the specified instance type belongs to. Please visit http://aws.amazon.com/contact-us/ec2-request to request an adjustment to this limit.[0m
[2mW 03-17 20:31:59 instance.py:243] create_instances: Attempt failed with An error occurred (VcpuLimitExceeded) when calling the RunInstances operation: You have requested more vCPU capacity than your current vCPU limit of 64 allows for the instance bucket that the specified instance type belongs to. Please visit http://aws.amazon.com/contact-us/ec2-request to request an adjustment to this limit.[0m
W 03-17 20:32:00 cloud_vm_ray_backend.py:2061] sky.exceptions.ResourcesUnavailableError: Failed to acquire resources in all zones in eu-central-1 for {AWS(cpus=4, {'L4': 1})}. 
W 03-17 20:32:00 cloud_vm_ray_backend.py:2097] 
W 03-17 20:32:00 cloud_vm_ray_backend.py:2097] [0m[33m↺[0m Trying other potential resources.
<sky-payload>"<rich_update>[bold cyan]Looking for resources[/]  \u001b[2mView logs: sky api logs -l sky-2025-03-17-20-29-08-054224/provision.log\u001b[0m</rich_update>"</sky-payload>
<sky-payload>"<rich_update>[bold cyan]Optimizing[/]</rich_update>"</sky-payload>
<sky-payload>"<rich_start>[bold cyan]Launching[/]</rich_start>"</sky-payload>
I 03-17 20:32:00 optimizer.py:736] [1mTarget:[0m minimizing cost
I 03-17 20:32:00 optimizer.py:749] [1mEstimated cost: [0m$1.0 / hour
I 03-17 20:32:00 optimizer.py:749] 
I 03-17 20:32:00 optimizer.py:884] Considered resources (1 node):
I 03-17 20:32:00 optimizer.py:952] ----------------------------------------------------------------------------------------
I 03-17 20:32:00 optimizer.py:952]  CLOUD   INSTANCE    vCPUs   Mem(GB)   ACCELERATORS   REGION/ZONE   COST ($)   CHOSEN   
I 03-17 20:32:00 optimizer.py:952] ----------------------------------------------------------------------------------------
I 03-17 20:32:00 optimizer.py:952]  AWS     g6.xlarge   4       16        L4:1           eu-west-2     1.02       [32m   ✔[0m     
I 03-17 20:32:00 optimizer.py:952] ----------------------------------------------------------------------------------------
<sky-payload>"<rich_update>[bold cyan]Looking for resources[/]  \u001b[2mView logs: sky api logs -l sky-2025-03-17-20-29-08-054224/provision.log\u001b[0m</rich_update>"</sky-payload>
<sky-payload>"<rich_update>[bold cyan]Launching[/]  \u001b[2mView logs: sky api logs -l sky-2025-03-17-20-29-08-054224/provision.log\u001b[0m</rich_update>"</sky-payload>
I 03-17 20:32:00 cloud_vm_ray_backend.py:1520] [0m⚙︎ Launching on AWS eu-west-2[0m (eu-west-2a,eu-west-2b).
[2mW 03-17 20:32:05 instance.py:243] create_instances: Attempt failed with An error occurred (VcpuLimitExceeded) when calling the RunInstances operation: You have requested more vCPU capacity than your current vCPU limit of 64 allows for the instance bucket that the specified instance type belongs to. Please visit http://aws.amazon.com/contact-us/ec2-request to request an adjustment to this limit.[0m
[2mW 03-17 20:32:06 instance.py:243] create_instances: Attempt failed with An error occurred (VcpuLimitExceeded) when calling the RunInstances operation: You have requested more vCPU capacity than your current vCPU limit of 64 allows for the instance bucket that the specified instance type belongs to. Please visit http://aws.amazon.com/contact-us/ec2-request to request an adjustment to this limit.[0m
W 03-17 20:32:07 cloud_vm_ray_backend.py:2061] sky.exceptions.ResourcesUnavailableError: Failed to acquire resources in all zones in eu-west-2 for {AWS(cpus=4, {'L4': 1})}. 
W 03-17 20:32:07 cloud_vm_ray_backend.py:2097] 
W 03-17 20:32:07 cloud_vm_ray_backend.py:2097] [0m[33m↺[0m Trying other potential resources.
<sky-payload>"<rich_update>[bold cyan]Looking for resources[/]  \u001b[2mView logs: sky api logs -l sky-2025-03-17-20-29-08-054224/provision.log\u001b[0m</rich_update>"</sky-payload>
<sky-payload>"<rich_update>[bold cyan]Optimizing[/]</rich_update>"</sky-payload>
<sky-payload>"<rich_start>[bold cyan]Launching[/]</rich_start>"</sky-payload>
I 03-17 20:32:07 optimizer.py:736] [1mTarget:[0m minimizing cost
I 03-17 20:32:07 optimizer.py:749] [1mEstimated cost: [0m$1.0 / hour
I 03-17 20:32:07 optimizer.py:749] 
I 03-17 20:32:07 optimizer.py:884] Considered resources (1 node):
I 03-17 20:32:07 optimizer.py:952] ----------------------------------------------------------------------------------------
I 03-17 20:32:07 optimizer.py:952]  CLOUD   INSTANCE    vCPUs   Mem(GB)   ACCELERATORS   REGION/ZONE   COST ($)   CHOSEN   
I 03-17 20:32:07 optimizer.py:952] ----------------------------------------------------------------------------------------
I 03-17 20:32:07 optimizer.py:952]  AWS     g6.xlarge   4       16        L4:1           eu-west-3     1.02       [32m   ✔[0m     
I 03-17 20:32:07 optimizer.py:952] ----------------------------------------------------------------------------------------
<sky-payload>"<rich_update>[bold cyan]Looking for resources[/]  \u001b[2mView logs: sky api logs -l sky-2025-03-17-20-29-08-054224/provision.log\u001b[0m</rich_update>"</sky-payload>
<sky-payload>"<rich_update>[bold cyan]Launching[/]  \u001b[2mView logs: sky api logs -l sky-2025-03-17-20-29-08-054224/provision.log\u001b[0m</rich_update>"</sky-payload>
I 03-17 20:32:07 cloud_vm_ray_backend.py:1520] [0m⚙︎ Launching on AWS eu-west-3[0m (eu-west-3b,eu-west-3c).
<sky-payload>"<rich_update>[bold cyan]Launching - Checking instance status[/]  \u001b[2mView logs: sky api logs -l sky-2025-03-17-20-29-08-054224/provision.log\u001b[0m</rich_update>"</sky-payload>
<sky-payload>"<rich_update>[bold cyan]Launching - Waiting for SSH access[/]  \u001b[2mView logs: sky api logs -l sky-2025-03-17-20-29-08-054224/provision.log\u001b[0m</rich_update>"</sky-payload>
<sky-payload>"<rich_start>[bold cyan]Launching[/]</rich_start>"</sky-payload>
I 03-17 20:32:32 provisioner.py:451] [2m└── [0m[2mInstance is up.[0m
<sky-payload>"<rich_update>[bold cyan]Preparing SkyPilot runtime (1/3 - initializing)[/]  \u001b[2mView logs: sky api logs -l sky-2025-03-17-20-29-08-054224/provision.log\u001b[0m</rich_update>"</sky-payload>
<sky-payload>"<rich_update>[bold cyan]Preparing SkyPilot runtime (2/3 - dependencies)[/]  \u001b[2mView logs: sky api logs -l sky-2025-03-17-20-29-08-054224/provision.log\u001b[0m</rich_update>"</sky-payload>
<sky-payload>"<rich_update>[bold cyan]Preparing SkyPilot runtime (3/3 - runtime)[/]  \u001b[2mView logs: sky api logs -l sky-2025-03-17-20-29-08-054224/provision.log\u001b[0m</rich_update>"</sky-payload>
<sky-payload>"<rich_update>[bold cyan]Launching - Checking instance status[/]  \u001b[2mView logs: sky api logs -l sky-2025-03-17-20-29-08-054224/provision.log\u001b[0m</rich_update>"</sky-payload>
I 03-17 20:32:57 provisioner.py:632] [0m[32m✓ Cluster launched: compute-text-vectors-444.[0m  [2mView logs: sky api logs -l sky-2025-03-17-20-29-08-054224/provision.log[0m
<sky-payload>"<rich_exit></rich_exit>"</sky-payload>
I 03-17 20:32:57 execution.py:332] [0m⚙︎ Syncing files.
<sky-payload>"<rich_init>[bold cyan]Syncing files[/]</rich_init>"</sky-payload>
<sky-payload>"<rich_update>[bold cyan]Syncing files[/]</rich_update>"</sky-payload>
<sky-payload>"<rich_start>[bold cyan]Syncing files[/]</rich_start>"</sky-payload>
<sky-payload>"<rich_update>[bold cyan]Syncing file mounts[/]  \u001b[2mView logs: sky api logs -l sky-2025-03-17-20-29-08-054224/file_mounts.log\u001b[0m</rich_update>"</sky-payload>
I 03-17 20:32:57 backend_utils.py:1315]   [2mSyncing (to 1 node): s3://skypilot-filemounts-root-726f1974-ai23ydbi/job-ai23ydbi/workdir -> ~/sky_workdir[0m
I 03-17 20:33:00 cloud_vm_ray_backend.py:4801] [0m[32m✓ Synced file_mounts.[0m  [2mView logs: sky api logs -l sky-2025-03-17-20-29-08-054224/file_mounts.log[0m
<sky-payload>"<rich_update>[bold cyan]Mounting 1 storage[/]  \u001b[2mView logs: sky api logs -l sky-2025-03-17-20-29-08-054224/storage_mounts.log\u001b[0m</rich_update>"</sky-payload>
I 03-17 20:33:00 backend_utils.py:1315]   [2mMounting (to 1 node): s3://sky-text-embeddings-multi-cluster-final -> /output[0m
I 03-17 20:33:02 cloud_vm_ray_backend.py:4892] [0m[32m✓ Storage mounted.[0m  [2mView logs: sky api logs -l sky-2025-03-17-20-29-08-054224/storage_mounts.log[0m
<sky-payload>"<rich_exit></rich_exit>"</sky-payload>
<sky-payload>"<rich_init>[bold cyan]Running setup[/]</rich_init>"</sky-payload>
<sky-payload>"<rich_update>[bold cyan]Running setup[/]</rich_update>"</sky-payload>
<sky-payload>"<rich_start>[bold cyan]Running setup[/]</rich_start>"</sky-payload>
<sky-payload>"<rich_stop></rich_stop>"</sky-payload>
I 03-17 20:33:04 cloud_vm_ray_backend.py:3357] [0m[32m✓ Setup detached.[0m
<sky-payload>"<rich_exit></rich_exit>"</sky-payload>
<sky-payload>"<rich_init>[bold cyan]Submitting job[/]</rich_init>"</sky-payload>
<sky-payload>"<rich_update>[bold cyan]Submitting job[/]</rich_update>"</sky-payload>
<sky-payload>"<rich_start>[bold cyan]Submitting job[/]</rich_start>"</sky-payload>
I 03-17 20:33:06 cloud_vm_ray_backend.py:3460] [0m⚙︎ Job submitted, ID: 1
<sky-payload>"<rich_stop></rich_stop>"</sky-payload>
<sky-payload>"<rich_exit></rich_exit>"</sky-payload>

[?25hI 03-17 20:33:07 recovery_strategy.py:289] Managed job cluster launched.
I 03-17 20:33:10 utils.py:131] === Checking the job status... ===
I 03-17 20:33:11 utils.py:137] Job status: JobStatus.SETTING_UP
I 03-17 20:33:11 utils.py:140] ==================================
I 03-17 20:33:11 state.py:471] Job started.
I 03-17 20:33:32 utils.py:131] === Checking the job status... ===
I 03-17 20:33:32 utils.py:137] Job status: JobStatus.SETTING_UP
I 03-17 20:33:32 utils.py:140] ==================================
I 03-17 20:33:52 utils.py:131] === Checking the job status... ===
I 03-17 20:33:53 utils.py:137] Job status: JobStatus.SETTING_UP
I 03-17 20:33:53 utils.py:140] ==================================
I 03-17 20:34:13 utils.py:131] === Checking the job status... ===
I 03-17 20:34:14 utils.py:137] Job status: JobStatus.SETTING_UP
I 03-17 20:34:14 utils.py:140] ==================================
I 03-17 20:34:34 utils.py:131] === Checking the job status... ===
I 03-17 20:34:35 utils.py:137] Job status: JobStatus.SETTING_UP
I 03-17 20:34:35 utils.py:140] ==================================
I 03-17 20:34:55 utils.py:131] === Checking the job status... ===
I 03-17 20:34:56 utils.py:137] Job status: JobStatus.SETTING_UP
I 03-17 20:34:56 utils.py:140] ==================================
I 03-17 20:35:16 utils.py:131] === Checking the job status... ===
I 03-17 20:35:17 utils.py:137] Job status: JobStatus.RUNNING
I 03-17 20:35:17 utils.py:140] ==================================
I 03-17 20:35:37 utils.py:131] === Checking the job status... ===
I 03-17 20:35:38 utils.py:137] Job status: JobStatus.RUNNING
I 03-17 20:35:38 utils.py:140] ==================================
I 03-17 20:35:58 utils.py:131] === Checking the job status... ===
I 03-17 20:35:59 utils.py:137] Job status: JobStatus.RUNNING
I 03-17 20:35:59 utils.py:140] ==================================
I 03-17 20:36:19 utils.py:131] === Checking the job status... ===
I 03-17 20:36:20 utils.py:137] Job status: JobStatus.RUNNING
I 03-17 20:36:20 utils.py:140] ==================================
I 03-17 20:36:40 utils.py:131] === Checking the job status... ===
I 03-17 20:36:41 utils.py:137] Job status: JobStatus.RUNNING
I 03-17 20:36:41 utils.py:140] ==================================
I 03-17 20:37:01 utils.py:131] === Checking the job status... ===
I 03-17 20:37:02 utils.py:137] Job status: JobStatus.RUNNING
I 03-17 20:37:02 utils.py:140] ==================================
I 03-17 20:37:22 utils.py:131] === Checking the job status... ===
I 03-17 20:37:23 utils.py:137] Job status: JobStatus.RUNNING
I 03-17 20:37:23 utils.py:140] ==================================
I 03-17 20:37:43 utils.py:131] === Checking the job status... ===
I 03-17 20:37:44 utils.py:137] Job status: JobStatus.RUNNING
I 03-17 20:37:44 utils.py:140] ==================================
I 03-17 20:38:04 utils.py:131] === Checking the job status... ===
I 03-17 20:38:05 utils.py:137] Job status: JobStatus.RUNNING
I 03-17 20:38:05 utils.py:140] ==================================
I 03-17 20:38:25 utils.py:131] === Checking the job status... ===
I 03-17 20:38:26 utils.py:137] Job status: JobStatus.RUNNING
I 03-17 20:38:26 utils.py:140] ==================================
I 03-17 20:38:46 utils.py:131] === Checking the job status... ===
I 03-17 20:38:49 utils.py:137] Job status: JobStatus.RUNNING
I 03-17 20:38:49 utils.py:140] ==================================
I 03-17 20:39:10 utils.py:131] === Checking the job status... ===
I 03-17 20:39:12 utils.py:137] Job status: JobStatus.RUNNING
I 03-17 20:39:12 utils.py:140] ==================================
I 03-17 20:39:32 utils.py:131] === Checking the job status... ===
I 03-17 20:39:36 utils.py:137] Job status: JobStatus.RUNNING
I 03-17 20:39:36 utils.py:140] ==================================
I 03-17 20:39:56 utils.py:131] === Checking the job status... ===
I 03-17 20:39:57 utils.py:137] Job status: JobStatus.RUNNING
I 03-17 20:39:57 utils.py:140] ==================================
I 03-17 20:40:17 utils.py:131] === Checking the job status... ===
I 03-17 20:40:17 utils.py:137] Job status: JobStatus.RUNNING
I 03-17 20:40:17 utils.py:140] ==================================
I 03-17 20:40:37 utils.py:131] === Checking the job status... ===
I 03-17 20:40:38 utils.py:137] Job status: JobStatus.RUNNING
I 03-17 20:40:38 utils.py:140] ==================================
I 03-17 20:40:58 utils.py:131] === Checking the job status... ===
I 03-17 20:40:59 utils.py:137] Job status: JobStatus.RUNNING
I 03-17 20:40:59 utils.py:140] ==================================
I 03-17 20:41:19 utils.py:131] === Checking the job status... ===
I 03-17 20:41:20 utils.py:137] Job status: JobStatus.RUNNING
I 03-17 20:41:20 utils.py:140] ==================================
I 03-17 20:41:40 utils.py:131] === Checking the job status... ===
I 03-17 20:41:41 utils.py:137] Job status: JobStatus.SUCCEEDED
I 03-17 20:41:41 utils.py:140] ==================================
I 03-17 20:41:42 state.py:561] Job succeeded.
I 03-17 20:41:42 controller.py:238] Managed job 444 (task: 0) SUCCEEDED. Cleaning up the cluster compute-text-vectors-444.
E 03-17 20:41:43 controller_utils.py:376] Failed to find the logs for the user program at ~/sky_logs/managed_jobs/sky-2025-03-17-20-29-08-054224/run.log.
I 03-17 20:41:43 controller.py:117] 
I 03-17 20:41:43 controller.py:117] == End of logs (ID: 444) ==
I 03-17 20:41:51 state.py:656] Cancellation skipped, job is already terminal
I 03-17 20:41:51 state.py:677] Cancellation skipped, job is not CANCELLING
I 03-17 20:41:52 controller.py:552] Killing controller process 246162.
I 03-17 20:41:52 controller.py:560] Controller process 246162 killed.
I 03-17 20:41:52 controller.py:562] Cleaning up any cluster for job 444.
I 03-17 20:41:53 storage.py:699] Verifying bucket for storage skypilot-filemounts-root-726f1974-ai23ydbi
<sky-payload>"<rich_init>[bold cyan]Deleting S3 bucket [green]skypilot-filemounts-root-726f1974-ai23ydbi[/][/]</rich_init>"</sky-payload>
<sky-payload>"<rich_update>[bold cyan]Deleting S3 bucket [green]skypilot-filemounts-root-726f1974-ai23ydbi[/][/]</rich_update>"</sky-payload>
<sky-payload>"<rich_start>[bold cyan]Deleting S3 bucket [green]skypilot-filemounts-root-726f1974-ai23ydbi[/][/]</rich_start>"</sky-payload>
<sky-payload>"<rich_exit></rich_exit>"</sky-payload>
I 03-17 20:41:54 storage.py:1505] [32mDeleted S3 bucket skypilot-filemounts-root-726f1974-ai23ydbi.[0m
I 03-17 20:41:54 controller.py:571] Cluster of managed job 444 has been cleaned up.
