I 03-17 20:29:28 controller.py:59] DAG:
I 03-17 20:29:28 controller.py:59] [Task<name=compute-text-vectors>(run='# Initialize and dow...')
I 03-17 20:29:28 controller.py:59]   resources: AWS(cpus=4, {'L4': 1})]
I 03-17 20:29:28 controller.py:195] Submitted managed job 459 (task: 0, name: 'compute-text-vectors'); SKYPILOT_TASK_ID: sky-managed-2025-03-17-20-29-28-267331_compute-text-vectors_459-0
I 03-17 20:29:28 controller.py:199] Started monitoring.
I 03-17 20:29:28 state.py:451] Launching the spot cluster...
I 03-17 20:29:28 storage.py:1058] Storage type StoreType.S3 already exists.
<sky-payload>"<rich_init>[bold cyan]Optimizing[/]</rich_init>"</sky-payload>
<sky-payload>"<rich_update>[bold cyan]Optimizing[/]</rich_update>"</sky-payload>
<sky-payload>"<rich_start>[bold cyan]Optimizing[/]</rich_start>"</sky-payload>
I 03-17 20:29:29 optimizer.py:736] [1mTarget:[0m minimizing cost
I 03-17 20:29:29 optimizer.py:749] [1mEstimated cost: [0m$0.8 / hour
I 03-17 20:29:29 optimizer.py:749] 
I 03-17 20:29:29 optimizer.py:884] Considered resources (1 node):
I 03-17 20:29:29 optimizer.py:952] ----------------------------------------------------------------------------------------
I 03-17 20:29:29 optimizer.py:952]  CLOUD   INSTANCE    vCPUs   Mem(GB)   ACCELERATORS   REGION/ZONE   COST ($)   CHOSEN   
I 03-17 20:29:29 optimizer.py:952] ----------------------------------------------------------------------------------------
I 03-17 20:29:29 optimizer.py:952]  AWS     g6.xlarge   4       16        L4:1           us-east-1     0.80       [32m   ✔[0m     
I 03-17 20:29:29 optimizer.py:952] ----------------------------------------------------------------------------------------
<sky-payload>"<rich_exit></rich_exit>"</sky-payload>
<sky-payload>"<rich_init>[bold cyan]Launching[/]</rich_init>"</sky-payload>
<sky-payload>"<rich_update>[bold cyan]Launching[/]</rich_update>"</sky-payload>
<sky-payload>"<rich_start>[bold cyan]Launching[/]</rich_start>"</sky-payload>
<sky-payload>"<rich_update>[bold cyan]Launching[/]  \u001b[2mView logs: sky api logs -l sky-2025-03-17-20-29-28-942054/provision.log\u001b[0m</rich_update>"</sky-payload>
<sky-payload>"<rich_update>[bold cyan]Launching[/]  \u001b[2mView logs: sky api logs -l sky-2025-03-17-20-29-28-942054/provision.log\u001b[0m</rich_update>"</sky-payload>
I 03-17 20:29:29 cloud_vm_ray_backend.py:1520] [0m⚙︎ Launching on AWS us-east-1[0m (us-east-1a,us-east-1b,us-east-1c,us-east-1d).
[2mW 03-17 20:31:19 instance.py:243] create_instances: Attempt failed with An error occurred (VcpuLimitExceeded) when calling the RunInstances operation: You have requested more vCPU capacity than your current vCPU limit of 64 allows for the instance bucket that the specified instance type belongs to. Please visit http://aws.amazon.com/contact-us/ec2-request to request an adjustment to this limit.[0m
[2mW 03-17 20:31:19 instance.py:243] create_instances: Attempt failed with An error occurred (VcpuLimitExceeded) when calling the RunInstances operation: You have requested more vCPU capacity than your current vCPU limit of 64 allows for the instance bucket that the specified instance type belongs to. Please visit http://aws.amazon.com/contact-us/ec2-request to request an adjustment to this limit.[0m
[2mW 03-17 20:31:26 instance.py:243] create_instances: Attempt failed with An error occurred (VcpuLimitExceeded) when calling the RunInstances operation: You have requested more vCPU capacity than your current vCPU limit of 64 allows for the instance bucket that the specified instance type belongs to. Please visit http://aws.amazon.com/contact-us/ec2-request to request an adjustment to this limit.[0m
W 03-17 20:31:27 cloud_vm_ray_backend.py:2061] sky.exceptions.ResourcesUnavailableError: Failed to acquire resources in all zones in us-east-1 for {AWS(cpus=4, {'L4': 1})}. 
W 03-17 20:31:27 cloud_vm_ray_backend.py:2097] 
W 03-17 20:31:27 cloud_vm_ray_backend.py:2097] [0m[33m↺[0m Trying other potential resources.
<sky-payload>"<rich_update>[bold cyan]Looking for resources[/]  \u001b[2mView logs: sky api logs -l sky-2025-03-17-20-29-28-942054/provision.log\u001b[0m</rich_update>"</sky-payload>
<sky-payload>"<rich_update>[bold cyan]Optimizing[/]</rich_update>"</sky-payload>
<sky-payload>"<rich_start>[bold cyan]Launching[/]</rich_start>"</sky-payload>
I 03-17 20:31:27 optimizer.py:736] [1mTarget:[0m minimizing cost
I 03-17 20:31:27 optimizer.py:749] [1mEstimated cost: [0m$0.8 / hour
I 03-17 20:31:27 optimizer.py:749] 
I 03-17 20:31:27 optimizer.py:884] Considered resources (1 node):
I 03-17 20:31:27 optimizer.py:952] ----------------------------------------------------------------------------------------
I 03-17 20:31:27 optimizer.py:952]  CLOUD   INSTANCE    vCPUs   Mem(GB)   ACCELERATORS   REGION/ZONE   COST ($)   CHOSEN   
I 03-17 20:31:27 optimizer.py:952] ----------------------------------------------------------------------------------------
I 03-17 20:31:27 optimizer.py:952]  AWS     g6.xlarge   4       16        L4:1           us-east-2     0.80       [32m   ✔[0m     
I 03-17 20:31:27 optimizer.py:952] ----------------------------------------------------------------------------------------
<sky-payload>"<rich_update>[bold cyan]Looking for resources[/]  \u001b[2mView logs: sky api logs -l sky-2025-03-17-20-29-28-942054/provision.log\u001b[0m</rich_update>"</sky-payload>
<sky-payload>"<rich_update>[bold cyan]Launching[/]  \u001b[2mView logs: sky api logs -l sky-2025-03-17-20-29-28-942054/provision.log\u001b[0m</rich_update>"</sky-payload>
I 03-17 20:31:27 cloud_vm_ray_backend.py:1520] [0m⚙︎ Launching on AWS us-east-2[0m (us-east-2a,us-east-2b,us-east-2c).
[2mW 03-17 20:31:30 instance.py:243] create_instances: Attempt failed with An error occurred (VcpuLimitExceeded) when calling the RunInstances operation: You have requested more vCPU capacity than your current vCPU limit of 128 allows for the instance bucket that the specified instance type belongs to. Please visit http://aws.amazon.com/contact-us/ec2-request to request an adjustment to this limit.[0m
[2mW 03-17 20:31:31 instance.py:243] create_instances: Attempt failed with An error occurred (VcpuLimitExceeded) when calling the RunInstances operation: You have requested more vCPU capacity than your current vCPU limit of 128 allows for the instance bucket that the specified instance type belongs to. Please visit http://aws.amazon.com/contact-us/ec2-request to request an adjustment to this limit.[0m
[2mW 03-17 20:31:32 instance.py:243] create_instances: Attempt failed with An error occurred (VcpuLimitExceeded) when calling the RunInstances operation: You have requested more vCPU capacity than your current vCPU limit of 128 allows for the instance bucket that the specified instance type belongs to. Please visit http://aws.amazon.com/contact-us/ec2-request to request an adjustment to this limit.[0m
W 03-17 20:31:32 cloud_vm_ray_backend.py:2061] sky.exceptions.ResourcesUnavailableError: Failed to acquire resources in all zones in us-east-2 for {AWS(cpus=4, {'L4': 1})}. 
W 03-17 20:31:32 cloud_vm_ray_backend.py:2097] 
W 03-17 20:31:32 cloud_vm_ray_backend.py:2097] [0m[33m↺[0m Trying other potential resources.
<sky-payload>"<rich_update>[bold cyan]Looking for resources[/]  \u001b[2mView logs: sky api logs -l sky-2025-03-17-20-29-28-942054/provision.log\u001b[0m</rich_update>"</sky-payload>
<sky-payload>"<rich_update>[bold cyan]Optimizing[/]</rich_update>"</sky-payload>
<sky-payload>"<rich_start>[bold cyan]Launching[/]</rich_start>"</sky-payload>
I 03-17 20:31:32 optimizer.py:736] [1mTarget:[0m minimizing cost
I 03-17 20:31:32 optimizer.py:749] [1mEstimated cost: [0m$0.8 / hour
I 03-17 20:31:32 optimizer.py:749] 
I 03-17 20:31:32 optimizer.py:884] Considered resources (1 node):
I 03-17 20:31:32 optimizer.py:952] ----------------------------------------------------------------------------------------
I 03-17 20:31:32 optimizer.py:952]  CLOUD   INSTANCE    vCPUs   Mem(GB)   ACCELERATORS   REGION/ZONE   COST ($)   CHOSEN   
I 03-17 20:31:32 optimizer.py:952] ----------------------------------------------------------------------------------------
I 03-17 20:31:32 optimizer.py:952]  AWS     g6.xlarge   4       16        L4:1           us-west-2     0.80       [32m   ✔[0m     
I 03-17 20:31:32 optimizer.py:952] ----------------------------------------------------------------------------------------
<sky-payload>"<rich_update>[bold cyan]Looking for resources[/]  \u001b[2mView logs: sky api logs -l sky-2025-03-17-20-29-28-942054/provision.log\u001b[0m</rich_update>"</sky-payload>
<sky-payload>"<rich_update>[bold cyan]Launching[/]  \u001b[2mView logs: sky api logs -l sky-2025-03-17-20-29-28-942054/provision.log\u001b[0m</rich_update>"</sky-payload>
I 03-17 20:31:32 cloud_vm_ray_backend.py:1520] [0m⚙︎ Launching on AWS us-west-2[0m (us-west-2a,us-west-2b,us-west-2c,us-west-2d).
[2mW 03-17 20:31:36 instance.py:243] create_instances: Attempt failed with An error occurred (VcpuLimitExceeded) when calling the RunInstances operation: You have requested more vCPU capacity than your current vCPU limit of 64 allows for the instance bucket that the specified instance type belongs to. Please visit http://aws.amazon.com/contact-us/ec2-request to request an adjustment to this limit.[0m
[2mW 03-17 20:31:42 instance.py:243] create_instances: Attempt failed with An error occurred (VcpuLimitExceeded) when calling the RunInstances operation: You have requested more vCPU capacity than your current vCPU limit of 64 allows for the instance bucket that the specified instance type belongs to. Please visit http://aws.amazon.com/contact-us/ec2-request to request an adjustment to this limit.[0m
[2mW 03-17 20:31:50 instance.py:243] create_instances: Attempt failed with An error occurred (VcpuLimitExceeded) when calling the RunInstances operation: You have requested more vCPU capacity than your current vCPU limit of 64 allows for the instance bucket that the specified instance type belongs to. Please visit http://aws.amazon.com/contact-us/ec2-request to request an adjustment to this limit.[0m
[2mW 03-17 20:31:57 instance.py:243] create_instances: Attempt failed with An error occurred (VcpuLimitExceeded) when calling the RunInstances operation: You have requested more vCPU capacity than your current vCPU limit of 64 allows for the instance bucket that the specified instance type belongs to. Please visit http://aws.amazon.com/contact-us/ec2-request to request an adjustment to this limit.[0m
W 03-17 20:31:58 cloud_vm_ray_backend.py:2061] sky.exceptions.ResourcesUnavailableError: Failed to acquire resources in all zones in us-west-2 for {AWS(cpus=4, {'L4': 1})}. 
W 03-17 20:31:58 cloud_vm_ray_backend.py:2097] 
W 03-17 20:31:58 cloud_vm_ray_backend.py:2097] [0m[33m↺[0m Trying other potential resources.
<sky-payload>"<rich_update>[bold cyan]Looking for resources[/]  \u001b[2mView logs: sky api logs -l sky-2025-03-17-20-29-28-942054/provision.log\u001b[0m</rich_update>"</sky-payload>
<sky-payload>"<rich_update>[bold cyan]Optimizing[/]</rich_update>"</sky-payload>
<sky-payload>"<rich_start>[bold cyan]Launching[/]</rich_start>"</sky-payload>
I 03-17 20:31:58 optimizer.py:736] [1mTarget:[0m minimizing cost
I 03-17 20:31:58 optimizer.py:749] [1mEstimated cost: [0m$0.9 / hour
I 03-17 20:31:58 optimizer.py:749] 
I 03-17 20:31:58 optimizer.py:884] Considered resources (1 node):
I 03-17 20:31:58 optimizer.py:952] ----------------------------------------------------------------------------------------
I 03-17 20:31:58 optimizer.py:952]  CLOUD   INSTANCE    vCPUs   Mem(GB)   ACCELERATORS   REGION/ZONE   COST ($)   CHOSEN   
I 03-17 20:31:58 optimizer.py:952] ----------------------------------------------------------------------------------------
I 03-17 20:31:58 optimizer.py:952]  AWS     g6.xlarge   4       16        L4:1           eu-north-1    0.85       [32m   ✔[0m     
I 03-17 20:31:58 optimizer.py:952] ----------------------------------------------------------------------------------------
<sky-payload>"<rich_update>[bold cyan]Looking for resources[/]  \u001b[2mView logs: sky api logs -l sky-2025-03-17-20-29-28-942054/provision.log\u001b[0m</rich_update>"</sky-payload>
<sky-payload>"<rich_update>[bold cyan]Launching[/]  \u001b[2mView logs: sky api logs -l sky-2025-03-17-20-29-28-942054/provision.log\u001b[0m</rich_update>"</sky-payload>
I 03-17 20:31:58 cloud_vm_ray_backend.py:1520] [0m⚙︎ Launching on AWS eu-north-1[0m (eu-north-1a,eu-north-1b).
[2mW 03-17 20:32:05 instance.py:243] create_instances: Attempt failed with An error occurred (VcpuLimitExceeded) when calling the RunInstances operation: You have requested more vCPU capacity than your current vCPU limit of 64 allows for the instance bucket that the specified instance type belongs to. Please visit http://aws.amazon.com/contact-us/ec2-request to request an adjustment to this limit.[0m
[2mW 03-17 20:32:07 instance.py:243] create_instances: Attempt failed with An error occurred (VcpuLimitExceeded) when calling the RunInstances operation: You have requested more vCPU capacity than your current vCPU limit of 64 allows for the instance bucket that the specified instance type belongs to. Please visit http://aws.amazon.com/contact-us/ec2-request to request an adjustment to this limit.[0m
W 03-17 20:32:08 cloud_vm_ray_backend.py:2061] sky.exceptions.ResourcesUnavailableError: Failed to acquire resources in all zones in eu-north-1 for {AWS(cpus=4, {'L4': 1})}. 
W 03-17 20:32:08 cloud_vm_ray_backend.py:2097] 
W 03-17 20:32:08 cloud_vm_ray_backend.py:2097] [0m[33m↺[0m Trying other potential resources.
<sky-payload>"<rich_update>[bold cyan]Looking for resources[/]  \u001b[2mView logs: sky api logs -l sky-2025-03-17-20-29-28-942054/provision.log\u001b[0m</rich_update>"</sky-payload>
<sky-payload>"<rich_update>[bold cyan]Optimizing[/]</rich_update>"</sky-payload>
<sky-payload>"<rich_start>[bold cyan]Launching[/]</rich_start>"</sky-payload>
I 03-17 20:32:08 optimizer.py:736] [1mTarget:[0m minimizing cost
I 03-17 20:32:08 optimizer.py:749] [1mEstimated cost: [0m$0.9 / hour
I 03-17 20:32:08 optimizer.py:749] 
I 03-17 20:32:08 optimizer.py:884] Considered resources (1 node):
I 03-17 20:32:08 optimizer.py:952] -----------------------------------------------------------------------------------------
I 03-17 20:32:08 optimizer.py:952]  CLOUD   INSTANCE    vCPUs   Mem(GB)   ACCELERATORS   REGION/ZONE    COST ($)   CHOSEN   
I 03-17 20:32:08 optimizer.py:952] -----------------------------------------------------------------------------------------
I 03-17 20:32:08 optimizer.py:952]  AWS     g6.xlarge   4       16        L4:1           ca-central-1   0.89       [32m   ✔[0m     
I 03-17 20:32:08 optimizer.py:952] -----------------------------------------------------------------------------------------
<sky-payload>"<rich_update>[bold cyan]Looking for resources[/]  \u001b[2mView logs: sky api logs -l sky-2025-03-17-20-29-28-942054/provision.log\u001b[0m</rich_update>"</sky-payload>
<sky-payload>"<rich_update>[bold cyan]Launching[/]  \u001b[2mView logs: sky api logs -l sky-2025-03-17-20-29-28-942054/provision.log\u001b[0m</rich_update>"</sky-payload>
I 03-17 20:32:09 cloud_vm_ray_backend.py:1520] [0m⚙︎ Launching on AWS ca-central-1[0m (ca-central-1a,ca-central-1b).
[2mW 03-17 20:32:11 instance.py:243] create_instances: Attempt failed with An error occurred (VcpuLimitExceeded) when calling the RunInstances operation: You have requested more vCPU capacity than your current vCPU limit of 64 allows for the instance bucket that the specified instance type belongs to. Please visit http://aws.amazon.com/contact-us/ec2-request to request an adjustment to this limit.[0m
[2mW 03-17 20:32:19 instance.py:243] create_instances: Attempt failed with An error occurred (VcpuLimitExceeded) when calling the RunInstances operation: You have requested more vCPU capacity than your current vCPU limit of 64 allows for the instance bucket that the specified instance type belongs to. Please visit http://aws.amazon.com/contact-us/ec2-request to request an adjustment to this limit.[0m
W 03-17 20:32:20 cloud_vm_ray_backend.py:2061] sky.exceptions.ResourcesUnavailableError: Failed to acquire resources in all zones in ca-central-1 for {AWS(cpus=4, {'L4': 1})}. 
W 03-17 20:32:20 cloud_vm_ray_backend.py:2097] 
W 03-17 20:32:20 cloud_vm_ray_backend.py:2097] [0m[33m↺[0m Trying other potential resources.
<sky-payload>"<rich_update>[bold cyan]Looking for resources[/]  \u001b[2mView logs: sky api logs -l sky-2025-03-17-20-29-28-942054/provision.log\u001b[0m</rich_update>"</sky-payload>
<sky-payload>"<rich_update>[bold cyan]Optimizing[/]</rich_update>"</sky-payload>
<sky-payload>"<rich_start>[bold cyan]Launching[/]</rich_start>"</sky-payload>
I 03-17 20:32:20 optimizer.py:736] [1mTarget:[0m minimizing cost
I 03-17 20:32:20 optimizer.py:749] [1mEstimated cost: [0m$1.0 / hour
I 03-17 20:32:20 optimizer.py:749] 
I 03-17 20:32:20 optimizer.py:884] Considered resources (1 node):
I 03-17 20:32:20 optimizer.py:952] ----------------------------------------------------------------------------------------
I 03-17 20:32:20 optimizer.py:952]  CLOUD   INSTANCE    vCPUs   Mem(GB)   ACCELERATORS   REGION/ZONE   COST ($)   CHOSEN   
I 03-17 20:32:20 optimizer.py:952] ----------------------------------------------------------------------------------------
I 03-17 20:32:20 optimizer.py:952]  AWS     g6.xlarge   4       16        L4:1           ap-south-1    0.97       [32m   ✔[0m     
I 03-17 20:32:20 optimizer.py:952] ----------------------------------------------------------------------------------------
<sky-payload>"<rich_update>[bold cyan]Looking for resources[/]  \u001b[2mView logs: sky api logs -l sky-2025-03-17-20-29-28-942054/provision.log\u001b[0m</rich_update>"</sky-payload>
<sky-payload>"<rich_update>[bold cyan]Launching[/]  \u001b[2mView logs: sky api logs -l sky-2025-03-17-20-29-28-942054/provision.log\u001b[0m</rich_update>"</sky-payload>
I 03-17 20:32:20 cloud_vm_ray_backend.py:1520] [0m⚙︎ Launching on AWS ap-south-1[0m (ap-south-1a,ap-south-1b).
[2mW 03-17 20:32:29 instance.py:243] create_instances: Attempt failed with An error occurred (InsufficientInstanceCapacity) when calling the RunInstances operation (reached max retries: 0): We currently do not have sufficient g6.xlarge capacity in the Availability Zone you requested (ap-south-1a). Our system will be working on provisioning additional capacity. You can currently get g6.xlarge capacity by not specifying an Availability Zone in your request or choosing ap-south-1b.[0m
[2mW 03-17 20:32:31 instance.py:243] create_instances: Attempt failed with An error occurred (InsufficientInstanceCapacity) when calling the RunInstances operation (reached max retries: 0): We currently do not have sufficient g6.xlarge capacity in the Availability Zone you requested (ap-south-1b). Our system will be working on provisioning additional capacity. You can currently get g6.xlarge capacity by not specifying an Availability Zone in your request or choosing ap-south-1a.[0m
W 03-17 20:32:32 cloud_vm_ray_backend.py:2061] sky.exceptions.ResourcesUnavailableError: Failed to acquire resources in all zones in ap-south-1 for {AWS(cpus=4, {'L4': 1})}. 
W 03-17 20:32:32 cloud_vm_ray_backend.py:2097] 
W 03-17 20:32:32 cloud_vm_ray_backend.py:2097] [0m[33m↺[0m Trying other potential resources.
<sky-payload>"<rich_update>[bold cyan]Looking for resources[/]  \u001b[2mView logs: sky api logs -l sky-2025-03-17-20-29-28-942054/provision.log\u001b[0m</rich_update>"</sky-payload>
<sky-payload>"<rich_update>[bold cyan]Optimizing[/]</rich_update>"</sky-payload>
<sky-payload>"<rich_start>[bold cyan]Launching[/]</rich_start>"</sky-payload>
I 03-17 20:32:33 optimizer.py:736] [1mTarget:[0m minimizing cost
I 03-17 20:32:33 optimizer.py:749] [1mEstimated cost: [0m$1.0 / hour
I 03-17 20:32:33 optimizer.py:749] 
I 03-17 20:32:33 optimizer.py:884] Considered resources (1 node):
I 03-17 20:32:33 optimizer.py:952] -------------------------------------------------------------------------------------------
I 03-17 20:32:33 optimizer.py:952]  CLOUD   INSTANCE    vCPUs   Mem(GB)   ACCELERATORS   REGION/ZONE      COST ($)   CHOSEN   
I 03-17 20:32:33 optimizer.py:952] -------------------------------------------------------------------------------------------
I 03-17 20:32:33 optimizer.py:952]  AWS     g6.xlarge   4       16        L4:1           ap-northeast-2   0.99       [32m   ✔[0m     
I 03-17 20:32:33 optimizer.py:952] -------------------------------------------------------------------------------------------
<sky-payload>"<rich_update>[bold cyan]Looking for resources[/]  \u001b[2mView logs: sky api logs -l sky-2025-03-17-20-29-28-942054/provision.log\u001b[0m</rich_update>"</sky-payload>
<sky-payload>"<rich_update>[bold cyan]Launching[/]  \u001b[2mView logs: sky api logs -l sky-2025-03-17-20-29-28-942054/provision.log\u001b[0m</rich_update>"</sky-payload>
I 03-17 20:32:33 cloud_vm_ray_backend.py:1520] [0m⚙︎ Launching on AWS ap-northeast-2[0m (ap-northeast-2a,ap-northeast-2d).
[2mW 03-17 20:32:41 instance.py:243] create_instances: Attempt failed with An error occurred (InsufficientInstanceCapacity) when calling the RunInstances operation (reached max retries: 0): We currently do not have sufficient g6.xlarge capacity in the Availability Zone you requested (ap-northeast-2a). Our system will be working on provisioning additional capacity. You can currently get g6.xlarge capacity by not specifying an Availability Zone in your request or choosing ap-northeast-2d.[0m
[2mW 03-17 20:32:44 instance.py:243] create_instances: Attempt failed with An error occurred (InsufficientInstanceCapacity) when calling the RunInstances operation (reached max retries: 0): We currently do not have sufficient g6.xlarge capacity in the Availability Zone you requested (ap-northeast-2d). Our system will be working on provisioning additional capacity. You can currently get g6.xlarge capacity by not specifying an Availability Zone in your request or choosing ap-northeast-2a.[0m
W 03-17 20:32:45 cloud_vm_ray_backend.py:2061] sky.exceptions.ResourcesUnavailableError: Failed to acquire resources in all zones in ap-northeast-2 for {AWS(cpus=4, {'L4': 1})}. 
W 03-17 20:32:45 cloud_vm_ray_backend.py:2097] 
W 03-17 20:32:45 cloud_vm_ray_backend.py:2097] [0m[33m↺[0m Trying other potential resources.
<sky-payload>"<rich_update>[bold cyan]Looking for resources[/]  \u001b[2mView logs: sky api logs -l sky-2025-03-17-20-29-28-942054/provision.log\u001b[0m</rich_update>"</sky-payload>
<sky-payload>"<rich_update>[bold cyan]Optimizing[/]</rich_update>"</sky-payload>
<sky-payload>"<rich_start>[bold cyan]Launching[/]</rich_start>"</sky-payload>
I 03-17 20:32:45 optimizer.py:736] [1mTarget:[0m minimizing cost
I 03-17 20:32:45 optimizer.py:749] [1mEstimated cost: [0m$1.0 / hour
I 03-17 20:32:45 optimizer.py:749] 
I 03-17 20:32:45 optimizer.py:884] Considered resources (1 node):
I 03-17 20:32:45 optimizer.py:952] -----------------------------------------------------------------------------------------
I 03-17 20:32:45 optimizer.py:952]  CLOUD   INSTANCE    vCPUs   Mem(GB)   ACCELERATORS   REGION/ZONE    COST ($)   CHOSEN   
I 03-17 20:32:45 optimizer.py:952] -----------------------------------------------------------------------------------------
I 03-17 20:32:45 optimizer.py:952]  AWS     g6.xlarge   4       16        L4:1           eu-central-1   1.01       [32m   ✔[0m     
I 03-17 20:32:45 optimizer.py:952] -----------------------------------------------------------------------------------------
<sky-payload>"<rich_update>[bold cyan]Looking for resources[/]  \u001b[2mView logs: sky api logs -l sky-2025-03-17-20-29-28-942054/provision.log\u001b[0m</rich_update>"</sky-payload>
<sky-payload>"<rich_update>[bold cyan]Launching[/]  \u001b[2mView logs: sky api logs -l sky-2025-03-17-20-29-28-942054/provision.log\u001b[0m</rich_update>"</sky-payload>
I 03-17 20:32:45 cloud_vm_ray_backend.py:1520] [0m⚙︎ Launching on AWS eu-central-1[0m (eu-central-1a,eu-central-1b).
[2mW 03-17 20:32:51 instance.py:243] create_instances: Attempt failed with An error occurred (VcpuLimitExceeded) when calling the RunInstances operation: You have requested more vCPU capacity than your current vCPU limit of 64 allows for the instance bucket that the specified instance type belongs to. Please visit http://aws.amazon.com/contact-us/ec2-request to request an adjustment to this limit.[0m
[2mW 03-17 20:32:53 instance.py:243] create_instances: Attempt failed with An error occurred (VcpuLimitExceeded) when calling the RunInstances operation: You have requested more vCPU capacity than your current vCPU limit of 64 allows for the instance bucket that the specified instance type belongs to. Please visit http://aws.amazon.com/contact-us/ec2-request to request an adjustment to this limit.[0m
W 03-17 20:32:54 cloud_vm_ray_backend.py:2061] sky.exceptions.ResourcesUnavailableError: Failed to acquire resources in all zones in eu-central-1 for {AWS(cpus=4, {'L4': 1})}. 
W 03-17 20:32:54 cloud_vm_ray_backend.py:2097] 
W 03-17 20:32:54 cloud_vm_ray_backend.py:2097] [0m[33m↺[0m Trying other potential resources.
<sky-payload>"<rich_update>[bold cyan]Looking for resources[/]  \u001b[2mView logs: sky api logs -l sky-2025-03-17-20-29-28-942054/provision.log\u001b[0m</rich_update>"</sky-payload>
<sky-payload>"<rich_update>[bold cyan]Optimizing[/]</rich_update>"</sky-payload>
<sky-payload>"<rich_start>[bold cyan]Launching[/]</rich_start>"</sky-payload>
I 03-17 20:32:54 optimizer.py:736] [1mTarget:[0m minimizing cost
I 03-17 20:32:54 optimizer.py:749] [1mEstimated cost: [0m$1.0 / hour
I 03-17 20:32:54 optimizer.py:749] 
I 03-17 20:32:54 optimizer.py:884] Considered resources (1 node):
I 03-17 20:32:54 optimizer.py:952] ----------------------------------------------------------------------------------------
I 03-17 20:32:54 optimizer.py:952]  CLOUD   INSTANCE    vCPUs   Mem(GB)   ACCELERATORS   REGION/ZONE   COST ($)   CHOSEN   
I 03-17 20:32:54 optimizer.py:952] ----------------------------------------------------------------------------------------
I 03-17 20:32:54 optimizer.py:952]  AWS     g6.xlarge   4       16        L4:1           eu-west-2     1.02       [32m   ✔[0m     
I 03-17 20:32:54 optimizer.py:952] ----------------------------------------------------------------------------------------
<sky-payload>"<rich_update>[bold cyan]Looking for resources[/]  \u001b[2mView logs: sky api logs -l sky-2025-03-17-20-29-28-942054/provision.log\u001b[0m</rich_update>"</sky-payload>
<sky-payload>"<rich_update>[bold cyan]Launching[/]  \u001b[2mView logs: sky api logs -l sky-2025-03-17-20-29-28-942054/provision.log\u001b[0m</rich_update>"</sky-payload>
I 03-17 20:32:54 cloud_vm_ray_backend.py:1520] [0m⚙︎ Launching on AWS eu-west-2[0m (eu-west-2a,eu-west-2b).
[2mW 03-17 20:32:59 instance.py:243] create_instances: Attempt failed with An error occurred (VcpuLimitExceeded) when calling the RunInstances operation: You have requested more vCPU capacity than your current vCPU limit of 64 allows for the instance bucket that the specified instance type belongs to. Please visit http://aws.amazon.com/contact-us/ec2-request to request an adjustment to this limit.[0m
[2mW 03-17 20:33:00 instance.py:243] create_instances: Attempt failed with An error occurred (VcpuLimitExceeded) when calling the RunInstances operation: You have requested more vCPU capacity than your current vCPU limit of 64 allows for the instance bucket that the specified instance type belongs to. Please visit http://aws.amazon.com/contact-us/ec2-request to request an adjustment to this limit.[0m
W 03-17 20:33:01 cloud_vm_ray_backend.py:2061] sky.exceptions.ResourcesUnavailableError: Failed to acquire resources in all zones in eu-west-2 for {AWS(cpus=4, {'L4': 1})}. 
W 03-17 20:33:01 cloud_vm_ray_backend.py:2097] 
W 03-17 20:33:01 cloud_vm_ray_backend.py:2097] [0m[33m↺[0m Trying other potential resources.
<sky-payload>"<rich_update>[bold cyan]Looking for resources[/]  \u001b[2mView logs: sky api logs -l sky-2025-03-17-20-29-28-942054/provision.log\u001b[0m</rich_update>"</sky-payload>
<sky-payload>"<rich_update>[bold cyan]Optimizing[/]</rich_update>"</sky-payload>
<sky-payload>"<rich_start>[bold cyan]Launching[/]</rich_start>"</sky-payload>
I 03-17 20:33:01 optimizer.py:736] [1mTarget:[0m minimizing cost
I 03-17 20:33:01 optimizer.py:749] [1mEstimated cost: [0m$1.0 / hour
I 03-17 20:33:01 optimizer.py:749] 
I 03-17 20:33:01 optimizer.py:884] Considered resources (1 node):
I 03-17 20:33:01 optimizer.py:952] ----------------------------------------------------------------------------------------
I 03-17 20:33:01 optimizer.py:952]  CLOUD   INSTANCE    vCPUs   Mem(GB)   ACCELERATORS   REGION/ZONE   COST ($)   CHOSEN   
I 03-17 20:33:01 optimizer.py:952] ----------------------------------------------------------------------------------------
I 03-17 20:33:01 optimizer.py:952]  AWS     g6.xlarge   4       16        L4:1           eu-west-3     1.02       [32m   ✔[0m     
I 03-17 20:33:01 optimizer.py:952] ----------------------------------------------------------------------------------------
<sky-payload>"<rich_update>[bold cyan]Looking for resources[/]  \u001b[2mView logs: sky api logs -l sky-2025-03-17-20-29-28-942054/provision.log\u001b[0m</rich_update>"</sky-payload>
<sky-payload>"<rich_update>[bold cyan]Launching[/]  \u001b[2mView logs: sky api logs -l sky-2025-03-17-20-29-28-942054/provision.log\u001b[0m</rich_update>"</sky-payload>
I 03-17 20:33:01 cloud_vm_ray_backend.py:1520] [0m⚙︎ Launching on AWS eu-west-3[0m (eu-west-3b,eu-west-3c).
[2mW 03-17 20:33:06 instance.py:243] create_instances: Attempt failed with An error occurred (InsufficientInstanceCapacity) when calling the RunInstances operation (reached max retries: 0): We currently do not have sufficient g6.xlarge capacity in the Availability Zone you requested (eu-west-3b). Our system will be working on provisioning additional capacity. You can currently get g6.xlarge capacity by not specifying an Availability Zone in your request or choosing eu-west-3c.[0m
<sky-payload>"<rich_update>[bold cyan]Launching - Checking instance status[/]  \u001b[2mView logs: sky api logs -l sky-2025-03-17-20-29-28-942054/provision.log\u001b[0m</rich_update>"</sky-payload>
<sky-payload>"<rich_update>[bold cyan]Launching - Waiting for SSH access[/]  \u001b[2mView logs: sky api logs -l sky-2025-03-17-20-29-28-942054/provision.log\u001b[0m</rich_update>"</sky-payload>
<sky-payload>"<rich_start>[bold cyan]Launching[/]</rich_start>"</sky-payload>
I 03-17 20:33:47 provisioner.py:451] [2m└── [0m[2mInstance is up.[0m
<sky-payload>"<rich_update>[bold cyan]Preparing SkyPilot runtime (1/3 - initializing)[/]  \u001b[2mView logs: sky api logs -l sky-2025-03-17-20-29-28-942054/provision.log\u001b[0m</rich_update>"</sky-payload>
<sky-payload>"<rich_update>[bold cyan]Preparing SkyPilot runtime (2/3 - dependencies)[/]  \u001b[2mView logs: sky api logs -l sky-2025-03-17-20-29-28-942054/provision.log\u001b[0m</rich_update>"</sky-payload>
<sky-payload>"<rich_update>[bold cyan]Preparing SkyPilot runtime (3/3 - runtime)[/]  \u001b[2mView logs: sky api logs -l sky-2025-03-17-20-29-28-942054/provision.log\u001b[0m</rich_update>"</sky-payload>
<sky-payload>"<rich_update>[bold cyan]Launching - Checking instance status[/]  \u001b[2mView logs: sky api logs -l sky-2025-03-17-20-29-28-942054/provision.log\u001b[0m</rich_update>"</sky-payload>
I 03-17 20:34:12 provisioner.py:632] [0m[32m✓ Cluster launched: compute-text-vectors-459.[0m  [2mView logs: sky api logs -l sky-2025-03-17-20-29-28-942054/provision.log[0m
<sky-payload>"<rich_exit></rich_exit>"</sky-payload>
I 03-17 20:34:12 execution.py:332] [0m⚙︎ Syncing files.
<sky-payload>"<rich_init>[bold cyan]Syncing files[/]</rich_init>"</sky-payload>
<sky-payload>"<rich_update>[bold cyan]Syncing files[/]</rich_update>"</sky-payload>
<sky-payload>"<rich_start>[bold cyan]Syncing files[/]</rich_start>"</sky-payload>
<sky-payload>"<rich_update>[bold cyan]Syncing file mounts[/]  \u001b[2mView logs: sky api logs -l sky-2025-03-17-20-29-28-942054/file_mounts.log\u001b[0m</rich_update>"</sky-payload>
I 03-17 20:34:12 backend_utils.py:1315]   [2mSyncing (to 1 node): s3://skypilot-filemounts-root-726f1974-8lbg1s8d/job-8lbg1s8d/workdir -> ~/sky_workdir[0m
I 03-17 20:34:15 cloud_vm_ray_backend.py:4801] [0m[32m✓ Synced file_mounts.[0m  [2mView logs: sky api logs -l sky-2025-03-17-20-29-28-942054/file_mounts.log[0m
<sky-payload>"<rich_update>[bold cyan]Mounting 1 storage[/]  \u001b[2mView logs: sky api logs -l sky-2025-03-17-20-29-28-942054/storage_mounts.log\u001b[0m</rich_update>"</sky-payload>
I 03-17 20:34:15 backend_utils.py:1315]   [2mMounting (to 1 node): s3://sky-text-embeddings-multi-cluster-final -> /output[0m
I 03-17 20:34:17 cloud_vm_ray_backend.py:4892] [0m[32m✓ Storage mounted.[0m  [2mView logs: sky api logs -l sky-2025-03-17-20-29-28-942054/storage_mounts.log[0m
<sky-payload>"<rich_exit></rich_exit>"</sky-payload>
<sky-payload>"<rich_init>[bold cyan]Running setup[/]</rich_init>"</sky-payload>
<sky-payload>"<rich_update>[bold cyan]Running setup[/]</rich_update>"</sky-payload>
<sky-payload>"<rich_start>[bold cyan]Running setup[/]</rich_start>"</sky-payload>
<sky-payload>"<rich_stop></rich_stop>"</sky-payload>
I 03-17 20:34:19 cloud_vm_ray_backend.py:3357] [0m[32m✓ Setup detached.[0m
<sky-payload>"<rich_exit></rich_exit>"</sky-payload>
<sky-payload>"<rich_init>[bold cyan]Submitting job[/]</rich_init>"</sky-payload>
<sky-payload>"<rich_update>[bold cyan]Submitting job[/]</rich_update>"</sky-payload>
<sky-payload>"<rich_start>[bold cyan]Submitting job[/]</rich_start>"</sky-payload>
I 03-17 20:34:21 cloud_vm_ray_backend.py:3460] [0m⚙︎ Job submitted, ID: 1
<sky-payload>"<rich_stop></rich_stop>"</sky-payload>
<sky-payload>"<rich_exit></rich_exit>"</sky-payload>

[?25hI 03-17 20:34:22 recovery_strategy.py:289] Managed job cluster launched.
I 03-17 20:34:25 utils.py:131] === Checking the job status... ===
I 03-17 20:34:26 utils.py:137] Job status: JobStatus.SETTING_UP
I 03-17 20:34:26 utils.py:140] ==================================
I 03-17 20:34:26 state.py:471] Job started.
I 03-17 20:34:47 utils.py:131] === Checking the job status... ===
I 03-17 20:34:47 utils.py:137] Job status: JobStatus.SETTING_UP
I 03-17 20:34:47 utils.py:140] ==================================
I 03-17 20:35:08 utils.py:131] === Checking the job status... ===
I 03-17 20:35:08 utils.py:137] Job status: JobStatus.SETTING_UP
I 03-17 20:35:08 utils.py:140] ==================================
I 03-17 20:35:28 utils.py:131] === Checking the job status... ===
I 03-17 20:35:29 utils.py:137] Job status: JobStatus.SETTING_UP
I 03-17 20:35:29 utils.py:140] ==================================
I 03-17 20:35:49 utils.py:131] === Checking the job status... ===
I 03-17 20:35:50 utils.py:137] Job status: JobStatus.SETTING_UP
I 03-17 20:35:50 utils.py:140] ==================================
I 03-17 20:36:10 utils.py:131] === Checking the job status... ===
I 03-17 20:36:11 utils.py:137] Job status: JobStatus.SETTING_UP
I 03-17 20:36:11 utils.py:140] ==================================
I 03-17 20:36:31 utils.py:131] === Checking the job status... ===
I 03-17 20:36:32 utils.py:137] Job status: JobStatus.RUNNING
I 03-17 20:36:32 utils.py:140] ==================================
I 03-17 20:36:52 utils.py:131] === Checking the job status... ===
I 03-17 20:36:54 utils.py:137] Job status: JobStatus.RUNNING
I 03-17 20:36:54 utils.py:140] ==================================
I 03-17 20:37:14 utils.py:131] === Checking the job status... ===
I 03-17 20:37:15 utils.py:137] Job status: JobStatus.RUNNING
I 03-17 20:37:15 utils.py:140] ==================================
I 03-17 20:37:35 utils.py:131] === Checking the job status... ===
I 03-17 20:37:37 utils.py:137] Job status: JobStatus.RUNNING
I 03-17 20:37:37 utils.py:140] ==================================
I 03-17 20:37:57 utils.py:131] === Checking the job status... ===
I 03-17 20:37:59 utils.py:137] Job status: JobStatus.RUNNING
I 03-17 20:37:59 utils.py:140] ==================================
I 03-17 20:38:19 utils.py:131] === Checking the job status... ===
I 03-17 20:38:20 utils.py:137] Job status: JobStatus.RUNNING
I 03-17 20:38:20 utils.py:140] ==================================
I 03-17 20:38:40 utils.py:131] === Checking the job status... ===
I 03-17 20:38:41 utils.py:137] Job status: JobStatus.RUNNING
I 03-17 20:38:41 utils.py:140] ==================================
I 03-17 20:39:01 utils.py:131] === Checking the job status... ===
I 03-17 20:39:02 utils.py:137] Job status: JobStatus.RUNNING
I 03-17 20:39:02 utils.py:140] ==================================
I 03-17 20:39:22 utils.py:131] === Checking the job status... ===
I 03-17 20:39:23 utils.py:137] Job status: JobStatus.RUNNING
I 03-17 20:39:23 utils.py:140] ==================================
I 03-17 20:39:43 utils.py:131] === Checking the job status... ===
I 03-17 20:39:44 utils.py:137] Job status: JobStatus.RUNNING
I 03-17 20:39:44 utils.py:140] ==================================
I 03-17 20:40:04 utils.py:131] === Checking the job status... ===
I 03-17 20:40:08 utils.py:137] Job status: JobStatus.RUNNING
I 03-17 20:40:08 utils.py:140] ==================================
I 03-17 20:40:28 utils.py:131] === Checking the job status... ===
I 03-17 20:40:30 utils.py:137] Job status: JobStatus.RUNNING
I 03-17 20:40:30 utils.py:140] ==================================
I 03-17 20:40:50 utils.py:131] === Checking the job status... ===
I 03-17 20:40:54 utils.py:137] Job status: JobStatus.RUNNING
I 03-17 20:40:54 utils.py:140] ==================================
I 03-17 20:41:14 utils.py:131] === Checking the job status... ===
I 03-17 20:41:15 utils.py:137] Job status: JobStatus.RUNNING
I 03-17 20:41:15 utils.py:140] ==================================
I 03-17 20:41:35 utils.py:131] === Checking the job status... ===
I 03-17 20:41:35 utils.py:137] Job status: JobStatus.RUNNING
I 03-17 20:41:35 utils.py:140] ==================================
I 03-17 20:41:56 utils.py:131] === Checking the job status... ===
I 03-17 20:41:56 utils.py:137] Job status: JobStatus.RUNNING
I 03-17 20:41:56 utils.py:140] ==================================
I 03-17 20:42:17 utils.py:131] === Checking the job status... ===
I 03-17 20:42:17 utils.py:137] Job status: JobStatus.RUNNING
I 03-17 20:42:17 utils.py:140] ==================================
I 03-17 20:42:37 utils.py:131] === Checking the job status... ===
I 03-17 20:42:38 utils.py:137] Job status: JobStatus.RUNNING
I 03-17 20:42:38 utils.py:140] ==================================
I 03-17 20:42:58 utils.py:131] === Checking the job status... ===
I 03-17 20:42:59 utils.py:137] Job status: JobStatus.RUNNING
I 03-17 20:42:59 utils.py:140] ==================================
I 03-17 20:43:19 utils.py:131] === Checking the job status... ===
I 03-17 20:43:20 utils.py:137] Job status: JobStatus.RUNNING
I 03-17 20:43:20 utils.py:140] ==================================
I 03-17 20:43:40 utils.py:131] === Checking the job status... ===
I 03-17 20:43:41 utils.py:137] Job status: JobStatus.RUNNING
I 03-17 20:43:41 utils.py:140] ==================================
I 03-17 20:44:01 utils.py:131] === Checking the job status... ===
I 03-17 20:44:02 utils.py:137] Job status: JobStatus.RUNNING
I 03-17 20:44:02 utils.py:140] ==================================
I 03-17 20:44:22 utils.py:131] === Checking the job status... ===
I 03-17 20:44:23 utils.py:137] Job status: JobStatus.RUNNING
I 03-17 20:44:23 utils.py:140] ==================================
I 03-17 20:44:43 utils.py:131] === Checking the job status... ===
I 03-17 20:44:44 utils.py:137] Job status: JobStatus.RUNNING
I 03-17 20:44:44 utils.py:140] ==================================
I 03-17 20:45:04 utils.py:131] === Checking the job status... ===
I 03-17 20:45:05 utils.py:137] Job status: JobStatus.RUNNING
I 03-17 20:45:05 utils.py:140] ==================================
I 03-17 20:45:25 utils.py:131] === Checking the job status... ===
I 03-17 20:45:25 utils.py:137] Job status: JobStatus.RUNNING
I 03-17 20:45:25 utils.py:140] ==================================
I 03-17 20:45:46 utils.py:131] === Checking the job status... ===
I 03-17 20:45:46 utils.py:137] Job status: JobStatus.RUNNING
I 03-17 20:45:46 utils.py:140] ==================================
I 03-17 20:46:06 utils.py:131] === Checking the job status... ===
I 03-17 20:46:07 utils.py:137] Job status: JobStatus.RUNNING
I 03-17 20:46:07 utils.py:140] ==================================
I 03-17 20:46:27 utils.py:131] === Checking the job status... ===
I 03-17 20:46:28 utils.py:137] Job status: JobStatus.RUNNING
I 03-17 20:46:28 utils.py:140] ==================================
I 03-17 20:46:48 utils.py:131] === Checking the job status... ===
I 03-17 20:46:49 utils.py:137] Job status: JobStatus.RUNNING
I 03-17 20:46:49 utils.py:140] ==================================
I 03-17 20:47:09 utils.py:131] === Checking the job status... ===
I 03-17 20:47:10 utils.py:137] Job status: JobStatus.RUNNING
I 03-17 20:47:10 utils.py:140] ==================================
I 03-17 20:47:30 utils.py:131] === Checking the job status... ===
I 03-17 20:47:31 utils.py:137] Job status: JobStatus.RUNNING
I 03-17 20:47:31 utils.py:140] ==================================
I 03-17 20:47:51 utils.py:131] === Checking the job status... ===
I 03-17 20:47:52 utils.py:137] Job status: JobStatus.RUNNING
I 03-17 20:47:52 utils.py:140] ==================================
I 03-17 20:48:12 utils.py:131] === Checking the job status... ===
I 03-17 20:48:13 utils.py:137] Job status: JobStatus.RUNNING
I 03-17 20:48:13 utils.py:140] ==================================
I 03-17 20:48:33 utils.py:131] === Checking the job status... ===
I 03-17 20:48:33 utils.py:137] Job status: JobStatus.RUNNING
I 03-17 20:48:33 utils.py:140] ==================================
I 03-17 20:48:54 utils.py:131] === Checking the job status... ===
I 03-17 20:48:54 utils.py:137] Job status: JobStatus.RUNNING
I 03-17 20:48:54 utils.py:140] ==================================
I 03-17 20:49:15 utils.py:131] === Checking the job status... ===
I 03-17 20:49:15 utils.py:137] Job status: JobStatus.RUNNING
I 03-17 20:49:15 utils.py:140] ==================================
I 03-17 20:49:35 utils.py:131] === Checking the job status... ===
I 03-17 20:49:36 utils.py:137] Job status: JobStatus.RUNNING
I 03-17 20:49:36 utils.py:140] ==================================
I 03-17 20:49:56 utils.py:131] === Checking the job status... ===
I 03-17 20:49:57 utils.py:137] Job status: JobStatus.RUNNING
I 03-17 20:49:57 utils.py:140] ==================================
I 03-17 20:50:17 utils.py:131] === Checking the job status... ===
I 03-17 20:50:18 utils.py:137] Job status: JobStatus.RUNNING
I 03-17 20:50:18 utils.py:140] ==================================
I 03-17 20:50:38 utils.py:131] === Checking the job status... ===
I 03-17 20:50:39 utils.py:137] Job status: JobStatus.RUNNING
I 03-17 20:50:39 utils.py:140] ==================================
I 03-17 20:50:59 utils.py:131] === Checking the job status... ===
I 03-17 20:51:00 utils.py:137] Job status: JobStatus.RUNNING
I 03-17 20:51:00 utils.py:140] ==================================
I 03-17 20:51:20 utils.py:131] === Checking the job status... ===
I 03-17 20:51:21 utils.py:137] Job status: JobStatus.RUNNING
I 03-17 20:51:21 utils.py:140] ==================================
I 03-17 20:51:41 utils.py:131] === Checking the job status... ===
I 03-17 20:51:42 utils.py:137] Job status: JobStatus.RUNNING
I 03-17 20:51:42 utils.py:140] ==================================
I 03-17 20:52:02 utils.py:131] === Checking the job status... ===
I 03-17 20:52:03 utils.py:137] Job status: JobStatus.RUNNING
I 03-17 20:52:03 utils.py:140] ==================================
I 03-17 20:52:23 utils.py:131] === Checking the job status... ===
I 03-17 20:52:23 utils.py:137] Job status: JobStatus.RUNNING
I 03-17 20:52:23 utils.py:140] ==================================
I 03-17 20:52:43 utils.py:131] === Checking the job status... ===
I 03-17 20:52:44 utils.py:137] Job status: JobStatus.RUNNING
I 03-17 20:52:44 utils.py:140] ==================================
I 03-17 20:53:04 utils.py:131] === Checking the job status... ===
I 03-17 20:53:05 utils.py:137] Job status: JobStatus.RUNNING
I 03-17 20:53:05 utils.py:140] ==================================
I 03-17 20:53:25 utils.py:131] === Checking the job status... ===
I 03-17 20:53:26 utils.py:137] Job status: JobStatus.RUNNING
I 03-17 20:53:26 utils.py:140] ==================================
I 03-17 20:53:46 utils.py:131] === Checking the job status... ===
I 03-17 20:53:47 utils.py:137] Job status: JobStatus.RUNNING
I 03-17 20:53:47 utils.py:140] ==================================
