I 03-17 20:29:36 controller.py:59] DAG:
I 03-17 20:29:36 controller.py:59] [Task<name=compute-text-vectors>(run='# Initialize and dow...')
I 03-17 20:29:36 controller.py:59]   resources: AWS(cpus=4, {'L4': 1})]
I 03-17 20:29:37 controller.py:195] Submitted managed job 465 (task: 0, name: 'compute-text-vectors'); SKYPILOT_TASK_ID: sky-managed-2025-03-17-20-29-36-994392_compute-text-vectors_465-0
I 03-17 20:29:37 controller.py:199] Started monitoring.
I 03-17 20:29:37 state.py:451] Launching the spot cluster...
I 03-17 20:29:37 storage.py:1058] Storage type StoreType.S3 already exists.
<sky-payload>"<rich_init>[bold cyan]Optimizing[/]</rich_init>"</sky-payload>
<sky-payload>"<rich_update>[bold cyan]Optimizing[/]</rich_update>"</sky-payload>
<sky-payload>"<rich_start>[bold cyan]Optimizing[/]</rich_start>"</sky-payload>
I 03-17 20:29:38 optimizer.py:736] [1mTarget:[0m minimizing cost
I 03-17 20:29:38 optimizer.py:749] [1mEstimated cost: [0m$0.8 / hour
I 03-17 20:29:38 optimizer.py:749] 
I 03-17 20:29:38 optimizer.py:884] Considered resources (1 node):
I 03-17 20:29:38 optimizer.py:952] ----------------------------------------------------------------------------------------
I 03-17 20:29:38 optimizer.py:952]  CLOUD   INSTANCE    vCPUs   Mem(GB)   ACCELERATORS   REGION/ZONE   COST ($)   CHOSEN   
I 03-17 20:29:38 optimizer.py:952] ----------------------------------------------------------------------------------------
I 03-17 20:29:38 optimizer.py:952]  AWS     g6.xlarge   4       16        L4:1           us-east-1     0.80       [32m   ✔[0m     
I 03-17 20:29:38 optimizer.py:952] ----------------------------------------------------------------------------------------
<sky-payload>"<rich_exit></rich_exit>"</sky-payload>
<sky-payload>"<rich_init>[bold cyan]Launching[/]</rich_init>"</sky-payload>
<sky-payload>"<rich_update>[bold cyan]Launching[/]</rich_update>"</sky-payload>
<sky-payload>"<rich_start>[bold cyan]Launching[/]</rich_start>"</sky-payload>
<sky-payload>"<rich_update>[bold cyan]Launching[/]  \u001b[2mView logs: sky api logs -l sky-2025-03-17-20-29-37-665738/provision.log\u001b[0m</rich_update>"</sky-payload>
<sky-payload>"<rich_update>[bold cyan]Launching[/]  \u001b[2mView logs: sky api logs -l sky-2025-03-17-20-29-37-665738/provision.log\u001b[0m</rich_update>"</sky-payload>
I 03-17 20:29:38 cloud_vm_ray_backend.py:1520] [0m⚙︎ Launching on AWS us-east-1[0m (us-east-1a,us-east-1b,us-east-1c,us-east-1d).
[2mW 03-17 20:30:34 instance.py:243] create_instances: Attempt failed with An error occurred (VcpuLimitExceeded) when calling the RunInstances operation: You have requested more vCPU capacity than your current vCPU limit of 64 allows for the instance bucket that the specified instance type belongs to. Please visit http://aws.amazon.com/contact-us/ec2-request to request an adjustment to this limit.[0m
[2mW 03-17 20:30:35 instance.py:243] create_instances: Attempt failed with An error occurred (VcpuLimitExceeded) when calling the RunInstances operation: You have requested more vCPU capacity than your current vCPU limit of 64 allows for the instance bucket that the specified instance type belongs to. Please visit http://aws.amazon.com/contact-us/ec2-request to request an adjustment to this limit.[0m
[2mW 03-17 20:30:35 instance.py:243] create_instances: Attempt failed with An error occurred (VcpuLimitExceeded) when calling the RunInstances operation: You have requested more vCPU capacity than your current vCPU limit of 64 allows for the instance bucket that the specified instance type belongs to. Please visit http://aws.amazon.com/contact-us/ec2-request to request an adjustment to this limit.[0m
W 03-17 20:30:36 cloud_vm_ray_backend.py:2061] sky.exceptions.ResourcesUnavailableError: Failed to acquire resources in all zones in us-east-1 for {AWS(cpus=4, {'L4': 1})}. 
W 03-17 20:30:36 cloud_vm_ray_backend.py:2097] 
W 03-17 20:30:36 cloud_vm_ray_backend.py:2097] [0m[33m↺[0m Trying other potential resources.
<sky-payload>"<rich_update>[bold cyan]Looking for resources[/]  \u001b[2mView logs: sky api logs -l sky-2025-03-17-20-29-37-665738/provision.log\u001b[0m</rich_update>"</sky-payload>
<sky-payload>"<rich_update>[bold cyan]Optimizing[/]</rich_update>"</sky-payload>
<sky-payload>"<rich_start>[bold cyan]Launching[/]</rich_start>"</sky-payload>
I 03-17 20:30:36 optimizer.py:736] [1mTarget:[0m minimizing cost
I 03-17 20:30:36 optimizer.py:749] [1mEstimated cost: [0m$0.8 / hour
I 03-17 20:30:36 optimizer.py:749] 
I 03-17 20:30:36 optimizer.py:884] Considered resources (1 node):
I 03-17 20:30:36 optimizer.py:952] ----------------------------------------------------------------------------------------
I 03-17 20:30:36 optimizer.py:952]  CLOUD   INSTANCE    vCPUs   Mem(GB)   ACCELERATORS   REGION/ZONE   COST ($)   CHOSEN   
I 03-17 20:30:36 optimizer.py:952] ----------------------------------------------------------------------------------------
I 03-17 20:30:36 optimizer.py:952]  AWS     g6.xlarge   4       16        L4:1           us-east-2     0.80       [32m   ✔[0m     
I 03-17 20:30:36 optimizer.py:952] ----------------------------------------------------------------------------------------
<sky-payload>"<rich_update>[bold cyan]Looking for resources[/]  \u001b[2mView logs: sky api logs -l sky-2025-03-17-20-29-37-665738/provision.log\u001b[0m</rich_update>"</sky-payload>
<sky-payload>"<rich_update>[bold cyan]Launching[/]  \u001b[2mView logs: sky api logs -l sky-2025-03-17-20-29-37-665738/provision.log\u001b[0m</rich_update>"</sky-payload>
I 03-17 20:30:36 cloud_vm_ray_backend.py:1520] [0m⚙︎ Launching on AWS us-east-2[0m (us-east-2a,us-east-2b,us-east-2c).
[2mW 03-17 20:30:39 instance.py:243] create_instances: Attempt failed with An error occurred (VcpuLimitExceeded) when calling the RunInstances operation: You have requested more vCPU capacity than your current vCPU limit of 128 allows for the instance bucket that the specified instance type belongs to. Please visit http://aws.amazon.com/contact-us/ec2-request to request an adjustment to this limit.[0m
[2mW 03-17 20:30:40 instance.py:243] create_instances: Attempt failed with An error occurred (VcpuLimitExceeded) when calling the RunInstances operation: You have requested more vCPU capacity than your current vCPU limit of 128 allows for the instance bucket that the specified instance type belongs to. Please visit http://aws.amazon.com/contact-us/ec2-request to request an adjustment to this limit.[0m
[2mW 03-17 20:30:51 instance.py:243] create_instances: Attempt failed with An error occurred (VcpuLimitExceeded) when calling the RunInstances operation: You have requested more vCPU capacity than your current vCPU limit of 128 allows for the instance bucket that the specified instance type belongs to. Please visit http://aws.amazon.com/contact-us/ec2-request to request an adjustment to this limit.[0m
W 03-17 20:30:52 cloud_vm_ray_backend.py:2061] sky.exceptions.ResourcesUnavailableError: Failed to acquire resources in all zones in us-east-2 for {AWS(cpus=4, {'L4': 1})}. 
W 03-17 20:30:52 cloud_vm_ray_backend.py:2097] 
W 03-17 20:30:52 cloud_vm_ray_backend.py:2097] [0m[33m↺[0m Trying other potential resources.
<sky-payload>"<rich_update>[bold cyan]Looking for resources[/]  \u001b[2mView logs: sky api logs -l sky-2025-03-17-20-29-37-665738/provision.log\u001b[0m</rich_update>"</sky-payload>
<sky-payload>"<rich_update>[bold cyan]Optimizing[/]</rich_update>"</sky-payload>
<sky-payload>"<rich_start>[bold cyan]Launching[/]</rich_start>"</sky-payload>
I 03-17 20:30:52 optimizer.py:736] [1mTarget:[0m minimizing cost
I 03-17 20:30:52 optimizer.py:749] [1mEstimated cost: [0m$0.8 / hour
I 03-17 20:30:52 optimizer.py:749] 
I 03-17 20:30:52 optimizer.py:884] Considered resources (1 node):
I 03-17 20:30:52 optimizer.py:952] ----------------------------------------------------------------------------------------
I 03-17 20:30:52 optimizer.py:952]  CLOUD   INSTANCE    vCPUs   Mem(GB)   ACCELERATORS   REGION/ZONE   COST ($)   CHOSEN   
I 03-17 20:30:52 optimizer.py:952] ----------------------------------------------------------------------------------------
I 03-17 20:30:52 optimizer.py:952]  AWS     g6.xlarge   4       16        L4:1           us-west-2     0.80       [32m   ✔[0m     
I 03-17 20:30:52 optimizer.py:952] ----------------------------------------------------------------------------------------
<sky-payload>"<rich_update>[bold cyan]Looking for resources[/]  \u001b[2mView logs: sky api logs -l sky-2025-03-17-20-29-37-665738/provision.log\u001b[0m</rich_update>"</sky-payload>
<sky-payload>"<rich_update>[bold cyan]Launching[/]  \u001b[2mView logs: sky api logs -l sky-2025-03-17-20-29-37-665738/provision.log\u001b[0m</rich_update>"</sky-payload>
I 03-17 20:30:52 cloud_vm_ray_backend.py:1520] [0m⚙︎ Launching on AWS us-west-2[0m (us-west-2a,us-west-2b,us-west-2c,us-west-2d).
[2mW 03-17 20:30:56 instance.py:243] create_instances: Attempt failed with An error occurred (VcpuLimitExceeded) when calling the RunInstances operation: You have requested more vCPU capacity than your current vCPU limit of 64 allows for the instance bucket that the specified instance type belongs to. Please visit http://aws.amazon.com/contact-us/ec2-request to request an adjustment to this limit.[0m
[2mW 03-17 20:34:38 instance.py:243] create_instances: Attempt failed with An error occurred (VcpuLimitExceeded) when calling the RunInstances operation: You have requested more vCPU capacity than your current vCPU limit of 64 allows for the instance bucket that the specified instance type belongs to. Please visit http://aws.amazon.com/contact-us/ec2-request to request an adjustment to this limit.[0m
[2mW 03-17 20:34:39 instance.py:243] create_instances: Attempt failed with An error occurred (VcpuLimitExceeded) when calling the RunInstances operation: You have requested more vCPU capacity than your current vCPU limit of 64 allows for the instance bucket that the specified instance type belongs to. Please visit http://aws.amazon.com/contact-us/ec2-request to request an adjustment to this limit.[0m
[2mW 03-17 20:34:40 instance.py:243] create_instances: Attempt failed with An error occurred (VcpuLimitExceeded) when calling the RunInstances operation: You have requested more vCPU capacity than your current vCPU limit of 64 allows for the instance bucket that the specified instance type belongs to. Please visit http://aws.amazon.com/contact-us/ec2-request to request an adjustment to this limit.[0m
W 03-17 20:34:41 cloud_vm_ray_backend.py:2061] sky.exceptions.ResourcesUnavailableError: Failed to acquire resources in all zones in us-west-2 for {AWS(cpus=4, {'L4': 1})}. 
W 03-17 20:34:41 cloud_vm_ray_backend.py:2097] 
W 03-17 20:34:41 cloud_vm_ray_backend.py:2097] [0m[33m↺[0m Trying other potential resources.
<sky-payload>"<rich_update>[bold cyan]Looking for resources[/]  \u001b[2mView logs: sky api logs -l sky-2025-03-17-20-29-37-665738/provision.log\u001b[0m</rich_update>"</sky-payload>
<sky-payload>"<rich_update>[bold cyan]Optimizing[/]</rich_update>"</sky-payload>
<sky-payload>"<rich_start>[bold cyan]Launching[/]</rich_start>"</sky-payload>
I 03-17 20:34:41 optimizer.py:736] [1mTarget:[0m minimizing cost
I 03-17 20:34:41 optimizer.py:749] [1mEstimated cost: [0m$0.9 / hour
I 03-17 20:34:41 optimizer.py:749] 
I 03-17 20:34:41 optimizer.py:884] Considered resources (1 node):
I 03-17 20:34:41 optimizer.py:952] ----------------------------------------------------------------------------------------
I 03-17 20:34:41 optimizer.py:952]  CLOUD   INSTANCE    vCPUs   Mem(GB)   ACCELERATORS   REGION/ZONE   COST ($)   CHOSEN   
I 03-17 20:34:41 optimizer.py:952] ----------------------------------------------------------------------------------------
I 03-17 20:34:41 optimizer.py:952]  AWS     g6.xlarge   4       16        L4:1           eu-north-1    0.85       [32m   ✔[0m     
I 03-17 20:34:41 optimizer.py:952] ----------------------------------------------------------------------------------------
<sky-payload>"<rich_update>[bold cyan]Looking for resources[/]  \u001b[2mView logs: sky api logs -l sky-2025-03-17-20-29-37-665738/provision.log\u001b[0m</rich_update>"</sky-payload>
<sky-payload>"<rich_update>[bold cyan]Launching[/]  \u001b[2mView logs: sky api logs -l sky-2025-03-17-20-29-37-665738/provision.log\u001b[0m</rich_update>"</sky-payload>
I 03-17 20:34:41 cloud_vm_ray_backend.py:1520] [0m⚙︎ Launching on AWS eu-north-1[0m (eu-north-1a,eu-north-1b).
[2mW 03-17 20:35:28 instance.py:243] create_instances: Attempt failed with An error occurred (VcpuLimitExceeded) when calling the RunInstances operation: You have requested more vCPU capacity than your current vCPU limit of 64 allows for the instance bucket that the specified instance type belongs to. Please visit http://aws.amazon.com/contact-us/ec2-request to request an adjustment to this limit.[0m
[2mW 03-17 20:35:37 instance.py:243] create_instances: Attempt failed with An error occurred (VcpuLimitExceeded) when calling the RunInstances operation: You have requested more vCPU capacity than your current vCPU limit of 64 allows for the instance bucket that the specified instance type belongs to. Please visit http://aws.amazon.com/contact-us/ec2-request to request an adjustment to this limit.[0m
W 03-17 20:35:38 cloud_vm_ray_backend.py:2061] sky.exceptions.ResourcesUnavailableError: Failed to acquire resources in all zones in eu-north-1 for {AWS(cpus=4, {'L4': 1})}. 
W 03-17 20:35:38 cloud_vm_ray_backend.py:2097] 
W 03-17 20:35:38 cloud_vm_ray_backend.py:2097] [0m[33m↺[0m Trying other potential resources.
<sky-payload>"<rich_update>[bold cyan]Looking for resources[/]  \u001b[2mView logs: sky api logs -l sky-2025-03-17-20-29-37-665738/provision.log\u001b[0m</rich_update>"</sky-payload>
<sky-payload>"<rich_update>[bold cyan]Optimizing[/]</rich_update>"</sky-payload>
<sky-payload>"<rich_start>[bold cyan]Launching[/]</rich_start>"</sky-payload>
I 03-17 20:35:38 optimizer.py:736] [1mTarget:[0m minimizing cost
I 03-17 20:35:38 optimizer.py:749] [1mEstimated cost: [0m$0.9 / hour
I 03-17 20:35:38 optimizer.py:749] 
I 03-17 20:35:38 optimizer.py:884] Considered resources (1 node):
I 03-17 20:35:38 optimizer.py:952] -----------------------------------------------------------------------------------------
I 03-17 20:35:38 optimizer.py:952]  CLOUD   INSTANCE    vCPUs   Mem(GB)   ACCELERATORS   REGION/ZONE    COST ($)   CHOSEN   
I 03-17 20:35:38 optimizer.py:952] -----------------------------------------------------------------------------------------
I 03-17 20:35:38 optimizer.py:952]  AWS     g6.xlarge   4       16        L4:1           ca-central-1   0.89       [32m   ✔[0m     
I 03-17 20:35:38 optimizer.py:952] -----------------------------------------------------------------------------------------
<sky-payload>"<rich_update>[bold cyan]Looking for resources[/]  \u001b[2mView logs: sky api logs -l sky-2025-03-17-20-29-37-665738/provision.log\u001b[0m</rich_update>"</sky-payload>
<sky-payload>"<rich_update>[bold cyan]Launching[/]  \u001b[2mView logs: sky api logs -l sky-2025-03-17-20-29-37-665738/provision.log\u001b[0m</rich_update>"</sky-payload>
I 03-17 20:35:38 cloud_vm_ray_backend.py:1520] [0m⚙︎ Launching on AWS ca-central-1[0m (ca-central-1a,ca-central-1b).
[2mW 03-17 20:35:53 instance.py:243] create_instances: Attempt failed with An error occurred (VcpuLimitExceeded) when calling the RunInstances operation: You have requested more vCPU capacity than your current vCPU limit of 64 allows for the instance bucket that the specified instance type belongs to. Please visit http://aws.amazon.com/contact-us/ec2-request to request an adjustment to this limit.[0m
[2mW 03-17 20:35:54 instance.py:243] create_instances: Attempt failed with An error occurred (VcpuLimitExceeded) when calling the RunInstances operation: You have requested more vCPU capacity than your current vCPU limit of 64 allows for the instance bucket that the specified instance type belongs to. Please visit http://aws.amazon.com/contact-us/ec2-request to request an adjustment to this limit.[0m
W 03-17 20:35:55 cloud_vm_ray_backend.py:2061] sky.exceptions.ResourcesUnavailableError: Failed to acquire resources in all zones in ca-central-1 for {AWS(cpus=4, {'L4': 1})}. 
W 03-17 20:35:55 cloud_vm_ray_backend.py:2097] 
W 03-17 20:35:55 cloud_vm_ray_backend.py:2097] [0m[33m↺[0m Trying other potential resources.
<sky-payload>"<rich_update>[bold cyan]Looking for resources[/]  \u001b[2mView logs: sky api logs -l sky-2025-03-17-20-29-37-665738/provision.log\u001b[0m</rich_update>"</sky-payload>
<sky-payload>"<rich_update>[bold cyan]Optimizing[/]</rich_update>"</sky-payload>
<sky-payload>"<rich_start>[bold cyan]Launching[/]</rich_start>"</sky-payload>
I 03-17 20:35:55 optimizer.py:736] [1mTarget:[0m minimizing cost
I 03-17 20:35:55 optimizer.py:749] [1mEstimated cost: [0m$1.0 / hour
I 03-17 20:35:55 optimizer.py:749] 
I 03-17 20:35:55 optimizer.py:884] Considered resources (1 node):
I 03-17 20:35:55 optimizer.py:952] ----------------------------------------------------------------------------------------
I 03-17 20:35:55 optimizer.py:952]  CLOUD   INSTANCE    vCPUs   Mem(GB)   ACCELERATORS   REGION/ZONE   COST ($)   CHOSEN   
I 03-17 20:35:55 optimizer.py:952] ----------------------------------------------------------------------------------------
I 03-17 20:35:55 optimizer.py:952]  AWS     g6.xlarge   4       16        L4:1           ap-south-1    0.97       [32m   ✔[0m     
I 03-17 20:35:55 optimizer.py:952] ----------------------------------------------------------------------------------------
<sky-payload>"<rich_update>[bold cyan]Looking for resources[/]  \u001b[2mView logs: sky api logs -l sky-2025-03-17-20-29-37-665738/provision.log\u001b[0m</rich_update>"</sky-payload>
<sky-payload>"<rich_update>[bold cyan]Launching[/]  \u001b[2mView logs: sky api logs -l sky-2025-03-17-20-29-37-665738/provision.log\u001b[0m</rich_update>"</sky-payload>
I 03-17 20:35:55 cloud_vm_ray_backend.py:1520] [0m⚙︎ Launching on AWS ap-south-1[0m (ap-south-1a,ap-south-1b).
[2mW 03-17 20:36:18 instance.py:243] create_instances: Attempt failed with An error occurred (InsufficientInstanceCapacity) when calling the RunInstances operation (reached max retries: 0): We currently do not have sufficient g6.xlarge capacity in the Availability Zone you requested (ap-south-1a). Our system will be working on provisioning additional capacity. You can currently get g6.xlarge capacity by not specifying an Availability Zone in your request or choosing ap-south-1b.[0m
[2mW 03-17 20:36:20 instance.py:243] create_instances: Attempt failed with An error occurred (InsufficientInstanceCapacity) when calling the RunInstances operation (reached max retries: 0): We currently do not have sufficient g6.xlarge capacity in the Availability Zone you requested (ap-south-1b). Our system will be working on provisioning additional capacity. You can currently get g6.xlarge capacity by not specifying an Availability Zone in your request or choosing ap-south-1a.[0m
W 03-17 20:36:22 cloud_vm_ray_backend.py:2061] sky.exceptions.ResourcesUnavailableError: Failed to acquire resources in all zones in ap-south-1 for {AWS(cpus=4, {'L4': 1})}. 
W 03-17 20:36:22 cloud_vm_ray_backend.py:2097] 
W 03-17 20:36:22 cloud_vm_ray_backend.py:2097] [0m[33m↺[0m Trying other potential resources.
<sky-payload>"<rich_update>[bold cyan]Looking for resources[/]  \u001b[2mView logs: sky api logs -l sky-2025-03-17-20-29-37-665738/provision.log\u001b[0m</rich_update>"</sky-payload>
<sky-payload>"<rich_update>[bold cyan]Optimizing[/]</rich_update>"</sky-payload>
<sky-payload>"<rich_start>[bold cyan]Launching[/]</rich_start>"</sky-payload>
I 03-17 20:36:22 optimizer.py:736] [1mTarget:[0m minimizing cost
I 03-17 20:36:22 optimizer.py:749] [1mEstimated cost: [0m$1.0 / hour
I 03-17 20:36:22 optimizer.py:749] 
I 03-17 20:36:22 optimizer.py:884] Considered resources (1 node):
I 03-17 20:36:22 optimizer.py:952] -------------------------------------------------------------------------------------------
I 03-17 20:36:22 optimizer.py:952]  CLOUD   INSTANCE    vCPUs   Mem(GB)   ACCELERATORS   REGION/ZONE      COST ($)   CHOSEN   
I 03-17 20:36:22 optimizer.py:952] -------------------------------------------------------------------------------------------
I 03-17 20:36:22 optimizer.py:952]  AWS     g6.xlarge   4       16        L4:1           ap-northeast-2   0.99       [32m   ✔[0m     
I 03-17 20:36:22 optimizer.py:952] -------------------------------------------------------------------------------------------
<sky-payload>"<rich_update>[bold cyan]Looking for resources[/]  \u001b[2mView logs: sky api logs -l sky-2025-03-17-20-29-37-665738/provision.log\u001b[0m</rich_update>"</sky-payload>
<sky-payload>"<rich_update>[bold cyan]Launching[/]  \u001b[2mView logs: sky api logs -l sky-2025-03-17-20-29-37-665738/provision.log\u001b[0m</rich_update>"</sky-payload>
I 03-17 20:36:22 cloud_vm_ray_backend.py:1520] [0m⚙︎ Launching on AWS ap-northeast-2[0m (ap-northeast-2a,ap-northeast-2d).
[2mW 03-17 20:36:30 instance.py:243] create_instances: Attempt failed with An error occurred (InsufficientInstanceCapacity) when calling the RunInstances operation (reached max retries: 0): We currently do not have sufficient g6.xlarge capacity in the Availability Zone you requested (ap-northeast-2a). Our system will be working on provisioning additional capacity. You can currently get g6.xlarge capacity by not specifying an Availability Zone in your request or choosing ap-northeast-2d.[0m
[2mW 03-17 20:36:33 instance.py:243] create_instances: Attempt failed with An error occurred (InsufficientInstanceCapacity) when calling the RunInstances operation (reached max retries: 0): We currently do not have sufficient g6.xlarge capacity in the Availability Zone you requested (ap-northeast-2d). Our system will be working on provisioning additional capacity. You can currently get g6.xlarge capacity by not specifying an Availability Zone in your request or choosing ap-northeast-2a.[0m
W 03-17 20:36:34 cloud_vm_ray_backend.py:2061] sky.exceptions.ResourcesUnavailableError: Failed to acquire resources in all zones in ap-northeast-2 for {AWS(cpus=4, {'L4': 1})}. 
W 03-17 20:36:34 cloud_vm_ray_backend.py:2097] 
W 03-17 20:36:34 cloud_vm_ray_backend.py:2097] [0m[33m↺[0m Trying other potential resources.
<sky-payload>"<rich_update>[bold cyan]Looking for resources[/]  \u001b[2mView logs: sky api logs -l sky-2025-03-17-20-29-37-665738/provision.log\u001b[0m</rich_update>"</sky-payload>
<sky-payload>"<rich_update>[bold cyan]Optimizing[/]</rich_update>"</sky-payload>
<sky-payload>"<rich_start>[bold cyan]Launching[/]</rich_start>"</sky-payload>
I 03-17 20:36:34 optimizer.py:736] [1mTarget:[0m minimizing cost
I 03-17 20:36:34 optimizer.py:749] [1mEstimated cost: [0m$1.0 / hour
I 03-17 20:36:34 optimizer.py:749] 
I 03-17 20:36:34 optimizer.py:884] Considered resources (1 node):
I 03-17 20:36:34 optimizer.py:952] -----------------------------------------------------------------------------------------
I 03-17 20:36:34 optimizer.py:952]  CLOUD   INSTANCE    vCPUs   Mem(GB)   ACCELERATORS   REGION/ZONE    COST ($)   CHOSEN   
I 03-17 20:36:34 optimizer.py:952] -----------------------------------------------------------------------------------------
I 03-17 20:36:34 optimizer.py:952]  AWS     g6.xlarge   4       16        L4:1           eu-central-1   1.01       [32m   ✔[0m     
I 03-17 20:36:34 optimizer.py:952] -----------------------------------------------------------------------------------------
<sky-payload>"<rich_update>[bold cyan]Looking for resources[/]  \u001b[2mView logs: sky api logs -l sky-2025-03-17-20-29-37-665738/provision.log\u001b[0m</rich_update>"</sky-payload>
<sky-payload>"<rich_update>[bold cyan]Launching[/]  \u001b[2mView logs: sky api logs -l sky-2025-03-17-20-29-37-665738/provision.log\u001b[0m</rich_update>"</sky-payload>
I 03-17 20:36:34 cloud_vm_ray_backend.py:1520] [0m⚙︎ Launching on AWS eu-central-1[0m (eu-central-1a,eu-central-1b).
[2mW 03-17 20:36:40 instance.py:243] create_instances: Attempt failed with An error occurred (VcpuLimitExceeded) when calling the RunInstances operation: You have requested more vCPU capacity than your current vCPU limit of 64 allows for the instance bucket that the specified instance type belongs to. Please visit http://aws.amazon.com/contact-us/ec2-request to request an adjustment to this limit.[0m
[2mW 03-17 20:36:42 instance.py:243] create_instances: Attempt failed with An error occurred (VcpuLimitExceeded) when calling the RunInstances operation: You have requested more vCPU capacity than your current vCPU limit of 64 allows for the instance bucket that the specified instance type belongs to. Please visit http://aws.amazon.com/contact-us/ec2-request to request an adjustment to this limit.[0m
W 03-17 20:36:43 cloud_vm_ray_backend.py:2061] sky.exceptions.ResourcesUnavailableError: Failed to acquire resources in all zones in eu-central-1 for {AWS(cpus=4, {'L4': 1})}. 
W 03-17 20:36:43 cloud_vm_ray_backend.py:2097] 
W 03-17 20:36:43 cloud_vm_ray_backend.py:2097] [0m[33m↺[0m Trying other potential resources.
<sky-payload>"<rich_update>[bold cyan]Looking for resources[/]  \u001b[2mView logs: sky api logs -l sky-2025-03-17-20-29-37-665738/provision.log\u001b[0m</rich_update>"</sky-payload>
<sky-payload>"<rich_update>[bold cyan]Optimizing[/]</rich_update>"</sky-payload>
<sky-payload>"<rich_start>[bold cyan]Launching[/]</rich_start>"</sky-payload>
I 03-17 20:36:43 optimizer.py:736] [1mTarget:[0m minimizing cost
I 03-17 20:36:43 optimizer.py:749] [1mEstimated cost: [0m$1.0 / hour
I 03-17 20:36:43 optimizer.py:749] 
I 03-17 20:36:43 optimizer.py:884] Considered resources (1 node):
I 03-17 20:36:43 optimizer.py:952] ----------------------------------------------------------------------------------------
I 03-17 20:36:43 optimizer.py:952]  CLOUD   INSTANCE    vCPUs   Mem(GB)   ACCELERATORS   REGION/ZONE   COST ($)   CHOSEN   
I 03-17 20:36:43 optimizer.py:952] ----------------------------------------------------------------------------------------
I 03-17 20:36:43 optimizer.py:952]  AWS     g6.xlarge   4       16        L4:1           eu-west-2     1.02       [32m   ✔[0m     
I 03-17 20:36:43 optimizer.py:952] ----------------------------------------------------------------------------------------
<sky-payload>"<rich_update>[bold cyan]Looking for resources[/]  \u001b[2mView logs: sky api logs -l sky-2025-03-17-20-29-37-665738/provision.log\u001b[0m</rich_update>"</sky-payload>
<sky-payload>"<rich_update>[bold cyan]Launching[/]  \u001b[2mView logs: sky api logs -l sky-2025-03-17-20-29-37-665738/provision.log\u001b[0m</rich_update>"</sky-payload>
I 03-17 20:36:44 cloud_vm_ray_backend.py:1520] [0m⚙︎ Launching on AWS eu-west-2[0m (eu-west-2a,eu-west-2b).
[2mW 03-17 20:36:48 instance.py:243] create_instances: Attempt failed with An error occurred (VcpuLimitExceeded) when calling the RunInstances operation: You have requested more vCPU capacity than your current vCPU limit of 64 allows for the instance bucket that the specified instance type belongs to. Please visit http://aws.amazon.com/contact-us/ec2-request to request an adjustment to this limit.[0m
[2mW 03-17 20:36:49 instance.py:243] create_instances: Attempt failed with An error occurred (VcpuLimitExceeded) when calling the RunInstances operation: You have requested more vCPU capacity than your current vCPU limit of 64 allows for the instance bucket that the specified instance type belongs to. Please visit http://aws.amazon.com/contact-us/ec2-request to request an adjustment to this limit.[0m
W 03-17 20:36:50 cloud_vm_ray_backend.py:2061] sky.exceptions.ResourcesUnavailableError: Failed to acquire resources in all zones in eu-west-2 for {AWS(cpus=4, {'L4': 1})}. 
W 03-17 20:36:50 cloud_vm_ray_backend.py:2097] 
W 03-17 20:36:50 cloud_vm_ray_backend.py:2097] [0m[33m↺[0m Trying other potential resources.
<sky-payload>"<rich_update>[bold cyan]Looking for resources[/]  \u001b[2mView logs: sky api logs -l sky-2025-03-17-20-29-37-665738/provision.log\u001b[0m</rich_update>"</sky-payload>
<sky-payload>"<rich_update>[bold cyan]Optimizing[/]</rich_update>"</sky-payload>
<sky-payload>"<rich_start>[bold cyan]Launching[/]</rich_start>"</sky-payload>
I 03-17 20:36:50 optimizer.py:736] [1mTarget:[0m minimizing cost
I 03-17 20:36:50 optimizer.py:749] [1mEstimated cost: [0m$1.0 / hour
I 03-17 20:36:50 optimizer.py:749] 
I 03-17 20:36:50 optimizer.py:884] Considered resources (1 node):
I 03-17 20:36:50 optimizer.py:952] ----------------------------------------------------------------------------------------
I 03-17 20:36:50 optimizer.py:952]  CLOUD   INSTANCE    vCPUs   Mem(GB)   ACCELERATORS   REGION/ZONE   COST ($)   CHOSEN   
I 03-17 20:36:50 optimizer.py:952] ----------------------------------------------------------------------------------------
I 03-17 20:36:50 optimizer.py:952]  AWS     g6.xlarge   4       16        L4:1           eu-west-3     1.02       [32m   ✔[0m     
I 03-17 20:36:50 optimizer.py:952] ----------------------------------------------------------------------------------------
<sky-payload>"<rich_update>[bold cyan]Looking for resources[/]  \u001b[2mView logs: sky api logs -l sky-2025-03-17-20-29-37-665738/provision.log\u001b[0m</rich_update>"</sky-payload>
<sky-payload>"<rich_update>[bold cyan]Launching[/]  \u001b[2mView logs: sky api logs -l sky-2025-03-17-20-29-37-665738/provision.log\u001b[0m</rich_update>"</sky-payload>
I 03-17 20:36:50 cloud_vm_ray_backend.py:1520] [0m⚙︎ Launching on AWS eu-west-3[0m (eu-west-3b,eu-west-3c).
[2mW 03-17 20:36:55 instance.py:243] create_instances: Attempt failed with An error occurred (InsufficientInstanceCapacity) when calling the RunInstances operation (reached max retries: 0): We currently do not have sufficient g6.xlarge capacity in the Availability Zone you requested (eu-west-3b). Our system will be working on provisioning additional capacity. You can currently get g6.xlarge capacity by not specifying an Availability Zone in your request or choosing eu-west-3c.[0m
[2mW 03-17 20:36:56 instance.py:243] create_instances: Attempt failed with An error occurred (InsufficientInstanceCapacity) when calling the RunInstances operation (reached max retries: 0): We currently do not have sufficient g6.xlarge capacity in the Availability Zone you requested (eu-west-3c). Our system will be working on provisioning additional capacity. You can currently get g6.xlarge capacity by not specifying an Availability Zone in your request or choosing eu-west-3b.[0m
W 03-17 20:36:57 cloud_vm_ray_backend.py:2061] sky.exceptions.ResourcesUnavailableError: Failed to acquire resources in all zones in eu-west-3 for {AWS(cpus=4, {'L4': 1})}. 
W 03-17 20:36:57 cloud_vm_ray_backend.py:2097] 
W 03-17 20:36:57 cloud_vm_ray_backend.py:2097] [0m[33m↺[0m Trying other potential resources.
<sky-payload>"<rich_update>[bold cyan]Looking for resources[/]  \u001b[2mView logs: sky api logs -l sky-2025-03-17-20-29-37-665738/provision.log\u001b[0m</rich_update>"</sky-payload>
<sky-payload>"<rich_update>[bold cyan]Optimizing[/]</rich_update>"</sky-payload>
<sky-payload>"<rich_start>[bold cyan]Launching[/]</rich_start>"</sky-payload>
I 03-17 20:36:57 optimizer.py:736] [1mTarget:[0m minimizing cost
I 03-17 20:36:57 optimizer.py:749] [1mEstimated cost: [0m$1.0 / hour
I 03-17 20:36:57 optimizer.py:749] 
I 03-17 20:36:57 optimizer.py:884] Considered resources (1 node):
I 03-17 20:36:57 optimizer.py:952] -------------------------------------------------------------------------------------------
I 03-17 20:36:57 optimizer.py:952]  CLOUD   INSTANCE    vCPUs   Mem(GB)   ACCELERATORS   REGION/ZONE      COST ($)   CHOSEN   
I 03-17 20:36:57 optimizer.py:952] -------------------------------------------------------------------------------------------
I 03-17 20:36:57 optimizer.py:952]  AWS     g6.xlarge   4       16        L4:1           ap-southeast-2   1.05       [32m   ✔[0m     
I 03-17 20:36:57 optimizer.py:952] -------------------------------------------------------------------------------------------
<sky-payload>"<rich_update>[bold cyan]Looking for resources[/]  \u001b[2mView logs: sky api logs -l sky-2025-03-17-20-29-37-665738/provision.log\u001b[0m</rich_update>"</sky-payload>
<sky-payload>"<rich_update>[bold cyan]Launching[/]  \u001b[2mView logs: sky api logs -l sky-2025-03-17-20-29-37-665738/provision.log\u001b[0m</rich_update>"</sky-payload>
I 03-17 20:36:57 cloud_vm_ray_backend.py:1520] [0m⚙︎ Launching on AWS ap-southeast-2[0m (ap-southeast-2a,ap-southeast-2c).
<sky-payload>"<rich_update>[bold cyan]Launching - Checking instance status[/]  \u001b[2mView logs: sky api logs -l sky-2025-03-17-20-29-37-665738/provision.log\u001b[0m</rich_update>"</sky-payload>
<sky-payload>"<rich_update>[bold cyan]Launching - Waiting for SSH access[/]  \u001b[2mView logs: sky api logs -l sky-2025-03-17-20-29-37-665738/provision.log\u001b[0m</rich_update>"</sky-payload>
<sky-payload>"<rich_start>[bold cyan]Launching[/]</rich_start>"</sky-payload>
I 03-17 20:37:27 provisioner.py:451] [2m└── [0m[2mInstance is up.[0m
<sky-payload>"<rich_update>[bold cyan]Preparing SkyPilot runtime (1/3 - initializing)[/]  \u001b[2mView logs: sky api logs -l sky-2025-03-17-20-29-37-665738/provision.log\u001b[0m</rich_update>"</sky-payload>
<sky-payload>"<rich_update>[bold cyan]Preparing SkyPilot runtime (2/3 - dependencies)[/]  \u001b[2mView logs: sky api logs -l sky-2025-03-17-20-29-37-665738/provision.log\u001b[0m</rich_update>"</sky-payload>
<sky-payload>"<rich_update>[bold cyan]Preparing SkyPilot runtime (3/3 - runtime)[/]  \u001b[2mView logs: sky api logs -l sky-2025-03-17-20-29-37-665738/provision.log\u001b[0m</rich_update>"</sky-payload>
<sky-payload>"<rich_update>[bold cyan]Launching - Checking instance status[/]  \u001b[2mView logs: sky api logs -l sky-2025-03-17-20-29-37-665738/provision.log\u001b[0m</rich_update>"</sky-payload>
I 03-17 20:37:57 provisioner.py:632] [0m[32m✓ Cluster launched: compute-text-vectors-465.[0m  [2mView logs: sky api logs -l sky-2025-03-17-20-29-37-665738/provision.log[0m
<sky-payload>"<rich_exit></rich_exit>"</sky-payload>
I 03-17 20:37:57 execution.py:332] [0m⚙︎ Syncing files.
<sky-payload>"<rich_init>[bold cyan]Syncing files[/]</rich_init>"</sky-payload>
<sky-payload>"<rich_update>[bold cyan]Syncing files[/]</rich_update>"</sky-payload>
<sky-payload>"<rich_start>[bold cyan]Syncing files[/]</rich_start>"</sky-payload>
<sky-payload>"<rich_update>[bold cyan]Syncing file mounts[/]  \u001b[2mView logs: sky api logs -l sky-2025-03-17-20-29-37-665738/file_mounts.log\u001b[0m</rich_update>"</sky-payload>
I 03-17 20:37:57 backend_utils.py:1315]   [2mSyncing (to 1 node): s3://skypilot-filemounts-root-726f1974-5k8qo8ie/job-5k8qo8ie/workdir -> ~/sky_workdir[0m
I 03-17 20:38:01 cloud_vm_ray_backend.py:4801] [0m[32m✓ Synced file_mounts.[0m  [2mView logs: sky api logs -l sky-2025-03-17-20-29-37-665738/file_mounts.log[0m
<sky-payload>"<rich_update>[bold cyan]Mounting 1 storage[/]  \u001b[2mView logs: sky api logs -l sky-2025-03-17-20-29-37-665738/storage_mounts.log\u001b[0m</rich_update>"</sky-payload>
I 03-17 20:38:01 backend_utils.py:1315]   [2mMounting (to 1 node): s3://sky-text-embeddings-multi-cluster-final -> /output[0m
I 03-17 20:38:05 cloud_vm_ray_backend.py:4892] [0m[32m✓ Storage mounted.[0m  [2mView logs: sky api logs -l sky-2025-03-17-20-29-37-665738/storage_mounts.log[0m
<sky-payload>"<rich_exit></rich_exit>"</sky-payload>
<sky-payload>"<rich_init>[bold cyan]Running setup[/]</rich_init>"</sky-payload>
<sky-payload>"<rich_update>[bold cyan]Running setup[/]</rich_update>"</sky-payload>
<sky-payload>"<rich_start>[bold cyan]Running setup[/]</rich_start>"</sky-payload>
<sky-payload>"<rich_stop></rich_stop>"</sky-payload>
I 03-17 20:38:09 cloud_vm_ray_backend.py:3357] [0m[32m✓ Setup detached.[0m
<sky-payload>"<rich_exit></rich_exit>"</sky-payload>
<sky-payload>"<rich_init>[bold cyan]Submitting job[/]</rich_init>"</sky-payload>
<sky-payload>"<rich_update>[bold cyan]Submitting job[/]</rich_update>"</sky-payload>
<sky-payload>"<rich_start>[bold cyan]Submitting job[/]</rich_start>"</sky-payload>
I 03-17 20:38:12 cloud_vm_ray_backend.py:3460] [0m⚙︎ Job submitted, ID: 1
<sky-payload>"<rich_stop></rich_stop>"</sky-payload>
<sky-payload>"<rich_exit></rich_exit>"</sky-payload>

[?25hI 03-17 20:38:12 recovery_strategy.py:289] Managed job cluster launched.
I 03-17 20:38:16 utils.py:131] === Checking the job status... ===
I 03-17 20:38:17 utils.py:137] Job status: JobStatus.SETTING_UP
I 03-17 20:38:17 utils.py:140] ==================================
I 03-17 20:38:18 state.py:471] Job started.
I 03-17 20:38:38 utils.py:131] === Checking the job status... ===
I 03-17 20:38:39 utils.py:137] Job status: JobStatus.SETTING_UP
I 03-17 20:38:39 utils.py:140] ==================================
I 03-17 20:39:00 utils.py:131] === Checking the job status... ===
I 03-17 20:39:01 utils.py:137] Job status: JobStatus.SETTING_UP
I 03-17 20:39:01 utils.py:140] ==================================
I 03-17 20:39:21 utils.py:131] === Checking the job status... ===
I 03-17 20:39:22 utils.py:137] Job status: JobStatus.SETTING_UP
I 03-17 20:39:22 utils.py:140] ==================================
I 03-17 20:39:42 utils.py:131] === Checking the job status... ===
I 03-17 20:39:43 utils.py:137] Job status: JobStatus.SETTING_UP
I 03-17 20:39:43 utils.py:140] ==================================
I 03-17 20:40:03 utils.py:131] === Checking the job status... ===
I 03-17 20:40:04 utils.py:137] Job status: JobStatus.SETTING_UP
I 03-17 20:40:04 utils.py:140] ==================================
I 03-17 20:40:24 utils.py:131] === Checking the job status... ===
I 03-17 20:40:25 utils.py:137] Job status: JobStatus.RUNNING
I 03-17 20:40:25 utils.py:140] ==================================
I 03-17 20:40:45 utils.py:131] === Checking the job status... ===
I 03-17 20:40:47 utils.py:137] Job status: JobStatus.RUNNING
I 03-17 20:40:47 utils.py:140] ==================================
I 03-17 20:41:07 utils.py:131] === Checking the job status... ===
I 03-17 20:41:08 utils.py:137] Job status: JobStatus.RUNNING
I 03-17 20:41:08 utils.py:140] ==================================
I 03-17 20:41:28 utils.py:131] === Checking the job status... ===
I 03-17 20:41:29 utils.py:137] Job status: JobStatus.RUNNING
I 03-17 20:41:29 utils.py:140] ==================================
I 03-17 20:41:49 utils.py:131] === Checking the job status... ===
I 03-17 20:41:50 utils.py:137] Job status: JobStatus.RUNNING
I 03-17 20:41:50 utils.py:140] ==================================
I 03-17 20:42:10 utils.py:131] === Checking the job status... ===
I 03-17 20:42:12 utils.py:137] Job status: JobStatus.RUNNING
I 03-17 20:42:12 utils.py:140] ==================================
I 03-17 20:42:32 utils.py:131] === Checking the job status... ===
I 03-17 20:42:34 utils.py:137] Job status: JobStatus.RUNNING
I 03-17 20:42:34 utils.py:140] ==================================
I 03-17 20:42:54 utils.py:131] === Checking the job status... ===
I 03-17 20:42:55 utils.py:137] Job status: JobStatus.RUNNING
I 03-17 20:42:55 utils.py:140] ==================================
I 03-17 20:43:15 utils.py:131] === Checking the job status... ===
I 03-17 20:43:16 utils.py:137] Job status: JobStatus.RUNNING
I 03-17 20:43:16 utils.py:140] ==================================
I 03-17 20:43:36 utils.py:131] === Checking the job status... ===
I 03-17 20:43:37 utils.py:137] Job status: JobStatus.RUNNING
I 03-17 20:43:37 utils.py:140] ==================================
I 03-17 20:43:57 utils.py:131] === Checking the job status... ===
I 03-17 20:43:59 utils.py:137] Job status: JobStatus.RUNNING
I 03-17 20:43:59 utils.py:140] ==================================
I 03-17 20:44:19 utils.py:131] === Checking the job status... ===
I 03-17 20:44:23 utils.py:137] Job status: JobStatus.RUNNING
I 03-17 20:44:23 utils.py:140] ==================================
I 03-17 20:44:43 utils.py:131] === Checking the job status... ===
I 03-17 20:44:47 utils.py:137] Job status: JobStatus.RUNNING
I 03-17 20:44:47 utils.py:140] ==================================
I 03-17 20:45:07 utils.py:131] === Checking the job status... ===
I 03-17 20:45:09 utils.py:137] Job status: JobStatus.RUNNING
I 03-17 20:45:09 utils.py:140] ==================================
I 03-17 20:45:29 utils.py:131] === Checking the job status... ===
I 03-17 20:45:30 utils.py:137] Job status: JobStatus.RUNNING
I 03-17 20:45:30 utils.py:140] ==================================
I 03-17 20:45:50 utils.py:131] === Checking the job status... ===
I 03-17 20:45:51 utils.py:137] Job status: JobStatus.RUNNING
I 03-17 20:45:51 utils.py:140] ==================================
I 03-17 20:46:11 utils.py:131] === Checking the job status... ===
I 03-17 20:46:12 utils.py:137] Job status: JobStatus.RUNNING
I 03-17 20:46:12 utils.py:140] ==================================
I 03-17 20:46:32 utils.py:131] === Checking the job status... ===
I 03-17 20:46:33 utils.py:137] Job status: JobStatus.RUNNING
I 03-17 20:46:33 utils.py:140] ==================================
I 03-17 20:46:53 utils.py:131] === Checking the job status... ===
I 03-17 20:46:54 utils.py:137] Job status: JobStatus.RUNNING
I 03-17 20:46:54 utils.py:140] ==================================
I 03-17 20:47:15 utils.py:131] === Checking the job status... ===
I 03-17 20:47:16 utils.py:137] Job status: JobStatus.RUNNING
I 03-17 20:47:16 utils.py:140] ==================================
I 03-17 20:47:36 utils.py:131] === Checking the job status... ===
I 03-17 20:47:37 utils.py:137] Job status: JobStatus.RUNNING
I 03-17 20:47:37 utils.py:140] ==================================
I 03-17 20:47:57 utils.py:131] === Checking the job status... ===
I 03-17 20:47:58 utils.py:137] Job status: JobStatus.RUNNING
I 03-17 20:47:58 utils.py:140] ==================================
I 03-17 20:48:18 utils.py:131] === Checking the job status... ===
I 03-17 20:48:19 utils.py:137] Job status: JobStatus.RUNNING
I 03-17 20:48:19 utils.py:140] ==================================
I 03-17 20:48:39 utils.py:131] === Checking the job status... ===
I 03-17 20:48:40 utils.py:137] Job status: JobStatus.RUNNING
I 03-17 20:48:40 utils.py:140] ==================================
I 03-17 20:49:00 utils.py:131] === Checking the job status... ===
I 03-17 20:49:01 utils.py:137] Job status: JobStatus.RUNNING
I 03-17 20:49:01 utils.py:140] ==================================
I 03-17 20:49:21 utils.py:131] === Checking the job status... ===
I 03-17 20:49:22 utils.py:137] Job status: JobStatus.RUNNING
I 03-17 20:49:22 utils.py:140] ==================================
I 03-17 20:49:42 utils.py:131] === Checking the job status... ===
I 03-17 20:49:43 utils.py:137] Job status: JobStatus.RUNNING
I 03-17 20:49:43 utils.py:140] ==================================
I 03-17 20:50:04 utils.py:131] === Checking the job status... ===
I 03-17 20:50:05 utils.py:137] Job status: JobStatus.RUNNING
I 03-17 20:50:05 utils.py:140] ==================================
I 03-17 20:50:25 utils.py:131] === Checking the job status... ===
I 03-17 20:50:26 utils.py:137] Job status: JobStatus.RUNNING
I 03-17 20:50:26 utils.py:140] ==================================
I 03-17 20:50:46 utils.py:131] === Checking the job status... ===
I 03-17 20:50:47 utils.py:137] Job status: JobStatus.RUNNING
I 03-17 20:50:47 utils.py:140] ==================================
I 03-17 20:51:07 utils.py:131] === Checking the job status... ===
I 03-17 20:51:08 utils.py:137] Job status: JobStatus.RUNNING
I 03-17 20:51:08 utils.py:140] ==================================
I 03-17 20:51:28 utils.py:131] === Checking the job status... ===
I 03-17 20:51:29 utils.py:137] Job status: JobStatus.RUNNING
I 03-17 20:51:29 utils.py:140] ==================================
I 03-17 20:51:49 utils.py:131] === Checking the job status... ===
I 03-17 20:51:50 utils.py:137] Job status: JobStatus.RUNNING
I 03-17 20:51:50 utils.py:140] ==================================
I 03-17 20:52:10 utils.py:131] === Checking the job status... ===
I 03-17 20:52:11 utils.py:137] Job status: JobStatus.SUCCEEDED
I 03-17 20:52:11 utils.py:140] ==================================
I 03-17 20:52:12 state.py:561] Job succeeded.
I 03-17 20:52:12 controller.py:238] Managed job 465 (task: 0) SUCCEEDED. Cleaning up the cluster compute-text-vectors-465.
E 03-17 20:52:15 controller_utils.py:376] Failed to find the logs for the user program at ~/sky_logs/managed_jobs/sky-2025-03-17-20-29-37-665738/run.log.
I 03-17 20:52:15 controller.py:117] 
I 03-17 20:52:15 controller.py:117] == End of logs (ID: 465) ==
I 03-17 20:52:24 state.py:656] Cancellation skipped, job is already terminal
I 03-17 20:52:24 state.py:677] Cancellation skipped, job is not CANCELLING
I 03-17 20:52:26 controller.py:552] Killing controller process 260202.
I 03-17 20:52:26 controller.py:560] Controller process 260202 killed.
I 03-17 20:52:26 controller.py:562] Cleaning up any cluster for job 465.
I 03-17 20:52:26 storage.py:699] Verifying bucket for storage skypilot-filemounts-root-726f1974-5k8qo8ie
<sky-payload>"<rich_init>[bold cyan]Deleting S3 bucket [green]skypilot-filemounts-root-726f1974-5k8qo8ie[/][/]</rich_init>"</sky-payload>
<sky-payload>"<rich_update>[bold cyan]Deleting S3 bucket [green]skypilot-filemounts-root-726f1974-5k8qo8ie[/][/]</rich_update>"</sky-payload>
<sky-payload>"<rich_start>[bold cyan]Deleting S3 bucket [green]skypilot-filemounts-root-726f1974-5k8qo8ie[/][/]</rich_start>"</sky-payload>
<sky-payload>"<rich_exit></rich_exit>"</sky-payload>
I 03-17 20:52:28 storage.py:1505] [32mDeleted S3 bucket skypilot-filemounts-root-726f1974-5k8qo8ie.[0m
I 03-17 20:52:28 controller.py:571] Cluster of managed job 465 has been cleaned up.
