I 03-17 20:30:24 controller.py:59] DAG:
I 03-17 20:30:24 controller.py:59] [Task<name=compute-text-vectors>(run='# Initialize and dow...')
I 03-17 20:30:24 controller.py:59]   resources: AWS(cpus=4, {'L4': 1})]
I 03-17 20:30:24 controller.py:195] Submitted managed job 499 (task: 0, name: 'compute-text-vectors'); SKYPILOT_TASK_ID: sky-managed-2025-03-17-20-30-24-057625_compute-text-vectors_499-0
I 03-17 20:30:24 controller.py:199] Started monitoring.
I 03-17 20:30:24 state.py:451] Launching the spot cluster...
I 03-17 20:30:24 storage.py:1058] Storage type StoreType.S3 already exists.
<sky-payload>"<rich_init>[bold cyan]Optimizing[/]</rich_init>"</sky-payload>
<sky-payload>"<rich_update>[bold cyan]Optimizing[/]</rich_update>"</sky-payload>
<sky-payload>"<rich_start>[bold cyan]Optimizing[/]</rich_start>"</sky-payload>
I 03-17 20:30:25 optimizer.py:736] [1mTarget:[0m minimizing cost
I 03-17 20:30:25 optimizer.py:749] [1mEstimated cost: [0m$0.8 / hour
I 03-17 20:30:25 optimizer.py:749] 
I 03-17 20:30:25 optimizer.py:884] Considered resources (1 node):
I 03-17 20:30:25 optimizer.py:952] ----------------------------------------------------------------------------------------
I 03-17 20:30:25 optimizer.py:952]  CLOUD   INSTANCE    vCPUs   Mem(GB)   ACCELERATORS   REGION/ZONE   COST ($)   CHOSEN   
I 03-17 20:30:25 optimizer.py:952] ----------------------------------------------------------------------------------------
I 03-17 20:30:25 optimizer.py:952]  AWS     g6.xlarge   4       16        L4:1           us-east-1     0.80       [32m   ✔[0m     
I 03-17 20:30:25 optimizer.py:952] ----------------------------------------------------------------------------------------
<sky-payload>"<rich_exit></rich_exit>"</sky-payload>
<sky-payload>"<rich_init>[bold cyan]Launching[/]</rich_init>"</sky-payload>
<sky-payload>"<rich_update>[bold cyan]Launching[/]</rich_update>"</sky-payload>
<sky-payload>"<rich_start>[bold cyan]Launching[/]</rich_start>"</sky-payload>
<sky-payload>"<rich_update>[bold cyan]Launching[/]  \u001b[2mView logs: sky api logs -l sky-2025-03-17-20-30-24-827251/provision.log\u001b[0m</rich_update>"</sky-payload>
<sky-payload>"<rich_update>[bold cyan]Launching[/]  \u001b[2mView logs: sky api logs -l sky-2025-03-17-20-30-24-827251/provision.log\u001b[0m</rich_update>"</sky-payload>
I 03-17 20:30:25 cloud_vm_ray_backend.py:1520] [0m⚙︎ Launching on AWS us-east-1[0m (us-east-1a,us-east-1b,us-east-1c,us-east-1d).
[2mW 03-17 20:30:38 instance.py:243] create_instances: Attempt failed with An error occurred (VcpuLimitExceeded) when calling the RunInstances operation: You have requested more vCPU capacity than your current vCPU limit of 64 allows for the instance bucket that the specified instance type belongs to. Please visit http://aws.amazon.com/contact-us/ec2-request to request an adjustment to this limit.[0m
[2mW 03-17 20:30:45 instance.py:243] create_instances: Attempt failed with An error occurred (VcpuLimitExceeded) when calling the RunInstances operation: You have requested more vCPU capacity than your current vCPU limit of 64 allows for the instance bucket that the specified instance type belongs to. Please visit http://aws.amazon.com/contact-us/ec2-request to request an adjustment to this limit.[0m
[2mW 03-17 20:30:46 instance.py:243] create_instances: Attempt failed with An error occurred (VcpuLimitExceeded) when calling the RunInstances operation: You have requested more vCPU capacity than your current vCPU limit of 64 allows for the instance bucket that the specified instance type belongs to. Please visit http://aws.amazon.com/contact-us/ec2-request to request an adjustment to this limit.[0m
W 03-17 20:30:46 cloud_vm_ray_backend.py:2061] sky.exceptions.ResourcesUnavailableError: Failed to acquire resources in all zones in us-east-1 for {AWS(cpus=4, {'L4': 1})}. 
W 03-17 20:30:46 cloud_vm_ray_backend.py:2097] 
W 03-17 20:30:46 cloud_vm_ray_backend.py:2097] [0m[33m↺[0m Trying other potential resources.
<sky-payload>"<rich_update>[bold cyan]Looking for resources[/]  \u001b[2mView logs: sky api logs -l sky-2025-03-17-20-30-24-827251/provision.log\u001b[0m</rich_update>"</sky-payload>
<sky-payload>"<rich_update>[bold cyan]Optimizing[/]</rich_update>"</sky-payload>
<sky-payload>"<rich_start>[bold cyan]Launching[/]</rich_start>"</sky-payload>
I 03-17 20:30:46 optimizer.py:736] [1mTarget:[0m minimizing cost
I 03-17 20:30:46 optimizer.py:749] [1mEstimated cost: [0m$0.8 / hour
I 03-17 20:30:46 optimizer.py:749] 
I 03-17 20:30:46 optimizer.py:884] Considered resources (1 node):
I 03-17 20:30:46 optimizer.py:952] ----------------------------------------------------------------------------------------
I 03-17 20:30:46 optimizer.py:952]  CLOUD   INSTANCE    vCPUs   Mem(GB)   ACCELERATORS   REGION/ZONE   COST ($)   CHOSEN   
I 03-17 20:30:46 optimizer.py:952] ----------------------------------------------------------------------------------------
I 03-17 20:30:46 optimizer.py:952]  AWS     g6.xlarge   4       16        L4:1           us-east-2     0.80       [32m   ✔[0m     
I 03-17 20:30:46 optimizer.py:952] ----------------------------------------------------------------------------------------
<sky-payload>"<rich_update>[bold cyan]Looking for resources[/]  \u001b[2mView logs: sky api logs -l sky-2025-03-17-20-30-24-827251/provision.log\u001b[0m</rich_update>"</sky-payload>
<sky-payload>"<rich_update>[bold cyan]Launching[/]  \u001b[2mView logs: sky api logs -l sky-2025-03-17-20-30-24-827251/provision.log\u001b[0m</rich_update>"</sky-payload>
I 03-17 20:30:46 cloud_vm_ray_backend.py:1520] [0m⚙︎ Launching on AWS us-east-2[0m (us-east-2a,us-east-2b,us-east-2c).
[2mW 03-17 20:30:49 instance.py:243] create_instances: Attempt failed with An error occurred (VcpuLimitExceeded) when calling the RunInstances operation: You have requested more vCPU capacity than your current vCPU limit of 128 allows for the instance bucket that the specified instance type belongs to. Please visit http://aws.amazon.com/contact-us/ec2-request to request an adjustment to this limit.[0m
[2mW 03-17 20:30:54 instance.py:243] create_instances: Attempt failed with An error occurred (VcpuLimitExceeded) when calling the RunInstances operation: You have requested more vCPU capacity than your current vCPU limit of 128 allows for the instance bucket that the specified instance type belongs to. Please visit http://aws.amazon.com/contact-us/ec2-request to request an adjustment to this limit.[0m
[2mW 03-17 20:31:01 instance.py:243] create_instances: Attempt failed with An error occurred (VcpuLimitExceeded) when calling the RunInstances operation: You have requested more vCPU capacity than your current vCPU limit of 128 allows for the instance bucket that the specified instance type belongs to. Please visit http://aws.amazon.com/contact-us/ec2-request to request an adjustment to this limit.[0m
W 03-17 20:31:01 cloud_vm_ray_backend.py:2061] sky.exceptions.ResourcesUnavailableError: Failed to acquire resources in all zones in us-east-2 for {AWS(cpus=4, {'L4': 1})}. 
W 03-17 20:31:01 cloud_vm_ray_backend.py:2097] 
W 03-17 20:31:01 cloud_vm_ray_backend.py:2097] [0m[33m↺[0m Trying other potential resources.
<sky-payload>"<rich_update>[bold cyan]Looking for resources[/]  \u001b[2mView logs: sky api logs -l sky-2025-03-17-20-30-24-827251/provision.log\u001b[0m</rich_update>"</sky-payload>
<sky-payload>"<rich_update>[bold cyan]Optimizing[/]</rich_update>"</sky-payload>
<sky-payload>"<rich_start>[bold cyan]Launching[/]</rich_start>"</sky-payload>
I 03-17 20:31:01 optimizer.py:736] [1mTarget:[0m minimizing cost
I 03-17 20:31:01 optimizer.py:749] [1mEstimated cost: [0m$0.8 / hour
I 03-17 20:31:01 optimizer.py:749] 
I 03-17 20:31:01 optimizer.py:884] Considered resources (1 node):
I 03-17 20:31:01 optimizer.py:952] ----------------------------------------------------------------------------------------
I 03-17 20:31:01 optimizer.py:952]  CLOUD   INSTANCE    vCPUs   Mem(GB)   ACCELERATORS   REGION/ZONE   COST ($)   CHOSEN   
I 03-17 20:31:01 optimizer.py:952] ----------------------------------------------------------------------------------------
I 03-17 20:31:01 optimizer.py:952]  AWS     g6.xlarge   4       16        L4:1           us-west-2     0.80       [32m   ✔[0m     
I 03-17 20:31:01 optimizer.py:952] ----------------------------------------------------------------------------------------
<sky-payload>"<rich_update>[bold cyan]Looking for resources[/]  \u001b[2mView logs: sky api logs -l sky-2025-03-17-20-30-24-827251/provision.log\u001b[0m</rich_update>"</sky-payload>
<sky-payload>"<rich_update>[bold cyan]Launching[/]  \u001b[2mView logs: sky api logs -l sky-2025-03-17-20-30-24-827251/provision.log\u001b[0m</rich_update>"</sky-payload>
I 03-17 20:31:01 cloud_vm_ray_backend.py:1520] [0m⚙︎ Launching on AWS us-west-2[0m (us-west-2a,us-west-2b,us-west-2c,us-west-2d).
[2mW 03-17 20:31:22 instance.py:243] create_instances: Attempt failed with An error occurred (VcpuLimitExceeded) when calling the RunInstances operation: You have requested more vCPU capacity than your current vCPU limit of 64 allows for the instance bucket that the specified instance type belongs to. Please visit http://aws.amazon.com/contact-us/ec2-request to request an adjustment to this limit.[0m
[2mW 03-17 20:33:40 instance.py:243] create_instances: Attempt failed with An error occurred (VcpuLimitExceeded) when calling the RunInstances operation: You have requested more vCPU capacity than your current vCPU limit of 64 allows for the instance bucket that the specified instance type belongs to. Please visit http://aws.amazon.com/contact-us/ec2-request to request an adjustment to this limit.[0m
[2mW 03-17 20:33:41 instance.py:243] create_instances: Attempt failed with An error occurred (VcpuLimitExceeded) when calling the RunInstances operation: You have requested more vCPU capacity than your current vCPU limit of 64 allows for the instance bucket that the specified instance type belongs to. Please visit http://aws.amazon.com/contact-us/ec2-request to request an adjustment to this limit.[0m
[2mW 03-17 20:34:26 instance.py:243] create_instances: Attempt failed with An error occurred (VcpuLimitExceeded) when calling the RunInstances operation: You have requested more vCPU capacity than your current vCPU limit of 64 allows for the instance bucket that the specified instance type belongs to. Please visit http://aws.amazon.com/contact-us/ec2-request to request an adjustment to this limit.[0m
W 03-17 20:34:27 cloud_vm_ray_backend.py:2061] sky.exceptions.ResourcesUnavailableError: Failed to acquire resources in all zones in us-west-2 for {AWS(cpus=4, {'L4': 1})}. 
W 03-17 20:34:27 cloud_vm_ray_backend.py:2097] 
W 03-17 20:34:27 cloud_vm_ray_backend.py:2097] [0m[33m↺[0m Trying other potential resources.
<sky-payload>"<rich_update>[bold cyan]Looking for resources[/]  \u001b[2mView logs: sky api logs -l sky-2025-03-17-20-30-24-827251/provision.log\u001b[0m</rich_update>"</sky-payload>
<sky-payload>"<rich_update>[bold cyan]Optimizing[/]</rich_update>"</sky-payload>
<sky-payload>"<rich_start>[bold cyan]Launching[/]</rich_start>"</sky-payload>
I 03-17 20:34:27 optimizer.py:736] [1mTarget:[0m minimizing cost
I 03-17 20:34:27 optimizer.py:749] [1mEstimated cost: [0m$0.9 / hour
I 03-17 20:34:27 optimizer.py:749] 
I 03-17 20:34:27 optimizer.py:884] Considered resources (1 node):
I 03-17 20:34:27 optimizer.py:952] ----------------------------------------------------------------------------------------
I 03-17 20:34:27 optimizer.py:952]  CLOUD   INSTANCE    vCPUs   Mem(GB)   ACCELERATORS   REGION/ZONE   COST ($)   CHOSEN   
I 03-17 20:34:27 optimizer.py:952] ----------------------------------------------------------------------------------------
I 03-17 20:34:27 optimizer.py:952]  AWS     g6.xlarge   4       16        L4:1           eu-north-1    0.85       [32m   ✔[0m     
I 03-17 20:34:27 optimizer.py:952] ----------------------------------------------------------------------------------------
<sky-payload>"<rich_update>[bold cyan]Looking for resources[/]  \u001b[2mView logs: sky api logs -l sky-2025-03-17-20-30-24-827251/provision.log\u001b[0m</rich_update>"</sky-payload>
<sky-payload>"<rich_update>[bold cyan]Launching[/]  \u001b[2mView logs: sky api logs -l sky-2025-03-17-20-30-24-827251/provision.log\u001b[0m</rich_update>"</sky-payload>
I 03-17 20:34:27 cloud_vm_ray_backend.py:1520] [0m⚙︎ Launching on AWS eu-north-1[0m (eu-north-1a,eu-north-1b).
[2mW 03-17 20:34:52 instance.py:243] create_instances: Attempt failed with An error occurred (VcpuLimitExceeded) when calling the RunInstances operation: You have requested more vCPU capacity than your current vCPU limit of 64 allows for the instance bucket that the specified instance type belongs to. Please visit http://aws.amazon.com/contact-us/ec2-request to request an adjustment to this limit.[0m
[2mW 03-17 20:34:59 instance.py:243] create_instances: Attempt failed with An error occurred (VcpuLimitExceeded) when calling the RunInstances operation: You have requested more vCPU capacity than your current vCPU limit of 64 allows for the instance bucket that the specified instance type belongs to. Please visit http://aws.amazon.com/contact-us/ec2-request to request an adjustment to this limit.[0m
W 03-17 20:34:59 cloud_vm_ray_backend.py:2061] sky.exceptions.ResourcesUnavailableError: Failed to acquire resources in all zones in eu-north-1 for {AWS(cpus=4, {'L4': 1})}. 
W 03-17 20:34:59 cloud_vm_ray_backend.py:2097] 
W 03-17 20:34:59 cloud_vm_ray_backend.py:2097] [0m[33m↺[0m Trying other potential resources.
<sky-payload>"<rich_update>[bold cyan]Looking for resources[/]  \u001b[2mView logs: sky api logs -l sky-2025-03-17-20-30-24-827251/provision.log\u001b[0m</rich_update>"</sky-payload>
<sky-payload>"<rich_update>[bold cyan]Optimizing[/]</rich_update>"</sky-payload>
<sky-payload>"<rich_start>[bold cyan]Launching[/]</rich_start>"</sky-payload>
I 03-17 20:35:00 optimizer.py:736] [1mTarget:[0m minimizing cost
I 03-17 20:35:00 optimizer.py:749] [1mEstimated cost: [0m$0.9 / hour
I 03-17 20:35:00 optimizer.py:749] 
I 03-17 20:35:00 optimizer.py:884] Considered resources (1 node):
I 03-17 20:35:00 optimizer.py:952] -----------------------------------------------------------------------------------------
I 03-17 20:35:00 optimizer.py:952]  CLOUD   INSTANCE    vCPUs   Mem(GB)   ACCELERATORS   REGION/ZONE    COST ($)   CHOSEN   
I 03-17 20:35:00 optimizer.py:952] -----------------------------------------------------------------------------------------
I 03-17 20:35:00 optimizer.py:952]  AWS     g6.xlarge   4       16        L4:1           ca-central-1   0.89       [32m   ✔[0m     
I 03-17 20:35:00 optimizer.py:952] -----------------------------------------------------------------------------------------
<sky-payload>"<rich_update>[bold cyan]Looking for resources[/]  \u001b[2mView logs: sky api logs -l sky-2025-03-17-20-30-24-827251/provision.log\u001b[0m</rich_update>"</sky-payload>
<sky-payload>"<rich_update>[bold cyan]Launching[/]  \u001b[2mView logs: sky api logs -l sky-2025-03-17-20-30-24-827251/provision.log\u001b[0m</rich_update>"</sky-payload>
I 03-17 20:35:00 cloud_vm_ray_backend.py:1520] [0m⚙︎ Launching on AWS ca-central-1[0m (ca-central-1a,ca-central-1b).
[2mW 03-17 20:35:06 instance.py:243] create_instances: Attempt failed with An error occurred (VcpuLimitExceeded) when calling the RunInstances operation: You have requested more vCPU capacity than your current vCPU limit of 64 allows for the instance bucket that the specified instance type belongs to. Please visit http://aws.amazon.com/contact-us/ec2-request to request an adjustment to this limit.[0m
[2mW 03-17 20:35:11 instance.py:243] create_instances: Attempt failed with An error occurred (VcpuLimitExceeded) when calling the RunInstances operation: You have requested more vCPU capacity than your current vCPU limit of 64 allows for the instance bucket that the specified instance type belongs to. Please visit http://aws.amazon.com/contact-us/ec2-request to request an adjustment to this limit.[0m
W 03-17 20:35:12 cloud_vm_ray_backend.py:2061] sky.exceptions.ResourcesUnavailableError: Failed to acquire resources in all zones in ca-central-1 for {AWS(cpus=4, {'L4': 1})}. 
W 03-17 20:35:12 cloud_vm_ray_backend.py:2097] 
W 03-17 20:35:12 cloud_vm_ray_backend.py:2097] [0m[33m↺[0m Trying other potential resources.
<sky-payload>"<rich_update>[bold cyan]Looking for resources[/]  \u001b[2mView logs: sky api logs -l sky-2025-03-17-20-30-24-827251/provision.log\u001b[0m</rich_update>"</sky-payload>
<sky-payload>"<rich_update>[bold cyan]Optimizing[/]</rich_update>"</sky-payload>
<sky-payload>"<rich_start>[bold cyan]Launching[/]</rich_start>"</sky-payload>
I 03-17 20:35:12 optimizer.py:736] [1mTarget:[0m minimizing cost
I 03-17 20:35:12 optimizer.py:749] [1mEstimated cost: [0m$1.0 / hour
I 03-17 20:35:12 optimizer.py:749] 
I 03-17 20:35:12 optimizer.py:884] Considered resources (1 node):
I 03-17 20:35:12 optimizer.py:952] ----------------------------------------------------------------------------------------
I 03-17 20:35:12 optimizer.py:952]  CLOUD   INSTANCE    vCPUs   Mem(GB)   ACCELERATORS   REGION/ZONE   COST ($)   CHOSEN   
I 03-17 20:35:12 optimizer.py:952] ----------------------------------------------------------------------------------------
I 03-17 20:35:12 optimizer.py:952]  AWS     g6.xlarge   4       16        L4:1           ap-south-1    0.97       [32m   ✔[0m     
I 03-17 20:35:12 optimizer.py:952] ----------------------------------------------------------------------------------------
<sky-payload>"<rich_update>[bold cyan]Looking for resources[/]  \u001b[2mView logs: sky api logs -l sky-2025-03-17-20-30-24-827251/provision.log\u001b[0m</rich_update>"</sky-payload>
<sky-payload>"<rich_update>[bold cyan]Launching[/]  \u001b[2mView logs: sky api logs -l sky-2025-03-17-20-30-24-827251/provision.log\u001b[0m</rich_update>"</sky-payload>
I 03-17 20:35:12 cloud_vm_ray_backend.py:1520] [0m⚙︎ Launching on AWS ap-south-1[0m (ap-south-1a,ap-south-1b).
[2mW 03-17 20:35:20 instance.py:243] create_instances: Attempt failed with An error occurred (InsufficientInstanceCapacity) when calling the RunInstances operation (reached max retries: 0): We currently do not have sufficient g6.xlarge capacity in the Availability Zone you requested (ap-south-1a). Our system will be working on provisioning additional capacity. You can currently get g6.xlarge capacity by not specifying an Availability Zone in your request or choosing ap-south-1b.[0m
[2mW 03-17 20:35:23 instance.py:243] create_instances: Attempt failed with An error occurred (InsufficientInstanceCapacity) when calling the RunInstances operation (reached max retries: 0): We currently do not have sufficient g6.xlarge capacity in the Availability Zone you requested (ap-south-1b). Our system will be working on provisioning additional capacity. You can currently get g6.xlarge capacity by not specifying an Availability Zone in your request or choosing ap-south-1a.[0m
W 03-17 20:35:24 cloud_vm_ray_backend.py:2061] sky.exceptions.ResourcesUnavailableError: Failed to acquire resources in all zones in ap-south-1 for {AWS(cpus=4, {'L4': 1})}. 
W 03-17 20:35:24 cloud_vm_ray_backend.py:2097] 
W 03-17 20:35:24 cloud_vm_ray_backend.py:2097] [0m[33m↺[0m Trying other potential resources.
<sky-payload>"<rich_update>[bold cyan]Looking for resources[/]  \u001b[2mView logs: sky api logs -l sky-2025-03-17-20-30-24-827251/provision.log\u001b[0m</rich_update>"</sky-payload>
<sky-payload>"<rich_update>[bold cyan]Optimizing[/]</rich_update>"</sky-payload>
<sky-payload>"<rich_start>[bold cyan]Launching[/]</rich_start>"</sky-payload>
I 03-17 20:35:24 optimizer.py:736] [1mTarget:[0m minimizing cost
I 03-17 20:35:24 optimizer.py:749] [1mEstimated cost: [0m$1.0 / hour
I 03-17 20:35:24 optimizer.py:749] 
I 03-17 20:35:24 optimizer.py:884] Considered resources (1 node):
I 03-17 20:35:24 optimizer.py:952] -------------------------------------------------------------------------------------------
I 03-17 20:35:24 optimizer.py:952]  CLOUD   INSTANCE    vCPUs   Mem(GB)   ACCELERATORS   REGION/ZONE      COST ($)   CHOSEN   
I 03-17 20:35:24 optimizer.py:952] -------------------------------------------------------------------------------------------
I 03-17 20:35:24 optimizer.py:952]  AWS     g6.xlarge   4       16        L4:1           ap-northeast-2   0.99       [32m   ✔[0m     
I 03-17 20:35:24 optimizer.py:952] -------------------------------------------------------------------------------------------
<sky-payload>"<rich_update>[bold cyan]Looking for resources[/]  \u001b[2mView logs: sky api logs -l sky-2025-03-17-20-30-24-827251/provision.log\u001b[0m</rich_update>"</sky-payload>
<sky-payload>"<rich_update>[bold cyan]Launching[/]  \u001b[2mView logs: sky api logs -l sky-2025-03-17-20-30-24-827251/provision.log\u001b[0m</rich_update>"</sky-payload>
I 03-17 20:35:24 cloud_vm_ray_backend.py:1520] [0m⚙︎ Launching on AWS ap-northeast-2[0m (ap-northeast-2a,ap-northeast-2d).
[2mW 03-17 20:35:33 instance.py:243] create_instances: Attempt failed with An error occurred (InsufficientInstanceCapacity) when calling the RunInstances operation (reached max retries: 0): We currently do not have sufficient g6.xlarge capacity in the Availability Zone you requested (ap-northeast-2a). Our system will be working on provisioning additional capacity. You can currently get g6.xlarge capacity by not specifying an Availability Zone in your request or choosing ap-northeast-2d.[0m
[2mW 03-17 20:35:35 instance.py:243] create_instances: Attempt failed with An error occurred (InsufficientInstanceCapacity) when calling the RunInstances operation (reached max retries: 0): We currently do not have sufficient g6.xlarge capacity in the Availability Zone you requested (ap-northeast-2d). Our system will be working on provisioning additional capacity. You can currently get g6.xlarge capacity by not specifying an Availability Zone in your request or choosing ap-northeast-2a.[0m
W 03-17 20:35:36 cloud_vm_ray_backend.py:2061] sky.exceptions.ResourcesUnavailableError: Failed to acquire resources in all zones in ap-northeast-2 for {AWS(cpus=4, {'L4': 1})}. 
W 03-17 20:35:36 cloud_vm_ray_backend.py:2097] 
W 03-17 20:35:36 cloud_vm_ray_backend.py:2097] [0m[33m↺[0m Trying other potential resources.
<sky-payload>"<rich_update>[bold cyan]Looking for resources[/]  \u001b[2mView logs: sky api logs -l sky-2025-03-17-20-30-24-827251/provision.log\u001b[0m</rich_update>"</sky-payload>
<sky-payload>"<rich_update>[bold cyan]Optimizing[/]</rich_update>"</sky-payload>
<sky-payload>"<rich_start>[bold cyan]Launching[/]</rich_start>"</sky-payload>
I 03-17 20:35:36 optimizer.py:736] [1mTarget:[0m minimizing cost
I 03-17 20:35:36 optimizer.py:749] [1mEstimated cost: [0m$1.0 / hour
I 03-17 20:35:36 optimizer.py:749] 
I 03-17 20:35:36 optimizer.py:884] Considered resources (1 node):
I 03-17 20:35:36 optimizer.py:952] -----------------------------------------------------------------------------------------
I 03-17 20:35:36 optimizer.py:952]  CLOUD   INSTANCE    vCPUs   Mem(GB)   ACCELERATORS   REGION/ZONE    COST ($)   CHOSEN   
I 03-17 20:35:36 optimizer.py:952] -----------------------------------------------------------------------------------------
I 03-17 20:35:36 optimizer.py:952]  AWS     g6.xlarge   4       16        L4:1           eu-central-1   1.01       [32m   ✔[0m     
I 03-17 20:35:36 optimizer.py:952] -----------------------------------------------------------------------------------------
<sky-payload>"<rich_update>[bold cyan]Looking for resources[/]  \u001b[2mView logs: sky api logs -l sky-2025-03-17-20-30-24-827251/provision.log\u001b[0m</rich_update>"</sky-payload>
<sky-payload>"<rich_update>[bold cyan]Launching[/]  \u001b[2mView logs: sky api logs -l sky-2025-03-17-20-30-24-827251/provision.log\u001b[0m</rich_update>"</sky-payload>
I 03-17 20:35:37 cloud_vm_ray_backend.py:1520] [0m⚙︎ Launching on AWS eu-central-1[0m (eu-central-1a,eu-central-1b).
[2mW 03-17 20:35:43 instance.py:243] create_instances: Attempt failed with An error occurred (VcpuLimitExceeded) when calling the RunInstances operation: You have requested more vCPU capacity than your current vCPU limit of 64 allows for the instance bucket that the specified instance type belongs to. Please visit http://aws.amazon.com/contact-us/ec2-request to request an adjustment to this limit.[0m
[2mW 03-17 20:35:45 instance.py:243] create_instances: Attempt failed with An error occurred (VcpuLimitExceeded) when calling the RunInstances operation: You have requested more vCPU capacity than your current vCPU limit of 64 allows for the instance bucket that the specified instance type belongs to. Please visit http://aws.amazon.com/contact-us/ec2-request to request an adjustment to this limit.[0m
W 03-17 20:35:46 cloud_vm_ray_backend.py:2061] sky.exceptions.ResourcesUnavailableError: Failed to acquire resources in all zones in eu-central-1 for {AWS(cpus=4, {'L4': 1})}. 
W 03-17 20:35:46 cloud_vm_ray_backend.py:2097] 
W 03-17 20:35:46 cloud_vm_ray_backend.py:2097] [0m[33m↺[0m Trying other potential resources.
<sky-payload>"<rich_update>[bold cyan]Looking for resources[/]  \u001b[2mView logs: sky api logs -l sky-2025-03-17-20-30-24-827251/provision.log\u001b[0m</rich_update>"</sky-payload>
<sky-payload>"<rich_update>[bold cyan]Optimizing[/]</rich_update>"</sky-payload>
<sky-payload>"<rich_start>[bold cyan]Launching[/]</rich_start>"</sky-payload>
I 03-17 20:35:46 optimizer.py:736] [1mTarget:[0m minimizing cost
I 03-17 20:35:46 optimizer.py:749] [1mEstimated cost: [0m$1.0 / hour
I 03-17 20:35:46 optimizer.py:749] 
I 03-17 20:35:46 optimizer.py:884] Considered resources (1 node):
I 03-17 20:35:46 optimizer.py:952] ----------------------------------------------------------------------------------------
I 03-17 20:35:46 optimizer.py:952]  CLOUD   INSTANCE    vCPUs   Mem(GB)   ACCELERATORS   REGION/ZONE   COST ($)   CHOSEN   
I 03-17 20:35:46 optimizer.py:952] ----------------------------------------------------------------------------------------
I 03-17 20:35:46 optimizer.py:952]  AWS     g6.xlarge   4       16        L4:1           eu-west-2     1.02       [32m   ✔[0m     
I 03-17 20:35:46 optimizer.py:952] ----------------------------------------------------------------------------------------
<sky-payload>"<rich_update>[bold cyan]Looking for resources[/]  \u001b[2mView logs: sky api logs -l sky-2025-03-17-20-30-24-827251/provision.log\u001b[0m</rich_update>"</sky-payload>
<sky-payload>"<rich_update>[bold cyan]Launching[/]  \u001b[2mView logs: sky api logs -l sky-2025-03-17-20-30-24-827251/provision.log\u001b[0m</rich_update>"</sky-payload>
I 03-17 20:35:46 cloud_vm_ray_backend.py:1520] [0m⚙︎ Launching on AWS eu-west-2[0m (eu-west-2a,eu-west-2b).
[2mW 03-17 20:35:50 instance.py:243] create_instances: Attempt failed with An error occurred (VcpuLimitExceeded) when calling the RunInstances operation: You have requested more vCPU capacity than your current vCPU limit of 64 allows for the instance bucket that the specified instance type belongs to. Please visit http://aws.amazon.com/contact-us/ec2-request to request an adjustment to this limit.[0m
[2mW 03-17 20:35:52 instance.py:243] create_instances: Attempt failed with An error occurred (VcpuLimitExceeded) when calling the RunInstances operation: You have requested more vCPU capacity than your current vCPU limit of 64 allows for the instance bucket that the specified instance type belongs to. Please visit http://aws.amazon.com/contact-us/ec2-request to request an adjustment to this limit.[0m
W 03-17 20:35:53 cloud_vm_ray_backend.py:2061] sky.exceptions.ResourcesUnavailableError: Failed to acquire resources in all zones in eu-west-2 for {AWS(cpus=4, {'L4': 1})}. 
W 03-17 20:35:53 cloud_vm_ray_backend.py:2097] 
W 03-17 20:35:53 cloud_vm_ray_backend.py:2097] [0m[33m↺[0m Trying other potential resources.
<sky-payload>"<rich_update>[bold cyan]Looking for resources[/]  \u001b[2mView logs: sky api logs -l sky-2025-03-17-20-30-24-827251/provision.log\u001b[0m</rich_update>"</sky-payload>
<sky-payload>"<rich_update>[bold cyan]Optimizing[/]</rich_update>"</sky-payload>
<sky-payload>"<rich_start>[bold cyan]Launching[/]</rich_start>"</sky-payload>
I 03-17 20:35:53 optimizer.py:736] [1mTarget:[0m minimizing cost
I 03-17 20:35:53 optimizer.py:749] [1mEstimated cost: [0m$1.0 / hour
I 03-17 20:35:53 optimizer.py:749] 
I 03-17 20:35:53 optimizer.py:884] Considered resources (1 node):
I 03-17 20:35:53 optimizer.py:952] ----------------------------------------------------------------------------------------
I 03-17 20:35:53 optimizer.py:952]  CLOUD   INSTANCE    vCPUs   Mem(GB)   ACCELERATORS   REGION/ZONE   COST ($)   CHOSEN   
I 03-17 20:35:53 optimizer.py:952] ----------------------------------------------------------------------------------------
I 03-17 20:35:53 optimizer.py:952]  AWS     g6.xlarge   4       16        L4:1           eu-west-3     1.02       [32m   ✔[0m     
I 03-17 20:35:53 optimizer.py:952] ----------------------------------------------------------------------------------------
<sky-payload>"<rich_update>[bold cyan]Looking for resources[/]  \u001b[2mView logs: sky api logs -l sky-2025-03-17-20-30-24-827251/provision.log\u001b[0m</rich_update>"</sky-payload>
<sky-payload>"<rich_update>[bold cyan]Launching[/]  \u001b[2mView logs: sky api logs -l sky-2025-03-17-20-30-24-827251/provision.log\u001b[0m</rich_update>"</sky-payload>
I 03-17 20:35:53 cloud_vm_ray_backend.py:1520] [0m⚙︎ Launching on AWS eu-west-3[0m (eu-west-3b,eu-west-3c).
[2mW 03-17 20:35:57 instance.py:243] create_instances: Attempt failed with An error occurred (InsufficientInstanceCapacity) when calling the RunInstances operation (reached max retries: 0): We currently do not have sufficient g6.xlarge capacity in the Availability Zone you requested (eu-west-3b). Our system will be working on provisioning additional capacity. You can currently get g6.xlarge capacity by not specifying an Availability Zone in your request or choosing eu-west-3c.[0m
[2mW 03-17 20:35:59 instance.py:243] create_instances: Attempt failed with An error occurred (InsufficientInstanceCapacity) when calling the RunInstances operation (reached max retries: 0): We currently do not have sufficient g6.xlarge capacity in the Availability Zone you requested (eu-west-3c). Our system will be working on provisioning additional capacity. You can currently get g6.xlarge capacity by not specifying an Availability Zone in your request or choosing eu-west-3b.[0m
W 03-17 20:36:00 cloud_vm_ray_backend.py:2061] sky.exceptions.ResourcesUnavailableError: Failed to acquire resources in all zones in eu-west-3 for {AWS(cpus=4, {'L4': 1})}. 
W 03-17 20:36:00 cloud_vm_ray_backend.py:2097] 
W 03-17 20:36:00 cloud_vm_ray_backend.py:2097] [0m[33m↺[0m Trying other potential resources.
<sky-payload>"<rich_update>[bold cyan]Looking for resources[/]  \u001b[2mView logs: sky api logs -l sky-2025-03-17-20-30-24-827251/provision.log\u001b[0m</rich_update>"</sky-payload>
<sky-payload>"<rich_update>[bold cyan]Optimizing[/]</rich_update>"</sky-payload>
<sky-payload>"<rich_start>[bold cyan]Launching[/]</rich_start>"</sky-payload>
I 03-17 20:36:00 optimizer.py:736] [1mTarget:[0m minimizing cost
I 03-17 20:36:00 optimizer.py:749] [1mEstimated cost: [0m$1.0 / hour
I 03-17 20:36:00 optimizer.py:749] 
I 03-17 20:36:00 optimizer.py:884] Considered resources (1 node):
I 03-17 20:36:00 optimizer.py:952] -------------------------------------------------------------------------------------------
I 03-17 20:36:00 optimizer.py:952]  CLOUD   INSTANCE    vCPUs   Mem(GB)   ACCELERATORS   REGION/ZONE      COST ($)   CHOSEN   
I 03-17 20:36:00 optimizer.py:952] -------------------------------------------------------------------------------------------
I 03-17 20:36:00 optimizer.py:952]  AWS     g6.xlarge   4       16        L4:1           ap-southeast-2   1.05       [32m   ✔[0m     
I 03-17 20:36:00 optimizer.py:952] -------------------------------------------------------------------------------------------
<sky-payload>"<rich_update>[bold cyan]Looking for resources[/]  \u001b[2mView logs: sky api logs -l sky-2025-03-17-20-30-24-827251/provision.log\u001b[0m</rich_update>"</sky-payload>
<sky-payload>"<rich_update>[bold cyan]Launching[/]  \u001b[2mView logs: sky api logs -l sky-2025-03-17-20-30-24-827251/provision.log\u001b[0m</rich_update>"</sky-payload>
I 03-17 20:36:00 cloud_vm_ray_backend.py:1520] [0m⚙︎ Launching on AWS ap-southeast-2[0m (ap-southeast-2a,ap-southeast-2c).
<sky-payload>"<rich_update>[bold cyan]Launching - Checking instance status[/]  \u001b[2mView logs: sky api logs -l sky-2025-03-17-20-30-24-827251/provision.log\u001b[0m</rich_update>"</sky-payload>
<sky-payload>"<rich_update>[bold cyan]Launching - Waiting for SSH access[/]  \u001b[2mView logs: sky api logs -l sky-2025-03-17-20-30-24-827251/provision.log\u001b[0m</rich_update>"</sky-payload>
<sky-payload>"<rich_start>[bold cyan]Launching[/]</rich_start>"</sky-payload>
I 03-17 20:36:36 provisioner.py:451] [2m└── [0m[2mInstance is up.[0m
<sky-payload>"<rich_update>[bold cyan]Preparing SkyPilot runtime (1/3 - initializing)[/]  \u001b[2mView logs: sky api logs -l sky-2025-03-17-20-30-24-827251/provision.log\u001b[0m</rich_update>"</sky-payload>
<sky-payload>"<rich_update>[bold cyan]Preparing SkyPilot runtime (2/3 - dependencies)[/]  \u001b[2mView logs: sky api logs -l sky-2025-03-17-20-30-24-827251/provision.log\u001b[0m</rich_update>"</sky-payload>
<sky-payload>"<rich_update>[bold cyan]Preparing SkyPilot runtime (3/3 - runtime)[/]  \u001b[2mView logs: sky api logs -l sky-2025-03-17-20-30-24-827251/provision.log\u001b[0m</rich_update>"</sky-payload>
<sky-payload>"<rich_update>[bold cyan]Launching - Checking instance status[/]  \u001b[2mView logs: sky api logs -l sky-2025-03-17-20-30-24-827251/provision.log\u001b[0m</rich_update>"</sky-payload>
I 03-17 20:37:06 provisioner.py:632] [0m[32m✓ Cluster launched: compute-text-vectors-499.[0m  [2mView logs: sky api logs -l sky-2025-03-17-20-30-24-827251/provision.log[0m
<sky-payload>"<rich_exit></rich_exit>"</sky-payload>
I 03-17 20:37:06 execution.py:332] [0m⚙︎ Syncing files.
<sky-payload>"<rich_init>[bold cyan]Syncing files[/]</rich_init>"</sky-payload>
<sky-payload>"<rich_update>[bold cyan]Syncing files[/]</rich_update>"</sky-payload>
<sky-payload>"<rich_start>[bold cyan]Syncing files[/]</rich_start>"</sky-payload>
<sky-payload>"<rich_update>[bold cyan]Syncing file mounts[/]  \u001b[2mView logs: sky api logs -l sky-2025-03-17-20-30-24-827251/file_mounts.log\u001b[0m</rich_update>"</sky-payload>
I 03-17 20:37:06 backend_utils.py:1315]   [2mSyncing (to 1 node): s3://skypilot-filemounts-root-726f1974-280oehx9/job-280oehx9/workdir -> ~/sky_workdir[0m
I 03-17 20:37:09 cloud_vm_ray_backend.py:4801] [0m[32m✓ Synced file_mounts.[0m  [2mView logs: sky api logs -l sky-2025-03-17-20-30-24-827251/file_mounts.log[0m
<sky-payload>"<rich_update>[bold cyan]Mounting 1 storage[/]  \u001b[2mView logs: sky api logs -l sky-2025-03-17-20-30-24-827251/storage_mounts.log\u001b[0m</rich_update>"</sky-payload>
I 03-17 20:37:09 backend_utils.py:1315]   [2mMounting (to 1 node): s3://sky-text-embeddings-multi-cluster-final -> /output[0m
I 03-17 20:37:13 cloud_vm_ray_backend.py:4892] [0m[32m✓ Storage mounted.[0m  [2mView logs: sky api logs -l sky-2025-03-17-20-30-24-827251/storage_mounts.log[0m
<sky-payload>"<rich_exit></rich_exit>"</sky-payload>
<sky-payload>"<rich_init>[bold cyan]Running setup[/]</rich_init>"</sky-payload>
<sky-payload>"<rich_update>[bold cyan]Running setup[/]</rich_update>"</sky-payload>
<sky-payload>"<rich_start>[bold cyan]Running setup[/]</rich_start>"</sky-payload>
<sky-payload>"<rich_stop></rich_stop>"</sky-payload>
I 03-17 20:37:17 cloud_vm_ray_backend.py:3357] [0m[32m✓ Setup detached.[0m
<sky-payload>"<rich_exit></rich_exit>"</sky-payload>
<sky-payload>"<rich_init>[bold cyan]Submitting job[/]</rich_init>"</sky-payload>
<sky-payload>"<rich_update>[bold cyan]Submitting job[/]</rich_update>"</sky-payload>
<sky-payload>"<rich_start>[bold cyan]Submitting job[/]</rich_start>"</sky-payload>
I 03-17 20:37:20 cloud_vm_ray_backend.py:3460] [0m⚙︎ Job submitted, ID: 1
<sky-payload>"<rich_stop></rich_stop>"</sky-payload>
<sky-payload>"<rich_exit></rich_exit>"</sky-payload>

[?25hI 03-17 20:37:21 recovery_strategy.py:289] Managed job cluster launched.
I 03-17 20:37:25 utils.py:131] === Checking the job status... ===
I 03-17 20:37:26 utils.py:137] Job status: JobStatus.SETTING_UP
I 03-17 20:37:26 utils.py:140] ==================================
I 03-17 20:37:27 state.py:471] Job started.
I 03-17 20:37:47 utils.py:131] === Checking the job status... ===
I 03-17 20:37:48 utils.py:137] Job status: JobStatus.SETTING_UP
I 03-17 20:37:48 utils.py:140] ==================================
I 03-17 20:38:08 utils.py:131] === Checking the job status... ===
I 03-17 20:38:09 utils.py:137] Job status: JobStatus.SETTING_UP
I 03-17 20:38:09 utils.py:140] ==================================
I 03-17 20:38:29 utils.py:131] === Checking the job status... ===
I 03-17 20:38:30 utils.py:137] Job status: JobStatus.SETTING_UP
I 03-17 20:38:30 utils.py:140] ==================================
I 03-17 20:38:50 utils.py:131] === Checking the job status... ===
I 03-17 20:38:51 utils.py:137] Job status: JobStatus.SETTING_UP
I 03-17 20:38:51 utils.py:140] ==================================
I 03-17 20:39:12 utils.py:131] === Checking the job status... ===
I 03-17 20:39:13 utils.py:137] Job status: JobStatus.SETTING_UP
I 03-17 20:39:13 utils.py:140] ==================================
I 03-17 20:39:33 utils.py:131] === Checking the job status... ===
I 03-17 20:39:34 utils.py:137] Job status: JobStatus.RUNNING
I 03-17 20:39:34 utils.py:140] ==================================
I 03-17 20:39:54 utils.py:131] === Checking the job status... ===
I 03-17 20:39:56 utils.py:137] Job status: JobStatus.RUNNING
I 03-17 20:39:56 utils.py:140] ==================================
I 03-17 20:40:16 utils.py:131] === Checking the job status... ===
I 03-17 20:40:17 utils.py:137] Job status: JobStatus.RUNNING
I 03-17 20:40:17 utils.py:140] ==================================
I 03-17 20:40:37 utils.py:131] === Checking the job status... ===
I 03-17 20:40:39 utils.py:137] Job status: JobStatus.RUNNING
I 03-17 20:40:39 utils.py:140] ==================================
I 03-17 20:40:59 utils.py:131] === Checking the job status... ===
I 03-17 20:41:00 utils.py:137] Job status: JobStatus.RUNNING
I 03-17 20:41:00 utils.py:140] ==================================
I 03-17 20:41:20 utils.py:131] === Checking the job status... ===
I 03-17 20:41:22 utils.py:137] Job status: JobStatus.RUNNING
I 03-17 20:41:22 utils.py:140] ==================================
I 03-17 20:41:42 utils.py:131] === Checking the job status... ===
I 03-17 20:41:43 utils.py:137] Job status: JobStatus.RUNNING
I 03-17 20:41:43 utils.py:140] ==================================
I 03-17 20:42:03 utils.py:131] === Checking the job status... ===
I 03-17 20:42:04 utils.py:137] Job status: JobStatus.RUNNING
I 03-17 20:42:04 utils.py:140] ==================================
I 03-17 20:42:24 utils.py:131] === Checking the job status... ===
I 03-17 20:42:25 utils.py:137] Job status: JobStatus.RUNNING
I 03-17 20:42:25 utils.py:140] ==================================
I 03-17 20:42:46 utils.py:131] === Checking the job status... ===
I 03-17 20:42:47 utils.py:137] Job status: JobStatus.RUNNING
I 03-17 20:42:47 utils.py:140] ==================================
I 03-17 20:43:07 utils.py:131] === Checking the job status... ===
I 03-17 20:43:11 utils.py:137] Job status: JobStatus.RUNNING
I 03-17 20:43:11 utils.py:140] ==================================
I 03-17 20:43:31 utils.py:131] === Checking the job status... ===
I 03-17 20:43:32 utils.py:137] Job status: JobStatus.RUNNING
I 03-17 20:43:32 utils.py:140] ==================================
I 03-17 20:43:52 utils.py:131] === Checking the job status... ===
I 03-17 20:43:56 utils.py:137] Job status: JobStatus.RUNNING
I 03-17 20:43:56 utils.py:140] ==================================
I 03-17 20:44:16 utils.py:131] === Checking the job status... ===
I 03-17 20:44:17 utils.py:137] Job status: JobStatus.RUNNING
I 03-17 20:44:17 utils.py:140] ==================================
I 03-17 20:44:37 utils.py:131] === Checking the job status... ===
I 03-17 20:44:38 utils.py:137] Job status: JobStatus.RUNNING
I 03-17 20:44:38 utils.py:140] ==================================
I 03-17 20:44:58 utils.py:131] === Checking the job status... ===
I 03-17 20:44:59 utils.py:137] Job status: JobStatus.RUNNING
I 03-17 20:44:59 utils.py:140] ==================================
I 03-17 20:45:19 utils.py:131] === Checking the job status... ===
I 03-17 20:45:20 utils.py:137] Job status: JobStatus.RUNNING
I 03-17 20:45:20 utils.py:140] ==================================
I 03-17 20:45:40 utils.py:131] === Checking the job status... ===
I 03-17 20:45:41 utils.py:137] Job status: JobStatus.RUNNING
I 03-17 20:45:41 utils.py:140] ==================================
I 03-17 20:46:01 utils.py:131] === Checking the job status... ===
I 03-17 20:46:02 utils.py:137] Job status: JobStatus.RUNNING
I 03-17 20:46:02 utils.py:140] ==================================
I 03-17 20:46:22 utils.py:131] === Checking the job status... ===
I 03-17 20:46:23 utils.py:137] Job status: JobStatus.RUNNING
I 03-17 20:46:23 utils.py:140] ==================================
I 03-17 20:46:44 utils.py:131] === Checking the job status... ===
I 03-17 20:46:45 utils.py:137] Job status: JobStatus.RUNNING
I 03-17 20:46:45 utils.py:140] ==================================
I 03-17 20:47:05 utils.py:131] === Checking the job status... ===
I 03-17 20:47:06 utils.py:137] Job status: JobStatus.RUNNING
I 03-17 20:47:06 utils.py:140] ==================================
I 03-17 20:47:26 utils.py:131] === Checking the job status... ===
I 03-17 20:47:27 utils.py:137] Job status: JobStatus.RUNNING
I 03-17 20:47:27 utils.py:140] ==================================
I 03-17 20:47:47 utils.py:131] === Checking the job status... ===
I 03-17 20:47:48 utils.py:137] Job status: JobStatus.RUNNING
I 03-17 20:47:48 utils.py:140] ==================================
I 03-17 20:48:08 utils.py:131] === Checking the job status... ===
I 03-17 20:48:09 utils.py:137] Job status: JobStatus.RUNNING
I 03-17 20:48:09 utils.py:140] ==================================
I 03-17 20:48:29 utils.py:131] === Checking the job status... ===
I 03-17 20:48:30 utils.py:137] Job status: JobStatus.RUNNING
I 03-17 20:48:30 utils.py:140] ==================================
I 03-17 20:48:50 utils.py:131] === Checking the job status... ===
I 03-17 20:48:51 utils.py:137] Job status: JobStatus.RUNNING
I 03-17 20:48:51 utils.py:140] ==================================
I 03-17 20:49:11 utils.py:131] === Checking the job status... ===
I 03-17 20:49:12 utils.py:137] Job status: JobStatus.RUNNING
I 03-17 20:49:12 utils.py:140] ==================================
I 03-17 20:49:33 utils.py:131] === Checking the job status... ===
I 03-17 20:49:34 utils.py:137] Job status: JobStatus.RUNNING
I 03-17 20:49:34 utils.py:140] ==================================
I 03-17 20:49:54 utils.py:131] === Checking the job status... ===
I 03-17 20:49:55 utils.py:137] Job status: JobStatus.RUNNING
I 03-17 20:49:55 utils.py:140] ==================================
I 03-17 20:50:15 utils.py:131] === Checking the job status... ===
I 03-17 20:50:16 utils.py:137] Job status: JobStatus.RUNNING
I 03-17 20:50:16 utils.py:140] ==================================
I 03-17 20:50:36 utils.py:131] === Checking the job status... ===
I 03-17 20:50:37 utils.py:137] Job status: JobStatus.SUCCEEDED
I 03-17 20:50:37 utils.py:140] ==================================
I 03-17 20:50:38 state.py:561] Job succeeded.
I 03-17 20:50:38 controller.py:238] Managed job 499 (task: 0) SUCCEEDED. Cleaning up the cluster compute-text-vectors-499.
E 03-17 20:50:41 controller_utils.py:376] Failed to find the logs for the user program at ~/sky_logs/managed_jobs/sky-2025-03-17-20-30-24-827251/run.log.
I 03-17 20:50:41 controller.py:117] 
I 03-17 20:50:41 controller.py:117] == End of logs (ID: 499) ==
I 03-17 20:50:50 state.py:656] Cancellation skipped, job is already terminal
I 03-17 20:50:50 state.py:677] Cancellation skipped, job is not CANCELLING
I 03-17 20:50:51 controller.py:552] Killing controller process 282919.
I 03-17 20:50:51 controller.py:560] Controller process 282919 killed.
I 03-17 20:50:51 controller.py:562] Cleaning up any cluster for job 499.
I 03-17 20:50:52 storage.py:699] Verifying bucket for storage skypilot-filemounts-root-726f1974-280oehx9
<sky-payload>"<rich_init>[bold cyan]Deleting S3 bucket [green]skypilot-filemounts-root-726f1974-280oehx9[/][/]</rich_init>"</sky-payload>
<sky-payload>"<rich_update>[bold cyan]Deleting S3 bucket [green]skypilot-filemounts-root-726f1974-280oehx9[/][/]</rich_update>"</sky-payload>
<sky-payload>"<rich_start>[bold cyan]Deleting S3 bucket [green]skypilot-filemounts-root-726f1974-280oehx9[/][/]</rich_start>"</sky-payload>
<sky-payload>"<rich_exit></rich_exit>"</sky-payload>
I 03-17 20:50:53 storage.py:1505] [32mDeleted S3 bucket skypilot-filemounts-root-726f1974-280oehx9.[0m
I 03-17 20:50:53 controller.py:571] Cluster of managed job 499 has been cleaned up.
