I 03-17 20:19:53 controller.py:59] DAG:
I 03-17 20:19:53 controller.py:59] [Task<name=compute-text-vectors>(run='# Initialize and dow...')
I 03-17 20:19:53 controller.py:59]   resources: AWS(cpus=4, {'L4': 1})]
I 03-17 20:19:53 controller.py:195] Submitted managed job 51 (task: 0, name: 'compute-text-vectors'); SKYPILOT_TASK_ID: sky-managed-2025-03-17-20-19-53-525833_compute-text-vectors_51-0
I 03-17 20:19:53 controller.py:199] Started monitoring.
I 03-17 20:19:53 state.py:451] Launching the spot cluster...
I 03-17 20:19:53 storage.py:1058] Storage type StoreType.S3 already exists.
<sky-payload>"<rich_init>[bold cyan]Optimizing[/]</rich_init>"</sky-payload>
<sky-payload>"<rich_update>[bold cyan]Optimizing[/]</rich_update>"</sky-payload>
<sky-payload>"<rich_start>[bold cyan]Optimizing[/]</rich_start>"</sky-payload>
I 03-17 20:19:54 optimizer.py:736] [1mTarget:[0m minimizing cost
I 03-17 20:19:54 optimizer.py:749] [1mEstimated cost: [0m$0.8 / hour
I 03-17 20:19:54 optimizer.py:749] 
I 03-17 20:19:54 optimizer.py:884] Considered resources (1 node):
I 03-17 20:19:54 optimizer.py:952] ----------------------------------------------------------------------------------------
I 03-17 20:19:54 optimizer.py:952]  CLOUD   INSTANCE    vCPUs   Mem(GB)   ACCELERATORS   REGION/ZONE   COST ($)   CHOSEN   
I 03-17 20:19:54 optimizer.py:952] ----------------------------------------------------------------------------------------
I 03-17 20:19:54 optimizer.py:952]  AWS     g6.xlarge   4       16        L4:1           us-east-1     0.80       [32m   ✔[0m     
I 03-17 20:19:54 optimizer.py:952] ----------------------------------------------------------------------------------------
<sky-payload>"<rich_exit></rich_exit>"</sky-payload>
<sky-payload>"<rich_init>[bold cyan]Launching[/]</rich_init>"</sky-payload>
<sky-payload>"<rich_update>[bold cyan]Launching[/]</rich_update>"</sky-payload>
<sky-payload>"<rich_start>[bold cyan]Launching[/]</rich_start>"</sky-payload>
<sky-payload>"<rich_update>[bold cyan]Launching[/]  \u001b[2mView logs: sky api logs -l sky-2025-03-17-20-19-54-145910/provision.log\u001b[0m</rich_update>"</sky-payload>
<sky-payload>"<rich_update>[bold cyan]Launching[/]  \u001b[2mView logs: sky api logs -l sky-2025-03-17-20-19-54-145910/provision.log\u001b[0m</rich_update>"</sky-payload>
I 03-17 20:19:54 cloud_vm_ray_backend.py:1520] [0m⚙︎ Launching on AWS us-east-1[0m (us-east-1a,us-east-1b,us-east-1c,us-east-1d).
[2mW 03-17 20:19:57 instance.py:243] create_instances: Attempt failed with An error occurred (VcpuLimitExceeded) when calling the RunInstances operation: You have requested more vCPU capacity than your current vCPU limit of 64 allows for the instance bucket that the specified instance type belongs to. Please visit http://aws.amazon.com/contact-us/ec2-request to request an adjustment to this limit.[0m
[2mW 03-17 20:19:58 instance.py:243] create_instances: Attempt failed with An error occurred (VcpuLimitExceeded) when calling the RunInstances operation: You have requested more vCPU capacity than your current vCPU limit of 64 allows for the instance bucket that the specified instance type belongs to. Please visit http://aws.amazon.com/contact-us/ec2-request to request an adjustment to this limit.[0m
[2mW 03-17 20:19:58 instance.py:243] create_instances: Attempt failed with An error occurred (VcpuLimitExceeded) when calling the RunInstances operation: You have requested more vCPU capacity than your current vCPU limit of 64 allows for the instance bucket that the specified instance type belongs to. Please visit http://aws.amazon.com/contact-us/ec2-request to request an adjustment to this limit.[0m
W 03-17 20:19:59 cloud_vm_ray_backend.py:2061] sky.exceptions.ResourcesUnavailableError: Failed to acquire resources in all zones in us-east-1 for {AWS(cpus=4, {'L4': 1})}. 
W 03-17 20:19:59 cloud_vm_ray_backend.py:2097] 
W 03-17 20:19:59 cloud_vm_ray_backend.py:2097] [0m[33m↺[0m Trying other potential resources.
<sky-payload>"<rich_update>[bold cyan]Looking for resources[/]  \u001b[2mView logs: sky api logs -l sky-2025-03-17-20-19-54-145910/provision.log\u001b[0m</rich_update>"</sky-payload>
<sky-payload>"<rich_update>[bold cyan]Optimizing[/]</rich_update>"</sky-payload>
<sky-payload>"<rich_start>[bold cyan]Launching[/]</rich_start>"</sky-payload>
I 03-17 20:19:59 optimizer.py:736] [1mTarget:[0m minimizing cost
I 03-17 20:19:59 optimizer.py:749] [1mEstimated cost: [0m$0.8 / hour
I 03-17 20:19:59 optimizer.py:749] 
I 03-17 20:19:59 optimizer.py:884] Considered resources (1 node):
I 03-17 20:19:59 optimizer.py:952] ----------------------------------------------------------------------------------------
I 03-17 20:19:59 optimizer.py:952]  CLOUD   INSTANCE    vCPUs   Mem(GB)   ACCELERATORS   REGION/ZONE   COST ($)   CHOSEN   
I 03-17 20:19:59 optimizer.py:952] ----------------------------------------------------------------------------------------
I 03-17 20:19:59 optimizer.py:952]  AWS     g6.xlarge   4       16        L4:1           us-east-2     0.80       [32m   ✔[0m     
I 03-17 20:19:59 optimizer.py:952] ----------------------------------------------------------------------------------------
<sky-payload>"<rich_update>[bold cyan]Looking for resources[/]  \u001b[2mView logs: sky api logs -l sky-2025-03-17-20-19-54-145910/provision.log\u001b[0m</rich_update>"</sky-payload>
<sky-payload>"<rich_update>[bold cyan]Launching[/]  \u001b[2mView logs: sky api logs -l sky-2025-03-17-20-19-54-145910/provision.log\u001b[0m</rich_update>"</sky-payload>
I 03-17 20:19:59 cloud_vm_ray_backend.py:1520] [0m⚙︎ Launching on AWS us-east-2[0m (us-east-2a,us-east-2b,us-east-2c).
<sky-payload>"<rich_update>[bold cyan]Launching - Checking instance status[/]  \u001b[2mView logs: sky api logs -l sky-2025-03-17-20-19-54-145910/provision.log\u001b[0m</rich_update>"</sky-payload>
<sky-payload>"<rich_update>[bold cyan]Launching - Waiting for SSH access[/]  \u001b[2mView logs: sky api logs -l sky-2025-03-17-20-19-54-145910/provision.log\u001b[0m</rich_update>"</sky-payload>
<sky-payload>"<rich_start>[bold cyan]Launching[/]</rich_start>"</sky-payload>
I 03-17 20:20:24 provisioner.py:451] [2m└── [0m[2mInstance is up.[0m
<sky-payload>"<rich_update>[bold cyan]Preparing SkyPilot runtime (1/3 - initializing)[/]  \u001b[2mView logs: sky api logs -l sky-2025-03-17-20-19-54-145910/provision.log\u001b[0m</rich_update>"</sky-payload>
<sky-payload>"<rich_update>[bold cyan]Preparing SkyPilot runtime (2/3 - dependencies)[/]  \u001b[2mView logs: sky api logs -l sky-2025-03-17-20-19-54-145910/provision.log\u001b[0m</rich_update>"</sky-payload>
<sky-payload>"<rich_update>[bold cyan]Preparing SkyPilot runtime (3/3 - runtime)[/]  \u001b[2mView logs: sky api logs -l sky-2025-03-17-20-19-54-145910/provision.log\u001b[0m</rich_update>"</sky-payload>
<sky-payload>"<rich_update>[bold cyan]Launching - Checking instance status[/]  \u001b[2mView logs: sky api logs -l sky-2025-03-17-20-19-54-145910/provision.log\u001b[0m</rich_update>"</sky-payload>
I 03-17 20:20:47 provisioner.py:632] [0m[32m✓ Cluster launched: compute-text-vectors-51.[0m  [2mView logs: sky api logs -l sky-2025-03-17-20-19-54-145910/provision.log[0m
<sky-payload>"<rich_exit></rich_exit>"</sky-payload>
I 03-17 20:20:47 execution.py:332] [0m⚙︎ Syncing files.
<sky-payload>"<rich_init>[bold cyan]Syncing files[/]</rich_init>"</sky-payload>
<sky-payload>"<rich_update>[bold cyan]Syncing files[/]</rich_update>"</sky-payload>
<sky-payload>"<rich_start>[bold cyan]Syncing files[/]</rich_start>"</sky-payload>
<sky-payload>"<rich_update>[bold cyan]Syncing file mounts[/]  \u001b[2mView logs: sky api logs -l sky-2025-03-17-20-19-54-145910/file_mounts.log\u001b[0m</rich_update>"</sky-payload>
I 03-17 20:20:48 backend_utils.py:1315]   [2mSyncing (to 1 node): s3://skypilot-filemounts-root-726f1974-63bkysvl/job-63bkysvl/workdir -> ~/sky_workdir[0m
I 03-17 20:20:49 cloud_vm_ray_backend.py:4801] [0m[32m✓ Synced file_mounts.[0m  [2mView logs: sky api logs -l sky-2025-03-17-20-19-54-145910/file_mounts.log[0m
<sky-payload>"<rich_update>[bold cyan]Mounting 1 storage[/]  \u001b[2mView logs: sky api logs -l sky-2025-03-17-20-19-54-145910/storage_mounts.log\u001b[0m</rich_update>"</sky-payload>
I 03-17 20:20:49 backend_utils.py:1315]   [2mMounting (to 1 node): s3://sky-text-embeddings-multi-cluster-final -> /output[0m
I 03-17 20:20:51 cloud_vm_ray_backend.py:4892] [0m[32m✓ Storage mounted.[0m  [2mView logs: sky api logs -l sky-2025-03-17-20-19-54-145910/storage_mounts.log[0m
<sky-payload>"<rich_exit></rich_exit>"</sky-payload>
<sky-payload>"<rich_init>[bold cyan]Running setup[/]</rich_init>"</sky-payload>
<sky-payload>"<rich_update>[bold cyan]Running setup[/]</rich_update>"</sky-payload>
<sky-payload>"<rich_start>[bold cyan]Running setup[/]</rich_start>"</sky-payload>
<sky-payload>"<rich_stop></rich_stop>"</sky-payload>
I 03-17 20:20:52 cloud_vm_ray_backend.py:3357] [0m[32m✓ Setup detached.[0m
<sky-payload>"<rich_exit></rich_exit>"</sky-payload>
<sky-payload>"<rich_init>[bold cyan]Submitting job[/]</rich_init>"</sky-payload>
<sky-payload>"<rich_update>[bold cyan]Submitting job[/]</rich_update>"</sky-payload>
<sky-payload>"<rich_start>[bold cyan]Submitting job[/]</rich_start>"</sky-payload>
I 03-17 20:20:54 cloud_vm_ray_backend.py:3460] [0m⚙︎ Job submitted, ID: 1
<sky-payload>"<rich_stop></rich_stop>"</sky-payload>
<sky-payload>"<rich_exit></rich_exit>"</sky-payload>

[?25hI 03-17 20:20:54 recovery_strategy.py:289] Managed job cluster launched.
I 03-17 20:20:57 utils.py:131] === Checking the job status... ===
I 03-17 20:20:58 utils.py:137] Job status: JobStatus.SETTING_UP
I 03-17 20:20:58 utils.py:140] ==================================
I 03-17 20:20:58 state.py:471] Job started.
I 03-17 20:21:18 utils.py:131] === Checking the job status... ===
I 03-17 20:21:19 utils.py:137] Job status: JobStatus.SETTING_UP
I 03-17 20:21:19 utils.py:140] ==================================
I 03-17 20:21:39 utils.py:131] === Checking the job status... ===
I 03-17 20:21:40 utils.py:137] Job status: JobStatus.SETTING_UP
I 03-17 20:21:40 utils.py:140] ==================================
I 03-17 20:22:00 utils.py:131] === Checking the job status... ===
I 03-17 20:22:01 utils.py:137] Job status: JobStatus.SETTING_UP
I 03-17 20:22:01 utils.py:140] ==================================
I 03-17 20:22:21 utils.py:131] === Checking the job status... ===
I 03-17 20:22:21 utils.py:137] Job status: JobStatus.SETTING_UP
I 03-17 20:22:21 utils.py:140] ==================================
I 03-17 20:22:41 utils.py:131] === Checking the job status... ===
I 03-17 20:22:42 utils.py:137] Job status: JobStatus.SETTING_UP
I 03-17 20:22:42 utils.py:140] ==================================
I 03-17 20:23:02 utils.py:131] === Checking the job status... ===
I 03-17 20:23:03 utils.py:137] Job status: JobStatus.RUNNING
I 03-17 20:23:03 utils.py:140] ==================================
I 03-17 20:23:23 utils.py:131] === Checking the job status... ===
I 03-17 20:23:24 utils.py:137] Job status: JobStatus.RUNNING
I 03-17 20:23:24 utils.py:140] ==================================
I 03-17 20:23:44 utils.py:131] === Checking the job status... ===
I 03-17 20:23:46 utils.py:137] Job status: JobStatus.RUNNING
I 03-17 20:23:46 utils.py:140] ==================================
I 03-17 20:24:06 utils.py:131] === Checking the job status... ===
I 03-17 20:24:07 utils.py:137] Job status: JobStatus.RUNNING
I 03-17 20:24:07 utils.py:140] ==================================
I 03-17 20:24:27 utils.py:131] === Checking the job status... ===
I 03-17 20:24:28 utils.py:137] Job status: JobStatus.RUNNING
I 03-17 20:24:28 utils.py:140] ==================================
I 03-17 20:24:48 utils.py:131] === Checking the job status... ===
I 03-17 20:24:49 utils.py:137] Job status: JobStatus.RUNNING
I 03-17 20:24:49 utils.py:140] ==================================
I 03-17 20:25:09 utils.py:131] === Checking the job status... ===
I 03-17 20:25:10 utils.py:137] Job status: JobStatus.RUNNING
I 03-17 20:25:10 utils.py:140] ==================================
I 03-17 20:25:30 utils.py:131] === Checking the job status... ===
I 03-17 20:25:31 utils.py:137] Job status: JobStatus.RUNNING
I 03-17 20:25:31 utils.py:140] ==================================
I 03-17 20:25:51 utils.py:131] === Checking the job status... ===
I 03-17 20:25:52 utils.py:137] Job status: JobStatus.RUNNING
I 03-17 20:25:52 utils.py:140] ==================================
I 03-17 20:26:12 utils.py:131] === Checking the job status... ===
I 03-17 20:26:12 utils.py:137] Job status: JobStatus.RUNNING
I 03-17 20:26:12 utils.py:140] ==================================
I 03-17 20:26:33 utils.py:131] === Checking the job status... ===
I 03-17 20:26:35 utils.py:137] Job status: JobStatus.RUNNING
I 03-17 20:26:35 utils.py:140] ==================================
I 03-17 20:26:55 utils.py:131] === Checking the job status... ===
I 03-17 20:26:55 utils.py:137] Job status: JobStatus.RUNNING
I 03-17 20:26:55 utils.py:140] ==================================
I 03-17 20:27:15 utils.py:131] === Checking the job status... ===
I 03-17 20:27:18 utils.py:137] Job status: JobStatus.RUNNING
I 03-17 20:27:18 utils.py:140] ==================================
I 03-17 20:27:38 utils.py:131] === Checking the job status... ===
I 03-17 20:27:39 utils.py:137] Job status: JobStatus.RUNNING
I 03-17 20:27:39 utils.py:140] ==================================
I 03-17 20:27:59 utils.py:131] === Checking the job status... ===
I 03-17 20:28:00 utils.py:137] Job status: JobStatus.RUNNING
I 03-17 20:28:00 utils.py:140] ==================================
I 03-17 20:28:20 utils.py:131] === Checking the job status... ===
I 03-17 20:28:20 utils.py:137] Job status: JobStatus.RUNNING
I 03-17 20:28:20 utils.py:140] ==================================
I 03-17 20:28:40 utils.py:131] === Checking the job status... ===
I 03-17 20:28:41 utils.py:137] Job status: JobStatus.RUNNING
I 03-17 20:28:41 utils.py:140] ==================================
I 03-17 20:29:01 utils.py:131] === Checking the job status... ===
I 03-17 20:29:02 utils.py:137] Job status: JobStatus.RUNNING
I 03-17 20:29:02 utils.py:140] ==================================
I 03-17 20:29:22 utils.py:131] === Checking the job status... ===
I 03-17 20:29:23 utils.py:137] Job status: JobStatus.RUNNING
I 03-17 20:29:23 utils.py:140] ==================================
I 03-17 20:29:43 utils.py:131] === Checking the job status... ===
I 03-17 20:29:43 utils.py:137] Job status: JobStatus.RUNNING
I 03-17 20:29:43 utils.py:140] ==================================
I 03-17 20:30:03 utils.py:131] === Checking the job status... ===
I 03-17 20:30:04 utils.py:137] Job status: JobStatus.RUNNING
I 03-17 20:30:04 utils.py:140] ==================================
I 03-17 20:30:24 utils.py:131] === Checking the job status... ===
I 03-17 20:30:25 utils.py:137] Job status: JobStatus.RUNNING
I 03-17 20:30:25 utils.py:140] ==================================
I 03-17 20:30:45 utils.py:131] === Checking the job status... ===
I 03-17 20:30:46 utils.py:137] Job status: JobStatus.RUNNING
I 03-17 20:30:46 utils.py:140] ==================================
I 03-17 20:31:06 utils.py:131] === Checking the job status... ===
I 03-17 20:31:06 utils.py:137] Job status: JobStatus.RUNNING
I 03-17 20:31:06 utils.py:140] ==================================
I 03-17 20:31:27 utils.py:131] === Checking the job status... ===
I 03-17 20:31:27 utils.py:137] Job status: JobStatus.RUNNING
I 03-17 20:31:27 utils.py:140] ==================================
I 03-17 20:31:47 utils.py:131] === Checking the job status... ===
I 03-17 20:31:48 utils.py:137] Job status: JobStatus.RUNNING
I 03-17 20:31:48 utils.py:140] ==================================
I 03-17 20:32:08 utils.py:131] === Checking the job status... ===
I 03-17 20:32:09 utils.py:137] Job status: JobStatus.RUNNING
I 03-17 20:32:09 utils.py:140] ==================================
I 03-17 20:32:29 utils.py:131] === Checking the job status... ===
I 03-17 20:32:29 utils.py:137] Job status: JobStatus.RUNNING
I 03-17 20:32:29 utils.py:140] ==================================
I 03-17 20:32:50 utils.py:131] === Checking the job status... ===
I 03-17 20:32:50 utils.py:137] Job status: JobStatus.RUNNING
I 03-17 20:32:50 utils.py:140] ==================================
I 03-17 20:33:10 utils.py:131] === Checking the job status... ===
I 03-17 20:33:11 utils.py:137] Job status: JobStatus.RUNNING
I 03-17 20:33:11 utils.py:140] ==================================
I 03-17 20:33:31 utils.py:131] === Checking the job status... ===
I 03-17 20:33:32 utils.py:137] Job status: JobStatus.RUNNING
I 03-17 20:33:32 utils.py:140] ==================================
I 03-17 20:33:52 utils.py:131] === Checking the job status... ===
I 03-17 20:33:52 utils.py:137] Job status: JobStatus.RUNNING
I 03-17 20:33:52 utils.py:140] ==================================
I 03-17 20:34:13 utils.py:131] === Checking the job status... ===
I 03-17 20:34:13 utils.py:137] Job status: JobStatus.RUNNING
I 03-17 20:34:13 utils.py:140] ==================================
I 03-17 20:34:33 utils.py:131] === Checking the job status... ===
I 03-17 20:34:34 utils.py:137] Job status: JobStatus.RUNNING
I 03-17 20:34:34 utils.py:140] ==================================
I 03-17 20:34:54 utils.py:131] === Checking the job status... ===
I 03-17 20:34:55 utils.py:137] Job status: JobStatus.RUNNING
I 03-17 20:34:55 utils.py:140] ==================================
I 03-17 20:35:15 utils.py:131] === Checking the job status... ===
I 03-17 20:35:16 utils.py:137] Job status: JobStatus.RUNNING
I 03-17 20:35:16 utils.py:140] ==================================
I 03-17 20:35:36 utils.py:131] === Checking the job status... ===
I 03-17 20:35:36 utils.py:137] Job status: JobStatus.RUNNING
I 03-17 20:35:36 utils.py:140] ==================================
I 03-17 20:35:56 utils.py:131] === Checking the job status... ===
I 03-17 20:35:57 utils.py:137] Job status: JobStatus.RUNNING
I 03-17 20:35:57 utils.py:140] ==================================
I 03-17 20:36:17 utils.py:131] === Checking the job status... ===
I 03-17 20:36:18 utils.py:137] Job status: JobStatus.RUNNING
I 03-17 20:36:18 utils.py:140] ==================================
I 03-17 20:36:38 utils.py:131] === Checking the job status... ===
I 03-17 20:36:39 utils.py:137] Job status: JobStatus.RUNNING
I 03-17 20:36:39 utils.py:140] ==================================
I 03-17 20:36:59 utils.py:131] === Checking the job status... ===
I 03-17 20:36:59 utils.py:137] Job status: JobStatus.RUNNING
I 03-17 20:36:59 utils.py:140] ==================================
I 03-17 20:37:19 utils.py:131] === Checking the job status... ===
I 03-17 20:37:20 utils.py:137] Job status: JobStatus.RUNNING
I 03-17 20:37:20 utils.py:140] ==================================
I 03-17 20:37:40 utils.py:131] === Checking the job status... ===
I 03-17 20:37:41 utils.py:137] Job status: JobStatus.RUNNING
I 03-17 20:37:41 utils.py:140] ==================================
I 03-17 20:38:01 utils.py:131] === Checking the job status... ===
I 03-17 20:38:01 utils.py:137] Job status: JobStatus.RUNNING
I 03-17 20:38:01 utils.py:140] ==================================
I 03-17 20:38:22 utils.py:131] === Checking the job status... ===
I 03-17 20:38:22 utils.py:137] Job status: JobStatus.RUNNING
I 03-17 20:38:22 utils.py:140] ==================================
I 03-17 20:38:42 utils.py:131] === Checking the job status... ===
I 03-17 20:38:43 utils.py:137] Job status: JobStatus.RUNNING
I 03-17 20:38:43 utils.py:140] ==================================
I 03-17 20:39:03 utils.py:131] === Checking the job status... ===
I 03-17 20:39:04 utils.py:137] Job status: JobStatus.RUNNING
I 03-17 20:39:04 utils.py:140] ==================================
I 03-17 20:39:24 utils.py:131] === Checking the job status... ===
I 03-17 20:39:25 utils.py:137] Job status: JobStatus.RUNNING
I 03-17 20:39:25 utils.py:140] ==================================
I 03-17 20:39:45 utils.py:131] === Checking the job status... ===
I 03-17 20:39:45 utils.py:137] Job status: JobStatus.RUNNING
I 03-17 20:39:45 utils.py:140] ==================================
I 03-17 20:40:05 utils.py:131] === Checking the job status... ===
I 03-17 20:40:06 utils.py:137] Job status: JobStatus.RUNNING
I 03-17 20:40:06 utils.py:140] ==================================
I 03-17 20:40:26 utils.py:131] === Checking the job status... ===
I 03-17 20:40:27 utils.py:137] Job status: JobStatus.RUNNING
I 03-17 20:40:27 utils.py:140] ==================================
I 03-17 20:40:47 utils.py:131] === Checking the job status... ===
I 03-17 20:40:47 utils.py:137] Job status: JobStatus.RUNNING
I 03-17 20:40:47 utils.py:140] ==================================
I 03-17 20:41:08 utils.py:131] === Checking the job status... ===
I 03-17 20:41:08 utils.py:137] Job status: JobStatus.RUNNING
I 03-17 20:41:08 utils.py:140] ==================================
I 03-17 20:41:28 utils.py:131] === Checking the job status... ===
I 03-17 20:41:29 utils.py:137] Job status: JobStatus.RUNNING
I 03-17 20:41:29 utils.py:140] ==================================
I 03-17 20:41:49 utils.py:131] === Checking the job status... ===
I 03-17 20:41:50 utils.py:137] Job status: JobStatus.RUNNING
I 03-17 20:41:50 utils.py:140] ==================================
I 03-17 20:42:10 utils.py:131] === Checking the job status... ===
I 03-17 20:42:10 utils.py:137] Job status: JobStatus.RUNNING
I 03-17 20:42:10 utils.py:140] ==================================
I 03-17 20:42:30 utils.py:131] === Checking the job status... ===
I 03-17 20:42:31 utils.py:137] Job status: JobStatus.RUNNING
I 03-17 20:42:31 utils.py:140] ==================================
I 03-17 20:42:51 utils.py:131] === Checking the job status... ===
I 03-17 20:42:52 utils.py:137] Job status: JobStatus.RUNNING
I 03-17 20:42:52 utils.py:140] ==================================
I 03-17 20:43:12 utils.py:131] === Checking the job status... ===
I 03-17 20:43:12 utils.py:137] Job status: JobStatus.RUNNING
I 03-17 20:43:12 utils.py:140] ==================================
I 03-17 20:43:33 utils.py:131] === Checking the job status... ===
I 03-17 20:43:33 utils.py:137] Job status: JobStatus.RUNNING
I 03-17 20:43:33 utils.py:140] ==================================
I 03-17 20:43:53 utils.py:131] === Checking the job status... ===
I 03-17 20:43:54 utils.py:137] Job status: JobStatus.RUNNING
I 03-17 20:43:54 utils.py:140] ==================================
I 03-17 20:44:14 utils.py:131] === Checking the job status... ===
I 03-17 20:44:15 utils.py:137] Job status: JobStatus.RUNNING
I 03-17 20:44:15 utils.py:140] ==================================
I 03-17 20:44:35 utils.py:131] === Checking the job status... ===
I 03-17 20:44:36 utils.py:137] Job status: JobStatus.RUNNING
I 03-17 20:44:36 utils.py:140] ==================================
I 03-17 20:44:56 utils.py:131] === Checking the job status... ===
I 03-17 20:44:56 utils.py:137] Job status: JobStatus.RUNNING
I 03-17 20:44:56 utils.py:140] ==================================
I 03-17 20:45:16 utils.py:131] === Checking the job status... ===
I 03-17 20:45:17 utils.py:137] Job status: JobStatus.RUNNING
I 03-17 20:45:17 utils.py:140] ==================================
I 03-17 20:45:37 utils.py:131] === Checking the job status... ===
I 03-17 20:45:38 utils.py:137] Job status: JobStatus.RUNNING
I 03-17 20:45:38 utils.py:140] ==================================
I 03-17 20:45:58 utils.py:131] === Checking the job status... ===
I 03-17 20:45:58 utils.py:137] Job status: JobStatus.RUNNING
I 03-17 20:45:58 utils.py:140] ==================================
I 03-17 20:46:19 utils.py:131] === Checking the job status... ===
I 03-17 20:46:19 utils.py:137] Job status: JobStatus.RUNNING
I 03-17 20:46:19 utils.py:140] ==================================
I 03-17 20:46:39 utils.py:131] === Checking the job status... ===
I 03-17 20:46:40 utils.py:137] Job status: JobStatus.RUNNING
I 03-17 20:46:40 utils.py:140] ==================================
I 03-17 20:47:00 utils.py:131] === Checking the job status... ===
I 03-17 20:47:01 utils.py:137] Job status: JobStatus.RUNNING
I 03-17 20:47:01 utils.py:140] ==================================
I 03-17 20:47:21 utils.py:131] === Checking the job status... ===
I 03-17 20:47:21 utils.py:137] Job status: JobStatus.RUNNING
I 03-17 20:47:21 utils.py:140] ==================================
I 03-17 20:47:42 utils.py:131] === Checking the job status... ===
I 03-17 20:47:42 utils.py:137] Job status: JobStatus.RUNNING
I 03-17 20:47:42 utils.py:140] ==================================
I 03-17 20:48:02 utils.py:131] === Checking the job status... ===
I 03-17 20:48:03 utils.py:137] Job status: JobStatus.RUNNING
I 03-17 20:48:03 utils.py:140] ==================================
I 03-17 20:48:23 utils.py:131] === Checking the job status... ===
I 03-17 20:48:24 utils.py:137] Job status: JobStatus.RUNNING
I 03-17 20:48:24 utils.py:140] ==================================
I 03-17 20:48:44 utils.py:131] === Checking the job status... ===
I 03-17 20:48:44 utils.py:137] Job status: JobStatus.RUNNING
I 03-17 20:48:44 utils.py:140] ==================================
I 03-17 20:49:05 utils.py:131] === Checking the job status... ===
I 03-17 20:49:05 utils.py:137] Job status: JobStatus.RUNNING
I 03-17 20:49:05 utils.py:140] ==================================
I 03-17 20:49:25 utils.py:131] === Checking the job status... ===
I 03-17 20:49:26 utils.py:137] Job status: JobStatus.RUNNING
I 03-17 20:49:26 utils.py:140] ==================================
I 03-17 20:49:46 utils.py:131] === Checking the job status... ===
I 03-17 20:49:47 utils.py:137] Job status: JobStatus.RUNNING
I 03-17 20:49:47 utils.py:140] ==================================
I 03-17 20:50:07 utils.py:131] === Checking the job status... ===
I 03-17 20:50:08 utils.py:137] Job status: JobStatus.RUNNING
I 03-17 20:50:08 utils.py:140] ==================================
I 03-17 20:50:28 utils.py:131] === Checking the job status... ===
I 03-17 20:50:28 utils.py:137] Job status: JobStatus.RUNNING
I 03-17 20:50:28 utils.py:140] ==================================
I 03-17 20:50:49 utils.py:131] === Checking the job status... ===
I 03-17 20:50:49 utils.py:137] Job status: JobStatus.RUNNING
I 03-17 20:50:49 utils.py:140] ==================================
I 03-17 20:51:09 utils.py:131] === Checking the job status... ===
I 03-17 20:51:10 utils.py:137] Job status: JobStatus.RUNNING
I 03-17 20:51:10 utils.py:140] ==================================
I 03-17 20:51:30 utils.py:131] === Checking the job status... ===
I 03-17 20:51:31 utils.py:137] Job status: JobStatus.RUNNING
I 03-17 20:51:31 utils.py:140] ==================================
I 03-17 20:51:51 utils.py:131] === Checking the job status... ===
I 03-17 20:51:51 utils.py:137] Job status: JobStatus.RUNNING
I 03-17 20:51:51 utils.py:140] ==================================
I 03-17 20:52:12 utils.py:131] === Checking the job status... ===
I 03-17 20:52:12 utils.py:137] Job status: JobStatus.RUNNING
I 03-17 20:52:12 utils.py:140] ==================================
I 03-17 20:52:32 utils.py:131] === Checking the job status... ===
I 03-17 20:52:33 utils.py:137] Job status: JobStatus.RUNNING
I 03-17 20:52:33 utils.py:140] ==================================
