I 03-17 20:19:54 controller.py:59] DAG:
I 03-17 20:19:54 controller.py:59] [Task<name=compute-text-vectors>(run='# Initialize and dow...')
I 03-17 20:19:54 controller.py:59]   resources: AWS(cpus=4, {'L4': 1})]
I 03-17 20:19:54 controller.py:195] Submitted managed job 52 (task: 0, name: 'compute-text-vectors'); SKYPILOT_TASK_ID: sky-managed-2025-03-17-20-19-54-416053_compute-text-vectors_52-0
I 03-17 20:19:54 controller.py:199] Started monitoring.
I 03-17 20:19:54 state.py:451] Launching the spot cluster...
I 03-17 20:19:54 storage.py:1058] Storage type StoreType.S3 already exists.
<sky-payload>"<rich_init>[bold cyan]Optimizing[/]</rich_init>"</sky-payload>
<sky-payload>"<rich_update>[bold cyan]Optimizing[/]</rich_update>"</sky-payload>
<sky-payload>"<rich_start>[bold cyan]Optimizing[/]</rich_start>"</sky-payload>
I 03-17 20:19:55 optimizer.py:736] [1mTarget:[0m minimizing cost
I 03-17 20:19:55 optimizer.py:749] [1mEstimated cost: [0m$0.8 / hour
I 03-17 20:19:55 optimizer.py:749] 
I 03-17 20:19:55 optimizer.py:884] Considered resources (1 node):
I 03-17 20:19:55 optimizer.py:952] ----------------------------------------------------------------------------------------
I 03-17 20:19:55 optimizer.py:952]  CLOUD   INSTANCE    vCPUs   Mem(GB)   ACCELERATORS   REGION/ZONE   COST ($)   CHOSEN   
I 03-17 20:19:55 optimizer.py:952] ----------------------------------------------------------------------------------------
I 03-17 20:19:55 optimizer.py:952]  AWS     g6.xlarge   4       16        L4:1           us-east-1     0.80       [32m   ✔[0m     
I 03-17 20:19:55 optimizer.py:952] ----------------------------------------------------------------------------------------
<sky-payload>"<rich_exit></rich_exit>"</sky-payload>
<sky-payload>"<rich_init>[bold cyan]Launching[/]</rich_init>"</sky-payload>
<sky-payload>"<rich_update>[bold cyan]Launching[/]</rich_update>"</sky-payload>
<sky-payload>"<rich_start>[bold cyan]Launching[/]</rich_start>"</sky-payload>
<sky-payload>"<rich_update>[bold cyan]Launching[/]  \u001b[2mView logs: sky api logs -l sky-2025-03-17-20-19-55-046463/provision.log\u001b[0m</rich_update>"</sky-payload>
<sky-payload>"<rich_update>[bold cyan]Launching[/]  \u001b[2mView logs: sky api logs -l sky-2025-03-17-20-19-55-046463/provision.log\u001b[0m</rich_update>"</sky-payload>
I 03-17 20:19:55 cloud_vm_ray_backend.py:1520] [0m⚙︎ Launching on AWS us-east-1[0m (us-east-1a,us-east-1b,us-east-1c,us-east-1d).
[2mW 03-17 20:19:58 instance.py:243] create_instances: Attempt failed with An error occurred (VcpuLimitExceeded) when calling the RunInstances operation: You have requested more vCPU capacity than your current vCPU limit of 64 allows for the instance bucket that the specified instance type belongs to. Please visit http://aws.amazon.com/contact-us/ec2-request to request an adjustment to this limit.[0m
[2mW 03-17 20:19:59 instance.py:243] create_instances: Attempt failed with An error occurred (VcpuLimitExceeded) when calling the RunInstances operation: You have requested more vCPU capacity than your current vCPU limit of 64 allows for the instance bucket that the specified instance type belongs to. Please visit http://aws.amazon.com/contact-us/ec2-request to request an adjustment to this limit.[0m
[2mW 03-17 20:19:59 instance.py:243] create_instances: Attempt failed with An error occurred (VcpuLimitExceeded) when calling the RunInstances operation: You have requested more vCPU capacity than your current vCPU limit of 64 allows for the instance bucket that the specified instance type belongs to. Please visit http://aws.amazon.com/contact-us/ec2-request to request an adjustment to this limit.[0m
W 03-17 20:20:00 cloud_vm_ray_backend.py:2061] sky.exceptions.ResourcesUnavailableError: Failed to acquire resources in all zones in us-east-1 for {AWS(cpus=4, {'L4': 1})}. 
W 03-17 20:20:00 cloud_vm_ray_backend.py:2097] 
W 03-17 20:20:00 cloud_vm_ray_backend.py:2097] [0m[33m↺[0m Trying other potential resources.
<sky-payload>"<rich_update>[bold cyan]Looking for resources[/]  \u001b[2mView logs: sky api logs -l sky-2025-03-17-20-19-55-046463/provision.log\u001b[0m</rich_update>"</sky-payload>
<sky-payload>"<rich_update>[bold cyan]Optimizing[/]</rich_update>"</sky-payload>
<sky-payload>"<rich_start>[bold cyan]Launching[/]</rich_start>"</sky-payload>
I 03-17 20:20:00 optimizer.py:736] [1mTarget:[0m minimizing cost
I 03-17 20:20:00 optimizer.py:749] [1mEstimated cost: [0m$0.8 / hour
I 03-17 20:20:00 optimizer.py:749] 
I 03-17 20:20:00 optimizer.py:884] Considered resources (1 node):
I 03-17 20:20:00 optimizer.py:952] ----------------------------------------------------------------------------------------
I 03-17 20:20:00 optimizer.py:952]  CLOUD   INSTANCE    vCPUs   Mem(GB)   ACCELERATORS   REGION/ZONE   COST ($)   CHOSEN   
I 03-17 20:20:00 optimizer.py:952] ----------------------------------------------------------------------------------------
I 03-17 20:20:00 optimizer.py:952]  AWS     g6.xlarge   4       16        L4:1           us-east-2     0.80       [32m   ✔[0m     
I 03-17 20:20:00 optimizer.py:952] ----------------------------------------------------------------------------------------
<sky-payload>"<rich_update>[bold cyan]Looking for resources[/]  \u001b[2mView logs: sky api logs -l sky-2025-03-17-20-19-55-046463/provision.log\u001b[0m</rich_update>"</sky-payload>
<sky-payload>"<rich_update>[bold cyan]Launching[/]  \u001b[2mView logs: sky api logs -l sky-2025-03-17-20-19-55-046463/provision.log\u001b[0m</rich_update>"</sky-payload>
I 03-17 20:20:00 cloud_vm_ray_backend.py:1520] [0m⚙︎ Launching on AWS us-east-2[0m (us-east-2a,us-east-2b,us-east-2c).
<sky-payload>"<rich_update>[bold cyan]Launching - Checking instance status[/]  \u001b[2mView logs: sky api logs -l sky-2025-03-17-20-19-55-046463/provision.log\u001b[0m</rich_update>"</sky-payload>
<sky-payload>"<rich_update>[bold cyan]Launching - Waiting for SSH access[/]  \u001b[2mView logs: sky api logs -l sky-2025-03-17-20-19-55-046463/provision.log\u001b[0m</rich_update>"</sky-payload>
<sky-payload>"<rich_start>[bold cyan]Launching[/]</rich_start>"</sky-payload>
I 03-17 20:20:28 provisioner.py:451] [2m└── [0m[2mInstance is up.[0m
<sky-payload>"<rich_update>[bold cyan]Preparing SkyPilot runtime (1/3 - initializing)[/]  \u001b[2mView logs: sky api logs -l sky-2025-03-17-20-19-55-046463/provision.log\u001b[0m</rich_update>"</sky-payload>
<sky-payload>"<rich_update>[bold cyan]Preparing SkyPilot runtime (2/3 - dependencies)[/]  \u001b[2mView logs: sky api logs -l sky-2025-03-17-20-19-55-046463/provision.log\u001b[0m</rich_update>"</sky-payload>
<sky-payload>"<rich_update>[bold cyan]Preparing SkyPilot runtime (3/3 - runtime)[/]  \u001b[2mView logs: sky api logs -l sky-2025-03-17-20-19-55-046463/provision.log\u001b[0m</rich_update>"</sky-payload>
<sky-payload>"<rich_update>[bold cyan]Launching - Checking instance status[/]  \u001b[2mView logs: sky api logs -l sky-2025-03-17-20-19-55-046463/provision.log\u001b[0m</rich_update>"</sky-payload>
I 03-17 20:20:49 provisioner.py:632] [0m[32m✓ Cluster launched: compute-text-vectors-52.[0m  [2mView logs: sky api logs -l sky-2025-03-17-20-19-55-046463/provision.log[0m
<sky-payload>"<rich_exit></rich_exit>"</sky-payload>
I 03-17 20:20:49 execution.py:332] [0m⚙︎ Syncing files.
<sky-payload>"<rich_init>[bold cyan]Syncing files[/]</rich_init>"</sky-payload>
<sky-payload>"<rich_update>[bold cyan]Syncing files[/]</rich_update>"</sky-payload>
<sky-payload>"<rich_start>[bold cyan]Syncing files[/]</rich_start>"</sky-payload>
<sky-payload>"<rich_update>[bold cyan]Syncing file mounts[/]  \u001b[2mView logs: sky api logs -l sky-2025-03-17-20-19-55-046463/file_mounts.log\u001b[0m</rich_update>"</sky-payload>
I 03-17 20:20:49 backend_utils.py:1315]   [2mSyncing (to 1 node): s3://skypilot-filemounts-root-726f1974-6k1b2yvd/job-6k1b2yvd/workdir -> ~/sky_workdir[0m
I 03-17 20:20:51 cloud_vm_ray_backend.py:4801] [0m[32m✓ Synced file_mounts.[0m  [2mView logs: sky api logs -l sky-2025-03-17-20-19-55-046463/file_mounts.log[0m
<sky-payload>"<rich_update>[bold cyan]Mounting 1 storage[/]  \u001b[2mView logs: sky api logs -l sky-2025-03-17-20-19-55-046463/storage_mounts.log\u001b[0m</rich_update>"</sky-payload>
I 03-17 20:20:51 backend_utils.py:1315]   [2mMounting (to 1 node): s3://sky-text-embeddings-multi-cluster-final -> /output[0m
I 03-17 20:20:53 cloud_vm_ray_backend.py:4892] [0m[32m✓ Storage mounted.[0m  [2mView logs: sky api logs -l sky-2025-03-17-20-19-55-046463/storage_mounts.log[0m
<sky-payload>"<rich_exit></rich_exit>"</sky-payload>
<sky-payload>"<rich_init>[bold cyan]Running setup[/]</rich_init>"</sky-payload>
<sky-payload>"<rich_update>[bold cyan]Running setup[/]</rich_update>"</sky-payload>
<sky-payload>"<rich_start>[bold cyan]Running setup[/]</rich_start>"</sky-payload>
<sky-payload>"<rich_stop></rich_stop>"</sky-payload>
I 03-17 20:20:53 cloud_vm_ray_backend.py:3357] [0m[32m✓ Setup detached.[0m
<sky-payload>"<rich_exit></rich_exit>"</sky-payload>
<sky-payload>"<rich_init>[bold cyan]Submitting job[/]</rich_init>"</sky-payload>
<sky-payload>"<rich_update>[bold cyan]Submitting job[/]</rich_update>"</sky-payload>
<sky-payload>"<rich_start>[bold cyan]Submitting job[/]</rich_start>"</sky-payload>
I 03-17 20:20:55 cloud_vm_ray_backend.py:3460] [0m⚙︎ Job submitted, ID: 1
<sky-payload>"<rich_stop></rich_stop>"</sky-payload>
<sky-payload>"<rich_exit></rich_exit>"</sky-payload>

[?25hI 03-17 20:20:55 recovery_strategy.py:289] Managed job cluster launched.
I 03-17 20:20:58 utils.py:131] === Checking the job status... ===
I 03-17 20:20:59 utils.py:137] Job status: JobStatus.SETTING_UP
I 03-17 20:20:59 utils.py:140] ==================================
I 03-17 20:21:00 state.py:471] Job started.
I 03-17 20:21:20 utils.py:131] === Checking the job status... ===
I 03-17 20:21:20 utils.py:137] Job status: JobStatus.SETTING_UP
I 03-17 20:21:20 utils.py:140] ==================================
I 03-17 20:21:41 utils.py:131] === Checking the job status... ===
I 03-17 20:21:41 utils.py:137] Job status: JobStatus.SETTING_UP
I 03-17 20:21:41 utils.py:140] ==================================
I 03-17 20:22:01 utils.py:131] === Checking the job status... ===
I 03-17 20:22:02 utils.py:137] Job status: JobStatus.SETTING_UP
I 03-17 20:22:02 utils.py:140] ==================================
I 03-17 20:22:22 utils.py:131] === Checking the job status... ===
I 03-17 20:22:23 utils.py:137] Job status: JobStatus.SETTING_UP
I 03-17 20:22:23 utils.py:140] ==================================
I 03-17 20:22:43 utils.py:131] === Checking the job status... ===
I 03-17 20:22:44 utils.py:137] Job status: JobStatus.SETTING_UP
I 03-17 20:22:44 utils.py:140] ==================================
I 03-17 20:23:04 utils.py:131] === Checking the job status... ===
I 03-17 20:23:04 utils.py:137] Job status: JobStatus.SETTING_UP
I 03-17 20:23:04 utils.py:140] ==================================
I 03-17 20:23:24 utils.py:131] === Checking the job status... ===
I 03-17 20:23:25 utils.py:137] Job status: JobStatus.SETTING_UP
I 03-17 20:23:25 utils.py:140] ==================================
I 03-17 20:23:45 utils.py:131] === Checking the job status... ===
I 03-17 20:23:46 utils.py:137] Job status: JobStatus.SETTING_UP
I 03-17 20:23:46 utils.py:140] ==================================
I 03-17 20:24:06 utils.py:131] === Checking the job status... ===
I 03-17 20:24:07 utils.py:137] Job status: JobStatus.SETTING_UP
I 03-17 20:24:07 utils.py:140] ==================================
I 03-17 20:24:27 utils.py:131] === Checking the job status... ===
I 03-17 20:24:27 utils.py:137] Job status: JobStatus.SETTING_UP
I 03-17 20:24:27 utils.py:140] ==================================
I 03-17 20:24:47 utils.py:131] === Checking the job status... ===
I 03-17 20:24:49 utils.py:137] Job status: JobStatus.RUNNING
I 03-17 20:24:49 utils.py:140] ==================================
I 03-17 20:25:09 utils.py:131] === Checking the job status... ===
I 03-17 20:25:10 utils.py:137] Job status: JobStatus.RUNNING
I 03-17 20:25:10 utils.py:140] ==================================
I 03-17 20:25:30 utils.py:131] === Checking the job status... ===
I 03-17 20:25:31 utils.py:137] Job status: JobStatus.RUNNING
I 03-17 20:25:31 utils.py:140] ==================================
I 03-17 20:25:51 utils.py:131] === Checking the job status... ===
I 03-17 20:25:52 utils.py:137] Job status: JobStatus.RUNNING
I 03-17 20:25:52 utils.py:140] ==================================
I 03-17 20:26:12 utils.py:131] === Checking the job status... ===
I 03-17 20:26:13 utils.py:137] Job status: JobStatus.RUNNING
I 03-17 20:26:13 utils.py:140] ==================================
I 03-17 20:26:33 utils.py:131] === Checking the job status... ===
I 03-17 20:26:34 utils.py:137] Job status: JobStatus.RUNNING
I 03-17 20:26:34 utils.py:140] ==================================
I 03-17 20:26:54 utils.py:131] === Checking the job status... ===
I 03-17 20:26:55 utils.py:137] Job status: JobStatus.RUNNING
I 03-17 20:26:55 utils.py:140] ==================================
I 03-17 20:27:15 utils.py:131] === Checking the job status... ===
I 03-17 20:27:15 utils.py:137] Job status: JobStatus.RUNNING
I 03-17 20:27:15 utils.py:140] ==================================
I 03-17 20:27:36 utils.py:131] === Checking the job status... ===
I 03-17 20:27:36 utils.py:137] Job status: JobStatus.RUNNING
I 03-17 20:27:36 utils.py:140] ==================================
I 03-17 20:27:56 utils.py:131] === Checking the job status... ===
I 03-17 20:27:57 utils.py:137] Job status: JobStatus.RUNNING
I 03-17 20:27:57 utils.py:140] ==================================
I 03-17 20:28:17 utils.py:131] === Checking the job status... ===
I 03-17 20:28:20 utils.py:137] Job status: JobStatus.RUNNING
I 03-17 20:28:20 utils.py:140] ==================================
I 03-17 20:28:40 utils.py:131] === Checking the job status... ===
I 03-17 20:28:43 utils.py:137] Job status: JobStatus.RUNNING
I 03-17 20:28:43 utils.py:140] ==================================
I 03-17 20:29:03 utils.py:131] === Checking the job status... ===
I 03-17 20:29:04 utils.py:137] Job status: JobStatus.RUNNING
I 03-17 20:29:04 utils.py:140] ==================================
I 03-17 20:29:24 utils.py:131] === Checking the job status... ===
I 03-17 20:29:25 utils.py:137] Job status: JobStatus.RUNNING
I 03-17 20:29:25 utils.py:140] ==================================
I 03-17 20:29:45 utils.py:131] === Checking the job status... ===
I 03-17 20:29:46 utils.py:137] Job status: JobStatus.RUNNING
I 03-17 20:29:46 utils.py:140] ==================================
I 03-17 20:30:06 utils.py:131] === Checking the job status... ===
I 03-17 20:30:06 utils.py:137] Job status: JobStatus.RUNNING
I 03-17 20:30:06 utils.py:140] ==================================
I 03-17 20:30:26 utils.py:131] === Checking the job status... ===
I 03-17 20:30:27 utils.py:137] Job status: JobStatus.RUNNING
I 03-17 20:30:27 utils.py:140] ==================================
I 03-17 20:30:47 utils.py:131] === Checking the job status... ===
I 03-17 20:30:48 utils.py:137] Job status: JobStatus.RUNNING
I 03-17 20:30:48 utils.py:140] ==================================
I 03-17 20:31:08 utils.py:131] === Checking the job status... ===
I 03-17 20:31:09 utils.py:137] Job status: JobStatus.RUNNING
I 03-17 20:31:09 utils.py:140] ==================================
I 03-17 20:31:29 utils.py:131] === Checking the job status... ===
I 03-17 20:31:29 utils.py:137] Job status: JobStatus.RUNNING
I 03-17 20:31:29 utils.py:140] ==================================
I 03-17 20:31:49 utils.py:131] === Checking the job status... ===
I 03-17 20:31:50 utils.py:137] Job status: JobStatus.RUNNING
I 03-17 20:31:50 utils.py:140] ==================================
I 03-17 20:32:10 utils.py:131] === Checking the job status... ===
I 03-17 20:32:11 utils.py:137] Job status: JobStatus.RUNNING
I 03-17 20:32:11 utils.py:140] ==================================
I 03-17 20:32:31 utils.py:131] === Checking the job status... ===
I 03-17 20:32:32 utils.py:137] Job status: JobStatus.RUNNING
I 03-17 20:32:32 utils.py:140] ==================================
I 03-17 20:32:52 utils.py:131] === Checking the job status... ===
I 03-17 20:32:52 utils.py:137] Job status: JobStatus.RUNNING
I 03-17 20:32:52 utils.py:140] ==================================
I 03-17 20:33:12 utils.py:131] === Checking the job status... ===
I 03-17 20:33:13 utils.py:137] Job status: JobStatus.RUNNING
I 03-17 20:33:13 utils.py:140] ==================================
I 03-17 20:33:33 utils.py:131] === Checking the job status... ===
I 03-17 20:33:34 utils.py:137] Job status: JobStatus.RUNNING
I 03-17 20:33:34 utils.py:140] ==================================
I 03-17 20:33:54 utils.py:131] === Checking the job status... ===
I 03-17 20:33:55 utils.py:137] Job status: JobStatus.RUNNING
I 03-17 20:33:55 utils.py:140] ==================================
I 03-17 20:34:15 utils.py:131] === Checking the job status... ===
I 03-17 20:34:15 utils.py:137] Job status: JobStatus.RUNNING
I 03-17 20:34:15 utils.py:140] ==================================
I 03-17 20:34:35 utils.py:131] === Checking the job status... ===
I 03-17 20:34:36 utils.py:137] Job status: JobStatus.RUNNING
I 03-17 20:34:36 utils.py:140] ==================================
I 03-17 20:34:56 utils.py:131] === Checking the job status... ===
I 03-17 20:34:57 utils.py:137] Job status: JobStatus.RUNNING
I 03-17 20:34:57 utils.py:140] ==================================
I 03-17 20:35:17 utils.py:131] === Checking the job status... ===
I 03-17 20:35:18 utils.py:137] Job status: JobStatus.RUNNING
I 03-17 20:35:18 utils.py:140] ==================================
I 03-17 20:35:38 utils.py:131] === Checking the job status... ===
I 03-17 20:35:38 utils.py:137] Job status: JobStatus.RUNNING
I 03-17 20:35:38 utils.py:140] ==================================
I 03-17 20:35:59 utils.py:131] === Checking the job status... ===
I 03-17 20:35:59 utils.py:137] Job status: JobStatus.RUNNING
I 03-17 20:35:59 utils.py:140] ==================================
I 03-17 20:36:19 utils.py:131] === Checking the job status... ===
I 03-17 20:36:20 utils.py:137] Job status: JobStatus.RUNNING
I 03-17 20:36:20 utils.py:140] ==================================
I 03-17 20:36:40 utils.py:131] === Checking the job status... ===
I 03-17 20:36:41 utils.py:137] Job status: JobStatus.RUNNING
I 03-17 20:36:41 utils.py:140] ==================================
I 03-17 20:37:01 utils.py:131] === Checking the job status... ===
I 03-17 20:37:01 utils.py:137] Job status: JobStatus.RUNNING
I 03-17 20:37:01 utils.py:140] ==================================
I 03-17 20:37:22 utils.py:131] === Checking the job status... ===
I 03-17 20:37:22 utils.py:137] Job status: JobStatus.RUNNING
I 03-17 20:37:22 utils.py:140] ==================================
I 03-17 20:37:42 utils.py:131] === Checking the job status... ===
I 03-17 20:37:43 utils.py:137] Job status: JobStatus.RUNNING
I 03-17 20:37:43 utils.py:140] ==================================
I 03-17 20:38:03 utils.py:131] === Checking the job status... ===
I 03-17 20:38:04 utils.py:137] Job status: JobStatus.RUNNING
I 03-17 20:38:04 utils.py:140] ==================================
I 03-17 20:38:24 utils.py:131] === Checking the job status... ===
I 03-17 20:38:24 utils.py:137] Job status: JobStatus.RUNNING
I 03-17 20:38:24 utils.py:140] ==================================
I 03-17 20:38:44 utils.py:131] === Checking the job status... ===
I 03-17 20:38:45 utils.py:137] Job status: JobStatus.RUNNING
I 03-17 20:38:45 utils.py:140] ==================================
I 03-17 20:39:05 utils.py:131] === Checking the job status... ===
I 03-17 20:39:06 utils.py:137] Job status: JobStatus.RUNNING
I 03-17 20:39:06 utils.py:140] ==================================
I 03-17 20:39:26 utils.py:131] === Checking the job status... ===
I 03-17 20:39:27 utils.py:137] Job status: JobStatus.RUNNING
I 03-17 20:39:27 utils.py:140] ==================================
I 03-17 20:39:47 utils.py:131] === Checking the job status... ===
I 03-17 20:39:47 utils.py:137] Job status: JobStatus.RUNNING
I 03-17 20:39:47 utils.py:140] ==================================
I 03-17 20:40:07 utils.py:131] === Checking the job status... ===
I 03-17 20:40:08 utils.py:137] Job status: JobStatus.RUNNING
I 03-17 20:40:08 utils.py:140] ==================================
I 03-17 20:40:28 utils.py:131] === Checking the job status... ===
I 03-17 20:40:29 utils.py:137] Job status: JobStatus.RUNNING
I 03-17 20:40:29 utils.py:140] ==================================
I 03-17 20:40:49 utils.py:131] === Checking the job status... ===
I 03-17 20:40:49 utils.py:137] Job status: JobStatus.RUNNING
I 03-17 20:40:49 utils.py:140] ==================================
I 03-17 20:41:09 utils.py:131] === Checking the job status... ===
I 03-17 20:41:10 utils.py:137] Job status: JobStatus.RUNNING
I 03-17 20:41:10 utils.py:140] ==================================
I 03-17 20:41:30 utils.py:131] === Checking the job status... ===
I 03-17 20:41:31 utils.py:137] Job status: JobStatus.RUNNING
I 03-17 20:41:31 utils.py:140] ==================================
I 03-17 20:41:51 utils.py:131] === Checking the job status... ===
I 03-17 20:41:52 utils.py:137] Job status: JobStatus.RUNNING
I 03-17 20:41:52 utils.py:140] ==================================
I 03-17 20:42:12 utils.py:131] === Checking the job status... ===
I 03-17 20:42:12 utils.py:137] Job status: JobStatus.RUNNING
I 03-17 20:42:12 utils.py:140] ==================================
I 03-17 20:42:33 utils.py:131] === Checking the job status... ===
I 03-17 20:42:33 utils.py:137] Job status: JobStatus.RUNNING
I 03-17 20:42:33 utils.py:140] ==================================
I 03-17 20:42:53 utils.py:131] === Checking the job status... ===
I 03-17 20:42:54 utils.py:137] Job status: JobStatus.RUNNING
I 03-17 20:42:54 utils.py:140] ==================================
I 03-17 20:43:14 utils.py:131] === Checking the job status... ===
I 03-17 20:43:15 utils.py:137] Job status: JobStatus.RUNNING
I 03-17 20:43:15 utils.py:140] ==================================
I 03-17 20:43:35 utils.py:131] === Checking the job status... ===
I 03-17 20:43:36 utils.py:137] Job status: JobStatus.RUNNING
I 03-17 20:43:36 utils.py:140] ==================================
I 03-17 20:43:56 utils.py:131] === Checking the job status... ===
I 03-17 20:43:56 utils.py:137] Job status: JobStatus.RUNNING
I 03-17 20:43:56 utils.py:140] ==================================
I 03-17 20:44:16 utils.py:131] === Checking the job status... ===
I 03-17 20:44:17 utils.py:137] Job status: JobStatus.RUNNING
I 03-17 20:44:17 utils.py:140] ==================================
I 03-17 20:44:37 utils.py:131] === Checking the job status... ===
I 03-17 20:44:38 utils.py:137] Job status: JobStatus.RUNNING
I 03-17 20:44:38 utils.py:140] ==================================
I 03-17 20:44:58 utils.py:131] === Checking the job status... ===
I 03-17 20:44:59 utils.py:137] Job status: JobStatus.RUNNING
I 03-17 20:44:59 utils.py:140] ==================================
I 03-17 20:45:19 utils.py:131] === Checking the job status... ===
I 03-17 20:45:19 utils.py:137] Job status: JobStatus.RUNNING
I 03-17 20:45:19 utils.py:140] ==================================
I 03-17 20:45:39 utils.py:131] === Checking the job status... ===
I 03-17 20:45:40 utils.py:137] Job status: JobStatus.RUNNING
I 03-17 20:45:40 utils.py:140] ==================================
I 03-17 20:46:00 utils.py:131] === Checking the job status... ===
I 03-17 20:46:01 utils.py:137] Job status: JobStatus.RUNNING
I 03-17 20:46:01 utils.py:140] ==================================
I 03-17 20:46:21 utils.py:131] === Checking the job status... ===
I 03-17 20:46:22 utils.py:137] Job status: JobStatus.RUNNING
I 03-17 20:46:22 utils.py:140] ==================================
I 03-17 20:46:42 utils.py:131] === Checking the job status... ===
I 03-17 20:46:42 utils.py:137] Job status: JobStatus.RUNNING
I 03-17 20:46:42 utils.py:140] ==================================
I 03-17 20:47:02 utils.py:131] === Checking the job status... ===
I 03-17 20:47:03 utils.py:137] Job status: JobStatus.RUNNING
I 03-17 20:47:03 utils.py:140] ==================================
I 03-17 20:47:23 utils.py:131] === Checking the job status... ===
I 03-17 20:47:24 utils.py:137] Job status: JobStatus.RUNNING
I 03-17 20:47:24 utils.py:140] ==================================
I 03-17 20:47:44 utils.py:131] === Checking the job status... ===
I 03-17 20:47:45 utils.py:137] Job status: JobStatus.RUNNING
I 03-17 20:47:45 utils.py:140] ==================================
I 03-17 20:48:05 utils.py:131] === Checking the job status... ===
I 03-17 20:48:05 utils.py:137] Job status: JobStatus.RUNNING
I 03-17 20:48:05 utils.py:140] ==================================
I 03-17 20:48:26 utils.py:131] === Checking the job status... ===
I 03-17 20:48:26 utils.py:137] Job status: JobStatus.RUNNING
I 03-17 20:48:26 utils.py:140] ==================================
I 03-17 20:48:46 utils.py:131] === Checking the job status... ===
I 03-17 20:48:47 utils.py:137] Job status: JobStatus.RUNNING
I 03-17 20:48:47 utils.py:140] ==================================
I 03-17 20:49:07 utils.py:131] === Checking the job status... ===
I 03-17 20:49:08 utils.py:137] Job status: JobStatus.RUNNING
I 03-17 20:49:08 utils.py:140] ==================================
I 03-17 20:49:28 utils.py:131] === Checking the job status... ===
I 03-17 20:49:28 utils.py:137] Job status: JobStatus.RUNNING
I 03-17 20:49:28 utils.py:140] ==================================
I 03-17 20:49:49 utils.py:131] === Checking the job status... ===
I 03-17 20:49:49 utils.py:137] Job status: JobStatus.RUNNING
I 03-17 20:49:49 utils.py:140] ==================================
I 03-17 20:50:09 utils.py:131] === Checking the job status... ===
I 03-17 20:50:10 utils.py:137] Job status: JobStatus.RUNNING
I 03-17 20:50:10 utils.py:140] ==================================
I 03-17 20:50:30 utils.py:131] === Checking the job status... ===
I 03-17 20:50:31 utils.py:137] Job status: JobStatus.RUNNING
I 03-17 20:50:31 utils.py:140] ==================================
I 03-17 20:50:51 utils.py:131] === Checking the job status... ===
I 03-17 20:50:52 utils.py:137] Job status: JobStatus.RUNNING
I 03-17 20:50:52 utils.py:140] ==================================
I 03-17 20:51:12 utils.py:131] === Checking the job status... ===
I 03-17 20:51:12 utils.py:137] Job status: JobStatus.RUNNING
I 03-17 20:51:12 utils.py:140] ==================================
I 03-17 20:51:32 utils.py:131] === Checking the job status... ===
I 03-17 20:51:33 utils.py:137] Job status: JobStatus.RUNNING
I 03-17 20:51:33 utils.py:140] ==================================
I 03-17 20:51:53 utils.py:131] === Checking the job status... ===
I 03-17 20:51:54 utils.py:137] Job status: JobStatus.RUNNING
I 03-17 20:51:54 utils.py:140] ==================================
I 03-17 20:52:14 utils.py:131] === Checking the job status... ===
I 03-17 20:52:15 utils.py:137] Job status: JobStatus.RUNNING
I 03-17 20:52:15 utils.py:140] ==================================
