I 03-17 20:20:04 controller.py:59] DAG:
I 03-17 20:20:04 controller.py:59] [Task<name=compute-text-vectors>(run='# Initialize and dow...')
I 03-17 20:20:04 controller.py:59]   resources: AWS(cpus=4, {'L4': 1})]
I 03-17 20:20:04 controller.py:195] Submitted managed job 59 (task: 0, name: 'compute-text-vectors'); SKYPILOT_TASK_ID: sky-managed-2025-03-17-20-20-04-420559_compute-text-vectors_59-0
I 03-17 20:20:04 controller.py:199] Started monitoring.
I 03-17 20:20:04 state.py:451] Launching the spot cluster...
I 03-17 20:20:04 storage.py:1058] Storage type StoreType.S3 already exists.
<sky-payload>"<rich_init>[bold cyan]Optimizing[/]</rich_init>"</sky-payload>
<sky-payload>"<rich_update>[bold cyan]Optimizing[/]</rich_update>"</sky-payload>
<sky-payload>"<rich_start>[bold cyan]Optimizing[/]</rich_start>"</sky-payload>
I 03-17 20:20:05 optimizer.py:736] [1mTarget:[0m minimizing cost
I 03-17 20:20:05 optimizer.py:749] [1mEstimated cost: [0m$0.8 / hour
I 03-17 20:20:05 optimizer.py:749] 
I 03-17 20:20:05 optimizer.py:884] Considered resources (1 node):
I 03-17 20:20:05 optimizer.py:952] ----------------------------------------------------------------------------------------
I 03-17 20:20:05 optimizer.py:952]  CLOUD   INSTANCE    vCPUs   Mem(GB)   ACCELERATORS   REGION/ZONE   COST ($)   CHOSEN   
I 03-17 20:20:05 optimizer.py:952] ----------------------------------------------------------------------------------------
I 03-17 20:20:05 optimizer.py:952]  AWS     g6.xlarge   4       16        L4:1           us-east-1     0.80       [32m   ✔[0m     
I 03-17 20:20:05 optimizer.py:952] ----------------------------------------------------------------------------------------
<sky-payload>"<rich_exit></rich_exit>"</sky-payload>
<sky-payload>"<rich_init>[bold cyan]Launching[/]</rich_init>"</sky-payload>
<sky-payload>"<rich_update>[bold cyan]Launching[/]</rich_update>"</sky-payload>
<sky-payload>"<rich_start>[bold cyan]Launching[/]</rich_start>"</sky-payload>
<sky-payload>"<rich_update>[bold cyan]Launching[/]  \u001b[2mView logs: sky api logs -l sky-2025-03-17-20-20-05-198397/provision.log\u001b[0m</rich_update>"</sky-payload>
<sky-payload>"<rich_update>[bold cyan]Launching[/]  \u001b[2mView logs: sky api logs -l sky-2025-03-17-20-20-05-198397/provision.log\u001b[0m</rich_update>"</sky-payload>
I 03-17 20:20:05 cloud_vm_ray_backend.py:1520] [0m⚙︎ Launching on AWS us-east-1[0m (us-east-1a,us-east-1b,us-east-1c,us-east-1d).
[2mW 03-17 20:20:08 instance.py:243] create_instances: Attempt failed with An error occurred (VcpuLimitExceeded) when calling the RunInstances operation: You have requested more vCPU capacity than your current vCPU limit of 64 allows for the instance bucket that the specified instance type belongs to. Please visit http://aws.amazon.com/contact-us/ec2-request to request an adjustment to this limit.[0m
[2mW 03-17 20:20:09 instance.py:243] create_instances: Attempt failed with An error occurred (VcpuLimitExceeded) when calling the RunInstances operation: You have requested more vCPU capacity than your current vCPU limit of 64 allows for the instance bucket that the specified instance type belongs to. Please visit http://aws.amazon.com/contact-us/ec2-request to request an adjustment to this limit.[0m
[2mW 03-17 20:20:10 instance.py:243] create_instances: Attempt failed with An error occurred (VcpuLimitExceeded) when calling the RunInstances operation: You have requested more vCPU capacity than your current vCPU limit of 64 allows for the instance bucket that the specified instance type belongs to. Please visit http://aws.amazon.com/contact-us/ec2-request to request an adjustment to this limit.[0m
W 03-17 20:20:10 cloud_vm_ray_backend.py:2061] sky.exceptions.ResourcesUnavailableError: Failed to acquire resources in all zones in us-east-1 for {AWS(cpus=4, {'L4': 1})}. 
W 03-17 20:20:10 cloud_vm_ray_backend.py:2097] 
W 03-17 20:20:10 cloud_vm_ray_backend.py:2097] [0m[33m↺[0m Trying other potential resources.
<sky-payload>"<rich_update>[bold cyan]Looking for resources[/]  \u001b[2mView logs: sky api logs -l sky-2025-03-17-20-20-05-198397/provision.log\u001b[0m</rich_update>"</sky-payload>
<sky-payload>"<rich_update>[bold cyan]Optimizing[/]</rich_update>"</sky-payload>
<sky-payload>"<rich_start>[bold cyan]Launching[/]</rich_start>"</sky-payload>
I 03-17 20:20:10 optimizer.py:736] [1mTarget:[0m minimizing cost
I 03-17 20:20:10 optimizer.py:749] [1mEstimated cost: [0m$0.8 / hour
I 03-17 20:20:10 optimizer.py:749] 
I 03-17 20:20:10 optimizer.py:884] Considered resources (1 node):
I 03-17 20:20:10 optimizer.py:952] ----------------------------------------------------------------------------------------
I 03-17 20:20:10 optimizer.py:952]  CLOUD   INSTANCE    vCPUs   Mem(GB)   ACCELERATORS   REGION/ZONE   COST ($)   CHOSEN   
I 03-17 20:20:10 optimizer.py:952] ----------------------------------------------------------------------------------------
I 03-17 20:20:10 optimizer.py:952]  AWS     g6.xlarge   4       16        L4:1           us-east-2     0.80       [32m   ✔[0m     
I 03-17 20:20:10 optimizer.py:952] ----------------------------------------------------------------------------------------
<sky-payload>"<rich_update>[bold cyan]Looking for resources[/]  \u001b[2mView logs: sky api logs -l sky-2025-03-17-20-20-05-198397/provision.log\u001b[0m</rich_update>"</sky-payload>
<sky-payload>"<rich_update>[bold cyan]Launching[/]  \u001b[2mView logs: sky api logs -l sky-2025-03-17-20-20-05-198397/provision.log\u001b[0m</rich_update>"</sky-payload>
I 03-17 20:20:10 cloud_vm_ray_backend.py:1520] [0m⚙︎ Launching on AWS us-east-2[0m (us-east-2a,us-east-2b,us-east-2c).
<sky-payload>"<rich_update>[bold cyan]Launching - Checking instance status[/]  \u001b[2mView logs: sky api logs -l sky-2025-03-17-20-20-05-198397/provision.log\u001b[0m</rich_update>"</sky-payload>
<sky-payload>"<rich_update>[bold cyan]Launching - Waiting for SSH access[/]  \u001b[2mView logs: sky api logs -l sky-2025-03-17-20-20-05-198397/provision.log\u001b[0m</rich_update>"</sky-payload>
<sky-payload>"<rich_start>[bold cyan]Launching[/]</rich_start>"</sky-payload>
I 03-17 20:20:39 provisioner.py:451] [2m└── [0m[2mInstance is up.[0m
<sky-payload>"<rich_update>[bold cyan]Preparing SkyPilot runtime (1/3 - initializing)[/]  \u001b[2mView logs: sky api logs -l sky-2025-03-17-20-20-05-198397/provision.log\u001b[0m</rich_update>"</sky-payload>
<sky-payload>"<rich_update>[bold cyan]Preparing SkyPilot runtime (2/3 - dependencies)[/]  \u001b[2mView logs: sky api logs -l sky-2025-03-17-20-20-05-198397/provision.log\u001b[0m</rich_update>"</sky-payload>
<sky-payload>"<rich_update>[bold cyan]Preparing SkyPilot runtime (3/3 - runtime)[/]  \u001b[2mView logs: sky api logs -l sky-2025-03-17-20-20-05-198397/provision.log\u001b[0m</rich_update>"</sky-payload>
<sky-payload>"<rich_update>[bold cyan]Launching - Checking instance status[/]  \u001b[2mView logs: sky api logs -l sky-2025-03-17-20-20-05-198397/provision.log\u001b[0m</rich_update>"</sky-payload>
I 03-17 20:21:01 provisioner.py:632] [0m[32m✓ Cluster launched: compute-text-vectors-59.[0m  [2mView logs: sky api logs -l sky-2025-03-17-20-20-05-198397/provision.log[0m
<sky-payload>"<rich_exit></rich_exit>"</sky-payload>
I 03-17 20:21:01 execution.py:332] [0m⚙︎ Syncing files.
<sky-payload>"<rich_init>[bold cyan]Syncing files[/]</rich_init>"</sky-payload>
<sky-payload>"<rich_update>[bold cyan]Syncing files[/]</rich_update>"</sky-payload>
<sky-payload>"<rich_start>[bold cyan]Syncing files[/]</rich_start>"</sky-payload>
<sky-payload>"<rich_update>[bold cyan]Syncing file mounts[/]  \u001b[2mView logs: sky api logs -l sky-2025-03-17-20-20-05-198397/file_mounts.log\u001b[0m</rich_update>"</sky-payload>
I 03-17 20:21:01 backend_utils.py:1315]   [2mSyncing (to 1 node): s3://skypilot-filemounts-root-726f1974-5wce7cyi/job-5wce7cyi/workdir -> ~/sky_workdir[0m
I 03-17 20:21:03 cloud_vm_ray_backend.py:4801] [0m[32m✓ Synced file_mounts.[0m  [2mView logs: sky api logs -l sky-2025-03-17-20-20-05-198397/file_mounts.log[0m
<sky-payload>"<rich_update>[bold cyan]Mounting 1 storage[/]  \u001b[2mView logs: sky api logs -l sky-2025-03-17-20-20-05-198397/storage_mounts.log\u001b[0m</rich_update>"</sky-payload>
I 03-17 20:21:03 backend_utils.py:1315]   [2mMounting (to 1 node): s3://sky-text-embeddings-multi-cluster-final -> /output[0m
I 03-17 20:21:05 cloud_vm_ray_backend.py:4892] [0m[32m✓ Storage mounted.[0m  [2mView logs: sky api logs -l sky-2025-03-17-20-20-05-198397/storage_mounts.log[0m
<sky-payload>"<rich_exit></rich_exit>"</sky-payload>
<sky-payload>"<rich_init>[bold cyan]Running setup[/]</rich_init>"</sky-payload>
<sky-payload>"<rich_update>[bold cyan]Running setup[/]</rich_update>"</sky-payload>
<sky-payload>"<rich_start>[bold cyan]Running setup[/]</rich_start>"</sky-payload>
<sky-payload>"<rich_stop></rich_stop>"</sky-payload>
I 03-17 20:21:05 cloud_vm_ray_backend.py:3357] [0m[32m✓ Setup detached.[0m
<sky-payload>"<rich_exit></rich_exit>"</sky-payload>
<sky-payload>"<rich_init>[bold cyan]Submitting job[/]</rich_init>"</sky-payload>
<sky-payload>"<rich_update>[bold cyan]Submitting job[/]</rich_update>"</sky-payload>
<sky-payload>"<rich_start>[bold cyan]Submitting job[/]</rich_start>"</sky-payload>
I 03-17 20:21:07 cloud_vm_ray_backend.py:3460] [0m⚙︎ Job submitted, ID: 1
<sky-payload>"<rich_stop></rich_stop>"</sky-payload>
<sky-payload>"<rich_exit></rich_exit>"</sky-payload>

[?25hI 03-17 20:21:07 recovery_strategy.py:289] Managed job cluster launched.
I 03-17 20:21:10 utils.py:131] === Checking the job status... ===
I 03-17 20:21:11 utils.py:137] Job status: JobStatus.SETTING_UP
I 03-17 20:21:11 utils.py:140] ==================================
I 03-17 20:21:12 state.py:471] Job started.
I 03-17 20:21:32 utils.py:131] === Checking the job status... ===
I 03-17 20:21:32 utils.py:137] Job status: JobStatus.SETTING_UP
I 03-17 20:21:32 utils.py:140] ==================================
I 03-17 20:21:52 utils.py:131] === Checking the job status... ===
I 03-17 20:21:53 utils.py:137] Job status: JobStatus.SETTING_UP
I 03-17 20:21:53 utils.py:140] ==================================
I 03-17 20:22:13 utils.py:131] === Checking the job status... ===
I 03-17 20:22:14 utils.py:137] Job status: JobStatus.SETTING_UP
I 03-17 20:22:14 utils.py:140] ==================================
I 03-17 20:22:34 utils.py:131] === Checking the job status... ===
I 03-17 20:22:35 utils.py:137] Job status: JobStatus.SETTING_UP
I 03-17 20:22:35 utils.py:140] ==================================
I 03-17 20:22:55 utils.py:131] === Checking the job status... ===
I 03-17 20:22:55 utils.py:137] Job status: JobStatus.SETTING_UP
I 03-17 20:22:55 utils.py:140] ==================================
I 03-17 20:23:15 utils.py:131] === Checking the job status... ===
I 03-17 20:23:16 utils.py:137] Job status: JobStatus.SETTING_UP
I 03-17 20:23:16 utils.py:140] ==================================
I 03-17 20:23:36 utils.py:131] === Checking the job status... ===
I 03-17 20:23:37 utils.py:137] Job status: JobStatus.RUNNING
I 03-17 20:23:37 utils.py:140] ==================================
I 03-17 20:23:57 utils.py:131] === Checking the job status... ===
I 03-17 20:23:58 utils.py:137] Job status: JobStatus.RUNNING
I 03-17 20:23:58 utils.py:140] ==================================
I 03-17 20:24:18 utils.py:131] === Checking the job status... ===
I 03-17 20:24:18 utils.py:137] Job status: JobStatus.RUNNING
I 03-17 20:24:18 utils.py:140] ==================================
I 03-17 20:24:38 utils.py:131] === Checking the job status... ===
I 03-17 20:24:39 utils.py:137] Job status: JobStatus.RUNNING
I 03-17 20:24:39 utils.py:140] ==================================
I 03-17 20:24:59 utils.py:131] === Checking the job status... ===
I 03-17 20:25:00 utils.py:137] Job status: JobStatus.RUNNING
I 03-17 20:25:00 utils.py:140] ==================================
I 03-17 20:25:20 utils.py:131] === Checking the job status... ===
I 03-17 20:25:22 utils.py:137] Job status: JobStatus.RUNNING
I 03-17 20:25:22 utils.py:140] ==================================
I 03-17 20:25:42 utils.py:131] === Checking the job status... ===
I 03-17 20:25:43 utils.py:137] Job status: JobStatus.RUNNING
I 03-17 20:25:43 utils.py:140] ==================================
I 03-17 20:26:03 utils.py:131] === Checking the job status... ===
I 03-17 20:26:03 utils.py:137] Job status: JobStatus.RUNNING
I 03-17 20:26:03 utils.py:140] ==================================
I 03-17 20:26:23 utils.py:131] === Checking the job status... ===
I 03-17 20:26:24 utils.py:137] Job status: JobStatus.RUNNING
I 03-17 20:26:24 utils.py:140] ==================================
I 03-17 20:26:44 utils.py:131] === Checking the job status... ===
I 03-17 20:26:48 utils.py:137] Job status: JobStatus.RUNNING
I 03-17 20:26:48 utils.py:140] ==================================
I 03-17 20:27:08 utils.py:131] === Checking the job status... ===
I 03-17 20:27:11 utils.py:137] Job status: JobStatus.RUNNING
I 03-17 20:27:11 utils.py:140] ==================================
I 03-17 20:27:31 utils.py:131] === Checking the job status... ===
I 03-17 20:27:34 utils.py:137] Job status: JobStatus.RUNNING
I 03-17 20:27:34 utils.py:140] ==================================
I 03-17 20:27:54 utils.py:131] === Checking the job status... ===
I 03-17 20:27:55 utils.py:137] Job status: JobStatus.RUNNING
I 03-17 20:27:55 utils.py:140] ==================================
I 03-17 20:28:15 utils.py:131] === Checking the job status... ===
I 03-17 20:28:16 utils.py:137] Job status: JobStatus.RUNNING
I 03-17 20:28:16 utils.py:140] ==================================
I 03-17 20:28:36 utils.py:131] === Checking the job status... ===
I 03-17 20:28:36 utils.py:137] Job status: JobStatus.RUNNING
I 03-17 20:28:36 utils.py:140] ==================================
I 03-17 20:28:57 utils.py:131] === Checking the job status... ===
I 03-17 20:28:57 utils.py:137] Job status: JobStatus.RUNNING
I 03-17 20:28:57 utils.py:140] ==================================
I 03-17 20:29:17 utils.py:131] === Checking the job status... ===
I 03-17 20:29:18 utils.py:137] Job status: JobStatus.RUNNING
I 03-17 20:29:18 utils.py:140] ==================================
I 03-17 20:29:38 utils.py:131] === Checking the job status... ===
I 03-17 20:29:39 utils.py:137] Job status: JobStatus.RUNNING
I 03-17 20:29:39 utils.py:140] ==================================
I 03-17 20:29:59 utils.py:131] === Checking the job status... ===
I 03-17 20:29:59 utils.py:137] Job status: JobStatus.RUNNING
I 03-17 20:29:59 utils.py:140] ==================================
I 03-17 20:30:20 utils.py:131] === Checking the job status... ===
I 03-17 20:30:20 utils.py:137] Job status: JobStatus.RUNNING
I 03-17 20:30:20 utils.py:140] ==================================
I 03-17 20:30:40 utils.py:131] === Checking the job status... ===
I 03-17 20:30:41 utils.py:137] Job status: JobStatus.RUNNING
I 03-17 20:30:41 utils.py:140] ==================================
I 03-17 20:31:01 utils.py:131] === Checking the job status... ===
I 03-17 20:31:02 utils.py:137] Job status: JobStatus.RUNNING
I 03-17 20:31:02 utils.py:140] ==================================
I 03-17 20:31:22 utils.py:131] === Checking the job status... ===
I 03-17 20:31:22 utils.py:137] Job status: JobStatus.RUNNING
I 03-17 20:31:22 utils.py:140] ==================================
I 03-17 20:31:43 utils.py:131] === Checking the job status... ===
I 03-17 20:31:43 utils.py:137] Job status: JobStatus.RUNNING
I 03-17 20:31:43 utils.py:140] ==================================
I 03-17 20:32:03 utils.py:131] === Checking the job status... ===
I 03-17 20:32:04 utils.py:137] Job status: JobStatus.RUNNING
I 03-17 20:32:04 utils.py:140] ==================================
I 03-17 20:32:24 utils.py:131] === Checking the job status... ===
I 03-17 20:32:25 utils.py:137] Job status: JobStatus.RUNNING
I 03-17 20:32:25 utils.py:140] ==================================
I 03-17 20:32:45 utils.py:131] === Checking the job status... ===
I 03-17 20:32:46 utils.py:137] Job status: JobStatus.RUNNING
I 03-17 20:32:46 utils.py:140] ==================================
I 03-17 20:33:06 utils.py:131] === Checking the job status... ===
I 03-17 20:33:06 utils.py:137] Job status: JobStatus.RUNNING
I 03-17 20:33:06 utils.py:140] ==================================
I 03-17 20:33:26 utils.py:131] === Checking the job status... ===
I 03-17 20:33:27 utils.py:137] Job status: JobStatus.RUNNING
I 03-17 20:33:27 utils.py:140] ==================================
I 03-17 20:33:47 utils.py:131] === Checking the job status... ===
I 03-17 20:33:48 utils.py:137] Job status: JobStatus.RUNNING
I 03-17 20:33:48 utils.py:140] ==================================
I 03-17 20:34:08 utils.py:131] === Checking the job status... ===
I 03-17 20:34:09 utils.py:137] Job status: JobStatus.RUNNING
I 03-17 20:34:09 utils.py:140] ==================================
I 03-17 20:34:29 utils.py:131] === Checking the job status... ===
I 03-17 20:34:29 utils.py:137] Job status: JobStatus.RUNNING
I 03-17 20:34:29 utils.py:140] ==================================
I 03-17 20:34:49 utils.py:131] === Checking the job status... ===
I 03-17 20:34:50 utils.py:137] Job status: JobStatus.RUNNING
I 03-17 20:34:50 utils.py:140] ==================================
I 03-17 20:35:10 utils.py:131] === Checking the job status... ===
I 03-17 20:35:11 utils.py:137] Job status: JobStatus.RUNNING
I 03-17 20:35:11 utils.py:140] ==================================
I 03-17 20:35:31 utils.py:131] === Checking the job status... ===
I 03-17 20:35:31 utils.py:137] Job status: JobStatus.RUNNING
I 03-17 20:35:31 utils.py:140] ==================================
I 03-17 20:35:52 utils.py:131] === Checking the job status... ===
I 03-17 20:35:52 utils.py:137] Job status: JobStatus.RUNNING
I 03-17 20:35:52 utils.py:140] ==================================
I 03-17 20:36:12 utils.py:131] === Checking the job status... ===
I 03-17 20:36:13 utils.py:137] Job status: JobStatus.RUNNING
I 03-17 20:36:13 utils.py:140] ==================================
I 03-17 20:36:33 utils.py:131] === Checking the job status... ===
I 03-17 20:36:34 utils.py:137] Job status: JobStatus.RUNNING
I 03-17 20:36:34 utils.py:140] ==================================
I 03-17 20:36:54 utils.py:131] === Checking the job status... ===
I 03-17 20:36:54 utils.py:137] Job status: JobStatus.RUNNING
I 03-17 20:36:54 utils.py:140] ==================================
I 03-17 20:37:15 utils.py:131] === Checking the job status... ===
I 03-17 20:37:15 utils.py:137] Job status: JobStatus.RUNNING
I 03-17 20:37:15 utils.py:140] ==================================
I 03-17 20:37:35 utils.py:131] === Checking the job status... ===
I 03-17 20:37:36 utils.py:137] Job status: JobStatus.RUNNING
I 03-17 20:37:36 utils.py:140] ==================================
I 03-17 20:37:56 utils.py:131] === Checking the job status... ===
I 03-17 20:37:57 utils.py:137] Job status: JobStatus.RUNNING
I 03-17 20:37:57 utils.py:140] ==================================
I 03-17 20:38:17 utils.py:131] === Checking the job status... ===
I 03-17 20:38:17 utils.py:137] Job status: JobStatus.RUNNING
I 03-17 20:38:17 utils.py:140] ==================================
I 03-17 20:38:37 utils.py:131] === Checking the job status... ===
I 03-17 20:38:38 utils.py:137] Job status: JobStatus.RUNNING
I 03-17 20:38:38 utils.py:140] ==================================
I 03-17 20:38:58 utils.py:131] === Checking the job status... ===
I 03-17 20:38:59 utils.py:137] Job status: JobStatus.RUNNING
I 03-17 20:38:59 utils.py:140] ==================================
I 03-17 20:39:19 utils.py:131] === Checking the job status... ===
I 03-17 20:39:20 utils.py:137] Job status: JobStatus.RUNNING
I 03-17 20:39:20 utils.py:140] ==================================
I 03-17 20:39:40 utils.py:131] === Checking the job status... ===
I 03-17 20:39:40 utils.py:137] Job status: JobStatus.RUNNING
I 03-17 20:39:40 utils.py:140] ==================================
I 03-17 20:40:00 utils.py:131] === Checking the job status... ===
I 03-17 20:40:01 utils.py:137] Job status: JobStatus.RUNNING
I 03-17 20:40:01 utils.py:140] ==================================
I 03-17 20:40:21 utils.py:131] === Checking the job status... ===
I 03-17 20:40:22 utils.py:137] Job status: JobStatus.RUNNING
I 03-17 20:40:22 utils.py:140] ==================================
I 03-17 20:40:42 utils.py:131] === Checking the job status... ===
I 03-17 20:40:43 utils.py:137] Job status: JobStatus.RUNNING
I 03-17 20:40:43 utils.py:140] ==================================
I 03-17 20:41:03 utils.py:131] === Checking the job status... ===
I 03-17 20:41:03 utils.py:137] Job status: JobStatus.RUNNING
I 03-17 20:41:03 utils.py:140] ==================================
I 03-17 20:41:23 utils.py:131] === Checking the job status... ===
I 03-17 20:41:24 utils.py:137] Job status: JobStatus.RUNNING
I 03-17 20:41:24 utils.py:140] ==================================
I 03-17 20:41:44 utils.py:131] === Checking the job status... ===
I 03-17 20:41:45 utils.py:137] Job status: JobStatus.RUNNING
I 03-17 20:41:45 utils.py:140] ==================================
I 03-17 20:42:05 utils.py:131] === Checking the job status... ===
I 03-17 20:42:06 utils.py:137] Job status: JobStatus.RUNNING
I 03-17 20:42:06 utils.py:140] ==================================
I 03-17 20:42:26 utils.py:131] === Checking the job status... ===
I 03-17 20:42:26 utils.py:137] Job status: JobStatus.RUNNING
I 03-17 20:42:26 utils.py:140] ==================================
I 03-17 20:42:46 utils.py:131] === Checking the job status... ===
I 03-17 20:42:47 utils.py:137] Job status: JobStatus.RUNNING
I 03-17 20:42:47 utils.py:140] ==================================
I 03-17 20:43:07 utils.py:131] === Checking the job status... ===
I 03-17 20:43:08 utils.py:137] Job status: JobStatus.RUNNING
I 03-17 20:43:08 utils.py:140] ==================================
I 03-17 20:43:28 utils.py:131] === Checking the job status... ===
I 03-17 20:43:29 utils.py:137] Job status: JobStatus.RUNNING
I 03-17 20:43:29 utils.py:140] ==================================
I 03-17 20:43:49 utils.py:131] === Checking the job status... ===
I 03-17 20:43:49 utils.py:137] Job status: JobStatus.RUNNING
I 03-17 20:43:49 utils.py:140] ==================================
I 03-17 20:44:09 utils.py:131] === Checking the job status... ===
I 03-17 20:44:10 utils.py:137] Job status: JobStatus.RUNNING
I 03-17 20:44:10 utils.py:140] ==================================
I 03-17 20:44:30 utils.py:131] === Checking the job status... ===
I 03-17 20:44:31 utils.py:137] Job status: JobStatus.RUNNING
I 03-17 20:44:31 utils.py:140] ==================================
I 03-17 20:44:51 utils.py:131] === Checking the job status... ===
I 03-17 20:44:52 utils.py:137] Job status: JobStatus.RUNNING
I 03-17 20:44:52 utils.py:140] ==================================
I 03-17 20:45:12 utils.py:131] === Checking the job status... ===
I 03-17 20:45:12 utils.py:137] Job status: JobStatus.RUNNING
I 03-17 20:45:12 utils.py:140] ==================================
I 03-17 20:45:33 utils.py:131] === Checking the job status... ===
I 03-17 20:45:33 utils.py:137] Job status: JobStatus.RUNNING
I 03-17 20:45:33 utils.py:140] ==================================
I 03-17 20:45:53 utils.py:131] === Checking the job status... ===
I 03-17 20:45:54 utils.py:137] Job status: JobStatus.RUNNING
I 03-17 20:45:54 utils.py:140] ==================================
I 03-17 20:46:14 utils.py:131] === Checking the job status... ===
I 03-17 20:46:14 utils.py:137] Job status: JobStatus.RUNNING
I 03-17 20:46:14 utils.py:140] ==================================
I 03-17 20:46:35 utils.py:131] === Checking the job status... ===
I 03-17 20:46:35 utils.py:137] Job status: JobStatus.RUNNING
I 03-17 20:46:35 utils.py:140] ==================================
I 03-17 20:46:55 utils.py:131] === Checking the job status... ===
I 03-17 20:46:56 utils.py:137] Job status: JobStatus.RUNNING
I 03-17 20:46:56 utils.py:140] ==================================
I 03-17 20:47:16 utils.py:131] === Checking the job status... ===
I 03-17 20:47:17 utils.py:137] Job status: JobStatus.RUNNING
I 03-17 20:47:17 utils.py:140] ==================================
I 03-17 20:47:37 utils.py:131] === Checking the job status... ===
I 03-17 20:47:38 utils.py:137] Job status: JobStatus.RUNNING
I 03-17 20:47:38 utils.py:140] ==================================
I 03-17 20:47:58 utils.py:131] === Checking the job status... ===
I 03-17 20:47:58 utils.py:137] Job status: JobStatus.RUNNING
I 03-17 20:47:58 utils.py:140] ==================================
I 03-17 20:48:18 utils.py:131] === Checking the job status... ===
I 03-17 20:48:19 utils.py:137] Job status: JobStatus.RUNNING
I 03-17 20:48:19 utils.py:140] ==================================
I 03-17 20:48:39 utils.py:131] === Checking the job status... ===
I 03-17 20:48:40 utils.py:137] Job status: JobStatus.RUNNING
I 03-17 20:48:40 utils.py:140] ==================================
I 03-17 20:49:00 utils.py:131] === Checking the job status... ===
I 03-17 20:49:01 utils.py:137] Job status: JobStatus.RUNNING
I 03-17 20:49:01 utils.py:140] ==================================
I 03-17 20:49:21 utils.py:131] === Checking the job status... ===
I 03-17 20:49:21 utils.py:137] Job status: JobStatus.RUNNING
I 03-17 20:49:21 utils.py:140] ==================================
I 03-17 20:49:41 utils.py:131] === Checking the job status... ===
I 03-17 20:49:42 utils.py:137] Job status: JobStatus.RUNNING
I 03-17 20:49:42 utils.py:140] ==================================
I 03-17 20:50:02 utils.py:131] === Checking the job status... ===
I 03-17 20:50:03 utils.py:137] Job status: JobStatus.RUNNING
I 03-17 20:50:03 utils.py:140] ==================================
I 03-17 20:50:23 utils.py:131] === Checking the job status... ===
I 03-17 20:50:24 utils.py:137] Job status: JobStatus.RUNNING
I 03-17 20:50:24 utils.py:140] ==================================
I 03-17 20:50:44 utils.py:131] === Checking the job status... ===
I 03-17 20:50:44 utils.py:137] Job status: JobStatus.RUNNING
I 03-17 20:50:44 utils.py:140] ==================================
I 03-17 20:51:04 utils.py:131] === Checking the job status... ===
I 03-17 20:51:05 utils.py:137] Job status: JobStatus.RUNNING
I 03-17 20:51:05 utils.py:140] ==================================
I 03-17 20:51:25 utils.py:131] === Checking the job status... ===
I 03-17 20:51:26 utils.py:137] Job status: JobStatus.RUNNING
I 03-17 20:51:26 utils.py:140] ==================================
I 03-17 20:51:46 utils.py:131] === Checking the job status... ===
I 03-17 20:51:47 utils.py:137] Job status: JobStatus.RUNNING
I 03-17 20:51:47 utils.py:140] ==================================
I 03-17 20:52:07 utils.py:131] === Checking the job status... ===
I 03-17 20:52:07 utils.py:137] Job status: JobStatus.RUNNING
I 03-17 20:52:07 utils.py:140] ==================================
I 03-17 20:52:28 utils.py:131] === Checking the job status... ===
I 03-17 20:52:28 utils.py:137] Job status: JobStatus.RUNNING
I 03-17 20:52:28 utils.py:140] ==================================
I 03-17 20:52:48 utils.py:131] === Checking the job status... ===
I 03-17 20:52:49 utils.py:137] Job status: JobStatus.RUNNING
I 03-17 20:52:49 utils.py:140] ==================================
I 03-17 20:53:09 utils.py:131] === Checking the job status... ===
I 03-17 20:53:10 utils.py:137] Job status: JobStatus.RUNNING
I 03-17 20:53:10 utils.py:140] ==================================
I 03-17 20:53:30 utils.py:131] === Checking the job status... ===
I 03-17 20:53:30 utils.py:137] Job status: JobStatus.RUNNING
I 03-17 20:53:30 utils.py:140] ==================================
