I 03-17 20:20:21 controller.py:59] DAG:
I 03-17 20:20:21 controller.py:59] [Task<name=compute-text-vectors>(run='# Initialize and dow...')
I 03-17 20:20:21 controller.py:59]   resources: AWS(cpus=4, {'L4': 1})]
I 03-17 20:20:21 controller.py:195] Submitted managed job 73 (task: 0, name: 'compute-text-vectors'); SKYPILOT_TASK_ID: sky-managed-2025-03-17-20-20-21-203752_compute-text-vectors_73-0
I 03-17 20:20:21 controller.py:199] Started monitoring.
I 03-17 20:20:21 state.py:451] Launching the spot cluster...
I 03-17 20:20:21 storage.py:1058] Storage type StoreType.S3 already exists.
<sky-payload>"<rich_init>[bold cyan]Optimizing[/]</rich_init>"</sky-payload>
<sky-payload>"<rich_update>[bold cyan]Optimizing[/]</rich_update>"</sky-payload>
<sky-payload>"<rich_start>[bold cyan]Optimizing[/]</rich_start>"</sky-payload>
I 03-17 20:20:22 optimizer.py:736] [1mTarget:[0m minimizing cost
I 03-17 20:20:22 optimizer.py:749] [1mEstimated cost: [0m$0.8 / hour
I 03-17 20:20:22 optimizer.py:749] 
I 03-17 20:20:22 optimizer.py:884] Considered resources (1 node):
I 03-17 20:20:22 optimizer.py:952] ----------------------------------------------------------------------------------------
I 03-17 20:20:22 optimizer.py:952]  CLOUD   INSTANCE    vCPUs   Mem(GB)   ACCELERATORS   REGION/ZONE   COST ($)   CHOSEN   
I 03-17 20:20:22 optimizer.py:952] ----------------------------------------------------------------------------------------
I 03-17 20:20:22 optimizer.py:952]  AWS     g6.xlarge   4       16        L4:1           us-east-1     0.80       [32m   ✔[0m     
I 03-17 20:20:22 optimizer.py:952] ----------------------------------------------------------------------------------------
<sky-payload>"<rich_exit></rich_exit>"</sky-payload>
<sky-payload>"<rich_init>[bold cyan]Launching[/]</rich_init>"</sky-payload>
<sky-payload>"<rich_update>[bold cyan]Launching[/]</rich_update>"</sky-payload>
<sky-payload>"<rich_start>[bold cyan]Launching[/]</rich_start>"</sky-payload>
<sky-payload>"<rich_update>[bold cyan]Launching[/]  \u001b[2mView logs: sky api logs -l sky-2025-03-17-20-20-21-809204/provision.log\u001b[0m</rich_update>"</sky-payload>
<sky-payload>"<rich_update>[bold cyan]Launching[/]  \u001b[2mView logs: sky api logs -l sky-2025-03-17-20-20-21-809204/provision.log\u001b[0m</rich_update>"</sky-payload>
I 03-17 20:20:22 cloud_vm_ray_backend.py:1520] [0m⚙︎ Launching on AWS us-east-1[0m (us-east-1a,us-east-1b,us-east-1c,us-east-1d).
[2mW 03-17 20:20:24 instance.py:243] create_instances: Attempt failed with An error occurred (VcpuLimitExceeded) when calling the RunInstances operation: You have requested more vCPU capacity than your current vCPU limit of 64 allows for the instance bucket that the specified instance type belongs to. Please visit http://aws.amazon.com/contact-us/ec2-request to request an adjustment to this limit.[0m
[2mW 03-17 20:20:25 instance.py:243] create_instances: Attempt failed with An error occurred (VcpuLimitExceeded) when calling the RunInstances operation: You have requested more vCPU capacity than your current vCPU limit of 64 allows for the instance bucket that the specified instance type belongs to. Please visit http://aws.amazon.com/contact-us/ec2-request to request an adjustment to this limit.[0m
[2mW 03-17 20:20:26 instance.py:243] create_instances: Attempt failed with An error occurred (VcpuLimitExceeded) when calling the RunInstances operation: You have requested more vCPU capacity than your current vCPU limit of 64 allows for the instance bucket that the specified instance type belongs to. Please visit http://aws.amazon.com/contact-us/ec2-request to request an adjustment to this limit.[0m
W 03-17 20:20:27 cloud_vm_ray_backend.py:2061] sky.exceptions.ResourcesUnavailableError: Failed to acquire resources in all zones in us-east-1 for {AWS(cpus=4, {'L4': 1})}. 
W 03-17 20:20:27 cloud_vm_ray_backend.py:2097] 
W 03-17 20:20:27 cloud_vm_ray_backend.py:2097] [0m[33m↺[0m Trying other potential resources.
<sky-payload>"<rich_update>[bold cyan]Looking for resources[/]  \u001b[2mView logs: sky api logs -l sky-2025-03-17-20-20-21-809204/provision.log\u001b[0m</rich_update>"</sky-payload>
<sky-payload>"<rich_update>[bold cyan]Optimizing[/]</rich_update>"</sky-payload>
<sky-payload>"<rich_start>[bold cyan]Launching[/]</rich_start>"</sky-payload>
I 03-17 20:20:27 optimizer.py:736] [1mTarget:[0m minimizing cost
I 03-17 20:20:27 optimizer.py:749] [1mEstimated cost: [0m$0.8 / hour
I 03-17 20:20:27 optimizer.py:749] 
I 03-17 20:20:27 optimizer.py:884] Considered resources (1 node):
I 03-17 20:20:27 optimizer.py:952] ----------------------------------------------------------------------------------------
I 03-17 20:20:27 optimizer.py:952]  CLOUD   INSTANCE    vCPUs   Mem(GB)   ACCELERATORS   REGION/ZONE   COST ($)   CHOSEN   
I 03-17 20:20:27 optimizer.py:952] ----------------------------------------------------------------------------------------
I 03-17 20:20:27 optimizer.py:952]  AWS     g6.xlarge   4       16        L4:1           us-east-2     0.80       [32m   ✔[0m     
I 03-17 20:20:27 optimizer.py:952] ----------------------------------------------------------------------------------------
<sky-payload>"<rich_update>[bold cyan]Looking for resources[/]  \u001b[2mView logs: sky api logs -l sky-2025-03-17-20-20-21-809204/provision.log\u001b[0m</rich_update>"</sky-payload>
<sky-payload>"<rich_update>[bold cyan]Launching[/]  \u001b[2mView logs: sky api logs -l sky-2025-03-17-20-20-21-809204/provision.log\u001b[0m</rich_update>"</sky-payload>
I 03-17 20:20:27 cloud_vm_ray_backend.py:1520] [0m⚙︎ Launching on AWS us-east-2[0m (us-east-2a,us-east-2b,us-east-2c).
[2mW 03-17 20:20:31 instance.py:243] create_instances: Attempt failed with An error occurred (VcpuLimitExceeded) when calling the RunInstances operation: You have requested more vCPU capacity than your current vCPU limit of 128 allows for the instance bucket that the specified instance type belongs to. Please visit http://aws.amazon.com/contact-us/ec2-request to request an adjustment to this limit.[0m
[2mW 03-17 20:20:32 instance.py:243] create_instances: Attempt failed with An error occurred (VcpuLimitExceeded) when calling the RunInstances operation: You have requested more vCPU capacity than your current vCPU limit of 128 allows for the instance bucket that the specified instance type belongs to. Please visit http://aws.amazon.com/contact-us/ec2-request to request an adjustment to this limit.[0m
[2mW 03-17 20:20:33 instance.py:243] create_instances: Attempt failed with An error occurred (VcpuLimitExceeded) when calling the RunInstances operation: You have requested more vCPU capacity than your current vCPU limit of 128 allows for the instance bucket that the specified instance type belongs to. Please visit http://aws.amazon.com/contact-us/ec2-request to request an adjustment to this limit.[0m
W 03-17 20:20:33 cloud_vm_ray_backend.py:2061] sky.exceptions.ResourcesUnavailableError: Failed to acquire resources in all zones in us-east-2 for {AWS(cpus=4, {'L4': 1})}. 
W 03-17 20:20:33 cloud_vm_ray_backend.py:2097] 
W 03-17 20:20:33 cloud_vm_ray_backend.py:2097] [0m[33m↺[0m Trying other potential resources.
<sky-payload>"<rich_update>[bold cyan]Looking for resources[/]  \u001b[2mView logs: sky api logs -l sky-2025-03-17-20-20-21-809204/provision.log\u001b[0m</rich_update>"</sky-payload>
<sky-payload>"<rich_update>[bold cyan]Optimizing[/]</rich_update>"</sky-payload>
<sky-payload>"<rich_start>[bold cyan]Launching[/]</rich_start>"</sky-payload>
I 03-17 20:20:33 optimizer.py:736] [1mTarget:[0m minimizing cost
I 03-17 20:20:33 optimizer.py:749] [1mEstimated cost: [0m$0.8 / hour
I 03-17 20:20:33 optimizer.py:749] 
I 03-17 20:20:33 optimizer.py:884] Considered resources (1 node):
I 03-17 20:20:33 optimizer.py:952] ----------------------------------------------------------------------------------------
I 03-17 20:20:33 optimizer.py:952]  CLOUD   INSTANCE    vCPUs   Mem(GB)   ACCELERATORS   REGION/ZONE   COST ($)   CHOSEN   
I 03-17 20:20:33 optimizer.py:952] ----------------------------------------------------------------------------------------
I 03-17 20:20:33 optimizer.py:952]  AWS     g6.xlarge   4       16        L4:1           us-west-2     0.80       [32m   ✔[0m     
I 03-17 20:20:33 optimizer.py:952] ----------------------------------------------------------------------------------------
<sky-payload>"<rich_update>[bold cyan]Looking for resources[/]  \u001b[2mView logs: sky api logs -l sky-2025-03-17-20-20-21-809204/provision.log\u001b[0m</rich_update>"</sky-payload>
<sky-payload>"<rich_update>[bold cyan]Launching[/]  \u001b[2mView logs: sky api logs -l sky-2025-03-17-20-20-21-809204/provision.log\u001b[0m</rich_update>"</sky-payload>
I 03-17 20:20:33 cloud_vm_ray_backend.py:1520] [0m⚙︎ Launching on AWS us-west-2[0m (us-west-2a,us-west-2b,us-west-2c,us-west-2d).
[2mW 03-17 20:20:39 instance.py:243] create_instances: Attempt failed with An error occurred (InsufficientInstanceCapacity) when calling the RunInstances operation (reached max retries: 0): We currently do not have sufficient g6.xlarge capacity in the Availability Zone you requested (us-west-2a). Our system will be working on provisioning additional capacity. You can currently get g6.xlarge capacity by not specifying an Availability Zone in your request or choosing us-west-2b, us-west-2c, us-west-2d.[0m
<sky-payload>"<rich_update>[bold cyan]Launching - Checking instance status[/]  \u001b[2mView logs: sky api logs -l sky-2025-03-17-20-20-21-809204/provision.log\u001b[0m</rich_update>"</sky-payload>
<sky-payload>"<rich_update>[bold cyan]Launching - Waiting for SSH access[/]  \u001b[2mView logs: sky api logs -l sky-2025-03-17-20-20-21-809204/provision.log\u001b[0m</rich_update>"</sky-payload>
<sky-payload>"<rich_start>[bold cyan]Launching[/]</rich_start>"</sky-payload>
I 03-17 20:21:01 provisioner.py:451] [2m└── [0m[2mInstance is up.[0m
<sky-payload>"<rich_update>[bold cyan]Preparing SkyPilot runtime (1/3 - initializing)[/]  \u001b[2mView logs: sky api logs -l sky-2025-03-17-20-20-21-809204/provision.log\u001b[0m</rich_update>"</sky-payload>
<sky-payload>"<rich_update>[bold cyan]Preparing SkyPilot runtime (2/3 - dependencies)[/]  \u001b[2mView logs: sky api logs -l sky-2025-03-17-20-20-21-809204/provision.log\u001b[0m</rich_update>"</sky-payload>
<sky-payload>"<rich_update>[bold cyan]Preparing SkyPilot runtime (3/3 - runtime)[/]  \u001b[2mView logs: sky api logs -l sky-2025-03-17-20-20-21-809204/provision.log\u001b[0m</rich_update>"</sky-payload>
<sky-payload>"<rich_update>[bold cyan]Launching - Checking instance status[/]  \u001b[2mView logs: sky api logs -l sky-2025-03-17-20-20-21-809204/provision.log\u001b[0m</rich_update>"</sky-payload>
I 03-17 20:21:29 provisioner.py:632] [0m[32m✓ Cluster launched: compute-text-vectors-73.[0m  [2mView logs: sky api logs -l sky-2025-03-17-20-20-21-809204/provision.log[0m
<sky-payload>"<rich_exit></rich_exit>"</sky-payload>
I 03-17 20:21:29 execution.py:332] [0m⚙︎ Syncing files.
<sky-payload>"<rich_init>[bold cyan]Syncing files[/]</rich_init>"</sky-payload>
<sky-payload>"<rich_update>[bold cyan]Syncing files[/]</rich_update>"</sky-payload>
<sky-payload>"<rich_start>[bold cyan]Syncing files[/]</rich_start>"</sky-payload>
<sky-payload>"<rich_update>[bold cyan]Syncing file mounts[/]  \u001b[2mView logs: sky api logs -l sky-2025-03-17-20-20-21-809204/file_mounts.log\u001b[0m</rich_update>"</sky-payload>
I 03-17 20:21:29 backend_utils.py:1315]   [2mSyncing (to 1 node): s3://skypilot-filemounts-root-726f1974-41v866lq/job-41v866lq/workdir -> ~/sky_workdir[0m
I 03-17 20:21:31 cloud_vm_ray_backend.py:4801] [0m[32m✓ Synced file_mounts.[0m  [2mView logs: sky api logs -l sky-2025-03-17-20-20-21-809204/file_mounts.log[0m
<sky-payload>"<rich_update>[bold cyan]Mounting 1 storage[/]  \u001b[2mView logs: sky api logs -l sky-2025-03-17-20-20-21-809204/storage_mounts.log\u001b[0m</rich_update>"</sky-payload>
I 03-17 20:21:31 backend_utils.py:1315]   [2mMounting (to 1 node): s3://sky-text-embeddings-multi-cluster-final -> /output[0m
I 03-17 20:21:34 cloud_vm_ray_backend.py:4892] [0m[32m✓ Storage mounted.[0m  [2mView logs: sky api logs -l sky-2025-03-17-20-20-21-809204/storage_mounts.log[0m
<sky-payload>"<rich_exit></rich_exit>"</sky-payload>
<sky-payload>"<rich_init>[bold cyan]Running setup[/]</rich_init>"</sky-payload>
<sky-payload>"<rich_update>[bold cyan]Running setup[/]</rich_update>"</sky-payload>
<sky-payload>"<rich_start>[bold cyan]Running setup[/]</rich_start>"</sky-payload>
<sky-payload>"<rich_stop></rich_stop>"</sky-payload>
I 03-17 20:21:35 cloud_vm_ray_backend.py:3357] [0m[32m✓ Setup detached.[0m
<sky-payload>"<rich_exit></rich_exit>"</sky-payload>
<sky-payload>"<rich_init>[bold cyan]Submitting job[/]</rich_init>"</sky-payload>
<sky-payload>"<rich_update>[bold cyan]Submitting job[/]</rich_update>"</sky-payload>
<sky-payload>"<rich_start>[bold cyan]Submitting job[/]</rich_start>"</sky-payload>
I 03-17 20:21:37 cloud_vm_ray_backend.py:3460] [0m⚙︎ Job submitted, ID: 1
<sky-payload>"<rich_stop></rich_stop>"</sky-payload>
<sky-payload>"<rich_exit></rich_exit>"</sky-payload>

[?25hI 03-17 20:21:38 recovery_strategy.py:289] Managed job cluster launched.
I 03-17 20:21:41 utils.py:131] === Checking the job status... ===
I 03-17 20:21:42 utils.py:137] Job status: JobStatus.SETTING_UP
I 03-17 20:21:42 utils.py:140] ==================================
I 03-17 20:21:43 state.py:471] Job started.
I 03-17 20:22:03 utils.py:131] === Checking the job status... ===
I 03-17 20:22:03 utils.py:137] Job status: JobStatus.SETTING_UP
I 03-17 20:22:03 utils.py:140] ==================================
I 03-17 20:22:24 utils.py:131] === Checking the job status... ===
I 03-17 20:22:24 utils.py:137] Job status: JobStatus.SETTING_UP
I 03-17 20:22:24 utils.py:140] ==================================
I 03-17 20:22:45 utils.py:131] === Checking the job status... ===
I 03-17 20:22:45 utils.py:137] Job status: JobStatus.SETTING_UP
I 03-17 20:22:45 utils.py:140] ==================================
I 03-17 20:23:05 utils.py:131] === Checking the job status... ===
I 03-17 20:23:06 utils.py:137] Job status: JobStatus.SETTING_UP
I 03-17 20:23:06 utils.py:140] ==================================
I 03-17 20:23:26 utils.py:131] === Checking the job status... ===
I 03-17 20:23:27 utils.py:137] Job status: JobStatus.SETTING_UP
I 03-17 20:23:27 utils.py:140] ==================================
I 03-17 20:23:47 utils.py:131] === Checking the job status... ===
I 03-17 20:23:48 utils.py:137] Job status: JobStatus.SETTING_UP
I 03-17 20:23:48 utils.py:140] ==================================
I 03-17 20:24:08 utils.py:131] === Checking the job status... ===
I 03-17 20:24:09 utils.py:137] Job status: JobStatus.RUNNING
I 03-17 20:24:09 utils.py:140] ==================================
I 03-17 20:24:29 utils.py:131] === Checking the job status... ===
I 03-17 20:24:30 utils.py:137] Job status: JobStatus.RUNNING
I 03-17 20:24:30 utils.py:140] ==================================
I 03-17 20:24:50 utils.py:131] === Checking the job status... ===
I 03-17 20:24:51 utils.py:137] Job status: JobStatus.RUNNING
I 03-17 20:24:51 utils.py:140] ==================================
I 03-17 20:25:11 utils.py:131] === Checking the job status... ===
I 03-17 20:25:12 utils.py:137] Job status: JobStatus.RUNNING
I 03-17 20:25:12 utils.py:140] ==================================
I 03-17 20:25:32 utils.py:131] === Checking the job status... ===
I 03-17 20:25:33 utils.py:137] Job status: JobStatus.RUNNING
I 03-17 20:25:33 utils.py:140] ==================================
I 03-17 20:25:53 utils.py:131] === Checking the job status... ===
I 03-17 20:25:54 utils.py:137] Job status: JobStatus.RUNNING
I 03-17 20:25:54 utils.py:140] ==================================
I 03-17 20:26:14 utils.py:131] === Checking the job status... ===
I 03-17 20:26:15 utils.py:137] Job status: JobStatus.RUNNING
I 03-17 20:26:15 utils.py:140] ==================================
I 03-17 20:26:35 utils.py:131] === Checking the job status... ===
I 03-17 20:26:36 utils.py:137] Job status: JobStatus.RUNNING
I 03-17 20:26:36 utils.py:140] ==================================
I 03-17 20:26:56 utils.py:131] === Checking the job status... ===
I 03-17 20:26:57 utils.py:137] Job status: JobStatus.RUNNING
I 03-17 20:26:57 utils.py:140] ==================================
I 03-17 20:27:17 utils.py:131] === Checking the job status... ===
I 03-17 20:27:18 utils.py:137] Job status: JobStatus.RUNNING
I 03-17 20:27:18 utils.py:140] ==================================
I 03-17 20:27:38 utils.py:131] === Checking the job status... ===
I 03-17 20:27:40 utils.py:137] Job status: JobStatus.RUNNING
I 03-17 20:27:40 utils.py:140] ==================================
I 03-17 20:28:00 utils.py:131] === Checking the job status... ===
I 03-17 20:28:02 utils.py:137] Job status: JobStatus.RUNNING
I 03-17 20:28:02 utils.py:140] ==================================
I 03-17 20:28:23 utils.py:131] === Checking the job status... ===
I 03-17 20:28:24 utils.py:137] Job status: JobStatus.RUNNING
I 03-17 20:28:24 utils.py:140] ==================================
I 03-17 20:28:44 utils.py:131] === Checking the job status... ===
I 03-17 20:28:45 utils.py:137] Job status: JobStatus.RUNNING
I 03-17 20:28:45 utils.py:140] ==================================
I 03-17 20:29:05 utils.py:131] === Checking the job status... ===
I 03-17 20:29:06 utils.py:137] Job status: JobStatus.RUNNING
I 03-17 20:29:06 utils.py:140] ==================================
I 03-17 20:29:26 utils.py:131] === Checking the job status... ===
I 03-17 20:29:27 utils.py:137] Job status: JobStatus.RUNNING
I 03-17 20:29:27 utils.py:140] ==================================
I 03-17 20:29:47 utils.py:131] === Checking the job status... ===
I 03-17 20:29:47 utils.py:137] Job status: JobStatus.RUNNING
I 03-17 20:29:47 utils.py:140] ==================================
I 03-17 20:30:08 utils.py:131] === Checking the job status... ===
I 03-17 20:30:08 utils.py:137] Job status: JobStatus.RUNNING
I 03-17 20:30:08 utils.py:140] ==================================
I 03-17 20:30:28 utils.py:131] === Checking the job status... ===
I 03-17 20:30:29 utils.py:137] Job status: JobStatus.RUNNING
I 03-17 20:30:29 utils.py:140] ==================================
I 03-17 20:30:49 utils.py:131] === Checking the job status... ===
I 03-17 20:30:50 utils.py:137] Job status: JobStatus.RUNNING
I 03-17 20:30:50 utils.py:140] ==================================
I 03-17 20:31:10 utils.py:131] === Checking the job status... ===
I 03-17 20:31:11 utils.py:137] Job status: JobStatus.RUNNING
I 03-17 20:31:11 utils.py:140] ==================================
I 03-17 20:31:31 utils.py:131] === Checking the job status... ===
I 03-17 20:31:32 utils.py:137] Job status: JobStatus.RUNNING
I 03-17 20:31:32 utils.py:140] ==================================
I 03-17 20:31:52 utils.py:131] === Checking the job status... ===
I 03-17 20:31:53 utils.py:137] Job status: JobStatus.RUNNING
I 03-17 20:31:53 utils.py:140] ==================================
I 03-17 20:32:13 utils.py:131] === Checking the job status... ===
I 03-17 20:32:14 utils.py:137] Job status: JobStatus.RUNNING
I 03-17 20:32:14 utils.py:140] ==================================
I 03-17 20:32:34 utils.py:131] === Checking the job status... ===
I 03-17 20:32:34 utils.py:137] Job status: JobStatus.RUNNING
I 03-17 20:32:34 utils.py:140] ==================================
I 03-17 20:32:54 utils.py:131] === Checking the job status... ===
I 03-17 20:32:55 utils.py:137] Job status: JobStatus.RUNNING
I 03-17 20:32:55 utils.py:140] ==================================
I 03-17 20:33:15 utils.py:131] === Checking the job status... ===
I 03-17 20:33:16 utils.py:137] Job status: JobStatus.RUNNING
I 03-17 20:33:16 utils.py:140] ==================================
I 03-17 20:33:36 utils.py:131] === Checking the job status... ===
I 03-17 20:33:37 utils.py:137] Job status: JobStatus.RUNNING
I 03-17 20:33:37 utils.py:140] ==================================
I 03-17 20:33:57 utils.py:131] === Checking the job status... ===
I 03-17 20:33:58 utils.py:137] Job status: JobStatus.RUNNING
I 03-17 20:33:58 utils.py:140] ==================================
I 03-17 20:34:18 utils.py:131] === Checking the job status... ===
I 03-17 20:34:19 utils.py:137] Job status: JobStatus.RUNNING
I 03-17 20:34:19 utils.py:140] ==================================
I 03-17 20:34:39 utils.py:131] === Checking the job status... ===
I 03-17 20:34:40 utils.py:137] Job status: JobStatus.RUNNING
I 03-17 20:34:40 utils.py:140] ==================================
I 03-17 20:35:00 utils.py:131] === Checking the job status... ===
I 03-17 20:35:01 utils.py:137] Job status: JobStatus.RUNNING
I 03-17 20:35:01 utils.py:140] ==================================
I 03-17 20:35:21 utils.py:131] === Checking the job status... ===
I 03-17 20:35:22 utils.py:137] Job status: JobStatus.RUNNING
I 03-17 20:35:22 utils.py:140] ==================================
I 03-17 20:35:42 utils.py:131] === Checking the job status... ===
I 03-17 20:35:42 utils.py:137] Job status: JobStatus.RUNNING
I 03-17 20:35:42 utils.py:140] ==================================
I 03-17 20:36:03 utils.py:131] === Checking the job status... ===
I 03-17 20:36:03 utils.py:137] Job status: JobStatus.RUNNING
I 03-17 20:36:03 utils.py:140] ==================================
I 03-17 20:36:24 utils.py:131] === Checking the job status... ===
I 03-17 20:36:24 utils.py:137] Job status: JobStatus.RUNNING
I 03-17 20:36:24 utils.py:140] ==================================
I 03-17 20:36:44 utils.py:131] === Checking the job status... ===
I 03-17 20:36:45 utils.py:137] Job status: JobStatus.RUNNING
I 03-17 20:36:45 utils.py:140] ==================================
I 03-17 20:37:05 utils.py:131] === Checking the job status... ===
I 03-17 20:37:06 utils.py:137] Job status: JobStatus.RUNNING
I 03-17 20:37:06 utils.py:140] ==================================
I 03-17 20:37:26 utils.py:131] === Checking the job status... ===
I 03-17 20:37:27 utils.py:137] Job status: JobStatus.RUNNING
I 03-17 20:37:27 utils.py:140] ==================================
I 03-17 20:37:47 utils.py:131] === Checking the job status... ===
I 03-17 20:37:48 utils.py:137] Job status: JobStatus.RUNNING
I 03-17 20:37:48 utils.py:140] ==================================
I 03-17 20:38:08 utils.py:131] === Checking the job status... ===
I 03-17 20:38:09 utils.py:137] Job status: JobStatus.RUNNING
I 03-17 20:38:09 utils.py:140] ==================================
I 03-17 20:38:29 utils.py:131] === Checking the job status... ===
I 03-17 20:38:30 utils.py:137] Job status: JobStatus.RUNNING
I 03-17 20:38:30 utils.py:140] ==================================
I 03-17 20:38:50 utils.py:131] === Checking the job status... ===
I 03-17 20:38:50 utils.py:137] Job status: JobStatus.RUNNING
I 03-17 20:38:50 utils.py:140] ==================================
I 03-17 20:39:11 utils.py:131] === Checking the job status... ===
I 03-17 20:39:11 utils.py:137] Job status: JobStatus.RUNNING
I 03-17 20:39:11 utils.py:140] ==================================
I 03-17 20:39:31 utils.py:131] === Checking the job status... ===
I 03-17 20:39:32 utils.py:137] Job status: JobStatus.RUNNING
I 03-17 20:39:32 utils.py:140] ==================================
I 03-17 20:39:52 utils.py:131] === Checking the job status... ===
I 03-17 20:39:53 utils.py:137] Job status: JobStatus.RUNNING
I 03-17 20:39:53 utils.py:140] ==================================
I 03-17 20:40:13 utils.py:131] === Checking the job status... ===
I 03-17 20:40:14 utils.py:137] Job status: JobStatus.RUNNING
I 03-17 20:40:14 utils.py:140] ==================================
I 03-17 20:40:34 utils.py:131] === Checking the job status... ===
I 03-17 20:40:35 utils.py:137] Job status: JobStatus.RUNNING
I 03-17 20:40:35 utils.py:140] ==================================
I 03-17 20:40:55 utils.py:131] === Checking the job status... ===
I 03-17 20:40:56 utils.py:137] Job status: JobStatus.RUNNING
I 03-17 20:40:56 utils.py:140] ==================================
I 03-17 20:41:16 utils.py:131] === Checking the job status... ===
I 03-17 20:41:17 utils.py:137] Job status: JobStatus.RUNNING
I 03-17 20:41:17 utils.py:140] ==================================
I 03-17 20:41:37 utils.py:131] === Checking the job status... ===
I 03-17 20:41:38 utils.py:137] Job status: JobStatus.RUNNING
I 03-17 20:41:38 utils.py:140] ==================================
I 03-17 20:41:58 utils.py:131] === Checking the job status... ===
I 03-17 20:41:59 utils.py:137] Job status: JobStatus.RUNNING
I 03-17 20:41:59 utils.py:140] ==================================
I 03-17 20:42:19 utils.py:131] === Checking the job status... ===
I 03-17 20:42:19 utils.py:137] Job status: JobStatus.RUNNING
I 03-17 20:42:19 utils.py:140] ==================================
I 03-17 20:42:39 utils.py:131] === Checking the job status... ===
I 03-17 20:42:40 utils.py:137] Job status: JobStatus.RUNNING
I 03-17 20:42:40 utils.py:140] ==================================
I 03-17 20:43:00 utils.py:131] === Checking the job status... ===
I 03-17 20:43:01 utils.py:137] Job status: JobStatus.RUNNING
I 03-17 20:43:01 utils.py:140] ==================================
I 03-17 20:43:21 utils.py:131] === Checking the job status... ===
I 03-17 20:43:22 utils.py:137] Job status: JobStatus.RUNNING
I 03-17 20:43:22 utils.py:140] ==================================
I 03-17 20:43:42 utils.py:131] === Checking the job status... ===
I 03-17 20:43:43 utils.py:137] Job status: JobStatus.RUNNING
I 03-17 20:43:43 utils.py:140] ==================================
I 03-17 20:44:03 utils.py:131] === Checking the job status... ===
I 03-17 20:44:04 utils.py:137] Job status: JobStatus.RUNNING
I 03-17 20:44:04 utils.py:140] ==================================
I 03-17 20:44:24 utils.py:131] === Checking the job status... ===
I 03-17 20:44:25 utils.py:137] Job status: JobStatus.RUNNING
I 03-17 20:44:25 utils.py:140] ==================================
I 03-17 20:44:45 utils.py:131] === Checking the job status... ===
I 03-17 20:44:46 utils.py:137] Job status: JobStatus.RUNNING
I 03-17 20:44:46 utils.py:140] ==================================
I 03-17 20:45:06 utils.py:131] === Checking the job status... ===
I 03-17 20:45:06 utils.py:137] Job status: JobStatus.RUNNING
I 03-17 20:45:06 utils.py:140] ==================================
I 03-17 20:45:27 utils.py:131] === Checking the job status... ===
I 03-17 20:45:27 utils.py:137] Job status: JobStatus.RUNNING
I 03-17 20:45:27 utils.py:140] ==================================
I 03-17 20:45:47 utils.py:131] === Checking the job status... ===
I 03-17 20:45:48 utils.py:137] Job status: JobStatus.RUNNING
I 03-17 20:45:48 utils.py:140] ==================================
I 03-17 20:46:08 utils.py:131] === Checking the job status... ===
I 03-17 20:46:09 utils.py:137] Job status: JobStatus.RUNNING
I 03-17 20:46:09 utils.py:140] ==================================
I 03-17 20:46:29 utils.py:131] === Checking the job status... ===
I 03-17 20:46:30 utils.py:137] Job status: JobStatus.RUNNING
I 03-17 20:46:30 utils.py:140] ==================================
I 03-17 20:46:50 utils.py:131] === Checking the job status... ===
I 03-17 20:46:51 utils.py:137] Job status: JobStatus.RUNNING
I 03-17 20:46:51 utils.py:140] ==================================
I 03-17 20:47:11 utils.py:131] === Checking the job status... ===
I 03-17 20:47:12 utils.py:137] Job status: JobStatus.RUNNING
I 03-17 20:47:12 utils.py:140] ==================================
I 03-17 20:47:32 utils.py:131] === Checking the job status... ===
I 03-17 20:47:33 utils.py:137] Job status: JobStatus.RUNNING
I 03-17 20:47:33 utils.py:140] ==================================
I 03-17 20:47:53 utils.py:131] === Checking the job status... ===
I 03-17 20:47:53 utils.py:137] Job status: JobStatus.RUNNING
I 03-17 20:47:53 utils.py:140] ==================================
I 03-17 20:48:14 utils.py:131] === Checking the job status... ===
I 03-17 20:48:14 utils.py:137] Job status: JobStatus.RUNNING
I 03-17 20:48:14 utils.py:140] ==================================
I 03-17 20:48:34 utils.py:131] === Checking the job status... ===
I 03-17 20:48:35 utils.py:137] Job status: JobStatus.RUNNING
I 03-17 20:48:35 utils.py:140] ==================================
I 03-17 20:48:55 utils.py:131] === Checking the job status... ===
I 03-17 20:48:56 utils.py:137] Job status: JobStatus.RUNNING
I 03-17 20:48:56 utils.py:140] ==================================
I 03-17 20:49:16 utils.py:131] === Checking the job status... ===
I 03-17 20:49:17 utils.py:137] Job status: JobStatus.RUNNING
I 03-17 20:49:17 utils.py:140] ==================================
I 03-17 20:49:37 utils.py:131] === Checking the job status... ===
I 03-17 20:49:38 utils.py:137] Job status: JobStatus.RUNNING
I 03-17 20:49:38 utils.py:140] ==================================
I 03-17 20:49:58 utils.py:131] === Checking the job status... ===
I 03-17 20:49:59 utils.py:137] Job status: JobStatus.RUNNING
I 03-17 20:49:59 utils.py:140] ==================================
I 03-17 20:50:19 utils.py:131] === Checking the job status... ===
I 03-17 20:50:19 utils.py:137] Job status: JobStatus.RUNNING
I 03-17 20:50:19 utils.py:140] ==================================
I 03-17 20:50:40 utils.py:131] === Checking the job status... ===
I 03-17 20:50:40 utils.py:137] Job status: JobStatus.RUNNING
I 03-17 20:50:40 utils.py:140] ==================================
I 03-17 20:51:01 utils.py:131] === Checking the job status... ===
I 03-17 20:51:01 utils.py:137] Job status: JobStatus.RUNNING
I 03-17 20:51:01 utils.py:140] ==================================
I 03-17 20:51:21 utils.py:131] === Checking the job status... ===
I 03-17 20:51:22 utils.py:137] Job status: JobStatus.RUNNING
I 03-17 20:51:22 utils.py:140] ==================================
I 03-17 20:51:42 utils.py:131] === Checking the job status... ===
I 03-17 20:51:43 utils.py:137] Job status: JobStatus.RUNNING
I 03-17 20:51:43 utils.py:140] ==================================
I 03-17 20:52:03 utils.py:131] === Checking the job status... ===
I 03-17 20:52:04 utils.py:137] Job status: JobStatus.RUNNING
I 03-17 20:52:04 utils.py:140] ==================================
I 03-17 20:52:24 utils.py:131] === Checking the job status... ===
I 03-17 20:52:25 utils.py:137] Job status: JobStatus.RUNNING
I 03-17 20:52:25 utils.py:140] ==================================
I 03-17 20:52:45 utils.py:131] === Checking the job status... ===
I 03-17 20:52:46 utils.py:137] Job status: JobStatus.RUNNING
I 03-17 20:52:46 utils.py:140] ==================================
