I 03-17 20:18:50 controller.py:59] DAG:
I 03-17 20:18:50 controller.py:59] [Task<name=compute-text-vectors>(run='# Initialize and dow...')
I 03-17 20:18:50 controller.py:59]   resources: AWS(cpus=4, {'L4': 1})]
I 03-17 20:18:50 controller.py:195] Submitted managed job 8 (task: 0, name: 'compute-text-vectors'); SKYPILOT_TASK_ID: sky-managed-2025-03-17-20-18-50-335197_compute-text-vectors_8-0
I 03-17 20:18:50 controller.py:199] Started monitoring.
I 03-17 20:18:50 state.py:451] Launching the spot cluster...
<sky-payload>"<rich_init>Checking AWS...</rich_init>"</sky-payload>
<sky-payload>"<rich_update>Checking AWS...</rich_update>"</sky-payload>
<sky-payload>"<rich_start>Checking AWS...</rich_start>"</sky-payload>
<sky-payload>"<rich_update>[bold cyan]AWS: Fetching availability zones mapping[/]</rich_update>"</sky-payload>
<sky-payload>"<rich_start>Checking AWS...</rich_start>"</sky-payload>
<sky-payload>"<rich_update>Checking AWS...</rich_update>"</sky-payload>
<sky-payload>"<rich_exit></rich_exit>"</sky-payload>
<sky-payload>"<rich_init>Checking Azure...</rich_init>"</sky-payload>
<sky-payload>"<rich_update>Checking Azure...</rich_update>"</sky-payload>
<sky-payload>"<rich_start>Checking Azure...</rich_start>"</sky-payload>
<sky-payload>"<rich_exit></rich_exit>"</sky-payload>
<sky-payload>"<rich_init>Checking Cloudflare (for R2 object store)...</rich_init>"</sky-payload>
<sky-payload>"<rich_update>Checking Cloudflare (for R2 object store)...</rich_update>"</sky-payload>
<sky-payload>"<rich_start>Checking Cloudflare (for R2 object store)...</rich_start>"</sky-payload>
<sky-payload>"<rich_exit></rich_exit>"</sky-payload>
<sky-payload>"<rich_init>Checking Cudo...</rich_init>"</sky-payload>
<sky-payload>"<rich_update>Checking Cudo...</rich_update>"</sky-payload>
<sky-payload>"<rich_start>Checking Cudo...</rich_start>"</sky-payload>
<sky-payload>"<rich_exit></rich_exit>"</sky-payload>
<sky-payload>"<rich_init>Checking DO...</rich_init>"</sky-payload>
<sky-payload>"<rich_update>Checking DO...</rich_update>"</sky-payload>
<sky-payload>"<rich_start>Checking DO...</rich_start>"</sky-payload>
<sky-payload>"<rich_exit></rich_exit>"</sky-payload>
<sky-payload>"<rich_init>Checking Fluidstack...</rich_init>"</sky-payload>
<sky-payload>"<rich_update>Checking Fluidstack...</rich_update>"</sky-payload>
<sky-payload>"<rich_start>Checking Fluidstack...</rich_start>"</sky-payload>
<sky-payload>"<rich_exit></rich_exit>"</sky-payload>
<sky-payload>"<rich_init>Checking GCP...</rich_init>"</sky-payload>
<sky-payload>"<rich_update>Checking GCP...</rich_update>"</sky-payload>
<sky-payload>"<rich_start>Checking GCP...</rich_start>"</sky-payload>
<sky-payload>"<rich_exit></rich_exit>"</sky-payload>
<sky-payload>"<rich_init>Checking IBM...</rich_init>"</sky-payload>
<sky-payload>"<rich_update>Checking IBM...</rich_update>"</sky-payload>
<sky-payload>"<rich_start>Checking IBM...</rich_start>"</sky-payload>
<sky-payload>"<rich_exit></rich_exit>"</sky-payload>
<sky-payload>"<rich_init>Checking Kubernetes...</rich_init>"</sky-payload>
<sky-payload>"<rich_update>Checking Kubernetes...</rich_update>"</sky-payload>
<sky-payload>"<rich_start>Checking Kubernetes...</rich_start>"</sky-payload>
<sky-payload>"<rich_exit></rich_exit>"</sky-payload>
<sky-payload>"<rich_init>Checking Lambda...</rich_init>"</sky-payload>
<sky-payload>"<rich_update>Checking Lambda...</rich_update>"</sky-payload>
<sky-payload>"<rich_start>Checking Lambda...</rich_start>"</sky-payload>
<sky-payload>"<rich_exit></rich_exit>"</sky-payload>
<sky-payload>"<rich_init>Checking Nebius...</rich_init>"</sky-payload>
<sky-payload>"<rich_update>Checking Nebius...</rich_update>"</sky-payload>
<sky-payload>"<rich_start>Checking Nebius...</rich_start>"</sky-payload>
<sky-payload>"<rich_exit></rich_exit>"</sky-payload>
<sky-payload>"<rich_init>Checking OCI...</rich_init>"</sky-payload>
<sky-payload>"<rich_update>Checking OCI...</rich_update>"</sky-payload>
<sky-payload>"<rich_start>Checking OCI...</rich_start>"</sky-payload>
<sky-payload>"<rich_exit></rich_exit>"</sky-payload>
<sky-payload>"<rich_init>Checking Paperspace...</rich_init>"</sky-payload>
<sky-payload>"<rich_update>Checking Paperspace...</rich_update>"</sky-payload>
<sky-payload>"<rich_start>Checking Paperspace...</rich_start>"</sky-payload>
<sky-payload>"<rich_exit></rich_exit>"</sky-payload>
<sky-payload>"<rich_init>Checking RunPod...</rich_init>"</sky-payload>
<sky-payload>"<rich_update>Checking RunPod...</rich_update>"</sky-payload>
<sky-payload>"<rich_start>Checking RunPod...</rich_start>"</sky-payload>
<sky-payload>"<rich_exit></rich_exit>"</sky-payload>
<sky-payload>"<rich_init>Checking SCP...</rich_init>"</sky-payload>
<sky-payload>"<rich_update>Checking SCP...</rich_update>"</sky-payload>
<sky-payload>"<rich_start>Checking SCP...</rich_start>"</sky-payload>
<sky-payload>"<rich_exit></rich_exit>"</sky-payload>
<sky-payload>"<rich_init>Checking Vast...</rich_init>"</sky-payload>
<sky-payload>"<rich_update>Checking Vast...</rich_update>"</sky-payload>
<sky-payload>"<rich_start>Checking Vast...</rich_start>"</sky-payload>
<sky-payload>"<rich_exit></rich_exit>"</sky-payload>
<sky-payload>"<rich_init>Checking vSphere...</rich_init>"</sky-payload>
<sky-payload>"<rich_update>Checking vSphere...</rich_update>"</sky-payload>
<sky-payload>"<rich_start>Checking vSphere...</rich_start>"</sky-payload>
<sky-payload>"<rich_exit></rich_exit>"</sky-payload>
I 03-17 20:18:56 storage.py:1058] Storage type StoreType.S3 already exists.
<sky-payload>"<rich_init>[bold cyan]Optimizing[/]</rich_init>"</sky-payload>
<sky-payload>"<rich_update>[bold cyan]Optimizing[/]</rich_update>"</sky-payload>
<sky-payload>"<rich_start>[bold cyan]Optimizing[/]</rich_start>"</sky-payload>
I 03-17 20:18:56 optimizer.py:736] [1mTarget:[0m minimizing cost
I 03-17 20:18:56 optimizer.py:749] [1mEstimated cost: [0m$0.8 / hour
I 03-17 20:18:56 optimizer.py:749] 
I 03-17 20:18:56 optimizer.py:884] Considered resources (1 node):
I 03-17 20:18:56 optimizer.py:952] ----------------------------------------------------------------------------------------
I 03-17 20:18:56 optimizer.py:952]  CLOUD   INSTANCE    vCPUs   Mem(GB)   ACCELERATORS   REGION/ZONE   COST ($)   CHOSEN   
I 03-17 20:18:56 optimizer.py:952] ----------------------------------------------------------------------------------------
I 03-17 20:18:56 optimizer.py:952]  AWS     g6.xlarge   4       16        L4:1           us-east-1     0.80       [32m   ✔[0m     
I 03-17 20:18:56 optimizer.py:952] ----------------------------------------------------------------------------------------
<sky-payload>"<rich_exit></rich_exit>"</sky-payload>
<sky-payload>"<rich_init>[bold cyan]Launching[/]</rich_init>"</sky-payload>
<sky-payload>"<rich_update>[bold cyan]Launching[/]</rich_update>"</sky-payload>
<sky-payload>"<rich_start>[bold cyan]Launching[/]</rich_start>"</sky-payload>
<sky-payload>"<rich_update>[bold cyan]Launching[/]  \u001b[2mView logs: sky api logs -l sky-2025-03-17-20-18-56-291914/provision.log\u001b[0m</rich_update>"</sky-payload>
<sky-payload>"<rich_update>[bold cyan]Launching[/]  \u001b[2mView logs: sky api logs -l sky-2025-03-17-20-18-56-291914/provision.log\u001b[0m</rich_update>"</sky-payload>
I 03-17 20:18:56 cloud_vm_ray_backend.py:1520] [0m⚙︎ Launching on AWS us-east-1[0m (us-east-1a,us-east-1b,us-east-1c,us-east-1d).
[2mW 03-17 20:18:59 config.py:590] sky-sg-ubuntu-52db already exists when creating.[0m
W 03-17 20:19:00 cloud_vm_ray_backend.py:2061] sky.exceptions.ResourcesUnavailableError: Failed to acquire resources in all zones in us-east-1 for {AWS(cpus=4, {'L4': 1})}. 
W 03-17 20:19:00 cloud_vm_ray_backend.py:2097] 
W 03-17 20:19:00 cloud_vm_ray_backend.py:2097] [0m[33m↺[0m Trying other potential resources.
<sky-payload>"<rich_update>[bold cyan]Looking for resources[/]  \u001b[2mView logs: sky api logs -l sky-2025-03-17-20-18-56-291914/provision.log\u001b[0m</rich_update>"</sky-payload>
<sky-payload>"<rich_update>[bold cyan]Optimizing[/]</rich_update>"</sky-payload>
<sky-payload>"<rich_start>[bold cyan]Launching[/]</rich_start>"</sky-payload>
I 03-17 20:19:00 optimizer.py:736] [1mTarget:[0m minimizing cost
I 03-17 20:19:00 optimizer.py:749] [1mEstimated cost: [0m$0.8 / hour
I 03-17 20:19:00 optimizer.py:749] 
I 03-17 20:19:00 optimizer.py:884] Considered resources (1 node):
I 03-17 20:19:00 optimizer.py:952] ----------------------------------------------------------------------------------------
I 03-17 20:19:00 optimizer.py:952]  CLOUD   INSTANCE    vCPUs   Mem(GB)   ACCELERATORS   REGION/ZONE   COST ($)   CHOSEN   
I 03-17 20:19:00 optimizer.py:952] ----------------------------------------------------------------------------------------
I 03-17 20:19:00 optimizer.py:952]  AWS     g6.xlarge   4       16        L4:1           us-east-2     0.80       [32m   ✔[0m     
I 03-17 20:19:00 optimizer.py:952] ----------------------------------------------------------------------------------------
<sky-payload>"<rich_update>[bold cyan]Looking for resources[/]  \u001b[2mView logs: sky api logs -l sky-2025-03-17-20-18-56-291914/provision.log\u001b[0m</rich_update>"</sky-payload>
<sky-payload>"<rich_update>[bold cyan]Launching[/]  \u001b[2mView logs: sky api logs -l sky-2025-03-17-20-18-56-291914/provision.log\u001b[0m</rich_update>"</sky-payload>
I 03-17 20:19:01 cloud_vm_ray_backend.py:1520] [0m⚙︎ Launching on AWS us-east-2[0m (us-east-2a,us-east-2b,us-east-2c).
[2mW 03-17 20:19:03 config.py:590] sky-sg-ubuntu-52db already exists when creating.[0m
W 03-17 20:19:05 cloud_vm_ray_backend.py:2061] sky.exceptions.ResourcesUnavailableError: Failed to acquire resources in all zones in us-east-2 for {AWS(cpus=4, {'L4': 1})}. 
W 03-17 20:19:05 cloud_vm_ray_backend.py:2097] 
W 03-17 20:19:05 cloud_vm_ray_backend.py:2097] [0m[33m↺[0m Trying other potential resources.
<sky-payload>"<rich_update>[bold cyan]Looking for resources[/]  \u001b[2mView logs: sky api logs -l sky-2025-03-17-20-18-56-291914/provision.log\u001b[0m</rich_update>"</sky-payload>
<sky-payload>"<rich_update>[bold cyan]Optimizing[/]</rich_update>"</sky-payload>
<sky-payload>"<rich_start>[bold cyan]Launching[/]</rich_start>"</sky-payload>
I 03-17 20:19:05 optimizer.py:736] [1mTarget:[0m minimizing cost
I 03-17 20:19:05 optimizer.py:749] [1mEstimated cost: [0m$0.8 / hour
I 03-17 20:19:05 optimizer.py:749] 
I 03-17 20:19:05 optimizer.py:884] Considered resources (1 node):
I 03-17 20:19:05 optimizer.py:952] ----------------------------------------------------------------------------------------
I 03-17 20:19:05 optimizer.py:952]  CLOUD   INSTANCE    vCPUs   Mem(GB)   ACCELERATORS   REGION/ZONE   COST ($)   CHOSEN   
I 03-17 20:19:05 optimizer.py:952] ----------------------------------------------------------------------------------------
I 03-17 20:19:05 optimizer.py:952]  AWS     g6.xlarge   4       16        L4:1           us-west-2     0.80       [32m   ✔[0m     
I 03-17 20:19:05 optimizer.py:952] ----------------------------------------------------------------------------------------
<sky-payload>"<rich_update>[bold cyan]Looking for resources[/]  \u001b[2mView logs: sky api logs -l sky-2025-03-17-20-18-56-291914/provision.log\u001b[0m</rich_update>"</sky-payload>
<sky-payload>"<rich_update>[bold cyan]Launching[/]  \u001b[2mView logs: sky api logs -l sky-2025-03-17-20-18-56-291914/provision.log\u001b[0m</rich_update>"</sky-payload>
I 03-17 20:19:05 cloud_vm_ray_backend.py:1520] [0m⚙︎ Launching on AWS us-west-2[0m (us-west-2a,us-west-2b,us-west-2c,us-west-2d).
[2mW 03-17 20:19:08 config.py:590] sky-sg-ubuntu-52db already exists when creating.[0m
W 03-17 20:19:10 cloud_vm_ray_backend.py:2061] sky.exceptions.ResourcesUnavailableError: Failed to acquire resources in all zones in us-west-2 for {AWS(cpus=4, {'L4': 1})}. 
W 03-17 20:19:10 cloud_vm_ray_backend.py:2097] 
W 03-17 20:19:10 cloud_vm_ray_backend.py:2097] [0m[33m↺[0m Trying other potential resources.
<sky-payload>"<rich_update>[bold cyan]Looking for resources[/]  \u001b[2mView logs: sky api logs -l sky-2025-03-17-20-18-56-291914/provision.log\u001b[0m</rich_update>"</sky-payload>
<sky-payload>"<rich_update>[bold cyan]Optimizing[/]</rich_update>"</sky-payload>
<sky-payload>"<rich_start>[bold cyan]Launching[/]</rich_start>"</sky-payload>
I 03-17 20:19:10 optimizer.py:736] [1mTarget:[0m minimizing cost
I 03-17 20:19:10 optimizer.py:749] [1mEstimated cost: [0m$0.9 / hour
I 03-17 20:19:10 optimizer.py:749] 
I 03-17 20:19:10 optimizer.py:884] Considered resources (1 node):
I 03-17 20:19:10 optimizer.py:952] ----------------------------------------------------------------------------------------
I 03-17 20:19:10 optimizer.py:952]  CLOUD   INSTANCE    vCPUs   Mem(GB)   ACCELERATORS   REGION/ZONE   COST ($)   CHOSEN   
I 03-17 20:19:10 optimizer.py:952] ----------------------------------------------------------------------------------------
I 03-17 20:19:10 optimizer.py:952]  AWS     g6.xlarge   4       16        L4:1           eu-north-1    0.85       [32m   ✔[0m     
I 03-17 20:19:10 optimizer.py:952] ----------------------------------------------------------------------------------------
<sky-payload>"<rich_update>[bold cyan]Looking for resources[/]  \u001b[2mView logs: sky api logs -l sky-2025-03-17-20-18-56-291914/provision.log\u001b[0m</rich_update>"</sky-payload>
<sky-payload>"<rich_update>[bold cyan]Launching[/]  \u001b[2mView logs: sky api logs -l sky-2025-03-17-20-18-56-291914/provision.log\u001b[0m</rich_update>"</sky-payload>
I 03-17 20:19:10 cloud_vm_ray_backend.py:1520] [0m⚙︎ Launching on AWS eu-north-1[0m (eu-north-1a,eu-north-1b).
[2mW 03-17 20:19:14 config.py:590] sky-sg-ubuntu-52db already exists when creating.[0m
W 03-17 20:19:18 cloud_vm_ray_backend.py:2061] sky.exceptions.ResourcesUnavailableError: Failed to acquire resources in all zones in eu-north-1 for {AWS(cpus=4, {'L4': 1})}. 
W 03-17 20:19:18 cloud_vm_ray_backend.py:2097] 
W 03-17 20:19:18 cloud_vm_ray_backend.py:2097] [0m[33m↺[0m Trying other potential resources.
<sky-payload>"<rich_update>[bold cyan]Looking for resources[/]  \u001b[2mView logs: sky api logs -l sky-2025-03-17-20-18-56-291914/provision.log\u001b[0m</rich_update>"</sky-payload>
<sky-payload>"<rich_update>[bold cyan]Optimizing[/]</rich_update>"</sky-payload>
<sky-payload>"<rich_start>[bold cyan]Launching[/]</rich_start>"</sky-payload>
I 03-17 20:19:18 optimizer.py:736] [1mTarget:[0m minimizing cost
I 03-17 20:19:18 optimizer.py:749] [1mEstimated cost: [0m$0.9 / hour
I 03-17 20:19:18 optimizer.py:749] 
I 03-17 20:19:18 optimizer.py:884] Considered resources (1 node):
I 03-17 20:19:18 optimizer.py:952] -----------------------------------------------------------------------------------------
I 03-17 20:19:18 optimizer.py:952]  CLOUD   INSTANCE    vCPUs   Mem(GB)   ACCELERATORS   REGION/ZONE    COST ($)   CHOSEN   
I 03-17 20:19:18 optimizer.py:952] -----------------------------------------------------------------------------------------
I 03-17 20:19:18 optimizer.py:952]  AWS     g6.xlarge   4       16        L4:1           ca-central-1   0.89       [32m   ✔[0m     
I 03-17 20:19:18 optimizer.py:952] -----------------------------------------------------------------------------------------
<sky-payload>"<rich_update>[bold cyan]Looking for resources[/]  \u001b[2mView logs: sky api logs -l sky-2025-03-17-20-18-56-291914/provision.log\u001b[0m</rich_update>"</sky-payload>
<sky-payload>"<rich_update>[bold cyan]Launching[/]  \u001b[2mView logs: sky api logs -l sky-2025-03-17-20-18-56-291914/provision.log\u001b[0m</rich_update>"</sky-payload>
I 03-17 20:19:18 cloud_vm_ray_backend.py:1520] [0m⚙︎ Launching on AWS ca-central-1[0m (ca-central-1a,ca-central-1b).
[2mW 03-17 20:19:20 config.py:590] sky-sg-ubuntu-52db already exists when creating.[0m
W 03-17 20:19:21 cloud_vm_ray_backend.py:2061] sky.exceptions.ResourcesUnavailableError: Failed to acquire resources in all zones in ca-central-1 for {AWS(cpus=4, {'L4': 1})}. 
W 03-17 20:19:21 cloud_vm_ray_backend.py:2097] 
W 03-17 20:19:21 cloud_vm_ray_backend.py:2097] [0m[33m↺[0m Trying other potential resources.
<sky-payload>"<rich_update>[bold cyan]Looking for resources[/]  \u001b[2mView logs: sky api logs -l sky-2025-03-17-20-18-56-291914/provision.log\u001b[0m</rich_update>"</sky-payload>
<sky-payload>"<rich_update>[bold cyan]Optimizing[/]</rich_update>"</sky-payload>
<sky-payload>"<rich_start>[bold cyan]Launching[/]</rich_start>"</sky-payload>
I 03-17 20:19:21 optimizer.py:736] [1mTarget:[0m minimizing cost
I 03-17 20:19:21 optimizer.py:749] [1mEstimated cost: [0m$1.0 / hour
I 03-17 20:19:21 optimizer.py:749] 
I 03-17 20:19:21 optimizer.py:884] Considered resources (1 node):
I 03-17 20:19:21 optimizer.py:952] ----------------------------------------------------------------------------------------
I 03-17 20:19:21 optimizer.py:952]  CLOUD   INSTANCE    vCPUs   Mem(GB)   ACCELERATORS   REGION/ZONE   COST ($)   CHOSEN   
I 03-17 20:19:21 optimizer.py:952] ----------------------------------------------------------------------------------------
I 03-17 20:19:21 optimizer.py:952]  AWS     g6.xlarge   4       16        L4:1           ap-south-1    0.97       [32m   ✔[0m     
I 03-17 20:19:21 optimizer.py:952] ----------------------------------------------------------------------------------------
<sky-payload>"<rich_update>[bold cyan]Looking for resources[/]  \u001b[2mView logs: sky api logs -l sky-2025-03-17-20-18-56-291914/provision.log\u001b[0m</rich_update>"</sky-payload>
<sky-payload>"<rich_update>[bold cyan]Launching[/]  \u001b[2mView logs: sky api logs -l sky-2025-03-17-20-18-56-291914/provision.log\u001b[0m</rich_update>"</sky-payload>
I 03-17 20:19:21 cloud_vm_ray_backend.py:1520] [0m⚙︎ Launching on AWS ap-south-1[0m (ap-south-1a,ap-south-1b).
<sky-payload>"<rich_update>[bold cyan]Launching - Checking instance status[/]  \u001b[2mView logs: sky api logs -l sky-2025-03-17-20-18-56-291914/provision.log\u001b[0m</rich_update>"</sky-payload>
<sky-payload>"<rich_update>[bold cyan]Launching - Waiting for SSH access[/]  \u001b[2mView logs: sky api logs -l sky-2025-03-17-20-18-56-291914/provision.log\u001b[0m</rich_update>"</sky-payload>
<sky-payload>"<rich_start>[bold cyan]Launching[/]</rich_start>"</sky-payload>
I 03-17 20:19:53 provisioner.py:451] [2m└── [0m[2mInstance is up.[0m
<sky-payload>"<rich_update>[bold cyan]Preparing SkyPilot runtime (1/3 - initializing)[/]  \u001b[2mView logs: sky api logs -l sky-2025-03-17-20-18-56-291914/provision.log\u001b[0m</rich_update>"</sky-payload>
<sky-payload>"<rich_update>[bold cyan]Preparing SkyPilot runtime (2/3 - dependencies)[/]  \u001b[2mView logs: sky api logs -l sky-2025-03-17-20-18-56-291914/provision.log\u001b[0m</rich_update>"</sky-payload>
<sky-payload>"<rich_update>[bold cyan]Preparing SkyPilot runtime (3/3 - runtime)[/]  \u001b[2mView logs: sky api logs -l sky-2025-03-17-20-18-56-291914/provision.log\u001b[0m</rich_update>"</sky-payload>
<sky-payload>"<rich_update>[bold cyan]Launching - Checking instance status[/]  \u001b[2mView logs: sky api logs -l sky-2025-03-17-20-18-56-291914/provision.log\u001b[0m</rich_update>"</sky-payload>
I 03-17 20:20:22 provisioner.py:632] [0m[32m✓ Cluster launched: compute-text-vectors-8.[0m  [2mView logs: sky api logs -l sky-2025-03-17-20-18-56-291914/provision.log[0m
<sky-payload>"<rich_exit></rich_exit>"</sky-payload>
I 03-17 20:20:22 execution.py:332] [0m⚙︎ Syncing files.
<sky-payload>"<rich_init>[bold cyan]Syncing files[/]</rich_init>"</sky-payload>
<sky-payload>"<rich_update>[bold cyan]Syncing files[/]</rich_update>"</sky-payload>
<sky-payload>"<rich_start>[bold cyan]Syncing files[/]</rich_start>"</sky-payload>
<sky-payload>"<rich_update>[bold cyan]Syncing file mounts[/]  \u001b[2mView logs: sky api logs -l sky-2025-03-17-20-18-56-291914/file_mounts.log\u001b[0m</rich_update>"</sky-payload>
I 03-17 20:20:22 backend_utils.py:1315]   [2mSyncing (to 1 node): s3://skypilot-filemounts-root-726f1974-8bs1qcv7/job-8bs1qcv7/workdir -> ~/sky_workdir[0m
I 03-17 20:20:25 cloud_vm_ray_backend.py:4801] [0m[32m✓ Synced file_mounts.[0m  [2mView logs: sky api logs -l sky-2025-03-17-20-18-56-291914/file_mounts.log[0m
<sky-payload>"<rich_update>[bold cyan]Mounting 1 storage[/]  \u001b[2mView logs: sky api logs -l sky-2025-03-17-20-18-56-291914/storage_mounts.log\u001b[0m</rich_update>"</sky-payload>
I 03-17 20:20:25 backend_utils.py:1315]   [2mMounting (to 1 node): s3://sky-text-embeddings-multi-cluster-final -> /output[0m
I 03-17 20:20:30 cloud_vm_ray_backend.py:4892] [0m[32m✓ Storage mounted.[0m  [2mView logs: sky api logs -l sky-2025-03-17-20-18-56-291914/storage_mounts.log[0m
<sky-payload>"<rich_exit></rich_exit>"</sky-payload>
<sky-payload>"<rich_init>[bold cyan]Running setup[/]</rich_init>"</sky-payload>
<sky-payload>"<rich_update>[bold cyan]Running setup[/]</rich_update>"</sky-payload>
<sky-payload>"<rich_start>[bold cyan]Running setup[/]</rich_start>"</sky-payload>
<sky-payload>"<rich_stop></rich_stop>"</sky-payload>
I 03-17 20:20:34 cloud_vm_ray_backend.py:3357] [0m[32m✓ Setup detached.[0m
<sky-payload>"<rich_exit></rich_exit>"</sky-payload>
<sky-payload>"<rich_init>[bold cyan]Submitting job[/]</rich_init>"</sky-payload>
<sky-payload>"<rich_update>[bold cyan]Submitting job[/]</rich_update>"</sky-payload>
<sky-payload>"<rich_start>[bold cyan]Submitting job[/]</rich_start>"</sky-payload>
I 03-17 20:20:37 cloud_vm_ray_backend.py:3460] [0m⚙︎ Job submitted, ID: 1
<sky-payload>"<rich_stop></rich_stop>"</sky-payload>
<sky-payload>"<rich_exit></rich_exit>"</sky-payload>

[?25hI 03-17 20:20:37 recovery_strategy.py:289] Managed job cluster launched.
I 03-17 20:20:41 utils.py:131] === Checking the job status... ===
I 03-17 20:20:42 utils.py:137] Job status: JobStatus.SETTING_UP
I 03-17 20:20:42 utils.py:140] ==================================
I 03-17 20:20:43 state.py:471] Job started.
I 03-17 20:21:03 utils.py:131] === Checking the job status... ===
I 03-17 20:21:04 utils.py:137] Job status: JobStatus.SETTING_UP
I 03-17 20:21:04 utils.py:140] ==================================
I 03-17 20:21:24 utils.py:131] === Checking the job status... ===
I 03-17 20:21:26 utils.py:137] Job status: JobStatus.SETTING_UP
I 03-17 20:21:26 utils.py:140] ==================================
I 03-17 20:21:46 utils.py:131] === Checking the job status... ===
I 03-17 20:21:47 utils.py:137] Job status: JobStatus.SETTING_UP
I 03-17 20:21:47 utils.py:140] ==================================
I 03-17 20:22:07 utils.py:131] === Checking the job status... ===
I 03-17 20:22:08 utils.py:137] Job status: JobStatus.SETTING_UP
I 03-17 20:22:08 utils.py:140] ==================================
I 03-17 20:22:28 utils.py:131] === Checking the job status... ===
I 03-17 20:22:29 utils.py:137] Job status: JobStatus.SETTING_UP
I 03-17 20:22:29 utils.py:140] ==================================
I 03-17 20:22:49 utils.py:131] === Checking the job status... ===
I 03-17 20:22:50 utils.py:137] Job status: JobStatus.RUNNING
I 03-17 20:22:50 utils.py:140] ==================================
I 03-17 20:23:10 utils.py:131] === Checking the job status... ===
I 03-17 20:23:11 utils.py:137] Job status: JobStatus.RUNNING
I 03-17 20:23:11 utils.py:140] ==================================
I 03-17 20:23:31 utils.py:131] === Checking the job status... ===
I 03-17 20:23:32 utils.py:137] Job status: JobStatus.RUNNING
I 03-17 20:23:32 utils.py:140] ==================================
I 03-17 20:23:52 utils.py:131] === Checking the job status... ===
I 03-17 20:23:53 utils.py:137] Job status: JobStatus.RUNNING
I 03-17 20:23:53 utils.py:140] ==================================
I 03-17 20:24:13 utils.py:131] === Checking the job status... ===
I 03-17 20:24:14 utils.py:137] Job status: JobStatus.RUNNING
I 03-17 20:24:14 utils.py:140] ==================================
I 03-17 20:24:34 utils.py:131] === Checking the job status... ===
I 03-17 20:24:35 utils.py:137] Job status: JobStatus.RUNNING
I 03-17 20:24:35 utils.py:140] ==================================
I 03-17 20:24:55 utils.py:131] === Checking the job status... ===
I 03-17 20:24:57 utils.py:137] Job status: JobStatus.RUNNING
I 03-17 20:24:57 utils.py:140] ==================================
I 03-17 20:25:17 utils.py:131] === Checking the job status... ===
I 03-17 20:25:18 utils.py:137] Job status: JobStatus.RUNNING
I 03-17 20:25:18 utils.py:140] ==================================
I 03-17 20:25:38 utils.py:131] === Checking the job status... ===
I 03-17 20:25:39 utils.py:137] Job status: JobStatus.RUNNING
I 03-17 20:25:39 utils.py:140] ==================================
I 03-17 20:25:59 utils.py:131] === Checking the job status... ===
I 03-17 20:26:00 utils.py:137] Job status: JobStatus.RUNNING
I 03-17 20:26:00 utils.py:140] ==================================
I 03-17 20:26:20 utils.py:131] === Checking the job status... ===
I 03-17 20:26:22 utils.py:137] Job status: JobStatus.RUNNING
I 03-17 20:26:22 utils.py:140] ==================================
I 03-17 20:26:42 utils.py:131] === Checking the job status... ===
I 03-17 20:26:45 utils.py:137] Job status: JobStatus.RUNNING
I 03-17 20:26:45 utils.py:140] ==================================
I 03-17 20:27:05 utils.py:131] === Checking the job status... ===
I 03-17 20:27:09 utils.py:137] Job status: JobStatus.RUNNING
I 03-17 20:27:09 utils.py:140] ==================================
I 03-17 20:27:29 utils.py:131] === Checking the job status... ===
I 03-17 20:27:30 utils.py:137] Job status: JobStatus.RUNNING
I 03-17 20:27:30 utils.py:140] ==================================
I 03-17 20:27:50 utils.py:131] === Checking the job status... ===
I 03-17 20:27:51 utils.py:137] Job status: JobStatus.RUNNING
I 03-17 20:27:51 utils.py:140] ==================================
I 03-17 20:28:12 utils.py:131] === Checking the job status... ===
I 03-17 20:28:13 utils.py:137] Job status: JobStatus.RUNNING
I 03-17 20:28:13 utils.py:140] ==================================
I 03-17 20:28:33 utils.py:131] === Checking the job status... ===
I 03-17 20:28:34 utils.py:137] Job status: JobStatus.RUNNING
I 03-17 20:28:34 utils.py:140] ==================================
I 03-17 20:28:54 utils.py:131] === Checking the job status... ===
I 03-17 20:28:55 utils.py:137] Job status: JobStatus.RUNNING
I 03-17 20:28:55 utils.py:140] ==================================
I 03-17 20:29:15 utils.py:131] === Checking the job status... ===
I 03-17 20:29:16 utils.py:137] Job status: JobStatus.RUNNING
I 03-17 20:29:16 utils.py:140] ==================================
I 03-17 20:29:36 utils.py:131] === Checking the job status... ===
I 03-17 20:29:37 utils.py:137] Job status: JobStatus.RUNNING
I 03-17 20:29:37 utils.py:140] ==================================
I 03-17 20:29:57 utils.py:131] === Checking the job status... ===
I 03-17 20:29:58 utils.py:137] Job status: JobStatus.RUNNING
I 03-17 20:29:58 utils.py:140] ==================================
I 03-17 20:30:18 utils.py:131] === Checking the job status... ===
I 03-17 20:30:19 utils.py:137] Job status: JobStatus.RUNNING
I 03-17 20:30:19 utils.py:140] ==================================
I 03-17 20:30:39 utils.py:131] === Checking the job status... ===
I 03-17 20:30:40 utils.py:137] Job status: JobStatus.RUNNING
I 03-17 20:30:40 utils.py:140] ==================================
I 03-17 20:31:00 utils.py:131] === Checking the job status... ===
I 03-17 20:31:01 utils.py:137] Job status: JobStatus.RUNNING
I 03-17 20:31:01 utils.py:140] ==================================
I 03-17 20:31:21 utils.py:131] === Checking the job status... ===
I 03-17 20:31:22 utils.py:137] Job status: JobStatus.RUNNING
I 03-17 20:31:22 utils.py:140] ==================================
I 03-17 20:31:42 utils.py:131] === Checking the job status... ===
I 03-17 20:31:43 utils.py:137] Job status: JobStatus.RUNNING
I 03-17 20:31:43 utils.py:140] ==================================
I 03-17 20:32:03 utils.py:131] === Checking the job status... ===
I 03-17 20:32:04 utils.py:137] Job status: JobStatus.RUNNING
I 03-17 20:32:04 utils.py:140] ==================================
I 03-17 20:32:25 utils.py:131] === Checking the job status... ===
I 03-17 20:32:26 utils.py:137] Job status: JobStatus.RUNNING
I 03-17 20:32:26 utils.py:140] ==================================
I 03-17 20:32:46 utils.py:131] === Checking the job status... ===
I 03-17 20:32:47 utils.py:137] Job status: JobStatus.RUNNING
I 03-17 20:32:47 utils.py:140] ==================================
I 03-17 20:33:07 utils.py:131] === Checking the job status... ===
I 03-17 20:33:08 utils.py:137] Job status: JobStatus.RUNNING
I 03-17 20:33:08 utils.py:140] ==================================
I 03-17 20:33:28 utils.py:131] === Checking the job status... ===
I 03-17 20:33:29 utils.py:137] Job status: JobStatus.RUNNING
I 03-17 20:33:29 utils.py:140] ==================================
I 03-17 20:33:49 utils.py:131] === Checking the job status... ===
I 03-17 20:33:50 utils.py:137] Job status: JobStatus.RUNNING
I 03-17 20:33:50 utils.py:140] ==================================
I 03-17 20:34:10 utils.py:131] === Checking the job status... ===
I 03-17 20:34:11 utils.py:137] Job status: JobStatus.RUNNING
I 03-17 20:34:11 utils.py:140] ==================================
I 03-17 20:34:31 utils.py:131] === Checking the job status... ===
I 03-17 20:34:32 utils.py:137] Job status: JobStatus.RUNNING
I 03-17 20:34:32 utils.py:140] ==================================
I 03-17 20:34:52 utils.py:131] === Checking the job status... ===
I 03-17 20:34:53 utils.py:137] Job status: JobStatus.RUNNING
I 03-17 20:34:53 utils.py:140] ==================================
I 03-17 20:35:13 utils.py:131] === Checking the job status... ===
I 03-17 20:35:14 utils.py:137] Job status: JobStatus.RUNNING
I 03-17 20:35:14 utils.py:140] ==================================
I 03-17 20:35:34 utils.py:131] === Checking the job status... ===
I 03-17 20:35:35 utils.py:137] Job status: JobStatus.RUNNING
I 03-17 20:35:35 utils.py:140] ==================================
I 03-17 20:35:55 utils.py:131] === Checking the job status... ===
I 03-17 20:35:56 utils.py:137] Job status: JobStatus.RUNNING
I 03-17 20:35:56 utils.py:140] ==================================
I 03-17 20:36:17 utils.py:131] === Checking the job status... ===
I 03-17 20:36:17 utils.py:137] Job status: JobStatus.RUNNING
I 03-17 20:36:17 utils.py:140] ==================================
I 03-17 20:36:38 utils.py:131] === Checking the job status... ===
I 03-17 20:36:39 utils.py:137] Job status: JobStatus.RUNNING
I 03-17 20:36:39 utils.py:140] ==================================
I 03-17 20:36:59 utils.py:131] === Checking the job status... ===
I 03-17 20:37:00 utils.py:137] Job status: JobStatus.RUNNING
I 03-17 20:37:00 utils.py:140] ==================================
I 03-17 20:37:20 utils.py:131] === Checking the job status... ===
I 03-17 20:37:21 utils.py:137] Job status: JobStatus.RUNNING
I 03-17 20:37:21 utils.py:140] ==================================
I 03-17 20:37:41 utils.py:131] === Checking the job status... ===
I 03-17 20:37:42 utils.py:137] Job status: JobStatus.RUNNING
I 03-17 20:37:42 utils.py:140] ==================================
I 03-17 20:38:02 utils.py:131] === Checking the job status... ===
I 03-17 20:38:03 utils.py:137] Job status: JobStatus.RUNNING
I 03-17 20:38:03 utils.py:140] ==================================
I 03-17 20:38:23 utils.py:131] === Checking the job status... ===
I 03-17 20:38:24 utils.py:137] Job status: JobStatus.RUNNING
I 03-17 20:38:24 utils.py:140] ==================================
I 03-17 20:38:44 utils.py:131] === Checking the job status... ===
I 03-17 20:38:45 utils.py:137] Job status: JobStatus.RUNNING
I 03-17 20:38:45 utils.py:140] ==================================
I 03-17 20:39:05 utils.py:131] === Checking the job status... ===
I 03-17 20:39:06 utils.py:137] Job status: JobStatus.RUNNING
I 03-17 20:39:06 utils.py:140] ==================================
I 03-17 20:39:26 utils.py:131] === Checking the job status... ===
I 03-17 20:39:28 utils.py:137] Job status: JobStatus.RUNNING
I 03-17 20:39:28 utils.py:140] ==================================
I 03-17 20:39:48 utils.py:131] === Checking the job status... ===
I 03-17 20:39:49 utils.py:137] Job status: JobStatus.RUNNING
I 03-17 20:39:49 utils.py:140] ==================================
I 03-17 20:40:09 utils.py:131] === Checking the job status... ===
I 03-17 20:40:10 utils.py:137] Job status: JobStatus.RUNNING
I 03-17 20:40:10 utils.py:140] ==================================
I 03-17 20:40:30 utils.py:131] === Checking the job status... ===
I 03-17 20:40:31 utils.py:137] Job status: JobStatus.RUNNING
I 03-17 20:40:31 utils.py:140] ==================================
I 03-17 20:40:51 utils.py:131] === Checking the job status... ===
I 03-17 20:40:52 utils.py:137] Job status: JobStatus.RUNNING
I 03-17 20:40:52 utils.py:140] ==================================
I 03-17 20:41:12 utils.py:131] === Checking the job status... ===
I 03-17 20:41:13 utils.py:137] Job status: JobStatus.RUNNING
I 03-17 20:41:13 utils.py:140] ==================================
I 03-17 20:41:33 utils.py:131] === Checking the job status... ===
I 03-17 20:41:34 utils.py:137] Job status: JobStatus.RUNNING
I 03-17 20:41:34 utils.py:140] ==================================
I 03-17 20:41:54 utils.py:131] === Checking the job status... ===
I 03-17 20:41:55 utils.py:137] Job status: JobStatus.RUNNING
I 03-17 20:41:55 utils.py:140] ==================================
I 03-17 20:42:15 utils.py:131] === Checking the job status... ===
I 03-17 20:42:16 utils.py:137] Job status: JobStatus.RUNNING
I 03-17 20:42:16 utils.py:140] ==================================
I 03-17 20:42:37 utils.py:131] === Checking the job status... ===
I 03-17 20:42:38 utils.py:137] Job status: JobStatus.RUNNING
I 03-17 20:42:38 utils.py:140] ==================================
I 03-17 20:42:58 utils.py:131] === Checking the job status... ===
I 03-17 20:42:59 utils.py:137] Job status: JobStatus.RUNNING
I 03-17 20:42:59 utils.py:140] ==================================
I 03-17 20:43:19 utils.py:131] === Checking the job status... ===
I 03-17 20:43:20 utils.py:137] Job status: JobStatus.RUNNING
I 03-17 20:43:20 utils.py:140] ==================================
I 03-17 20:43:40 utils.py:131] === Checking the job status... ===
I 03-17 20:43:41 utils.py:137] Job status: JobStatus.RUNNING
I 03-17 20:43:41 utils.py:140] ==================================
I 03-17 20:44:01 utils.py:131] === Checking the job status... ===
I 03-17 20:44:02 utils.py:137] Job status: JobStatus.RUNNING
I 03-17 20:44:02 utils.py:140] ==================================
I 03-17 20:44:22 utils.py:131] === Checking the job status... ===
I 03-17 20:44:23 utils.py:137] Job status: JobStatus.RUNNING
I 03-17 20:44:23 utils.py:140] ==================================
I 03-17 20:44:43 utils.py:131] === Checking the job status... ===
I 03-17 20:44:44 utils.py:137] Job status: JobStatus.RUNNING
I 03-17 20:44:44 utils.py:140] ==================================
I 03-17 20:45:04 utils.py:131] === Checking the job status... ===
I 03-17 20:45:05 utils.py:137] Job status: JobStatus.RUNNING
I 03-17 20:45:05 utils.py:140] ==================================
I 03-17 20:45:26 utils.py:131] === Checking the job status... ===
I 03-17 20:45:27 utils.py:137] Job status: JobStatus.RUNNING
I 03-17 20:45:27 utils.py:140] ==================================
I 03-17 20:45:47 utils.py:131] === Checking the job status... ===
I 03-17 20:45:48 utils.py:137] Job status: JobStatus.RUNNING
I 03-17 20:45:48 utils.py:140] ==================================
I 03-17 20:46:08 utils.py:131] === Checking the job status... ===
I 03-17 20:46:09 utils.py:137] Job status: JobStatus.RUNNING
I 03-17 20:46:09 utils.py:140] ==================================
I 03-17 20:46:29 utils.py:131] === Checking the job status... ===
I 03-17 20:46:30 utils.py:137] Job status: JobStatus.RUNNING
I 03-17 20:46:30 utils.py:140] ==================================
I 03-17 20:46:50 utils.py:131] === Checking the job status... ===
I 03-17 20:46:51 utils.py:137] Job status: JobStatus.RUNNING
I 03-17 20:46:51 utils.py:140] ==================================
I 03-17 20:47:11 utils.py:131] === Checking the job status... ===
I 03-17 20:47:12 utils.py:137] Job status: JobStatus.RUNNING
I 03-17 20:47:12 utils.py:140] ==================================
I 03-17 20:47:32 utils.py:131] === Checking the job status... ===
I 03-17 20:47:33 utils.py:137] Job status: JobStatus.RUNNING
I 03-17 20:47:33 utils.py:140] ==================================
I 03-17 20:47:53 utils.py:131] === Checking the job status... ===
I 03-17 20:47:54 utils.py:137] Job status: JobStatus.RUNNING
I 03-17 20:47:54 utils.py:140] ==================================
I 03-17 20:48:14 utils.py:131] === Checking the job status... ===
I 03-17 20:48:15 utils.py:137] Job status: JobStatus.RUNNING
I 03-17 20:48:15 utils.py:140] ==================================
I 03-17 20:48:35 utils.py:131] === Checking the job status... ===
I 03-17 20:48:36 utils.py:137] Job status: JobStatus.RUNNING
I 03-17 20:48:36 utils.py:140] ==================================
I 03-17 20:48:57 utils.py:131] === Checking the job status... ===
I 03-17 20:48:58 utils.py:137] Job status: JobStatus.RUNNING
I 03-17 20:48:58 utils.py:140] ==================================
I 03-17 20:49:18 utils.py:131] === Checking the job status... ===
I 03-17 20:49:19 utils.py:137] Job status: JobStatus.RUNNING
I 03-17 20:49:19 utils.py:140] ==================================
I 03-17 20:49:39 utils.py:131] === Checking the job status... ===
I 03-17 20:49:40 utils.py:137] Job status: JobStatus.RUNNING
I 03-17 20:49:40 utils.py:140] ==================================
I 03-17 20:50:00 utils.py:131] === Checking the job status... ===
I 03-17 20:50:01 utils.py:137] Job status: JobStatus.RUNNING
I 03-17 20:50:01 utils.py:140] ==================================
I 03-17 20:50:21 utils.py:131] === Checking the job status... ===
I 03-17 20:50:22 utils.py:137] Job status: JobStatus.RUNNING
I 03-17 20:50:22 utils.py:140] ==================================
I 03-17 20:50:42 utils.py:131] === Checking the job status... ===
I 03-17 20:50:43 utils.py:137] Job status: JobStatus.RUNNING
I 03-17 20:50:43 utils.py:140] ==================================
I 03-17 20:51:03 utils.py:131] === Checking the job status... ===
I 03-17 20:51:04 utils.py:137] Job status: JobStatus.RUNNING
I 03-17 20:51:04 utils.py:140] ==================================
I 03-17 20:51:24 utils.py:131] === Checking the job status... ===
I 03-17 20:51:25 utils.py:137] Job status: JobStatus.RUNNING
I 03-17 20:51:25 utils.py:140] ==================================
I 03-17 20:51:45 utils.py:131] === Checking the job status... ===
I 03-17 20:51:46 utils.py:137] Job status: JobStatus.RUNNING
I 03-17 20:51:46 utils.py:140] ==================================
I 03-17 20:52:06 utils.py:131] === Checking the job status... ===
I 03-17 20:52:07 utils.py:137] Job status: JobStatus.RUNNING
I 03-17 20:52:07 utils.py:140] ==================================
