I 03-17 20:20:50 controller.py:59] DAG:
I 03-17 20:20:50 controller.py:59] [Task<name=compute-text-vectors>(run='# Initialize and dow...')
I 03-17 20:20:50 controller.py:59]   resources: AWS(cpus=4, {'L4': 1})]
I 03-17 20:20:50 controller.py:195] Submitted managed job 92 (task: 0, name: 'compute-text-vectors'); SKYPILOT_TASK_ID: sky-managed-2025-03-17-20-20-50-778875_compute-text-vectors_92-0
I 03-17 20:20:50 controller.py:199] Started monitoring.
I 03-17 20:20:50 state.py:451] Launching the spot cluster...
I 03-17 20:20:51 storage.py:1058] Storage type StoreType.S3 already exists.
<sky-payload>"<rich_init>[bold cyan]Optimizing[/]</rich_init>"</sky-payload>
<sky-payload>"<rich_update>[bold cyan]Optimizing[/]</rich_update>"</sky-payload>
<sky-payload>"<rich_start>[bold cyan]Optimizing[/]</rich_start>"</sky-payload>
I 03-17 20:20:51 optimizer.py:736] [1mTarget:[0m minimizing cost
I 03-17 20:20:51 optimizer.py:749] [1mEstimated cost: [0m$0.8 / hour
I 03-17 20:20:51 optimizer.py:749] 
I 03-17 20:20:51 optimizer.py:884] Considered resources (1 node):
I 03-17 20:20:51 optimizer.py:952] ----------------------------------------------------------------------------------------
I 03-17 20:20:51 optimizer.py:952]  CLOUD   INSTANCE    vCPUs   Mem(GB)   ACCELERATORS   REGION/ZONE   COST ($)   CHOSEN   
I 03-17 20:20:51 optimizer.py:952] ----------------------------------------------------------------------------------------
I 03-17 20:20:51 optimizer.py:952]  AWS     g6.xlarge   4       16        L4:1           us-east-1     0.80       [32m   ✔[0m     
I 03-17 20:20:51 optimizer.py:952] ----------------------------------------------------------------------------------------
<sky-payload>"<rich_exit></rich_exit>"</sky-payload>
<sky-payload>"<rich_init>[bold cyan]Launching[/]</rich_init>"</sky-payload>
<sky-payload>"<rich_update>[bold cyan]Launching[/]</rich_update>"</sky-payload>
<sky-payload>"<rich_start>[bold cyan]Launching[/]</rich_start>"</sky-payload>
<sky-payload>"<rich_update>[bold cyan]Launching[/]  \u001b[2mView logs: sky api logs -l sky-2025-03-17-20-20-51-398484/provision.log\u001b[0m</rich_update>"</sky-payload>
<sky-payload>"<rich_update>[bold cyan]Launching[/]  \u001b[2mView logs: sky api logs -l sky-2025-03-17-20-20-51-398484/provision.log\u001b[0m</rich_update>"</sky-payload>
I 03-17 20:20:52 cloud_vm_ray_backend.py:1520] [0m⚙︎ Launching on AWS us-east-1[0m (us-east-1a,us-east-1b,us-east-1c,us-east-1d).
[2mW 03-17 20:20:54 instance.py:243] create_instances: Attempt failed with An error occurred (VcpuLimitExceeded) when calling the RunInstances operation: You have requested more vCPU capacity than your current vCPU limit of 64 allows for the instance bucket that the specified instance type belongs to. Please visit http://aws.amazon.com/contact-us/ec2-request to request an adjustment to this limit.[0m
[2mW 03-17 20:21:00 instance.py:243] create_instances: Attempt failed with An error occurred (VcpuLimitExceeded) when calling the RunInstances operation: You have requested more vCPU capacity than your current vCPU limit of 64 allows for the instance bucket that the specified instance type belongs to. Please visit http://aws.amazon.com/contact-us/ec2-request to request an adjustment to this limit.[0m
[2mW 03-17 20:21:05 instance.py:243] create_instances: Attempt failed with An error occurred (VcpuLimitExceeded) when calling the RunInstances operation: You have requested more vCPU capacity than your current vCPU limit of 64 allows for the instance bucket that the specified instance type belongs to. Please visit http://aws.amazon.com/contact-us/ec2-request to request an adjustment to this limit.[0m
W 03-17 20:21:05 cloud_vm_ray_backend.py:2061] sky.exceptions.ResourcesUnavailableError: Failed to acquire resources in all zones in us-east-1 for {AWS(cpus=4, {'L4': 1})}. 
W 03-17 20:21:05 cloud_vm_ray_backend.py:2097] 
W 03-17 20:21:05 cloud_vm_ray_backend.py:2097] [0m[33m↺[0m Trying other potential resources.
<sky-payload>"<rich_update>[bold cyan]Looking for resources[/]  \u001b[2mView logs: sky api logs -l sky-2025-03-17-20-20-51-398484/provision.log\u001b[0m</rich_update>"</sky-payload>
<sky-payload>"<rich_update>[bold cyan]Optimizing[/]</rich_update>"</sky-payload>
<sky-payload>"<rich_start>[bold cyan]Launching[/]</rich_start>"</sky-payload>
I 03-17 20:21:06 optimizer.py:736] [1mTarget:[0m minimizing cost
I 03-17 20:21:06 optimizer.py:749] [1mEstimated cost: [0m$0.8 / hour
I 03-17 20:21:06 optimizer.py:749] 
I 03-17 20:21:06 optimizer.py:884] Considered resources (1 node):
I 03-17 20:21:06 optimizer.py:952] ----------------------------------------------------------------------------------------
I 03-17 20:21:06 optimizer.py:952]  CLOUD   INSTANCE    vCPUs   Mem(GB)   ACCELERATORS   REGION/ZONE   COST ($)   CHOSEN   
I 03-17 20:21:06 optimizer.py:952] ----------------------------------------------------------------------------------------
I 03-17 20:21:06 optimizer.py:952]  AWS     g6.xlarge   4       16        L4:1           us-east-2     0.80       [32m   ✔[0m     
I 03-17 20:21:06 optimizer.py:952] ----------------------------------------------------------------------------------------
<sky-payload>"<rich_update>[bold cyan]Looking for resources[/]  \u001b[2mView logs: sky api logs -l sky-2025-03-17-20-20-51-398484/provision.log\u001b[0m</rich_update>"</sky-payload>
<sky-payload>"<rich_update>[bold cyan]Launching[/]  \u001b[2mView logs: sky api logs -l sky-2025-03-17-20-20-51-398484/provision.log\u001b[0m</rich_update>"</sky-payload>
I 03-17 20:21:06 cloud_vm_ray_backend.py:1520] [0m⚙︎ Launching on AWS us-east-2[0m (us-east-2a,us-east-2b,us-east-2c).
[2mW 03-17 20:21:09 instance.py:243] create_instances: Attempt failed with An error occurred (VcpuLimitExceeded) when calling the RunInstances operation: You have requested more vCPU capacity than your current vCPU limit of 128 allows for the instance bucket that the specified instance type belongs to. Please visit http://aws.amazon.com/contact-us/ec2-request to request an adjustment to this limit.[0m
[2mW 03-17 20:21:09 instance.py:243] create_instances: Attempt failed with An error occurred (VcpuLimitExceeded) when calling the RunInstances operation: You have requested more vCPU capacity than your current vCPU limit of 128 allows for the instance bucket that the specified instance type belongs to. Please visit http://aws.amazon.com/contact-us/ec2-request to request an adjustment to this limit.[0m
[2mW 03-17 20:21:10 instance.py:243] create_instances: Attempt failed with An error occurred (VcpuLimitExceeded) when calling the RunInstances operation: You have requested more vCPU capacity than your current vCPU limit of 128 allows for the instance bucket that the specified instance type belongs to. Please visit http://aws.amazon.com/contact-us/ec2-request to request an adjustment to this limit.[0m
W 03-17 20:21:11 cloud_vm_ray_backend.py:2061] sky.exceptions.ResourcesUnavailableError: Failed to acquire resources in all zones in us-east-2 for {AWS(cpus=4, {'L4': 1})}. 
W 03-17 20:21:11 cloud_vm_ray_backend.py:2097] 
W 03-17 20:21:11 cloud_vm_ray_backend.py:2097] [0m[33m↺[0m Trying other potential resources.
<sky-payload>"<rich_update>[bold cyan]Looking for resources[/]  \u001b[2mView logs: sky api logs -l sky-2025-03-17-20-20-51-398484/provision.log\u001b[0m</rich_update>"</sky-payload>
<sky-payload>"<rich_update>[bold cyan]Optimizing[/]</rich_update>"</sky-payload>
<sky-payload>"<rich_start>[bold cyan]Launching[/]</rich_start>"</sky-payload>
I 03-17 20:21:11 optimizer.py:736] [1mTarget:[0m minimizing cost
I 03-17 20:21:11 optimizer.py:749] [1mEstimated cost: [0m$0.8 / hour
I 03-17 20:21:11 optimizer.py:749] 
I 03-17 20:21:11 optimizer.py:884] Considered resources (1 node):
I 03-17 20:21:11 optimizer.py:952] ----------------------------------------------------------------------------------------
I 03-17 20:21:11 optimizer.py:952]  CLOUD   INSTANCE    vCPUs   Mem(GB)   ACCELERATORS   REGION/ZONE   COST ($)   CHOSEN   
I 03-17 20:21:11 optimizer.py:952] ----------------------------------------------------------------------------------------
I 03-17 20:21:11 optimizer.py:952]  AWS     g6.xlarge   4       16        L4:1           us-west-2     0.80       [32m   ✔[0m     
I 03-17 20:21:11 optimizer.py:952] ----------------------------------------------------------------------------------------
<sky-payload>"<rich_update>[bold cyan]Looking for resources[/]  \u001b[2mView logs: sky api logs -l sky-2025-03-17-20-20-51-398484/provision.log\u001b[0m</rich_update>"</sky-payload>
<sky-payload>"<rich_update>[bold cyan]Launching[/]  \u001b[2mView logs: sky api logs -l sky-2025-03-17-20-20-51-398484/provision.log\u001b[0m</rich_update>"</sky-payload>
I 03-17 20:21:11 cloud_vm_ray_backend.py:1520] [0m⚙︎ Launching on AWS us-west-2[0m (us-west-2a,us-west-2b,us-west-2c,us-west-2d).
[2mW 03-17 20:21:22 instance.py:243] create_instances: Attempt failed with An error occurred (VcpuLimitExceeded) when calling the RunInstances operation: You have requested more vCPU capacity than your current vCPU limit of 64 allows for the instance bucket that the specified instance type belongs to. Please visit http://aws.amazon.com/contact-us/ec2-request to request an adjustment to this limit.[0m
[2mW 03-17 20:21:23 instance.py:243] create_instances: Attempt failed with An error occurred (VcpuLimitExceeded) when calling the RunInstances operation: You have requested more vCPU capacity than your current vCPU limit of 64 allows for the instance bucket that the specified instance type belongs to. Please visit http://aws.amazon.com/contact-us/ec2-request to request an adjustment to this limit.[0m
[2mW 03-17 20:21:24 instance.py:243] create_instances: Attempt failed with An error occurred (VcpuLimitExceeded) when calling the RunInstances operation: You have requested more vCPU capacity than your current vCPU limit of 64 allows for the instance bucket that the specified instance type belongs to. Please visit http://aws.amazon.com/contact-us/ec2-request to request an adjustment to this limit.[0m
[2mW 03-17 20:21:25 instance.py:243] create_instances: Attempt failed with An error occurred (VcpuLimitExceeded) when calling the RunInstances operation: You have requested more vCPU capacity than your current vCPU limit of 64 allows for the instance bucket that the specified instance type belongs to. Please visit http://aws.amazon.com/contact-us/ec2-request to request an adjustment to this limit.[0m
W 03-17 20:21:25 cloud_vm_ray_backend.py:2061] sky.exceptions.ResourcesUnavailableError: Failed to acquire resources in all zones in us-west-2 for {AWS(cpus=4, {'L4': 1})}. 
W 03-17 20:21:25 cloud_vm_ray_backend.py:2097] 
W 03-17 20:21:25 cloud_vm_ray_backend.py:2097] [0m[33m↺[0m Trying other potential resources.
<sky-payload>"<rich_update>[bold cyan]Looking for resources[/]  \u001b[2mView logs: sky api logs -l sky-2025-03-17-20-20-51-398484/provision.log\u001b[0m</rich_update>"</sky-payload>
<sky-payload>"<rich_update>[bold cyan]Optimizing[/]</rich_update>"</sky-payload>
<sky-payload>"<rich_start>[bold cyan]Launching[/]</rich_start>"</sky-payload>
I 03-17 20:21:25 optimizer.py:736] [1mTarget:[0m minimizing cost
I 03-17 20:21:25 optimizer.py:749] [1mEstimated cost: [0m$0.9 / hour
I 03-17 20:21:25 optimizer.py:749] 
I 03-17 20:21:25 optimizer.py:884] Considered resources (1 node):
I 03-17 20:21:25 optimizer.py:952] ----------------------------------------------------------------------------------------
I 03-17 20:21:25 optimizer.py:952]  CLOUD   INSTANCE    vCPUs   Mem(GB)   ACCELERATORS   REGION/ZONE   COST ($)   CHOSEN   
I 03-17 20:21:25 optimizer.py:952] ----------------------------------------------------------------------------------------
I 03-17 20:21:25 optimizer.py:952]  AWS     g6.xlarge   4       16        L4:1           eu-north-1    0.85       [32m   ✔[0m     
I 03-17 20:21:25 optimizer.py:952] ----------------------------------------------------------------------------------------
<sky-payload>"<rich_update>[bold cyan]Looking for resources[/]  \u001b[2mView logs: sky api logs -l sky-2025-03-17-20-20-51-398484/provision.log\u001b[0m</rich_update>"</sky-payload>
<sky-payload>"<rich_update>[bold cyan]Launching[/]  \u001b[2mView logs: sky api logs -l sky-2025-03-17-20-20-51-398484/provision.log\u001b[0m</rich_update>"</sky-payload>
I 03-17 20:21:25 cloud_vm_ray_backend.py:1520] [0m⚙︎ Launching on AWS eu-north-1[0m (eu-north-1a,eu-north-1b).
<sky-payload>"<rich_update>[bold cyan]Launching - Checking instance status[/]  \u001b[2mView logs: sky api logs -l sky-2025-03-17-20-20-51-398484/provision.log\u001b[0m</rich_update>"</sky-payload>
<sky-payload>"<rich_update>[bold cyan]Launching - Waiting for SSH access[/]  \u001b[2mView logs: sky api logs -l sky-2025-03-17-20-20-51-398484/provision.log\u001b[0m</rich_update>"</sky-payload>
<sky-payload>"<rich_start>[bold cyan]Launching[/]</rich_start>"</sky-payload>
I 03-17 20:21:58 provisioner.py:451] [2m└── [0m[2mInstance is up.[0m
<sky-payload>"<rich_update>[bold cyan]Preparing SkyPilot runtime (1/3 - initializing)[/]  \u001b[2mView logs: sky api logs -l sky-2025-03-17-20-20-51-398484/provision.log\u001b[0m</rich_update>"</sky-payload>
<sky-payload>"<rich_update>[bold cyan]Preparing SkyPilot runtime (2/3 - dependencies)[/]  \u001b[2mView logs: sky api logs -l sky-2025-03-17-20-20-51-398484/provision.log\u001b[0m</rich_update>"</sky-payload>
<sky-payload>"<rich_update>[bold cyan]Preparing SkyPilot runtime (3/3 - runtime)[/]  \u001b[2mView logs: sky api logs -l sky-2025-03-17-20-20-51-398484/provision.log\u001b[0m</rich_update>"</sky-payload>
<sky-payload>"<rich_update>[bold cyan]Launching - Checking instance status[/]  \u001b[2mView logs: sky api logs -l sky-2025-03-17-20-20-51-398484/provision.log\u001b[0m</rich_update>"</sky-payload>
I 03-17 20:22:23 provisioner.py:632] [0m[32m✓ Cluster launched: compute-text-vectors-92.[0m  [2mView logs: sky api logs -l sky-2025-03-17-20-20-51-398484/provision.log[0m
<sky-payload>"<rich_exit></rich_exit>"</sky-payload>
I 03-17 20:22:23 execution.py:332] [0m⚙︎ Syncing files.
<sky-payload>"<rich_init>[bold cyan]Syncing files[/]</rich_init>"</sky-payload>
<sky-payload>"<rich_update>[bold cyan]Syncing files[/]</rich_update>"</sky-payload>
<sky-payload>"<rich_start>[bold cyan]Syncing files[/]</rich_start>"</sky-payload>
<sky-payload>"<rich_update>[bold cyan]Syncing file mounts[/]  \u001b[2mView logs: sky api logs -l sky-2025-03-17-20-20-51-398484/file_mounts.log\u001b[0m</rich_update>"</sky-payload>
I 03-17 20:22:23 backend_utils.py:1315]   [2mSyncing (to 1 node): s3://skypilot-filemounts-root-726f1974-a4rhwldh/job-a4rhwldh/workdir -> ~/sky_workdir[0m
I 03-17 20:22:26 cloud_vm_ray_backend.py:4801] [0m[32m✓ Synced file_mounts.[0m  [2mView logs: sky api logs -l sky-2025-03-17-20-20-51-398484/file_mounts.log[0m
<sky-payload>"<rich_update>[bold cyan]Mounting 1 storage[/]  \u001b[2mView logs: sky api logs -l sky-2025-03-17-20-20-51-398484/storage_mounts.log\u001b[0m</rich_update>"</sky-payload>
I 03-17 20:22:26 backend_utils.py:1315]   [2mMounting (to 1 node): s3://sky-text-embeddings-multi-cluster-final -> /output[0m
I 03-17 20:22:29 cloud_vm_ray_backend.py:4892] [0m[32m✓ Storage mounted.[0m  [2mView logs: sky api logs -l sky-2025-03-17-20-20-51-398484/storage_mounts.log[0m
<sky-payload>"<rich_exit></rich_exit>"</sky-payload>
<sky-payload>"<rich_init>[bold cyan]Running setup[/]</rich_init>"</sky-payload>
<sky-payload>"<rich_update>[bold cyan]Running setup[/]</rich_update>"</sky-payload>
<sky-payload>"<rich_start>[bold cyan]Running setup[/]</rich_start>"</sky-payload>
<sky-payload>"<rich_stop></rich_stop>"</sky-payload>
I 03-17 20:22:31 cloud_vm_ray_backend.py:3357] [0m[32m✓ Setup detached.[0m
<sky-payload>"<rich_exit></rich_exit>"</sky-payload>
<sky-payload>"<rich_init>[bold cyan]Submitting job[/]</rich_init>"</sky-payload>
<sky-payload>"<rich_update>[bold cyan]Submitting job[/]</rich_update>"</sky-payload>
<sky-payload>"<rich_start>[bold cyan]Submitting job[/]</rich_start>"</sky-payload>
I 03-17 20:22:34 cloud_vm_ray_backend.py:3460] [0m⚙︎ Job submitted, ID: 1
<sky-payload>"<rich_stop></rich_stop>"</sky-payload>
<sky-payload>"<rich_exit></rich_exit>"</sky-payload>

[?25hI 03-17 20:22:34 recovery_strategy.py:289] Managed job cluster launched.
I 03-17 20:22:38 utils.py:131] === Checking the job status... ===
I 03-17 20:22:38 utils.py:137] Job status: JobStatus.SETTING_UP
I 03-17 20:22:38 utils.py:140] ==================================
I 03-17 20:22:39 state.py:471] Job started.
I 03-17 20:22:59 utils.py:131] === Checking the job status... ===
I 03-17 20:23:00 utils.py:137] Job status: JobStatus.SETTING_UP
I 03-17 20:23:00 utils.py:140] ==================================
I 03-17 20:23:20 utils.py:131] === Checking the job status... ===
I 03-17 20:23:21 utils.py:137] Job status: JobStatus.SETTING_UP
I 03-17 20:23:21 utils.py:140] ==================================
I 03-17 20:23:41 utils.py:131] === Checking the job status... ===
I 03-17 20:23:42 utils.py:137] Job status: JobStatus.SETTING_UP
I 03-17 20:23:42 utils.py:140] ==================================
I 03-17 20:24:02 utils.py:131] === Checking the job status... ===
I 03-17 20:24:03 utils.py:137] Job status: JobStatus.SETTING_UP
I 03-17 20:24:03 utils.py:140] ==================================
I 03-17 20:24:23 utils.py:131] === Checking the job status... ===
I 03-17 20:24:24 utils.py:137] Job status: JobStatus.SETTING_UP
I 03-17 20:24:24 utils.py:140] ==================================
I 03-17 20:24:44 utils.py:131] === Checking the job status... ===
I 03-17 20:24:45 utils.py:137] Job status: JobStatus.RUNNING
I 03-17 20:24:45 utils.py:140] ==================================
I 03-17 20:25:06 utils.py:131] === Checking the job status... ===
I 03-17 20:25:07 utils.py:137] Job status: JobStatus.RUNNING
I 03-17 20:25:07 utils.py:140] ==================================
I 03-17 20:25:27 utils.py:131] === Checking the job status... ===
I 03-17 20:25:29 utils.py:137] Job status: JobStatus.RUNNING
I 03-17 20:25:29 utils.py:140] ==================================
I 03-17 20:25:49 utils.py:131] === Checking the job status... ===
I 03-17 20:25:51 utils.py:137] Job status: JobStatus.RUNNING
I 03-17 20:25:51 utils.py:140] ==================================
I 03-17 20:26:11 utils.py:131] === Checking the job status... ===
I 03-17 20:26:13 utils.py:137] Job status: JobStatus.RUNNING
I 03-17 20:26:13 utils.py:140] ==================================
I 03-17 20:26:33 utils.py:131] === Checking the job status... ===
I 03-17 20:26:34 utils.py:137] Job status: JobStatus.RUNNING
I 03-17 20:26:34 utils.py:140] ==================================
I 03-17 20:26:54 utils.py:131] === Checking the job status... ===
I 03-17 20:26:55 utils.py:137] Job status: JobStatus.RUNNING
I 03-17 20:26:55 utils.py:140] ==================================
I 03-17 20:27:15 utils.py:131] === Checking the job status... ===
I 03-17 20:27:16 utils.py:137] Job status: JobStatus.RUNNING
I 03-17 20:27:16 utils.py:140] ==================================
I 03-17 20:27:36 utils.py:131] === Checking the job status... ===
I 03-17 20:27:37 utils.py:137] Job status: JobStatus.RUNNING
I 03-17 20:27:37 utils.py:140] ==================================
I 03-17 20:27:57 utils.py:131] === Checking the job status... ===
I 03-17 20:27:58 utils.py:137] Job status: JobStatus.RUNNING
I 03-17 20:27:58 utils.py:140] ==================================
I 03-17 20:28:18 utils.py:131] === Checking the job status... ===
I 03-17 20:28:19 utils.py:137] Job status: JobStatus.RUNNING
I 03-17 20:28:19 utils.py:140] ==================================
I 03-17 20:28:39 utils.py:131] === Checking the job status... ===
I 03-17 20:28:42 utils.py:137] Job status: JobStatus.RUNNING
I 03-17 20:28:42 utils.py:140] ==================================
I 03-17 20:29:02 utils.py:131] === Checking the job status... ===
I 03-17 20:29:06 utils.py:137] Job status: JobStatus.RUNNING
I 03-17 20:29:06 utils.py:140] ==================================
I 03-17 20:29:26 utils.py:131] === Checking the job status... ===
I 03-17 20:29:27 utils.py:137] Job status: JobStatus.RUNNING
I 03-17 20:29:27 utils.py:140] ==================================
I 03-17 20:29:47 utils.py:131] === Checking the job status... ===
I 03-17 20:29:48 utils.py:137] Job status: JobStatus.RUNNING
I 03-17 20:29:48 utils.py:140] ==================================
I 03-17 20:30:08 utils.py:131] === Checking the job status... ===
I 03-17 20:30:09 utils.py:137] Job status: JobStatus.RUNNING
I 03-17 20:30:09 utils.py:140] ==================================
I 03-17 20:30:29 utils.py:131] === Checking the job status... ===
I 03-17 20:30:30 utils.py:137] Job status: JobStatus.RUNNING
I 03-17 20:30:30 utils.py:140] ==================================
I 03-17 20:30:50 utils.py:131] === Checking the job status... ===
I 03-17 20:30:51 utils.py:137] Job status: JobStatus.RUNNING
I 03-17 20:30:51 utils.py:140] ==================================
I 03-17 20:31:11 utils.py:131] === Checking the job status... ===
I 03-17 20:31:12 utils.py:137] Job status: JobStatus.RUNNING
I 03-17 20:31:12 utils.py:140] ==================================
I 03-17 20:31:32 utils.py:131] === Checking the job status... ===
I 03-17 20:31:33 utils.py:137] Job status: JobStatus.RUNNING
I 03-17 20:31:33 utils.py:140] ==================================
I 03-17 20:31:53 utils.py:131] === Checking the job status... ===
I 03-17 20:31:54 utils.py:137] Job status: JobStatus.RUNNING
I 03-17 20:31:54 utils.py:140] ==================================
I 03-17 20:32:14 utils.py:131] === Checking the job status... ===
I 03-17 20:32:15 utils.py:137] Job status: JobStatus.RUNNING
I 03-17 20:32:15 utils.py:140] ==================================
I 03-17 20:32:35 utils.py:131] === Checking the job status... ===
I 03-17 20:32:36 utils.py:137] Job status: JobStatus.RUNNING
I 03-17 20:32:36 utils.py:140] ==================================
I 03-17 20:32:56 utils.py:131] === Checking the job status... ===
I 03-17 20:32:57 utils.py:137] Job status: JobStatus.RUNNING
I 03-17 20:32:57 utils.py:140] ==================================
I 03-17 20:33:17 utils.py:131] === Checking the job status... ===
I 03-17 20:33:17 utils.py:137] Job status: JobStatus.RUNNING
I 03-17 20:33:17 utils.py:140] ==================================
I 03-17 20:33:38 utils.py:131] === Checking the job status... ===
I 03-17 20:33:38 utils.py:137] Job status: JobStatus.RUNNING
I 03-17 20:33:38 utils.py:140] ==================================
I 03-17 20:33:58 utils.py:131] === Checking the job status... ===
I 03-17 20:33:59 utils.py:137] Job status: JobStatus.RUNNING
I 03-17 20:33:59 utils.py:140] ==================================
I 03-17 20:34:19 utils.py:131] === Checking the job status... ===
I 03-17 20:34:20 utils.py:137] Job status: JobStatus.RUNNING
I 03-17 20:34:20 utils.py:140] ==================================
I 03-17 20:34:40 utils.py:131] === Checking the job status... ===
I 03-17 20:34:41 utils.py:137] Job status: JobStatus.RUNNING
I 03-17 20:34:41 utils.py:140] ==================================
I 03-17 20:35:01 utils.py:131] === Checking the job status... ===
I 03-17 20:35:02 utils.py:137] Job status: JobStatus.RUNNING
I 03-17 20:35:02 utils.py:140] ==================================
I 03-17 20:35:22 utils.py:131] === Checking the job status... ===
I 03-17 20:35:23 utils.py:137] Job status: JobStatus.RUNNING
I 03-17 20:35:23 utils.py:140] ==================================
I 03-17 20:35:43 utils.py:131] === Checking the job status... ===
I 03-17 20:35:44 utils.py:137] Job status: JobStatus.RUNNING
I 03-17 20:35:44 utils.py:140] ==================================
I 03-17 20:36:04 utils.py:131] === Checking the job status... ===
I 03-17 20:36:05 utils.py:137] Job status: JobStatus.RUNNING
I 03-17 20:36:05 utils.py:140] ==================================
I 03-17 20:36:25 utils.py:131] === Checking the job status... ===
I 03-17 20:36:26 utils.py:137] Job status: JobStatus.RUNNING
I 03-17 20:36:26 utils.py:140] ==================================
I 03-17 20:36:46 utils.py:131] === Checking the job status... ===
I 03-17 20:36:47 utils.py:137] Job status: JobStatus.RUNNING
I 03-17 20:36:47 utils.py:140] ==================================
I 03-17 20:37:07 utils.py:131] === Checking the job status... ===
I 03-17 20:37:08 utils.py:137] Job status: JobStatus.RUNNING
I 03-17 20:37:08 utils.py:140] ==================================
I 03-17 20:37:28 utils.py:131] === Checking the job status... ===
I 03-17 20:37:29 utils.py:137] Job status: JobStatus.RUNNING
I 03-17 20:37:29 utils.py:140] ==================================
I 03-17 20:37:49 utils.py:131] === Checking the job status... ===
I 03-17 20:37:50 utils.py:137] Job status: JobStatus.RUNNING
I 03-17 20:37:50 utils.py:140] ==================================
I 03-17 20:38:10 utils.py:131] === Checking the job status... ===
I 03-17 20:38:11 utils.py:137] Job status: JobStatus.RUNNING
I 03-17 20:38:11 utils.py:140] ==================================
I 03-17 20:38:31 utils.py:131] === Checking the job status... ===
I 03-17 20:38:32 utils.py:137] Job status: JobStatus.RUNNING
I 03-17 20:38:32 utils.py:140] ==================================
I 03-17 20:38:52 utils.py:131] === Checking the job status... ===
I 03-17 20:38:53 utils.py:137] Job status: JobStatus.RUNNING
I 03-17 20:38:53 utils.py:140] ==================================
I 03-17 20:39:13 utils.py:131] === Checking the job status... ===
I 03-17 20:39:14 utils.py:137] Job status: JobStatus.RUNNING
I 03-17 20:39:14 utils.py:140] ==================================
I 03-17 20:39:34 utils.py:131] === Checking the job status... ===
I 03-17 20:39:35 utils.py:137] Job status: JobStatus.RUNNING
I 03-17 20:39:35 utils.py:140] ==================================
I 03-17 20:39:55 utils.py:131] === Checking the job status... ===
I 03-17 20:39:56 utils.py:137] Job status: JobStatus.RUNNING
I 03-17 20:39:56 utils.py:140] ==================================
I 03-17 20:40:16 utils.py:131] === Checking the job status... ===
I 03-17 20:40:17 utils.py:137] Job status: JobStatus.RUNNING
I 03-17 20:40:17 utils.py:140] ==================================
I 03-17 20:40:37 utils.py:131] === Checking the job status... ===
I 03-17 20:40:38 utils.py:137] Job status: JobStatus.RUNNING
I 03-17 20:40:38 utils.py:140] ==================================
I 03-17 20:40:58 utils.py:131] === Checking the job status... ===
I 03-17 20:40:59 utils.py:137] Job status: JobStatus.RUNNING
I 03-17 20:40:59 utils.py:140] ==================================
I 03-17 20:41:19 utils.py:131] === Checking the job status... ===
I 03-17 20:41:20 utils.py:137] Job status: JobStatus.RUNNING
I 03-17 20:41:20 utils.py:140] ==================================
I 03-17 20:41:40 utils.py:131] === Checking the job status... ===
I 03-17 20:41:41 utils.py:137] Job status: JobStatus.RUNNING
I 03-17 20:41:41 utils.py:140] ==================================
I 03-17 20:42:01 utils.py:131] === Checking the job status... ===
I 03-17 20:42:02 utils.py:137] Job status: JobStatus.RUNNING
I 03-17 20:42:02 utils.py:140] ==================================
I 03-17 20:42:22 utils.py:131] === Checking the job status... ===
I 03-17 20:42:23 utils.py:137] Job status: JobStatus.RUNNING
I 03-17 20:42:23 utils.py:140] ==================================
I 03-17 20:42:43 utils.py:131] === Checking the job status... ===
I 03-17 20:42:44 utils.py:137] Job status: JobStatus.RUNNING
I 03-17 20:42:44 utils.py:140] ==================================
I 03-17 20:43:04 utils.py:131] === Checking the job status... ===
I 03-17 20:43:05 utils.py:137] Job status: JobStatus.RUNNING
I 03-17 20:43:05 utils.py:140] ==================================
I 03-17 20:43:25 utils.py:131] === Checking the job status... ===
I 03-17 20:43:26 utils.py:137] Job status: JobStatus.RUNNING
I 03-17 20:43:26 utils.py:140] ==================================
I 03-17 20:43:46 utils.py:131] === Checking the job status... ===
I 03-17 20:43:47 utils.py:137] Job status: JobStatus.RUNNING
I 03-17 20:43:47 utils.py:140] ==================================
I 03-17 20:44:07 utils.py:131] === Checking the job status... ===
I 03-17 20:44:08 utils.py:137] Job status: JobStatus.RUNNING
I 03-17 20:44:08 utils.py:140] ==================================
I 03-17 20:44:28 utils.py:131] === Checking the job status... ===
I 03-17 20:44:28 utils.py:137] Job status: JobStatus.RUNNING
I 03-17 20:44:28 utils.py:140] ==================================
I 03-17 20:44:49 utils.py:131] === Checking the job status... ===
I 03-17 20:44:50 utils.py:137] Job status: JobStatus.RUNNING
I 03-17 20:44:50 utils.py:140] ==================================
I 03-17 20:45:10 utils.py:131] === Checking the job status... ===
I 03-17 20:45:11 utils.py:137] Job status: JobStatus.RUNNING
I 03-17 20:45:11 utils.py:140] ==================================
I 03-17 20:45:31 utils.py:131] === Checking the job status... ===
I 03-17 20:45:31 utils.py:137] Job status: JobStatus.RUNNING
I 03-17 20:45:31 utils.py:140] ==================================
I 03-17 20:45:52 utils.py:131] === Checking the job status... ===
I 03-17 20:45:52 utils.py:137] Job status: JobStatus.RUNNING
I 03-17 20:45:52 utils.py:140] ==================================
I 03-17 20:46:13 utils.py:131] === Checking the job status... ===
I 03-17 20:46:13 utils.py:137] Job status: JobStatus.RUNNING
I 03-17 20:46:13 utils.py:140] ==================================
I 03-17 20:46:34 utils.py:131] === Checking the job status... ===
I 03-17 20:46:34 utils.py:137] Job status: JobStatus.RUNNING
I 03-17 20:46:34 utils.py:140] ==================================
I 03-17 20:46:55 utils.py:131] === Checking the job status... ===
I 03-17 20:46:55 utils.py:137] Job status: JobStatus.RUNNING
I 03-17 20:46:55 utils.py:140] ==================================
I 03-17 20:47:16 utils.py:131] === Checking the job status... ===
I 03-17 20:47:16 utils.py:137] Job status: JobStatus.RUNNING
I 03-17 20:47:16 utils.py:140] ==================================
I 03-17 20:47:36 utils.py:131] === Checking the job status... ===
I 03-17 20:47:37 utils.py:137] Job status: JobStatus.RUNNING
I 03-17 20:47:37 utils.py:140] ==================================
I 03-17 20:47:57 utils.py:131] === Checking the job status... ===
I 03-17 20:47:58 utils.py:137] Job status: JobStatus.RUNNING
I 03-17 20:47:58 utils.py:140] ==================================
I 03-17 20:48:18 utils.py:131] === Checking the job status... ===
I 03-17 20:48:19 utils.py:137] Job status: JobStatus.RUNNING
I 03-17 20:48:19 utils.py:140] ==================================
I 03-17 20:48:39 utils.py:131] === Checking the job status... ===
I 03-17 20:48:40 utils.py:137] Job status: JobStatus.RUNNING
I 03-17 20:48:40 utils.py:140] ==================================
I 03-17 20:49:00 utils.py:131] === Checking the job status... ===
I 03-17 20:49:01 utils.py:137] Job status: JobStatus.RUNNING
I 03-17 20:49:01 utils.py:140] ==================================
I 03-17 20:49:21 utils.py:131] === Checking the job status... ===
I 03-17 20:49:22 utils.py:137] Job status: JobStatus.RUNNING
I 03-17 20:49:22 utils.py:140] ==================================
I 03-17 20:49:42 utils.py:131] === Checking the job status... ===
I 03-17 20:49:43 utils.py:137] Job status: JobStatus.RUNNING
I 03-17 20:49:43 utils.py:140] ==================================
I 03-17 20:50:03 utils.py:131] === Checking the job status... ===
I 03-17 20:50:04 utils.py:137] Job status: JobStatus.RUNNING
I 03-17 20:50:04 utils.py:140] ==================================
I 03-17 20:50:24 utils.py:131] === Checking the job status... ===
I 03-17 20:50:25 utils.py:137] Job status: JobStatus.RUNNING
I 03-17 20:50:25 utils.py:140] ==================================
I 03-17 20:50:45 utils.py:131] === Checking the job status... ===
I 03-17 20:50:46 utils.py:137] Job status: JobStatus.RUNNING
I 03-17 20:50:46 utils.py:140] ==================================
I 03-17 20:51:06 utils.py:131] === Checking the job status... ===
I 03-17 20:51:07 utils.py:137] Job status: JobStatus.RUNNING
I 03-17 20:51:07 utils.py:140] ==================================
I 03-17 20:51:27 utils.py:131] === Checking the job status... ===
I 03-17 20:51:28 utils.py:137] Job status: JobStatus.RUNNING
I 03-17 20:51:28 utils.py:140] ==================================
I 03-17 20:51:48 utils.py:131] === Checking the job status... ===
I 03-17 20:51:49 utils.py:137] Job status: JobStatus.RUNNING
I 03-17 20:51:49 utils.py:140] ==================================
I 03-17 20:52:09 utils.py:131] === Checking the job status... ===
I 03-17 20:52:10 utils.py:137] Job status: JobStatus.RUNNING
I 03-17 20:52:10 utils.py:140] ==================================
I 03-17 20:52:30 utils.py:131] === Checking the job status... ===
I 03-17 20:52:31 utils.py:137] Job status: JobStatus.RUNNING
I 03-17 20:52:31 utils.py:140] ==================================
